            --------------------------------------------------------
                             AMBER SQM VERSION 14
 
                                     By
              Ross C. Walker, Michael F. Crowley, Scott Brozell,
                         Tim Giese, Andreas W. Goetz,
                        Tai-Sung Lee and David A. Case
 
            --------------------------------------------------------
 

--------------------------------------------------------------------------------
  QM CALCULATION INFO
--------------------------------------------------------------------------------

| QMMM: Citation for AMBER QMMM Run:
| QMMM: R.C. Walker, M.F. Crowley and D.A. Case, J. COMP. CHEM. 29:1019, 2008

QMMM: SINGLET STATE CALCULATION
QMMM: RHF CALCULATION, NO. OF DOUBLY OCCUPIED LEVELS = 32

| QMMM: *** Selected Hamiltonian *** 
| QMMM: AM1         

| QMMM: *** Parameter sets in use ***
| QMMM: C : M.J.S.DEWAR et al. JACS, 107, 3902, (1985)
| QMMM: H : M.J.S.DEWAR et al. JACS, 107, 3902, (1985)

| QMMM: *** SCF convergence criteria ***
| QMMM: Energy change                :  0.1D-09 kcal/mol
| QMMM: Error matrix |FP-PF|         :  0.1D+00 au
| QMMM: Density matrix change        :  0.5D-06
| QMMM: Maximum number of SCF cycles :     1000

| QMMM: *** Diagonalization Routine Information ***
| QMMM: Pseudo diagonalizations are allowed.
| QMMM: Auto diagonalization routine selection is in use.
| QMMM:
| QMMM: Timing diagonalization routines:
| QMMM:                              norbs =       64
| QMMM:    diag iterations used for timing =       15
| QMMM:
| QMMM:              Internal diag routine = 0.009367 seconds
| QMMM:                 Dspev diag routine = 0.012875 seconds
| QMMM:                Dspevd diag routine = 0.009927 seconds
| QMMM:                Dspevx diag routine = 0.038028 seconds
| QMMM:                 Dsyev diag routine = 0.013002 seconds
| QMMM:                Dsyevd diag routine = 0.011500 seconds
| QMMM:                Dsyevr diag routine = 0.011661 seconds
| QMMM:
| QMMM:                Pseudo diag routine = 0.004115 seconds
| QMMM:
| QMMM: Using internal diagonalization routine (diag_routine=1).

  QMMM: QM Region Cartesian Coordinates (*=link atom) 
  QMMM: QM_NO.   MM_NO.  ATOM         X         Y         Z
  QMMM:     1        1      C        0.8170    1.2100   -0.8900
  QMMM:     2        2      C       -0.5030    1.4730   -0.1780
  QMMM:     3        3      C       -1.3590    0.2110   -0.1290
  QMMM:     4        4      C       -0.6450   -0.9870    0.5200
  QMMM:     5        5      C        0.7890   -1.1780   -0.0170
  QMMM:     6        6      C        1.6080    0.0990   -0.2130
  QMMM:     7        7      C       -0.7990   -0.9780    2.0370
  QMMM:     8        8      C       -1.9090   -1.6330    2.6020
  QMMM:     9        9      C       -2.1150   -1.6500    3.9830
  QMMM:    10       10      C       -1.2160   -1.0060    4.8270
  QMMM:    11       11      C       -0.1180   -0.3440    4.2870
  QMMM:    12       12      C        0.0870   -0.3280    2.9040
  QMMM:    13       13      H        1.4160    2.1280   -0.9090
  QMMM:    14       14      H        0.6220    0.9360   -1.9340
  QMMM:    15       15      H       -1.0500    2.2620   -0.7070
  QMMM:    16       16      H       -0.3150    1.8440    0.8360
  QMMM:    17       17      H       -1.6200   -0.0610   -1.1610
  QMMM:    18       18      H       -2.3060    0.4300    0.3790
  QMMM:    19       19      H       -1.1860   -1.8860    0.1860
  QMMM:    20       20      H        0.7060   -1.6540   -1.0040
  QMMM:    21       21      H        1.3480   -1.8840    0.6090
  QMMM:    22       22      H        2.4940   -0.1330   -0.8160
  QMMM:    23       23      H        1.9900    0.4610    0.7460
  QMMM:    24       24      H       -2.6300   -2.1390    1.9630
  QMMM:    25       25      H       -2.9780   -2.1640    4.3970
  QMMM:    26       26      H       -1.3740   -1.0150    5.9020
  QMMM:    27       27      H        0.5830    0.1670    4.9430
  QMMM:    28       28      H        0.9490    0.2110    2.5290

--------------------------------------------------------------------------------
  RESULTS
--------------------------------------------------------------------------------

      iter         sqm energy              rms gradient
      ----    -------------------    -----------------------
xmin    10       -6.0192 kcal/mol        0.1161 kcal/(mol*A)
xmin    20       -6.0281 kcal/mol        0.0415 kcal/(mol*A)
xmin    30       -6.0307 kcal/mol        0.0980 kcal/(mol*A)
xmin    40       -6.0326 kcal/mol        0.0355 kcal/(mol*A)
xmin    50       -6.0408 kcal/mol        0.0378 kcal/(mol*A)
xmin    60       -6.0615 kcal/mol        0.3755 kcal/(mol*A)
xmin    70       -6.0807 kcal/mol        0.1212 kcal/(mol*A)
xmin    80       -6.0956 kcal/mol        0.2001 kcal/(mol*A)
xmin    90       -6.1365 kcal/mol        0.0749 kcal/(mol*A)
xmin   100       -6.1604 kcal/mol        0.1539 kcal/(mol*A)
xmin   110       -6.1805 kcal/mol        0.2498 kcal/(mol*A)
xmin   120       -6.2073 kcal/mol        0.1750 kcal/(mol*A)
xmin   130       -6.2227 kcal/mol        0.0912 kcal/(mol*A)
xmin   140       -6.2320 kcal/mol        0.0720 kcal/(mol*A)
xmin   150       -6.2423 kcal/mol        0.0738 kcal/(mol*A)
xmin   160       -6.2467 kcal/mol        0.1144 kcal/(mol*A)
xmin   170       -6.2548 kcal/mol        0.0404 kcal/(mol*A)
xmin   180       -6.2570 kcal/mol        0.0123 kcal/(mol*A)
xmin   190       -6.2602 kcal/mol        0.0173 kcal/(mol*A)
xmin   200       -6.2606 kcal/mol        0.0055 kcal/(mol*A)
xmin   210       -6.2606 kcal/mol        0.0212 kcal/(mol*A)
xmin   220       -6.2607 kcal/mol        0.0152 kcal/(mol*A)
xmin   230       -6.2608 kcal/mol        0.0040 kcal/(mol*A)
xmin   240       -6.2608 kcal/mol        0.0193 kcal/(mol*A)
xmin   250       -6.2609 kcal/mol        0.0027 kcal/(mol*A)
xmin   260       -6.2609 kcal/mol        0.0023 kcal/(mol*A)
xmin   270       -6.2609 kcal/mol        0.0077 kcal/(mol*A)
xmin   280       -6.2609 kcal/mol        0.0006 kcal/(mol*A)
xmin   290       -6.2609 kcal/mol        0.0012 kcal/(mol*A)
  ... geometry converged !
 
 Final MO eigenvalues (eV):
 -40.2023  -38.0767  -33.2587  -31.6096  -31.3062  -29.6419  -24.3045  -23.3906
 -23.1071  -21.9067  -19.5859  -17.1180  -16.5634  -16.1272  -15.5493  -15.0581
 -14.8732  -14.4001  -14.0341  -14.0249  -13.0893  -13.0380  -12.9722  -12.4948
 -11.9311  -11.8053  -11.6684  -11.0547  -10.9407  -10.8130   -9.5867   -9.3508
   0.5533    0.6374    2.9680    3.5288    3.7302    3.8503    3.9397    4.0685
   4.0945    4.1556    4.1942    4.3671    4.3961    4.5003    4.5331    4.6056
   4.7207    4.7826    4.8780    4.9377    4.9684    5.0213    5.1571    5.2123
   5.2836    5.3678    5.3804    5.3822    5.6913    5.7279    5.8462    6.2020


 Heat of formation   =         -6.26090799 kcal/mol  (       -0.27149334 eV)

 Total SCF energy    =     -40529.17726195 kcal/mol  (    -1757.47700715 eV)
 Electronic energy   =    -244931.31330224 kcal/mol  (   -10621.01874603 eV)
 Core-core repulsion =     204402.13604029 kcal/mol  (     8863.54173888 eV)
 
    Atomic Charges for Step       1 :
  Atom    Element       Mulliken Charge
     1      C                 -0.156
     2      C                 -0.155
     3      C                 -0.146
     4      C                 -0.062
     5      C                 -0.146
     6      C                 -0.155
     7      C                 -0.062
     8      C                 -0.131
     9      C                 -0.130
    10      C                 -0.133
    11      C                 -0.131
    12      C                 -0.125
    13      H                  0.077
    14      H                  0.079
    15      H                  0.078
    16      H                  0.080
    17      H                  0.076
    18      H                  0.086
    19      H                  0.084
    20      H                  0.076
    21      H                  0.086
    22      H                  0.078
    23      H                  0.080
    24      H                  0.129
    25      H                  0.129
    26      H                  0.130
    27      H                  0.129
    28      H                  0.135
 Total Mulliken Charge =      -0.000
 
                  X        Y        Z     TOTAL  
  QM DIPOLE     0.051    0.044   -0.274    0.282
 
 Final Structure

  QMMM: QM Region Cartesian Coordinates (*=link atom) 
  QMMM: QM_NO.   MM_NO.  ATOM         X         Y         Z
  QMMM:     1        1      C        0.9873    1.0782   -0.8250
  QMMM:     2        2      C       -0.3013    1.5406   -0.1807
  QMMM:     3        3      C       -1.3245    0.4285   -0.1131
  QMMM:     4        4      C       -0.8160   -0.8754    0.4912
  QMMM:     5        5      C        0.5642   -1.2592   -0.0302
  QMMM:     6        6      C        1.5581   -0.1209   -0.0999
  QMMM:     7        7      C       -0.9038   -0.8999    1.9865
  QMMM:     8        8      C       -1.7626   -1.8287    2.5943
  QMMM:     9        9      C       -1.8788   -1.8902    3.9811
  QMMM:    10       10      C       -1.1384   -1.0241    4.7851
  QMMM:    11       11      C       -0.2826   -0.0979    4.1918
  QMMM:    12       12      C       -0.1663   -0.0364    2.8034
  QMMM:    13       13      H        1.7341    1.9143   -0.8166
  QMMM:    14       14      H        0.7943    0.8101   -1.8972
  QMMM:    15       15      H       -0.7291    2.3930   -0.7724
  QMMM:    16       16      H       -0.0902    1.9308    0.8492
  QMMM:    17       17      H       -1.6753    0.2071   -1.1576
  QMMM:    18       18      H       -2.2142    0.7810    0.4718
  QMMM:    19       19      H       -1.5201   -1.6819    0.1158
  QMMM:    20       20      H        0.4341   -1.6785   -1.0647
  QMMM:    21       21      H        0.9843   -2.0767    0.6125
  QMMM:    22       22      H        2.4799   -0.4751   -0.6332
  QMMM:    23       23      H        1.8729    0.1774    0.9342
  QMMM:    24       24      H       -2.3528   -2.5183    1.9717
  QMMM:    25       25      H       -2.5565   -2.6240    4.4416
  QMMM:    26       26      H       -1.2295   -1.0719    5.8796
  QMMM:    27       27      H        0.3047    0.5886    4.8190
  QMMM:    28       28      H        0.5143    0.7014    2.3538

           --------- Calculation Completed ----------

