
          -------------------------------------------------------
          Amber 16 SANDER                              2016
          -------------------------------------------------------

| Run on 03/30/2017 at 12:10:19

|   Executable path: sander
| Working directory: /home/steboss/Simulation/logP_standrews/inputfiles/boat/c_23difluoro/cyclohexane/equilibration
|          Hostname: Unknown
  [-O]verwriting output

File Assignments:
|  MDIN: md00002.in                                                            
| MDOUT: md00002.out                                                           
|INPCRD: min00001.rst7                                                         
|  PARM: solvated.parm7                                                        
|RESTRT: md00002.rst7                                                          
|  REFC: solvated.rst7                                                         
| MDVEL: mdvel                                                                 
| MDFRC: mdfrc                                                                 
|  MDEN: md00002.en                                                            
| MDCRD: md00002.nc                                                            
|MDINFO: md00002.info                                                          
|  MTMD: mtmd                                                                  
|INPDIP: inpdip                                                                
|RSTDIP: rstdip                                                                
|INPTRA: inptraj                                                               


 Here is the input file:

heat the system                                                                
&cntrl                                                                         
ntxo=1,                                                                        
imin = 0, nstlim = 1000, irest = 0, ntx = 1, dt = 0.002,                       
nmropt = 1,                                                                    
ntt = 1, temp0 = 300.0, tempi = 5.0, tautp = 1.0,                              
ntb = 1, pres0 = 1.0,                                                          
ntc = 2, ntf = 2,                                                              
ioutfm = 1, iwrap = 1,                                                         
ntwe = 200, ntwx = 200, ntpr = 100,                                            
ntr = 1, restraint_wt = 10.00,                                                 
restraintmask="!:CYC",                                                         
/                                                                              
                                                                               
&wt                                                                            
type = 'TEMP0',                                                                
istep1 = 0, istep2 = 1000,                                                     
value1 = 5.0, value2 = 300.0                                                   
/                                                                              
                                                                               
&wt type = 'END'                                                               
 /                                                                             
                                                                               

--------------------------------------------------------------------------------
   1.  RESOURCE   USE: 
--------------------------------------------------------------------------------

| Flags:                                                                        
 getting new box info from bottom of inpcrd
|  INFO: Old style inpcrd file read

| peek_ewald_inpcrd: Box info found
|Largest sphere to fit in unit cell has radius =    18.184
| New format PARM file being parsed.
| Version =    1.000 Date = 03/30/17 Time = 12:10:16
 NATOM  =    3592 NTYPES =       6 NBONH =    2390 MBONA  =    1203
 NTHETH =    5974 MTHETA =    1208 NPHIH =    9572 MPHIA  =    3604
 NHPARM =       0 NPARM  =       0 NNB   =   21153 NRES   =     199
 NBONA  =    1203 NTHETA =    1208 NPHIA =    3604 NUMBND =       7
 NUMANG =      11 NPTRA  =      12 NATYP =       6 NPHB   =       0
 IFBOX  =       1 NMXRS  =      28 IFCAP =       0 NEXTRA =       0
 NCOPY  =       0


|     Memory Use     Allocated
|     Real              339013
|     Hollerith          10977
|     Integer           766639
|     Max Pairs        1197333
|     nblistReal         43104
|     nblist Int        309640
|       Total            11909 kbytes

| Note: 1-4 EEL scale factors are being read from the topology file.

| Note: 1-4 VDW scale factors are being read from the topology file.
| Duplicated    0 dihedrals
| Duplicated    0 dihedrals

     BOX TYPE: RECTILINEAR

--------------------------------------------------------------------------------
   2.  CONTROL  DATA  FOR  THE  RUN
--------------------------------------------------------------------------------

LIG                                                                             

General flags:
     imin    =       0, nmropt  =       1

Nature and format of input:
     ntx     =       1, irest   =       0, ntrx    =       1

Nature and format of output:
     ntxo    =       1, ntpr    =     100, ntrx    =       1, ntwr    =    1000
     iwrap   =       1, ntwx    =     200, ntwv    =       0, ntwe    =     200
     ioutfm  =       1, ntwprt  =       0, idecomp =       0, rbornstat=      0

Potential function:
     ntf     =       2, ntb     =       1, igb     =       0, nsnb    =      25
     ipol    =       0, gbsa    =       0, iesp    =       0
     dielc   =   1.00000, cut     =   8.00000, intdiel =   1.00000

Frozen or restrained atoms:
     ibelly  =       0, ntr     =       1
     restraint_wt =  10.00000

Molecular dynamics:
     nstlim  =      1000, nscm    =         0, nrespa  =         1
     t       =   0.00000, dt      =   0.00200, vlimit  =  20.00000

Berendsen (weak-coupling) temperature regulation:
     temp0   = 300.00000, tempi   =   5.00000, tautp   =   1.00000

SHAKE:
     ntc     =       2, jfastw  =       0
     tol     =   0.00001

NMR refinement options:
     iscale  =       0, noeskp  =       1, ipnlty  =       1, mxsub   =       1
     scalm   = 100.00000, pencut  =   0.10000, tausw   =   0.10000

Ewald parameters:
     verbose =       0, ew_type =       0, nbflag  =       1, use_pme =       1
     vdwmeth =       1, eedmeth =       1, netfrc  =       1
     Box X =   54.510   Box Y =   36.369   Box Z =   38.420
     Alpha =   90.000   Beta  =   90.000   Gamma =   90.000
     NFFT1 =   54       NFFT2 =   36       NFFT3 =   40
     Cutoff=    8.000   Tol   =0.100E-04
     Ewald Coefficient =  0.34864
     Interpolation order =    4

    LOADING THE CONSTRAINED ATOMS AS GROUPS


   5.  REFERENCE ATOM COORDINATES

  LIG 
     Mask !:CYC; matches    28 atoms

--------------------------------------------------------------------------------
   3.  ATOMIC COORDINATES AND VELOCITIES
--------------------------------------------------------------------------------

LIG                                                                             
 begin time read from input coords =     0.000 ps



           Begin reading energy term weight changes/NMR restraints
 WEIGHT CHANGES:
 TEMP0         0   1000    5.000000  300.000000      0      0

 RESTRAINTS:
                          ** No restraint defined **

                  Done reading weight changes/NMR restraints


 Number of triangulated 3-point waters found:        0

     Sum of charges from parm topology file =  -0.00200000
     Forcing neutrality...

--------------------------------------------------------------------------------
   4.  RESULTS
--------------------------------------------------------------------------------

|  # of SOLUTE  degrees of freedom (RNDFP):    8386.
|  # of SOLVENT degrees of freedom (RNDFS):       0.
|  NDFMIN =    8386.     NUM_NOSHAKE =      0     CORRECTED RNDFP =    8386.
|  TOTAL # of degrees of freedom (RNDF) =    8386.
 ---------------------------------------------------
 APPROXIMATING switch and d/dx switch using CUBIC SPLINE INTERPOLATION
 using   5000.0 points per unit in tabled values
 TESTING RELATIVE ERROR over r ranging from 0.0 to cutoff
| CHECK switch(x): max rel err =   0.2738E-14   at   2.422500
| CHECK d/dx switch(x): max rel err =   0.8332E-11   at   2.782960
 ---------------------------------------------------
| Local SIZE OF NONBOND LIST =     350241
| TOTAL SIZE OF NONBOND LIST =     350241

 NSTEP =        0   TIME(PS) =       0.000  TEMP(K) =     6.49  PRESS =     0.0
 Etot   =       724.0335  EKtot   =        54.0679  EPtot      =       669.9656
 BOND   =        26.7265  ANGLE   =        20.1865  DIHED      =       568.1404
 1-4 NB =       471.3470  1-4 EEL =      -155.2492  VDWAALS    =      -540.9238
 EELEC  =       277.4283  EHBOND  =         0.0000  RESTRAINT  =         2.3100
 EAMBER (non-restraint)  =       667.6556
 Ewald error estimate:   0.1614E-03
 ------------------------------------------------------------------------------

 NMR restraints: Bond =    0.000   Angle =     0.000   Torsion =     0.000
===============================================================================

 NSTEP =      100   TIME(PS) =       0.200  TEMP(K) =     4.05  PRESS =     0.0
 Etot   =       728.2343  EKtot   =        33.7639  EPtot      =       694.4704
 BOND   =        29.0989  ANGLE   =        40.4798  DIHED      =       568.7249
 1-4 NB =       473.4699  1-4 EEL =      -155.1810  VDWAALS    =      -541.9474
 EELEC  =       277.5780  EHBOND  =         0.0000  RESTRAINT  =         2.2472
 EAMBER (non-restraint)  =       692.2232
 Ewald error estimate:   0.1032E-04
 ------------------------------------------------------------------------------

 NMR restraints: Bond =    0.000   Angle =     0.000   Torsion =     0.000
===============================================================================

 NSTEP =      200   TIME(PS) =       0.400  TEMP(K) =    10.13  PRESS =     0.0
 Etot   =       783.6317  EKtot   =        84.4062  EPtot      =       699.2255
 BOND   =        35.9946  ANGLE   =        47.4232  DIHED      =       571.6026
 1-4 NB =       469.4839  1-4 EEL =      -154.8588  VDWAALS    =      -550.1010
 EELEC  =       277.2688  EHBOND  =         0.0000  RESTRAINT  =         2.4123
 EAMBER (non-restraint)  =       696.8133
 Ewald error estimate:   0.6023E-03
 ------------------------------------------------------------------------------

 NMR restraints: Bond =    0.000   Angle =     0.000   Torsion =     0.000
===============================================================================

 NSTEP =      300   TIME(PS) =       0.600  TEMP(K) =    22.00  PRESS =     0.0
 Etot   =       888.5678  EKtot   =       183.2732  EPtot      =       705.2946
 BOND   =        32.5861  ANGLE   =        68.8582  DIHED      =       572.3489
 1-4 NB =       478.4266  1-4 EEL =      -155.2434  VDWAALS    =      -571.9305
 EELEC  =       277.6735  EHBOND  =         0.0000  RESTRAINT  =         2.5752
 EAMBER (non-restraint)  =       702.7194
 Ewald error estimate:   0.6930E-03
 ------------------------------------------------------------------------------

 NMR restraints: Bond =    0.000   Angle =     0.000   Torsion =     0.000
===============================================================================

 NSTEP =      400   TIME(PS) =       0.800  TEMP(K) =    43.63  PRESS =     0.0
 Etot   =      1017.3480  EKtot   =       363.5135  EPtot      =       653.8345
 BOND   =        37.1879  ANGLE   =        57.0318  DIHED      =       571.7559
 1-4 NB =       473.7906  1-4 EEL =      -155.3742  VDWAALS    =      -610.6192
 EELEC  =       277.4992  EHBOND  =         0.0000  RESTRAINT  =         2.5623
 EAMBER (non-restraint)  =       651.2721
 Ewald error estimate:   0.4095E-03
 ------------------------------------------------------------------------------

 NMR restraints: Bond =    0.000   Angle =     0.000   Torsion =     0.000
===============================================================================

 NSTEP =      500   TIME(PS) =       1.000  TEMP(K) =    59.00  PRESS =     0.0
 Etot   =      1163.6675  EKtot   =       491.5869  EPtot      =       672.0806
 BOND   =        42.0888  ANGLE   =        91.6268  DIHED      =       575.4726
 1-4 NB =       478.9527  1-4 EEL =      -155.2884  VDWAALS    =      -641.1595
 EELEC  =       277.5593  EHBOND  =         0.0000  RESTRAINT  =         2.8282
 EAMBER (non-restraint)  =       669.2524
 Ewald error estimate:   0.4729E-04
 ------------------------------------------------------------------------------

 NMR restraints: Bond =    0.000   Angle =     0.000   Torsion =     0.000
===============================================================================

 NSTEP =      600   TIME(PS) =       1.200  TEMP(K) =    79.57  PRESS =     0.0
 Etot   =      1326.4745  EKtot   =       663.0070  EPtot      =       663.4675
 BOND   =        44.0014  ANGLE   =        96.9642  DIHED      =       584.6990
 1-4 NB =       479.8045  1-4 EEL =      -154.6514  VDWAALS    =      -667.0041
 EELEC  =       276.9830  EHBOND  =         0.0000  RESTRAINT  =         2.6709
 EAMBER (non-restraint)  =       660.7967
 Ewald error estimate:   0.3151E-03
 ------------------------------------------------------------------------------

 NMR restraints: Bond =    0.000   Angle =     0.000   Torsion =     0.000
===============================================================================

 NSTEP =      700   TIME(PS) =       1.400  TEMP(K) =    94.61  PRESS =     0.0
 Etot   =      1507.7899  EKtot   =       788.2949  EPtot      =       719.4951
 BOND   =        55.0348  ANGLE   =       151.9176  DIHED      =       590.5386
 1-4 NB =       480.2328  1-4 EEL =      -154.7645  VDWAALS    =      -683.9597
 EELEC  =       277.2609  EHBOND  =         0.0000  RESTRAINT  =         3.2347
 EAMBER (non-restraint)  =       716.2604
 Ewald error estimate:   0.1473E-03
 ------------------------------------------------------------------------------

 NMR restraints: Bond =    0.000   Angle =     0.000   Torsion =     0.000
===============================================================================

 NSTEP =      800   TIME(PS) =       1.600  TEMP(K) =   116.64  PRESS =     0.0
 Etot   =      1701.8627  EKtot   =       971.8539  EPtot      =       730.0088
 BOND   =        56.1492  ANGLE   =       156.4024  DIHED      =       605.9974
 1-4 NB =       484.8536  1-4 EEL =      -154.4464  VDWAALS    =      -698.9793
 EELEC  =       277.0609  EHBOND  =         0.0000  RESTRAINT  =         2.9710
 EAMBER (non-restraint)  =       727.0378
 Ewald error estimate:   0.1166E-04
 ------------------------------------------------------------------------------

 NMR restraints: Bond =    0.000   Angle =     0.000   Torsion =     0.000
===============================================================================

 NSTEP =      900   TIME(PS) =       1.800  TEMP(K) =   136.12  PRESS =     0.0
 Etot   =      1915.2709  EKtot   =      1134.2243  EPtot      =       781.0467
 BOND   =        51.6472  ANGLE   =       188.1537  DIHED      =       619.1417
 1-4 NB =       492.2314  1-4 EEL =      -153.8840  VDWAALS    =      -695.6732
 EELEC  =       276.5862  EHBOND  =         0.0000  RESTRAINT  =         2.8436
 EAMBER (non-restraint)  =       778.2031
 Ewald error estimate:   0.1924E-03
 ------------------------------------------------------------------------------

 NMR restraints: Bond =    0.000   Angle =     0.000   Torsion =     0.000
===============================================================================

 NSTEP =     1000   TIME(PS) =       2.000  TEMP(K) =   160.00  PRESS =     0.0
 Etot   =      2142.9541  EKtot   =      1333.1382  EPtot      =       809.8158
 BOND   =        64.8144  ANGLE   =       213.4140  DIHED      =       619.4869
 1-4 NB =       493.5137  1-4 EEL =      -155.4137  VDWAALS    =      -706.2636
 EELEC  =       277.4517  EHBOND  =         0.0000  RESTRAINT  =         2.8123
 EAMBER (non-restraint)  =       807.0035
 Ewald error estimate:   0.2158E-03
 ------------------------------------------------------------------------------

 NMR restraints: Bond =    0.000   Angle =     0.000   Torsion =     0.000
===============================================================================

      A V E R A G E S   O V E R    1000 S T E P S


 NSTEP =     1000   TIME(PS) =       2.000  TEMP(K) =    64.08  PRESS =     0.0
 Etot   =      1245.1623  EKtot   =       533.9428  EPtot      =       711.2194
 BOND   =        42.8222  ANGLE   =       105.5497  DIHED      =       585.6801
 1-4 NB =       479.6378  1-4 EEL =      -154.9185  VDWAALS    =      -627.4550
 EELEC  =       277.2846  EHBOND  =         0.0000  RESTRAINT  =         2.6185
 EAMBER (non-restraint)  =       708.6009
 Ewald error estimate:   0.2787E-03
 ------------------------------------------------------------------------------

 NMR restraints: Bond =    0.000   Angle =     0.000   Torsion =     0.000
===============================================================================

      R M S  F L U C T U A T I O N S


 NSTEP =     1000   TIME(PS) =       2.000  TEMP(K) =    49.22  PRESS =     0.0
 Etot   =       436.9971  EKtot   =       410.1246  EPtot      =        38.3447
 BOND   =         9.8693  ANGLE   =        53.8026  DIHED      =        17.7705
 1-4 NB =         6.7765  1-4 EEL =         0.4470  VDWAALS    =        61.3867
 EELEC  =         0.3379  EHBOND  =         0.0000  RESTRAINT  =         0.3242
 EAMBER (non-restraint)  =        38.0205
 Ewald error estimate:   0.2161E-03
 ------------------------------------------------------------------------------


 NMR restraints on final step:


--------------------------------------------------------------------------------
   5.  TIMINGS
--------------------------------------------------------------------------------

|    Read coords time           0.00 ( 0.02% of Total)
|                Build the list             0.37 (91.22% of List )
|                Other                      0.04 ( 8.78% of List )
|             List time                  0.40 ( 2.77% of Nonbo)
|                   Short_ene time             8.06 (98.58% of Direc)
|                   Other                      0.12 ( 1.42% of Direc)
|                Direct Ewald time          8.18 (58.09% of Ewald)
|                Adjust Ewald time          0.67 ( 4.77% of Ewald)
|                Self Ewald time            0.00 ( 0.01% of Ewald)
|                   Fill Bspline coeffs        0.14 ( 2.85% of Recip)
|                   Fill charge grid           0.40 ( 8.26% of Recip)
|                   Scalar sum                 1.10 (22.68% of Recip)
|                   Grad sum                   0.83 (17.12% of Recip)
|                   FFT time                   2.38 (49.07% of Recip)
|                   Other                      0.00 ( 0.03% of Recip)
|                Recip Ewald time           4.85 (34.42% of Ewald)
|                Force Adjust               0.00 ( 0.02% of Ewald)
|                Virial junk                0.02 ( 0.12% of Ewald)
|                Start synchronizatio       0.00 ( 0.01% of Ewald)
|                Other                      0.36 ( 2.56% of Ewald)
|             Ewald time                14.08 (97.21% of Nonbo)
|             Other                      0.00 ( 0.02% of Nonbo)
|          Nonbond force             14.49 (83.05% of Force)
|          Bond/Angle/Dihedral        2.95 (16.90% of Force)
|          Other                      0.01 ( 0.04% of Force)
|       Force time                17.44 (98.53% of Runmd)
|       Shake time                 0.12 ( 0.66% of Runmd)
|       Verlet update time         0.13 ( 0.72% of Runmd)
|       Other                      0.02 ( 0.08% of Runmd)
|    Runmd Time                17.70 (99.70% of Total)
|    Other                      0.05 ( 0.28% of Total)
| Total time                17.76 (100.0% of ALL  )

| Number of list builds   :         29

| Highest rstack allocated:     271062
| Highest istack allocated:       3592

| Final Performance Info:
| -----------------------------------------------------
| Average timings for all steps:
|     Elapsed(s) =      17.70 Per Step(ms) =      17.70
|         ns/day =       9.76   seconds/ns =    8851.05
| -----------------------------------------------------

|           Job began  at 12:10:19.386  on 03/30/2017
|           Setup done at 12:10:19.440  on 03/30/2017
|           Run   done at 12:10:37.142  on 03/30/2017
|     wallclock() was called   44119 times
