
          -------------------------------------------------------
          Amber 16 SANDER                              2016
          -------------------------------------------------------

| Run on 03/27/2017 at 12:37:44

|   Executable path: sander
| Working directory: /home/steboss/Simulation/logP_standrews/inputfiles/boat/c_23difluoro/cyclohexane/equilibration
|          Hostname: Unknown
  [-O]verwriting output

File Assignments:
|  MDIN: md00004.in                                                            
| MDOUT: md00004.out                                                           
|INPCRD: md00003.rst7                                                          
|  PARM: solvated.parm7                                                        
|RESTRT: md00004.rst7                                                          
|  REFC: solvated.rst7                                                         
| MDVEL: mdvel                                                                 
| MDFRC: mdfrc                                                                 
|  MDEN: md00004.en                                                            
| MDCRD: md00004.nc                                                            
|MDINFO: md00004.info                                                          
|  MTMD: mtmd                                                                  
|INPDIP: inpdip                                                                
|RSTDIP: rstdip                                                                
|INPTRA: inptraj                                                               


 Here is the input file:

md with sander                                                                 
&cntrl                                                                         
ntxo=1,                                                                        
imin = 0, nstlim = 15000, irest = 1, ntx = 5, dt = 0.002,                      
ntt = 1, temp0 = 298.0, tautp = 1.0,                                           
ntp = 1, pres0 = 1.0, taup = 0.5,                                              
ntb = 2,                                                                       
ntc = 2, ntf = 2,                                                              
ioutfm = 1, iwrap = 1,                                                         
ntwe = 3000, ntwx = 3000, ntpr = 1500,                                         
ntr = 1, restraint_wt = 10.00,                                                 
restraintmask="!:CYC",                                                         
/                                                                              
                                                                               

--------------------------------------------------------------------------------
   1.  RESOURCE   USE: 
--------------------------------------------------------------------------------

| Flags:                                                                        
 getting new box info from bottom of inpcrd
|  INFO: Old style inpcrd file read

| peek_ewald_inpcrd: Box info found
|Largest sphere to fit in unit cell has radius =    19.210
| New format PARM file being parsed.
| Version =    1.000 Date = 03/27/17 Time = 12:35:16
 NATOM  =    5032 NTYPES =       6 NBONH =    3350 MBONA  =    1683
 NTHETH =    8374 MTHETA =    1688 NPHIH =   13412 MPHIA  =    5044
 NHPARM =       0 NPARM  =       0 NNB   =   29634 NRES   =     279
 NBONA  =    1683 NTHETA =    1688 NPHIA =    5044 NUMBND =       7
 NUMANG =      11 NPTRA  =      12 NATYP =       6 NPHB   =       0
 IFBOX  =       1 NMXRS  =      28 IFCAP =       0 NEXTRA =       0
 NCOPY  =       0


|     Memory Use     Allocated
|     Real              439798
|     Hollerith          15377
|     Integer          1065800
|     Max Pairs        1677333
|     nblistReal         60384
|     nblist Int        450337
|       Total            16442 kbytes

| Note: 1-4 EEL scale factors are being read from the topology file.

| Note: 1-4 VDW scale factors are being read from the topology file.
| Duplicated    0 dihedrals
| Duplicated    0 dihedrals

     BOX TYPE: RECTILINEAR

--------------------------------------------------------------------------------
   2.  CONTROL  DATA  FOR  THE  RUN
--------------------------------------------------------------------------------

LIG                                                                             

General flags:
     imin    =       0, nmropt  =       0

Nature and format of input:
     ntx     =       5, irest   =       1, ntrx    =       1

Nature and format of output:
     ntxo    =       1, ntpr    =    1500, ntrx    =       1, ntwr    =   15000
     iwrap   =       1, ntwx    =    3000, ntwv    =       0, ntwe    =    3000
     ioutfm  =       1, ntwprt  =       0, idecomp =       0, rbornstat=      0

Potential function:
     ntf     =       2, ntb     =       2, igb     =       0, nsnb    =      25
     ipol    =       0, gbsa    =       0, iesp    =       0
     dielc   =   1.00000, cut     =   8.00000, intdiel =   1.00000

Frozen or restrained atoms:
     ibelly  =       0, ntr     =       1
     restraint_wt =  10.00000

Molecular dynamics:
     nstlim  =     15000, nscm    =         0, nrespa  =         1
     t       =   0.00000, dt      =   0.00200, vlimit  =  20.00000

Berendsen (weak-coupling) temperature regulation:
     temp0   = 298.00000, tempi   =   0.00000, tautp   =   1.00000

Pressure regulation:
     ntp     =       1
     pres0   =   1.00000, comp    =  44.60000, taup    =   0.50000

SHAKE:
     ntc     =       2, jfastw  =       0
     tol     =   0.00001

Ewald parameters:
     verbose =       0, ew_type =       0, nbflag  =       1, use_pme =       1
     vdwmeth =       1, eedmeth =       1, netfrc  =       1
     Box X =   54.510   Box Y =   50.917   Box Z =   38.420
     Alpha =   90.000   Beta  =   90.000   Gamma =   90.000
     NFFT1 =   54       NFFT2 =   50       NFFT3 =   40
     Cutoff=    8.000   Tol   =0.100E-04
     Ewald Coefficient =  0.34864
     Interpolation order =    4

    LOADING THE CONSTRAINED ATOMS AS GROUPS


   5.  REFERENCE ATOM COORDINATES

  LIG 
     Mask !:CYC; matches    28 atoms

--------------------------------------------------------------------------------
   3.  ATOMIC COORDINATES AND VELOCITIES
--------------------------------------------------------------------------------

LIG                                                                             
 begin time read from input coords =    10.000 ps

 Number of triangulated 3-point waters found:        0

     Sum of charges from parm topology file =   0.00000000
     Forcing neutrality...

--------------------------------------------------------------------------------
   4.  RESULTS
--------------------------------------------------------------------------------

|  # of SOLUTE  degrees of freedom (RNDFP):   11746.
|  # of SOLVENT degrees of freedom (RNDFS):       0.
|  NDFMIN =   11746.     NUM_NOSHAKE =      0     CORRECTED RNDFP =   11746.
|  TOTAL # of degrees of freedom (RNDF) =   11746.
 ---------------------------------------------------
 APPROXIMATING switch and d/dx switch using CUBIC SPLINE INTERPOLATION
 using   5000.0 points per unit in tabled values
 TESTING RELATIVE ERROR over r ranging from 0.0 to cutoff
| CHECK switch(x): max rel err =   0.2738E-14   at   2.422500
| CHECK d/dx switch(x): max rel err =   0.8332E-11   at   2.782960
 ---------------------------------------------------
| Local SIZE OF NONBOND LIST =     484630
| TOTAL SIZE OF NONBOND LIST =     484630

 NSTEP =     1500   TIME(PS) =      13.000  TEMP(K) =   292.73  PRESS =   207.1
 Etot   =      6640.6083  EKtot   =      3416.3821  EPtot      =      3224.2262
 BOND   =       451.2476  ANGLE   =      1705.4577  DIHED      =      1062.5107
 1-4 NB =       790.4777  1-4 EEL =      -219.3053  VDWAALS    =      -958.8119
 EELEC  =       388.2073  EHBOND  =         0.0000  RESTRAINT  =         4.4425
 EAMBER (non-restraint)  =      3219.7837
 EKCMT  =       532.5026  VIRIAL  =        33.3701  VOLUME     =    111606.1203
                                                    Density    =         0.3510
 Ewald error estimate:   0.2390E-03
 ------------------------------------------------------------------------------


 NSTEP =     3000   TIME(PS) =      16.000  TEMP(K) =   293.01  PRESS =    -7.6
 Etot   =      6815.4429  EKtot   =      3419.7073  EPtot      =      3395.7356
 BOND   =       456.5605  ANGLE   =      1864.3330  DIHED      =      1052.5429
 1-4 NB =       789.6381  1-4 EEL =      -218.2094  VDWAALS    =      -949.8437
 EELEC  =       388.0645  EHBOND  =         0.0000  RESTRAINT  =        12.6496
 EAMBER (non-restraint)  =      3383.0860
 EKCMT  =       450.4690  VIRIAL  =       469.1094  VOLUME     =    113240.3115
                                                    Density    =         0.3459
 Ewald error estimate:   0.2159E-04
 ------------------------------------------------------------------------------


 NSTEP =     4500   TIME(PS) =      19.000  TEMP(K) =   297.71  PRESS =   110.3
 Etot   =      6911.2168  EKtot   =      3474.4905  EPtot      =      3436.7263
 BOND   =       476.0516  ANGLE   =      1916.1456  DIHED      =      1059.4780
 1-4 NB =       788.4213  1-4 EEL =      -217.6783  VDWAALS    =      -983.6256
 EELEC  =       387.5302  EHBOND  =         0.0000  RESTRAINT  =        10.4034
 EAMBER (non-restraint)  =      3426.3229
 EKCMT  =       444.2406  VIRIAL  =       175.3730  VOLUME     =    112924.0058
                                                    Density    =         0.3469
 Ewald error estimate:   0.1283E-03
 ------------------------------------------------------------------------------


 NSTEP =     6000   TIME(PS) =      22.000  TEMP(K) =   296.45  PRESS =     3.9
 Etot   =      6938.4583  EKtot   =      3459.7963  EPtot      =      3478.6620
 BOND   =       452.2261  ANGLE   =      2044.5533  DIHED      =      1036.2170
 1-4 NB =       786.8165  1-4 EEL =      -218.5254  VDWAALS    =     -1018.2210
 EELEC  =       387.6886  EHBOND  =         0.0000  RESTRAINT  =         7.9070
 EAMBER (non-restraint)  =      3470.7550
 EKCMT  =       416.3725  VIRIAL  =       406.9866  VOLUME     =    112205.9643
                                                    Density    =         0.3491
 Ewald error estimate:   0.2830E-04
 ------------------------------------------------------------------------------


 NSTEP =     7500   TIME(PS) =      25.000  TEMP(K) =   298.87  PRESS =  -237.6
 Etot   =      6967.0711  EKtot   =      3488.0781  EPtot      =      3478.9930
 BOND   =       487.4443  ANGLE   =      2043.3775  DIHED      =      1044.6464
 1-4 NB =       777.4459  1-4 EEL =      -216.7222  VDWAALS    =     -1050.6817
 EELEC  =       387.3409  EHBOND  =         0.0000  RESTRAINT  =         6.1419
 EAMBER (non-restraint)  =      3472.8511
 EKCMT  =       367.9604  VIRIAL  =       932.8585  VOLUME     =    110121.9764
                                                    Density    =         0.3557
 Ewald error estimate:   0.2266E-03
 ------------------------------------------------------------------------------


 NSTEP =     9000   TIME(PS) =      28.000  TEMP(K) =   300.12  PRESS =  -102.4
 Etot   =      6957.2818  EKtot   =      3502.6467  EPtot      =      3454.6351
 BOND   =       491.8926  ANGLE   =      2074.6546  DIHED      =      1033.5935
 1-4 NB =       784.1730  1-4 EEL =      -216.7110  VDWAALS    =     -1105.4498
 EELEC  =       387.1112  EHBOND  =         0.0000  RESTRAINT  =         5.3709
 EAMBER (non-restraint)  =      3449.2641
 EKCMT  =       356.4042  VIRIAL  =       594.5680  VOLUME     =    107712.1225
                                                    Density    =         0.3637
 Ewald error estimate:   0.2025E-03
 ------------------------------------------------------------------------------


 NSTEP =    10500   TIME(PS) =      31.000  TEMP(K) =   295.98  PRESS =  -111.1
 Etot   =      6965.4163  EKtot   =      3454.3338  EPtot      =      3511.0825
 BOND   =       470.9046  ANGLE   =      2162.6851  DIHED      =      1027.7422
 1-4 NB =       791.1666  1-4 EEL =      -217.9342  VDWAALS    =     -1119.1763
 EELEC  =       388.0530  EHBOND  =         0.0000  RESTRAINT  =         7.6414
 EAMBER (non-restraint)  =      3503.4411
 EKCMT  =       346.0101  VIRIAL  =       596.1694  VOLUME     =    104243.3712
                                                    Density    =         0.3758
 Ewald error estimate:   0.1800E-03
 ------------------------------------------------------------------------------


 NSTEP =    12000   TIME(PS) =      34.000  TEMP(K) =   301.50  PRESS =   -90.2
 Etot   =      6931.1709  EKtot   =      3518.7963  EPtot      =      3412.3746
 BOND   =       496.1780  ANGLE   =      2129.2291  DIHED      =      1031.2538
 1-4 NB =       778.1135  1-4 EEL =      -215.8092  VDWAALS    =     -1198.3823
 EELEC  =       386.5148  EHBOND  =         0.0000  RESTRAINT  =         5.2769
 EAMBER (non-restraint)  =      3407.0977
 EKCMT  =       358.9218  VIRIAL  =       554.7556  VOLUME     =    100571.5600
                                                    Density    =         0.3895
 Ewald error estimate:   0.2576E-03
 ------------------------------------------------------------------------------


 NSTEP =    13500   TIME(PS) =      37.000  TEMP(K) =   300.54  PRESS =   -12.5
 Etot   =      6877.7871  EKtot   =      3507.5761  EPtot      =      3370.2110
 BOND   =       529.6794  ANGLE   =      2158.3647  DIHED      =      1013.1658
 1-4 NB =       766.0166  1-4 EEL =      -218.4982  VDWAALS    =     -1271.0950
 EELEC  =       387.9704  EHBOND  =         0.0000  RESTRAINT  =         4.6073
 EAMBER (non-restraint)  =      3365.6037
 EKCMT  =       338.9954  VIRIAL  =       365.2189  VOLUME     =     96875.9256
                                                    Density    =         0.4044
 Ewald error estimate:   0.3426E-03
 ------------------------------------------------------------------------------


 NSTEP =    15000   TIME(PS) =      40.000  TEMP(K) =   297.80  PRESS =  -173.6
 Etot   =      6849.6493  EKtot   =      3475.5346  EPtot      =      3374.1147
 BOND   =       505.0508  ANGLE   =      2221.2388  DIHED      =      1023.3271
 1-4 NB =       768.8072  1-4 EEL =      -217.9269  VDWAALS    =     -1323.4816
 EELEC  =       387.7232  EHBOND  =         0.0000  RESTRAINT  =         9.3760
 EAMBER (non-restraint)  =      3364.7387
 EKCMT  =       342.6176  VIRIAL  =       687.3116  VOLUME     =     91972.7768
                                                    Density    =         0.4259
 Ewald error estimate:   0.2765E-03
 ------------------------------------------------------------------------------


      A V E R A G E S   O V E R   15000 S T E P S


 NSTEP =    15000   TIME(PS) =      40.000  TEMP(K) =   296.31  PRESS =   -54.3
 Etot   =      6865.3036  EKtot   =      3458.1978  EPtot      =      3407.1058
 BOND   =       478.1514  ANGLE   =      2006.8004  DIHED      =      1040.4442
 1-4 NB =       781.0917  1-4 EEL =      -217.1287  VDWAALS    =     -1078.0076
 EELEC  =       387.3419  EHBOND  =         0.0000  RESTRAINT  =         8.4124
 EAMBER (non-restraint)  =      3398.6934
 EKCMT  =       404.7588  VIRIAL  =       520.7648  VOLUME     =    107005.3587
                                                    Density    =         0.3674
 Ewald error estimate:   0.1996E-03
 ------------------------------------------------------------------------------


      R M S  F L U C T U A T I O N S


 NSTEP =    15000   TIME(PS) =      40.000  TEMP(K) =     3.62  PRESS =   127.6
 Etot   =       135.9426  EKtot   =        42.2331  EPtot      =       114.6773
 BOND   =        35.4532  ANGLE   =       169.7899  DIHED      =        20.5419
 1-4 NB =        11.0742  1-4 EEL =         1.4199  VDWAALS    =       111.0415
 EELEC  =         0.8900  EHBOND  =         0.0000  RESTRAINT  =         2.4830
 EAMBER (non-restraint)  =       112.1943
 EKCMT  =        76.1295  VIRIAL  =       233.2489  VOLUME     =      6217.1424
                                                    Density    =         0.0225
 Ewald error estimate:   0.9003E-04
 ------------------------------------------------------------------------------


--------------------------------------------------------------------------------
   5.  TIMINGS
--------------------------------------------------------------------------------

|                Build the list            21.14 (97.86% of List )
|                Other                      0.46 ( 2.14% of List )
|             List time                 21.60 ( 4.42% of Nonbo)
|                   Short_ene time           271.65 (98.38% of Direc)
|                   Other                      4.47 ( 1.62% of Direc)
|                Direct Ewald time        276.12 (59.05% of Ewald)
|                Adjust Ewald time         21.46 ( 4.59% of Ewald)
|                Self Ewald time            0.02 ( 0.01% of Ewald)
|                   Fill Bspline coeffs        4.78 ( 2.98% of Recip)
|                   Fill charge grid          13.16 ( 8.20% of Recip)
|                   Scalar sum                34.45 (21.46% of Recip)
|                   Grad sum                  28.36 (17.67% of Recip)
|                   FFT time                  79.73 (49.68% of Recip)
|                   Other                      0.03 ( 0.02% of Recip)
|                Recip Ewald time         160.51 (34.33% of Ewald)
|                Force Adjust               0.16 ( 0.03% of Ewald)
|                Virial junk                0.45 ( 0.10% of Ewald)
|                Other                      8.84 ( 1.89% of Ewald)
|             Ewald time               467.57 (95.57% of Nonbo)
|             Other                      0.05 ( 0.01% of Nonbo)
|          Nonbond force            489.24 (85.28% of Force)
|          Bond/Angle/Dihedral       84.20 (14.68% of Force)
|          Other                      0.23 ( 0.04% of Force)
|       Force time               573.66 (98.48% of Runmd)
|       Shake time                 4.07 ( 0.70% of Runmd)
|       Verlet update time         3.62 ( 0.62% of Runmd)
|       Ekcmr time                 0.48 ( 0.08% of Runmd)
|       Other                      0.67 ( 0.11% of Runmd)
|    Runmd Time               582.50 (100.0% of Total)
|    Other                      0.08 ( 0.01% of Total)
| Total time               582.58 (100.0% of ALL  )

| Number of list builds   :        865

| Highest rstack allocated:     375742
| Highest istack allocated:       5032

| Final Performance Info:
| -----------------------------------------------------
| Average timings for all steps:
|     Elapsed(s) =     582.50 Per Step(ms) =      38.83
|         ns/day =       4.45   seconds/ns =   19416.54
| -----------------------------------------------------

|           Job began  at 12:37:44.457  on 03/27/2017
|           Setup done at 12:37:44.541  on 03/27/2017
|           Run   done at 12:47:27.036  on 03/27/2017
|     wallclock() was called  691753 times
