
          -------------------------------------------------------
          Amber 16 SANDER                              2016
          -------------------------------------------------------

| Run on 03/30/2017 at 12:10:17

|   Executable path: sander
| Working directory: /home/steboss/Simulation/logP_standrews/inputfiles/boat/c_23difluoro/cyclohexane/equilibration
|          Hostname: Unknown
  [-O]verwriting output

File Assignments:
|  MDIN: min00001.in                                                           
| MDOUT: min00001.out                                                          
|INPCRD: solvated.rst7                                                         
|  PARM: solvated.parm7                                                        
|RESTRT: min00001.rst7                                                         
|  REFC: solvated.rst7                                                         
| MDVEL: mdvel                                                                 
| MDFRC: mdfrc                                                                 
|  MDEN: min00001.en                                                           
| MDCRD: min00001.nc                                                           
|MDINFO: min00001.info                                                         
|  MTMD: mtmd                                                                  
|INPDIP: inpdip                                                                
|RSTDIP: rstdip                                                                
|INPTRA: inptraj                                                               


 Here is the input file:

                                                                               
Minimise whole system                                                          
&cntrl                                                                         
ntxo=1,                                                                        
imin = 1, ntmin = 1,                                                           
maxcyc = 100, ncyc = 10,                                                       
ntpr = 20, ntwe = 20,                                                          
dx0 = 1.0D-7,                                                                  
ntb = 1,                                                                       
ntr = 1, restraint_wt = 10.00,                                                 
restraintmask="!:CYC",                                                         
/                                                                              

--------------------------------------------------------------------------------
   1.  RESOURCE   USE: 
--------------------------------------------------------------------------------

| Flags:                                                                        
 getting new box info from bottom of inpcrd
|  INFO: Old style inpcrd file read

| peek_ewald_inpcrd: Box info found
|Largest sphere to fit in unit cell has radius =    18.184
| New format PARM file being parsed.
| Version =    1.000 Date = 03/30/17 Time = 12:10:16
 NATOM  =    3592 NTYPES =       6 NBONH =    2390 MBONA  =    1203
 NTHETH =    5974 MTHETA =    1208 NPHIH =    9572 MPHIA  =    3604
 NHPARM =       0 NPARM  =       0 NNB   =   21153 NRES   =     199
 NBONA  =    1203 NTHETA =    1208 NPHIA =    3604 NUMBND =       7
 NUMANG =      11 NPTRA  =      12 NATYP =       6 NPHB   =       0
 IFBOX  =       1 NMXRS  =      28 IFCAP =       0 NEXTRA =       0
 NCOPY  =       0


|     Memory Use     Allocated
|     Real              382288
|     Hollerith          10977
|     Integer           766594
|     Max Pairs        1197333
|     nblistReal         43104
|     nblist Int        309640
|       Total            12247 kbytes

| Note: 1-4 EEL scale factors are being read from the topology file.

| Note: 1-4 VDW scale factors are being read from the topology file.
| Duplicated    0 dihedrals
| Duplicated    0 dihedrals

     BOX TYPE: RECTILINEAR

--------------------------------------------------------------------------------
   2.  CONTROL  DATA  FOR  THE  RUN
--------------------------------------------------------------------------------

LIG                                                                             

General flags:
     imin    =       1, nmropt  =       0

Nature and format of input:
     ntx     =       1, irest   =       0, ntrx    =       1

Nature and format of output:
     ntxo    =       1, ntpr    =      20, ntrx    =       1, ntwr    =       1
     iwrap   =       0, ntwx    =       0, ntwv    =       0, ntwe    =      20
     ioutfm  =       1, ntwprt  =       0, idecomp =       0, rbornstat=      0

Potential function:
     ntf     =       1, ntb     =       1, igb     =       0, nsnb    =      25
     ipol    =       0, gbsa    =       0, iesp    =       0
     dielc   =   1.00000, cut     =   8.00000, intdiel =   1.00000

Frozen or restrained atoms:
     ibelly  =       0, ntr     =       1
     restraint_wt =  10.00000

Energy minimization:
     maxcyc  =     100, ncyc    =      10, ntmin   =       1
     dx0     =   0.00000, drms    =   0.00010

Ewald parameters:
     verbose =       0, ew_type =       0, nbflag  =       1, use_pme =       1
     vdwmeth =       1, eedmeth =       1, netfrc  =       0
     Box X =   54.510   Box Y =   36.369   Box Z =   38.420
     Alpha =   90.000   Beta  =   90.000   Gamma =   90.000
     NFFT1 =   54       NFFT2 =   36       NFFT3 =   40
     Cutoff=    8.000   Tol   =0.100E-04
     Ewald Coefficient =  0.34864
     Interpolation order =    4

    LOADING THE CONSTRAINED ATOMS AS GROUPS


   5.  REFERENCE ATOM COORDINATES

  LIG 
     Mask !:CYC; matches    28 atoms

--------------------------------------------------------------------------------
   3.  ATOMIC COORDINATES AND VELOCITIES
--------------------------------------------------------------------------------

LIG                                                                             
 begin time read from input coords =     0.000 ps

 Number of triangulated 3-point waters found:        0

     Sum of charges from parm topology file =  -0.00200000
     Forcing neutrality...

--------------------------------------------------------------------------------
   4.  RESULTS
--------------------------------------------------------------------------------

 ---------------------------------------------------
 APPROXIMATING switch and d/dx switch using CUBIC SPLINE INTERPOLATION
 using   5000.0 points per unit in tabled values
 TESTING RELATIVE ERROR over r ranging from 0.0 to cutoff
| CHECK switch(x): max rel err =   0.2738E-14   at   2.422500
| CHECK d/dx switch(x): max rel err =   0.8332E-11   at   2.782960
 ---------------------------------------------------
| Local SIZE OF NONBOND LIST =     350253
| TOTAL SIZE OF NONBOND LIST =     350253


   NSTEP       ENERGY          RMS            GMAX         NAME    NUMBER
      1       8.1136E+02     2.9727E+00     9.9204E+01     H13        27

 BOND    =       22.5306  ANGLE   =       24.1131  DIHED      =      557.5869
 VDWAALS =     -508.5103  EEL     =      283.3116  HBOND      =        0.0000
 1-4 VDW =      596.4342  1-4 EEL =     -164.1057  RESTRAINT  =        0.0000


   NSTEP       ENERGY          RMS            GMAX         NAME    NUMBER
     20       7.0599E+02     1.1233E+00     3.6157E+01     C12        12

 BOND    =       30.1583  ANGLE   =       22.6719  DIHED      =      552.0097
 VDWAALS =     -533.1835  EEL     =      282.0098  HBOND      =        0.0000
 1-4 VDW =      513.6422  1-4 EEL =     -162.5406  RESTRAINT  =        1.2243
 EAMBER  =      704.7679


   NSTEP       ENERGY          RMS            GMAX         NAME    NUMBER
     40       6.7593E+02     8.1040E-01     4.0358E+01     C12        12

 BOND    =       22.4995  ANGLE   =       18.4427  DIHED      =      564.4408
 VDWAALS =     -538.7088  EEL     =      278.5087  HBOND      =        0.0000
 1-4 VDW =      485.0537  1-4 EEL =     -156.9037  RESTRAINT  =        2.6021
 EAMBER  =      673.3328


   NSTEP       ENERGY          RMS            GMAX         NAME    NUMBER
     60       6.7154E+02     1.4558E-01     4.5143E+00     C9          9

 BOND    =       27.1454  ANGLE   =       20.6078  DIHED      =      567.7228
 VDWAALS =     -540.7915  EEL     =      277.5287  HBOND      =        0.0000
 1-4 VDW =      472.1553  1-4 EEL =     -155.4353  RESTRAINT  =        2.6081
 EAMBER  =      668.9332


   NSTEP       ENERGY          RMS            GMAX         NAME    NUMBER
     80       6.7283E+02     3.8607E-01     9.1581E+00     H13        27

 BOND    =       26.4958  ANGLE   =       17.5116  DIHED      =      570.8593
 VDWAALS =     -541.2859  EEL     =      277.3929  HBOND      =        0.0000
 1-4 VDW =      474.3504  1-4 EEL =     -155.2410  RESTRAINT  =        2.7469
 EAMBER  =      670.0831


   NSTEP       ENERGY          RMS            GMAX         NAME    NUMBER
    100       6.7067E+02     5.5150E-02     1.6148E+00     C10        10

 BOND    =       27.4320  ANGLE   =       20.1864  DIHED      =      568.1404
 VDWAALS =     -540.9238  EEL     =      277.4283  HBOND      =        0.0000
 1-4 VDW =      471.3470  1-4 EEL =     -155.2492  RESTRAINT  =        2.3100
 EAMBER  =      668.3612


  Maximum number of minimization cycles reached.


                    FINAL RESULTS



   NSTEP       ENERGY          RMS            GMAX         NAME    NUMBER
    100       6.7067E+02     5.5150E-02     1.6148E+00     C10        10

 BOND    =       27.4320  ANGLE   =       20.1864  DIHED      =      568.1404
 VDWAALS =     -540.9238  EEL     =      277.4283  HBOND      =        0.0000
 1-4 VDW =      471.3470  1-4 EEL =     -155.2492  RESTRAINT  =        2.3100
 EAMBER  =      668.3612

--------------------------------------------------------------------------------
   5.  TIMINGS
--------------------------------------------------------------------------------

|    Read coords time           0.00 ( 0.10% of Total)
|                Build the list             0.01 (41.63% of List )
|                Other                      0.02 (58.37% of List )
|             List time                  0.03 ( 1.96% of Nonbo)
|                   Short_ene time             0.70 (98.41% of Direc)
|                   Other                      0.01 ( 1.59% of Direc)
|                Direct Ewald time          0.71 (54.40% of Ewald)
|                Adjust Ewald time          0.07 ( 5.09% of Ewald)
|                Self Ewald time            0.00 ( 0.01% of Ewald)
|                   Fill Bspline coeffs        0.01 ( 2.96% of Recip)
|                   Fill charge grid           0.04 ( 8.32% of Recip)
|                   Scalar sum                 0.11 (22.22% of Recip)
|                   Grad sum                   0.09 (17.32% of Recip)
|                   FFT time                   0.24 (49.15% of Recip)
|                   Other                      0.00 ( 0.03% of Recip)
|                Recip Ewald time           0.49 (37.56% of Ewald)
|                Force Adjust               0.00 ( 0.01% of Ewald)
|                Virial junk                0.00 ( 0.13% of Ewald)
|                Start synchronizatio       0.00 ( 0.01% of Ewald)
|                Other                      0.04 ( 2.78% of Ewald)
|             Ewald time                 1.31 (98.01% of Nonbo)
|             IPS excludes               0.00 ( 0.01% of Nonbo)
|             Other                      0.00 ( 0.03% of Nonbo)
|          Nonbond force              1.33 (81.76% of Force)
|          Bond/Angle/Dihedral        0.30 (18.18% of Force)
|          Other                      0.00 ( 0.06% of Force)
|       Force time                 1.63 (100.0% of Runmd)
|    Runmd Time                 1.63 (68.33% of Total)
|    Other                      0.75 (31.56% of Total)
| Total time                 2.39 (99.81% of ALL  )

| Number of list builds   :          1

| Highest rstack allocated:     271062
| Highest istack allocated:       3592
|           Job began  at 12:10:16.975  on 03/30/2017
|           Setup done at 12:10:17.122  on 03/30/2017
|           Run   done at 12:10:19.375  on 03/30/2017
|     wallclock() was called    3850 times
