
          -------------------------------------------------------
          Amber 16 SANDER                              2016
          -------------------------------------------------------

| Run on 03/22/2017 at 11:44:57

|   Executable path: sander
| Working directory: /home/steboss/Simulation/logP_standrews/e_2356difluoro/cyclohexane/equilibration
|          Hostname: Unknown
  [-O]verwriting output

File Assignments:
|  MDIN: md00004.in                                                            
| MDOUT: md00004.out                                                           
|INPCRD: md00003.rst7                                                          
|  PARM: solvated.parm7                                                        
|RESTRT: md00004.rst7                                                          
|  REFC: solvated.rst7                                                         
| MDVEL: mdvel                                                                 
| MDFRC: mdfrc                                                                 
|  MDEN: md00004.en                                                            
| MDCRD: md00004.nc                                                            
|MDINFO: md00004.info                                                          
|  MTMD: mtmd                                                                  
|INPDIP: inpdip                                                                
|RSTDIP: rstdip                                                                
|INPTRA: inptraj                                                               


 Here is the input file:

md with sander                                                                 
&cntrl                                                                         
ntxo=1,                                                                        
imin = 0, nstlim = 15000, irest = 1, ntx = 5, dt = 0.002,                      
ntt = 1, temp0 = 298.0, tautp = 1.0,                                           
ntp = 1, pres0 = 1.0, taup = 0.5,                                              
ntb = 2,                                                                       
ntc = 2, ntf = 2,                                                              
ioutfm = 1, iwrap = 1,                                                         
ntwe = 3000, ntwx = 3000, ntpr = 1500,                                         
ntr = 1, restraint_wt = 10.00,                                                 
restraintmask="!:CYC",                                                         
/                                                                              
                                                                               

--------------------------------------------------------------------------------
   1.  RESOURCE   USE: 
--------------------------------------------------------------------------------

| Flags:                                                                        
 getting new box info from bottom of inpcrd
|  INFO: Old style inpcrd file read

| peek_ewald_inpcrd: Box info found
|Largest sphere to fit in unit cell has radius =    19.210
| New format PARM file being parsed.
| Version =    1.000 Date = 03/22/17 Time = 11:43:16
 NATOM  =    3772 NTYPES =       6 NBONH =    2508 MBONA  =    1265
 NTHETH =    6270 MTHETA =    1272 NPHIH =   10051 MPHIA  =    3791
 NHPARM =       0 NPARM  =       0 NNB   =   22211 NRES   =     209
 NBONA  =    1265 NTHETA =    1272 NPHIA =    3791 NUMBND =       7
 NUMANG =      11 NPTRA  =      12 NATYP =       6 NPHB   =       0
 IFBOX  =       1 NMXRS  =      28 IFCAP =       0 NEXTRA =       0
 NCOPY  =       0


|     Memory Use     Allocated
|     Real              351536
|     Hollerith          11527
|     Integer           804228
|     Max Pairs        1257333
|     nblistReal         45264
|     nblist Int        337671
|       Total            12517 kbytes

| Note: 1-4 EEL scale factors are being read from the topology file.

| Note: 1-4 VDW scale factors are being read from the topology file.
| Duplicated    0 dihedrals
| Duplicated    0 dihedrals

     BOX TYPE: RECTILINEAR

--------------------------------------------------------------------------------
   2.  CONTROL  DATA  FOR  THE  RUN
--------------------------------------------------------------------------------

LIG                                                                             

General flags:
     imin    =       0, nmropt  =       0

Nature and format of input:
     ntx     =       5, irest   =       1, ntrx    =       1

Nature and format of output:
     ntxo    =       1, ntpr    =    1500, ntrx    =       1, ntwr    =   15000
     iwrap   =       1, ntwx    =    3000, ntwv    =       0, ntwe    =    3000
     ioutfm  =       1, ntwprt  =       0, idecomp =       0, rbornstat=      0

Potential function:
     ntf     =       2, ntb     =       2, igb     =       0, nsnb    =      25
     ipol    =       0, gbsa    =       0, iesp    =       0
     dielc   =   1.00000, cut     =   8.00000, intdiel =   1.00000

Frozen or restrained atoms:
     ibelly  =       0, ntr     =       1
     restraint_wt =  10.00000

Molecular dynamics:
     nstlim  =     15000, nscm    =         0, nrespa  =         1
     t       =   0.00000, dt      =   0.00200, vlimit  =  20.00000

Berendsen (weak-coupling) temperature regulation:
     temp0   = 298.00000, tempi   =   0.00000, tautp   =   1.00000

Pressure regulation:
     ntp     =       1
     pres0   =   1.00000, comp    =  44.60000, taup    =   0.50000

SHAKE:
     ntc     =       2, jfastw  =       0
     tol     =   0.00001

Ewald parameters:
     verbose =       0, ew_type =       0, nbflag  =       1, use_pme =       1
     vdwmeth =       1, eedmeth =       1, netfrc  =       1
     Box X =   40.882   Box Y =   50.917   Box Z =   38.420
     Alpha =   90.000   Beta  =   90.000   Gamma =   90.000
     NFFT1 =   40       NFFT2 =   50       NFFT3 =   40
     Cutoff=    8.000   Tol   =0.100E-04
     Ewald Coefficient =  0.34864
     Interpolation order =    4

    LOADING THE CONSTRAINED ATOMS AS GROUPS


   5.  REFERENCE ATOM COORDINATES

  LIG 
     Mask !:CYC; matches    28 atoms

--------------------------------------------------------------------------------
   3.  ATOMIC COORDINATES AND VELOCITIES
--------------------------------------------------------------------------------

LIG                                                                             
 begin time read from input coords =    10.000 ps

 Number of triangulated 3-point waters found:        0

     Sum of charges from parm topology file =  -0.00300000
     Forcing neutrality...

--------------------------------------------------------------------------------
   4.  RESULTS
--------------------------------------------------------------------------------

|  # of SOLUTE  degrees of freedom (RNDFP):    8808.
|  # of SOLVENT degrees of freedom (RNDFS):       0.
|  NDFMIN =    8808.     NUM_NOSHAKE =      0     CORRECTED RNDFP =    8808.
|  TOTAL # of degrees of freedom (RNDF) =    8808.
 ---------------------------------------------------
 APPROXIMATING switch and d/dx switch using CUBIC SPLINE INTERPOLATION
 using   5000.0 points per unit in tabled values
 TESTING RELATIVE ERROR over r ranging from 0.0 to cutoff
| CHECK switch(x): max rel err =   0.2738E-14   at   2.422500
| CHECK d/dx switch(x): max rel err =   0.8332E-11   at   2.782960
 ---------------------------------------------------
| Local SIZE OF NONBOND LIST =     353373
| TOTAL SIZE OF NONBOND LIST =     353373

 NSTEP =     1500   TIME(PS) =      13.000  TEMP(K) =   290.23  PRESS =    21.8
 Etot   =      4968.8807  EKtot   =      2539.9732  EPtot      =      2428.9075
 BOND   =       297.9811  ANGLE   =      1294.9252  DIHED      =       823.8935
 1-4 NB =       591.6174  1-4 EEL =      -163.8854  VDWAALS    =      -712.2985
 EELEC  =       287.0952  EHBOND  =         0.0000  RESTRAINT  =         9.5789
 EAMBER (non-restraint)  =      2419.3286
 EKCMT  =       396.4720  VIRIAL  =       357.3072  VOLUME     =     83139.9286
                                                    Density    =         0.3543
 Ewald error estimate:   0.9459E-05
 ------------------------------------------------------------------------------


 NSTEP =     3000   TIME(PS) =      16.000  TEMP(K) =   288.91  PRESS =   183.0
 Etot   =      5071.5494  EKtot   =      2528.3963  EPtot      =      2543.1531
 BOND   =       339.2787  ANGLE   =      1387.6638  DIHED      =       801.5180
 1-4 NB =       589.0906  1-4 EEL =      -166.0331  VDWAALS    =      -704.5983
 EELEC  =       288.7722  EHBOND  =         0.0000  RESTRAINT  =         7.4612
 EAMBER (non-restraint)  =      2535.6920
 EKCMT  =       380.1989  VIRIAL  =        43.7581  VOLUME     =     85147.6173
                                                    Density    =         0.3459
 Ewald error estimate:   0.8160E-05
 ------------------------------------------------------------------------------


 NSTEP =     4500   TIME(PS) =      19.000  TEMP(K) =   294.26  PRESS =    26.9
 Etot   =      5160.4394  EKtot   =      2575.2725  EPtot      =      2585.1669
 BOND   =       358.0097  ANGLE   =      1429.4673  DIHED      =       784.4198
 1-4 NB =       586.8018  1-4 EEL =      -165.7149  VDWAALS    =      -704.7516
 EELEC  =       288.5994  EHBOND  =         0.0000  RESTRAINT  =         8.3354
 EAMBER (non-restraint)  =      2576.8315
 EKCMT  =       326.4515  VIRIAL  =       276.8045  VOLUME     =     85472.0553
                                                    Density    =         0.3446
 Ewald error estimate:   0.1717E-04
 ------------------------------------------------------------------------------


 NSTEP =     6000   TIME(PS) =      22.000  TEMP(K) =   297.59  PRESS =   -87.8
 Etot   =      5206.2587  EKtot   =      2604.3513  EPtot      =      2601.9073
 BOND   =       355.8450  ANGLE   =      1481.9316  DIHED      =       789.1709
 1-4 NB =       598.1429  1-4 EEL =      -165.6135  VDWAALS    =      -755.7134
 EELEC  =       288.3695  EHBOND  =         0.0000  RESTRAINT  =         9.7743
 EAMBER (non-restraint)  =      2592.1330
 EKCMT  =       307.1596  VIRIAL  =       467.5184  VOLUME     =     84573.7490
                                                    Density    =         0.3483
 Ewald error estimate:   0.2812E-03
 ------------------------------------------------------------------------------


 NSTEP =     7500   TIME(PS) =      25.000  TEMP(K) =   299.87  PRESS =   -46.5
 Etot   =      5223.1617  EKtot   =      2624.3759  EPtot      =      2598.7858
 BOND   =       356.0481  ANGLE   =      1509.1840  DIHED      =       775.5342
 1-4 NB =       583.5875  1-4 EEL =      -165.9369  VDWAALS    =      -752.4871
 EELEC  =       289.0834  EHBOND  =         0.0000  RESTRAINT  =         3.7725
 EAMBER (non-restraint)  =      2595.0132
 EKCMT  =       296.4413  VIRIAL  =       380.8437  VOLUME     =     84156.8501
                                                    Density    =         0.3500
 Ewald error estimate:   0.1703E-03
 ------------------------------------------------------------------------------


 NSTEP =     9000   TIME(PS) =      28.000  TEMP(K) =   295.35  PRESS =    19.5
 Etot   =      5237.9315  EKtot   =      2584.8140  EPtot      =      2653.1175
 BOND   =       370.1982  ANGLE   =      1614.4404  DIHED      =       786.7695
 1-4 NB =       568.7152  1-4 EEL =      -164.8861  VDWAALS    =      -813.6521
 EELEC  =       287.7239  EHBOND  =         0.0000  RESTRAINT  =         3.8085
 EAMBER (non-restraint)  =      2649.3090
 EKCMT  =       251.8543  VIRIAL  =       217.5174  VOLUME     =     81634.3486
                                                    Density    =         0.3608
 Ewald error estimate:   0.2352E-03
 ------------------------------------------------------------------------------


 NSTEP =    10500   TIME(PS) =      31.000  TEMP(K) =   298.61  PRESS =  -136.8
 Etot   =      5238.8801  EKtot   =      2613.3556  EPtot      =      2625.5246
 BOND   =       382.6168  ANGLE   =      1587.3066  DIHED      =       774.2997
 1-4 NB =       582.4403  1-4 EEL =      -166.7448  VDWAALS    =      -830.2704
 EELEC  =       289.0727  EHBOND  =         0.0000  RESTRAINT  =         6.8036
 EAMBER (non-restraint)  =      2618.7210
 EKCMT  =       257.8054  VIRIAL  =       493.0746  VOLUME     =     79665.1924
                                                    Density    =         0.3697
 Ewald error estimate:   0.1907E-03
 ------------------------------------------------------------------------------


 NSTEP =    12000   TIME(PS) =      34.000  TEMP(K) =   291.65  PRESS =   -22.9
 Etot   =      5217.2955  EKtot   =      2552.3971  EPtot      =      2664.8985
 BOND   =       395.1083  ANGLE   =      1641.0389  DIHED      =       778.9415
 1-4 NB =       589.3967  1-4 EEL =      -166.9612  VDWAALS    =      -871.9858
 EELEC  =       289.6648  EHBOND  =         0.0000  RESTRAINT  =         9.6952
 EAMBER (non-restraint)  =      2655.2033
 EKCMT  =       250.9292  VIRIAL  =       289.2782  VOLUME     =     77575.5993
                                                    Density    =         0.3797
 Ewald error estimate:   0.2231E-03
 ------------------------------------------------------------------------------


 NSTEP =    13500   TIME(PS) =      37.000  TEMP(K) =   304.71  PRESS =  -166.0
 Etot   =      5218.0913  EKtot   =      2666.6603  EPtot      =      2551.4310
 BOND   =       374.3809  ANGLE   =      1593.3874  DIHED      =       764.5443
 1-4 NB =       580.7450  1-4 EEL =      -167.0093  VDWAALS    =      -889.1709
 EELEC  =       289.1033  EHBOND  =         0.0000  RESTRAINT  =         5.4504
 EAMBER (non-restraint)  =      2545.9806
 EKCMT  =       243.4292  VIRIAL  =       511.6357  VOLUME     =     74837.6554
                                                    Density    =         0.3936
 Ewald error estimate:   0.3453E-03
 ------------------------------------------------------------------------------


 NSTEP =    15000   TIME(PS) =      40.000  TEMP(K) =   302.23  PRESS =   -78.6
 Etot   =      5173.8342  EKtot   =      2644.9618  EPtot      =      2528.8724
 BOND   =       377.6274  ANGLE   =      1624.0262  DIHED      =       763.7677
 1-4 NB =       585.9241  1-4 EEL =      -167.6847  VDWAALS    =      -953.1601
 EELEC  =       289.6879  EHBOND  =         0.0000  RESTRAINT  =         8.6841
 EAMBER (non-restraint)  =      2520.1883
 EKCMT  =       244.5130  VIRIAL  =       366.6632  VOLUME     =     71961.6283
                                                    Density    =         0.4093
 Ewald error estimate:   0.1082E-03
 ------------------------------------------------------------------------------


      A V E R A G E S   O V E R   15000 S T E P S


 NSTEP =    15000   TIME(PS) =      40.000  TEMP(K) =   296.24  PRESS =   -38.5
 Etot   =      5156.3740  EKtot   =      2592.5659  EPtot      =      2563.8082
 BOND   =       355.5561  ANGLE   =      1497.0939  DIHED      =       782.4952
 1-4 NB =       585.7714  1-4 EEL =      -166.3240  VDWAALS    =      -786.3318
 EELEC  =       288.7380  EHBOND  =         0.0000  RESTRAINT  =         6.8095
 EAMBER (non-restraint)  =      2556.9987
 EKCMT  =       307.5137  VIRIAL  =       370.4264  VOLUME     =     81279.6694
                                                    Density    =         0.3632
 Ewald error estimate:   0.1595E-03
 ------------------------------------------------------------------------------


      R M S  F L U C T U A T I O N S


 NSTEP =    15000   TIME(PS) =      40.000  TEMP(K) =     3.63  PRESS =   124.3
 Etot   =       109.6261  EKtot   =        31.7596  EPtot      =        95.3678
 BOND   =        30.1244  ANGLE   =       133.9379  DIHED      =        15.4501
 1-4 NB =         9.2838  1-4 EEL =         1.3729  VDWAALS    =        74.7123
 EELEC  =         0.8292  EHBOND  =         0.0000  RESTRAINT  =         1.8139
 EAMBER (non-restraint)  =        93.5538
 EKCMT  =        65.1195  VIRIAL  =       174.7868  VOLUME     =      3930.9264
                                                    Density    =         0.0183
 Ewald error estimate:   0.9688E-04
 ------------------------------------------------------------------------------


--------------------------------------------------------------------------------
   5.  TIMINGS
--------------------------------------------------------------------------------

|                Build the list            10.96 (97.23% of List )
|                Other                      0.31 ( 2.77% of List )
|             List time                 11.27 ( 4.60% of Nonbo)
|                   Short_ene time           140.61 (98.49% of Direc)
|                   Other                      2.16 ( 1.51% of Direc)
|                Direct Ewald time        142.78 (61.10% of Ewald)
|                Adjust Ewald time         11.05 ( 4.73% of Ewald)
|                Self Ewald time            0.02 ( 0.01% of Ewald)
|                   Fill Bspline coeffs        2.46 ( 3.33% of Recip)
|                   Fill charge grid           6.53 ( 8.85% of Recip)
|                   Scalar sum                17.12 (23.22% of Recip)
|                   Grad sum                  12.90 (17.50% of Recip)
|                   FFT time                  34.71 (47.07% of Recip)
|                   Other                      0.02 ( 0.03% of Recip)
|                Recip Ewald time          73.74 (31.56% of Ewald)
|                Force Adjust               0.05 ( 0.02% of Ewald)
|                Virial junk                0.29 ( 0.12% of Ewald)
|                Other                      5.74 ( 2.46% of Ewald)
|             Ewald time               233.67 (95.38% of Nonbo)
|             Other                      0.05 ( 0.02% of Nonbo)
|          Nonbond force            245.00 (83.55% of Force)
|          Bond/Angle/Dihedral       48.15 (16.42% of Force)
|          Other                      0.10 ( 0.03% of Force)
|       Force time               293.25 (98.35% of Runmd)
|       Shake time                 2.14 ( 0.72% of Runmd)
|       Verlet update time         1.97 ( 0.66% of Runmd)
|       Ekcmr time                 0.30 ( 0.10% of Runmd)
|       Other                      0.49 ( 0.16% of Runmd)
|    Runmd Time               298.16 (100.0% of Total)
|    Other                      0.05 ( 0.02% of Total)
| Total time               298.22 (100.0% of ALL  )

| Number of list builds   :        838

| Highest rstack allocated:     283846
| Highest istack allocated:       3772

| Final Performance Info:
| -----------------------------------------------------
| Average timings for all steps:
|     Elapsed(s) =     298.16 Per Step(ms) =      19.88
|         ns/day =       8.69   seconds/ns =    9938.66
| -----------------------------------------------------

|           Job began  at 11:44:57.679  on 03/22/2017
|           Setup done at 11:44:57.736  on 03/22/2017
|           Run   done at 11:49:55.896  on 03/22/2017
|     wallclock() was called  691699 times
