
          -------------------------------------------------------
          Amber 16 SANDER                              2016
          -------------------------------------------------------

| Run on 03/22/2017 at 11:43:19

|   Executable path: sander
| Working directory: /home/steboss/Simulation/logP_standrews/e_2356difluoro/cyclohexane/equilibration
|          Hostname: Unknown
  [-O]verwriting output

File Assignments:
|  MDIN: md00002.in                                                            
| MDOUT: md00002.out                                                           
|INPCRD: min00001.rst7                                                         
|  PARM: solvated.parm7                                                        
|RESTRT: md00002.rst7                                                          
|  REFC: solvated.rst7                                                         
| MDVEL: mdvel                                                                 
| MDFRC: mdfrc                                                                 
|  MDEN: md00002.en                                                            
| MDCRD: md00002.nc                                                            
|MDINFO: md00002.info                                                          
|  MTMD: mtmd                                                                  
|INPDIP: inpdip                                                                
|RSTDIP: rstdip                                                                
|INPTRA: inptraj                                                               


 Here is the input file:

heat the system                                                                
&cntrl                                                                         
ntxo=1,                                                                        
imin = 0, nstlim = 1000, irest = 0, ntx = 1, dt = 0.002,                       
nmropt = 1,                                                                    
ntt = 1, temp0 = 300.0, tempi = 5.0, tautp = 1.0,                              
ntb = 1, pres0 = 1.0,                                                          
ntc = 2, ntf = 2,                                                              
ioutfm = 1, iwrap = 1,                                                         
ntwe = 200, ntwx = 200, ntpr = 100,                                            
ntr = 1, restraint_wt = 10.00,                                                 
restraintmask="!:CYC",                                                         
/                                                                              
                                                                               
&wt                                                                            
type = 'TEMP0',                                                                
istep1 = 0, istep2 = 1000,                                                     
value1 = 5.0, value2 = 300.0                                                   
/                                                                              
                                                                               
&wt type = 'END'                                                               
 /                                                                             
                                                                               

--------------------------------------------------------------------------------
   1.  RESOURCE   USE: 
--------------------------------------------------------------------------------

| Flags:                                                                        
 getting new box info from bottom of inpcrd
|  INFO: Old style inpcrd file read

| peek_ewald_inpcrd: Box info found
|Largest sphere to fit in unit cell has radius =    19.210
| New format PARM file being parsed.
| Version =    1.000 Date = 03/22/17 Time = 11:43:16
 NATOM  =    3772 NTYPES =       6 NBONH =    2508 MBONA  =    1265
 NTHETH =    6270 MTHETA =    1272 NPHIH =   10051 MPHIA  =    3791
 NHPARM =       0 NPARM  =       0 NNB   =   22211 NRES   =     209
 NBONA  =    1265 NTHETA =    1272 NPHIA =    3791 NUMBND =       7
 NUMANG =      11 NPTRA  =      12 NATYP =       6 NPHB   =       0
 IFBOX  =       1 NMXRS  =      28 IFCAP =       0 NEXTRA =       0
 NCOPY  =       0


|     Memory Use     Allocated
|     Real              351565
|     Hollerith          11527
|     Integer           804273
|     Max Pairs        1257333
|     nblistReal         45264
|     nblist Int        337671
|       Total            12517 kbytes

| Note: 1-4 EEL scale factors are being read from the topology file.

| Note: 1-4 VDW scale factors are being read from the topology file.
| Duplicated    0 dihedrals
| Duplicated    0 dihedrals

     BOX TYPE: RECTILINEAR

--------------------------------------------------------------------------------
   2.  CONTROL  DATA  FOR  THE  RUN
--------------------------------------------------------------------------------

LIG                                                                             

General flags:
     imin    =       0, nmropt  =       1

Nature and format of input:
     ntx     =       1, irest   =       0, ntrx    =       1

Nature and format of output:
     ntxo    =       1, ntpr    =     100, ntrx    =       1, ntwr    =    1000
     iwrap   =       1, ntwx    =     200, ntwv    =       0, ntwe    =     200
     ioutfm  =       1, ntwprt  =       0, idecomp =       0, rbornstat=      0

Potential function:
     ntf     =       2, ntb     =       1, igb     =       0, nsnb    =      25
     ipol    =       0, gbsa    =       0, iesp    =       0
     dielc   =   1.00000, cut     =   8.00000, intdiel =   1.00000

Frozen or restrained atoms:
     ibelly  =       0, ntr     =       1
     restraint_wt =  10.00000

Molecular dynamics:
     nstlim  =      1000, nscm    =         0, nrespa  =         1
     t       =   0.00000, dt      =   0.00200, vlimit  =  20.00000

Berendsen (weak-coupling) temperature regulation:
     temp0   = 300.00000, tempi   =   5.00000, tautp   =   1.00000

SHAKE:
     ntc     =       2, jfastw  =       0
     tol     =   0.00001

NMR refinement options:
     iscale  =       0, noeskp  =       1, ipnlty  =       1, mxsub   =       1
     scalm   = 100.00000, pencut  =   0.10000, tausw   =   0.10000

Ewald parameters:
     verbose =       0, ew_type =       0, nbflag  =       1, use_pme =       1
     vdwmeth =       1, eedmeth =       1, netfrc  =       1
     Box X =   40.882   Box Y =   50.917   Box Z =   38.420
     Alpha =   90.000   Beta  =   90.000   Gamma =   90.000
     NFFT1 =   40       NFFT2 =   50       NFFT3 =   40
     Cutoff=    8.000   Tol   =0.100E-04
     Ewald Coefficient =  0.34864
     Interpolation order =    4

    LOADING THE CONSTRAINED ATOMS AS GROUPS


   5.  REFERENCE ATOM COORDINATES

  LIG 
     Mask !:CYC; matches    28 atoms

--------------------------------------------------------------------------------
   3.  ATOMIC COORDINATES AND VELOCITIES
--------------------------------------------------------------------------------

LIG                                                                             
 begin time read from input coords =     0.000 ps



           Begin reading energy term weight changes/NMR restraints
 WEIGHT CHANGES:
 TEMP0         0   1000    5.000000  300.000000      0      0

 RESTRAINTS:
                          ** No restraint defined **

                  Done reading weight changes/NMR restraints


 Number of triangulated 3-point waters found:        0

     Sum of charges from parm topology file =  -0.00300000
     Forcing neutrality...

--------------------------------------------------------------------------------
   4.  RESULTS
--------------------------------------------------------------------------------

|  # of SOLUTE  degrees of freedom (RNDFP):    8808.
|  # of SOLVENT degrees of freedom (RNDFS):       0.
|  NDFMIN =    8808.     NUM_NOSHAKE =      0     CORRECTED RNDFP =    8808.
|  TOTAL # of degrees of freedom (RNDF) =    8808.
 ---------------------------------------------------
 APPROXIMATING switch and d/dx switch using CUBIC SPLINE INTERPOLATION
 using   5000.0 points per unit in tabled values
 TESTING RELATIVE ERROR over r ranging from 0.0 to cutoff
| CHECK switch(x): max rel err =   0.2738E-14   at   2.422500
| CHECK d/dx switch(x): max rel err =   0.8332E-11   at   2.782960
 ---------------------------------------------------
| Local SIZE OF NONBOND LIST =     367637
| TOTAL SIZE OF NONBOND LIST =     367637

 NSTEP =        0   TIME(PS) =       0.000  TEMP(K) =     6.47  PRESS =     0.0
 Etot   =       742.4682  EKtot   =        56.6128  EPtot      =       685.8554
 BOND   =        28.1892  ANGLE   =        21.0297  DIHED      =       596.3602
 1-4 NB =       492.2176  1-4 EEL =      -170.8105  VDWAALS    =      -572.4821
 EELEC  =       290.8652  EHBOND  =         0.0000  RESTRAINT  =         0.4861
 EAMBER (non-restraint)  =       685.3693
 Ewald error estimate:   0.2976E-03
 ------------------------------------------------------------------------------

 NMR restraints: Bond =    0.000   Angle =     0.000   Torsion =     0.000
===============================================================================

 NSTEP =      100   TIME(PS) =       0.200  TEMP(K) =     4.07  PRESS =     0.0
 Etot   =       747.1077  EKtot   =        35.5857  EPtot      =       711.5220
 BOND   =        29.9695  ANGLE   =        41.9645  DIHED      =       597.4807
 1-4 NB =       495.0031  1-4 EEL =      -170.7059  VDWAALS    =      -573.7299
 EELEC  =       291.0043  EHBOND  =         0.0000  RESTRAINT  =         0.5357
 EAMBER (non-restraint)  =       710.9863
 Ewald error estimate:   0.1491E-04
 ------------------------------------------------------------------------------

 NMR restraints: Bond =    0.000   Angle =     0.000   Torsion =     0.000
===============================================================================

 NSTEP =      200   TIME(PS) =       0.400  TEMP(K) =    10.27  PRESS =     0.0
 Etot   =       805.3997  EKtot   =        89.9032  EPtot      =       715.4965
 BOND   =        36.3361  ANGLE   =        49.2527  DIHED      =       599.6958
 1-4 NB =       492.1566  1-4 EEL =      -170.5085  VDWAALS    =      -582.7787
 EELEC  =       290.8155  EHBOND  =         0.0000  RESTRAINT  =         0.5269
 EAMBER (non-restraint)  =       714.9696
 Ewald error estimate:   0.5742E-03
 ------------------------------------------------------------------------------

 NMR restraints: Bond =    0.000   Angle =     0.000   Torsion =     0.000
===============================================================================

 NSTEP =      300   TIME(PS) =       0.600  TEMP(K) =    21.91  PRESS =     0.0
 Etot   =       915.3240  EKtot   =       191.7791  EPtot      =       723.5449
 BOND   =        34.9690  ANGLE   =        70.9776  DIHED      =       600.8285
 1-4 NB =       499.8210  1-4 EEL =      -170.8704  VDWAALS    =      -604.0318
 EELEC  =       291.1572  EHBOND  =         0.0000  RESTRAINT  =         0.6937
 EAMBER (non-restraint)  =       722.8512
 Ewald error estimate:   0.5196E-03
 ------------------------------------------------------------------------------

 NMR restraints: Bond =    0.000   Angle =     0.000   Torsion =     0.000
===============================================================================

 NSTEP =      400   TIME(PS) =       0.800  TEMP(K) =    42.73  PRESS =     0.0
 Etot   =      1050.8386  EKtot   =       373.9348  EPtot      =       676.9039
 BOND   =        36.9534  ANGLE   =        61.5268  DIHED      =       603.0527
 1-4 NB =       496.0364  1-4 EEL =      -170.6592  VDWAALS    =      -641.5509
 EELEC  =       290.8122  EHBOND  =         0.0000  RESTRAINT  =         0.7326
 EAMBER (non-restraint)  =       676.1713
 Ewald error estimate:   0.2311E-03
 ------------------------------------------------------------------------------

 NMR restraints: Bond =    0.000   Angle =     0.000   Torsion =     0.000
===============================================================================

 NSTEP =      500   TIME(PS) =       1.000  TEMP(K) =    59.99  PRESS =     0.0
 Etot   =      1205.7542  EKtot   =       525.0425  EPtot      =       680.7117
 BOND   =        42.9860  ANGLE   =        93.4514  DIHED      =       604.6713
 1-4 NB =       500.0072  1-4 EEL =      -170.8209  VDWAALS    =      -681.4170
 EELEC  =       291.0523  EHBOND  =         0.0000  RESTRAINT  =         0.7814
 EAMBER (non-restraint)  =       679.9303
 Ewald error estimate:   0.7412E-04
 ------------------------------------------------------------------------------

 NMR restraints: Bond =    0.000   Angle =     0.000   Torsion =     0.000
===============================================================================

 NSTEP =      600   TIME(PS) =       1.200  TEMP(K) =    79.33  PRESS =     0.0
 Etot   =      1375.4867  EKtot   =       694.2491  EPtot      =       681.2376
 BOND   =        47.5473  ANGLE   =        99.6305  DIHED      =       612.3098
 1-4 NB =       500.5127  1-4 EEL =      -170.2771  VDWAALS    =      -700.2287
 EELEC  =       290.5763  EHBOND  =         0.0000  RESTRAINT  =         1.1668
 EAMBER (non-restraint)  =       680.0707
 Ewald error estimate:   0.3182E-03
 ------------------------------------------------------------------------------

 NMR restraints: Bond =    0.000   Angle =     0.000   Torsion =     0.000
===============================================================================

 NSTEP =      700   TIME(PS) =       1.400  TEMP(K) =    94.14  PRESS =     0.0
 Etot   =      1565.4655  EKtot   =       823.8507  EPtot      =       741.6148
 BOND   =        54.2674  ANGLE   =       157.5849  DIHED      =       621.8711
 1-4 NB =       505.6350  1-4 EEL =      -170.6269  VDWAALS    =      -718.8907
 EELEC  =       290.7220  EHBOND  =         0.0000  RESTRAINT  =         1.0520
 EAMBER (non-restraint)  =       740.5628
 Ewald error estimate:   0.4693E-04
 ------------------------------------------------------------------------------

 NMR restraints: Bond =    0.000   Angle =     0.000   Torsion =     0.000
===============================================================================

 NSTEP =      800   TIME(PS) =       1.600  TEMP(K) =   115.51  PRESS =     0.0
 Etot   =      1770.3382  EKtot   =      1010.8783  EPtot      =       759.4599
 BOND   =        55.8810  ANGLE   =       161.0817  DIHED      =       633.3567
 1-4 NB =       513.9042  1-4 EEL =      -170.9233  VDWAALS    =      -725.9685
 EELEC  =       290.9596  EHBOND  =         0.0000  RESTRAINT  =         1.1684
 EAMBER (non-restraint)  =       758.2914
 Ewald error estimate:   0.6361E-04
 ------------------------------------------------------------------------------

 NMR restraints: Bond =    0.000   Angle =     0.000   Torsion =     0.000
===============================================================================

 NSTEP =      900   TIME(PS) =       1.800  TEMP(K) =   137.17  PRESS =     0.0
 Etot   =      1991.7518  EKtot   =      1200.4612  EPtot      =       791.2907
 BOND   =        58.8170  ANGLE   =       189.4582  DIHED      =       642.9057
 1-4 NB =       507.7619  1-4 EEL =      -169.5984  VDWAALS    =      -729.8939
 EELEC  =       290.1444  EHBOND  =         0.0000  RESTRAINT  =         1.6957
 EAMBER (non-restraint)  =       789.5950
 Ewald error estimate:   0.3635E-04
 ------------------------------------------------------------------------------

 NMR restraints: Bond =    0.000   Angle =     0.000   Torsion =     0.000
===============================================================================

 NSTEP =     1000   TIME(PS) =       2.000  TEMP(K) =   157.73  PRESS =     0.0
 Etot   =      2233.7621  EKtot   =      1380.3899  EPtot      =       853.3722
 BOND   =        65.7981  ANGLE   =       222.5071  DIHED      =       659.3120
 1-4 NB =       510.7688  1-4 EEL =      -168.9231  VDWAALS    =      -727.4027
 EELEC  =       289.7001  EHBOND  =         0.0000  RESTRAINT  =         1.6118
 EAMBER (non-restraint)  =       851.7603
 Ewald error estimate:   0.1337E-03
 ------------------------------------------------------------------------------

 NMR restraints: Bond =    0.000   Angle =     0.000   Torsion =     0.000
===============================================================================

      A V E R A G E S   O V E R    1000 S T E P S


 NSTEP =     1000   TIME(PS) =       2.000  TEMP(K) =    64.05  PRESS =     0.0
 Etot   =      1289.9672  EKtot   =       560.5277  EPtot      =       729.4395
 BOND   =        44.1865  ANGLE   =       109.4498  DIHED      =       615.0313
 1-4 NB =       501.0002  1-4 EEL =      -170.3748  VDWAALS    =      -661.4698
 EELEC  =       290.6823  EHBOND  =         0.0000  RESTRAINT  =         0.9339
 EAMBER (non-restraint)  =       728.5056
 Ewald error estimate:   0.2344E-03
 ------------------------------------------------------------------------------

 NMR restraints: Bond =    0.000   Angle =     0.000   Torsion =     0.000
===============================================================================

      R M S  F L U C T U A T I O N S


 NSTEP =     1000   TIME(PS) =       2.000  TEMP(K) =    49.10  PRESS =     0.0
 Etot   =       458.6734  EKtot   =       429.7104  EPtot      =        42.1003
 BOND   =         9.7970  ANGLE   =        55.7559  DIHED      =        18.5837
 1-4 NB =         6.3222  1-4 EEL =         0.5179  VDWAALS    =        62.5979
 EELEC  =         0.4121  EHBOND  =         0.0000  RESTRAINT  =         0.3480
 EAMBER (non-restraint)  =        41.7523
 Ewald error estimate:   0.1887E-03
 ------------------------------------------------------------------------------


 NMR restraints on final step:


--------------------------------------------------------------------------------
   5.  TIMINGS
--------------------------------------------------------------------------------

|    Read coords time           0.00 ( 0.02% of Total)
|                Build the list             0.38 (92.34% of List )
|                Other                      0.03 ( 7.66% of List )
|             List time                  0.41 ( 2.62% of Nonbo)
|                   Short_ene time             8.83 (98.17% of Direc)
|                   Other                      0.16 ( 1.83% of Direc)
|                Direct Ewald time          9.00 (59.35% of Ewald)
|                Adjust Ewald time          0.73 ( 4.84% of Ewald)
|                Self Ewald time            0.00 ( 0.01% of Ewald)
|                   Fill Bspline coeffs        0.17 ( 3.33% of Recip)
|                   Fill charge grid           0.46 ( 9.16% of Recip)
|                   Scalar sum                 1.15 (22.99% of Recip)
|                   Grad sum                   0.87 (17.41% of Recip)
|                   FFT time                   2.36 (47.07% of Recip)
|                   Other                      0.00 ( 0.03% of Recip)
|                Recip Ewald time           5.02 (33.10% of Ewald)
|                Force Adjust               0.00 ( 0.02% of Ewald)
|                Virial junk                0.02 ( 0.12% of Ewald)
|                Other                      0.39 ( 2.55% of Ewald)
|             Ewald time                15.16 (97.35% of Nonbo)
|             Other                      0.00 ( 0.02% of Nonbo)
|          Nonbond force             15.57 (83.05% of Force)
|          Bond/Angle/Dihedral        3.17 (16.89% of Force)
|          Other                      0.01 ( 0.06% of Force)
|       Force time                18.75 (98.63% of Runmd)
|       Shake time                 0.12 ( 0.65% of Runmd)
|       Verlet update time         0.12 ( 0.61% of Runmd)
|       Other                      0.02 ( 0.11% of Runmd)
|    Runmd Time                19.01 (99.72% of Total)
|    Other                      0.05 ( 0.26% of Total)
| Total time                19.06 (100.0% of ALL  )

| Number of list builds   :         29

| Highest rstack allocated:     283846
| Highest istack allocated:       3772

| Final Performance Info:
| -----------------------------------------------------
| Average timings for all steps:
|     Elapsed(s) =      19.01 Per Step(ms) =      19.01
|         ns/day =       9.09   seconds/ns =    9504.72
| -----------------------------------------------------

|           Job began  at 11:43:19.098  on 03/22/2017
|           Setup done at 11:43:19.152  on 03/22/2017
|           Run   done at 11:43:38.161  on 03/22/2017
|     wallclock() was called   44119 times
