
          -------------------------------------------------------
          Amber 16 SANDER                              2016
          -------------------------------------------------------

| Run on 03/22/2017 at 11:43:38

|   Executable path: sander
| Working directory: /home/steboss/Simulation/logP_standrews/e_2356difluoro/cyclohexane/equilibration
|          Hostname: Unknown
  [-O]verwriting output

File Assignments:
|  MDIN: md00003.in                                                            
| MDOUT: md00003.out                                                           
|INPCRD: md00002.rst7                                                          
|  PARM: solvated.parm7                                                        
|RESTRT: md00003.rst7                                                          
|  REFC: solvated.rst7                                                         
| MDVEL: mdvel                                                                 
| MDFRC: mdfrc                                                                 
|  MDEN: md00003.en                                                            
| MDCRD: md00003.nc                                                            
|MDINFO: md00003.info                                                          
|  MTMD: mtmd                                                                  
|INPDIP: inpdip                                                                
|RSTDIP: rstdip                                                                
|INPTRA: inptraj                                                               


 Here is the input file:

constant temperature                                                           
&cntrl                                                                         
ntxo=1,                                                                        
imin = 0, nstlim = 4000, irest = 1, ntx = 5, dt = 0.002,                       
ntt = 1, temp0 = 300.0, tautp = 1.0,                                           
ntb = 1,                                                                       
ntc = 2, ntf = 2,                                                              
ioutfm = 1, iwrap = 1,                                                         
ntwe = 800, ntwx = 800, ntpr = 400,                                            
ntr = 1, restraint_wt = 10.00,                                                 
restraintmask="!:CYC",                                                         
/                                                                              
                                                                               

--------------------------------------------------------------------------------
   1.  RESOURCE   USE: 
--------------------------------------------------------------------------------

| Flags:                                                                        
 getting new box info from bottom of inpcrd
|  INFO: Old style inpcrd file read

| peek_ewald_inpcrd: Box info found
|Largest sphere to fit in unit cell has radius =    19.210
| New format PARM file being parsed.
| Version =    1.000 Date = 03/22/17 Time = 11:43:16
 NATOM  =    3772 NTYPES =       6 NBONH =    2508 MBONA  =    1265
 NTHETH =    6270 MTHETA =    1272 NPHIH =   10051 MPHIA  =    3791
 NHPARM =       0 NPARM  =       0 NNB   =   22211 NRES   =     209
 NBONA  =    1265 NTHETA =    1272 NPHIA =    3791 NUMBND =       7
 NUMANG =      11 NPTRA  =      12 NATYP =       6 NPHB   =       0
 IFBOX  =       1 NMXRS  =      28 IFCAP =       0 NEXTRA =       0
 NCOPY  =       0


|     Memory Use     Allocated
|     Real              351536
|     Hollerith          11527
|     Integer           804228
|     Max Pairs        1257333
|     nblistReal         45264
|     nblist Int        337671
|       Total            12517 kbytes

| Note: 1-4 EEL scale factors are being read from the topology file.

| Note: 1-4 VDW scale factors are being read from the topology file.
| Duplicated    0 dihedrals
| Duplicated    0 dihedrals

     BOX TYPE: RECTILINEAR

--------------------------------------------------------------------------------
   2.  CONTROL  DATA  FOR  THE  RUN
--------------------------------------------------------------------------------

LIG                                                                             

General flags:
     imin    =       0, nmropt  =       0

Nature and format of input:
     ntx     =       5, irest   =       1, ntrx    =       1

Nature and format of output:
     ntxo    =       1, ntpr    =     400, ntrx    =       1, ntwr    =    4000
     iwrap   =       1, ntwx    =     800, ntwv    =       0, ntwe    =     800
     ioutfm  =       1, ntwprt  =       0, idecomp =       0, rbornstat=      0

Potential function:
     ntf     =       2, ntb     =       1, igb     =       0, nsnb    =      25
     ipol    =       0, gbsa    =       0, iesp    =       0
     dielc   =   1.00000, cut     =   8.00000, intdiel =   1.00000

Frozen or restrained atoms:
     ibelly  =       0, ntr     =       1
     restraint_wt =  10.00000

Molecular dynamics:
     nstlim  =      4000, nscm    =         0, nrespa  =         1
     t       =   0.00000, dt      =   0.00200, vlimit  =  20.00000

Berendsen (weak-coupling) temperature regulation:
     temp0   = 300.00000, tempi   =   0.00000, tautp   =   1.00000

SHAKE:
     ntc     =       2, jfastw  =       0
     tol     =   0.00001

Ewald parameters:
     verbose =       0, ew_type =       0, nbflag  =       1, use_pme =       1
     vdwmeth =       1, eedmeth =       1, netfrc  =       1
     Box X =   40.882   Box Y =   50.917   Box Z =   38.420
     Alpha =   90.000   Beta  =   90.000   Gamma =   90.000
     NFFT1 =   40       NFFT2 =   50       NFFT3 =   40
     Cutoff=    8.000   Tol   =0.100E-04
     Ewald Coefficient =  0.34864
     Interpolation order =    4

    LOADING THE CONSTRAINED ATOMS AS GROUPS


   5.  REFERENCE ATOM COORDINATES

  LIG 
     Mask !:CYC; matches    28 atoms

--------------------------------------------------------------------------------
   3.  ATOMIC COORDINATES AND VELOCITIES
--------------------------------------------------------------------------------

LIG                                                                             
 begin time read from input coords =     2.000 ps

 Number of triangulated 3-point waters found:        0

     Sum of charges from parm topology file =  -0.00300000
     Forcing neutrality...

--------------------------------------------------------------------------------
   4.  RESULTS
--------------------------------------------------------------------------------

|  # of SOLUTE  degrees of freedom (RNDFP):    8808.
|  # of SOLVENT degrees of freedom (RNDFS):       0.
|  NDFMIN =    8808.     NUM_NOSHAKE =      0     CORRECTED RNDFP =    8808.
|  TOTAL # of degrees of freedom (RNDF) =    8808.
 ---------------------------------------------------
 APPROXIMATING switch and d/dx switch using CUBIC SPLINE INTERPOLATION
 using   5000.0 points per unit in tabled values
 TESTING RELATIVE ERROR over r ranging from 0.0 to cutoff
| CHECK switch(x): max rel err =   0.2738E-14   at   2.422500
| CHECK d/dx switch(x): max rel err =   0.8332E-11   at   2.782960
 ---------------------------------------------------
| Local SIZE OF NONBOND LIST =     356923
| TOTAL SIZE OF NONBOND LIST =     356923

 NSTEP =      400   TIME(PS) =       2.800  TEMP(K) =   213.01  PRESS =     0.0
 Etot   =      3006.8581  EKtot   =      1864.1751  EPtot      =      1142.6830
 BOND   =       105.7869  ANGLE   =       375.8226  DIHED      =       717.3614
 1-4 NB =       525.4452  1-4 EEL =      -167.4316  VDWAALS    =      -705.7792
 EELEC  =       288.4697  EHBOND  =         0.0000  RESTRAINT  =         3.0080
 EAMBER (non-restraint)  =      1139.6750
 Ewald error estimate:   0.3169E-03
 ------------------------------------------------------------------------------


 NSTEP =      800   TIME(PS) =       3.600  TEMP(K) =   245.85  PRESS =     0.0
 Etot   =      3483.3586  EKtot   =      2151.5453  EPtot      =      1331.8132
 BOND   =       128.6561  ANGLE   =       497.5946  DIHED      =       746.2495
 1-4 NB =       540.5699  1-4 EEL =      -166.4753  VDWAALS    =      -707.4806
 EELEC  =       288.3198  EHBOND  =         0.0000  RESTRAINT  =         4.3791
 EAMBER (non-restraint)  =      1327.4341
 Ewald error estimate:   0.3997E-04
 ------------------------------------------------------------------------------


 NSTEP =     1200   TIME(PS) =       4.400  TEMP(K) =   254.03  PRESS =     0.0
 Etot   =      3809.6615  EKtot   =      2223.1274  EPtot      =      1586.5341
 BOND   =       167.3323  ANGLE   =       638.3165  DIHED      =       806.8292
 1-4 NB =       554.6302  1-4 EEL =      -163.2821  VDWAALS    =      -706.9679
 EELEC  =       286.4693  EHBOND  =         0.0000  RESTRAINT  =         3.2066
 EAMBER (non-restraint)  =      1583.3274
 Ewald error estimate:   0.7707E-04
 ------------------------------------------------------------------------------


 NSTEP =     1600   TIME(PS) =       5.200  TEMP(K) =   266.76  PRESS =     0.0
 Etot   =      4060.7460  EKtot   =      2334.5494  EPtot      =      1726.1966
 BOND   =       184.7844  ANGLE   =       730.0513  DIHED      =       796.8835
 1-4 NB =       581.1988  1-4 EEL =      -166.4665  VDWAALS    =      -694.5001
 EELEC  =       288.7335  EHBOND  =         0.0000  RESTRAINT  =         5.5118
 EAMBER (non-restraint)  =      1720.6849
 Ewald error estimate:   0.1069E-03
 ------------------------------------------------------------------------------


 NSTEP =     2000   TIME(PS) =       6.000  TEMP(K) =   271.33  PRESS =     0.0
 Etot   =      4256.7832  EKtot   =      2374.6013  EPtot      =      1882.1820
 BOND   =       202.7378  ANGLE   =       822.6012  DIHED      =       826.2878
 1-4 NB =       580.5150  1-4 EEL =      -166.0349  VDWAALS    =      -679.3551
 EELEC  =       288.0394  EHBOND  =         0.0000  RESTRAINT  =         7.3908
 EAMBER (non-restraint)  =      1874.7911
 Ewald error estimate:   0.1913E-03
 ------------------------------------------------------------------------------


 NSTEP =     2400   TIME(PS) =       6.800  TEMP(K) =   279.12  PRESS =     0.0
 Etot   =      4411.8744  EKtot   =      2442.7349  EPtot      =      1969.1394
 BOND   =       223.0499  ANGLE   =       900.8082  DIHED      =       808.2489
 1-4 NB =       600.4539  1-4 EEL =      -168.4097  VDWAALS    =      -694.5382
 EELEC  =       289.0920  EHBOND  =         0.0000  RESTRAINT  =        10.4343
 EAMBER (non-restraint)  =      1958.7051
 Ewald error estimate:   0.1053E-03
 ------------------------------------------------------------------------------


 NSTEP =     2800   TIME(PS) =       7.600  TEMP(K) =   287.28  PRESS =     0.0
 Etot   =      4526.9633  EKtot   =      2514.1353  EPtot      =      2012.8280
 BOND   =       215.9772  ANGLE   =       971.3731  DIHED      =       823.2746
 1-4 NB =       596.1931  1-4 EEL =      -165.4545  VDWAALS    =      -722.5181
 EELEC  =       287.7433  EHBOND  =         0.0000  RESTRAINT  =         6.2392
 EAMBER (non-restraint)  =      2006.5888
 Ewald error estimate:   0.9847E-04
 ------------------------------------------------------------------------------


 NSTEP =     3200   TIME(PS) =       8.400  TEMP(K) =   283.56  PRESS =     0.0
 Etot   =      4620.9676  EKtot   =      2481.5815  EPtot      =      2139.3861
 BOND   =       269.8218  ANGLE   =      1077.5204  DIHED      =       805.0911
 1-4 NB =       582.3285  1-4 EEL =      -167.3163  VDWAALS    =      -721.7509
 EELEC  =       288.5803  EHBOND  =         0.0000  RESTRAINT  =         5.1111
 EAMBER (non-restraint)  =      2134.2750
 Ewald error estimate:   0.2024E-03
 ------------------------------------------------------------------------------


 NSTEP =     3600   TIME(PS) =       9.200  TEMP(K) =   284.77  PRESS =     0.0
 Etot   =      4714.5065  EKtot   =      2492.1493  EPtot      =      2222.3572
 BOND   =       270.8392  ANGLE   =      1135.6772  DIHED      =       811.8792
 1-4 NB =       586.0564  1-4 EEL =      -164.5444  VDWAALS    =      -713.4165
 EELEC  =       287.0384  EHBOND  =         0.0000  RESTRAINT  =         8.8277
 EAMBER (non-restraint)  =      2213.5296
 Ewald error estimate:   0.3241E-03
 ------------------------------------------------------------------------------


 NSTEP =     4000   TIME(PS) =      10.000  TEMP(K) =   287.46  PRESS =     0.0
 Etot   =      4803.2055  EKtot   =      2515.7262  EPtot      =      2287.4793
 BOND   =       284.3701  ANGLE   =      1175.0606  DIHED      =       807.5050
 1-4 NB =       596.2703  1-4 EEL =      -165.0264  VDWAALS    =      -708.0852
 EELEC  =       288.0109  EHBOND  =         0.0000  RESTRAINT  =         9.3739
 EAMBER (non-restraint)  =      2278.1053
 Ewald error estimate:   0.1418E-03
 ------------------------------------------------------------------------------


      A V E R A G E S   O V E R    4000 S T E P S


 NSTEP =     4000   TIME(PS) =      10.000  TEMP(K) =   263.00  PRESS =     0.0
 Etot   =      4048.8576  EKtot   =      2301.6658  EPtot      =      1747.1919
 BOND   =       194.6428  ANGLE   =       775.7114  DIHED      =       785.2088
 1-4 NB =       570.7358  1-4 EEL =      -166.4286  VDWAALS    =      -706.8050
 EELEC  =       288.2818  EHBOND  =         0.0000  RESTRAINT  =         5.8448
 EAMBER (non-restraint)  =      1741.3470
 Ewald error estimate:   0.1275E-03
 ------------------------------------------------------------------------------


      R M S  F L U C T U A T I O N S


 NSTEP =     4000   TIME(PS) =      10.000  TEMP(K) =    30.53  PRESS =     0.0
 Etot   =       653.0460  EKtot   =       267.1445  EPtot      =       396.3908
 BOND   =        65.6108  ANGLE   =       273.0224  DIHED      =        42.3935
 1-4 NB =        23.8879  1-4 EEL =         1.5959  VDWAALS    =        14.4837
 EELEC  =         0.8892  EHBOND  =         0.0000  RESTRAINT  =         2.3228
 EAMBER (non-restraint)  =       394.0680
 Ewald error estimate:   0.7524E-04
 ------------------------------------------------------------------------------


--------------------------------------------------------------------------------
   5.  TIMINGS
--------------------------------------------------------------------------------

|    Read coords time           0.01 ( 0.01% of Total)
|                Build the list             3.64 (97.44% of List )
|                Other                      0.10 ( 2.56% of List )
|             List time                  3.74 ( 5.70% of Nonbo)
|                   Short_ene time            36.80 (98.29% of Direc)
|                   Other                      0.64 ( 1.71% of Direc)
|                Direct Ewald time         37.44 (60.56% of Ewald)
|                Adjust Ewald time          2.95 ( 4.78% of Ewald)
|                Self Ewald time            0.01 ( 0.01% of Ewald)
|                   Fill Bspline coeffs        0.67 ( 3.38% of Recip)
|                   Fill charge grid           1.81 ( 9.13% of Recip)
|                   Scalar sum                 4.57 (23.10% of Recip)
|                   Grad sum                   3.44 (17.38% of Recip)
|                   FFT time                   9.30 (46.98% of Recip)
|                   Other                      0.01 ( 0.03% of Recip)
|                Recip Ewald time          19.79 (32.02% of Ewald)
|                Force Adjust               0.01 ( 0.02% of Ewald)
|                Virial junk                0.07 ( 0.12% of Ewald)
|                Other                      1.54 ( 2.49% of Ewald)
|             Ewald time                61.82 (94.28% of Nonbo)
|             Other                      0.01 ( 0.02% of Nonbo)
|          Nonbond force             65.57 (83.65% of Force)
|          Bond/Angle/Dihedral       12.79 (16.31% of Force)
|          Other                      0.03 ( 0.03% of Force)
|       Force time                78.39 (98.67% of Runmd)
|       Shake time                 0.56 ( 0.71% of Runmd)
|       Verlet update time         0.41 ( 0.52% of Runmd)
|       Other                      0.08 ( 0.10% of Runmd)
|    Runmd Time                79.45 (100.0% of Total)
|    Other                      0.05 ( 0.07% of Total)
| Total time                79.50 (100.0% of ALL  )

| Number of list builds   :        279

| Highest rstack allocated:     283846
| Highest istack allocated:       3772

| Final Performance Info:
| -----------------------------------------------------
| Average timings for all steps:
|     Elapsed(s) =      79.45 Per Step(ms) =      19.86
|         ns/day =       8.70   seconds/ns =    9930.76
| -----------------------------------------------------

|           Job began  at 11:43:38.166  on 03/22/2017
|           Setup done at 11:43:38.226  on 03/22/2017
|           Run   done at 11:44:57.672  on 03/22/2017
|     wallclock() was called  176581 times
