
          -------------------------------------------------------
          Amber 16 SANDER                              2016
          -------------------------------------------------------

| Run on 03/22/2017 at 11:43:16

|   Executable path: sander
| Working directory: /home/steboss/Simulation/logP_standrews/e_2356difluoro/cyclohexane/equilibration
|          Hostname: Unknown
  [-O]verwriting output

File Assignments:
|  MDIN: min00001.in                                                           
| MDOUT: min00001.out                                                          
|INPCRD: solvated.rst7                                                         
|  PARM: solvated.parm7                                                        
|RESTRT: min00001.rst7                                                         
|  REFC: solvated.rst7                                                         
| MDVEL: mdvel                                                                 
| MDFRC: mdfrc                                                                 
|  MDEN: min00001.en                                                           
| MDCRD: min00001.nc                                                           
|MDINFO: min00001.info                                                         
|  MTMD: mtmd                                                                  
|INPDIP: inpdip                                                                
|RSTDIP: rstdip                                                                
|INPTRA: inptraj                                                               


 Here is the input file:

                                                                               
Minimise whole system                                                          
&cntrl                                                                         
ntxo=1,                                                                        
imin = 1, ntmin = 1,                                                           
maxcyc = 100, ncyc = 10,                                                       
ntpr = 20, ntwe = 20,                                                          
dx0 = 1.0D-7,                                                                  
ntb = 1,                                                                       
ntr = 1, restraint_wt = 10.00,                                                 
restraintmask="!:CYC",                                                         
/                                                                              

--------------------------------------------------------------------------------
   1.  RESOURCE   USE: 
--------------------------------------------------------------------------------

| Flags:                                                                        
 getting new box info from bottom of inpcrd
|  INFO: Old style inpcrd file read

| peek_ewald_inpcrd: Box info found
|Largest sphere to fit in unit cell has radius =    19.210
| New format PARM file being parsed.
| Version =    1.000 Date = 03/22/17 Time = 11:43:16
 NATOM  =    3772 NTYPES =       6 NBONH =    2508 MBONA  =    1265
 NTHETH =    6270 MTHETA =    1272 NPHIH =   10051 MPHIA  =    3791
 NHPARM =       0 NPARM  =       0 NNB   =   22211 NRES   =     209
 NBONA  =    1265 NTHETA =    1272 NPHIA =    3791 NUMBND =       7
 NUMANG =      11 NPTRA  =      12 NATYP =       6 NPHB   =       0
 IFBOX  =       1 NMXRS  =      28 IFCAP =       0 NEXTRA =       0
 NCOPY  =       0


|     Memory Use     Allocated
|     Real              397000
|     Hollerith          11527
|     Integer           804228
|     Max Pairs        1257333
|     nblistReal         45264
|     nblist Int        337671
|       Total            12872 kbytes

| Note: 1-4 EEL scale factors are being read from the topology file.

| Note: 1-4 VDW scale factors are being read from the topology file.
| Duplicated    0 dihedrals
| Duplicated    0 dihedrals

     BOX TYPE: RECTILINEAR

--------------------------------------------------------------------------------
   2.  CONTROL  DATA  FOR  THE  RUN
--------------------------------------------------------------------------------

LIG                                                                             

General flags:
     imin    =       1, nmropt  =       0

Nature and format of input:
     ntx     =       1, irest   =       0, ntrx    =       1

Nature and format of output:
     ntxo    =       1, ntpr    =      20, ntrx    =       1, ntwr    =       1
     iwrap   =       0, ntwx    =       0, ntwv    =       0, ntwe    =      20
     ioutfm  =       1, ntwprt  =       0, idecomp =       0, rbornstat=      0

Potential function:
     ntf     =       1, ntb     =       1, igb     =       0, nsnb    =      25
     ipol    =       0, gbsa    =       0, iesp    =       0
     dielc   =   1.00000, cut     =   8.00000, intdiel =   1.00000

Frozen or restrained atoms:
     ibelly  =       0, ntr     =       1
     restraint_wt =  10.00000

Energy minimization:
     maxcyc  =     100, ncyc    =      10, ntmin   =       1
     dx0     =   0.00000, drms    =   0.00010

Ewald parameters:
     verbose =       0, ew_type =       0, nbflag  =       1, use_pme =       1
     vdwmeth =       1, eedmeth =       1, netfrc  =       0
     Box X =   40.882   Box Y =   50.917   Box Z =   38.420
     Alpha =   90.000   Beta  =   90.000   Gamma =   90.000
     NFFT1 =   40       NFFT2 =   50       NFFT3 =   40
     Cutoff=    8.000   Tol   =0.100E-04
     Ewald Coefficient =  0.34864
     Interpolation order =    4

    LOADING THE CONSTRAINED ATOMS AS GROUPS


   5.  REFERENCE ATOM COORDINATES

  LIG 
     Mask !:CYC; matches    28 atoms

--------------------------------------------------------------------------------
   3.  ATOMIC COORDINATES AND VELOCITIES
--------------------------------------------------------------------------------

LIG                                                                             
 begin time read from input coords =     0.000 ps

 Number of triangulated 3-point waters found:        0

     Sum of charges from parm topology file =  -0.00300000
     Forcing neutrality...

--------------------------------------------------------------------------------
   4.  RESULTS
--------------------------------------------------------------------------------

 ---------------------------------------------------
 APPROXIMATING switch and d/dx switch using CUBIC SPLINE INTERPOLATION
 using   5000.0 points per unit in tabled values
 TESTING RELATIVE ERROR over r ranging from 0.0 to cutoff
| CHECK switch(x): max rel err =   0.2738E-14   at   2.422500
| CHECK d/dx switch(x): max rel err =   0.8332E-11   at   2.782960
 ---------------------------------------------------
| Local SIZE OF NONBOND LIST =     367639
| TOTAL SIZE OF NONBOND LIST =     367639


   NSTEP       ENERGY          RMS            GMAX         NAME    NUMBER
      1       8.1558E+02     2.3798E+00     2.7222E+01     C2          4

 BOND    =       22.7002  ANGLE   =       25.4377  DIHED      =      585.5885
 VDWAALS =     -559.0297  EEL     =      297.1881  HBOND      =        0.0000
 1-4 VDW =      623.8983  1-4 EEL =     -180.2005  RESTRAINT  =        0.0000


   NSTEP       ENERGY          RMS            GMAX         NAME    NUMBER
     20       7.1036E+02     1.1443E+00     3.6706E+01     C9         14

 BOND    =       30.6690  ANGLE   =       26.8853  DIHED      =      578.7287
 VDWAALS =     -565.8139  EEL     =      294.5737  HBOND      =        0.0000
 1-4 VDW =      522.5778  1-4 EEL =     -177.5564  RESTRAINT  =        0.2938
 EAMBER  =      710.0642


   NSTEP       ENERGY          RMS            GMAX         NAME    NUMBER
     40       6.9173E+02     3.6026E-01     7.6564E+00     C10        15

 BOND    =       21.8104  ANGLE   =       17.8692  DIHED      =      591.0594
 VDWAALS =     -569.9266  EEL     =      292.3691  HBOND      =        0.0000
 1-4 VDW =      511.1945  1-4 EEL =     -173.1511  RESTRAINT  =        0.5041
 EAMBER  =      691.2249


   NSTEP       ENERGY          RMS            GMAX         NAME    NUMBER
     60       6.8735E+02     1.2182E-01     4.1015E+00     C9         14

 BOND    =       27.5580  ANGLE   =       21.4811  DIHED      =      597.0178
 VDWAALS =     -572.3467  EEL     =      290.8265  HBOND      =        0.0000
 1-4 VDW =      493.0298  1-4 EEL =     -170.7503  RESTRAINT  =        0.5326
 EAMBER  =      686.8163


   NSTEP       ENERGY          RMS            GMAX         NAME    NUMBER
     80       6.9331E+02     8.5977E-01     1.0937E+01     C5          9

 BOND    =       45.8643  ANGLE   =       16.4723  DIHED      =      598.1973
 VDWAALS =     -572.6908  EEL     =      290.9304  HBOND      =        0.0000
 1-4 VDW =      484.9801  1-4 EEL =     -170.9981  RESTRAINT  =        0.5543
 EAMBER  =      692.7556


   NSTEP       ENERGY          RMS            GMAX         NAME    NUMBER
    100       6.8656E+02     4.5753E-02     1.0375E+00     C5          9

 BOND    =       28.8934  ANGLE   =       21.0297  DIHED      =      596.3602
 VDWAALS =     -572.4821  EEL     =      290.8652  HBOND      =        0.0000
 1-4 VDW =      492.2176  1-4 EEL =     -170.8105  RESTRAINT  =        0.4861
 EAMBER  =      686.0735


  Maximum number of minimization cycles reached.


                    FINAL RESULTS



   NSTEP       ENERGY          RMS            GMAX         NAME    NUMBER
    100       6.8656E+02     4.5753E-02     1.0375E+00     C5          9

 BOND    =       28.8934  ANGLE   =       21.0297  DIHED      =      596.3602
 VDWAALS =     -572.4821  EEL     =      290.8652  HBOND      =        0.0000
 1-4 VDW =      492.2176  1-4 EEL =     -170.8105  RESTRAINT  =        0.4861
 EAMBER  =      686.0735

--------------------------------------------------------------------------------
   5.  TIMINGS
--------------------------------------------------------------------------------

|    Read coords time           0.00 ( 0.11% of Total)
|                Build the list             0.01 (48.68% of List )
|                Other                      0.01 (51.32% of List )
|             List time                  0.02 ( 1.64% of Nonbo)
|                   Short_ene time             0.80 (97.94% of Direc)
|                   Other                      0.02 ( 2.06% of Direc)
|                Direct Ewald time          0.82 (56.61% of Ewald)
|                Adjust Ewald time          0.07 ( 5.05% of Ewald)
|                Self Ewald time            0.00 ( 0.01% of Ewald)
|                   Fill Bspline coeffs        0.02 ( 3.33% of Recip)
|                   Fill charge grid           0.05 ( 9.15% of Recip)
|                   Scalar sum                 0.12 (23.22% of Recip)
|                   Grad sum                   0.09 (17.40% of Recip)
|                   FFT time                   0.24 (46.86% of Recip)
|                   Other                      0.00 ( 0.03% of Recip)
|                Recip Ewald time           0.51 (35.46% of Ewald)
|                Virial junk                0.00 ( 0.14% of Ewald)
|                Start synchronizatio       0.00 ( 0.01% of Ewald)
|                Other                      0.04 ( 2.72% of Ewald)
|             Ewald time                 1.44 (98.33% of Nonbo)
|             Other                      0.00 ( 0.03% of Nonbo)
|          Nonbond force              1.47 (81.96% of Force)
|          Bond/Angle/Dihedral        0.32 (17.96% of Force)
|          Other                      0.00 ( 0.08% of Force)
|       Force time                 1.79 (100.0% of Runmd)
|    Runmd Time                 1.79 (71.20% of Total)
|    Other                      0.72 (28.69% of Total)
| Total time                 2.51 (100.0% of ALL  )

| Number of list builds   :          1

| Highest rstack allocated:     283846
| Highest istack allocated:       3772
|           Job began  at 11:43:16.580  on 03/22/2017
|           Setup done at 11:43:16.629  on 03/22/2017
|           Run   done at 11:43:19.093  on 03/22/2017
|     wallclock() was called    3850 times
