
          -------------------------------------------------------
          Amber 16 SANDER                              2016
          -------------------------------------------------------

| Run on 03/23/2017 at 17:51:46

|   Executable path: sander
| Working directory: /home/steboss/Simulation/logP_standrews/inputfiles/e_2356difluoro/water/equilibration
|          Hostname: Unknown
  [-O]verwriting output

File Assignments:
|  MDIN: md00004.in                                                            
| MDOUT: md00004.out                                                           
|INPCRD: md00003.rst7                                                          
|  PARM: solvated.parm7                                                        
|RESTRT: md00004.rst7                                                          
|  REFC: solvated.rst7                                                         
| MDVEL: mdvel                                                                 
| MDFRC: mdfrc                                                                 
|  MDEN: md00004.en                                                            
| MDCRD: md00004.nc                                                            
|MDINFO: md00004.info                                                          
|  MTMD: mtmd                                                                  
|INPDIP: inpdip                                                                
|RSTDIP: rstdip                                                                
|INPTRA: inptraj                                                               


 Here is the input file:

md with sander                                                                 
&cntrl                                                                         
ntxo=1,                                                                        
imin = 0, nstlim = 15000, irest = 1, ntx = 5, dt = 0.002,                      
ntt = 1, temp0 = 298.0, tautp = 1.0,                                           
ntp = 1, pres0 = 1.0, taup = 0.5,                                              
ntb = 2,                                                                       
ntc = 2, ntf = 2,                                                              
ioutfm = 1, iwrap = 1,                                                         
ntwe = 3000, ntwx = 3000, ntpr = 1500,                                         
ntr = 1, restraint_wt = 10.00,                                                 
restraintmask="!:WAT,HOH,T3P,T4P",                                             
/                                                                              
                                                                               

--------------------------------------------------------------------------------
   1.  RESOURCE   USE: 
--------------------------------------------------------------------------------

| Flags:                                                                        
 getting new box info from bottom of inpcrd
|  INFO: Old style inpcrd file read

| peek_ewald_inpcrd: Box info found
|Largest sphere to fit in unit cell has radius =    17.634
| New format PARM file being parsed.
| Version =    1.000 Date = 03/23/17 Time = 17:50:05
 NATOM  =    3337 NTYPES =       8 NBONH =    3321 MBONA  =      17
 NTHETH =      30 MTHETA =      24 NPHIH =      67 MPHIA  =      47
 NHPARM =       0 NPARM  =       0 NNB   =    4576 NRES   =    1104
 NBONA  =      17 NTHETA =      24 NPHIA =      47 NUMBND =       9
 NUMANG =      11 NPTRA  =      11 NATYP =       8 NPHB   =       1
 IFBOX  =       1 NMXRS  =      28 IFCAP =       0 NEXTRA =       0
 NCOPY  =       0


|     Memory Use     Allocated
|     Real              320978
|     Hollerith          11117
|     Integer           101346
|     Max Pairs        1112333
|     nblistReal         40044
|     nblist Int        176440
|       Total             8294 kbytes

| Note: 1-4 EEL scale factors are being read from the topology file.

| Note: 1-4 VDW scale factors are being read from the topology file.
| Duplicated    0 dihedrals
| Duplicated    0 dihedrals

     BOX TYPE: RECTILINEAR

--------------------------------------------------------------------------------
   2.  CONTROL  DATA  FOR  THE  RUN
--------------------------------------------------------------------------------

LIG                                                                             

General flags:
     imin    =       0, nmropt  =       0

Nature and format of input:
     ntx     =       5, irest   =       1, ntrx    =       1

Nature and format of output:
     ntxo    =       1, ntpr    =    1500, ntrx    =       1, ntwr    =   15000
     iwrap   =       1, ntwx    =    3000, ntwv    =       0, ntwe    =    3000
     ioutfm  =       1, ntwprt  =       0, idecomp =       0, rbornstat=      0

Potential function:
     ntf     =       2, ntb     =       2, igb     =       0, nsnb    =      25
     ipol    =       0, gbsa    =       0, iesp    =       0
     dielc   =   1.00000, cut     =   8.00000, intdiel =   1.00000

Frozen or restrained atoms:
     ibelly  =       0, ntr     =       1
     restraint_wt =  10.00000

Molecular dynamics:
     nstlim  =     15000, nscm    =         0, nrespa  =         1
     t       =   0.00000, dt      =   0.00200, vlimit  =  20.00000

Berendsen (weak-coupling) temperature regulation:
     temp0   = 298.00000, tempi   =   0.00000, tautp   =   1.00000

Pressure regulation:
     ntp     =       1
     pres0   =   1.00000, comp    =  44.60000, taup    =   0.50000

SHAKE:
     ntc     =       2, jfastw  =       0
     tol     =   0.00001

Ewald parameters:
     verbose =       0, ew_type =       0, nbflag  =       1, use_pme =       1
     vdwmeth =       1, eedmeth =       1, netfrc  =       1
     Box X =   36.005   Box Y =   35.267   Box Z =   38.379
     Alpha =   90.000   Beta  =   90.000   Gamma =   90.000
     NFFT1 =   36       NFFT2 =   36       NFFT3 =   40
     Cutoff=    8.000   Tol   =0.100E-04
     Ewald Coefficient =  0.34864
     Interpolation order =    4

    LOADING THE CONSTRAINED ATOMS AS GROUPS


   5.  REFERENCE ATOM COORDINATES

  LIG 
     Mask !:WAT,HOH,T3P,T4P; matches    28 atoms

--------------------------------------------------------------------------------
   3.  ATOMIC COORDINATES AND VELOCITIES
--------------------------------------------------------------------------------

LIG                                                                             
 begin time read from input coords =    10.000 ps

 Number of triangulated 3-point waters found:     1103

     Sum of charges from parm topology file =   0.00200000
     Forcing neutrality...

--------------------------------------------------------------------------------
   4.  RESULTS
--------------------------------------------------------------------------------

|  # of SOLUTE  degrees of freedom (RNDFP):    6690.
|  # of SOLVENT degrees of freedom (RNDFS):       0.
|  NDFMIN =    6690.     NUM_NOSHAKE =      0     CORRECTED RNDFP =    6690.
|  TOTAL # of degrees of freedom (RNDF) =    6690.
 ---------------------------------------------------
 APPROXIMATING switch and d/dx switch using CUBIC SPLINE INTERPOLATION
 using   5000.0 points per unit in tabled values
 TESTING RELATIVE ERROR over r ranging from 0.0 to cutoff
| CHECK switch(x): max rel err =   0.2738E-14   at   2.422500
| CHECK d/dx switch(x): max rel err =   0.8332E-11   at   2.782960
 ---------------------------------------------------
| Local SIZE OF NONBOND LIST =     551687
| TOTAL SIZE OF NONBOND LIST =     551687

 NSTEP =     1500   TIME(PS) =      13.000  TEMP(K) =   295.11  PRESS =  -567.6
 Etot   =     -8254.3894  EKtot   =      1961.6362  EPtot      =    -10216.0256
 BOND   =         8.2010  ANGLE   =         7.4928  DIHED      =         7.1177
 1-4 NB =         9.3022  1-4 EEL =        -0.2061  VDWAALS    =      1522.4844
 EELEC  =    -11774.6617  EHBOND  =         0.0000  RESTRAINT  =         4.2442
 EAMBER (non-restraint)  =    -10220.2698
 EKCMT  =      1000.8249  VIRIAL  =      1533.6124  VOLUME     =     43478.0273
                                                    Density    =         0.7678
 Ewald error estimate:   0.1427E-03
 ------------------------------------------------------------------------------


 NSTEP =     3000   TIME(PS) =      16.000  TEMP(K) =   302.57  PRESS =  -395.2
 Etot   =     -8336.8240  EKtot   =      2011.2076  EPtot      =    -10348.0316
 BOND   =         3.9710  ANGLE   =        10.4516  DIHED      =         7.5962
 1-4 NB =         8.2591  1-4 EEL =         0.2344  VDWAALS    =      1570.6774
 EELEC  =    -11953.4905  EHBOND  =         0.0000  RESTRAINT  =         4.2692
 EAMBER (non-restraint)  =    -10352.3008
 EKCMT  =      1010.6298  VIRIAL  =      1341.7956  VOLUME     =     38811.2730
                                                    Density    =         0.8602
 Ewald error estimate:   0.4061E-04
 ------------------------------------------------------------------------------


 NSTEP =     4500   TIME(PS) =      19.000  TEMP(K) =   303.13  PRESS =  -394.7
 Etot   =     -8449.5917  EKtot   =      2014.9404  EPtot      =    -10464.5321
 BOND   =         4.0137  ANGLE   =         8.4886  DIHED      =         6.7172
 1-4 NB =         8.8120  1-4 EEL =         0.3697  VDWAALS    =      1509.3751
 EELEC  =    -12006.4657  EHBOND  =         0.0000  RESTRAINT  =         4.1573
 EAMBER (non-restraint)  =    -10468.6894
 EKCMT  =      1004.2679  VIRIAL  =      1299.6587  VOLUME     =     34661.7167
                                                    Density    =         0.9631
 Ewald error estimate:   0.3440E-04
 ------------------------------------------------------------------------------


 NSTEP =     6000   TIME(PS) =      22.000  TEMP(K) =   298.84  PRESS =    73.9
 Etot   =     -8482.8099  EKtot   =      1986.4669  EPtot      =    -10469.2769
 BOND   =         4.6578  ANGLE   =        11.0646  DIHED      =         6.6784
 1-4 NB =         8.5188  1-4 EEL =         0.0117  VDWAALS    =      1578.3434
 EELEC  =    -12081.8580  EHBOND  =         0.0000  RESTRAINT  =         3.3066
 EAMBER (non-restraint)  =    -10472.5834
 EKCMT  =       973.4294  VIRIAL  =       918.9031  VOLUME     =     34156.9594
                                                    Density    =         0.9774
 Ewald error estimate:   0.1972E-04
 ------------------------------------------------------------------------------


 NSTEP =     7500   TIME(PS) =      25.000  TEMP(K) =   296.59  PRESS =  -206.1
 Etot   =     -8504.6540  EKtot   =      1971.4873  EPtot      =    -10476.1413
 BOND   =         9.0685  ANGLE   =         9.5409  DIHED      =         8.3173
 1-4 NB =         9.6305  1-4 EEL =        -0.0187  VDWAALS    =      1518.3000
 EELEC  =    -12035.3599  EHBOND  =         0.0000  RESTRAINT  =         4.3802
 EAMBER (non-restraint)  =    -10480.5214
 EKCMT  =       974.3591  VIRIAL  =      1124.8576  VOLUME     =     33813.2215
                                                    Density    =         0.9873
 Ewald error estimate:   0.2348E-03
 ------------------------------------------------------------------------------


 NSTEP =     9000   TIME(PS) =      28.000  TEMP(K) =   292.54  PRESS =  -148.5
 Etot   =     -8521.2086  EKtot   =      1944.5493  EPtot      =    -10465.7579
 BOND   =         4.7203  ANGLE   =        10.2991  DIHED      =         8.6034
 1-4 NB =         8.6906  1-4 EEL =        -0.0964  VDWAALS    =      1541.3476
 EELEC  =    -12043.5972  EHBOND  =         0.0000  RESTRAINT  =         4.2748
 EAMBER (non-restraint)  =    -10470.0327
 EKCMT  =       959.3102  VIRIAL  =      1068.1109  VOLUME     =     33942.9678
                                                    Density    =         0.9835
 Ewald error estimate:   0.2719E-03
 ------------------------------------------------------------------------------


 NSTEP =    10500   TIME(PS) =      31.000  TEMP(K) =   298.52  PRESS =  -130.1
 Etot   =     -8536.1628  EKtot   =      1984.3007  EPtot      =    -10520.4634
 BOND   =         8.0358  ANGLE   =         6.2180  DIHED      =         7.6220
 1-4 NB =         8.2772  1-4 EEL =        -0.1376  VDWAALS    =      1550.6780
 EELEC  =    -12103.9799  EHBOND  =         0.0000  RESTRAINT  =         2.8230
 EAMBER (non-restraint)  =    -10523.2864
 EKCMT  =       986.0465  VIRIAL  =      1081.0114  VOLUME     =     33811.8980
                                                    Density    =         0.9873
 Ewald error estimate:   0.2911E-03
 ------------------------------------------------------------------------------


 NSTEP =    12000   TIME(PS) =      34.000  TEMP(K) =   298.44  PRESS =   106.5
 Etot   =     -8548.2940  EKtot   =      1983.8101  EPtot      =    -10532.1041
 BOND   =         5.6951  ANGLE   =        12.1400  DIHED      =         6.8730
 1-4 NB =         8.5837  1-4 EEL =         0.0574  VDWAALS    =      1582.6842
 EELEC  =    -12152.3656  EHBOND  =         0.0000  RESTRAINT  =         4.2281
 EAMBER (non-restraint)  =    -10536.3322
 EKCMT  =       985.5345  VIRIAL  =       907.8270  VOLUME     =     33791.1821
                                                    Density    =         0.9879
 Ewald error estimate:   0.7290E-04
 ------------------------------------------------------------------------------


 NSTEP =    13500   TIME(PS) =      37.000  TEMP(K) =   295.35  PRESS =  -414.4
 Etot   =     -8551.8915  EKtot   =      1963.2222  EPtot      =    -10515.1138
 BOND   =         8.7682  ANGLE   =        11.7394  DIHED      =         8.0932
 1-4 NB =         9.3877  1-4 EEL =         1.1120  VDWAALS    =      1492.5533
 EELEC  =    -12051.8418  EHBOND  =         0.0000  RESTRAINT  =         5.0744
 EAMBER (non-restraint)  =    -10520.1881
 EKCMT  =       987.1798  VIRIAL  =      1289.2447  VOLUME     =     33759.8794
                                                    Density    =         0.9889
 Ewald error estimate:   0.2174E-03
 ------------------------------------------------------------------------------


 NSTEP =    15000   TIME(PS) =      40.000  TEMP(K) =   294.17  PRESS =   -49.9
 Etot   =     -8560.3537  EKtot   =      1955.3977  EPtot      =    -10515.7514
 BOND   =         5.4004  ANGLE   =        10.3553  DIHED      =        10.0777
 1-4 NB =         8.8958  1-4 EEL =         0.7339  VDWAALS    =      1549.1582
 EELEC  =    -12107.7032  EHBOND  =         0.0000  RESTRAINT  =         7.3303
 EAMBER (non-restraint)  =    -10523.0818
 EKCMT  =       969.2684  VIRIAL  =      1005.5140  VOLUME     =     33674.4355
                                                    Density    =         0.9914
 Ewald error estimate:   0.1452E-04
 ------------------------------------------------------------------------------


      A V E R A G E S   O V E R   15000 S T E P S


 NSTEP =    15000   TIME(PS) =      40.000  TEMP(K) =   297.87  PRESS =  -137.1
 Etot   =     -8458.2025  EKtot   =      1979.9633  EPtot      =    -10438.1658
 BOND   =         5.8396  ANGLE   =        10.5656  DIHED      =         7.6513
 1-4 NB =         8.4769  1-4 EEL =        -0.0160  VDWAALS    =      1561.4606
 EELEC  =    -12036.6746  EHBOND  =         0.0000  RESTRAINT  =         4.5308
 EAMBER (non-restraint)  =    -10442.6966
 EKCMT  =       986.5245  VIRIAL  =      1107.2444  VOLUME     =     36099.5195
                                                    Density    =         0.9349
 Ewald error estimate:   0.1539E-03
 ------------------------------------------------------------------------------


      R M S  F L U C T U A T I O N S


 NSTEP =    15000   TIME(PS) =      40.000  TEMP(K) =     4.04  PRESS =   305.6
 Etot   =       114.4831  EKtot   =        26.8273  EPtot      =       121.9954
 BOND   =         1.7824  ANGLE   =         2.4215  DIHED      =         1.0717
 1-4 NB =         0.6770  1-4 EEL =         0.3229  VDWAALS    =        39.7457
 EELEC  =       132.5923  EHBOND  =         0.0000  RESTRAINT  =         1.3448
 EAMBER (non-restraint)  =       120.6505
 EKCMT  =        21.2382  VIRIAL  =       252.6151  VOLUME     =      4094.3828
                                                    Density    =         0.0896
 Ewald error estimate:   0.1152E-03
 ------------------------------------------------------------------------------


--------------------------------------------------------------------------------
   5.  TIMINGS
--------------------------------------------------------------------------------

|                Build the list            28.29 (98.93% of List )
|                Other                      0.31 ( 1.07% of List )
|             List time                 28.60 ( 8.36% of Nonbo)
|                   Short_ene time           251.01 (99.13% of Direc)
|                   Other                      2.21 ( 0.87% of Direc)
|                Direct Ewald time        253.23 (80.82% of Ewald)
|                Adjust Ewald time          1.94 ( 0.62% of Ewald)
|                Self Ewald time            0.02 ( 0.01% of Ewald)
|                   Fill Bspline coeffs        2.27 ( 3.94% of Recip)
|                   Fill charge grid           6.06 (10.50% of Recip)
|                   Scalar sum                11.43 (19.81% of Recip)
|                   Grad sum                  12.08 (20.93% of Recip)
|                   FFT time                  25.84 (44.79% of Recip)
|                   Other                      0.02 ( 0.04% of Recip)
|                Recip Ewald time          57.69 (18.41% of Ewald)
|                Force Adjust               0.05 ( 0.02% of Ewald)
|                Virial junk                0.28 ( 0.09% of Ewald)
|                Other                      0.12 ( 0.04% of Ewald)
|             Ewald time               313.34 (91.62% of Nonbo)
|             Other                      0.05 ( 0.01% of Nonbo)
|          Nonbond force            341.99 (99.79% of Force)
|          Bond/Angle/Dihedral        0.62 ( 0.18% of Force)
|          Other                      0.10 ( 0.03% of Force)
|       Force time               342.71 (98.41% of Runmd)
|       Shake time                 2.38 ( 0.68% of Runmd)
|       Verlet update time         2.36 ( 0.68% of Runmd)
|       Ekcmr time                 0.35 ( 0.10% of Runmd)
|       Other                      0.45 ( 0.13% of Runmd)
|    Runmd Time               348.25 (100.0% of Total)
|    Other                      0.03 ( 0.01% of Total)
| Total time               348.28 (100.0% of ALL  )

| Number of list builds   :       1408

| Highest rstack allocated:     210177
| Highest istack allocated:       3337

| Final Performance Info:
| -----------------------------------------------------
| Average timings for all steps:
|     Elapsed(s) =     348.25 Per Step(ms) =      23.22
|         ns/day =       7.44   seconds/ns =   11608.23
| -----------------------------------------------------

|           Job began  at 17:51:46.546  on 03/23/2017
|           Setup done at 17:51:46.580  on 03/23/2017
|           Run   done at 17:57:34.827  on 03/23/2017
|     wallclock() was called  692839 times
