
          -------------------------------------------------------
          Amber 16 SANDER                              2016
          -------------------------------------------------------

| Run on 03/23/2017 at 17:50:26

|   Executable path: sander
| Working directory: /home/steboss/Simulation/logP_standrews/inputfiles/e_2356difluoro/water/equilibration
|          Hostname: Unknown
  [-O]verwriting output

File Assignments:
|  MDIN: md00003.in                                                            
| MDOUT: md00003.out                                                           
|INPCRD: md00002.rst7                                                          
|  PARM: solvated.parm7                                                        
|RESTRT: md00003.rst7                                                          
|  REFC: solvated.rst7                                                         
| MDVEL: mdvel                                                                 
| MDFRC: mdfrc                                                                 
|  MDEN: md00003.en                                                            
| MDCRD: md00003.nc                                                            
|MDINFO: md00003.info                                                          
|  MTMD: mtmd                                                                  
|INPDIP: inpdip                                                                
|RSTDIP: rstdip                                                                
|INPTRA: inptraj                                                               


 Here is the input file:

constant temperature                                                           
&cntrl                                                                         
ntxo=1,                                                                        
imin = 0, nstlim = 4000, irest = 1, ntx = 5, dt = 0.002,                       
ntt = 1, temp0 = 300.0, tautp = 1.0,                                           
ntb = 1,                                                                       
ntc = 2, ntf = 2,                                                              
ioutfm = 1, iwrap = 1,                                                         
ntwe = 800, ntwx = 800, ntpr = 400,                                            
ntr = 1, restraint_wt = 10.00,                                                 
restraintmask="!:WAT,HOH,T3P,T4P",                                             
/                                                                              
                                                                               

--------------------------------------------------------------------------------
   1.  RESOURCE   USE: 
--------------------------------------------------------------------------------

| Flags:                                                                        
 getting new box info from bottom of inpcrd
|  INFO: Old style inpcrd file read

| peek_ewald_inpcrd: Box info found
|Largest sphere to fit in unit cell has radius =    17.634
| New format PARM file being parsed.
| Version =    1.000 Date = 03/23/17 Time = 17:50:05
 NATOM  =    3337 NTYPES =       8 NBONH =    3321 MBONA  =      17
 NTHETH =      30 MTHETA =      24 NPHIH =      67 MPHIA  =      47
 NHPARM =       0 NPARM  =       0 NNB   =    4576 NRES   =    1104
 NBONA  =      17 NTHETA =      24 NPHIA =      47 NUMBND =       9
 NUMANG =      11 NPTRA  =      11 NATYP =       8 NPHB   =       1
 IFBOX  =       1 NMXRS  =      28 IFCAP =       0 NEXTRA =       0
 NCOPY  =       0


|     Memory Use     Allocated
|     Real              320978
|     Hollerith          11117
|     Integer           101346
|     Max Pairs        1112333
|     nblistReal         40044
|     nblist Int        176440
|       Total             8294 kbytes

| Note: 1-4 EEL scale factors are being read from the topology file.

| Note: 1-4 VDW scale factors are being read from the topology file.
| Duplicated    0 dihedrals
| Duplicated    0 dihedrals

     BOX TYPE: RECTILINEAR

--------------------------------------------------------------------------------
   2.  CONTROL  DATA  FOR  THE  RUN
--------------------------------------------------------------------------------

LIG                                                                             

General flags:
     imin    =       0, nmropt  =       0

Nature and format of input:
     ntx     =       5, irest   =       1, ntrx    =       1

Nature and format of output:
     ntxo    =       1, ntpr    =     400, ntrx    =       1, ntwr    =    4000
     iwrap   =       1, ntwx    =     800, ntwv    =       0, ntwe    =     800
     ioutfm  =       1, ntwprt  =       0, idecomp =       0, rbornstat=      0

Potential function:
     ntf     =       2, ntb     =       1, igb     =       0, nsnb    =      25
     ipol    =       0, gbsa    =       0, iesp    =       0
     dielc   =   1.00000, cut     =   8.00000, intdiel =   1.00000

Frozen or restrained atoms:
     ibelly  =       0, ntr     =       1
     restraint_wt =  10.00000

Molecular dynamics:
     nstlim  =      4000, nscm    =         0, nrespa  =         1
     t       =   0.00000, dt      =   0.00200, vlimit  =  20.00000

Berendsen (weak-coupling) temperature regulation:
     temp0   = 300.00000, tempi   =   0.00000, tautp   =   1.00000

SHAKE:
     ntc     =       2, jfastw  =       0
     tol     =   0.00001

Ewald parameters:
     verbose =       0, ew_type =       0, nbflag  =       1, use_pme =       1
     vdwmeth =       1, eedmeth =       1, netfrc  =       1
     Box X =   36.005   Box Y =   35.267   Box Z =   38.379
     Alpha =   90.000   Beta  =   90.000   Gamma =   90.000
     NFFT1 =   36       NFFT2 =   36       NFFT3 =   40
     Cutoff=    8.000   Tol   =0.100E-04
     Ewald Coefficient =  0.34864
     Interpolation order =    4

    LOADING THE CONSTRAINED ATOMS AS GROUPS


   5.  REFERENCE ATOM COORDINATES

  LIG 
     Mask !:WAT,HOH,T3P,T4P; matches    28 atoms

--------------------------------------------------------------------------------
   3.  ATOMIC COORDINATES AND VELOCITIES
--------------------------------------------------------------------------------

LIG                                                                             
 begin time read from input coords =     2.000 ps

 Number of triangulated 3-point waters found:     1103

     Sum of charges from parm topology file =   0.00200000
     Forcing neutrality...

--------------------------------------------------------------------------------
   4.  RESULTS
--------------------------------------------------------------------------------

|  # of SOLUTE  degrees of freedom (RNDFP):    6690.
|  # of SOLVENT degrees of freedom (RNDFS):       0.
|  NDFMIN =    6690.     NUM_NOSHAKE =      0     CORRECTED RNDFP =    6690.
|  TOTAL # of degrees of freedom (RNDF) =    6690.
 ---------------------------------------------------
 APPROXIMATING switch and d/dx switch using CUBIC SPLINE INTERPOLATION
 using   5000.0 points per unit in tabled values
 TESTING RELATIVE ERROR over r ranging from 0.0 to cutoff
| CHECK switch(x): max rel err =   0.2738E-14   at   2.422500
| CHECK d/dx switch(x): max rel err =   0.8332E-11   at   2.782960
 ---------------------------------------------------
| Local SIZE OF NONBOND LIST =     549031
| TOTAL SIZE OF NONBOND LIST =     549031

 NSTEP =      400   TIME(PS) =       2.800  TEMP(K) =   199.07  PRESS =     0.0
 Etot   =     -9853.1295  EKtot   =      1323.2700  EPtot      =    -11176.3995
 BOND   =         3.5969  ANGLE   =         9.0113  DIHED      =         5.6644
 1-4 NB =         8.9394  1-4 EEL =        -0.4863  VDWAALS    =      1970.3662
 EELEC  =    -13177.0508  EHBOND  =         0.0000  RESTRAINT  =         3.5595
 EAMBER (non-restraint)  =    -11179.9590
 Ewald error estimate:   0.2981E-03
 ------------------------------------------------------------------------------


 NSTEP =      800   TIME(PS) =       3.600  TEMP(K) =   229.48  PRESS =     0.0
 Etot   =     -9418.6850  EKtot   =      1525.3781  EPtot      =    -10944.0631
 BOND   =         2.2900  ANGLE   =         9.5638  DIHED      =         6.9253
 1-4 NB =         8.0107  1-4 EEL =        -0.1913  VDWAALS    =      1875.2892
 EELEC  =    -12849.7336  EHBOND  =         0.0000  RESTRAINT  =         3.7828
 EAMBER (non-restraint)  =    -10947.8459
 Ewald error estimate:   0.1667E-03
 ------------------------------------------------------------------------------


 NSTEP =     1200   TIME(PS) =       4.400  TEMP(K) =   252.77  PRESS =     0.0
 Etot   =     -9096.6017  EKtot   =      1680.1820  EPtot      =    -10776.7836
 BOND   =         5.7506  ANGLE   =         7.6752  DIHED      =         6.5658
 1-4 NB =         8.7309  1-4 EEL =         0.3460  VDWAALS    =      1777.9920
 EELEC  =    -12587.7656  EHBOND  =         0.0000  RESTRAINT  =         3.9215
 EAMBER (non-restraint)  =    -10780.7052
 Ewald error estimate:   0.4922E-03
 ------------------------------------------------------------------------------


 NSTEP =     1600   TIME(PS) =       5.200  TEMP(K) =   255.35  PRESS =     0.0
 Etot   =     -8842.8153  EKtot   =      1697.3192  EPtot      =    -10540.1345
 BOND   =         6.9967  ANGLE   =        11.9212  DIHED      =         7.5985
 1-4 NB =         7.1223  1-4 EEL =        -0.1987  VDWAALS    =      1656.9106
 EELEC  =    -12233.4832  EHBOND  =         0.0000  RESTRAINT  =         2.9980
 EAMBER (non-restraint)  =    -10543.1325
 Ewald error estimate:   0.2628E-03
 ------------------------------------------------------------------------------


 NSTEP =     2000   TIME(PS) =       6.000  TEMP(K) =   272.02  PRESS =     0.0
 Etot   =     -8656.8618  EKtot   =      1808.1630  EPtot      =    -10465.0248
 BOND   =         7.4156  ANGLE   =         8.3902  DIHED      =         7.5885
 1-4 NB =         7.4601  1-4 EEL =         0.1143  VDWAALS    =      1648.0813
 EELEC  =    -12149.3951  EHBOND  =         0.0000  RESTRAINT  =         5.3203
 EAMBER (non-restraint)  =    -10470.3452
 Ewald error estimate:   0.2060E-03
 ------------------------------------------------------------------------------


 NSTEP =     2400   TIME(PS) =       6.800  TEMP(K) =   272.37  PRESS =     0.0
 Etot   =     -8521.7893  EKtot   =      1810.4619  EPtot      =    -10332.2511
 BOND   =         6.6837  ANGLE   =         8.3921  DIHED      =         7.2217
 1-4 NB =         7.9957  1-4 EEL =        -0.4861  VDWAALS    =      1536.1473
 EELEC  =    -11902.0357  EHBOND  =         0.0000  RESTRAINT  =         3.8301
 EAMBER (non-restraint)  =    -10336.0813
 Ewald error estimate:   0.1006E-03
 ------------------------------------------------------------------------------


 NSTEP =     2800   TIME(PS) =       7.600  TEMP(K) =   285.73  PRESS =     0.0
 Etot   =     -8408.2936  EKtot   =      1899.2970  EPtot      =    -10307.5906
 BOND   =         9.1202  ANGLE   =         9.9476  DIHED      =         7.6342
 1-4 NB =         7.4000  1-4 EEL =        -0.1146  VDWAALS    =      1604.8026
 EELEC  =    -11950.6348  EHBOND  =         0.0000  RESTRAINT  =         4.2542
 EAMBER (non-restraint)  =    -10311.8448
 Ewald error estimate:   0.6923E-04
 ------------------------------------------------------------------------------


 NSTEP =     3200   TIME(PS) =       8.400  TEMP(K) =   287.69  PRESS =     0.0
 Etot   =     -8322.4363  EKtot   =      1912.2872  EPtot      =    -10234.7235
 BOND   =         8.5745  ANGLE   =         6.1088  DIHED      =         6.8836
 1-4 NB =         8.6887  1-4 EEL =        -0.0604  VDWAALS    =      1493.5132
 EELEC  =    -11763.6177  EHBOND  =         0.0000  RESTRAINT  =         5.1857
 EAMBER (non-restraint)  =    -10239.9092
 Ewald error estimate:   0.4097E-05
 ------------------------------------------------------------------------------


 NSTEP =     3600   TIME(PS) =       9.200  TEMP(K) =   283.82  PRESS =     0.0
 Etot   =     -8250.0057  EKtot   =      1886.5789  EPtot      =    -10136.5847
 BOND   =         6.6037  ANGLE   =         8.2436  DIHED      =         9.4242
 1-4 NB =         8.0239  1-4 EEL =         0.2076  VDWAALS    =      1579.3289
 EELEC  =    -11753.3104  EHBOND  =         0.0000  RESTRAINT  =         4.8938
 EAMBER (non-restraint)  =    -10141.4784
 Ewald error estimate:   0.4181E-04
 ------------------------------------------------------------------------------


 NSTEP =     4000   TIME(PS) =      10.000  TEMP(K) =   295.28  PRESS =     0.0
 Etot   =     -8190.9045  EKtot   =      1962.7442  EPtot      =    -10153.6488
 BOND   =         5.8867  ANGLE   =         9.3322  DIHED      =         7.1905
 1-4 NB =         8.5518  1-4 EEL =         0.0988  VDWAALS    =      1574.0766
 EELEC  =    -11762.2475  EHBOND  =         0.0000  RESTRAINT  =         3.4622
 EAMBER (non-restraint)  =    -10157.1109
 Ewald error estimate:   0.8978E-04
 ------------------------------------------------------------------------------


      A V E R A G E S   O V E R    4000 S T E P S


 NSTEP =     4000   TIME(PS) =      10.000  TEMP(K) =   257.02  PRESS =     0.0
 Etot   =     -8864.1108  EKtot   =      1708.4699  EPtot      =    -10572.5807
 BOND   =         5.0093  ANGLE   =         8.6444  DIHED      =         7.1837
 1-4 NB =         8.3895  1-4 EEL =        -0.0170  VDWAALS    =      1717.2404
 EELEC  =    -12323.1571  EHBOND  =         0.0000  RESTRAINT  =         4.1262
 EAMBER (non-restraint)  =    -10576.7069
 Ewald error estimate:   0.1661E-03
 ------------------------------------------------------------------------------


      R M S  F L U C T U A T I O N S


 NSTEP =     4000   TIME(PS) =      10.000  TEMP(K) =    33.25  PRESS =     0.0
 Etot   =       608.2753  EKtot   =       220.9921  EPtot      =       389.9946
 BOND   =         1.5678  ANGLE   =         1.8095  DIHED      =         0.9113
 1-4 NB =         0.5798  1-4 EEL =         0.2812  VDWAALS    =       166.7609
 EELEC  =       549.6728  EHBOND  =         0.0000  RESTRAINT  =         1.2831
 EAMBER (non-restraint)  =       388.7115
 Ewald error estimate:   0.1248E-03
 ------------------------------------------------------------------------------


--------------------------------------------------------------------------------
   5.  TIMINGS
--------------------------------------------------------------------------------

|    Read coords time           0.00 ( 0.01% of Total)
|                Build the list             5.64 (98.41% of List )
|                Other                      0.09 ( 1.59% of List )
|             List time                  5.73 ( 7.32% of Nonbo)
|                   Short_ene time            56.44 (99.06% of Direc)
|                   Other                      0.54 ( 0.94% of Direc)
|                Direct Ewald time         56.98 (78.52% of Ewald)
|                Adjust Ewald time          0.51 ( 0.71% of Ewald)
|                Self Ewald time            0.01 ( 0.01% of Ewald)
|                   Fill Bspline coeffs        0.56 ( 3.76% of Recip)
|                   Fill charge grid           1.53 (10.20% of Recip)
|                   Scalar sum                 3.01 (20.10% of Recip)
|                   Grad sum                   3.02 (20.21% of Recip)
|                   FFT time                   6.83 (45.69% of Recip)
|                   Other                      0.01 ( 0.04% of Recip)
|                Recip Ewald time          14.95 (20.61% of Ewald)
|                Force Adjust               0.01 ( 0.02% of Ewald)
|                Virial junk                0.07 ( 0.09% of Ewald)
|                Other                      0.03 ( 0.04% of Ewald)
|             Ewald time                72.57 (92.66% of Nonbo)
|             Other                      0.01 ( 0.02% of Nonbo)
|          Nonbond force             78.31 (99.76% of Force)
|          Bond/Angle/Dihedral        0.16 ( 0.21% of Force)
|          Other                      0.03 ( 0.03% of Force)
|       Force time                78.50 (98.64% of Runmd)
|       Shake time                 0.63 ( 0.79% of Runmd)
|       Verlet update time         0.38 ( 0.47% of Runmd)
|       Other                      0.07 ( 0.09% of Runmd)
|    Runmd Time                79.58 (100.0% of Total)
|    Other                      0.03 ( 0.04% of Total)
| Total time                79.62 (100.0% of ALL  )

| Number of list builds   :        342

| Highest rstack allocated:     210177
| Highest istack allocated:       3337

| Final Performance Info:
| -----------------------------------------------------
| Average timings for all steps:
|     Elapsed(s) =      79.58 Per Step(ms) =      19.90
|         ns/day =       8.69   seconds/ns =    9948.10
| -----------------------------------------------------

|           Job began  at 17:50:26.923  on 03/23/2017
|           Setup done at 17:50:26.957  on 03/23/2017
|           Run   done at 17:51:46.542  on 03/23/2017
|     wallclock() was called  176707 times
