
          -------------------------------------------------------
          Amber 16 SANDER                              2016
          -------------------------------------------------------

| Run on 03/23/2017 at 17:50:07

|   Executable path: sander
| Working directory: /home/steboss/Simulation/logP_standrews/inputfiles/e_2356difluoro/water/equilibration
|          Hostname: Unknown
  [-O]verwriting output

File Assignments:
|  MDIN: md00002.in                                                            
| MDOUT: md00002.out                                                           
|INPCRD: min00001.rst7                                                         
|  PARM: solvated.parm7                                                        
|RESTRT: md00002.rst7                                                          
|  REFC: solvated.rst7                                                         
| MDVEL: mdvel                                                                 
| MDFRC: mdfrc                                                                 
|  MDEN: md00002.en                                                            
| MDCRD: md00002.nc                                                            
|MDINFO: md00002.info                                                          
|  MTMD: mtmd                                                                  
|INPDIP: inpdip                                                                
|RSTDIP: rstdip                                                                
|INPTRA: inptraj                                                               


 Here is the input file:

heat the system                                                                
&cntrl                                                                         
ntxo=1,                                                                        
imin = 0, nstlim = 1000, irest = 0, ntx = 1, dt = 0.002,                       
nmropt = 1,                                                                    
ntt = 1, temp0 = 300.0, tempi = 5.0, tautp = 1.0,                              
ntb = 1, pres0 = 1.0,                                                          
ntc = 2, ntf = 2,                                                              
ioutfm = 1, iwrap = 1,                                                         
ntwe = 200, ntwx = 200, ntpr = 100,                                            
ntr = 1, restraint_wt = 10.00,                                                 
restraintmask="!:WAT,HOH,T3P,T4P",                                             
/                                                                              
                                                                               
&wt                                                                            
type = 'TEMP0',                                                                
istep1 = 0, istep2 = 1000,                                                     
value1 = 5.0, value2 = 300.0                                                   
/                                                                              
                                                                               
&wt type = 'END'                                                               
 /                                                                             
                                                                               

--------------------------------------------------------------------------------
   1.  RESOURCE   USE: 
--------------------------------------------------------------------------------

| Flags:                                                                        
 getting new box info from bottom of inpcrd
|  INFO: Old style inpcrd file read

| peek_ewald_inpcrd: Box info found
|Largest sphere to fit in unit cell has radius =    17.634
| New format PARM file being parsed.
| Version =    1.000 Date = 03/23/17 Time = 17:50:05
 NATOM  =    3337 NTYPES =       8 NBONH =    3321 MBONA  =      17
 NTHETH =      30 MTHETA =      24 NPHIH =      67 MPHIA  =      47
 NHPARM =       0 NPARM  =       0 NNB   =    4576 NRES   =    1104
 NBONA  =      17 NTHETA =      24 NPHIA =      47 NUMBND =       9
 NUMANG =      11 NPTRA  =      11 NATYP =       8 NPHB   =       1
 IFBOX  =       1 NMXRS  =      28 IFCAP =       0 NEXTRA =       0
 NCOPY  =       0


|     Memory Use     Allocated
|     Real              321007
|     Hollerith          11117
|     Integer           101391
|     Max Pairs        1112333
|     nblistReal         40044
|     nblist Int        176440
|       Total             8294 kbytes

| Note: 1-4 EEL scale factors are being read from the topology file.

| Note: 1-4 VDW scale factors are being read from the topology file.
| Duplicated    0 dihedrals
| Duplicated    0 dihedrals

     BOX TYPE: RECTILINEAR

--------------------------------------------------------------------------------
   2.  CONTROL  DATA  FOR  THE  RUN
--------------------------------------------------------------------------------

LIG                                                                             

General flags:
     imin    =       0, nmropt  =       1

Nature and format of input:
     ntx     =       1, irest   =       0, ntrx    =       1

Nature and format of output:
     ntxo    =       1, ntpr    =     100, ntrx    =       1, ntwr    =    1000
     iwrap   =       1, ntwx    =     200, ntwv    =       0, ntwe    =     200
     ioutfm  =       1, ntwprt  =       0, idecomp =       0, rbornstat=      0

Potential function:
     ntf     =       2, ntb     =       1, igb     =       0, nsnb    =      25
     ipol    =       0, gbsa    =       0, iesp    =       0
     dielc   =   1.00000, cut     =   8.00000, intdiel =   1.00000

Frozen or restrained atoms:
     ibelly  =       0, ntr     =       1
     restraint_wt =  10.00000

Molecular dynamics:
     nstlim  =      1000, nscm    =         0, nrespa  =         1
     t       =   0.00000, dt      =   0.00200, vlimit  =  20.00000

Berendsen (weak-coupling) temperature regulation:
     temp0   = 300.00000, tempi   =   5.00000, tautp   =   1.00000

SHAKE:
     ntc     =       2, jfastw  =       0
     tol     =   0.00001

NMR refinement options:
     iscale  =       0, noeskp  =       1, ipnlty  =       1, mxsub   =       1
     scalm   = 100.00000, pencut  =   0.10000, tausw   =   0.10000

Ewald parameters:
     verbose =       0, ew_type =       0, nbflag  =       1, use_pme =       1
     vdwmeth =       1, eedmeth =       1, netfrc  =       1
     Box X =   36.005   Box Y =   35.267   Box Z =   38.379
     Alpha =   90.000   Beta  =   90.000   Gamma =   90.000
     NFFT1 =   36       NFFT2 =   36       NFFT3 =   40
     Cutoff=    8.000   Tol   =0.100E-04
     Ewald Coefficient =  0.34864
     Interpolation order =    4

    LOADING THE CONSTRAINED ATOMS AS GROUPS


   5.  REFERENCE ATOM COORDINATES

  LIG 
     Mask !:WAT,HOH,T3P,T4P; matches    28 atoms

--------------------------------------------------------------------------------
   3.  ATOMIC COORDINATES AND VELOCITIES
--------------------------------------------------------------------------------

LIG                                                                             
 begin time read from input coords =     0.000 ps



           Begin reading energy term weight changes/NMR restraints
 WEIGHT CHANGES:
 TEMP0         0   1000    5.000000  300.000000      0      0

 RESTRAINTS:
                          ** No restraint defined **

                  Done reading weight changes/NMR restraints


 Number of triangulated 3-point waters found:     1103

     Sum of charges from parm topology file =   0.00200000
     Forcing neutrality...

--------------------------------------------------------------------------------
   4.  RESULTS
--------------------------------------------------------------------------------

|  # of SOLUTE  degrees of freedom (RNDFP):    6690.
|  # of SOLVENT degrees of freedom (RNDFS):       0.
|  NDFMIN =    6690.     NUM_NOSHAKE =      0     CORRECTED RNDFP =    6690.
|  TOTAL # of degrees of freedom (RNDF) =    6690.
 ---------------------------------------------------
 APPROXIMATING switch and d/dx switch using CUBIC SPLINE INTERPOLATION
 using   5000.0 points per unit in tabled values
 TESTING RELATIVE ERROR over r ranging from 0.0 to cutoff
| CHECK switch(x): max rel err =   0.2738E-14   at   2.422500
| CHECK d/dx switch(x): max rel err =   0.8332E-11   at   2.782960
 ---------------------------------------------------
| Local SIZE OF NONBOND LIST =     508155
| TOTAL SIZE OF NONBOND LIST =     508155

 NSTEP =        0   TIME(PS) =       0.000  TEMP(K) =     7.57  PRESS =     0.0
 Etot   =    -12536.9445  EKtot   =        50.3125  EPtot      =    -12587.2569
 BOND   =         5.8919  ANGLE   =         7.4607  DIHED      =         6.8286
 1-4 NB =         7.8680  1-4 EEL =         0.2686  VDWAALS    =      1818.3753
 EELEC  =    -14440.0467  EHBOND  =         0.0000  RESTRAINT  =         6.0968
 EAMBER (non-restraint)  =    -12593.3537
 Ewald error estimate:   0.5281E-04
 ------------------------------------------------------------------------------

 NMR restraints: Bond =    0.000   Angle =     0.000   Torsion =     0.000
===============================================================================

 NSTEP =      100   TIME(PS) =       0.200  TEMP(K) =    86.65  PRESS =     0.0
 Etot   =    -11004.9881  EKtot   =       576.0079  EPtot      =    -11580.9960
 BOND   =         2.2424  ANGLE   =         5.4244  DIHED      =         7.9762
 1-4 NB =         8.4315  1-4 EEL =         0.0563  VDWAALS    =      2155.4673
 EELEC  =    -13762.0259  EHBOND  =         0.0000  RESTRAINT  =         1.4318
 EAMBER (non-restraint)  =    -11582.4278
 Ewald error estimate:   0.5044E-05
 ------------------------------------------------------------------------------

 NMR restraints: Bond =    0.000   Angle =     0.000   Torsion =     0.000
===============================================================================

 NSTEP =      200   TIME(PS) =       0.400  TEMP(K) =    98.79  PRESS =     0.0
 Etot   =    -11069.0031  EKtot   =       656.6812  EPtot      =    -11725.6843
 BOND   =         1.9918  ANGLE   =         4.8194  DIHED      =         5.9775
 1-4 NB =         8.8810  1-4 EEL =         0.2262  VDWAALS    =      2416.3634
 EELEC  =    -14166.8990  EHBOND  =         0.0000  RESTRAINT  =         2.9554
 EAMBER (non-restraint)  =    -11728.6397
 Ewald error estimate:   0.1613E-03
 ------------------------------------------------------------------------------

 NMR restraints: Bond =    0.000   Angle =     0.000   Torsion =     0.000
===============================================================================

 NSTEP =      300   TIME(PS) =       0.600  TEMP(K) =   103.67  PRESS =     0.0
 Etot   =    -11103.1472  EKtot   =       689.1170  EPtot      =    -11792.2642
 BOND   =         2.0862  ANGLE   =         5.5276  DIHED      =         6.7990
 1-4 NB =         8.0914  1-4 EEL =        -0.0939  VDWAALS    =      2434.5002
 EELEC  =    -14250.7235  EHBOND  =         0.0000  RESTRAINT  =         1.5487
 EAMBER (non-restraint)  =    -11793.8129
 Ewald error estimate:   0.7449E-04
 ------------------------------------------------------------------------------

 NMR restraints: Bond =    0.000   Angle =     0.000   Torsion =     0.000
===============================================================================

 NSTEP =      400   TIME(PS) =       0.800  TEMP(K) =   109.38  PRESS =     0.0
 Etot   =    -11101.6415  EKtot   =       727.0506  EPtot      =    -11828.6921
 BOND   =         1.5229  ANGLE   =         5.3848  DIHED      =         5.8510
 1-4 NB =         8.8289  1-4 EEL =         0.0678  VDWAALS    =      2449.3788
 EELEC  =    -14301.3103  EHBOND  =         0.0000  RESTRAINT  =         1.5840
 EAMBER (non-restraint)  =    -11830.2761
 Ewald error estimate:   0.3561E-03
 ------------------------------------------------------------------------------

 NMR restraints: Bond =    0.000   Angle =     0.000   Torsion =     0.000
===============================================================================

 NSTEP =      500   TIME(PS) =       1.000  TEMP(K) =   114.30  PRESS =     0.0
 Etot   =    -11068.5151  EKtot   =       759.7521  EPtot      =    -11828.2672
 BOND   =         2.6459  ANGLE   =         5.2879  DIHED      =         5.7696
 1-4 NB =         8.6039  1-4 EEL =         0.2283  VDWAALS    =      2347.8251
 EELEC  =    -14200.0877  EHBOND  =         0.0000  RESTRAINT  =         1.4598
 EAMBER (non-restraint)  =    -11829.7270
 Ewald error estimate:   0.1756E-03
 ------------------------------------------------------------------------------

 NMR restraints: Bond =    0.000   Angle =     0.000   Torsion =     0.000
===============================================================================

 NSTEP =      600   TIME(PS) =       1.200  TEMP(K) =   120.66  PRESS =     0.0
 Etot   =    -11003.7188  EKtot   =       802.0258  EPtot      =    -11805.7446
 BOND   =         1.4151  ANGLE   =         5.3397  DIHED      =         5.9593
 1-4 NB =         8.4144  1-4 EEL =        -0.0202  VDWAALS    =      2338.4505
 EELEC  =    -14166.2600  EHBOND  =         0.0000  RESTRAINT  =         0.9567
 EAMBER (non-restraint)  =    -11806.7013
 Ewald error estimate:   0.4748E-03
 ------------------------------------------------------------------------------

 NMR restraints: Bond =    0.000   Angle =     0.000   Torsion =     0.000
===============================================================================

 NSTEP =      700   TIME(PS) =       1.400  TEMP(K) =   126.52  PRESS =     0.0
 Etot   =    -10909.4047  EKtot   =       841.0136  EPtot      =    -11750.4184
 BOND   =         2.7527  ANGLE   =         5.0449  DIHED      =         7.7309
 1-4 NB =         8.5335  1-4 EEL =        -0.0661  VDWAALS    =      2172.6151
 EELEC  =    -13948.2331  EHBOND  =         0.0000  RESTRAINT  =         1.2035
 EAMBER (non-restraint)  =    -11751.6219
 Ewald error estimate:   0.3250E-03
 ------------------------------------------------------------------------------

 NMR restraints: Bond =    0.000   Angle =     0.000   Torsion =     0.000
===============================================================================

 NSTEP =      800   TIME(PS) =       1.600  TEMP(K) =   138.94  PRESS =     0.0
 Etot   =    -10786.7320  EKtot   =       923.5453  EPtot      =    -11710.2772
 BOND   =         3.1841  ANGLE   =         4.6854  DIHED      =         5.8531
 1-4 NB =         8.5116  1-4 EEL =        -0.0395  VDWAALS    =      2150.9943
 EELEC  =    -13885.8257  EHBOND  =         0.0000  RESTRAINT  =         2.3594
 EAMBER (non-restraint)  =    -11712.6367
 Ewald error estimate:   0.1070E-03
 ------------------------------------------------------------------------------

 NMR restraints: Bond =    0.000   Angle =     0.000   Torsion =     0.000
===============================================================================

 NSTEP =      900   TIME(PS) =       1.800  TEMP(K) =   151.66  PRESS =     0.0
 Etot   =    -10639.3530  EKtot   =      1008.1327  EPtot      =    -11647.4857
 BOND   =         2.3376  ANGLE   =         6.8819  DIHED      =         6.1964
 1-4 NB =         8.5358  1-4 EEL =        -0.0090  VDWAALS    =      2140.9793
 EELEC  =    -13814.4423  EHBOND  =         0.0000  RESTRAINT  =         2.0346
 EAMBER (non-restraint)  =    -11649.5203
 Ewald error estimate:   0.1377E-03
 ------------------------------------------------------------------------------

 NMR restraints: Bond =    0.000   Angle =     0.000   Torsion =     0.000
===============================================================================

 NSTEP =     1000   TIME(PS) =       2.000  TEMP(K) =   166.31  PRESS =     0.0
 Etot   =    -10472.4347  EKtot   =      1105.4937  EPtot      =    -11577.9284
 BOND   =         1.6695  ANGLE   =         6.2803  DIHED      =         5.8296
 1-4 NB =         8.6761  1-4 EEL =        -0.1728  VDWAALS    =      2062.5952
 EELEC  =    -13664.5679  EHBOND  =         0.0000  RESTRAINT  =         1.7615
 EAMBER (non-restraint)  =    -11579.6899
 Ewald error estimate:   0.2355E-03
 ------------------------------------------------------------------------------

 NMR restraints: Bond =    0.000   Angle =     0.000   Torsion =     0.000
===============================================================================

      A V E R A G E S   O V E R    1000 S T E P S


 NSTEP =     1000   TIME(PS) =       2.000  TEMP(K) =   115.28  PRESS =     0.0
 Etot   =    -10942.0901  EKtot   =       766.2944  EPtot      =    -11708.3845
 BOND   =         2.6574  ANGLE   =         4.7217  DIHED      =         6.3600
 1-4 NB =         8.1102  1-4 EEL =        -0.0263  VDWAALS    =      2230.7133
 EELEC  =    -13962.7902  EHBOND  =         0.0000  RESTRAINT  =         1.8695
 EAMBER (non-restraint)  =    -11710.2539
 Ewald error estimate:   0.2241E-03
 ------------------------------------------------------------------------------

 NMR restraints: Bond =    0.000   Angle =     0.000   Torsion =     0.000
===============================================================================

      R M S  F L U C T U A T I O N S


 NSTEP =     1000   TIME(PS) =       2.000  TEMP(K) =    28.00  PRESS =     0.0
 Etot   =       178.1618  EKtot   =       186.1333  EPtot      =       151.8982
 BOND   =         0.8492  ANGLE   =         0.9851  DIHED      =         0.4959
 1-4 NB =         0.4391  1-4 EEL =         0.1715  VDWAALS    =       185.3581
 EELEC  =       323.6002  EHBOND  =         0.0000  RESTRAINT  =         0.5879
 EAMBER (non-restraint)  =       151.3103
 Ewald error estimate:   0.1332E-03
 ------------------------------------------------------------------------------


 NMR restraints on final step:


--------------------------------------------------------------------------------
   5.  TIMINGS
--------------------------------------------------------------------------------

|    Read coords time           0.00 ( 0.02% of Total)
|                Build the list             0.94 (96.81% of List )
|                Other                      0.03 ( 3.19% of List )
|             List time                  0.97 ( 5.12% of Nonbo)
|                   Short_ene time            14.06 (99.07% of Direc)
|                   Other                      0.13 ( 0.93% of Direc)
|                Direct Ewald time         14.19 (78.50% of Ewald)
|                Adjust Ewald time          0.13 ( 0.71% of Ewald)
|                Self Ewald time            0.00 ( 0.01% of Ewald)
|                   Fill Bspline coeffs        0.14 ( 3.76% of Recip)
|                   Fill charge grid           0.38 (10.22% of Recip)
|                   Scalar sum                 0.75 (20.20% of Recip)
|                   Grad sum                   0.76 (20.35% of Recip)
|                   FFT time                   1.69 (45.44% of Recip)
|                   Other                      0.00 ( 0.04% of Recip)
|                Recip Ewald time           3.73 (20.62% of Ewald)
|                Force Adjust               0.00 ( 0.02% of Ewald)
|                Virial junk                0.02 ( 0.09% of Ewald)
|                Other                      0.01 ( 0.04% of Ewald)
|             Ewald time                18.07 (94.86% of Nonbo)
|             Other                      0.00 ( 0.02% of Nonbo)
|          Nonbond force             19.05 (99.73% of Force)
|          Bond/Angle/Dihedral        0.04 ( 0.22% of Force)
|          Other                      0.01 ( 0.06% of Force)
|       Force time                19.10 (98.55% of Runmd)
|       Shake time                 0.16 ( 0.82% of Runmd)
|       Verlet update time         0.10 ( 0.54% of Runmd)
|       Other                      0.02 ( 0.10% of Runmd)
|    Runmd Time                19.38 (99.86% of Total)
|    Other                      0.02 ( 0.12% of Total)
| Total time                19.41 (100.0% of ALL  )

| Number of list builds   :         58

| Highest rstack allocated:     210177
| Highest istack allocated:       3337

| Final Performance Info:
| -----------------------------------------------------
| Average timings for all steps:
|     Elapsed(s) =      19.38 Per Step(ms) =      19.38
|         ns/day =       8.91   seconds/ns =    9692.39
| -----------------------------------------------------

|           Job began  at 17:50:07.507  on 03/23/2017
|           Setup done at 17:50:07.534  on 03/23/2017
|           Run   done at 17:50:26.919  on 03/23/2017
|     wallclock() was called   44177 times
