            --------------------------------------------------------
                             AMBER SQM VERSION 14
 
                                     By
              Ross C. Walker, Michael F. Crowley, Scott Brozell,
                         Tim Giese, Andreas W. Goetz,
                        Tai-Sung Lee and David A. Case
 
            --------------------------------------------------------
 

--------------------------------------------------------------------------------
  QM CALCULATION INFO
--------------------------------------------------------------------------------

| QMMM: Citation for AMBER QMMM Run:
| QMMM: R.C. Walker, M.F. Crowley and D.A. Case, J. COMP. CHEM. 29:1019, 2008

QMMM: SINGLET STATE CALCULATION
QMMM: RHF CALCULATION, NO. OF DOUBLY OCCUPIED LEVELS = 44

| QMMM: *** Selected Hamiltonian *** 
| QMMM: AM1         

| QMMM: *** Parameter sets in use ***
| QMMM: C : M.J.S.DEWAR et al. JACS, 107, 3902, (1985)
| QMMM: F : M.J.S.DEWAR et al. THEOCHEM, 180, 1, (1988)
| QMMM: H : M.J.S.DEWAR et al. JACS, 107, 3902, (1985)

| QMMM: *** SCF convergence criteria ***
| QMMM: Energy change                :  0.1D-09 kcal/mol
| QMMM: Error matrix |FP-PF|         :  0.1D+00 au
| QMMM: Density matrix change        :  0.5D-06
| QMMM: Maximum number of SCF cycles :     1000

| QMMM: *** Diagonalization Routine Information ***
| QMMM: Pseudo diagonalizations are allowed.
| QMMM: Auto diagonalization routine selection is in use.
| QMMM:
| QMMM: Timing diagonalization routines:
| QMMM:                              norbs =       76
| QMMM:    diag iterations used for timing =       15
| QMMM:
| QMMM:              Internal diag routine = 0.016076 seconds
| QMMM:                 Dspev diag routine = 0.018581 seconds
| QMMM:                Dspevd diag routine = 0.014776 seconds
| QMMM:                Dspevx diag routine = 0.056650 seconds
| QMMM:                 Dsyev diag routine = 0.020306 seconds
| QMMM:                Dsyevd diag routine = 0.017430 seconds
| QMMM:                Dsyevr diag routine = 0.017589 seconds
| QMMM:
| QMMM:                Pseudo diag routine = 0.006290 seconds
| QMMM:
| QMMM: Using dspevd routine (diag_routine=3).

  QMMM: QM Region Cartesian Coordinates (*=link atom) 
  QMMM: QM_NO.   MM_NO.  ATOM         X         Y         Z
  QMMM:     1        1      C       -1.4700    0.6390    0.1910
  QMMM:     2        2      C       -2.9550    0.6900   -0.2040
  QMMM:     3        3      C       -3.8260    1.2480    0.9380
  QMMM:     4        4      C       -3.6250    0.4270    2.2410
  QMMM:     5        5      C       -2.1250    0.3130    2.6280
  QMMM:     6        6      C       -1.2910   -0.2250    1.4490
  QMMM:     7        7      F       -3.1260    1.4070   -1.3160
  QMMM:     8        8      F       -3.5030    2.5280    1.1290
  QMMM:     9        9      F       -1.6340    1.5010    2.9840
  QMMM:    10       10      F       -0.0040   -0.3090    1.7870
  QMMM:    11       11      C       -6.1660    1.7610    5.5270
  QMMM:    12       12      C       -6.3410    0.4760    4.9770
  QMMM:    13       13      C       -5.5200    0.0430    3.9150
  QMMM:    14       14      C       -4.5160    0.8930    3.3930
  QMMM:    15       15      C       -4.3520    2.1800    3.9530
  QMMM:    16       16      C       -5.1700    2.6120    5.0140
  QMMM:    17       17      H       -1.1010    1.6490    0.3780
  QMMM:    18       18      H       -0.8740    0.2420   -0.6290
  QMMM:    19       19      H       -3.2950   -0.3150   -0.4610
  QMMM:    20       20      H       -4.8760    1.2400    0.6470
  QMMM:    21       21      H       -3.9500   -0.5870    2.0070
  QMMM:    22       22      H       -2.0090   -0.3360    3.4970
  QMMM:    23       23      H       -1.5930   -1.2500    1.2300
  QMMM:    24       24      H       -6.7950    2.0930    6.3410
  QMMM:    25       25      H       -7.1070   -0.1780    5.3720
  QMMM:    26       26      H       -5.6730   -0.9470    3.5100
  QMMM:    27       27      H       -3.5940    2.8490    3.5720
  QMMM:    28       28      H       -5.0320    3.5980    5.4310

--------------------------------------------------------------------------------
  RESULTS
--------------------------------------------------------------------------------

      iter         sqm energy              rms gradient
      ----    -------------------    -----------------------
xmin    10     -180.9078 kcal/mol        0.2961 kcal/(mol*A)
xmin    20     -180.9637 kcal/mol        0.0444 kcal/(mol*A)
xmin    30     -180.9641 kcal/mol        0.0150 kcal/(mol*A)
xmin    40     -180.9641 kcal/mol        0.0089 kcal/(mol*A)
xmin    50     -180.9641 kcal/mol        0.0012 kcal/(mol*A)
xmin    60     -180.9641 kcal/mol        0.0010 kcal/(mol*A)
  ... geometry converged !
 
 Final MO eigenvalues (eV):
 -49.8295  -49.3981  -48.7119  -48.4643  -39.9454  -37.4496  -33.5787  -31.6451
 -30.3463  -29.7924  -24.9140  -24.0064  -23.5329  -22.3386  -21.2538  -18.6700
 -18.0883  -17.9610  -17.6780  -17.4703  -17.3135  -16.7459  -16.2484  -16.1791
 -15.9072  -15.5956  -15.4372  -14.9633  -14.5962  -14.3417  -14.2465  -13.9345
 -13.7060  -13.6174  -13.0922  -12.4248  -12.4078  -12.2266  -12.0179  -12.0009
 -11.7157  -11.2525   -9.8881   -9.7659    0.1162    0.3447    2.3661    2.3676
   2.6091    2.7237    2.8216    2.8727    2.9248    3.1031    3.1631    3.3593
   3.3924    3.6459    3.6701    3.7784    3.8568    3.9635    4.0420    4.1024
   4.2356    4.3007    4.3219    4.4345    4.6411    4.7199    4.8123    4.9376
   5.3268    5.3620    5.4857    5.8630

 Heat of formation   =       -180.96413189 kcal/mol  (       -7.84719361 eV)

 Total SCF energy    =     -84008.19301191 kcal/mol  (    -3642.86860986 eV)
 Electronic energy   =    -441742.40174778 kcal/mol  (   -19155.38796010 eV)
 Core-core repulsion =     357734.20873587 kcal/mol  (    15512.51935024 eV)
 
    Atomic Charges for Step       1 :
  Atom    Element       Mulliken Charge
     1      C                 -0.225
     2      C                  0.039
     3      C                  0.044
     4      C                 -0.115
     5      C                  0.044
     6      C                  0.039
     7      F                 -0.152
     8      F                 -0.144
     9      F                 -0.144
    10      F                 -0.152
    11      C                 -0.119
    12      C                 -0.133
    13      C                 -0.122
    14      C                 -0.093
    15      C                 -0.101
    16      C                 -0.129
    17      H                  0.135
    18      H                  0.117
    19      H                  0.095
    20      H                  0.113
    21      H                  0.108
    22      H                  0.113
    23      H                  0.095
    24      H                  0.134
    25      H                  0.133
    26      H                  0.127
    27      H                  0.158
    28      H                  0.137
 Total Mulliken Charge =       0.000
 
                  X        Y        Z     TOTAL  
  QM DIPOLE    -2.323   -2.909    0.714    3.791
 
 Final Structure

  QMMM: QM Region Cartesian Coordinates (*=link atom) 
  QMMM: QM_NO.   MM_NO.  ATOM         X         Y         Z
  QMMM:     1        1      C       -1.5065    0.5915    0.2018
  QMMM:     2        2      C       -2.9863    0.6707   -0.1766
  QMMM:     3        3      C       -3.8020    1.3382    0.9776
  QMMM:     4        4      C       -3.6039    0.4858    2.2488
  QMMM:     5        5      C       -2.1174    0.4049    2.6555
  QMMM:     6        6      C       -1.3328   -0.2453    1.4703
  QMMM:     7        7      F       -3.1589    1.3697   -1.3576
  QMMM:     8        8      F       -3.4326    2.6592    1.1387
  QMMM:     9        9      F       -1.5722    1.6286    2.9916
  QMMM:    10       10      F        0.0049   -0.3831    1.7935
  QMMM:    11       11      C       -6.1534    1.6997    5.4837
  QMMM:    12       12      C       -6.2877    0.4335    4.9140
  QMMM:    13       13      C       -5.4566    0.0467    3.8645
  QMMM:    14       14      C       -4.4809    0.9248    3.3736
  QMMM:    15       15      C       -4.3516    2.1939    3.9498
  QMMM:    16       16      C       -5.1846    2.5779    4.9996
  QMMM:    17       17      H       -1.1114    1.6263    0.3807
  QMMM:    18       18      H       -0.9220    0.1374   -0.6376
  QMMM:    19       19      H       -3.3972   -0.3703   -0.3268
  QMMM:    20       20      H       -4.8949    1.3179    0.6948
  QMMM:    21       21      H       -3.9024   -0.5667    1.9631
  QMMM:    22       22      H       -2.0241   -0.2724    3.5541
  QMMM:    23       23      H       -1.7578   -1.2785    1.3060
  QMMM:    24       24      H       -6.8100    2.0037    6.3120
  QMMM:    25       25      H       -7.0506   -0.2625    5.2926
  QMMM:    26       26      H       -5.5714   -0.9545    3.4227
  QMMM:    27       27      H       -3.5847    2.8870    3.5655
  QMMM:    28       28      H       -5.0741    3.5777    5.4451

           --------- Calculation Completed ----------

