            --------------------------------------------------------
                             AMBER SQM VERSION 14
 
                                     By
              Ross C. Walker, Michael F. Crowley, Scott Brozell,
                         Tim Giese, Andreas W. Goetz,
                        Tai-Sung Lee and David A. Case
 
            --------------------------------------------------------
 

--------------------------------------------------------------------------------
  QM CALCULATION INFO
--------------------------------------------------------------------------------

| QMMM: Citation for AMBER QMMM Run:
| QMMM: R.C. Walker, M.F. Crowley and D.A. Case, J. COMP. CHEM. 29:1019, 2008

QMMM: SINGLET STATE CALCULATION
QMMM: RHF CALCULATION, NO. OF DOUBLY OCCUPIED LEVELS = 38

| QMMM: *** Selected Hamiltonian *** 
| QMMM: AM1         

| QMMM: *** Parameter sets in use ***
| QMMM: C : M.J.S.DEWAR et al. JACS, 107, 3902, (1985)
| QMMM: F : M.J.S.DEWAR et al. THEOCHEM, 180, 1, (1988)
| QMMM: H : M.J.S.DEWAR et al. JACS, 107, 3902, (1985)

| QMMM: *** SCF convergence criteria ***
| QMMM: Energy change                :  0.1D-09 kcal/mol
| QMMM: Error matrix |FP-PF|         :  0.1D+00 au
| QMMM: Density matrix change        :  0.5D-06
| QMMM: Maximum number of SCF cycles :     1000

| QMMM: *** Diagonalization Routine Information ***
| QMMM: Pseudo diagonalizations are allowed.
| QMMM: Auto diagonalization routine selection is in use.
| QMMM:
| QMMM: Timing diagonalization routines:
| QMMM:                              norbs =       70
| QMMM:    diag iterations used for timing =       15
| QMMM:
| QMMM:              Internal diag routine = 0.020021 seconds
| QMMM:                 Dspev diag routine = 0.016232 seconds
| QMMM:                Dspevd diag routine = 0.012377 seconds
| QMMM:                Dspevx diag routine = 0.046684 seconds
| QMMM:                 Dsyev diag routine = 0.016825 seconds
| QMMM:                Dsyevd diag routine = 0.014625 seconds
| QMMM:                Dsyevr diag routine = 0.014476 seconds
| QMMM:
| QMMM:                Pseudo diag routine = 0.005113 seconds
| QMMM:
| QMMM: Using dspevd routine (diag_routine=3).

  QMMM: QM Region Cartesian Coordinates (*=link atom) 
  QMMM: QM_NO.   MM_NO.  ATOM         X         Y         Z
  QMMM:     1        1      C        0.5270   -1.7340    0.1610
  QMMM:     2        2      C       -0.9120   -1.4690   -0.3340
  QMMM:     3        3      C       -0.6520    1.0000    0.2170
  QMMM:     4        4      C        0.7880    0.7400    0.7130
  QMMM:     5        5      C        1.0160   -0.7040    1.1950
  QMMM:     6        6      C       -1.5620   -0.2360    0.3160
  QMMM:     7        7      C        5.2140   -1.3390    2.0480
  QMMM:     8        8      C        4.5150   -0.3050    2.6920
  QMMM:     9        9      C        3.1540   -0.0990    2.4160
  QMMM:    10       10      C        2.4910   -0.9270    1.4950
  QMMM:    11       11      C        3.1900   -1.9610    0.8510
  QMMM:    12       12      C        4.5520   -2.1670    1.1270
  QMMM:    13       13      F        1.3830   -1.7260   -0.9210
  QMMM:    14       14      F       -0.8890   -1.2970   -1.7030
  QMMM:    15       15      H        0.5940   -2.7360    0.5860
  QMMM:    16       16      H       -1.5330   -2.3470   -0.1560
  QMMM:    17       17      H       -1.0950    1.8250    0.7760
  QMMM:    18       18      H        1.0330    1.4340    1.5180
  QMMM:    19       19      H        1.4870    0.9610   -0.0940
  QMMM:    20       20      H        0.4920   -0.8600    2.1380
  QMMM:    21       21      H       -1.7790   -0.4480    1.3640
  QMMM:    22       22      H       -2.5250   -0.0300   -0.1540
  QMMM:    23       23      H       -0.6140    1.3320   -0.8210
  QMMM:    24       24      H        6.2840   -1.5010    2.2660
  QMMM:    25       25      H        5.0360    0.3460    3.4160
  QMMM:    26       26      H        2.6050    0.7140    2.9210
  QMMM:    27       27      H        2.6700   -2.6120    0.1280
  QMMM:    28       28      H        5.1010   -2.9800    0.6220

--------------------------------------------------------------------------------
  RESULTS
--------------------------------------------------------------------------------

      iter         sqm energy              rms gradient
      ----    -------------------    -----------------------
xmin    10      -90.8768 kcal/mol        0.3287 kcal/(mol*A)
xmin    20      -91.4393 kcal/mol        0.3799 kcal/(mol*A)
xmin    30      -91.7901 kcal/mol        0.5030 kcal/(mol*A)
xmin    40      -92.1888 kcal/mol        1.0790 kcal/(mol*A)
xmin    50      -92.4066 kcal/mol        1.0642 kcal/(mol*A)
xmin    60      -92.5282 kcal/mol        0.3146 kcal/(mol*A)
xmin    70      -92.6354 kcal/mol        0.2297 kcal/(mol*A)
xmin    80      -92.6688 kcal/mol        0.1764 kcal/(mol*A)
xmin    90      -92.7152 kcal/mol        0.3655 kcal/(mol*A)
xmin   100      -92.8558 kcal/mol        0.1683 kcal/(mol*A)
xmin   110      -92.8994 kcal/mol        0.2259 kcal/(mol*A)
xmin   120      -93.0218 kcal/mol        0.2075 kcal/(mol*A)
xmin   130      -93.1309 kcal/mol        0.4502 kcal/(mol*A)
xmin   140      -93.1989 kcal/mol        0.2152 kcal/(mol*A)
xmin   150      -93.2205 kcal/mol        0.1145 kcal/(mol*A)
xmin   160      -93.2330 kcal/mol        0.0467 kcal/(mol*A)
xmin   170      -93.2334 kcal/mol        0.0263 kcal/(mol*A)
xmin   180      -93.2337 kcal/mol        0.0201 kcal/(mol*A)
xmin   190      -93.2337 kcal/mol        0.0050 kcal/(mol*A)
xmin   200      -93.2337 kcal/mol        0.0012 kcal/(mol*A)
xmin   210      -93.2337 kcal/mol        0.0008 kcal/(mol*A)
  ... geometry converged !
 
 Final MO eigenvalues (eV):
 -49.3310  -48.2146  -40.0090  -37.9350  -33.3885  -31.5278  -30.9196  -29.4603
 -24.7866  -23.8161  -23.3350  -22.1020  -19.6471  -18.3231  -18.0849  -17.2466
 -17.0587  -16.0588  -15.9511  -15.7240  -15.1647  -15.0745  -14.7296  -14.2415
 -14.1558  -13.8650  -13.4504  -13.4385  -12.8642  -12.3809  -12.3100  -12.0915
 -11.9162  -11.4970  -11.2024  -11.0279   -9.7515   -9.5621    0.3233    0.4729
   2.7057    2.8582    3.1661    3.2321    3.3269    3.5378    3.5861    3.7759
   3.8686    3.9076    3.9831    4.0108    4.0638    4.0869    4.2748    4.4312
   4.4502    4.4888    4.5694    4.6652    4.8320    4.9475    4.9889    5.0226
   5.0740    5.1403    5.4868    5.5318    5.6344    6.0151

 Heat of formation   =        -93.23371306 kcal/mol  (       -4.04291718 eV)

 Total SCF energy    =     -62268.30633005 kcal/mol  (    -2700.15638221 eV)
 Electronic energy   =    -336937.37972208 kcal/mol  (   -14610.70117177 eV)
 Core-core repulsion =     274669.07339203 kcal/mol  (    11910.54478956 eV)
 
    Atomic Charges for Step       1 :
  Atom    Element       Mulliken Charge
     1      C                  0.045
     2      C                  0.035
     3      C                 -0.162
     4      C                 -0.150
     5      C                 -0.088
     6      C                 -0.184
     7      C                 -0.126
     8      C                 -0.131
     9      C                 -0.125
    10      C                 -0.080
    11      C                 -0.116
    12      C                 -0.129
    13      F                 -0.156
    14      F                 -0.159
    15      H                  0.103
    16      H                  0.092
    17      H                  0.087
    18      H                  0.086
    19      H                  0.096
    20      H                  0.098
    21      H                  0.088
    22      H                  0.104
    23      H                  0.099
    24      H                  0.132
    25      H                  0.131
    26      H                  0.128
    27      H                  0.146
    28      H                  0.134
 Total Mulliken Charge =       0.000
 
                  X        Y        Z     TOTAL  
  QM DIPOLE     0.304    1.417    2.266    2.690
 
 Final Structure

  QMMM: QM Region Cartesian Coordinates (*=link atom) 
  QMMM: QM_NO.   MM_NO.  ATOM         X         Y         Z
  QMMM:     1        1      C        0.3922   -1.7534    0.4137
  QMMM:     2        2      C       -1.1493   -1.4927    0.4114
  QMMM:     3        3      C       -0.3794    0.7553   -0.4550
  QMMM:     4        4      C        0.9404    0.7096    0.2907
  QMMM:     5        5      C        1.0793   -0.5643    1.1166
  QMMM:     6        6      C       -1.4728    0.0019    0.2675
  QMMM:     7        7      C        5.1808   -1.3600    2.1178
  QMMM:     8        8      C        4.2519   -1.0803    3.1195
  QMMM:     9        9      C        2.9212   -0.8278    2.7898
  QMMM:    10       10      C        2.5061   -0.8524    1.4524
  QMMM:    11       11      C        3.4442   -1.1343    0.4518
  QMMM:    12       12      C        4.7737   -1.3877    0.7841
  QMMM:    13       13      F        0.8564   -1.9699   -0.8712
  QMMM:    14       14      F       -1.7588   -2.2402   -0.5817
  QMMM:    15       15      H        0.5879   -2.6940    1.0064
  QMMM:    16       16      H       -1.5496   -1.8536    1.4041
  QMMM:    17       17      H       -0.6924    1.8220   -0.5984
  QMMM:    18       18      H        1.0292    1.5923    0.9759
  QMMM:    19       19      H        1.7818    0.7736   -0.4485
  QMMM:    20       20      H        0.5102   -0.4169    2.0816
  QMMM:    21       21      H       -1.6175    0.4342    1.2912
  QMMM:    22       22      H       -2.4389    0.1116   -0.2910
  QMMM:    23       23      H       -0.2441    0.3018   -1.4739
  QMMM:    24       24      H        6.2303   -1.5590    2.3787
  QMMM:    25       25      H        4.5681   -1.0580    4.1727
  QMMM:    26       26      H        2.1961   -0.6065    3.5873
  QMMM:    27       27      H        3.1219   -1.1665   -0.6013
  QMMM:    28       28      H        5.5021   -1.6106   -0.0094

           --------- Calculation Completed ----------

