
          -------------------------------------------------------
          Amber 16 SANDER                              2016
          -------------------------------------------------------

| Run on 03/22/2017 at 11:13:48

|   Executable path: sander
| Working directory: /home/steboss/Simulation/logP_standrews/a_phenyl-cyclohexane/water/equilibration
|          Hostname: Unknown
  [-O]verwriting output

File Assignments:
|  MDIN: md00003.in                                                            
| MDOUT: md00003.out                                                           
|INPCRD: md00002.rst7                                                          
|  PARM: solvated.parm7                                                        
|RESTRT: md00003.rst7                                                          
|  REFC: solvated.rst7                                                         
| MDVEL: mdvel                                                                 
| MDFRC: mdfrc                                                                 
|  MDEN: md00003.en                                                            
| MDCRD: md00003.nc                                                            
|MDINFO: md00003.info                                                          
|  MTMD: mtmd                                                                  
|INPDIP: inpdip                                                                
|RSTDIP: rstdip                                                                
|INPTRA: inptraj                                                               


 Here is the input file:

constant temperature                                                           
&cntrl                                                                         
ntxo=1,                                                                        
imin = 0, nstlim = 4000, irest = 1, ntx = 5, dt = 0.002,                       
ntt = 1, temp0 = 300.0, tautp = 1.0,                                           
ntb = 1,                                                                       
ntc = 2, ntf = 2,                                                              
ioutfm = 1, iwrap = 1,                                                         
ntwe = 800, ntwx = 800, ntpr = 400,                                            
ntr = 1, restraint_wt = 10.00,                                                 
restraintmask="!:WAT,HOH,T3P,T4P",                                             
/                                                                              
                                                                               

--------------------------------------------------------------------------------
   1.  RESOURCE   USE: 
--------------------------------------------------------------------------------

| Flags:                                                                        
 getting new box info from bottom of inpcrd
|  INFO: Old style inpcrd file read

| peek_ewald_inpcrd: Box info found
|Largest sphere to fit in unit cell has radius =    17.130
| New format PARM file being parsed.
| Version =    1.000 Date = 03/22/17 Time = 11:13:28
 NATOM  =    3163 NTYPES =       6 NBONH =    3151 MBONA  =      13
 NTHETH =      38 MTHETA =      16 NPHIH =      69 MPHIA  =      33
 NHPARM =       0 NPARM  =       0 NNB   =    4343 NRES   =    1046
 NBONA  =      13 NTHETA =      16 NPHIA =      33 NUMBND =       7
 NUMANG =       8 NPTRA  =       9 NATYP =       6 NPHB   =       1
 IFBOX  =       1 NMXRS  =      28 IFCAP =       0 NEXTRA =       0
 NCOPY  =       0


|     Memory Use     Allocated
|     Real              308768
|     Hollerith          10537
|     Integer            96876
|     Max Pairs        1054333
|     nblistReal         37956
|     nblist Int        172722
|       Total             7921 kbytes

| Note: 1-4 EEL scale factors are being read from the topology file.

| Note: 1-4 VDW scale factors are being read from the topology file.
| Duplicated    0 dihedrals
| Duplicated    0 dihedrals

     BOX TYPE: RECTILINEAR

--------------------------------------------------------------------------------
   2.  CONTROL  DATA  FOR  THE  RUN
--------------------------------------------------------------------------------

LIG                                                                             

General flags:
     imin    =       0, nmropt  =       0

Nature and format of input:
     ntx     =       5, irest   =       1, ntrx    =       1

Nature and format of output:
     ntxo    =       1, ntpr    =     400, ntrx    =       1, ntwr    =    4000
     iwrap   =       1, ntwx    =     800, ntwv    =       0, ntwe    =     800
     ioutfm  =       1, ntwprt  =       0, idecomp =       0, rbornstat=      0

Potential function:
     ntf     =       2, ntb     =       1, igb     =       0, nsnb    =      25
     ipol    =       0, gbsa    =       0, iesp    =       0
     dielc   =   1.00000, cut     =   8.00000, intdiel =   1.00000

Frozen or restrained atoms:
     ibelly  =       0, ntr     =       1
     restraint_wt =  10.00000

Molecular dynamics:
     nstlim  =      4000, nscm    =         0, nrespa  =         1
     t       =   0.00000, dt      =   0.00200, vlimit  =  20.00000

Berendsen (weak-coupling) temperature regulation:
     temp0   = 300.00000, tempi   =   0.00000, tautp   =   1.00000

SHAKE:
     ntc     =       2, jfastw  =       0
     tol     =   0.00001

Ewald parameters:
     verbose =       0, ew_type =       0, nbflag  =       1, use_pme =       1
     vdwmeth =       1, eedmeth =       1, netfrc  =       1
     Box X =   35.890   Box Y =   34.260   Box Z =   37.638
     Alpha =   90.000   Beta  =   90.000   Gamma =   90.000
     NFFT1 =   36       NFFT2 =   36       NFFT3 =   40
     Cutoff=    8.000   Tol   =0.100E-04
     Ewald Coefficient =  0.34864
     Interpolation order =    4

    LOADING THE CONSTRAINED ATOMS AS GROUPS


   5.  REFERENCE ATOM COORDINATES

  LIG 
     Mask !:WAT,HOH,T3P,T4P; matches    28 atoms

--------------------------------------------------------------------------------
   3.  ATOMIC COORDINATES AND VELOCITIES
--------------------------------------------------------------------------------

LIG                                                                             
 begin time read from input coords =     2.000 ps

 Number of triangulated 3-point waters found:     1045

     Sum of charges from parm topology file =   0.00000000
     Forcing neutrality...

--------------------------------------------------------------------------------
   4.  RESULTS
--------------------------------------------------------------------------------

|  # of SOLUTE  degrees of freedom (RNDFP):    6338.
|  # of SOLVENT degrees of freedom (RNDFS):       0.
|  NDFMIN =    6338.     NUM_NOSHAKE =      0     CORRECTED RNDFP =    6338.
|  TOTAL # of degrees of freedom (RNDF) =    6338.
 ---------------------------------------------------
 APPROXIMATING switch and d/dx switch using CUBIC SPLINE INTERPOLATION
 using   5000.0 points per unit in tabled values
 TESTING RELATIVE ERROR over r ranging from 0.0 to cutoff
| CHECK switch(x): max rel err =   0.2738E-14   at   2.422500
| CHECK d/dx switch(x): max rel err =   0.8332E-11   at   2.782960
 ---------------------------------------------------
| Local SIZE OF NONBOND LIST =     521694
| TOTAL SIZE OF NONBOND LIST =     521694

 NSTEP =      400   TIME(PS) =       2.800  TEMP(K) =   205.09  PRESS =     0.0
 Etot   =     -9326.8390  EKtot   =      1291.5062  EPtot      =    -10618.3452
 BOND   =         0.7919  ANGLE   =         6.0716  DIHED      =         5.0845
 1-4 NB =         6.6573  1-4 EEL =         0.5068  VDWAALS    =      1907.1911
 EELEC  =    -12546.3684  EHBOND  =         0.0000  RESTRAINT  =         1.7200
 EAMBER (non-restraint)  =    -10620.0651
 Ewald error estimate:   0.1044E-03
 ------------------------------------------------------------------------------


 NSTEP =      800   TIME(PS) =       3.600  TEMP(K) =   233.14  PRESS =     0.0
 Etot   =     -8916.5720  EKtot   =      1468.1640  EPtot      =    -10384.7360
 BOND   =         1.5968  ANGLE   =         4.3727  DIHED      =         4.3559
 1-4 NB =         6.4301  1-4 EEL =         0.4551  VDWAALS    =      1759.4415
 EELEC  =    -12163.4175  EHBOND  =         0.0000  RESTRAINT  =         2.0296
 EAMBER (non-restraint)  =    -10386.7655
 Ewald error estimate:   0.4815E-04
 ------------------------------------------------------------------------------


 NSTEP =     1200   TIME(PS) =       4.400  TEMP(K) =   253.07  PRESS =     0.0
 Etot   =     -8616.5925  EKtot   =      1593.6615  EPtot      =    -10210.2540
 BOND   =         2.5552  ANGLE   =         5.7215  DIHED      =         4.6030
 1-4 NB =         6.8254  1-4 EEL =         0.3997  VDWAALS    =      1675.3848
 EELEC  =    -11907.9372  EHBOND  =         0.0000  RESTRAINT  =         2.1937
 EAMBER (non-restraint)  =    -10212.4476
 Ewald error estimate:   0.1780E-03
 ------------------------------------------------------------------------------


 NSTEP =     1600   TIME(PS) =       5.200  TEMP(K) =   262.94  PRESS =     0.0
 Etot   =     -8402.5005  EKtot   =      1655.8551  EPtot      =    -10058.3557
 BOND   =         1.4285  ANGLE   =         5.9187  DIHED      =         5.0417
 1-4 NB =         6.1744  1-4 EEL =         0.5342  VDWAALS    =      1657.0891
 EELEC  =    -11736.3917  EHBOND  =         0.0000  RESTRAINT  =         1.8494
 EAMBER (non-restraint)  =    -10060.2051
 Ewald error estimate:   0.1429E-03
 ------------------------------------------------------------------------------


 NSTEP =     2000   TIME(PS) =       6.000  TEMP(K) =   266.39  PRESS =     0.0
 Etot   =     -8233.0565  EKtot   =      1677.5623  EPtot      =     -9910.6189
 BOND   =         1.4498  ANGLE   =         6.4647  DIHED      =         5.8337
 1-4 NB =         6.6879  1-4 EEL =         0.4491  VDWAALS    =      1580.2836
 EELEC  =    -11515.9759  EHBOND  =         0.0000  RESTRAINT  =         4.1883
 EAMBER (non-restraint)  =     -9914.8072
 Ewald error estimate:   0.1352E-03
 ------------------------------------------------------------------------------


 NSTEP =     2400   TIME(PS) =       6.800  TEMP(K) =   276.06  PRESS =     0.0
 Etot   =     -8110.4754  EKtot   =      1738.4683  EPtot      =     -9848.9437
 BOND   =         1.8860  ANGLE   =         5.6574  DIHED      =         5.2666
 1-4 NB =         6.0587  1-4 EEL =         0.4030  VDWAALS    =      1635.7665
 EELEC  =    -11505.9297  EHBOND  =         0.0000  RESTRAINT  =         1.9478
 EAMBER (non-restraint)  =     -9850.8915
 Ewald error estimate:   0.2086E-03
 ------------------------------------------------------------------------------


 NSTEP =     2800   TIME(PS) =       7.600  TEMP(K) =   281.17  PRESS =     0.0
 Etot   =     -8012.8145  EKtot   =      1770.6412  EPtot      =     -9783.4557
 BOND   =         2.0743  ANGLE   =         6.8952  DIHED      =         5.3341
 1-4 NB =         6.3380  1-4 EEL =         0.5281  VDWAALS    =      1518.0797
 EELEC  =    -11324.8194  EHBOND  =         0.0000  RESTRAINT  =         2.1142
 EAMBER (non-restraint)  =     -9785.5700
 Ewald error estimate:   0.3745E-04
 ------------------------------------------------------------------------------


 NSTEP =     3200   TIME(PS) =       8.400  TEMP(K) =   285.31  PRESS =     0.0
 Etot   =     -7934.0780  EKtot   =      1796.7069  EPtot      =     -9730.7848
 BOND   =         1.0350  ANGLE   =         6.0909  DIHED      =         6.5534
 1-4 NB =         7.6737  1-4 EEL =         0.4338  VDWAALS    =      1500.0372
 EELEC  =    -11257.6784  EHBOND  =         0.0000  RESTRAINT  =         5.0696
 EAMBER (non-restraint)  =     -9735.8544
 Ewald error estimate:   0.2855E-04
 ------------------------------------------------------------------------------


 NSTEP =     3600   TIME(PS) =       9.200  TEMP(K) =   291.47  PRESS =     0.0
 Etot   =     -7870.9928  EKtot   =      1835.5170  EPtot      =     -9706.5098
 BOND   =         1.6822  ANGLE   =         4.9268  DIHED      =         5.3820
 1-4 NB =         7.3624  1-4 EEL =         0.4306  VDWAALS    =      1426.9495
 EELEC  =    -11157.1825  EHBOND  =         0.0000  RESTRAINT  =         3.9393
 EAMBER (non-restraint)  =     -9710.4491
 Ewald error estimate:   0.4120E-03
 ------------------------------------------------------------------------------


 NSTEP =     4000   TIME(PS) =      10.000  TEMP(K) =   289.67  PRESS =     0.0
 Etot   =     -7820.4163  EKtot   =      1824.1418  EPtot      =     -9644.5581
 BOND   =         5.8212  ANGLE   =         5.4333  DIHED      =         5.2543
 1-4 NB =         5.3007  1-4 EEL =         0.4772  VDWAALS    =      1455.4539
 EELEC  =    -11124.3719  EHBOND  =         0.0000  RESTRAINT  =         2.0733
 EAMBER (non-restraint)  =     -9646.6314
 Ewald error estimate:   0.7551E-04
 ------------------------------------------------------------------------------


      A V E R A G E S   O V E R    4000 S T E P S


 NSTEP =     4000   TIME(PS) =      10.000  TEMP(K) =   258.72  PRESS =     0.0
 Etot   =     -8422.8232  EKtot   =      1629.2539  EPtot      =    -10052.0771
 BOND   =         1.9824  ANGLE   =         5.7129  DIHED      =         5.1412
 1-4 NB =         6.6354  1-4 EEL =         0.4510  VDWAALS    =      1648.4938
 EELEC  =    -11722.9069  EHBOND  =         0.0000  RESTRAINT  =         2.4132
 EAMBER (non-restraint)  =    -10054.4903
 Ewald error estimate:   0.1560E-03
 ------------------------------------------------------------------------------


      R M S  F L U C T U A T I O N S


 NSTEP =     4000   TIME(PS) =      10.000  TEMP(K) =    32.94  PRESS =     0.0
 Etot   =       550.4563  EKtot   =       207.4148  EPtot      =       345.7020
 BOND   =         0.8680  ANGLE   =         0.9657  DIHED      =         0.4978
 1-4 NB =         0.5245  1-4 EEL =         0.0586  VDWAALS    =       146.4961
 EELEC  =       485.9513  EHBOND  =         0.0000  RESTRAINT  =         0.9802
 EAMBER (non-restraint)  =       344.7218
 Ewald error estimate:   0.1185E-03
 ------------------------------------------------------------------------------


--------------------------------------------------------------------------------
   5.  TIMINGS
--------------------------------------------------------------------------------

|    Read coords time           0.00 ( 0.01% of Total)
|                Build the list             5.52 (98.40% of List )
|                Other                      0.09 ( 1.60% of List )
|             List time                  5.61 ( 7.39% of Nonbo)
|                   Short_ene time            54.38 (99.12% of Direc)
|                   Other                      0.48 ( 0.88% of Direc)
|                Direct Ewald time         54.86 (78.14% of Ewald)
|                Adjust Ewald time          0.48 ( 0.68% of Ewald)
|                Self Ewald time            0.01 ( 0.01% of Ewald)
|                   Fill Bspline coeffs        0.52 ( 3.56% of Recip)
|                   Fill charge grid           1.45 ( 9.83% of Recip)
|                   Scalar sum                 3.05 (20.69% of Recip)
|                   Grad sum                   2.92 (19.82% of Recip)
|                   FFT time                   6.79 (46.05% of Recip)
|                   Other                      0.01 ( 0.05% of Recip)
|                Recip Ewald time          14.75 (21.00% of Ewald)
|                Force Adjust               0.01 ( 0.02% of Ewald)
|                Virial junk                0.07 ( 0.10% of Ewald)
|                Other                      0.03 ( 0.05% of Ewald)
|             Ewald time                70.21 (92.59% of Nonbo)
|             Other                      0.01 ( 0.02% of Nonbo)
|          Nonbond force             75.83 (99.73% of Force)
|          Bond/Angle/Dihedral        0.18 ( 0.23% of Force)
|          Other                      0.03 ( 0.04% of Force)
|       Force time                76.04 (98.67% of Runmd)
|       Shake time                 0.60 ( 0.78% of Runmd)
|       Verlet update time         0.36 ( 0.47% of Runmd)
|       Other                      0.06 ( 0.08% of Runmd)
|    Runmd Time                77.06 (100.0% of Total)
|    Other                      0.04 ( 0.06% of Total)
| Total time                77.11 (100.0% of ALL  )

| Number of list builds   :        340

| Highest rstack allocated:     205479
| Highest istack allocated:       3163

| Final Performance Info:
| -----------------------------------------------------
| Average timings for all steps:
|     Elapsed(s) =      77.06 Per Step(ms) =      19.26
|         ns/day =       8.97   seconds/ns =    9632.44
| -----------------------------------------------------

|           Job began  at 11:13:48.823  on 03/22/2017
|           Setup done at 11:13:48.872  on 03/22/2017
|           Run   done at 11:15:05.932  on 03/22/2017
|     wallclock() was called  176703 times
