
          -------------------------------------------------------
          Amber 16 SANDER                              2016
          -------------------------------------------------------

| Run on 03/22/2017 at 11:13:30

|   Executable path: sander
| Working directory: /home/steboss/Simulation/logP_standrews/a_phenyl-cyclohexane/water/equilibration
|          Hostname: Unknown
  [-O]verwriting output

File Assignments:
|  MDIN: md00002.in                                                            
| MDOUT: md00002.out                                                           
|INPCRD: min00001.rst7                                                         
|  PARM: solvated.parm7                                                        
|RESTRT: md00002.rst7                                                          
|  REFC: solvated.rst7                                                         
| MDVEL: mdvel                                                                 
| MDFRC: mdfrc                                                                 
|  MDEN: md00002.en                                                            
| MDCRD: md00002.nc                                                            
|MDINFO: md00002.info                                                          
|  MTMD: mtmd                                                                  
|INPDIP: inpdip                                                                
|RSTDIP: rstdip                                                                
|INPTRA: inptraj                                                               


 Here is the input file:

heat the system                                                                
&cntrl                                                                         
ntxo=1,                                                                        
imin = 0, nstlim = 1000, irest = 0, ntx = 1, dt = 0.002,                       
nmropt = 1,                                                                    
ntt = 1, temp0 = 300.0, tempi = 5.0, tautp = 1.0,                              
ntb = 1, pres0 = 1.0,                                                          
ntc = 2, ntf = 2,                                                              
ioutfm = 1, iwrap = 1,                                                         
ntwe = 200, ntwx = 200, ntpr = 100,                                            
ntr = 1, restraint_wt = 10.00,                                                 
restraintmask="!:WAT,HOH,T3P,T4P",                                             
/                                                                              
                                                                               
&wt                                                                            
type = 'TEMP0',                                                                
istep1 = 0, istep2 = 1000,                                                     
value1 = 5.0, value2 = 300.0                                                   
/                                                                              
                                                                               
&wt type = 'END'                                                               
 /                                                                             
                                                                               

--------------------------------------------------------------------------------
   1.  RESOURCE   USE: 
--------------------------------------------------------------------------------

| Flags:                                                                        
 getting new box info from bottom of inpcrd
|  INFO: Old style inpcrd file read

| peek_ewald_inpcrd: Box info found
|Largest sphere to fit in unit cell has radius =    17.130
| New format PARM file being parsed.
| Version =    1.000 Date = 03/22/17 Time = 11:13:28
 NATOM  =    3163 NTYPES =       6 NBONH =    3151 MBONA  =      13
 NTHETH =      38 MTHETA =      16 NPHIH =      69 MPHIA  =      33
 NHPARM =       0 NPARM  =       0 NNB   =    4343 NRES   =    1046
 NBONA  =      13 NTHETA =      16 NPHIA =      33 NUMBND =       7
 NUMANG =       8 NPTRA  =       9 NATYP =       6 NPHB   =       1
 IFBOX  =       1 NMXRS  =      28 IFCAP =       0 NEXTRA =       0
 NCOPY  =       0


|     Memory Use     Allocated
|     Real              308797
|     Hollerith          10537
|     Integer            96921
|     Max Pairs        1054333
|     nblistReal         37956
|     nblist Int        172722
|       Total             7921 kbytes

| Note: 1-4 EEL scale factors are being read from the topology file.

| Note: 1-4 VDW scale factors are being read from the topology file.
| Duplicated    0 dihedrals
| Duplicated    0 dihedrals

     BOX TYPE: RECTILINEAR

--------------------------------------------------------------------------------
   2.  CONTROL  DATA  FOR  THE  RUN
--------------------------------------------------------------------------------

LIG                                                                             

General flags:
     imin    =       0, nmropt  =       1

Nature and format of input:
     ntx     =       1, irest   =       0, ntrx    =       1

Nature and format of output:
     ntxo    =       1, ntpr    =     100, ntrx    =       1, ntwr    =    1000
     iwrap   =       1, ntwx    =     200, ntwv    =       0, ntwe    =     200
     ioutfm  =       1, ntwprt  =       0, idecomp =       0, rbornstat=      0

Potential function:
     ntf     =       2, ntb     =       1, igb     =       0, nsnb    =      25
     ipol    =       0, gbsa    =       0, iesp    =       0
     dielc   =   1.00000, cut     =   8.00000, intdiel =   1.00000

Frozen or restrained atoms:
     ibelly  =       0, ntr     =       1
     restraint_wt =  10.00000

Molecular dynamics:
     nstlim  =      1000, nscm    =         0, nrespa  =         1
     t       =   0.00000, dt      =   0.00200, vlimit  =  20.00000

Berendsen (weak-coupling) temperature regulation:
     temp0   = 300.00000, tempi   =   5.00000, tautp   =   1.00000

SHAKE:
     ntc     =       2, jfastw  =       0
     tol     =   0.00001

NMR refinement options:
     iscale  =       0, noeskp  =       1, ipnlty  =       1, mxsub   =       1
     scalm   = 100.00000, pencut  =   0.10000, tausw   =   0.10000

Ewald parameters:
     verbose =       0, ew_type =       0, nbflag  =       1, use_pme =       1
     vdwmeth =       1, eedmeth =       1, netfrc  =       1
     Box X =   35.890   Box Y =   34.260   Box Z =   37.638
     Alpha =   90.000   Beta  =   90.000   Gamma =   90.000
     NFFT1 =   36       NFFT2 =   36       NFFT3 =   40
     Cutoff=    8.000   Tol   =0.100E-04
     Ewald Coefficient =  0.34864
     Interpolation order =    4

    LOADING THE CONSTRAINED ATOMS AS GROUPS


   5.  REFERENCE ATOM COORDINATES

  LIG 
     Mask !:WAT,HOH,T3P,T4P; matches    28 atoms

--------------------------------------------------------------------------------
   3.  ATOMIC COORDINATES AND VELOCITIES
--------------------------------------------------------------------------------

LIG                                                                             
 begin time read from input coords =     0.000 ps



           Begin reading energy term weight changes/NMR restraints
 WEIGHT CHANGES:
 TEMP0         0   1000    5.000000  300.000000      0      0

 RESTRAINTS:
                          ** No restraint defined **

                  Done reading weight changes/NMR restraints


 Number of triangulated 3-point waters found:     1045

     Sum of charges from parm topology file =   0.00000000
     Forcing neutrality...

--------------------------------------------------------------------------------
   4.  RESULTS
--------------------------------------------------------------------------------

|  # of SOLUTE  degrees of freedom (RNDFP):    6338.
|  # of SOLVENT degrees of freedom (RNDFS):       0.
|  NDFMIN =    6338.     NUM_NOSHAKE =      0     CORRECTED RNDFP =    6338.
|  TOTAL # of degrees of freedom (RNDF) =    6338.
 ---------------------------------------------------
 APPROXIMATING switch and d/dx switch using CUBIC SPLINE INTERPOLATION
 using   5000.0 points per unit in tabled values
 TESTING RELATIVE ERROR over r ranging from 0.0 to cutoff
| CHECK switch(x): max rel err =   0.2738E-14   at   2.422500
| CHECK d/dx switch(x): max rel err =   0.8332E-11   at   2.782960
 ---------------------------------------------------
| Local SIZE OF NONBOND LIST =     479229
| TOTAL SIZE OF NONBOND LIST =     479229

 NSTEP =        0   TIME(PS) =       0.000  TEMP(K) =     7.58  PRESS =     0.0
 Etot   =    -11805.4839  EKtot   =        47.7236  EPtot      =    -11853.2074
 BOND   =         4.0831  ANGLE   =         4.0248  DIHED      =         4.3059
 1-4 NB =         5.4461  1-4 EEL =         0.4538  VDWAALS    =      1675.7666
 EELEC  =    -13548.7672  EHBOND  =         0.0000  RESTRAINT  =         1.4795
 EAMBER (non-restraint)  =    -11854.6870
 Ewald error estimate:   0.1305E-03
 ------------------------------------------------------------------------------

 NMR restraints: Bond =    0.000   Angle =     0.000   Torsion =     0.000
===============================================================================

 NSTEP =      100   TIME(PS) =       0.200  TEMP(K) =    87.78  PRESS =     0.0
 Etot   =    -10379.4365  EKtot   =       552.7650  EPtot      =    -10932.2015
 BOND   =         0.7225  ANGLE   =         4.7538  DIHED      =         4.3147
 1-4 NB =         6.4891  1-4 EEL =         0.5084  VDWAALS    =      2022.1630
 EELEC  =    -12971.5977  EHBOND  =         0.0000  RESTRAINT  =         0.4447
 EAMBER (non-restraint)  =    -10932.6461
 Ewald error estimate:   0.1003E-03
 ------------------------------------------------------------------------------

 NMR restraints: Bond =    0.000   Angle =     0.000   Torsion =     0.000
===============================================================================

 NSTEP =      200   TIME(PS) =       0.400  TEMP(K) =    99.45  PRESS =     0.0
 Etot   =    -10440.8382  EKtot   =       626.3064  EPtot      =    -11067.1446
 BOND   =         0.5178  ANGLE   =         3.4610  DIHED      =         4.5413
 1-4 NB =         6.5594  1-4 EEL =         0.4282  VDWAALS    =      2225.1905
 EELEC  =    -13308.4552  EHBOND  =         0.0000  RESTRAINT  =         0.6124
 EAMBER (non-restraint)  =    -11067.7570
 Ewald error estimate:   0.1267E-04
 ------------------------------------------------------------------------------

 NMR restraints: Bond =    0.000   Angle =     0.000   Torsion =     0.000
===============================================================================

 NSTEP =      300   TIME(PS) =       0.600  TEMP(K) =   104.39  PRESS =     0.0
 Etot   =    -10473.0938  EKtot   =       657.3748  EPtot      =    -11130.4686
 BOND   =         1.4792  ANGLE   =         3.8019  DIHED      =         4.4046
 1-4 NB =         6.1325  1-4 EEL =         0.4621  VDWAALS    =      2191.9594
 EELEC  =    -13339.7078  EHBOND  =         0.0000  RESTRAINT  =         0.9995
 EAMBER (non-restraint)  =    -11131.4682
 Ewald error estimate:   0.4070E-03
 ------------------------------------------------------------------------------

 NMR restraints: Bond =    0.000   Angle =     0.000   Torsion =     0.000
===============================================================================

 NSTEP =      400   TIME(PS) =       0.800  TEMP(K) =   114.40  PRESS =     0.0
 Etot   =    -10474.8417  EKtot   =       720.4442  EPtot      =    -11195.2859
 BOND   =         1.1226  ANGLE   =         3.7089  DIHED      =         4.5217
 1-4 NB =         6.7734  1-4 EEL =         0.4994  VDWAALS    =      2280.3990
 EELEC  =    -13492.9367  EHBOND  =         0.0000  RESTRAINT  =         0.6259
 EAMBER (non-restraint)  =    -11195.9117
 Ewald error estimate:   0.3854E-03
 ------------------------------------------------------------------------------

 NMR restraints: Bond =    0.000   Angle =     0.000   Torsion =     0.000
===============================================================================

 NSTEP =      500   TIME(PS) =       1.000  TEMP(K) =   113.94  PRESS =     0.0
 Etot   =    -10445.0560  EKtot   =       717.5464  EPtot      =    -11162.6024
 BOND   =         0.5187  ANGLE   =         4.1389  DIHED      =         4.4451
 1-4 NB =         6.5922  1-4 EEL =         0.3915  VDWAALS    =      2174.6061
 EELEC  =    -13353.7880  EHBOND  =         0.0000  RESTRAINT  =         0.4931
 EAMBER (non-restraint)  =    -11163.0955
 Ewald error estimate:   0.4504E-03
 ------------------------------------------------------------------------------

 NMR restraints: Bond =    0.000   Angle =     0.000   Torsion =     0.000
===============================================================================

 NSTEP =      600   TIME(PS) =       1.200  TEMP(K) =   121.66  PRESS =     0.0
 Etot   =    -10384.3249  EKtot   =       766.1157  EPtot      =    -11150.4406
 BOND   =         1.3766  ANGLE   =         4.2090  DIHED      =         4.5358
 1-4 NB =         6.3351  1-4 EEL =         0.5322  VDWAALS    =      2113.9287
 EELEC  =    -13282.3782  EHBOND  =         0.0000  RESTRAINT  =         1.0201
 EAMBER (non-restraint)  =    -11151.4607
 Ewald error estimate:   0.2853E-03
 ------------------------------------------------------------------------------

 NMR restraints: Bond =    0.000   Angle =     0.000   Torsion =     0.000
===============================================================================

 NSTEP =      700   TIME(PS) =       1.400  TEMP(K) =   130.77  PRESS =     0.0
 Etot   =    -10298.0377  EKtot   =       823.4978  EPtot      =    -11121.5356
 BOND   =         0.4294  ANGLE   =         4.9727  DIHED      =         4.4315
 1-4 NB =         6.5527  1-4 EEL =         0.4090  VDWAALS    =      2055.5896
 EELEC  =    -13195.0017  EHBOND  =         0.0000  RESTRAINT  =         1.0812
 EAMBER (non-restraint)  =    -11122.6168
 Ewald error estimate:   0.2969E-03
 ------------------------------------------------------------------------------

 NMR restraints: Bond =    0.000   Angle =     0.000   Torsion =     0.000
===============================================================================

 NSTEP =      800   TIME(PS) =       1.600  TEMP(K) =   141.44  PRESS =     0.0
 Etot   =    -10188.1469  EKtot   =       890.6877  EPtot      =    -11078.8347
 BOND   =         0.6293  ANGLE   =         4.3722  DIHED      =         4.6464
 1-4 NB =         6.7578  1-4 EEL =         0.4243  VDWAALS    =      2061.5410
 EELEC  =    -13158.0364  EHBOND  =         0.0000  RESTRAINT  =         0.8308
 EAMBER (non-restraint)  =    -11079.6654
 Ewald error estimate:   0.3502E-04
 ------------------------------------------------------------------------------

 NMR restraints: Bond =    0.000   Angle =     0.000   Torsion =     0.000
===============================================================================

 NSTEP =      900   TIME(PS) =       1.800  TEMP(K) =   153.75  PRESS =     0.0
 Etot   =    -10052.7138  EKtot   =       968.2532  EPtot      =    -11020.9670
 BOND   =         1.9653  ANGLE   =         3.9101  DIHED      =         4.4907
 1-4 NB =         6.0581  1-4 EEL =         0.4838  VDWAALS    =      2041.7204
 EELEC  =    -13080.2829  EHBOND  =         0.0000  RESTRAINT  =         0.6875
 EAMBER (non-restraint)  =    -11021.6545
 Ewald error estimate:   0.1011E-03
 ------------------------------------------------------------------------------

 NMR restraints: Bond =    0.000   Angle =     0.000   Torsion =     0.000
===============================================================================

 NSTEP =     1000   TIME(PS) =       2.000  TEMP(K) =   164.09  PRESS =     0.0
 Etot   =     -9896.1710  EKtot   =      1033.3251  EPtot      =    -10929.4961
 BOND   =         1.1050  ANGLE   =         4.5867  DIHED      =         4.5424
 1-4 NB =         6.5729  1-4 EEL =         0.3727  VDWAALS    =      2025.6331
 EELEC  =    -12973.3756  EHBOND  =         0.0000  RESTRAINT  =         1.0668
 EAMBER (non-restraint)  =    -10930.5629
 Ewald error estimate:   0.2635E-03
 ------------------------------------------------------------------------------

 NMR restraints: Bond =    0.000   Angle =     0.000   Torsion =     0.000
===============================================================================

      A V E R A G E S   O V E R    1000 S T E P S


 NSTEP =     1000   TIME(PS) =       2.000  TEMP(K) =   117.01  PRESS =     0.0
 Etot   =    -10326.8376  EKtot   =       736.8407  EPtot      =    -11063.6783
 BOND   =         1.2543  ANGLE   =         3.9318  DIHED      =         4.4463
 1-4 NB =         6.4846  1-4 EEL =         0.4524  VDWAALS    =      2087.4680
 EELEC  =    -13168.4917  EHBOND  =         0.0000  RESTRAINT  =         0.7759
 EAMBER (non-restraint)  =    -11064.4542
 Ewald error estimate:   0.2404E-03
 ------------------------------------------------------------------------------

 NMR restraints: Bond =    0.000   Angle =     0.000   Torsion =     0.000
===============================================================================

      R M S  F L U C T U A T I O N S


 NSTEP =     1000   TIME(PS) =       2.000  TEMP(K) =    28.77  PRESS =     0.0
 Etot   =       162.2680  EKtot   =       181.1984  EPtot      =       146.2258
 BOND   =         0.5713  ANGLE   =         0.4331  DIHED      =         0.1755
 1-4 NB =         0.3677  1-4 EEL =         0.0458  VDWAALS    =       161.8250
 EELEC  =       294.9383  EHBOND  =         0.0000  RESTRAINT  =         0.2026
 EAMBER (non-restraint)  =       146.0232
 Ewald error estimate:   0.1379E-03
 ------------------------------------------------------------------------------


 NMR restraints on final step:


--------------------------------------------------------------------------------
   5.  TIMINGS
--------------------------------------------------------------------------------

|    Read coords time           0.00 ( 0.02% of Total)
|                Build the list             0.85 (95.80% of List )
|                Other                      0.04 ( 4.20% of List )
|             List time                  0.89 ( 4.97% of Nonbo)
|                   Short_ene time            13.10 (99.10% of Direc)
|                   Other                      0.12 ( 0.90% of Direc)
|                Direct Ewald time         13.22 (77.62% of Ewald)
|                Adjust Ewald time          0.12 ( 0.70% of Ewald)
|                Self Ewald time            0.00 ( 0.01% of Ewald)
|                   Fill Bspline coeffs        0.13 ( 3.48% of Recip)
|                   Fill charge grid           0.36 ( 9.76% of Recip)
|                   Scalar sum                 0.76 (20.73% of Recip)
|                   Grad sum                   0.72 (19.73% of Recip)
|                   FFT time                   1.69 (46.25% of Recip)
|                   Other                      0.00 ( 0.05% of Recip)
|                Recip Ewald time           3.66 (21.51% of Ewald)
|                Force Adjust               0.00 ( 0.02% of Ewald)
|                Virial junk                0.02 ( 0.09% of Ewald)
|                Other                      0.01 ( 0.05% of Ewald)
|             Ewald time                17.03 (95.00% of Nonbo)
|             Other                      0.00 ( 0.02% of Nonbo)
|          Nonbond force             17.93 (99.70% of Force)
|          Bond/Angle/Dihedral        0.04 ( 0.24% of Force)
|          Other                      0.01 ( 0.06% of Force)
|       Force time                17.98 (98.41% of Runmd)
|       Shake time                 0.15 ( 0.82% of Runmd)
|       Verlet update time         0.12 ( 0.68% of Runmd)
|       Other                      0.02 ( 0.09% of Runmd)
|    Runmd Time                18.27 (99.81% of Total)
|    Other                      0.03 ( 0.17% of Total)
| Total time                18.30 (100.0% of ALL  )

| Number of list builds   :         56

| Highest rstack allocated:     205479
| Highest istack allocated:       3163

| Final Performance Info:
| -----------------------------------------------------
| Average timings for all steps:
|     Elapsed(s) =      18.27 Per Step(ms) =      18.27
|         ns/day =       9.46   seconds/ns =    9135.30
| -----------------------------------------------------

|           Job began  at 11:13:30.509  on 03/22/2017
|           Setup done at 11:13:30.543  on 03/22/2017
|           Run   done at 11:13:48.814  on 03/22/2017
|     wallclock() was called   44173 times
