
          -------------------------------------------------------
          Amber 16 SANDER                              2016
          -------------------------------------------------------

| Run on 03/22/2017 at 11:15:05

|   Executable path: sander
| Working directory: /home/steboss/Simulation/logP_standrews/a_phenyl-cyclohexane/water/equilibration
|          Hostname: Unknown
  [-O]verwriting output

File Assignments:
|  MDIN: md00004.in                                                            
| MDOUT: md00004.out                                                           
|INPCRD: md00003.rst7                                                          
|  PARM: solvated.parm7                                                        
|RESTRT: md00004.rst7                                                          
|  REFC: solvated.rst7                                                         
| MDVEL: mdvel                                                                 
| MDFRC: mdfrc                                                                 
|  MDEN: md00004.en                                                            
| MDCRD: md00004.nc                                                            
|MDINFO: md00004.info                                                          
|  MTMD: mtmd                                                                  
|INPDIP: inpdip                                                                
|RSTDIP: rstdip                                                                
|INPTRA: inptraj                                                               


 Here is the input file:

md with sander                                                                 
&cntrl                                                                         
ntxo=1,                                                                        
imin = 0, nstlim = 15000, irest = 1, ntx = 5, dt = 0.002,                      
ntt = 1, temp0 = 298.0, tautp = 1.0,                                           
ntp = 1, pres0 = 1.0, taup = 0.5,                                              
ntb = 2,                                                                       
ntc = 2, ntf = 2,                                                              
ioutfm = 1, iwrap = 1,                                                         
ntwe = 3000, ntwx = 3000, ntpr = 1500,                                         
ntr = 1, restraint_wt = 10.00,                                                 
restraintmask="!:WAT,HOH,T3P,T4P",                                             
/                                                                              
                                                                               

--------------------------------------------------------------------------------
   1.  RESOURCE   USE: 
--------------------------------------------------------------------------------

| Flags:                                                                        
 getting new box info from bottom of inpcrd
|  INFO: Old style inpcrd file read

| peek_ewald_inpcrd: Box info found
|Largest sphere to fit in unit cell has radius =    17.130
| New format PARM file being parsed.
| Version =    1.000 Date = 03/22/17 Time = 11:13:28
 NATOM  =    3163 NTYPES =       6 NBONH =    3151 MBONA  =      13
 NTHETH =      38 MTHETA =      16 NPHIH =      69 MPHIA  =      33
 NHPARM =       0 NPARM  =       0 NNB   =    4343 NRES   =    1046
 NBONA  =      13 NTHETA =      16 NPHIA =      33 NUMBND =       7
 NUMANG =       8 NPTRA  =       9 NATYP =       6 NPHB   =       1
 IFBOX  =       1 NMXRS  =      28 IFCAP =       0 NEXTRA =       0
 NCOPY  =       0


|     Memory Use     Allocated
|     Real              308768
|     Hollerith          10537
|     Integer            96876
|     Max Pairs        1054333
|     nblistReal         37956
|     nblist Int        172722
|       Total             7921 kbytes

| Note: 1-4 EEL scale factors are being read from the topology file.

| Note: 1-4 VDW scale factors are being read from the topology file.
| Duplicated    0 dihedrals
| Duplicated    0 dihedrals

     BOX TYPE: RECTILINEAR

--------------------------------------------------------------------------------
   2.  CONTROL  DATA  FOR  THE  RUN
--------------------------------------------------------------------------------

LIG                                                                             

General flags:
     imin    =       0, nmropt  =       0

Nature and format of input:
     ntx     =       5, irest   =       1, ntrx    =       1

Nature and format of output:
     ntxo    =       1, ntpr    =    1500, ntrx    =       1, ntwr    =   15000
     iwrap   =       1, ntwx    =    3000, ntwv    =       0, ntwe    =    3000
     ioutfm  =       1, ntwprt  =       0, idecomp =       0, rbornstat=      0

Potential function:
     ntf     =       2, ntb     =       2, igb     =       0, nsnb    =      25
     ipol    =       0, gbsa    =       0, iesp    =       0
     dielc   =   1.00000, cut     =   8.00000, intdiel =   1.00000

Frozen or restrained atoms:
     ibelly  =       0, ntr     =       1
     restraint_wt =  10.00000

Molecular dynamics:
     nstlim  =     15000, nscm    =         0, nrespa  =         1
     t       =   0.00000, dt      =   0.00200, vlimit  =  20.00000

Berendsen (weak-coupling) temperature regulation:
     temp0   = 298.00000, tempi   =   0.00000, tautp   =   1.00000

Pressure regulation:
     ntp     =       1
     pres0   =   1.00000, comp    =  44.60000, taup    =   0.50000

SHAKE:
     ntc     =       2, jfastw  =       0
     tol     =   0.00001

Ewald parameters:
     verbose =       0, ew_type =       0, nbflag  =       1, use_pme =       1
     vdwmeth =       1, eedmeth =       1, netfrc  =       1
     Box X =   35.890   Box Y =   34.260   Box Z =   37.638
     Alpha =   90.000   Beta  =   90.000   Gamma =   90.000
     NFFT1 =   36       NFFT2 =   36       NFFT3 =   40
     Cutoff=    8.000   Tol   =0.100E-04
     Ewald Coefficient =  0.34864
     Interpolation order =    4

    LOADING THE CONSTRAINED ATOMS AS GROUPS


   5.  REFERENCE ATOM COORDINATES

  LIG 
     Mask !:WAT,HOH,T3P,T4P; matches    28 atoms

--------------------------------------------------------------------------------
   3.  ATOMIC COORDINATES AND VELOCITIES
--------------------------------------------------------------------------------

LIG                                                                             
 begin time read from input coords =    10.000 ps

 Number of triangulated 3-point waters found:     1045

     Sum of charges from parm topology file =   0.00000000
     Forcing neutrality...

--------------------------------------------------------------------------------
   4.  RESULTS
--------------------------------------------------------------------------------

|  # of SOLUTE  degrees of freedom (RNDFP):    6338.
|  # of SOLVENT degrees of freedom (RNDFS):       0.
|  NDFMIN =    6338.     NUM_NOSHAKE =      0     CORRECTED RNDFP =    6338.
|  TOTAL # of degrees of freedom (RNDF) =    6338.
 ---------------------------------------------------
 APPROXIMATING switch and d/dx switch using CUBIC SPLINE INTERPOLATION
 using   5000.0 points per unit in tabled values
 TESTING RELATIVE ERROR over r ranging from 0.0 to cutoff
| CHECK switch(x): max rel err =   0.2738E-14   at   2.422500
| CHECK d/dx switch(x): max rel err =   0.8332E-11   at   2.782960
 ---------------------------------------------------
| Local SIZE OF NONBOND LIST =     526079
| TOTAL SIZE OF NONBOND LIST =     526079

 NSTEP =     1500   TIME(PS) =      13.000  TEMP(K) =   299.14  PRESS =  -277.7
 Etot   =     -7823.4058  EKtot   =      1883.8113  EPtot      =     -9707.2171
 BOND   =         3.5319  ANGLE   =         6.0452  DIHED      =         4.4805
 1-4 NB =         7.0088  1-4 EEL =         0.3260  VDWAALS    =      1503.3845
 EELEC  =    -11236.7278  EHBOND  =         0.0000  RESTRAINT  =         4.7338
 EAMBER (non-restraint)  =     -9711.9509
 EKCMT  =       940.2072  VIRIAL  =      1196.1780  VOLUME     =     42689.8704
                                                    Density    =         0.7386
 Ewald error estimate:   0.1353E-03
 ------------------------------------------------------------------------------


 NSTEP =     3000   TIME(PS) =      16.000  TEMP(K) =   303.45  PRESS =  -401.7
 Etot   =     -7864.0451  EKtot   =      1910.9278  EPtot      =     -9774.9729
 BOND   =         1.7414  ANGLE   =         7.0206  DIHED      =         5.8634
 1-4 NB =         6.9540  1-4 EEL =         0.3116  VDWAALS    =      1482.1398
 EELEC  =    -11283.6500  EHBOND  =         0.0000  RESTRAINT  =         4.6462
 EAMBER (non-restraint)  =     -9779.6191
 EKCMT  =       927.1859  VIRIAL  =      1259.0391  VOLUME     =     38262.5352
                                                    Density    =         0.8240
 Ewald error estimate:   0.1044E-03
 ------------------------------------------------------------------------------


 NSTEP =     4500   TIME(PS) =      19.000  TEMP(K) =   301.22  PRESS =  -597.0
 Etot   =     -7954.8600  EKtot   =      1896.9361  EPtot      =     -9851.7961
 BOND   =         2.6743  ANGLE   =         7.5905  DIHED      =         4.8917
 1-4 NB =         6.6636  1-4 EEL =         0.4438  VDWAALS    =      1426.3191
 EELEC  =    -11306.1525  EHBOND  =         0.0000  RESTRAINT  =         5.7734
 EAMBER (non-restraint)  =     -9857.5695
 EKCMT  =       969.9519  VIRIAL  =      1407.1323  VOLUME     =     33918.2657
                                                    Density    =         0.9296
 Ewald error estimate:   0.2178E-04
 ------------------------------------------------------------------------------


 NSTEP =     6000   TIME(PS) =      22.000  TEMP(K) =   297.89  PRESS =  -166.7
 Etot   =     -8035.8261  EKtot   =      1875.9133  EPtot      =     -9911.7394
 BOND   =         2.1990  ANGLE   =         8.3858  DIHED      =         4.8632
 1-4 NB =         7.3855  1-4 EEL =         0.4231  VDWAALS    =      1478.6800
 EELEC  =    -11417.6936  EHBOND  =         0.0000  RESTRAINT  =         4.0176
 EAMBER (non-restraint)  =     -9915.7570
 EKCMT  =       891.8458  VIRIAL  =      1008.5061  VOLUME     =     32406.9145
                                                    Density    =         0.9729
 Ewald error estimate:   0.1769E-03
 ------------------------------------------------------------------------------


 NSTEP =     7500   TIME(PS) =      25.000  TEMP(K) =   305.61  PRESS =    30.9
 Etot   =     -8064.7393  EKtot   =      1924.5373  EPtot      =     -9989.2766
 BOND   =         1.8310  ANGLE   =         6.2412  DIHED      =         6.8739
 1-4 NB =         6.2600  1-4 EEL =         0.4824  VDWAALS    =      1498.6411
 EELEC  =    -11514.5341  EHBOND  =         0.0000  RESTRAINT  =         4.9280
 EAMBER (non-restraint)  =     -9994.2045
 EKCMT  =       980.1180  VIRIAL  =       958.5363  VOLUME     =     32309.1085
                                                    Density    =         0.9759
 Ewald error estimate:   0.1628E-03
 ------------------------------------------------------------------------------


 NSTEP =     9000   TIME(PS) =      28.000  TEMP(K) =   304.62  PRESS =  -467.6
 Etot   =     -8088.5502  EKtot   =      1918.3378  EPtot      =    -10006.8880
 BOND   =         1.9855  ANGLE   =         8.6709  DIHED      =         4.9014
 1-4 NB =         7.3046  1-4 EEL =         0.4290  VDWAALS    =      1442.2140
 EELEC  =    -11477.5955  EHBOND  =         0.0000  RESTRAINT  =         5.2020
 EAMBER (non-restraint)  =    -10012.0901
 EKCMT  =       956.5488  VIRIAL  =      1281.0538  VOLUME     =     32145.0369
                                                    Density    =         0.9808
 Ewald error estimate:   0.1184E-03
 ------------------------------------------------------------------------------


 NSTEP =    10500   TIME(PS) =      31.000  TEMP(K) =   299.39  PRESS =   298.1
 Etot   =     -8088.0039  EKtot   =      1885.3562  EPtot      =     -9973.3600
 BOND   =         3.9073  ANGLE   =         7.9764  DIHED      =         5.2083
 1-4 NB =         6.1700  1-4 EEL =         0.4456  VDWAALS    =      1544.7480
 EELEC  =    -11546.0016  EHBOND  =         0.0000  RESTRAINT  =         4.1859
 EAMBER (non-restraint)  =     -9977.5460
 EKCMT  =       950.7902  VIRIAL  =       743.0643  VOLUME     =     32270.5847
                                                    Density    =         0.9770
 Ewald error estimate:   0.8921E-04
 ------------------------------------------------------------------------------


 NSTEP =    12000   TIME(PS) =      34.000  TEMP(K) =   298.95  PRESS =  -277.3
 Etot   =     -8076.3123  EKtot   =      1882.6001  EPtot      =     -9958.9124
 BOND   =         2.0554  ANGLE   =         8.3072  DIHED      =         5.2864
 1-4 NB =         6.6792  1-4 EEL =         0.4457  VDWAALS    =      1446.3061
 EELEC  =    -11430.8175  EHBOND  =         0.0000  RESTRAINT  =         2.8252
 EAMBER (non-restraint)  =     -9961.7376
 EKCMT  =       931.1840  VIRIAL  =      1123.5398  VOLUME     =     32126.0347
                                                    Density    =         0.9814
 Ewald error estimate:   0.7321E-04
 ------------------------------------------------------------------------------


 NSTEP =    13500   TIME(PS) =      37.000  TEMP(K) =   294.53  PRESS =   227.3
 Etot   =     -8095.2224  EKtot   =      1854.7634  EPtot      =     -9949.9858
 BOND   =         2.8608  ANGLE   =         7.9046  DIHED      =         4.7287
 1-4 NB =         6.3559  1-4 EEL =         0.4681  VDWAALS    =      1506.9658
 EELEC  =    -11482.6628  EHBOND  =         0.0000  RESTRAINT  =         3.3932
 EAMBER (non-restraint)  =     -9953.3790
 EKCMT  =       911.0410  VIRIAL  =       753.6053  VOLUME     =     32075.2584
                                                    Density    =         0.9830
 Ewald error estimate:   0.8720E-04
 ------------------------------------------------------------------------------


 NSTEP =    15000   TIME(PS) =      40.000  TEMP(K) =   299.88  PRESS =   108.1
 Etot   =     -8097.3792  EKtot   =      1888.4836  EPtot      =     -9985.8628
 BOND   =         4.0231  ANGLE   =         9.1640  DIHED      =         5.1861
 1-4 NB =         6.7112  1-4 EEL =         0.5361  VDWAALS    =      1498.4606
 EELEC  =    -11512.8520  EHBOND  =         0.0000  RESTRAINT  =         2.9081
 EAMBER (non-restraint)  =     -9988.7709
 EKCMT  =       937.6966  VIRIAL  =       862.8749  VOLUME     =     32052.8767
                                                    Density    =         0.9837
 Ewald error estimate:   0.2094E-03
 ------------------------------------------------------------------------------


      A V E R A G E S   O V E R   15000 S T E P S


 NSTEP =    15000   TIME(PS) =      40.000  TEMP(K) =   297.51  PRESS =  -136.2
 Etot   =     -8005.0846  EKtot   =      1873.5445  EPtot      =     -9878.6291
 BOND   =         2.5678  ANGLE   =         8.0035  DIHED      =         5.6202
 1-4 NB =         6.8218  1-4 EEL =         0.4551  VDWAALS    =      1473.2486
 EELEC  =    -11379.4960  EHBOND  =         0.0000  RESTRAINT  =         4.1499
 EAMBER (non-restraint)  =     -9882.7789
 EKCMT  =       937.0487  VIRIAL  =      1051.0779  VOLUME     =     34642.6205
                                                    Density    =         0.9217
 Ewald error estimate:   0.1643E-03
 ------------------------------------------------------------------------------


      R M S  F L U C T U A T I O N S


 NSTEP =    15000   TIME(PS) =      40.000  TEMP(K) =     4.66  PRESS =   300.0
 Etot   =       106.6025  EKtot   =        29.3434  EPtot      =       117.8667
 BOND   =         0.9363  ANGLE   =         1.3211  DIHED      =         0.6566
 1-4 NB =         0.5001  1-4 EEL =         0.0643  VDWAALS    =        38.0588
 EELEC  =       129.0692  EHBOND  =         0.0000  RESTRAINT  =         1.1652
 EAMBER (non-restraint)  =       116.7015
 EKCMT  =        23.0089  VIRIAL  =       234.8551  VOLUME     =      4213.2632
                                                    Density    =         0.0959
 Ewald error estimate:   0.1244E-03
 ------------------------------------------------------------------------------


--------------------------------------------------------------------------------
   5.  TIMINGS
--------------------------------------------------------------------------------

|                Build the list            27.22 (98.95% of List )
|                Other                      0.29 ( 1.05% of List )
|             List time                 27.51 ( 8.43% of Nonbo)
|                   Short_ene time           237.65 (99.15% of Direc)
|                   Other                      2.03 ( 0.85% of Direc)
|                Direct Ewald time        239.68 (80.23% of Ewald)
|                Adjust Ewald time          1.81 ( 0.61% of Ewald)
|                Self Ewald time            0.02 ( 0.01% of Ewald)
|                   Fill Bspline coeffs        2.14 ( 3.77% of Recip)
|                   Fill charge grid           5.73 (10.10% of Recip)
|                   Scalar sum                11.55 (20.34% of Recip)
|                   Grad sum                  11.57 (20.38% of Recip)
|                   FFT time                  25.76 (45.37% of Recip)
|                   Other                      0.03 ( 0.05% of Recip)
|                Recip Ewald time          56.79 (19.01% of Ewald)
|                Force Adjust               0.05 ( 0.02% of Ewald)
|                Virial junk                0.27 ( 0.09% of Ewald)
|                Other                      0.12 ( 0.04% of Ewald)
|             Ewald time               298.76 (91.55% of Nonbo)
|             Other                      0.05 ( 0.02% of Nonbo)
|          Nonbond force            326.32 (99.77% of Force)
|          Bond/Angle/Dihedral        0.65 ( 0.20% of Force)
|          Other                      0.10 ( 0.03% of Force)
|       Force time               327.07 (98.43% of Runmd)
|       Shake time                 2.26 ( 0.68% of Runmd)
|       Verlet update time         2.26 ( 0.68% of Runmd)
|       Ekcmr time                 0.37 ( 0.11% of Runmd)
|       Other                      0.33 ( 0.10% of Runmd)
|    Runmd Time               332.29 (100.0% of Total)
|    Other                      0.03 ( 0.01% of Total)
| Total time               332.33 (100.0% of ALL  )

| Number of list builds   :       1412

| Highest rstack allocated:     205479
| Highest istack allocated:       3163

| Final Performance Info:
| -----------------------------------------------------
| Average timings for all steps:
|     Elapsed(s) =     332.29 Per Step(ms) =      22.15
|         ns/day =       7.80   seconds/ns =   11076.21
| -----------------------------------------------------

|           Job began  at 11:15:05.942  on 03/22/2017
|           Setup done at 11:15:05.982  on 03/22/2017
|           Run   done at 11:20:38.268  on 03/22/2017
|     wallclock() was called  692847 times
