
          -------------------------------------------------------
          Amber 16 SANDER                              2016
          -------------------------------------------------------

| Run on 03/27/2017 at 13:13:46

|   Executable path: sander
| Working directory: /home/steboss/Simulation/logP_standrews/inputfiles/boat/d_236difluoro/water/equilibration
|          Hostname: Unknown
  [-O]verwriting output

File Assignments:
|  MDIN: md00002.in                                                            
| MDOUT: md00002.out                                                           
|INPCRD: min00001.rst7                                                         
|  PARM: solvated.parm7                                                        
|RESTRT: md00002.rst7                                                          
|  REFC: solvated.rst7                                                         
| MDVEL: mdvel                                                                 
| MDFRC: mdfrc                                                                 
|  MDEN: md00002.en                                                            
| MDCRD: md00002.nc                                                            
|MDINFO: md00002.info                                                          
|  MTMD: mtmd                                                                  
|INPDIP: inpdip                                                                
|RSTDIP: rstdip                                                                
|INPTRA: inptraj                                                               


 Here is the input file:

heat the system                                                                
&cntrl                                                                         
ntxo=1,                                                                        
imin = 0, nstlim = 1000, irest = 0, ntx = 1, dt = 0.002,                       
nmropt = 1,                                                                    
ntt = 1, temp0 = 300.0, tempi = 5.0, tautp = 1.0,                              
ntb = 1, pres0 = 1.0,                                                          
ntc = 2, ntf = 2,                                                              
ioutfm = 1, iwrap = 1,                                                         
ntwe = 200, ntwx = 200, ntpr = 100,                                            
ntr = 1, restraint_wt = 10.00,                                                 
restraintmask="!:WAT,HOH,T3P,T4P",                                             
/                                                                              
                                                                               
&wt                                                                            
type = 'TEMP0',                                                                
istep1 = 0, istep2 = 1000,                                                     
value1 = 5.0, value2 = 300.0                                                   
/                                                                              
                                                                               
&wt type = 'END'                                                               
 /                                                                             
                                                                               

--------------------------------------------------------------------------------
   1.  RESOURCE   USE: 
--------------------------------------------------------------------------------

| Flags:                                                                        
 getting new box info from bottom of inpcrd
|  INFO: Old style inpcrd file read

| peek_ewald_inpcrd: Box info found
|Largest sphere to fit in unit cell has radius =    17.634
| New format PARM file being parsed.
| Version =    1.000 Date = 03/27/17 Time = 13:13:43
 NATOM  =    3337 NTYPES =       8 NBONH =    3322 MBONA  =      16
 NTHETH =      32 MTHETA =      22 NPHIH =      68 MPHIA  =      43
 NHPARM =       0 NPARM  =       0 NNB   =    4576 NRES   =    1104
 NBONA  =      16 NTHETA =      22 NPHIA =      43 NUMBND =       9
 NUMANG =      11 NPTRA  =      12 NATYP =       8 NPHB   =       1
 IFBOX  =       1 NMXRS  =      28 IFCAP =       0 NEXTRA =       0
 NCOPY  =       0


|     Memory Use     Allocated
|     Real              321007
|     Hollerith          11117
|     Integer           101268
|     Max Pairs        1112333
|     nblistReal         40044
|     nblist Int        176440
|       Total             8293 kbytes

| Note: 1-4 EEL scale factors are being read from the topology file.

| Note: 1-4 VDW scale factors are being read from the topology file.
| Duplicated    0 dihedrals
| Duplicated    0 dihedrals

     BOX TYPE: RECTILINEAR

--------------------------------------------------------------------------------
   2.  CONTROL  DATA  FOR  THE  RUN
--------------------------------------------------------------------------------

LIG                                                                             

General flags:
     imin    =       0, nmropt  =       1

Nature and format of input:
     ntx     =       1, irest   =       0, ntrx    =       1

Nature and format of output:
     ntxo    =       1, ntpr    =     100, ntrx    =       1, ntwr    =    1000
     iwrap   =       1, ntwx    =     200, ntwv    =       0, ntwe    =     200
     ioutfm  =       1, ntwprt  =       0, idecomp =       0, rbornstat=      0

Potential function:
     ntf     =       2, ntb     =       1, igb     =       0, nsnb    =      25
     ipol    =       0, gbsa    =       0, iesp    =       0
     dielc   =   1.00000, cut     =   8.00000, intdiel =   1.00000

Frozen or restrained atoms:
     ibelly  =       0, ntr     =       1
     restraint_wt =  10.00000

Molecular dynamics:
     nstlim  =      1000, nscm    =         0, nrespa  =         1
     t       =   0.00000, dt      =   0.00200, vlimit  =  20.00000

Berendsen (weak-coupling) temperature regulation:
     temp0   = 300.00000, tempi   =   5.00000, tautp   =   1.00000

SHAKE:
     ntc     =       2, jfastw  =       0
     tol     =   0.00001

NMR refinement options:
     iscale  =       0, noeskp  =       1, ipnlty  =       1, mxsub   =       1
     scalm   = 100.00000, pencut  =   0.10000, tausw   =   0.10000

Ewald parameters:
     verbose =       0, ew_type =       0, nbflag  =       1, use_pme =       1
     vdwmeth =       1, eedmeth =       1, netfrc  =       1
     Box X =   36.005   Box Y =   35.267   Box Z =   38.379
     Alpha =   90.000   Beta  =   90.000   Gamma =   90.000
     NFFT1 =   36       NFFT2 =   36       NFFT3 =   40
     Cutoff=    8.000   Tol   =0.100E-04
     Ewald Coefficient =  0.34864
     Interpolation order =    4

    LOADING THE CONSTRAINED ATOMS AS GROUPS


   5.  REFERENCE ATOM COORDINATES

  LIG 
     Mask !:WAT,HOH,T3P,T4P; matches    28 atoms

--------------------------------------------------------------------------------
   3.  ATOMIC COORDINATES AND VELOCITIES
--------------------------------------------------------------------------------

LIG                                                                             
 begin time read from input coords =     0.000 ps



           Begin reading energy term weight changes/NMR restraints
 WEIGHT CHANGES:
 TEMP0         0   1000    5.000000  300.000000      0      0

 RESTRAINTS:
                          ** No restraint defined **

                  Done reading weight changes/NMR restraints


 Number of triangulated 3-point waters found:     1103

     Sum of charges from parm topology file =   0.00200000
     Forcing neutrality...

--------------------------------------------------------------------------------
   4.  RESULTS
--------------------------------------------------------------------------------

|  # of SOLUTE  degrees of freedom (RNDFP):    6689.
|  # of SOLVENT degrees of freedom (RNDFS):       0.
|  NDFMIN =    6689.     NUM_NOSHAKE =      0     CORRECTED RNDFP =    6689.
|  TOTAL # of degrees of freedom (RNDF) =    6689.
 ---------------------------------------------------
 APPROXIMATING switch and d/dx switch using CUBIC SPLINE INTERPOLATION
 using   5000.0 points per unit in tabled values
 TESTING RELATIVE ERROR over r ranging from 0.0 to cutoff
| CHECK switch(x): max rel err =   0.2738E-14   at   2.422500
| CHECK d/dx switch(x): max rel err =   0.8332E-11   at   2.782960
 ---------------------------------------------------
| Local SIZE OF NONBOND LIST =     508114
| TOTAL SIZE OF NONBOND LIST =     508114

 NSTEP =        0   TIME(PS) =       0.000  TEMP(K) =     7.57  PRESS =     0.0
 Etot   =    -12516.7646  EKtot   =        50.3125  EPtot      =    -12567.0770
 BOND   =         3.9899  ANGLE   =         8.2962  DIHED      =         5.2816
 1-4 NB =         7.4799  1-4 EEL =        -0.3279  VDWAALS    =      1787.9537
 EELEC  =    -14386.2076  EHBOND  =         0.0000  RESTRAINT  =         6.4573
 EAMBER (non-restraint)  =    -12573.5343
 Ewald error estimate:   0.4673E-04
 ------------------------------------------------------------------------------

 NMR restraints: Bond =    0.000   Angle =     0.000   Torsion =     0.000
===============================================================================

 NSTEP =      100   TIME(PS) =       0.200  TEMP(K) =    87.20  PRESS =     0.0
 Etot   =    -11001.6274  EKtot   =       579.5625  EPtot      =    -11581.1899
 BOND   =         1.9071  ANGLE   =         4.7128  DIHED      =         6.2365
 1-4 NB =         7.8378  1-4 EEL =        -0.4369  VDWAALS    =      2154.7364
 EELEC  =    -13757.9094  EHBOND  =         0.0000  RESTRAINT  =         1.7257
 EAMBER (non-restraint)  =    -11582.9156
 Ewald error estimate:   0.1575E-04
 ------------------------------------------------------------------------------

 NMR restraints: Bond =    0.000   Angle =     0.000   Torsion =     0.000
===============================================================================

 NSTEP =      200   TIME(PS) =       0.400  TEMP(K) =    99.18  PRESS =     0.0
 Etot   =    -11065.3886  EKtot   =       659.1711  EPtot      =    -11724.5597
 BOND   =         1.5655  ANGLE   =         5.5970  DIHED      =         5.1303
 1-4 NB =         7.7487  1-4 EEL =        -0.5115  VDWAALS    =      2428.2853
 EELEC  =    -14175.7190  EHBOND  =         0.0000  RESTRAINT  =         3.3440
 EAMBER (non-restraint)  =    -11727.9037
 Ewald error estimate:   0.1179E-03
 ------------------------------------------------------------------------------

 NMR restraints: Bond =    0.000   Angle =     0.000   Torsion =     0.000
===============================================================================

 NSTEP =      300   TIME(PS) =       0.600  TEMP(K) =   103.71  PRESS =     0.0
 Etot   =    -11100.4931  EKtot   =       689.2792  EPtot      =    -11789.7723
 BOND   =         2.0613  ANGLE   =         4.1797  DIHED      =         5.3948
 1-4 NB =         8.5410  1-4 EEL =        -0.3413  VDWAALS    =      2431.7767
 EELEC  =    -14242.4106  EHBOND  =         0.0000  RESTRAINT  =         1.0261
 EAMBER (non-restraint)  =    -11790.7984
 Ewald error estimate:   0.3020E-03
 ------------------------------------------------------------------------------

 NMR restraints: Bond =    0.000   Angle =     0.000   Torsion =     0.000
===============================================================================

 NSTEP =      400   TIME(PS) =       0.800  TEMP(K) =   108.83  PRESS =     0.0
 Etot   =    -11099.1335  EKtot   =       723.2784  EPtot      =    -11822.4119
 BOND   =         2.7769  ANGLE   =         4.9100  DIHED      =         4.5473
 1-4 NB =         7.9954  1-4 EEL =        -0.2273  VDWAALS    =      2478.1418
 EELEC  =    -14322.9369  EHBOND  =         0.0000  RESTRAINT  =         2.3810
 EAMBER (non-restraint)  =    -11824.7929
 Ewald error estimate:   0.1933E-03
 ------------------------------------------------------------------------------

 NMR restraints: Bond =    0.000   Angle =     0.000   Torsion =     0.000
===============================================================================

 NSTEP =      500   TIME(PS) =       1.000  TEMP(K) =   113.57  PRESS =     0.0
 Etot   =    -11064.7699  EKtot   =       754.7865  EPtot      =    -11819.5565
 BOND   =         1.2386  ANGLE   =         4.5044  DIHED      =         4.8049
 1-4 NB =         8.1909  1-4 EEL =        -0.4375  VDWAALS    =      2307.8554
 EELEC  =    -14147.7148  EHBOND  =         0.0000  RESTRAINT  =         2.0017
 EAMBER (non-restraint)  =    -11821.5581
 Ewald error estimate:   0.2373E-04
 ------------------------------------------------------------------------------

 NMR restraints: Bond =    0.000   Angle =     0.000   Torsion =     0.000
===============================================================================

 NSTEP =      600   TIME(PS) =       1.200  TEMP(K) =   125.04  PRESS =     0.0
 Etot   =    -11000.7735  EKtot   =       831.0363  EPtot      =    -11831.8098
 BOND   =         1.6031  ANGLE   =         5.2994  DIHED      =         5.8292
 1-4 NB =         7.7021  1-4 EEL =        -0.7670  VDWAALS    =      2342.5972
 EELEC  =    -14197.7864  EHBOND  =         0.0000  RESTRAINT  =         3.7128
 EAMBER (non-restraint)  =    -11835.5225
 Ewald error estimate:   0.3235E-03
 ------------------------------------------------------------------------------

 NMR restraints: Bond =    0.000   Angle =     0.000   Torsion =     0.000
===============================================================================

 NSTEP =      700   TIME(PS) =       1.400  TEMP(K) =   130.49  PRESS =     0.0
 Etot   =    -10908.4998  EKtot   =       867.2840  EPtot      =    -11775.7838
 BOND   =         1.9364  ANGLE   =         5.1947  DIHED      =         5.2350
 1-4 NB =         7.8985  1-4 EEL =        -0.3670  VDWAALS    =      2179.5080
 EELEC  =    -13978.0537  EHBOND  =         0.0000  RESTRAINT  =         2.8644
 EAMBER (non-restraint)  =    -11778.6482
 Ewald error estimate:   0.1826E-03
 ------------------------------------------------------------------------------

 NMR restraints: Bond =    0.000   Angle =     0.000   Torsion =     0.000
===============================================================================

 NSTEP =      800   TIME(PS) =       1.600  TEMP(K) =   145.22  PRESS =     0.0
 Etot   =    -10791.2614  EKtot   =       965.1435  EPtot      =    -11756.4049
 BOND   =         1.7673  ANGLE   =         5.0175  DIHED      =         5.2817
 1-4 NB =         7.9251  1-4 EEL =        -0.5307  VDWAALS    =      2216.6324
 EELEC  =    -13994.7110  EHBOND  =         0.0000  RESTRAINT  =         2.2129
 EAMBER (non-restraint)  =    -11758.6178
 Ewald error estimate:   0.2233E-03
 ------------------------------------------------------------------------------

 NMR restraints: Bond =    0.000   Angle =     0.000   Torsion =     0.000
===============================================================================

 NSTEP =      900   TIME(PS) =       1.800  TEMP(K) =   147.15  PRESS =     0.0
 Etot   =    -10647.2909  EKtot   =       978.0142  EPtot      =    -11625.3051
 BOND   =         2.7687  ANGLE   =         5.1118  DIHED      =         5.3395
 1-4 NB =         8.2143  1-4 EEL =        -0.6105  VDWAALS    =      2101.4006
 EELEC  =    -13750.4371  EHBOND  =         0.0000  RESTRAINT  =         2.9076
 EAMBER (non-restraint)  =    -11628.2126
 Ewald error estimate:   0.1489E-03
 ------------------------------------------------------------------------------

 NMR restraints: Bond =    0.000   Angle =     0.000   Torsion =     0.000
===============================================================================

 NSTEP =     1000   TIME(PS) =       2.000  TEMP(K) =   165.23  PRESS =     0.0
 Etot   =    -10477.0312  EKtot   =      1098.1503  EPtot      =    -11575.1815
 BOND   =         1.8553  ANGLE   =         5.4096  DIHED      =         5.2386
 1-4 NB =         7.5288  1-4 EEL =        -0.3200  VDWAALS    =      2112.9044
 EELEC  =    -13710.6761  EHBOND  =         0.0000  RESTRAINT  =         2.8779
 EAMBER (non-restraint)  =    -11578.0594
 Ewald error estimate:   0.3302E-04
 ------------------------------------------------------------------------------

 NMR restraints: Bond =    0.000   Angle =     0.000   Torsion =     0.000
===============================================================================

      A V E R A G E S   O V E R    1000 S T E P S


 NSTEP =     1000   TIME(PS) =       2.000  TEMP(K) =   116.00  PRESS =     0.0
 Etot   =    -10941.4464  EKtot   =       770.9386  EPtot      =    -11712.3850
 BOND   =         2.2072  ANGLE   =         4.2815  DIHED      =         5.3079
 1-4 NB =         7.8652  1-4 EEL =        -0.4428  VDWAALS    =      2232.5337
 EELEC  =    -13966.5773  EHBOND  =         0.0000  RESTRAINT  =         2.4397
 EAMBER (non-restraint)  =    -11714.8247
 Ewald error estimate:   0.1847E-03
 ------------------------------------------------------------------------------

 NMR restraints: Bond =    0.000   Angle =     0.000   Torsion =     0.000
===============================================================================

      R M S  F L U C T U A T I O N S


 NSTEP =     1000   TIME(PS) =       2.000  TEMP(K) =    28.35  PRESS =     0.0
 Etot   =       174.5047  EKtot   =       188.3940  EPtot      =       154.0618
 BOND   =         0.8032  ANGLE   =         0.7783  DIHED      =         0.4256
 1-4 NB =         0.4947  1-4 EEL =         0.1540  VDWAALS    =       191.9221
 EELEC  =       332.6725  EHBOND  =         0.0000  RESTRAINT  =         0.8162
 EAMBER (non-restraint)  =       153.2456
 Ewald error estimate:   0.1144E-03
 ------------------------------------------------------------------------------


 NMR restraints on final step:


--------------------------------------------------------------------------------
   5.  TIMINGS
--------------------------------------------------------------------------------

|    Read coords time           0.00 ( 0.01% of Total)
|                Build the list             1.11 (97.19% of List )
|                Other                      0.03 ( 2.81% of List )
|             List time                  1.14 ( 5.11% of Nonbo)
|                   Short_ene time            16.20 (99.03% of Direc)
|                   Other                      0.16 ( 0.97% of Direc)
|                Direct Ewald time         16.36 (77.44% of Ewald)
|                Adjust Ewald time          0.15 ( 0.71% of Ewald)
|                Self Ewald time            0.00 ( 0.01% of Ewald)
|                   Fill Bspline coeffs        0.17 ( 3.62% of Recip)
|                   Fill charge grid           0.45 ( 9.92% of Recip)
|                   Scalar sum                 0.91 (19.78% of Recip)
|                   Grad sum                   0.99 (21.68% of Recip)
|                   FFT time                   2.06 (44.96% of Recip)
|                   Other                      0.00 ( 0.05% of Recip)
|                Recip Ewald time           4.58 (21.67% of Ewald)
|                Force Adjust               0.01 ( 0.03% of Ewald)
|                Virial junk                0.02 ( 0.09% of Ewald)
|                Other                      0.01 ( 0.04% of Ewald)
|             Ewald time                21.13 (94.87% of Nonbo)
|             Other                      0.00 ( 0.02% of Nonbo)
|          Nonbond force             22.27 (99.70% of Force)
|          Bond/Angle/Dihedral        0.05 ( 0.23% of Force)
|          Other                      0.02 ( 0.07% of Force)
|       Force time                22.33 (98.60% of Runmd)
|       Shake time                 0.17 ( 0.74% of Runmd)
|       Verlet update time         0.13 ( 0.57% of Runmd)
|       Other                      0.02 ( 0.09% of Runmd)
|    Runmd Time                22.65 (99.82% of Total)
|    Other                      0.04 ( 0.16% of Total)
| Total time                22.69 (100.0% of ALL  )

| Number of list builds   :         58

| Highest rstack allocated:     210177
| Highest istack allocated:       3337

| Final Performance Info:
| -----------------------------------------------------
| Average timings for all steps:
|     Elapsed(s) =      22.65 Per Step(ms) =      22.65
|         ns/day =       7.63   seconds/ns =   11326.17
| -----------------------------------------------------

|           Job began  at 13:13:46.580  on 03/27/2017
|           Setup done at 13:13:46.621  on 03/27/2017
|           Run   done at 13:14:09.273  on 03/27/2017
|     wallclock() was called   44177 times
