
          -------------------------------------------------------
          Amber 16 SANDER                              2016
          -------------------------------------------------------

| Run on 03/27/2017 at 13:14:09

|   Executable path: sander
| Working directory: /home/steboss/Simulation/logP_standrews/inputfiles/boat/d_236difluoro/water/equilibration
|          Hostname: Unknown
  [-O]verwriting output

File Assignments:
|  MDIN: md00003.in                                                            
| MDOUT: md00003.out                                                           
|INPCRD: md00002.rst7                                                          
|  PARM: solvated.parm7                                                        
|RESTRT: md00003.rst7                                                          
|  REFC: solvated.rst7                                                         
| MDVEL: mdvel                                                                 
| MDFRC: mdfrc                                                                 
|  MDEN: md00003.en                                                            
| MDCRD: md00003.nc                                                            
|MDINFO: md00003.info                                                          
|  MTMD: mtmd                                                                  
|INPDIP: inpdip                                                                
|RSTDIP: rstdip                                                                
|INPTRA: inptraj                                                               


 Here is the input file:

constant temperature                                                           
&cntrl                                                                         
ntxo=1,                                                                        
imin = 0, nstlim = 4000, irest = 1, ntx = 5, dt = 0.002,                       
ntt = 1, temp0 = 300.0, tautp = 1.0,                                           
ntb = 1,                                                                       
ntc = 2, ntf = 2,                                                              
ioutfm = 1, iwrap = 1,                                                         
ntwe = 800, ntwx = 800, ntpr = 400,                                            
ntr = 1, restraint_wt = 10.00,                                                 
restraintmask="!:WAT,HOH,T3P,T4P",                                             
/                                                                              
                                                                               

--------------------------------------------------------------------------------
   1.  RESOURCE   USE: 
--------------------------------------------------------------------------------

| Flags:                                                                        
 getting new box info from bottom of inpcrd
|  INFO: Old style inpcrd file read

| peek_ewald_inpcrd: Box info found
|Largest sphere to fit in unit cell has radius =    17.634
| New format PARM file being parsed.
| Version =    1.000 Date = 03/27/17 Time = 13:13:43
 NATOM  =    3337 NTYPES =       8 NBONH =    3322 MBONA  =      16
 NTHETH =      32 MTHETA =      22 NPHIH =      68 MPHIA  =      43
 NHPARM =       0 NPARM  =       0 NNB   =    4576 NRES   =    1104
 NBONA  =      16 NTHETA =      22 NPHIA =      43 NUMBND =       9
 NUMANG =      11 NPTRA  =      12 NATYP =       8 NPHB   =       1
 IFBOX  =       1 NMXRS  =      28 IFCAP =       0 NEXTRA =       0
 NCOPY  =       0


|     Memory Use     Allocated
|     Real              320978
|     Hollerith          11117
|     Integer           101223
|     Max Pairs        1112333
|     nblistReal         40044
|     nblist Int        176440
|       Total             8293 kbytes

| Note: 1-4 EEL scale factors are being read from the topology file.

| Note: 1-4 VDW scale factors are being read from the topology file.
| Duplicated    0 dihedrals
| Duplicated    0 dihedrals

     BOX TYPE: RECTILINEAR

--------------------------------------------------------------------------------
   2.  CONTROL  DATA  FOR  THE  RUN
--------------------------------------------------------------------------------

LIG                                                                             

General flags:
     imin    =       0, nmropt  =       0

Nature and format of input:
     ntx     =       5, irest   =       1, ntrx    =       1

Nature and format of output:
     ntxo    =       1, ntpr    =     400, ntrx    =       1, ntwr    =    4000
     iwrap   =       1, ntwx    =     800, ntwv    =       0, ntwe    =     800
     ioutfm  =       1, ntwprt  =       0, idecomp =       0, rbornstat=      0

Potential function:
     ntf     =       2, ntb     =       1, igb     =       0, nsnb    =      25
     ipol    =       0, gbsa    =       0, iesp    =       0
     dielc   =   1.00000, cut     =   8.00000, intdiel =   1.00000

Frozen or restrained atoms:
     ibelly  =       0, ntr     =       1
     restraint_wt =  10.00000

Molecular dynamics:
     nstlim  =      4000, nscm    =         0, nrespa  =         1
     t       =   0.00000, dt      =   0.00200, vlimit  =  20.00000

Berendsen (weak-coupling) temperature regulation:
     temp0   = 300.00000, tempi   =   0.00000, tautp   =   1.00000

SHAKE:
     ntc     =       2, jfastw  =       0
     tol     =   0.00001

Ewald parameters:
     verbose =       0, ew_type =       0, nbflag  =       1, use_pme =       1
     vdwmeth =       1, eedmeth =       1, netfrc  =       1
     Box X =   36.005   Box Y =   35.267   Box Z =   38.379
     Alpha =   90.000   Beta  =   90.000   Gamma =   90.000
     NFFT1 =   36       NFFT2 =   36       NFFT3 =   40
     Cutoff=    8.000   Tol   =0.100E-04
     Ewald Coefficient =  0.34864
     Interpolation order =    4

    LOADING THE CONSTRAINED ATOMS AS GROUPS


   5.  REFERENCE ATOM COORDINATES

  LIG 
     Mask !:WAT,HOH,T3P,T4P; matches    28 atoms

--------------------------------------------------------------------------------
   3.  ATOMIC COORDINATES AND VELOCITIES
--------------------------------------------------------------------------------

LIG                                                                             
 begin time read from input coords =     2.000 ps

 Number of triangulated 3-point waters found:     1103

     Sum of charges from parm topology file =   0.00200000
     Forcing neutrality...

--------------------------------------------------------------------------------
   4.  RESULTS
--------------------------------------------------------------------------------

|  # of SOLUTE  degrees of freedom (RNDFP):    6689.
|  # of SOLVENT degrees of freedom (RNDFS):       0.
|  NDFMIN =    6689.     NUM_NOSHAKE =      0     CORRECTED RNDFP =    6689.
|  TOTAL # of degrees of freedom (RNDF) =    6689.
 ---------------------------------------------------
 APPROXIMATING switch and d/dx switch using CUBIC SPLINE INTERPOLATION
 using   5000.0 points per unit in tabled values
 TESTING RELATIVE ERROR over r ranging from 0.0 to cutoff
| CHECK switch(x): max rel err =   0.2738E-14   at   2.422500
| CHECK d/dx switch(x): max rel err =   0.8332E-11   at   2.782960
 ---------------------------------------------------
| Local SIZE OF NONBOND LIST =     543666
| TOTAL SIZE OF NONBOND LIST =     543666

 NSTEP =      400   TIME(PS) =       2.800  TEMP(K) =   205.15  PRESS =     0.0
 Etot   =     -9873.0989  EKtot   =      1363.4376  EPtot      =    -11236.5365
 BOND   =         3.4262  ANGLE   =         4.7131  DIHED      =         5.2020
 1-4 NB =         7.5591  1-4 EEL =        -0.3851  VDWAALS    =      2006.5275
 EELEC  =    -13268.9561  EHBOND  =         0.0000  RESTRAINT  =         5.3768
 EAMBER (non-restraint)  =    -11241.9133
 Ewald error estimate:   0.3033E-03
 ------------------------------------------------------------------------------


 NSTEP =      800   TIME(PS) =       3.600  TEMP(K) =   230.84  PRESS =     0.0
 Etot   =     -9445.9097  EKtot   =      1534.1896  EPtot      =    -10980.0992
 BOND   =         3.5368  ANGLE   =        10.4012  DIHED      =         6.4718
 1-4 NB =         7.0429  1-4 EEL =        -0.4734  VDWAALS    =      1865.9063
 EELEC  =    -12879.4431  EHBOND  =         0.0000  RESTRAINT  =         6.4582
 EAMBER (non-restraint)  =    -10986.5574
 Ewald error estimate:   0.2289E-03
 ------------------------------------------------------------------------------


 NSTEP =     1200   TIME(PS) =       4.400  TEMP(K) =   244.79  PRESS =     0.0
 Etot   =     -9122.4321  EKtot   =      1626.9429  EPtot      =    -10749.3750
 BOND   =         4.1100  ANGLE   =        11.4460  DIHED      =         5.7279
 1-4 NB =         7.6070  1-4 EEL =        -0.2516  VDWAALS    =      1849.3849
 EELEC  =    -12632.7749  EHBOND  =         0.0000  RESTRAINT  =         5.3758
 EAMBER (non-restraint)  =    -10754.7508
 Ewald error estimate:   0.2208E-04
 ------------------------------------------------------------------------------


 NSTEP =     1600   TIME(PS) =       5.200  TEMP(K) =   258.93  PRESS =     0.0
 Etot   =     -8878.0096  EKtot   =      1720.8826  EPtot      =    -10598.8923
 BOND   =         5.7764  ANGLE   =         6.7118  DIHED      =         6.4158
 1-4 NB =         6.8271  1-4 EEL =        -0.7917  VDWAALS    =      1658.4494
 EELEC  =    -12288.6240  EHBOND  =         0.0000  RESTRAINT  =         6.3429
 EAMBER (non-restraint)  =    -10605.2352
 Ewald error estimate:   0.4876E-04
 ------------------------------------------------------------------------------


 NSTEP =     2000   TIME(PS) =       6.000  TEMP(K) =   269.64  PRESS =     0.0
 Etot   =     -8689.7155  EKtot   =      1792.1041  EPtot      =    -10481.8196
 BOND   =         6.4963  ANGLE   =         8.4080  DIHED      =         5.0700
 1-4 NB =         7.4215  1-4 EEL =        -0.6607  VDWAALS    =      1638.7966
 EELEC  =    -12150.4966  EHBOND  =         0.0000  RESTRAINT  =         3.1452
 EAMBER (non-restraint)  =    -10484.9648
 Ewald error estimate:   0.2992E-03
 ------------------------------------------------------------------------------


 NSTEP =     2400   TIME(PS) =       6.800  TEMP(K) =   278.72  PRESS =     0.0
 Etot   =     -8547.2192  EKtot   =      1852.4158  EPtot      =    -10399.6350
 BOND   =         8.5357  ANGLE   =         8.0624  DIHED      =         6.0115
 1-4 NB =         7.1092  1-4 EEL =        -0.6518  VDWAALS    =      1668.1081
 EELEC  =    -12100.9317  EHBOND  =         0.0000  RESTRAINT  =         4.1216
 EAMBER (non-restraint)  =    -10403.7566
 Ewald error estimate:   0.7558E-04
 ------------------------------------------------------------------------------


 NSTEP =     2800   TIME(PS) =       7.600  TEMP(K) =   272.90  PRESS =     0.0
 Etot   =     -8430.8066  EKtot   =      1813.7228  EPtot      =    -10244.5294
 BOND   =         3.5844  ANGLE   =        10.0992  DIHED      =         6.0482
 1-4 NB =         8.1038  1-4 EEL =        -0.6959  VDWAALS    =      1634.9782
 EELEC  =    -11910.6728  EHBOND  =         0.0000  RESTRAINT  =         4.0256
 EAMBER (non-restraint)  =    -10248.5550
 Ewald error estimate:   0.6997E-04
 ------------------------------------------------------------------------------


 NSTEP =     3200   TIME(PS) =       8.400  TEMP(K) =   278.49  PRESS =     0.0
 Etot   =     -8338.4248  EKtot   =      1850.8709  EPtot      =    -10189.2957
 BOND   =         6.5261  ANGLE   =        11.5814  DIHED      =         7.7961
 1-4 NB =         7.5357  1-4 EEL =        -0.4015  VDWAALS    =      1542.6508
 EELEC  =    -11773.6836  EHBOND  =         0.0000  RESTRAINT  =         8.6994
 EAMBER (non-restraint)  =    -10197.9951
 Ewald error estimate:   0.3760E-03
 ------------------------------------------------------------------------------


 NSTEP =     3600   TIME(PS) =       9.200  TEMP(K) =   290.46  PRESS =     0.0
 Etot   =     -8262.9569  EKtot   =      1930.4208  EPtot      =    -10193.3777
 BOND   =         4.7790  ANGLE   =        11.5320  DIHED      =         6.7862
 1-4 NB =         8.1932  1-4 EEL =        -0.2314  VDWAALS    =      1669.7749
 EELEC  =    -11900.9113  EHBOND  =         0.0000  RESTRAINT  =         6.6998
 EAMBER (non-restraint)  =    -10200.0775
 Ewald error estimate:   0.1206E-03
 ------------------------------------------------------------------------------


 NSTEP =     4000   TIME(PS) =      10.000  TEMP(K) =   301.09  PRESS =     0.0
 Etot   =     -8220.9244  EKtot   =      2001.1179  EPtot      =    -10222.0423
 BOND   =         6.2979  ANGLE   =        13.7461  DIHED      =         5.9788
 1-4 NB =         8.0547  1-4 EEL =        -1.0097  VDWAALS    =      1568.3606
 EELEC  =    -11829.6548  EHBOND  =         0.0000  RESTRAINT  =         6.1842
 EAMBER (non-restraint)  =    -10228.2265
 Ewald error estimate:   0.3295E-04
 ------------------------------------------------------------------------------


      A V E R A G E S   O V E R    4000 S T E P S


 NSTEP =     4000   TIME(PS) =      10.000  TEMP(K) =   257.45  PRESS =     0.0
 Etot   =     -8887.7897  EKtot   =      1711.0768  EPtot      =    -10598.8664
 BOND   =         4.3414  ANGLE   =         9.0115  DIHED      =         6.0613
 1-4 NB =         8.1492  1-4 EEL =        -0.4064  VDWAALS    =      1739.3898
 EELEC  =    -12369.9694  EHBOND  =         0.0000  RESTRAINT  =         4.5560
 EAMBER (non-restraint)  =    -10603.4224
 Ewald error estimate:   0.1459E-03
 ------------------------------------------------------------------------------


      R M S  F L U C T U A T I O N S


 NSTEP =     4000   TIME(PS) =      10.000  TEMP(K) =    32.52  PRESS =     0.0
 Etot   =       607.5914  EKtot   =       216.1464  EPtot      =       394.2159
 BOND   =         1.6665  ANGLE   =         2.5682  DIHED      =         0.7247
 1-4 NB =         0.8259  1-4 EEL =         0.2717  VDWAALS    =       160.8835
 EELEC  =       547.3075  EHBOND  =         0.0000  RESTRAINT  =         1.2019
 EAMBER (non-restraint)  =       393.0140
 Ewald error estimate:   0.1083E-03
 ------------------------------------------------------------------------------


--------------------------------------------------------------------------------
   5.  TIMINGS
--------------------------------------------------------------------------------

|    Read coords time           0.01 ( 0.01% of Total)
|                Build the list             7.99 (98.61% of List )
|                Other                      0.11 ( 1.39% of List )
|             List time                  8.10 ( 7.43% of Nonbo)
|                   Short_ene time            76.63 (99.09% of Direc)
|                   Other                      0.71 ( 0.91% of Direc)
|                Direct Ewald time         77.33 (76.63% of Ewald)
|                Adjust Ewald time          0.68 ( 0.68% of Ewald)
|                Self Ewald time            0.01 ( 0.01% of Ewald)
|                   Fill Bspline coeffs        0.80 ( 3.54% of Recip)
|                   Fill charge grid           2.20 ( 9.69% of Recip)
|                   Scalar sum                 4.45 (19.61% of Recip)
|                   Grad sum                   4.93 (21.71% of Recip)
|                   FFT time                  10.32 (45.42% of Recip)
|                   Other                      0.01 ( 0.04% of Recip)
|                Recip Ewald time          22.72 (22.51% of Ewald)
|                Force Adjust               0.04 ( 0.04% of Ewald)
|                Virial junk                0.09 ( 0.09% of Ewald)
|                Other                      0.04 ( 0.04% of Ewald)
|             Ewald time               100.92 (92.55% of Nonbo)
|             Other                      0.02 ( 0.02% of Nonbo)
|          Nonbond force            109.04 (99.77% of Force)
|          Bond/Angle/Dihedral        0.22 ( 0.20% of Force)
|          Other                      0.03 ( 0.03% of Force)
|       Force time               109.29 (98.82% of Runmd)
|       Shake time                 0.70 ( 0.64% of Runmd)
|       Verlet update time         0.53 ( 0.48% of Runmd)
|       Other                      0.08 ( 0.07% of Runmd)
|    Runmd Time               110.60 (100.0% of Total)
|    Other                      0.06 ( 0.05% of Total)
| Total time               110.66 (100.0% of ALL  )

| Number of list builds   :        344

| Highest rstack allocated:     210177
| Highest istack allocated:       3337

| Final Performance Info:
| -----------------------------------------------------
| Average timings for all steps:
|     Elapsed(s) =     110.60 Per Step(ms) =      27.65
|         ns/day =       6.25   seconds/ns =   13824.83
| -----------------------------------------------------

|           Job began  at 13:14:09.297  on 03/27/2017
|           Setup done at 13:14:09.363  on 03/27/2017
|           Run   done at 13:15:59.962  on 03/27/2017
|     wallclock() was called  176711 times
