            --------------------------------------------------------
                             AMBER SQM VERSION 14
 
                                     By
              Ross C. Walker, Michael F. Crowley, Scott Brozell,
                         Tim Giese, Andreas W. Goetz,
                        Tai-Sung Lee and David A. Case
 
            --------------------------------------------------------
 

--------------------------------------------------------------------------------
  QM CALCULATION INFO
--------------------------------------------------------------------------------

| QMMM: Citation for AMBER QMMM Run:
| QMMM: R.C. Walker, M.F. Crowley and D.A. Case, J. COMP. CHEM. 29:1019, 2008

QMMM: SINGLET STATE CALCULATION
QMMM: RHF CALCULATION, NO. OF DOUBLY OCCUPIED LEVELS = 32

| QMMM: *** Selected Hamiltonian *** 
| QMMM: AM1         

| QMMM: *** Parameter sets in use ***
| QMMM: C : M.J.S.DEWAR et al. JACS, 107, 3902, (1985)
| QMMM: H : M.J.S.DEWAR et al. JACS, 107, 3902, (1985)

| QMMM: *** SCF convergence criteria ***
| QMMM: Energy change                :  0.1D-09 kcal/mol
| QMMM: Error matrix |FP-PF|         :  0.1D+00 au
| QMMM: Density matrix change        :  0.5D-06
| QMMM: Maximum number of SCF cycles :     1000

| QMMM: *** Diagonalization Routine Information ***
| QMMM: Pseudo diagonalizations are allowed.
| QMMM: Auto diagonalization routine selection is in use.
| QMMM:
| QMMM: Timing diagonalization routines:
| QMMM:                              norbs =       64
| QMMM:    diag iterations used for timing =       15
| QMMM:
| QMMM:              Internal diag routine = 0.009411 seconds
| QMMM:                 Dspev diag routine = 0.012665 seconds
| QMMM:                Dspevd diag routine = 0.009889 seconds
| QMMM:                Dspevx diag routine = 0.038139 seconds
| QMMM:                 Dsyev diag routine = 0.012997 seconds
| QMMM:                Dsyevd diag routine = 0.011534 seconds
| QMMM:                Dsyevr diag routine = 0.011645 seconds
| QMMM:
| QMMM:                Pseudo diag routine = 0.004188 seconds
| QMMM:
| QMMM: Using internal diagonalization routine (diag_routine=1).

  QMMM: QM Region Cartesian Coordinates (*=link atom) 
  QMMM: QM_NO.   MM_NO.  ATOM         X         Y         Z
  QMMM:     1        1      C       -0.1240    2.2160    0.9340
  QMMM:     2        2      C       -1.6020    2.4750    0.5690
  QMMM:     3        3      C       -2.4160    2.9260    1.7900
  QMMM:     4        4      C       -2.2650    1.9340    2.9530
  QMMM:     5        5      C       -0.7840    1.7400    3.3160
  QMMM:     6        6      C        0.0460    1.2260    2.1140
  QMMM:     7        7      C       -0.6690   -3.0110    1.2660
  QMMM:     8        8      C       -0.3510   -2.5820    2.5670
  QMMM:     9        9      C       -0.1190   -1.2160    2.8210
  QMMM:    10       10      C       -0.2160   -0.2550    1.7880
  QMMM:    11       11      C       -0.5170   -0.7070    0.4790
  QMMM:    12       12      C       -0.7470   -2.0720    0.2220
  QMMM:    13       13      H        0.3180    3.1700    1.2240
  QMMM:    14       14      H        0.4480    1.8940    0.0640
  QMMM:    15       15      H       -2.0580    1.5770    0.1540
  QMMM:    16       16      H       -1.6610    3.2320   -0.2140
  QMMM:    17       17      H       -3.4680    3.0250    1.5210
  QMMM:    18       18      H       -2.0860    3.9160    2.1080
  QMMM:    19       19      H       -2.8170    2.2930    3.8220
  QMMM:    20       20      H       -2.7050    0.9730    2.6830
  QMMM:    21       21      H       -0.3800    2.7010    3.6370
  QMMM:    22       22      H       -0.6910    1.0880    4.1830
  QMMM:    23       23      H        1.0970    1.2600    2.4080
  QMMM:    24       24      H       -0.8470   -4.0590    1.0680
  QMMM:    25       25      H       -0.2820   -3.3000    3.3700
  QMMM:    26       26      H        0.1370   -0.9160    3.8260
  QMMM:    27       27      H       -0.5770   -0.0240   -0.3530
  QMMM:    28       28      H       -0.9830   -2.4000   -0.7810

--------------------------------------------------------------------------------
  RESULTS
--------------------------------------------------------------------------------

      iter         sqm energy              rms gradient
      ----    -------------------    -----------------------
xmin    10       -6.4518 kcal/mol        0.1052 kcal/(mol*A)
xmin    20       -6.5076 kcal/mol        0.5918 kcal/(mol*A)
xmin    30       -6.5519 kcal/mol        0.0744 kcal/(mol*A)
xmin    40       -6.5773 kcal/mol        0.1274 kcal/(mol*A)
xmin    50       -6.5850 kcal/mol        0.1881 kcal/(mol*A)
xmin    60       -6.5927 kcal/mol        0.0811 kcal/(mol*A)
xmin    70       -6.5945 kcal/mol        0.0326 kcal/(mol*A)
xmin    80       -6.5956 kcal/mol        0.0213 kcal/(mol*A)
xmin    90       -6.5959 kcal/mol        0.0113 kcal/(mol*A)
xmin   100       -6.5960 kcal/mol        0.0186 kcal/(mol*A)
xmin   110       -6.5960 kcal/mol        0.0053 kcal/(mol*A)
xmin   120       -6.5960 kcal/mol        0.0032 kcal/(mol*A)
xmin   130       -6.5961 kcal/mol        0.0038 kcal/(mol*A)
xmin   140       -6.5961 kcal/mol        0.0005 kcal/(mol*A)
  ... geometry converged !
 
 Final MO eigenvalues (eV):
 -40.2600  -38.0955  -33.2277  -31.9582  -30.9500  -29.5908  -24.3096  -23.7132
 -22.6181  -21.9501  -19.5736  -17.4185  -16.5051  -15.9336  -15.6375  -15.1679
 -14.7152  -14.5268  -13.9836  -13.7737  -13.3282  -13.0216  -12.8834  -12.4842
 -11.9157  -11.7532  -11.6885  -11.0906  -10.9879  -10.8810   -9.5826   -9.2874
   0.5574    0.6397    2.9617    3.5564    3.6954    3.8504    3.9706    4.0880
   4.1080    4.1747    4.2092    4.3821    4.4311    4.4789    4.5349    4.6049
   4.6797    4.7768    4.8232    4.9407    4.9574    5.0616    5.1842    5.2150
   5.2995    5.3330    5.3654    5.3951    5.6960    5.7269    5.8425    6.2032


 Heat of formation   =         -6.59605276 kcal/mol  (       -0.28602631 eV)

 Total SCF energy    =     -40529.51240672 kcal/mol  (    -1757.49154012 eV)
 Electronic energy   =    -245391.13633241 kcal/mol  (   -10640.95816887 eV)
 Core-core repulsion =     204861.62392569 kcal/mol  (     8883.46662875 eV)
 
    Atomic Charges for Step       1 :
  Atom    Element       Mulliken Charge
     1      C                 -0.149
     2      C                 -0.156
     3      C                 -0.154
     4      C                 -0.155
     5      C                 -0.147
     6      C                 -0.064
     7      C                 -0.135
     8      C                 -0.128
     9      C                 -0.135
    10      C                 -0.057
    11      C                 -0.129
    12      C                 -0.129
    13      H                  0.078
    14      H                  0.082
    15      H                  0.082
    16      H                  0.077
    17      H                  0.078
    18      H                  0.077
    19      H                  0.077
    20      H                  0.087
    21      H                  0.077
    22      H                  0.082
    23      H                  0.090
    24      H                  0.130
    25      H                  0.129
    26      H                  0.129
    27      H                  0.134
    28      H                  0.129
 Total Mulliken Charge =      -0.000
 
                  X        Y        Z     TOTAL  
  QM DIPOLE     0.023    0.290    0.060    0.297
 
 Final Structure

  QMMM: QM Region Cartesian Coordinates (*=link atom) 
  QMMM: QM_NO.   MM_NO.  ATOM         X         Y         Z
  QMMM:     1        1      C       -0.1155    2.1559    0.9671
  QMMM:     2        2      C       -1.5315    2.5069    0.5590
  QMMM:     3        3      C       -2.3523    2.9876    1.7366
  QMMM:     4        4      C       -2.3308    1.9645    2.8524
  QMMM:     5        5      C       -0.9124    1.6690    3.2888
  QMMM:     6        6      C       -0.0219    1.1924    2.1429
  QMMM:     7        7      C       -0.6013   -2.9945    1.3065
  QMMM:     8        8      C       -0.1930   -2.5612    2.5686
  QMMM:     9        9      C       -0.0178   -1.2033    2.8178
  QMMM:    10       10      C       -0.2546   -0.2496    1.8134
  QMMM:    11       11      C       -0.6505   -0.6970    0.5495
  QMMM:    12       12      C       -0.8255   -2.0591    0.2995
  QMMM:    13       13      H        0.4125    3.1032    1.2627
  QMMM:    14       14      H        0.4357    1.7317    0.0876
  QMMM:    15       15      H       -2.0353    1.6133    0.1053
  QMMM:    16       16      H       -1.4978    3.3062   -0.2273
  QMMM:    17       17      H       -3.4088    3.1702    1.4101
  QMMM:    18       18      H       -1.9417    3.9619    2.1109
  QMMM:    19       19      H       -2.9172    2.3476    3.7278
  QMMM:    20       20      H       -2.8218    1.0181    2.5039
  QMMM:    21       21      H       -0.4598    2.6030    3.7172
  QMMM:    22       22      H       -0.9272    0.8980    4.1025
  QMMM:    23       23      H        1.0474    1.2473    2.5156
  QMMM:    24       24      H       -0.7413   -4.0667    1.1088
  QMMM:    25       25      H       -0.0065   -3.2937    3.3675
  QMMM:    26       26      H        0.3160   -0.8732    3.8132
  QMMM:    27       27      H       -0.8249    0.0173   -0.2687
  QMMM:    28       28      H       -1.1410   -2.3920   -0.7002

           --------- Calculation Completed ----------

