
          -------------------------------------------------------
          Amber 16 SANDER                              2016
          -------------------------------------------------------

| Run on 03/22/2017 at 11:21:30

|   Executable path: sander
| Working directory: /home/steboss/Simulation/logP_standrews/b_diphenyl/water/equilibration
|          Hostname: Unknown
  [-O]verwriting output

File Assignments:
|  MDIN: md00002.in                                                            
| MDOUT: md00002.out                                                           
|INPCRD: min00001.rst7                                                         
|  PARM: solvated.parm7                                                        
|RESTRT: md00002.rst7                                                          
|  REFC: solvated.rst7                                                         
| MDVEL: mdvel                                                                 
| MDFRC: mdfrc                                                                 
|  MDEN: md00002.en                                                            
| MDCRD: md00002.nc                                                            
|MDINFO: md00002.info                                                          
|  MTMD: mtmd                                                                  
|INPDIP: inpdip                                                                
|RSTDIP: rstdip                                                                
|INPTRA: inptraj                                                               


 Here is the input file:

heat the system                                                                
&cntrl                                                                         
ntxo=1,                                                                        
imin = 0, nstlim = 1000, irest = 0, ntx = 1, dt = 0.002,                       
nmropt = 1,                                                                    
ntt = 1, temp0 = 300.0, tempi = 5.0, tautp = 1.0,                              
ntb = 1, pres0 = 1.0,                                                          
ntc = 2, ntf = 2,                                                              
ioutfm = 1, iwrap = 1,                                                         
ntwe = 200, ntwx = 200, ntpr = 100,                                            
ntr = 1, restraint_wt = 10.00,                                                 
restraintmask="!:WAT,HOH,T3P,T4P",                                             
/                                                                              
                                                                               
&wt                                                                            
type = 'TEMP0',                                                                
istep1 = 0, istep2 = 1000,                                                     
value1 = 5.0, value2 = 300.0                                                   
/                                                                              
                                                                               
&wt type = 'END'                                                               
 /                                                                             
                                                                               

--------------------------------------------------------------------------------
   1.  RESOURCE   USE: 
--------------------------------------------------------------------------------

| Flags:                                                                        
 getting new box info from bottom of inpcrd
|  INFO: Old style inpcrd file read

| peek_ewald_inpcrd: Box info found
|Largest sphere to fit in unit cell has radius =    16.496
| New format PARM file being parsed.
| Version =    1.000 Date = 03/22/17 Time = 11:21:28
 NATOM  =    2980 NTYPES =       4 NBONH =    2968 MBONA  =      13
 NTHETH =      20 MTHETA =      16 NPHIH =      42 MPHIA  =      20
 NHPARM =       0 NPARM  =       0 NNB   =    4052 NRES   =     987
 NBONA  =      13 NTHETA =      16 NPHIA =      20 NUMBND =       6
 NUMANG =       6 NPTRA  =       3 NATYP =       5 NPHB   =       1
 IFBOX  =       1 NMXRS  =      22 IFCAP =       0 NEXTRA =       0
 NCOPY  =       0


|     Memory Use     Allocated
|     Real              295961
|     Hollerith           9929
|     Integer            90763
|     Max Pairs         993333
|     nblistReal         35760
|     nblist Int        158140
|       Total             7482 kbytes

| Note: 1-4 EEL scale factors are being read from the topology file.

| Note: 1-4 VDW scale factors are being read from the topology file.
| Duplicated    0 dihedrals
| Duplicated    0 dihedrals

     BOX TYPE: RECTILINEAR

--------------------------------------------------------------------------------
   2.  CONTROL  DATA  FOR  THE  RUN
--------------------------------------------------------------------------------

LIG                                                                             

General flags:
     imin    =       0, nmropt  =       1

Nature and format of input:
     ntx     =       1, irest   =       0, ntrx    =       1

Nature and format of output:
     ntxo    =       1, ntpr    =     100, ntrx    =       1, ntwr    =    1000
     iwrap   =       1, ntwx    =     200, ntwv    =       0, ntwe    =     200
     ioutfm  =       1, ntwprt  =       0, idecomp =       0, rbornstat=      0

Potential function:
     ntf     =       2, ntb     =       1, igb     =       0, nsnb    =      25
     ipol    =       0, gbsa    =       0, iesp    =       0
     dielc   =   1.00000, cut     =   8.00000, intdiel =   1.00000

Frozen or restrained atoms:
     ibelly  =       0, ntr     =       1
     restraint_wt =  10.00000

Molecular dynamics:
     nstlim  =      1000, nscm    =         0, nrespa  =         1
     t       =   0.00000, dt      =   0.00200, vlimit  =  20.00000

Berendsen (weak-coupling) temperature regulation:
     temp0   = 300.00000, tempi   =   5.00000, tautp   =   1.00000

SHAKE:
     ntc     =       2, jfastw  =       0
     tol     =   0.00001

NMR refinement options:
     iscale  =       0, noeskp  =       1, ipnlty  =       1, mxsub   =       1
     scalm   = 100.00000, pencut  =   0.10000, tausw   =   0.10000

Ewald parameters:
     verbose =       0, ew_type =       0, nbflag  =       1, use_pme =       1
     vdwmeth =       1, eedmeth =       1, netfrc  =       1
     Box X =   39.456   Box Y =   34.260   Box Z =   32.993
     Alpha =   90.000   Beta  =   90.000   Gamma =   90.000
     NFFT1 =   40       NFFT2 =   36       NFFT3 =   32
     Cutoff=    8.000   Tol   =0.100E-04
     Ewald Coefficient =  0.34864
     Interpolation order =    4

    LOADING THE CONSTRAINED ATOMS AS GROUPS


   5.  REFERENCE ATOM COORDINATES

  LIG 
     Mask !:WAT,HOH,T3P,T4P; matches    22 atoms

--------------------------------------------------------------------------------
   3.  ATOMIC COORDINATES AND VELOCITIES
--------------------------------------------------------------------------------

LIG                                                                             
 begin time read from input coords =     0.000 ps



           Begin reading energy term weight changes/NMR restraints
 WEIGHT CHANGES:
 TEMP0         0   1000    5.000000  300.000000      0      0

 RESTRAINTS:
                          ** No restraint defined **

                  Done reading weight changes/NMR restraints


 Number of triangulated 3-point waters found:      986

     Sum of charges from parm topology file =   0.00000000
     Forcing neutrality...

--------------------------------------------------------------------------------
   4.  RESULTS
--------------------------------------------------------------------------------

|  # of SOLUTE  degrees of freedom (RNDFP):    5972.
|  # of SOLVENT degrees of freedom (RNDFS):       0.
|  NDFMIN =    5972.     NUM_NOSHAKE =      0     CORRECTED RNDFP =    5972.
|  TOTAL # of degrees of freedom (RNDF) =    5972.
 ---------------------------------------------------
 APPROXIMATING switch and d/dx switch using CUBIC SPLINE INTERPOLATION
 using   5000.0 points per unit in tabled values
 TESTING RELATIVE ERROR over r ranging from 0.0 to cutoff
| CHECK switch(x): max rel err =   0.2738E-14   at   2.422500
| CHECK d/dx switch(x): max rel err =   0.8332E-11   at   2.782960
 ---------------------------------------------------
| Local SIZE OF NONBOND LIST =     446996
| TOTAL SIZE OF NONBOND LIST =     446996

 NSTEP =        0   TIME(PS) =       0.000  TEMP(K) =     7.56  PRESS =     0.0
 Etot   =    -11107.0708  EKtot   =        44.8348  EPtot      =    -11151.9056
 BOND   =         2.5253  ANGLE   =         2.5671  DIHED      =         6.6945
 1-4 NB =         6.8739  1-4 EEL =         3.5463  VDWAALS    =      1553.7677
 EELEC  =    -12730.3906  EHBOND  =         0.0000  RESTRAINT  =         2.5102
 EAMBER (non-restraint)  =    -11154.4158
 Ewald error estimate:   0.2543E-03
 ------------------------------------------------------------------------------

 NMR restraints: Bond =    0.000   Angle =     0.000   Torsion =     0.000
===============================================================================

 NSTEP =      100   TIME(PS) =       0.200  TEMP(K) =    87.83  PRESS =     0.0
 Etot   =     -9798.5023  EKtot   =       521.1384  EPtot      =    -10319.6407
 BOND   =         0.3692  ANGLE   =         0.8885  DIHED      =         6.0963
 1-4 NB =         7.6182  1-4 EEL =         3.7657  VDWAALS    =      1911.5965
 EELEC  =    -12250.9200  EHBOND  =         0.0000  RESTRAINT  =         0.9449
 EAMBER (non-restraint)  =    -10320.5856
 Ewald error estimate:   0.1946E-03
 ------------------------------------------------------------------------------

 NMR restraints: Bond =    0.000   Angle =     0.000   Torsion =     0.000
===============================================================================

 NSTEP =      200   TIME(PS) =       0.400  TEMP(K) =    99.47  PRESS =     0.0
 Etot   =     -9851.8176  EKtot   =       590.2567  EPtot      =    -10442.0743
 BOND   =         0.6357  ANGLE   =         0.7678  DIHED      =         5.8397
 1-4 NB =         7.1795  1-4 EEL =         3.7046  VDWAALS    =      2124.9928
 EELEC  =    -12586.4935  EHBOND  =         0.0000  RESTRAINT  =         1.2992
 EAMBER (non-restraint)  =    -10443.3734
 Ewald error estimate:   0.3120E-03
 ------------------------------------------------------------------------------

 NMR restraints: Bond =    0.000   Angle =     0.000   Torsion =     0.000
===============================================================================

 NSTEP =      300   TIME(PS) =       0.600  TEMP(K) =   101.75  PRESS =     0.0
 Etot   =     -9881.6569  EKtot   =       603.7813  EPtot      =    -10485.4381
 BOND   =         1.3963  ANGLE   =         1.7890  DIHED      =         6.2881
 1-4 NB =         6.6008  1-4 EEL =         3.6145  VDWAALS    =      2043.8942
 EELEC  =    -12549.6712  EHBOND  =         0.0000  RESTRAINT  =         0.6502
 EAMBER (non-restraint)  =    -10486.0883
 Ewald error estimate:   0.3262E-03
 ------------------------------------------------------------------------------

 NMR restraints: Bond =    0.000   Angle =     0.000   Torsion =     0.000
===============================================================================

 NSTEP =      400   TIME(PS) =       0.800  TEMP(K) =   109.41  PRESS =     0.0
 Etot   =     -9881.5575  EKtot   =       649.2007  EPtot      =    -10530.7582
 BOND   =         0.3817  ANGLE   =         1.1957  DIHED      =         5.6049
 1-4 NB =         7.6441  1-4 EEL =         3.7812  VDWAALS    =      2113.9247
 EELEC  =    -12664.8293  EHBOND  =         0.0000  RESTRAINT  =         1.5389
 EAMBER (non-restraint)  =    -10532.2971
 Ewald error estimate:   0.1180E-03
 ------------------------------------------------------------------------------

 NMR restraints: Bond =    0.000   Angle =     0.000   Torsion =     0.000
===============================================================================

 NSTEP =      500   TIME(PS) =       1.000  TEMP(K) =   117.40  PRESS =     0.0
 Etot   =     -9851.8261  EKtot   =       696.6349  EPtot      =    -10548.4610
 BOND   =         0.4664  ANGLE   =         1.1563  DIHED      =         6.4008
 1-4 NB =         7.3234  1-4 EEL =         3.6811  VDWAALS    =      2063.1925
 EELEC  =    -12631.3477  EHBOND  =         0.0000  RESTRAINT  =         0.6662
 EAMBER (non-restraint)  =    -10549.1272
 Ewald error estimate:   0.5990E-04
 ------------------------------------------------------------------------------

 NMR restraints: Bond =    0.000   Angle =     0.000   Torsion =     0.000
===============================================================================

 NSTEP =      600   TIME(PS) =       1.200  TEMP(K) =   119.72  PRESS =     0.0
 Etot   =     -9793.9130  EKtot   =       710.4159  EPtot      =    -10504.3288
 BOND   =         2.1944  ANGLE   =         1.4735  DIHED      =         6.2214
 1-4 NB =         6.9788  1-4 EEL =         3.6580  VDWAALS    =      1976.4225
 EELEC  =    -12503.4584  EHBOND  =         0.0000  RESTRAINT  =         2.1810
 EAMBER (non-restraint)  =    -10506.5098
 Ewald error estimate:   0.1403E-04
 ------------------------------------------------------------------------------

 NMR restraints: Bond =    0.000   Angle =     0.000   Torsion =     0.000
===============================================================================

 NSTEP =      700   TIME(PS) =       1.400  TEMP(K) =   133.28  PRESS =     0.0
 Etot   =     -9709.7423  EKtot   =       790.8794  EPtot      =    -10500.6217
 BOND   =         1.0270  ANGLE   =         1.1200  DIHED      =         6.7695
 1-4 NB =         7.7740  1-4 EEL =         3.6514  VDWAALS    =      1858.6841
 EELEC  =    -12381.2400  EHBOND  =         0.0000  RESTRAINT  =         1.5923
 EAMBER (non-restraint)  =    -10502.2141
 Ewald error estimate:   0.3529E-03
 ------------------------------------------------------------------------------

 NMR restraints: Bond =    0.000   Angle =     0.000   Torsion =     0.000
===============================================================================

 NSTEP =      800   TIME(PS) =       1.600  TEMP(K) =   139.02  PRESS =     0.0
 Etot   =     -9601.9356  EKtot   =       824.9199  EPtot      =    -10426.8555
 BOND   =         0.2735  ANGLE   =         0.9575  DIHED      =         6.1875
 1-4 NB =         7.4219  1-4 EEL =         3.6682  VDWAALS    =      1922.9667
 EELEC  =    -12370.6466  EHBOND  =         0.0000  RESTRAINT  =         2.3158
 EAMBER (non-restraint)  =    -10429.1713
 Ewald error estimate:   0.9134E-04
 ------------------------------------------------------------------------------

 NMR restraints: Bond =    0.000   Angle =     0.000   Torsion =     0.000
===============================================================================

 NSTEP =      900   TIME(PS) =       1.800  TEMP(K) =   152.70  PRESS =     0.0
 Etot   =     -9472.2796  EKtot   =       906.0864  EPtot      =    -10378.3661
 BOND   =         2.5360  ANGLE   =         2.6624  DIHED      =         6.7156
 1-4 NB =         6.6389  1-4 EEL =         3.6775  VDWAALS    =      1899.2319
 EELEC  =    -12302.5672  EHBOND  =         0.0000  RESTRAINT  =         2.7388
 EAMBER (non-restraint)  =    -10381.1048
 Ewald error estimate:   0.1930E-03
 ------------------------------------------------------------------------------

 NMR restraints: Bond =    0.000   Angle =     0.000   Torsion =     0.000
===============================================================================

 NSTEP =     1000   TIME(PS) =       2.000  TEMP(K) =   164.26  PRESS =     0.0
 Etot   =     -9321.8858  EKtot   =       974.7017  EPtot      =    -10296.5874
 BOND   =         0.2272  ANGLE   =         1.3129  DIHED      =         7.0374
 1-4 NB =         7.8938  1-4 EEL =         3.5818  VDWAALS    =      1896.2540
 EELEC  =    -12214.2576  EHBOND  =         0.0000  RESTRAINT  =         1.3631
 EAMBER (non-restraint)  =    -10297.9506
 Ewald error estimate:   0.1014E-03
 ------------------------------------------------------------------------------

 NMR restraints: Bond =    0.000   Angle =     0.000   Torsion =     0.000
===============================================================================

      A V E R A G E S   O V E R    1000 S T E P S


 NSTEP =     1000   TIME(PS) =       2.000  TEMP(K) =   115.10  PRESS =     0.0
 Etot   =     -9739.8791  EKtot   =       682.9502  EPtot      =    -10422.8293
 BOND   =         1.1641  ANGLE   =         1.2802  DIHED      =         6.2663
 1-4 NB =         7.1724  1-4 EEL =         3.6929  VDWAALS    =      1948.7019
 EELEC  =    -12392.5812  EHBOND  =         0.0000  RESTRAINT  =         1.4741
 EAMBER (non-restraint)  =    -10424.3033
 Ewald error estimate:   0.1946E-03
 ------------------------------------------------------------------------------

 NMR restraints: Bond =    0.000   Angle =     0.000   Torsion =     0.000
===============================================================================

      R M S  F L U C T U A T I O N S


 NSTEP =     1000   TIME(PS) =       2.000  TEMP(K) =    28.80  PRESS =     0.0
 Etot   =       157.7471  EKtot   =       170.8914  EPtot      =       139.0445
 BOND   =         0.5616  ANGLE   =         0.5004  DIHED      =         0.5301
 1-4 NB =         0.5045  1-4 EEL =         0.0554  VDWAALS    =       152.4622
 EELEC  =       277.6930  EHBOND  =         0.0000  RESTRAINT  =         0.6893
 EAMBER (non-restraint)  =       138.3551
 Ewald error estimate:   0.1411E-03
 ------------------------------------------------------------------------------


 NMR restraints on final step:


--------------------------------------------------------------------------------
   5.  TIMINGS
--------------------------------------------------------------------------------

|    Read coords time           0.00 ( 0.02% of Total)
|                Build the list             0.82 (96.76% of List )
|                Other                      0.03 ( 3.24% of List )
|             List time                  0.84 ( 5.16% of Nonbo)
|                   Short_ene time            12.15 (99.16% of Direc)
|                   Other                      0.10 ( 0.84% of Direc)
|                Direct Ewald time         12.25 (79.11% of Ewald)
|                Adjust Ewald time          0.11 ( 0.70% of Ewald)
|                Self Ewald time            0.00 ( 0.01% of Ewald)
|                   Fill Bspline coeffs        0.12 ( 4.02% of Recip)
|                   Fill charge grid           0.32 (10.46% of Recip)
|                   Scalar sum                 0.66 (21.34% of Recip)
|                   Grad sum                   0.67 (21.45% of Recip)
|                   FFT time                   1.32 (42.69% of Recip)
|                   Other                      0.00 ( 0.05% of Recip)
|                Recip Ewald time           3.10 (20.02% of Ewald)
|                Force Adjust               0.00 ( 0.02% of Ewald)
|                Virial junk                0.02 ( 0.10% of Ewald)
|                Other                      0.01 ( 0.04% of Ewald)
|             Ewald time                15.49 (94.82% of Nonbo)
|             Other                      0.00 ( 0.02% of Nonbo)
|          Nonbond force             16.34 (99.79% of Force)
|          Bond/Angle/Dihedral        0.03 ( 0.16% of Force)
|          Other                      0.01 ( 0.05% of Force)
|       Force time                16.37 (98.53% of Runmd)
|       Shake time                 0.14 ( 0.84% of Runmd)
|       Verlet update time         0.09 ( 0.55% of Runmd)
|       Other                      0.01 ( 0.09% of Runmd)
|    Runmd Time                16.62 (99.84% of Total)
|    Other                      0.02 ( 0.14% of Total)
| Total time                16.64 (100.0% of ALL  )

| Number of list builds   :         56

| Highest rstack allocated:     186490
| Highest istack allocated:       2980

| Final Performance Info:
| -----------------------------------------------------
| Average timings for all steps:
|     Elapsed(s) =      16.62 Per Step(ms) =      16.62
|         ns/day =      10.40   seconds/ns =    8309.13
| -----------------------------------------------------

|           Job began  at 11:21:30.586  on 03/22/2017
|           Setup done at 11:21:30.613  on 03/22/2017
|           Run   done at 11:21:47.231  on 03/22/2017
|     wallclock() was called   44173 times
