
          -------------------------------------------------------
          Amber 16 SANDER                              2016
          -------------------------------------------------------

| Run on 03/22/2017 at 11:22:58

|   Executable path: sander
| Working directory: /home/steboss/Simulation/logP_standrews/b_diphenyl/water/equilibration
|          Hostname: Unknown
  [-O]verwriting output

File Assignments:
|  MDIN: md00004.in                                                            
| MDOUT: md00004.out                                                           
|INPCRD: md00003.rst7                                                          
|  PARM: solvated.parm7                                                        
|RESTRT: md00004.rst7                                                          
|  REFC: solvated.rst7                                                         
| MDVEL: mdvel                                                                 
| MDFRC: mdfrc                                                                 
|  MDEN: md00004.en                                                            
| MDCRD: md00004.nc                                                            
|MDINFO: md00004.info                                                          
|  MTMD: mtmd                                                                  
|INPDIP: inpdip                                                                
|RSTDIP: rstdip                                                                
|INPTRA: inptraj                                                               


 Here is the input file:

md with sander                                                                 
&cntrl                                                                         
ntxo=1,                                                                        
imin = 0, nstlim = 15000, irest = 1, ntx = 5, dt = 0.002,                      
ntt = 1, temp0 = 298.0, tautp = 1.0,                                           
ntp = 1, pres0 = 1.0, taup = 0.5,                                              
ntb = 2,                                                                       
ntc = 2, ntf = 2,                                                              
ioutfm = 1, iwrap = 1,                                                         
ntwe = 3000, ntwx = 3000, ntpr = 1500,                                         
ntr = 1, restraint_wt = 10.00,                                                 
restraintmask="!:WAT,HOH,T3P,T4P",                                             
/                                                                              
                                                                               

--------------------------------------------------------------------------------
   1.  RESOURCE   USE: 
--------------------------------------------------------------------------------

| Flags:                                                                        
 getting new box info from bottom of inpcrd
|  INFO: Old style inpcrd file read

| peek_ewald_inpcrd: Box info found
|Largest sphere to fit in unit cell has radius =    16.496
| New format PARM file being parsed.
| Version =    1.000 Date = 03/22/17 Time = 11:21:28
 NATOM  =    2980 NTYPES =       4 NBONH =    2968 MBONA  =      13
 NTHETH =      20 MTHETA =      16 NPHIH =      42 MPHIA  =      20
 NHPARM =       0 NPARM  =       0 NNB   =    4052 NRES   =     987
 NBONA  =      13 NTHETA =      16 NPHIA =      20 NUMBND =       6
 NUMANG =       6 NPTRA  =       3 NATYP =       5 NPHB   =       1
 IFBOX  =       1 NMXRS  =      22 IFCAP =       0 NEXTRA =       0
 NCOPY  =       0


|     Memory Use     Allocated
|     Real              295932
|     Hollerith           9929
|     Integer            90718
|     Max Pairs         993333
|     nblistReal         35760
|     nblist Int        158140
|       Total             7482 kbytes

| Note: 1-4 EEL scale factors are being read from the topology file.

| Note: 1-4 VDW scale factors are being read from the topology file.
| Duplicated    0 dihedrals
| Duplicated    0 dihedrals

     BOX TYPE: RECTILINEAR

--------------------------------------------------------------------------------
   2.  CONTROL  DATA  FOR  THE  RUN
--------------------------------------------------------------------------------

LIG                                                                             

General flags:
     imin    =       0, nmropt  =       0

Nature and format of input:
     ntx     =       5, irest   =       1, ntrx    =       1

Nature and format of output:
     ntxo    =       1, ntpr    =    1500, ntrx    =       1, ntwr    =   15000
     iwrap   =       1, ntwx    =    3000, ntwv    =       0, ntwe    =    3000
     ioutfm  =       1, ntwprt  =       0, idecomp =       0, rbornstat=      0

Potential function:
     ntf     =       2, ntb     =       2, igb     =       0, nsnb    =      25
     ipol    =       0, gbsa    =       0, iesp    =       0
     dielc   =   1.00000, cut     =   8.00000, intdiel =   1.00000

Frozen or restrained atoms:
     ibelly  =       0, ntr     =       1
     restraint_wt =  10.00000

Molecular dynamics:
     nstlim  =     15000, nscm    =         0, nrespa  =         1
     t       =   0.00000, dt      =   0.00200, vlimit  =  20.00000

Berendsen (weak-coupling) temperature regulation:
     temp0   = 298.00000, tempi   =   0.00000, tautp   =   1.00000

Pressure regulation:
     ntp     =       1
     pres0   =   1.00000, comp    =  44.60000, taup    =   0.50000

SHAKE:
     ntc     =       2, jfastw  =       0
     tol     =   0.00001

Ewald parameters:
     verbose =       0, ew_type =       0, nbflag  =       1, use_pme =       1
     vdwmeth =       1, eedmeth =       1, netfrc  =       1
     Box X =   39.456   Box Y =   34.260   Box Z =   32.993
     Alpha =   90.000   Beta  =   90.000   Gamma =   90.000
     NFFT1 =   40       NFFT2 =   36       NFFT3 =   32
     Cutoff=    8.000   Tol   =0.100E-04
     Ewald Coefficient =  0.34864
     Interpolation order =    4

    LOADING THE CONSTRAINED ATOMS AS GROUPS


   5.  REFERENCE ATOM COORDINATES

  LIG 
     Mask !:WAT,HOH,T3P,T4P; matches    22 atoms

--------------------------------------------------------------------------------
   3.  ATOMIC COORDINATES AND VELOCITIES
--------------------------------------------------------------------------------

LIG                                                                             
 begin time read from input coords =    10.000 ps

 Number of triangulated 3-point waters found:      986

     Sum of charges from parm topology file =   0.00000000
     Forcing neutrality...

--------------------------------------------------------------------------------
   4.  RESULTS
--------------------------------------------------------------------------------

|  # of SOLUTE  degrees of freedom (RNDFP):    5972.
|  # of SOLVENT degrees of freedom (RNDFS):       0.
|  NDFMIN =    5972.     NUM_NOSHAKE =      0     CORRECTED RNDFP =    5972.
|  TOTAL # of degrees of freedom (RNDF) =    5972.
 ---------------------------------------------------
 APPROXIMATING switch and d/dx switch using CUBIC SPLINE INTERPOLATION
 using   5000.0 points per unit in tabled values
 TESTING RELATIVE ERROR over r ranging from 0.0 to cutoff
| CHECK switch(x): max rel err =   0.2738E-14   at   2.422500
| CHECK d/dx switch(x): max rel err =   0.8332E-11   at   2.782960
 ---------------------------------------------------
| Local SIZE OF NONBOND LIST =     487495
| TOTAL SIZE OF NONBOND LIST =     487495

 NSTEP =     1500   TIME(PS) =      13.000  TEMP(K) =   292.73  PRESS =  -477.1
 Etot   =     -7381.7399  EKtot   =      1737.0028  EPtot      =     -9118.7426
 BOND   =         3.4583  ANGLE   =         3.0804  DIHED      =         7.6936
 1-4 NB =         6.5759  1-4 EEL =         3.7294  VDWAALS    =      1385.6907
 EELEC  =    -10532.2207  EHBOND  =         0.0000  RESTRAINT  =         3.2497
 EAMBER (non-restraint)  =     -9121.9924
 EKCMT  =       892.7924  VIRIAL  =      1297.0089  VOLUME     =     39238.9482
                                                    Density    =         0.7583
 Ewald error estimate:   0.2208E-04
 ------------------------------------------------------------------------------


 NSTEP =     3000   TIME(PS) =      16.000  TEMP(K) =   300.07  PRESS =  -815.8
 Etot   =     -7450.9081  EKtot   =      1780.5465  EPtot      =     -9231.4547
 BOND   =         1.4405  ANGLE   =         2.7468  DIHED      =         8.8385
 1-4 NB =         7.4128  1-4 EEL =         3.6784  VDWAALS    =      1330.1171
 EELEC  =    -10587.7593  EHBOND  =         0.0000  RESTRAINT  =         2.0707
 EAMBER (non-restraint)  =     -9233.5254
 EKCMT  =       918.4763  VIRIAL  =      1528.0861  VOLUME     =     34611.1280
                                                    Density    =         0.8597
 Ewald error estimate:   0.4266E-04
 ------------------------------------------------------------------------------


 NSTEP =     4500   TIME(PS) =      19.000  TEMP(K) =   303.88  PRESS =  -396.1
 Etot   =     -7575.6661  EKtot   =      1803.1533  EPtot      =     -9378.8195
 BOND   =         2.8436  ANGLE   =         4.1760  DIHED      =         8.5709
 1-4 NB =         7.8770  1-4 EEL =         3.5943  VDWAALS    =      1378.5006
 EELEC  =    -10787.8946  EHBOND  =         0.0000  RESTRAINT  =         3.5128
 EAMBER (non-restraint)  =     -9382.3322
 EKCMT  =       917.6956  VIRIAL  =      1182.3928  VOLUME     =     30949.1420
                                                    Density    =         0.9614
 Ewald error estimate:   0.3092E-03
 ------------------------------------------------------------------------------


 NSTEP =     6000   TIME(PS) =      22.000  TEMP(K) =   298.08  PRESS =    24.8
 Etot   =     -7625.0147  EKtot   =      1768.7628  EPtot      =     -9393.7776
 BOND   =         2.5670  ANGLE   =         3.0274  DIHED      =         9.4631
 1-4 NB =         6.9322  1-4 EEL =         3.8251  VDWAALS    =      1395.2100
 EELEC  =    -10817.7499  EHBOND  =         0.0000  RESTRAINT  =         2.9476
 EAMBER (non-restraint)  =     -9396.7251
 EKCMT  =       881.8077  VIRIAL  =       865.5848  VOLUME     =     30297.3715
                                                    Density    =         0.9821
 Ewald error estimate:   0.8506E-05
 ------------------------------------------------------------------------------


 NSTEP =     7500   TIME(PS) =      25.000  TEMP(K) =   296.17  PRESS =    91.0
 Etot   =     -7643.2499  EKtot   =      1757.4221  EPtot      =     -9400.6719
 BOND   =         4.1445  ANGLE   =         2.7058  DIHED      =        10.0422
 1-4 NB =         8.0171  1-4 EEL =         3.7915  VDWAALS    =      1403.5881
 EELEC  =    -10839.8203  EHBOND  =         0.0000  RESTRAINT  =         6.8590
 EAMBER (non-restraint)  =     -9407.5310
 EKCMT  =       872.9406  VIRIAL  =       813.5634  VOLUME     =     30207.4077
                                                    Density    =         0.9850
 Ewald error estimate:   0.4400E-03
 ------------------------------------------------------------------------------


 NSTEP =     9000   TIME(PS) =      28.000  TEMP(K) =   299.62  PRESS =    35.5
 Etot   =     -7663.7009  EKtot   =      1777.8460  EPtot      =     -9441.5469
 BOND   =         4.8992  ANGLE   =         4.8134  DIHED      =         8.2324
 1-4 NB =         7.4883  1-4 EEL =         3.9274  VDWAALS    =      1413.9741
 EELEC  =    -10889.2735  EHBOND  =         0.0000  RESTRAINT  =         4.3918
 EAMBER (non-restraint)  =     -9445.9387
 EKCMT  =       893.6991  VIRIAL  =       870.5413  VOLUME     =     30252.2485
                                                    Density    =         0.9835
 Ewald error estimate:   0.4760E-04
 ------------------------------------------------------------------------------


 NSTEP =    10500   TIME(PS) =      31.000  TEMP(K) =   297.66  PRESS =  -110.9
 Etot   =     -7670.1410  EKtot   =      1766.2461  EPtot      =     -9436.3870
 BOND   =         6.0198  ANGLE   =         4.0107  DIHED      =         7.6022
 1-4 NB =         6.5828  1-4 EEL =         3.6744  VDWAALS    =      1402.4372
 EELEC  =    -10870.1962  EHBOND  =         0.0000  RESTRAINT  =         3.4822
 EAMBER (non-restraint)  =     -9439.8692
 EKCMT  =       866.0865  VIRIAL  =       938.6556  VOLUME     =     30297.8562
                                                    Density    =         0.9820
 Ewald error estimate:   0.2965E-04
 ------------------------------------------------------------------------------


 NSTEP =    12000   TIME(PS) =      34.000  TEMP(K) =   301.50  PRESS =   -20.5
 Etot   =     -7663.4931  EKtot   =      1789.0558  EPtot      =     -9452.5489
 BOND   =         2.0072  ANGLE   =         2.4779  DIHED      =         7.9466
 1-4 NB =         7.0438  1-4 EEL =         3.7033  VDWAALS    =      1395.9308
 EELEC  =    -10874.1516  EHBOND  =         0.0000  RESTRAINT  =         2.4930
 EAMBER (non-restraint)  =     -9455.0419
 EKCMT  =       892.3056  VIRIAL  =       905.5612  VOLUME     =     30015.4096
                                                    Density    =         0.9913
 Ewald error estimate:   0.3917E-04
 ------------------------------------------------------------------------------


 NSTEP =    13500   TIME(PS) =      37.000  TEMP(K) =   295.48  PRESS =   117.0
 Etot   =     -7643.5417  EKtot   =      1753.2788  EPtot      =     -9396.8205
 BOND   =         4.7594  ANGLE   =         3.4944  DIHED      =         9.9790
 1-4 NB =         6.4784  1-4 EEL =         3.8099  VDWAALS    =      1427.0862
 EELEC  =    -10856.2938  EHBOND  =         0.0000  RESTRAINT  =         3.8661
 EAMBER (non-restraint)  =     -9400.6866
 EKCMT  =       876.5871  VIRIAL  =       799.7257  VOLUME     =     30432.6575
                                                    Density    =         0.9777
 Ewald error estimate:   0.2107E-03
 ------------------------------------------------------------------------------


 NSTEP =    15000   TIME(PS) =      40.000  TEMP(K) =   299.37  PRESS =   568.4
 Etot   =     -7645.4984  EKtot   =      1776.3589  EPtot      =     -9421.8573
 BOND   =         2.9750  ANGLE   =         5.4231  DIHED      =         9.3850
 1-4 NB =         7.1277  1-4 EEL =         3.5750  VDWAALS    =      1490.1960
 EELEC  =    -10946.4945  EHBOND  =         0.0000  RESTRAINT  =         5.9554
 EAMBER (non-restraint)  =     -9427.8127
 EKCMT  =       885.1519  VIRIAL  =       512.9821  VOLUME     =     30325.7053
                                                    Density    =         0.9811
 Ewald error estimate:   0.5912E-05
 ------------------------------------------------------------------------------


      A V E R A G E S   O V E R   15000 S T E P S


 NSTEP =    15000   TIME(PS) =      40.000  TEMP(K) =   297.59  PRESS =  -143.1
 Etot   =     -7577.8552  EKtot   =      1765.8412  EPtot      =     -9343.6964
 BOND   =         3.1803  ANGLE   =         3.6366  DIHED      =         9.1184
 1-4 NB =         7.3042  1-4 EEL =         3.7007  VDWAALS    =      1397.9392
 EELEC  =    -10772.4141  EHBOND  =         0.0000  RESTRAINT  =         3.8383
 EAMBER (non-restraint)  =     -9347.5346
 EKCMT  =       880.8639  VIRIAL  =       995.2962  VOLUME     =     32350.5512
                                                    Density    =         0.9305
 Ewald error estimate:   0.1564E-03
 ------------------------------------------------------------------------------


      R M S  F L U C T U A T I O N S


 NSTEP =    15000   TIME(PS) =      40.000  TEMP(K) =     4.59  PRESS =   330.9
 Etot   =       109.6928  EKtot   =        27.2076  EPtot      =       118.1876
 BOND   =         1.1905  ANGLE   =         1.0245  DIHED      =         1.3262
 1-4 NB =         0.5729  1-4 EEL =         0.1033  VDWAALS    =        38.5241
 EELEC  =       129.9882  EHBOND  =         0.0000  RESTRAINT  =         1.1699
 EAMBER (non-restraint)  =       117.0177
 EKCMT  =        21.3002  VIRIAL  =       249.8536  VOLUME     =      3797.7403
                                                    Density    =         0.0917
 Ewald error estimate:   0.1212E-03
 ------------------------------------------------------------------------------


--------------------------------------------------------------------------------
   5.  TIMINGS
--------------------------------------------------------------------------------

|                Build the list            24.57 (98.90% of List )
|                Other                      0.27 ( 1.10% of List )
|             List time                 24.85 ( 8.52% of Nonbo)
|                   Short_ene time           215.75 (99.20% of Direc)
|                   Other                      1.73 ( 0.80% of Direc)
|                Direct Ewald time        217.48 (81.54% of Ewald)
|                Adjust Ewald time          1.62 ( 0.61% of Ewald)
|                Self Ewald time            0.02 ( 0.01% of Ewald)
|                   Fill Bspline coeffs        1.92 ( 4.07% of Recip)
|                   Fill charge grid           5.11 (10.83% of Recip)
|                   Scalar sum                 9.90 (20.99% of Recip)
|                   Grad sum                  10.47 (22.18% of Recip)
|                   FFT time                  19.77 (41.89% of Recip)
|                   Other                      0.02 ( 0.05% of Recip)
|                Recip Ewald time          47.19 (17.69% of Ewald)
|                Force Adjust               0.04 ( 0.01% of Ewald)
|                Virial junk                0.25 ( 0.09% of Ewald)
|                Other                      0.10 ( 0.04% of Ewald)
|             Ewald time               266.71 (91.46% of Nonbo)
|             Other                      0.05 ( 0.02% of Nonbo)
|          Nonbond force            291.61 (99.83% of Force)
|          Bond/Angle/Dihedral        0.41 ( 0.14% of Force)
|          Other                      0.09 ( 0.03% of Force)
|       Force time               292.11 (98.40% of Runmd)
|       Shake time                 2.08 ( 0.70% of Runmd)
|       Verlet update time         2.06 ( 0.69% of Runmd)
|       Ekcmr time                 0.31 ( 0.11% of Runmd)
|       Other                      0.29 ( 0.10% of Runmd)
|    Runmd Time               296.86 (100.0% of Total)
|    Other                      0.03 ( 0.01% of Total)
| Total time               296.89 (100.0% of ALL  )

| Number of list builds   :       1393

| Highest rstack allocated:     186490
| Highest istack allocated:       2980

| Final Performance Info:
| -----------------------------------------------------
| Average timings for all steps:
|     Elapsed(s) =     296.86 Per Step(ms) =      19.79
|         ns/day =       8.73   seconds/ns =    9895.21
| -----------------------------------------------------

|           Job began  at 11:22:58.611  on 03/22/2017
|           Setup done at 11:22:58.645  on 03/22/2017
|           Run   done at 11:27:55.502  on 03/22/2017
|     wallclock() was called  692809 times
