
          -------------------------------------------------------
          Amber 16 SANDER                              2016
          -------------------------------------------------------

| Run on 03/22/2017 at 11:21:28

|   Executable path: sander
| Working directory: /home/steboss/Simulation/logP_standrews/b_diphenyl/water/equilibration
|          Hostname: Unknown
  [-O]verwriting output

File Assignments:
|  MDIN: min00001.in                                                           
| MDOUT: min00001.out                                                          
|INPCRD: solvated.rst7                                                         
|  PARM: solvated.parm7                                                        
|RESTRT: min00001.rst7                                                         
|  REFC: solvated.rst7                                                         
| MDVEL: mdvel                                                                 
| MDFRC: mdfrc                                                                 
|  MDEN: min00001.en                                                           
| MDCRD: min00001.nc                                                           
|MDINFO: min00001.info                                                         
|  MTMD: mtmd                                                                  
|INPDIP: inpdip                                                                
|RSTDIP: rstdip                                                                
|INPTRA: inptraj                                                               


 Here is the input file:

                                                                               
Minimise whole system                                                          
&cntrl                                                                         
ntxo=1,                                                                        
imin = 1, ntmin = 1,                                                           
maxcyc = 100, ncyc = 10,                                                       
ntpr = 20, ntwe = 20,                                                          
dx0 = 1.0D-7,                                                                  
ntb = 1,                                                                       
ntr = 1, restraint_wt = 10.00,                                                 
restraintmask="!:WAT,HOH,T3P,T4P,CLP,MOL,LIG",                                 
/                                                                              

--------------------------------------------------------------------------------
   1.  RESOURCE   USE: 
--------------------------------------------------------------------------------

| Flags:                                                                        
 getting new box info from bottom of inpcrd
|  INFO: Old style inpcrd file read

| peek_ewald_inpcrd: Box info found
|Largest sphere to fit in unit cell has radius =    16.496
| New format PARM file being parsed.
| Version =    1.000 Date = 03/22/17 Time = 11:21:28
 NATOM  =    2980 NTYPES =       4 NBONH =    2968 MBONA  =      13
 NTHETH =      20 MTHETA =      16 NPHIH =      42 MPHIA  =      20
 NHPARM =       0 NPARM  =       0 NNB   =    4052 NRES   =     987
 NBONA  =      13 NTHETA =      16 NPHIA =      20 NUMBND =       6
 NUMANG =       6 NPTRA  =       3 NATYP =       5 NPHB   =       1
 IFBOX  =       1 NMXRS  =      22 IFCAP =       0 NEXTRA =       0
 NCOPY  =       0


|     Memory Use     Allocated
|     Real              331892
|     Hollerith           9929
|     Integer            90718
|     Max Pairs         993333
|     nblistReal         35760
|     nblist Int        158140
|       Total             7763 kbytes

| Note: 1-4 EEL scale factors are being read from the topology file.

| Note: 1-4 VDW scale factors are being read from the topology file.
| Duplicated    0 dihedrals
| Duplicated    0 dihedrals

     BOX TYPE: RECTILINEAR

--------------------------------------------------------------------------------
   2.  CONTROL  DATA  FOR  THE  RUN
--------------------------------------------------------------------------------

LIG                                                                             

General flags:
     imin    =       1, nmropt  =       0

Nature and format of input:
     ntx     =       1, irest   =       0, ntrx    =       1

Nature and format of output:
     ntxo    =       1, ntpr    =      20, ntrx    =       1, ntwr    =       1
     iwrap   =       0, ntwx    =       0, ntwv    =       0, ntwe    =      20
     ioutfm  =       1, ntwprt  =       0, idecomp =       0, rbornstat=      0

Potential function:
     ntf     =       1, ntb     =       1, igb     =       0, nsnb    =      25
     ipol    =       0, gbsa    =       0, iesp    =       0
     dielc   =   1.00000, cut     =   8.00000, intdiel =   1.00000

Frozen or restrained atoms:
     ibelly  =       0, ntr     =       1
     restraint_wt =  10.00000

Energy minimization:
     maxcyc  =     100, ncyc    =      10, ntmin   =       1
     dx0     =   0.00000, drms    =   0.00010

Ewald parameters:
     verbose =       0, ew_type =       0, nbflag  =       1, use_pme =       1
     vdwmeth =       1, eedmeth =       1, netfrc  =       0
     Box X =   39.456   Box Y =   34.260   Box Z =   32.993
     Alpha =   90.000   Beta  =   90.000   Gamma =   90.000
     NFFT1 =   40       NFFT2 =   36       NFFT3 =   32
     Cutoff=    8.000   Tol   =0.100E-04
     Ewald Coefficient =  0.34864
     Interpolation order =    4

    LOADING THE CONSTRAINED ATOMS AS GROUPS


   5.  REFERENCE ATOM COORDINATES

  LIG 
     Mask !:WAT,HOH,T3P,T4P,CLP,MOL,LIG; matches     0 atoms

--------------------------------------------------------------------------------
   3.  ATOMIC COORDINATES AND VELOCITIES
--------------------------------------------------------------------------------

LIG                                                                             
 begin time read from input coords =     0.000 ps

 Number of triangulated 3-point waters found:      986

     Sum of charges from parm topology file =   0.00000000
     Forcing neutrality...

--------------------------------------------------------------------------------
   4.  RESULTS
--------------------------------------------------------------------------------

 ---------------------------------------------------
 APPROXIMATING switch and d/dx switch using CUBIC SPLINE INTERPOLATION
 using   5000.0 points per unit in tabled values
 TESTING RELATIVE ERROR over r ranging from 0.0 to cutoff
| CHECK switch(x): max rel err =   0.2738E-14   at   2.422500
| CHECK d/dx switch(x): max rel err =   0.8332E-11   at   2.782960
 ---------------------------------------------------
| Local SIZE OF NONBOND LIST =     445448
| TOTAL SIZE OF NONBOND LIST =     445448


   NSTEP       ENERGY          RMS            GMAX         NAME    NUMBER
      1      -7.9163E+03     1.1886E+01     4.2285E+01     O        2393

 BOND    =        0.1776  ANGLE   =        0.1015  DIHED      =        5.1777
 VDWAALS =      958.1064  EEL     =    -8891.3627  HBOND      =        0.0000
 1-4 VDW =        7.7371  1-4 EEL =        3.7572  RESTRAINT  =        0.0000


   NSTEP       ENERGY          RMS            GMAX         NAME    NUMBER
     20      -8.9827E+03     8.9703E+00     5.6807E+01     O         413

 BOND    =     1201.4723  ANGLE   =        0.2348  DIHED      =        5.3235
 VDWAALS =      993.4371  EEL     =   -11193.6917  HBOND      =        0.0000
 1-4 VDW =        6.8781  1-4 EEL =        3.6199  RESTRAINT  =        0.0000


   NSTEP       ENERGY          RMS            GMAX         NAME    NUMBER
     40      -9.6106E+03     2.8704E+00     2.6448E+01     C           1

 BOND    =      453.1187  ANGLE   =        0.2864  DIHED      =        5.1313
 VDWAALS =      994.0879  EEL     =   -11075.2946  HBOND      =        0.0000
 1-4 VDW =        8.3025  1-4 EEL =        3.7669  RESTRAINT  =        0.0000


   NSTEP       ENERGY          RMS            GMAX         NAME    NUMBER
     60      -1.0039E+04     2.1805E+00     1.9025E+01     H2       1303

 BOND    =      644.5516  ANGLE   =        0.0717  DIHED      =        4.8836
 VDWAALS =     1262.9367  EEL     =   -11962.0286  HBOND      =        0.0000
 1-4 VDW =        7.1022  1-4 EEL =        3.6639  RESTRAINT  =        0.0000


   NSTEP       ENERGY          RMS            GMAX         NAME    NUMBER
     80      -1.0287E+04     1.7943E+00     2.5577E+01     C6          7

 BOND    =      669.1422  ANGLE   =        2.4508  DIHED      =        5.2959
 VDWAALS =     1392.2929  EEL     =   -12366.8214  HBOND      =        0.0000
 1-4 VDW =        6.6872  1-4 EEL =        3.4764  RESTRAINT  =        0.0000


   NSTEP       ENERGY          RMS            GMAX         NAME    NUMBER
    100      -1.0473E+04     1.8203E+00     5.2429E+01     C3          4

 BOND    =      683.4903  ANGLE   =        2.5671  DIHED      =        6.6945
 VDWAALS =     1553.7677  EEL     =   -12730.3907  HBOND      =        0.0000
 1-4 VDW =        6.8739  1-4 EEL =        3.5463  RESTRAINT  =        0.0000


  Maximum number of minimization cycles reached.


                    FINAL RESULTS



   NSTEP       ENERGY          RMS            GMAX         NAME    NUMBER
    100      -1.0473E+04     1.8203E+00     5.2429E+01     C3          4

 BOND    =      683.4903  ANGLE   =        2.5671  DIHED      =        6.6945
 VDWAALS =     1553.7677  EEL     =   -12730.3907  HBOND      =        0.0000
 1-4 VDW =        6.8739  1-4 EEL =        3.5463  RESTRAINT  =        0.0000

--------------------------------------------------------------------------------
   5.  TIMINGS
--------------------------------------------------------------------------------

|    Read coords time           0.00 ( 0.10% of Total)
|                Build the list             0.02 (56.22% of List )
|                Other                      0.01 (43.78% of List )
|             List time                  0.03 ( 1.82% of Nonbo)
|                   Short_ene time             1.13 (99.06% of Direc)
|                   Other                      0.01 ( 0.94% of Direc)
|                Direct Ewald time          1.14 (77.55% of Ewald)
|                Adjust Ewald time          0.01 ( 0.74% of Ewald)
|                Self Ewald time            0.00 ( 0.01% of Ewald)
|                   Fill Bspline coeffs        0.01 ( 3.77% of Recip)
|                   Fill charge grid           0.03 (10.49% of Recip)
|                   Scalar sum                 0.07 (21.49% of Recip)
|                   Grad sum                   0.07 (21.45% of Recip)
|                   FFT time                   0.14 (42.74% of Recip)
|                   Other                      0.00 ( 0.06% of Recip)
|                Recip Ewald time           0.32 (21.53% of Ewald)
|                Virial junk                0.00 ( 0.11% of Ewald)
|                Start synchronizatio       0.00 ( 0.01% of Ewald)
|                Other                      0.00 ( 0.05% of Ewald)
|             Ewald time                 1.47 (98.15% of Nonbo)
|             Other                      0.00 ( 0.02% of Nonbo)
|          Nonbond force              1.50 (99.50% of Force)
|          Bond/Angle/Dihedral        0.01 ( 0.46% of Force)
|          Other                      0.00 ( 0.04% of Force)
|       Force time                 1.51 (100.0% of Runmd)
|    Runmd Time                 1.51 (73.06% of Total)
|    Other                      0.55 (26.83% of Total)
| Total time                 2.07 (100.0% of ALL  )

| Number of list builds   :          1

| Highest rstack allocated:     186490
| Highest istack allocated:       2980
|           Job began  at 11:21:28.513  on 03/22/2017
|           Setup done at 11:21:28.542  on 03/22/2017
|           Run   done at 11:21:30.579  on 03/22/2017
|     wallclock() was called    3850 times
