            --------------------------------------------------------
                             AMBER SQM VERSION 14
 
                                     By
              Ross C. Walker, Michael F. Crowley, Scott Brozell,
                         Tim Giese, Andreas W. Goetz,
                        Tai-Sung Lee and David A. Case
 
            --------------------------------------------------------
 

--------------------------------------------------------------------------------
  QM CALCULATION INFO
--------------------------------------------------------------------------------

| QMMM: Citation for AMBER QMMM Run:
| QMMM: R.C. Walker, M.F. Crowley and D.A. Case, J. COMP. CHEM. 29:1019, 2008

QMMM: SINGLET STATE CALCULATION
QMMM: RHF CALCULATION, NO. OF DOUBLY OCCUPIED LEVELS = 32

| QMMM: *** Selected Hamiltonian *** 
| QMMM: AM1         

| QMMM: *** Parameter sets in use ***
| QMMM: C : M.J.S.DEWAR et al. JACS, 107, 3902, (1985)
| QMMM: H : M.J.S.DEWAR et al. JACS, 107, 3902, (1985)

| QMMM: *** SCF convergence criteria ***
| QMMM: Energy change                :  0.1D-09 kcal/mol
| QMMM: Error matrix |FP-PF|         :  0.1D+00 au
| QMMM: Density matrix change        :  0.5D-06
| QMMM: Maximum number of SCF cycles :     1000

| QMMM: *** Diagonalization Routine Information ***
| QMMM: Pseudo diagonalizations are allowed.
| QMMM: Auto diagonalization routine selection is in use.
| QMMM:
| QMMM: Timing diagonalization routines:
| QMMM:                              norbs =       64
| QMMM:    diag iterations used for timing =       15
| QMMM:
| QMMM:              Internal diag routine = 0.016582 seconds
| QMMM:                 Dspev diag routine = 0.012373 seconds
| QMMM:                Dspevd diag routine = 0.010015 seconds
| QMMM:                Dspevx diag routine = 0.038124 seconds
| QMMM:                 Dsyev diag routine = 0.013127 seconds
| QMMM:                Dsyevd diag routine = 0.011802 seconds
| QMMM:                Dsyevr diag routine = 0.011675 seconds
| QMMM:
| QMMM:                Pseudo diag routine = 0.004131 seconds
| QMMM:
| QMMM: Using dspevd routine (diag_routine=3).

  QMMM: QM Region Cartesian Coordinates (*=link atom) 
  QMMM: QM_NO.   MM_NO.  ATOM         X         Y         Z
  QMMM:     1        1      C        0.6350   -1.7010    3.0400
  QMMM:     2        2      C       -0.8620   -1.4630    3.3540
  QMMM:     3        3      C       -0.6140    0.9640    2.7420
  QMMM:     4        4      C        0.8680    0.7590    2.3580
  QMMM:     5        5      C        1.2350   -0.6990    2.0370
  QMMM:     6        6      C       -1.5040   -0.2900    2.5760
  QMMM:     7        7      C       -2.6520   -1.0510   -1.5770
  QMMM:     8        8      C       -2.9040    0.1970   -0.9780
  QMMM:     9        9      C       -2.5310    0.4260    0.3600
  QMMM:    10       10      C       -1.8890   -0.5820    1.1170
  QMMM:    11       11      C       -1.6490   -1.8360    0.5040
  QMMM:    12       12      C       -2.0260   -2.0670   -0.8330
  QMMM:    13       13      H        1.2040   -1.6550    3.9700
  QMMM:    14       14      H        0.7750   -2.7130    2.6600
  QMMM:    15       15      H       -1.4430   -2.3790    3.2430
  QMMM:    16       16      H       -1.0260    1.8240    2.2160
  QMMM:    17       17      H        1.1110    1.3830    1.4970
  QMMM:    18       18      H        1.4990    1.1200    3.1720
  QMMM:    19       19      H        2.3190   -0.8090    2.0000
  QMMM:    20       20      H        0.8860   -0.9360    1.0310
  QMMM:    21       21      H       -2.4560   -0.0750    3.0670
  QMMM:    22       22      H       -0.9300   -1.2270    4.4170
  QMMM:    23       23      H       -0.6400    1.2480    3.7950
  QMMM:    24       24      H       -2.9370   -1.2280   -2.6040
  QMMM:    25       25      H       -3.3840    0.9800   -1.5470
  QMMM:    26       26      H       -2.7430    1.3870    0.8030
  QMMM:    27       27      H       -1.1670   -2.6380    1.0410
  QMMM:    28       28      H       -1.8310   -3.0270   -1.2900

--------------------------------------------------------------------------------
  RESULTS
--------------------------------------------------------------------------------

      iter         sqm energy              rms gradient
      ----    -------------------    -----------------------
xmin    10       -2.6411 kcal/mol        1.1286 kcal/(mol*A)
xmin    20       -2.8022 kcal/mol        0.4787 kcal/(mol*A)
xmin    30       -2.8514 kcal/mol        0.0793 kcal/(mol*A)
xmin    40       -2.8873 kcal/mol        0.2118 kcal/(mol*A)
xmin    50       -2.8984 kcal/mol        0.1354 kcal/(mol*A)
xmin    60       -2.9124 kcal/mol        0.3950 kcal/(mol*A)
xmin    70       -2.9543 kcal/mol        0.2105 kcal/(mol*A)
xmin    80       -2.9803 kcal/mol        0.1906 kcal/(mol*A)
xmin    90       -3.0080 kcal/mol        0.0887 kcal/(mol*A)
xmin   100       -3.0512 kcal/mol        0.2830 kcal/(mol*A)
xmin   110       -3.0670 kcal/mol        0.0774 kcal/(mol*A)
xmin   120       -3.0759 kcal/mol        0.0588 kcal/(mol*A)
xmin   130       -3.0802 kcal/mol        0.0414 kcal/(mol*A)
xmin   140       -3.0871 kcal/mol        0.0358 kcal/(mol*A)
xmin   150       -3.0909 kcal/mol        0.0750 kcal/(mol*A)
xmin   160       -3.0932 kcal/mol        0.0368 kcal/(mol*A)
xmin   170       -3.0954 kcal/mol        0.0252 kcal/(mol*A)
xmin   180       -3.0967 kcal/mol        0.1089 kcal/(mol*A)
xmin   190       -3.0978 kcal/mol        0.0089 kcal/(mol*A)
xmin   200       -3.0985 kcal/mol        0.0781 kcal/(mol*A)
xmin   210       -3.0995 kcal/mol        0.0385 kcal/(mol*A)
xmin   220       -3.1001 kcal/mol        0.0648 kcal/(mol*A)
xmin   230       -3.1005 kcal/mol        0.0073 kcal/(mol*A)
xmin   240       -3.1010 kcal/mol        0.0203 kcal/(mol*A)
xmin   250       -3.1012 kcal/mol        0.0126 kcal/(mol*A)
xmin   260       -3.1015 kcal/mol        0.0299 kcal/(mol*A)
xmin   270       -3.1019 kcal/mol        0.0212 kcal/(mol*A)
xmin   280       -3.1021 kcal/mol        0.0087 kcal/(mol*A)
xmin   290       -3.1023 kcal/mol        0.0328 kcal/(mol*A)
xmin   300       -3.1025 kcal/mol        0.0154 kcal/(mol*A)
xmin   310       -3.1026 kcal/mol        0.0170 kcal/(mol*A)
xmin   320       -3.1028 kcal/mol        0.0100 kcal/(mol*A)
xmin   330       -3.1029 kcal/mol        0.0034 kcal/(mol*A)
xmin   340       -3.1031 kcal/mol        0.0378 kcal/(mol*A)
xmin   350       -3.1032 kcal/mol        0.0095 kcal/(mol*A)
xmin   360       -3.1034 kcal/mol        0.0095 kcal/(mol*A)
xmin   370       -3.1035 kcal/mol        0.0063 kcal/(mol*A)
xmin   380       -3.1038 kcal/mol        0.0075 kcal/(mol*A)
xmin   390       -3.1042 kcal/mol        0.0300 kcal/(mol*A)
xmin   400       -3.1048 kcal/mol        0.0167 kcal/(mol*A)
xmin   410       -3.1056 kcal/mol        0.0246 kcal/(mol*A)
xmin   420       -3.1126 kcal/mol        0.0929 kcal/(mol*A)
xmin   430       -3.1226 kcal/mol        0.4079 kcal/(mol*A)
xmin   440       -3.1581 kcal/mol        0.4063 kcal/(mol*A)
xmin   450       -3.2504 kcal/mol        0.3472 kcal/(mol*A)
xmin   460       -3.5364 kcal/mol        0.6270 kcal/(mol*A)
xmin   470       -3.6648 kcal/mol        0.4744 kcal/(mol*A)
xmin   480       -3.8762 kcal/mol        1.0031 kcal/(mol*A)
xmin   490       -4.1324 kcal/mol        0.3025 kcal/(mol*A)
xmin   500       -4.3073 kcal/mol        0.5629 kcal/(mol*A)
xmin   510       -4.5548 kcal/mol        0.3174 kcal/(mol*A)
xmin   520       -4.7734 kcal/mol        0.8269 kcal/(mol*A)
xmin   530       -5.0780 kcal/mol        0.8493 kcal/(mol*A)
xmin   540       -5.3049 kcal/mol        0.5725 kcal/(mol*A)
xmin   550       -5.5490 kcal/mol        0.5620 kcal/(mol*A)
xmin   560       -5.6483 kcal/mol        0.4067 kcal/(mol*A)
xmin   570       -5.7763 kcal/mol        0.4741 kcal/(mol*A)
xmin   580       -5.8876 kcal/mol        0.4660 kcal/(mol*A)
xmin   590       -5.9733 kcal/mol        0.3392 kcal/(mol*A)
xmin   600       -6.0234 kcal/mol        0.3031 kcal/(mol*A)
xmin   610       -6.0885 kcal/mol        0.1422 kcal/(mol*A)
xmin   620       -6.1205 kcal/mol        0.0719 kcal/(mol*A)
xmin   630       -6.1397 kcal/mol        0.2063 kcal/(mol*A)
xmin   640       -6.1473 kcal/mol        0.1592 kcal/(mol*A)
xmin   650       -6.1552 kcal/mol        0.0656 kcal/(mol*A)
xmin   660       -6.1576 kcal/mol        0.0507 kcal/(mol*A)
xmin   670       -6.1584 kcal/mol        0.0876 kcal/(mol*A)
xmin   680       -6.1592 kcal/mol        0.0217 kcal/(mol*A)
xmin   690       -6.1598 kcal/mol        0.0468 kcal/(mol*A)
xmin   700       -6.1599 kcal/mol        0.0143 kcal/(mol*A)
xmin   710       -6.1601 kcal/mol        0.0147 kcal/(mol*A)
xmin   720       -6.1601 kcal/mol        0.0081 kcal/(mol*A)
xmin   730       -6.1602 kcal/mol        0.0064 kcal/(mol*A)
xmin   740       -6.1602 kcal/mol        0.0040 kcal/(mol*A)
xmin   750       -6.1602 kcal/mol        0.0024 kcal/(mol*A)
xmin   760       -6.1602 kcal/mol        0.0039 kcal/(mol*A)
xmin   770       -6.1602 kcal/mol        0.0051 kcal/(mol*A)
  ... geometry converged !
 
 Final MO eigenvalues (eV):
 -40.2356  -38.2200  -33.3346  -31.5177  -31.2482  -29.3782  -24.3614  -23.8856
 -23.1158  -21.6102  -18.7633  -17.6175  -16.8420  -16.3862  -15.7870  -15.3375
 -14.7357  -14.0939  -13.7839  -13.7226  -13.1042  -12.9339  -12.8965  -12.4703
 -12.1957  -12.0605  -11.7400  -11.0092  -10.9854  -10.7501   -9.6023   -9.3526
   0.5384    0.6186    2.9467    3.5285    3.7519    3.7920    4.0201    4.0443
   4.0933    4.1839    4.2168    4.3402    4.3763    4.4427    4.5618    4.5867
   4.6543    4.7231    4.7796    4.9175    5.0474    5.1236    5.1682    5.2382
   5.2887    5.3387    5.3551    5.3729    5.6684    5.7048    5.8324    6.1858


 Heat of formation   =         -6.16019639 kcal/mol  (       -0.26712616 eV)

 Total SCF energy    =     -40529.07655035 kcal/mol  (    -1757.47263997 eV)
 Electronic energy   =    -242579.65758656 kcal/mol  (   -10519.04330196 eV)
 Core-core repulsion =     202050.58103621 kcal/mol  (     8761.57066199 eV)
 
    Atomic Charges for Step       1 :
  Atom    Element       Mulliken Charge
     1      C                 -0.153
     2      C                 -0.150
     3      C                 -0.148
     4      C                 -0.154
     5      C                 -0.154
     6      C                 -0.065
     7      C                 -0.133
     8      C                 -0.129
     9      C                 -0.128
    10      C                 -0.066
    11      C                 -0.127
    12      C                 -0.129
    13      H                  0.078
    14      H                  0.077
    15      H                  0.087
    16      H                  0.085
    17      H                  0.079
    18      H                  0.077
    19      H                  0.077
    20      H                  0.076
    21      H                  0.088
    22      H                  0.079
    23      H                  0.082
    24      H                  0.130
    25      H                  0.130
    26      H                  0.130
    27      H                  0.133
    28      H                  0.130
 Total Mulliken Charge =       0.000
 
                  X        Y        Z     TOTAL  
  QM DIPOLE     0.206    0.020    0.164    0.264
 
 Final Structure

  QMMM: QM Region Cartesian Coordinates (*=link atom) 
  QMMM: QM_NO.   MM_NO.  ATOM         X         Y         Z
  QMMM:     1        1      C        0.7611   -1.6771    2.8608
  QMMM:     2        2      C       -0.6988   -1.2953    2.9774
  QMMM:     3        3      C        0.1622    0.6208    1.5747
  QMMM:     4        4      C        1.1967    0.7988    2.6645
  QMMM:     5        5      C        1.6840   -0.5288    3.2142
  QMMM:     6        6      C       -1.0748   -0.0984    2.1042
  QMMM:     7        7      C       -3.6595   -1.2072   -1.1485
  QMMM:     8        8      C       -4.0401   -0.2028   -0.2597
  QMMM:     9        9      C       -3.2016    0.1540    0.7957
  QMMM:    10       10      C       -1.9721   -0.4916    0.9725
  QMMM:    11       11      C       -1.5971   -1.5002    0.0760
  QMMM:    12       12      C       -2.4360   -1.8554   -0.9782
  QMMM:    13       13      H        0.9715   -2.5455    3.5391
  QMMM:    14       14      H        0.9730   -2.0179    1.8124
  QMMM:    15       15      H       -1.3326   -2.1799    2.7060
  QMMM:    16       16      H        0.6039    0.0368    0.7250
  QMMM:    17       17      H        2.0645    1.3818    2.2593
  QMMM:    18       18      H        0.7504    1.4074    3.4951
  QMMM:    19       19      H        1.7769   -0.4540    4.3296
  QMMM:    20       20      H        2.7085   -0.7523    2.8159
  QMMM:    21       21      H       -1.6346    0.6321    2.7589
  QMMM:    22       22      H       -0.9221   -1.0437    4.0479
  QMMM:    23       23      H       -0.1390    1.6226    1.1717
  QMMM:    24       24      H       -4.3212   -1.4879   -1.9805
  QMMM:    25       25      H       -5.0041    0.3104   -0.3897
  QMMM:    26       26      H       -3.5099    0.9476    1.4927
  QMMM:    27       27      H       -0.6330   -2.0138    0.2108
  QMMM:    28       28      H       -2.1321   -2.6485   -1.6768

           --------- Calculation Completed ----------

