
          -------------------------------------------------------
          Amber 16 SANDER                              2016
          -------------------------------------------------------

| Run on 03/23/2017 at 17:50:01

|   Executable path: sander
| Working directory: /home/steboss/Simulation/logP_standrews/inputfiles/d_236difluoro/water/equilibration
|          Hostname: Unknown
  [-O]verwriting output

File Assignments:
|  MDIN: md00004.in                                                            
| MDOUT: md00004.out                                                           
|INPCRD: md00003.rst7                                                          
|  PARM: solvated.parm7                                                        
|RESTRT: md00004.rst7                                                          
|  REFC: solvated.rst7                                                         
| MDVEL: mdvel                                                                 
| MDFRC: mdfrc                                                                 
|  MDEN: md00004.en                                                            
| MDCRD: md00004.nc                                                            
|MDINFO: md00004.info                                                          
|  MTMD: mtmd                                                                  
|INPDIP: inpdip                                                                
|RSTDIP: rstdip                                                                
|INPTRA: inptraj                                                               


 Here is the input file:

md with sander                                                                 
&cntrl                                                                         
ntxo=1,                                                                        
imin = 0, nstlim = 15000, irest = 1, ntx = 5, dt = 0.002,                      
ntt = 1, temp0 = 298.0, tautp = 1.0,                                           
ntp = 1, pres0 = 1.0, taup = 0.5,                                              
ntb = 2,                                                                       
ntc = 2, ntf = 2,                                                              
ioutfm = 1, iwrap = 1,                                                         
ntwe = 3000, ntwx = 3000, ntpr = 1500,                                         
ntr = 1, restraint_wt = 10.00,                                                 
restraintmask="!:WAT,HOH,T3P,T4P",                                             
/                                                                              
                                                                               

--------------------------------------------------------------------------------
   1.  RESOURCE   USE: 
--------------------------------------------------------------------------------

| Flags:                                                                        
 getting new box info from bottom of inpcrd
|  INFO: Old style inpcrd file read

| peek_ewald_inpcrd: Box info found
|Largest sphere to fit in unit cell has radius =    17.634
| New format PARM file being parsed.
| Version =    1.000 Date = 03/23/17 Time = 17:48:21
 NATOM  =    3337 NTYPES =       8 NBONH =    3322 MBONA  =      16
 NTHETH =      32 MTHETA =      22 NPHIH =      68 MPHIA  =      43
 NHPARM =       0 NPARM  =       0 NNB   =    4576 NRES   =    1104
 NBONA  =      16 NTHETA =      22 NPHIA =      43 NUMBND =       9
 NUMANG =      11 NPTRA  =      12 NATYP =       8 NPHB   =       1
 IFBOX  =       1 NMXRS  =      28 IFCAP =       0 NEXTRA =       0
 NCOPY  =       0


|     Memory Use     Allocated
|     Real              320978
|     Hollerith          11117
|     Integer           101223
|     Max Pairs        1112333
|     nblistReal         40044
|     nblist Int        176440
|       Total             8293 kbytes

| Note: 1-4 EEL scale factors are being read from the topology file.

| Note: 1-4 VDW scale factors are being read from the topology file.
| Duplicated    0 dihedrals
| Duplicated    0 dihedrals

     BOX TYPE: RECTILINEAR

--------------------------------------------------------------------------------
   2.  CONTROL  DATA  FOR  THE  RUN
--------------------------------------------------------------------------------

LIG                                                                             

General flags:
     imin    =       0, nmropt  =       0

Nature and format of input:
     ntx     =       5, irest   =       1, ntrx    =       1

Nature and format of output:
     ntxo    =       1, ntpr    =    1500, ntrx    =       1, ntwr    =   15000
     iwrap   =       1, ntwx    =    3000, ntwv    =       0, ntwe    =    3000
     ioutfm  =       1, ntwprt  =       0, idecomp =       0, rbornstat=      0

Potential function:
     ntf     =       2, ntb     =       2, igb     =       0, nsnb    =      25
     ipol    =       0, gbsa    =       0, iesp    =       0
     dielc   =   1.00000, cut     =   8.00000, intdiel =   1.00000

Frozen or restrained atoms:
     ibelly  =       0, ntr     =       1
     restraint_wt =  10.00000

Molecular dynamics:
     nstlim  =     15000, nscm    =         0, nrespa  =         1
     t       =   0.00000, dt      =   0.00200, vlimit  =  20.00000

Berendsen (weak-coupling) temperature regulation:
     temp0   = 298.00000, tempi   =   0.00000, tautp   =   1.00000

Pressure regulation:
     ntp     =       1
     pres0   =   1.00000, comp    =  44.60000, taup    =   0.50000

SHAKE:
     ntc     =       2, jfastw  =       0
     tol     =   0.00001

Ewald parameters:
     verbose =       0, ew_type =       0, nbflag  =       1, use_pme =       1
     vdwmeth =       1, eedmeth =       1, netfrc  =       1
     Box X =   36.005   Box Y =   35.267   Box Z =   38.379
     Alpha =   90.000   Beta  =   90.000   Gamma =   90.000
     NFFT1 =   36       NFFT2 =   36       NFFT3 =   40
     Cutoff=    8.000   Tol   =0.100E-04
     Ewald Coefficient =  0.34864
     Interpolation order =    4

    LOADING THE CONSTRAINED ATOMS AS GROUPS


   5.  REFERENCE ATOM COORDINATES

  LIG 
     Mask !:WAT,HOH,T3P,T4P; matches    28 atoms

--------------------------------------------------------------------------------
   3.  ATOMIC COORDINATES AND VELOCITIES
--------------------------------------------------------------------------------

LIG                                                                             
 begin time read from input coords =    10.000 ps

 Number of triangulated 3-point waters found:     1103

     Sum of charges from parm topology file =   0.00200000
     Forcing neutrality...

--------------------------------------------------------------------------------
   4.  RESULTS
--------------------------------------------------------------------------------

|  # of SOLUTE  degrees of freedom (RNDFP):    6689.
|  # of SOLVENT degrees of freedom (RNDFS):       0.
|  NDFMIN =    6689.     NUM_NOSHAKE =      0     CORRECTED RNDFP =    6689.
|  TOTAL # of degrees of freedom (RNDF) =    6689.
 ---------------------------------------------------
 APPROXIMATING switch and d/dx switch using CUBIC SPLINE INTERPOLATION
 using   5000.0 points per unit in tabled values
 TESTING RELATIVE ERROR over r ranging from 0.0 to cutoff
| CHECK switch(x): max rel err =   0.2738E-14   at   2.422500
| CHECK d/dx switch(x): max rel err =   0.8332E-11   at   2.782960
 ---------------------------------------------------
| Local SIZE OF NONBOND LIST =     556560
| TOTAL SIZE OF NONBOND LIST =     556560

 NSTEP =     1500   TIME(PS) =      13.000  TEMP(K) =   292.99  PRESS =  -557.3
 Etot   =     -8265.2451  EKtot   =      1947.2499  EPtot      =    -10212.4950
 BOND   =         4.4765  ANGLE   =        11.8633  DIHED      =         5.7118
 1-4 NB =         7.2042  1-4 EEL =        -0.0042  VDWAALS    =      1512.5051
 EELEC  =    -11761.3122  EHBOND  =         0.0000  RESTRAINT  =         7.0603
 EAMBER (non-restraint)  =    -10219.5554
 EKCMT  =       971.3134  VIRIAL  =      1506.5979  VOLUME     =     44488.6863
                                                    Density    =         0.7497
 Ewald error estimate:   0.2584E-03
 ------------------------------------------------------------------------------


 NSTEP =     3000   TIME(PS) =      16.000  TEMP(K) =   291.74  PRESS =  -548.2
 Etot   =     -8314.3986  EKtot   =      1938.9708  EPtot      =    -10253.3694
 BOND   =         6.5528  ANGLE   =        11.7536  DIHED      =         7.7799
 1-4 NB =         9.2315  1-4 EEL =        -0.0922  VDWAALS    =      1542.1795
 EELEC  =    -11841.1214  EHBOND  =         0.0000  RESTRAINT  =        10.3469
 EAMBER (non-restraint)  =    -10263.7162
 EKCMT  =       959.7869  VIRIAL  =      1443.7259  VOLUME     =     40888.7474
                                                    Density    =         0.8157
 Ewald error estimate:   0.3551E-03
 ------------------------------------------------------------------------------


 NSTEP =     4500   TIME(PS) =      19.000  TEMP(K) =   299.22  PRESS =  -392.1
 Etot   =     -8400.0863  EKtot   =      1988.6664  EPtot      =    -10388.7527
 BOND   =         8.9704  ANGLE   =         9.9767  DIHED      =         6.0002
 1-4 NB =         8.5422  1-4 EEL =        -0.7000  VDWAALS    =      1541.8752
 EELEC  =    -11967.3542  EHBOND  =         0.0000  RESTRAINT  =         3.9367
 EAMBER (non-restraint)  =    -10392.6894
 EKCMT  =       978.2357  VIRIAL  =      1290.1437  VOLUME     =     36842.7625
                                                    Density    =         0.9053
 Ewald error estimate:   0.1598E-03
 ------------------------------------------------------------------------------


 NSTEP =     6000   TIME(PS) =      22.000  TEMP(K) =   295.72  PRESS =  -259.7
 Etot   =     -8452.5622  EKtot   =      1965.4285  EPtot      =    -10417.9907
 BOND   =        10.0986  ANGLE   =         9.7725  DIHED      =         4.8519
 1-4 NB =         7.2378  1-4 EEL =        -0.6280  VDWAALS    =      1535.8369
 EELEC  =    -11991.9179  EHBOND  =         0.0000  RESTRAINT  =         6.7576
 EAMBER (non-restraint)  =    -10424.7482
 EKCMT  =       993.6639  VIRIAL  =      1188.0788  VOLUME     =     34676.7728
                                                    Density    =         0.9619
 Ewald error estimate:   0.6017E-04
 ------------------------------------------------------------------------------


 NSTEP =     7500   TIME(PS) =      25.000  TEMP(K) =   296.16  PRESS =   294.4
 Etot   =     -8495.1807  EKtot   =      1968.3081  EPtot      =    -10463.4889
 BOND   =         5.8312  ANGLE   =        13.7260  DIHED      =         5.3861
 1-4 NB =         7.8434  1-4 EEL =        -0.4752  VDWAALS    =      1605.6581
 EELEC  =    -12106.0152  EHBOND  =         0.0000  RESTRAINT  =         4.5567
 EAMBER (non-restraint)  =    -10468.0455
 EKCMT  =       972.4916  VIRIAL  =       757.6899  VOLUME     =     33793.6776
                                                    Density    =         0.9870
 Ewald error estimate:   0.2109E-03
 ------------------------------------------------------------------------------


 NSTEP =     9000   TIME(PS) =      28.000  TEMP(K) =   297.96  PRESS =    73.7
 Etot   =     -8548.1109  EKtot   =      1980.2866  EPtot      =    -10528.3975
 BOND   =         7.6652  ANGLE   =        10.6861  DIHED      =         6.6917
 1-4 NB =         8.0936  1-4 EEL =        -0.1211  VDWAALS    =      1573.8661
 EELEC  =    -12144.3083  EHBOND  =         0.0000  RESTRAINT  =         9.0291
 EAMBER (non-restraint)  =    -10537.4266
 EKCMT  =      1006.6502  VIRIAL  =       953.1113  VOLUME     =     33649.3984
                                                    Density    =         0.9912
 Ewald error estimate:   0.3537E-04
 ------------------------------------------------------------------------------


 NSTEP =    10500   TIME(PS) =      31.000  TEMP(K) =   295.98  PRESS =    64.6
 Etot   =     -8550.7141  EKtot   =      1967.1008  EPtot      =    -10517.8149
 BOND   =         6.1271  ANGLE   =        12.1652  DIHED      =         6.4268
 1-4 NB =         7.7698  1-4 EEL =         0.1065  VDWAALS    =      1559.1728
 EELEC  =    -12114.5179  EHBOND  =         0.0000  RESTRAINT  =         4.9349
 EAMBER (non-restraint)  =    -10522.7498
 EKCMT  =       967.8537  VIRIAL  =       921.1994  VOLUME     =     33468.9141
                                                    Density    =         0.9966
 Ewald error estimate:   0.2529E-03
 ------------------------------------------------------------------------------


 NSTEP =    12000   TIME(PS) =      34.000  TEMP(K) =   292.89  PRESS =   209.4
 Etot   =     -8556.5415  EKtot   =      1946.6205  EPtot      =    -10503.1620
 BOND   =         3.6011  ANGLE   =        12.0741  DIHED      =         7.0418
 1-4 NB =         7.9571  1-4 EEL =        -0.3360  VDWAALS    =      1599.6138
 EELEC  =    -12137.3965  EHBOND  =         0.0000  RESTRAINT  =         4.2827
 EAMBER (non-restraint)  =    -10507.4447
 EKCMT  =       969.3729  VIRIAL  =       816.5201  VOLUME     =     33803.5481
                                                    Density    =         0.9867
 Ewald error estimate:   0.6643E-04
 ------------------------------------------------------------------------------


 NSTEP =    13500   TIME(PS) =      37.000  TEMP(K) =   302.34  PRESS =   -62.8
 Etot   =     -8547.3933  EKtot   =      2009.3870  EPtot      =    -10556.7803
 BOND   =         6.1820  ANGLE   =         8.7177  DIHED      =         6.5522
 1-4 NB =         8.0780  1-4 EEL =        -0.3578  VDWAALS    =      1560.9905
 EELEC  =    -12153.9083  EHBOND  =         0.0000  RESTRAINT  =         6.9654
 EAMBER (non-restraint)  =    -10563.7457
 EKCMT  =      1031.7812  VIRIAL  =      1077.6706  VOLUME     =     33844.9977
                                                    Density    =         0.9855
 Ewald error estimate:   0.1545E-03
 ------------------------------------------------------------------------------


 NSTEP =    15000   TIME(PS) =      40.000  TEMP(K) =   293.61  PRESS =   -51.8
 Etot   =     -8563.5278  EKtot   =      1951.3668  EPtot      =    -10514.8945
 BOND   =         4.3255  ANGLE   =         9.9363  DIHED      =         9.1996
 1-4 NB =         7.5929  1-4 EEL =        -0.8160  VDWAALS    =      1526.4260
 EELEC  =    -12080.0580  EHBOND  =         0.0000  RESTRAINT  =         8.4993
 EAMBER (non-restraint)  =    -10523.3938
 EKCMT  =       985.7194  VIRIAL  =      1023.2038  VOLUME     =     33489.7104
                                                    Density    =         0.9959
 Ewald error estimate:   0.2120E-03
 ------------------------------------------------------------------------------


      A V E R A G E S   O V E R   15000 S T E P S


 NSTEP =    15000   TIME(PS) =      40.000  TEMP(K) =   297.80  PRESS =  -139.2
 Etot   =     -8454.1125  EKtot   =      1979.2370  EPtot      =    -10433.3495
 BOND   =         5.8332  ANGLE   =        11.5470  DIHED      =         6.7456
 1-4 NB =         8.2373  1-4 EEL =        -0.3970  VDWAALS    =      1561.6078
 EELEC  =    -12032.2692  EHBOND  =         0.0000  RESTRAINT  =         5.3458
 EAMBER (non-restraint)  =    -10438.6953
 EKCMT  =       986.8892  VIRIAL  =      1109.0883  VOLUME     =     36622.6752
                                                    Density    =         0.9223
 Ewald error estimate:   0.1628E-03
 ------------------------------------------------------------------------------


      R M S  F L U C T U A T I O N S


 NSTEP =    15000   TIME(PS) =      40.000  TEMP(K) =     4.30  PRESS =   283.3
 Etot   =       115.9604  EKtot   =        28.5500  EPtot      =       124.0173
 BOND   =         1.7958  ANGLE   =         2.1029  DIHED      =         1.0391
 1-4 NB =         0.7567  1-4 EEL =         0.2909  VDWAALS    =        39.2612
 EELEC  =       128.8285  EHBOND  =         0.0000  RESTRAINT  =         1.4391
 EAMBER (non-restraint)  =       122.5783
 EKCMT  =        23.1841  VIRIAL  =       237.6624  VOLUME     =      4411.6377
                                                    Density    =         0.0966
 Ewald error estimate:   0.1219E-03
 ------------------------------------------------------------------------------


--------------------------------------------------------------------------------
   5.  TIMINGS
--------------------------------------------------------------------------------

|                Build the list            34.27 (99.02% of List )
|                Other                      0.34 ( 0.98% of List )
|             List time                 34.61 ( 8.48% of Nonbo)
|                   Short_ene time           294.09 (99.12% of Direc)
|                   Other                      2.60 ( 0.88% of Direc)
|                Direct Ewald time        296.69 (79.43% of Ewald)
|                Adjust Ewald time          2.31 ( 0.62% of Ewald)
|                Self Ewald time            0.02 ( 0.01% of Ewald)
|                   Fill Bspline coeffs        2.76 ( 3.74% of Recip)
|                   Fill charge grid           7.59 (10.27% of Recip)
|                   Scalar sum                14.42 (19.50% of Recip)
|                   Grad sum                  16.01 (21.65% of Recip)
|                   FFT time                  33.13 (44.80% of Recip)
|                   Other                      0.03 ( 0.03% of Recip)
|                Recip Ewald time          73.95 (19.80% of Ewald)
|                Force Adjust               0.09 ( 0.02% of Ewald)
|                Virial junk                0.34 ( 0.09% of Ewald)
|                Other                      0.13 ( 0.03% of Ewald)
|             Ewald time               373.54 (91.51% of Nonbo)
|             Other                      0.05 ( 0.01% of Nonbo)
|          Nonbond force            408.21 (99.80% of Force)
|          Bond/Angle/Dihedral        0.69 ( 0.17% of Force)
|          Other                      0.11 ( 0.03% of Force)
|       Force time               409.01 (98.51% of Runmd)
|       Shake time                 2.53 ( 0.61% of Runmd)
|       Verlet update time         2.75 ( 0.66% of Runmd)
|       Ekcmr time                 0.43 ( 0.10% of Runmd)
|       Other                      0.48 ( 0.12% of Runmd)
|    Runmd Time               415.20 (100.0% of Total)
|    Other                      0.04 ( 0.01% of Total)
| Total time               415.24 (100.0% of ALL  )

| Number of list builds   :       1408

| Highest rstack allocated:     210177
| Highest istack allocated:       3337

| Final Performance Info:
| -----------------------------------------------------
| Average timings for all steps:
|     Elapsed(s) =     415.20 Per Step(ms) =      27.68
|         ns/day =       6.24   seconds/ns =   13840.13
| -----------------------------------------------------

|           Job began  at 17:50:01.918  on 03/23/2017
|           Setup done at 17:50:01.959  on 03/23/2017
|           Run   done at 17:56:57.163  on 03/23/2017
|     wallclock() was called  692839 times
