
          -------------------------------------------------------
          Amber 16 SANDER                              2016
          -------------------------------------------------------

| Run on 03/22/2017 at 11:41:08

|   Executable path: sander
| Working directory: /home/steboss/Simulation/logP_standrews/d_236difluoro/water/equilibration
|          Hostname: Unknown
  [-O]verwriting output

File Assignments:
|  MDIN: md00003.in                                                            
| MDOUT: md00003.out                                                           
|INPCRD: md00002.rst7                                                          
|  PARM: solvated.parm7                                                        
|RESTRT: md00003.rst7                                                          
|  REFC: solvated.rst7                                                         
| MDVEL: mdvel                                                                 
| MDFRC: mdfrc                                                                 
|  MDEN: md00003.en                                                            
| MDCRD: md00003.nc                                                            
|MDINFO: md00003.info                                                          
|  MTMD: mtmd                                                                  
|INPDIP: inpdip                                                                
|RSTDIP: rstdip                                                                
|INPTRA: inptraj                                                               


 Here is the input file:

constant temperature                                                           
&cntrl                                                                         
ntxo=1,                                                                        
imin = 0, nstlim = 4000, irest = 1, ntx = 5, dt = 0.002,                       
ntt = 1, temp0 = 300.0, tautp = 1.0,                                           
ntb = 1,                                                                       
ntc = 2, ntf = 2,                                                              
ioutfm = 1, iwrap = 1,                                                         
ntwe = 800, ntwx = 800, ntpr = 400,                                            
ntr = 1, restraint_wt = 10.00,                                                 
restraintmask="!:WAT,HOH,T3P,T4P",                                             
/                                                                              
                                                                               

--------------------------------------------------------------------------------
   1.  RESOURCE   USE: 
--------------------------------------------------------------------------------

| Flags:                                                                        
 getting new box info from bottom of inpcrd
|  INFO: Old style inpcrd file read

| peek_ewald_inpcrd: Box info found
|Largest sphere to fit in unit cell has radius =    17.718
| New format PARM file being parsed.
| Version =    1.000 Date = 03/22/17 Time = 11:40:47
 NATOM  =    3277 NTYPES =       8 NBONH =    3262 MBONA  =      16
 NTHETH =      32 MTHETA =      22 NPHIH =      68 MPHIA  =      43
 NHPARM =       0 NPARM  =       0 NNB   =    4495 NRES   =    1084
 NBONA  =      16 NTHETA =      22 NPHIA =      43 NUMBND =       9
 NUMANG =      11 NPTRA  =      12 NATYP =       8 NPHB   =       1
 IFBOX  =       1 NMXRS  =      28 IFCAP =       0 NEXTRA =       0
 NCOPY  =       0


|     Memory Use     Allocated
|     Real              316778
|     Hollerith          10917
|     Integer            99857
|     Max Pairs        1092333
|     nblistReal         39324
|     nblist Int        185587
|       Total             8206 kbytes

| Note: 1-4 EEL scale factors are being read from the topology file.

| Note: 1-4 VDW scale factors are being read from the topology file.
| Duplicated    0 dihedrals
| Duplicated    0 dihedrals

     BOX TYPE: RECTILINEAR

--------------------------------------------------------------------------------
   2.  CONTROL  DATA  FOR  THE  RUN
--------------------------------------------------------------------------------

LIG                                                                             

General flags:
     imin    =       0, nmropt  =       0

Nature and format of input:
     ntx     =       5, irest   =       1, ntrx    =       1

Nature and format of output:
     ntxo    =       1, ntpr    =     400, ntrx    =       1, ntwr    =    4000
     iwrap   =       1, ntwx    =     800, ntwv    =       0, ntwe    =     800
     ioutfm  =       1, ntwprt  =       0, idecomp =       0, rbornstat=      0

Potential function:
     ntf     =       2, ntb     =       1, igb     =       0, nsnb    =      25
     ipol    =       0, gbsa    =       0, iesp    =       0
     dielc   =   1.00000, cut     =   8.00000, intdiel =   1.00000

Frozen or restrained atoms:
     ibelly  =       0, ntr     =       1
     restraint_wt =  10.00000

Molecular dynamics:
     nstlim  =      4000, nscm    =         0, nrespa  =         1
     t       =   0.00000, dt      =   0.00200, vlimit  =  20.00000

Berendsen (weak-coupling) temperature regulation:
     temp0   = 300.00000, tempi   =   0.00000, tautp   =   1.00000

SHAKE:
     ntc     =       2, jfastw  =       0
     tol     =   0.00001

Ewald parameters:
     verbose =       0, ew_type =       0, nbflag  =       1, use_pme =       1
     vdwmeth =       1, eedmeth =       1, netfrc  =       1
     Box X =   35.436   Box Y =   36.762   Box Z =   37.195
     Alpha =   90.000   Beta  =   90.000   Gamma =   90.000
     NFFT1 =   36       NFFT2 =   36       NFFT3 =   40
     Cutoff=    8.000   Tol   =0.100E-04
     Ewald Coefficient =  0.34864
     Interpolation order =    4

    LOADING THE CONSTRAINED ATOMS AS GROUPS


   5.  REFERENCE ATOM COORDINATES

  LIG 
     Mask !:WAT,HOH,T3P,T4P; matches    28 atoms

--------------------------------------------------------------------------------
   3.  ATOMIC COORDINATES AND VELOCITIES
--------------------------------------------------------------------------------

LIG                                                                             
 begin time read from input coords =     2.000 ps

 Number of triangulated 3-point waters found:     1083

     Sum of charges from parm topology file =  -0.00100000
     Forcing neutrality...

--------------------------------------------------------------------------------
   4.  RESULTS
--------------------------------------------------------------------------------

|  # of SOLUTE  degrees of freedom (RNDFP):    6569.
|  # of SOLVENT degrees of freedom (RNDFS):       0.
|  NDFMIN =    6569.     NUM_NOSHAKE =      0     CORRECTED RNDFP =    6569.
|  TOTAL # of degrees of freedom (RNDF) =    6569.
 ---------------------------------------------------
 APPROXIMATING switch and d/dx switch using CUBIC SPLINE INTERPOLATION
 using   5000.0 points per unit in tabled values
 TESTING RELATIVE ERROR over r ranging from 0.0 to cutoff
| CHECK switch(x): max rel err =   0.2738E-14   at   2.422500
| CHECK d/dx switch(x): max rel err =   0.8332E-11   at   2.782960
 ---------------------------------------------------
| Local SIZE OF NONBOND LIST =     529106
| TOTAL SIZE OF NONBOND LIST =     529106

 NSTEP =      400   TIME(PS) =       2.800  TEMP(K) =   203.98  PRESS =     0.0
 Etot   =     -9667.7465  EKtot   =      1331.3730  EPtot      =    -10999.1195
 BOND   =         2.2701  ANGLE   =         3.5890  DIHED      =         6.9026
 1-4 NB =         7.5819  1-4 EEL =        -1.7638  VDWAALS    =      1985.6907
 EELEC  =    -13007.4638  EHBOND  =         0.0000  RESTRAINT  =         4.0739
 EAMBER (non-restraint)  =    -11003.1934
 Ewald error estimate:   0.4160E-03
 ------------------------------------------------------------------------------


 NSTEP =      800   TIME(PS) =       3.600  TEMP(K) =   235.57  PRESS =     0.0
 Etot   =     -9247.7848  EKtot   =      1537.5384  EPtot      =    -10785.3232
 BOND   =         2.3816  ANGLE   =         4.2164  DIHED      =         6.9468
 1-4 NB =         7.1080  1-4 EEL =        -1.7131  VDWAALS    =      1833.0861
 EELEC  =    -12641.1536  EHBOND  =         0.0000  RESTRAINT  =         3.8046
 EAMBER (non-restraint)  =    -10789.1278
 Ewald error estimate:   0.2148E-03
 ------------------------------------------------------------------------------


 NSTEP =     1200   TIME(PS) =       4.400  TEMP(K) =   250.35  PRESS =     0.0
 Etot   =     -8934.5595  EKtot   =      1634.0477  EPtot      =    -10568.6072
 BOND   =         1.3432  ANGLE   =         5.0793  DIHED      =         7.5425
 1-4 NB =         8.2669  1-4 EEL =        -1.6025  VDWAALS    =      1713.0512
 EELEC  =    -12306.3842  EHBOND  =         0.0000  RESTRAINT  =         4.0962
 EAMBER (non-restraint)  =    -10572.7034
 Ewald error estimate:   0.2520E-04
 ------------------------------------------------------------------------------


 NSTEP =     1600   TIME(PS) =       5.200  TEMP(K) =   257.65  PRESS =     0.0
 Etot   =     -8696.1301  EKtot   =      1681.6727  EPtot      =    -10377.8028
 BOND   =         1.4946  ANGLE   =         8.3898  DIHED      =         7.5564
 1-4 NB =         7.3116  1-4 EEL =        -1.5860  VDWAALS    =      1783.4552
 EELEC  =    -12188.0301  EHBOND  =         0.0000  RESTRAINT  =         3.6058
 EAMBER (non-restraint)  =    -10381.4085
 Ewald error estimate:   0.8633E-04
 ------------------------------------------------------------------------------


 NSTEP =     2000   TIME(PS) =       6.000  TEMP(K) =   269.40  PRESS =     0.0
 Etot   =     -8521.2134  EKtot   =      1758.3723  EPtot      =    -10279.5857
 BOND   =         2.5562  ANGLE   =         5.1680  DIHED      =         7.8505
 1-4 NB =         7.1216  1-4 EEL =        -1.8634  VDWAALS    =      1649.0360
 EELEC  =    -11953.5445  EHBOND  =         0.0000  RESTRAINT  =         4.0898
 EAMBER (non-restraint)  =    -10283.6755
 Ewald error estimate:   0.4786E-05
 ------------------------------------------------------------------------------


 NSTEP =     2400   TIME(PS) =       6.800  TEMP(K) =   276.66  PRESS =     0.0
 Etot   =     -8378.5486  EKtot   =      1805.7096  EPtot      =    -10184.2582
 BOND   =         2.7311  ANGLE   =         7.2508  DIHED      =         7.8548
 1-4 NB =         8.1273  1-4 EEL =        -1.7953  VDWAALS    =      1675.5479
 EELEC  =    -11887.4239  EHBOND  =         0.0000  RESTRAINT  =         3.4491
 EAMBER (non-restraint)  =    -10187.7073
 Ewald error estimate:   0.5804E-04
 ------------------------------------------------------------------------------


 NSTEP =     2800   TIME(PS) =       7.600  TEMP(K) =   283.37  PRESS =     0.0
 Etot   =     -8268.6981  EKtot   =      1849.5068  EPtot      =    -10118.2050
 BOND   =         2.0082  ANGLE   =         9.9202  DIHED      =         7.6683
 1-4 NB =         7.9240  1-4 EEL =        -1.7921  VDWAALS    =      1579.8756
 EELEC  =    -11726.9345  EHBOND  =         0.0000  RESTRAINT  =         3.1252
 EAMBER (non-restraint)  =    -10121.3302
 Ewald error estimate:   0.1453E-03
 ------------------------------------------------------------------------------


 NSTEP =     3200   TIME(PS) =       8.400  TEMP(K) =   288.57  PRESS =     0.0
 Etot   =     -8180.7341  EKtot   =      1883.4667  EPtot      =    -10064.2009
 BOND   =         2.6122  ANGLE   =         5.1027  DIHED      =         7.8878
 1-4 NB =         8.6179  1-4 EEL =        -1.4808  VDWAALS    =      1608.5375
 EELEC  =    -11699.7253  EHBOND  =         0.0000  RESTRAINT  =         4.2471
 EAMBER (non-restraint)  =    -10068.4480
 Ewald error estimate:   0.1276E-03
 ------------------------------------------------------------------------------


 NSTEP =     3600   TIME(PS) =       9.200  TEMP(K) =   286.24  PRESS =     0.0
 Etot   =     -8114.2379  EKtot   =      1868.2588  EPtot      =     -9982.4967
 BOND   =         2.0358  ANGLE   =        10.3775  DIHED      =         8.9776
 1-4 NB =         6.9194  1-4 EEL =        -1.6253  VDWAALS    =      1544.9104
 EELEC  =    -11560.3259  EHBOND  =         0.0000  RESTRAINT  =         6.2339
 EAMBER (non-restraint)  =     -9988.7306
 Ewald error estimate:   0.2877E-04
 ------------------------------------------------------------------------------


 NSTEP =     4000   TIME(PS) =      10.000  TEMP(K) =   295.07  PRESS =     0.0
 Etot   =     -8064.9487  EKtot   =      1925.8810  EPtot      =     -9990.8297
 BOND   =         5.3520  ANGLE   =         5.7373  DIHED      =         7.7005
 1-4 NB =         7.5278  1-4 EEL =        -1.9204  VDWAALS    =      1595.2218
 EELEC  =    -11615.1248  EHBOND  =         0.0000  RESTRAINT  =         4.6762
 EAMBER (non-restraint)  =     -9995.5059
 Ewald error estimate:   0.1877E-03
 ------------------------------------------------------------------------------


      A V E R A G E S   O V E R    4000 S T E P S


 NSTEP =     4000   TIME(PS) =      10.000  TEMP(K) =   257.85  PRESS =     0.0
 Etot   =     -8711.9118  EKtot   =      1682.9732  EPtot      =    -10394.8850
 BOND   =         2.4034  ANGLE   =         5.6140  DIHED      =         7.5809
 1-4 NB =         7.7064  1-4 EEL =        -1.6623  VDWAALS    =      1714.4792
 EELEC  =    -12134.9927  EHBOND  =         0.0000  RESTRAINT  =         3.9860
 EAMBER (non-restraint)  =    -10398.8710
 Ewald error estimate:   0.1427E-03
 ------------------------------------------------------------------------------


      R M S  F L U C T U A T I O N S


 NSTEP =     4000   TIME(PS) =      10.000  TEMP(K) =    32.57  PRESS =     0.0
 Etot   =       587.3198  EKtot   =       212.5578  EPtot      =       377.5762
 BOND   =         0.8247  ANGLE   =         1.3311  DIHED      =         0.6526
 1-4 NB =         0.5459  1-4 EEL =         0.2167  VDWAALS    =       159.4373
 EELEC  =       529.9239  EHBOND  =         0.0000  RESTRAINT  =         1.2398
 EAMBER (non-restraint)  =       376.3363
 Ewald error estimate:   0.1190E-03
 ------------------------------------------------------------------------------


--------------------------------------------------------------------------------
   5.  TIMINGS
--------------------------------------------------------------------------------

|    Read coords time           0.00 ( 0.01% of Total)
|                Build the list             5.28 (98.35% of List )
|                Other                      0.09 ( 1.65% of List )
|             List time                  5.37 ( 7.13% of Nonbo)
|                   Short_ene time            54.14 (99.08% of Direc)
|                   Other                      0.50 ( 0.92% of Direc)
|                Direct Ewald time         54.65 (78.24% of Ewald)
|                Adjust Ewald time          0.49 ( 0.70% of Ewald)
|                Self Ewald time            0.01 ( 0.01% of Ewald)
|                   Fill Bspline coeffs        0.53 ( 3.65% of Recip)
|                   Fill charge grid           1.48 (10.15% of Recip)
|                   Scalar sum                 2.99 (20.50% of Recip)
|                   Grad sum                   2.95 (20.25% of Recip)
|                   FFT time                   6.62 (45.41% of Recip)
|                   Other                      0.01 ( 0.04% of Recip)
|                Recip Ewald time          14.59 (20.89% of Ewald)
|                Force Adjust               0.01 ( 0.02% of Ewald)
|                Virial junk                0.07 ( 0.10% of Ewald)
|                Other                      0.03 ( 0.04% of Ewald)
|             Ewald time                69.84 (92.85% of Nonbo)
|             Other                      0.01 ( 0.02% of Nonbo)
|          Nonbond force             75.22 (99.76% of Force)
|          Bond/Angle/Dihedral        0.16 ( 0.21% of Force)
|          Other                      0.02 ( 0.03% of Force)
|       Force time                75.41 (98.62% of Runmd)
|       Shake time                 0.62 ( 0.81% of Runmd)
|       Verlet update time         0.37 ( 0.48% of Runmd)
|       Other                      0.07 ( 0.09% of Runmd)
|    Runmd Time                76.46 (100.0% of Total)
|    Other                      0.03 ( 0.04% of Total)
| Total time                76.50 (100.0% of ALL  )

| Number of list builds   :        341

| Highest rstack allocated:     208557
| Highest istack allocated:       3277

| Final Performance Info:
| -----------------------------------------------------
| Average timings for all steps:
|     Elapsed(s) =      76.46 Per Step(ms) =      19.12
|         ns/day =       9.04   seconds/ns =    9557.67
| -----------------------------------------------------

|           Job began  at 11:41:08.198  on 03/22/2017
|           Setup done at 11:41:08.234  on 03/22/2017
|           Run   done at 11:42:24.696  on 03/22/2017
|     wallclock() was called  176705 times
