
          -------------------------------------------------------
          Amber 16 SANDER                              2016
          -------------------------------------------------------

| Run on 03/22/2017 at 11:40:49

|   Executable path: sander
| Working directory: /home/steboss/Simulation/logP_standrews/d_236difluoro/water/equilibration
|          Hostname: Unknown
  [-O]verwriting output

File Assignments:
|  MDIN: md00002.in                                                            
| MDOUT: md00002.out                                                           
|INPCRD: min00001.rst7                                                         
|  PARM: solvated.parm7                                                        
|RESTRT: md00002.rst7                                                          
|  REFC: solvated.rst7                                                         
| MDVEL: mdvel                                                                 
| MDFRC: mdfrc                                                                 
|  MDEN: md00002.en                                                            
| MDCRD: md00002.nc                                                            
|MDINFO: md00002.info                                                          
|  MTMD: mtmd                                                                  
|INPDIP: inpdip                                                                
|RSTDIP: rstdip                                                                
|INPTRA: inptraj                                                               


 Here is the input file:

heat the system                                                                
&cntrl                                                                         
ntxo=1,                                                                        
imin = 0, nstlim = 1000, irest = 0, ntx = 1, dt = 0.002,                       
nmropt = 1,                                                                    
ntt = 1, temp0 = 300.0, tempi = 5.0, tautp = 1.0,                              
ntb = 1, pres0 = 1.0,                                                          
ntc = 2, ntf = 2,                                                              
ioutfm = 1, iwrap = 1,                                                         
ntwe = 200, ntwx = 200, ntpr = 100,                                            
ntr = 1, restraint_wt = 10.00,                                                 
restraintmask="!:WAT,HOH,T3P,T4P",                                             
/                                                                              
                                                                               
&wt                                                                            
type = 'TEMP0',                                                                
istep1 = 0, istep2 = 1000,                                                     
value1 = 5.0, value2 = 300.0                                                   
/                                                                              
                                                                               
&wt type = 'END'                                                               
 /                                                                             
                                                                               

--------------------------------------------------------------------------------
   1.  RESOURCE   USE: 
--------------------------------------------------------------------------------

| Flags:                                                                        
 getting new box info from bottom of inpcrd
|  INFO: Old style inpcrd file read

| peek_ewald_inpcrd: Box info found
|Largest sphere to fit in unit cell has radius =    17.718
| New format PARM file being parsed.
| Version =    1.000 Date = 03/22/17 Time = 11:40:47
 NATOM  =    3277 NTYPES =       8 NBONH =    3262 MBONA  =      16
 NTHETH =      32 MTHETA =      22 NPHIH =      68 MPHIA  =      43
 NHPARM =       0 NPARM  =       0 NNB   =    4495 NRES   =    1084
 NBONA  =      16 NTHETA =      22 NPHIA =      43 NUMBND =       9
 NUMANG =      11 NPTRA  =      12 NATYP =       8 NPHB   =       1
 IFBOX  =       1 NMXRS  =      28 IFCAP =       0 NEXTRA =       0
 NCOPY  =       0


|     Memory Use     Allocated
|     Real              316807
|     Hollerith          10917
|     Integer            99902
|     Max Pairs        1092333
|     nblistReal         39324
|     nblist Int        185587
|       Total             8207 kbytes

| Note: 1-4 EEL scale factors are being read from the topology file.

| Note: 1-4 VDW scale factors are being read from the topology file.
| Duplicated    0 dihedrals
| Duplicated    0 dihedrals

     BOX TYPE: RECTILINEAR

--------------------------------------------------------------------------------
   2.  CONTROL  DATA  FOR  THE  RUN
--------------------------------------------------------------------------------

LIG                                                                             

General flags:
     imin    =       0, nmropt  =       1

Nature and format of input:
     ntx     =       1, irest   =       0, ntrx    =       1

Nature and format of output:
     ntxo    =       1, ntpr    =     100, ntrx    =       1, ntwr    =    1000
     iwrap   =       1, ntwx    =     200, ntwv    =       0, ntwe    =     200
     ioutfm  =       1, ntwprt  =       0, idecomp =       0, rbornstat=      0

Potential function:
     ntf     =       2, ntb     =       1, igb     =       0, nsnb    =      25
     ipol    =       0, gbsa    =       0, iesp    =       0
     dielc   =   1.00000, cut     =   8.00000, intdiel =   1.00000

Frozen or restrained atoms:
     ibelly  =       0, ntr     =       1
     restraint_wt =  10.00000

Molecular dynamics:
     nstlim  =      1000, nscm    =         0, nrespa  =         1
     t       =   0.00000, dt      =   0.00200, vlimit  =  20.00000

Berendsen (weak-coupling) temperature regulation:
     temp0   = 300.00000, tempi   =   5.00000, tautp   =   1.00000

SHAKE:
     ntc     =       2, jfastw  =       0
     tol     =   0.00001

NMR refinement options:
     iscale  =       0, noeskp  =       1, ipnlty  =       1, mxsub   =       1
     scalm   = 100.00000, pencut  =   0.10000, tausw   =   0.10000

Ewald parameters:
     verbose =       0, ew_type =       0, nbflag  =       1, use_pme =       1
     vdwmeth =       1, eedmeth =       1, netfrc  =       1
     Box X =   35.436   Box Y =   36.762   Box Z =   37.195
     Alpha =   90.000   Beta  =   90.000   Gamma =   90.000
     NFFT1 =   36       NFFT2 =   36       NFFT3 =   40
     Cutoff=    8.000   Tol   =0.100E-04
     Ewald Coefficient =  0.34864
     Interpolation order =    4

    LOADING THE CONSTRAINED ATOMS AS GROUPS


   5.  REFERENCE ATOM COORDINATES

  LIG 
     Mask !:WAT,HOH,T3P,T4P; matches    28 atoms

--------------------------------------------------------------------------------
   3.  ATOMIC COORDINATES AND VELOCITIES
--------------------------------------------------------------------------------

LIG                                                                             
 begin time read from input coords =     0.000 ps



           Begin reading energy term weight changes/NMR restraints
 WEIGHT CHANGES:
 TEMP0         0   1000    5.000000  300.000000      0      0

 RESTRAINTS:
                          ** No restraint defined **

                  Done reading weight changes/NMR restraints


 Number of triangulated 3-point waters found:     1083

     Sum of charges from parm topology file =  -0.00100000
     Forcing neutrality...

--------------------------------------------------------------------------------
   4.  RESULTS
--------------------------------------------------------------------------------

|  # of SOLUTE  degrees of freedom (RNDFP):    6569.
|  # of SOLVENT degrees of freedom (RNDFS):       0.
|  NDFMIN =    6569.     NUM_NOSHAKE =      0     CORRECTED RNDFP =    6569.
|  TOTAL # of degrees of freedom (RNDF) =    6569.
 ---------------------------------------------------
 APPROXIMATING switch and d/dx switch using CUBIC SPLINE INTERPOLATION
 using   5000.0 points per unit in tabled values
 TESTING RELATIVE ERROR over r ranging from 0.0 to cutoff
| CHECK switch(x): max rel err =   0.2738E-14   at   2.422500
| CHECK d/dx switch(x): max rel err =   0.8332E-11   at   2.782960
 ---------------------------------------------------
| Local SIZE OF NONBOND LIST =     494900
| TOTAL SIZE OF NONBOND LIST =     494900

 NSTEP =        0   TIME(PS) =       0.000  TEMP(K) =     7.57  PRESS =     0.0
 Etot   =    -12229.8342  EKtot   =        49.3841  EPtot      =    -12279.2184
 BOND   =         4.8987  ANGLE   =         2.6555  DIHED      =         6.6194
 1-4 NB =         6.5291  1-4 EEL =        -1.6958  VDWAALS    =      1730.5477
 EELEC  =    -14032.2845  EHBOND  =         0.0000  RESTRAINT  =         3.5116
 EAMBER (non-restraint)  =    -12282.7299
 Ewald error estimate:   0.1858E-03
 ------------------------------------------------------------------------------

 NMR restraints: Bond =    0.000   Angle =     0.000   Torsion =     0.000
===============================================================================

 NSTEP =      100   TIME(PS) =       0.200  TEMP(K) =    92.66  PRESS =     0.0
 Etot   =    -10766.6575  EKtot   =       604.7577  EPtot      =    -11371.4151
 BOND   =         1.0942  ANGLE   =         3.0309  DIHED      =         6.5471
 1-4 NB =         7.6381  1-4 EEL =        -1.4463  VDWAALS    =      2152.5440
 EELEC  =    -13542.2961  EHBOND  =         0.0000  RESTRAINT  =         1.4730
 EAMBER (non-restraint)  =    -11372.8882
 Ewald error estimate:   0.2397E-03
 ------------------------------------------------------------------------------

 NMR restraints: Bond =    0.000   Angle =     0.000   Torsion =     0.000
===============================================================================

 NSTEP =      200   TIME(PS) =       0.400  TEMP(K) =    97.85  PRESS =     0.0
 Etot   =    -10828.3719  EKtot   =       638.6699  EPtot      =    -11467.0417
 BOND   =         1.0497  ANGLE   =         2.6865  DIHED      =         6.5759
 1-4 NB =         7.7501  1-4 EEL =        -1.7317  VDWAALS    =      2274.6812
 EELEC  =    -13758.8709  EHBOND  =         0.0000  RESTRAINT  =         0.8175
 EAMBER (non-restraint)  =    -11467.8593
 Ewald error estimate:   0.7472E-04
 ------------------------------------------------------------------------------

 NMR restraints: Bond =    0.000   Angle =     0.000   Torsion =     0.000
===============================================================================

 NSTEP =      300   TIME(PS) =       0.600  TEMP(K) =   108.65  PRESS =     0.0
 Etot   =    -10862.0192  EKtot   =       709.1605  EPtot      =    -11571.1797
 BOND   =         1.1291  ANGLE   =         3.0028  DIHED      =         6.4305
 1-4 NB =         7.3388  1-4 EEL =        -1.5727  VDWAALS    =      2309.1103
 EELEC  =    -13897.4411  EHBOND  =         0.0000  RESTRAINT  =         0.8225
 EAMBER (non-restraint)  =    -11572.0022
 Ewald error estimate:   0.2408E-03
 ------------------------------------------------------------------------------

 NMR restraints: Bond =    0.000   Angle =     0.000   Torsion =     0.000
===============================================================================

 NSTEP =      400   TIME(PS) =       0.800  TEMP(K) =   111.00  PRESS =     0.0
 Etot   =    -10862.7898  EKtot   =       724.5103  EPtot      =    -11587.3001
 BOND   =         1.1503  ANGLE   =         2.2664  DIHED      =         6.5518
 1-4 NB =         7.3177  1-4 EEL =        -1.7129  VDWAALS    =      2381.3141
 EELEC  =    -13985.9790  EHBOND  =         0.0000  RESTRAINT  =         1.7915
 EAMBER (non-restraint)  =    -11589.0916
 Ewald error estimate:   0.2138E-03
 ------------------------------------------------------------------------------

 NMR restraints: Bond =    0.000   Angle =     0.000   Torsion =     0.000
===============================================================================

 NSTEP =      500   TIME(PS) =       1.000  TEMP(K) =   114.09  PRESS =     0.0
 Etot   =    -10829.5367  EKtot   =       744.6892  EPtot      =    -11574.2258
 BOND   =         1.2738  ANGLE   =         3.1708  DIHED      =         6.6457
 1-4 NB =         7.2826  1-4 EEL =        -1.6707  VDWAALS    =      2338.4605
 EELEC  =    -13931.6502  EHBOND  =         0.0000  RESTRAINT  =         2.2616
 EAMBER (non-restraint)  =    -11576.4874
 Ewald error estimate:   0.5186E-05
 ------------------------------------------------------------------------------

 NMR restraints: Bond =    0.000   Angle =     0.000   Torsion =     0.000
===============================================================================

 NSTEP =      600   TIME(PS) =       1.200  TEMP(K) =   124.03  PRESS =     0.0
 Etot   =    -10766.3614  EKtot   =       809.5642  EPtot      =    -11575.9256
 BOND   =         0.6604  ANGLE   =         2.9287  DIHED      =         6.6475
 1-4 NB =         7.6550  1-4 EEL =        -1.8152  VDWAALS    =      2256.5777
 EELEC  =    -13850.2348  EHBOND  =         0.0000  RESTRAINT  =         1.6551
 EAMBER (non-restraint)  =    -11577.5807
 Ewald error estimate:   0.1238E-03
 ------------------------------------------------------------------------------

 NMR restraints: Bond =    0.000   Angle =     0.000   Torsion =     0.000
===============================================================================

 NSTEP =      700   TIME(PS) =       1.400  TEMP(K) =   129.52  PRESS =     0.0
 Etot   =    -10677.5784  EKtot   =       845.3700  EPtot      =    -11522.9484
 BOND   =         1.0721  ANGLE   =         3.2174  DIHED      =         6.5970
 1-4 NB =         7.3395  1-4 EEL =        -1.8796  VDWAALS    =      2186.6818
 EELEC  =    -13727.8145  EHBOND  =         0.0000  RESTRAINT  =         1.8379
 EAMBER (non-restraint)  =    -11524.7863
 Ewald error estimate:   0.2226E-03
 ------------------------------------------------------------------------------

 NMR restraints: Bond =    0.000   Angle =     0.000   Torsion =     0.000
===============================================================================

 NSTEP =      800   TIME(PS) =       1.600  TEMP(K) =   145.56  PRESS =     0.0
 Etot   =    -10563.9632  EKtot   =       950.0841  EPtot      =    -11514.0473
 BOND   =         1.4610  ANGLE   =         3.4979  DIHED      =         6.5520
 1-4 NB =         7.4460  1-4 EEL =        -1.5906  VDWAALS    =      2120.8132
 EELEC  =    -13655.2847  EHBOND  =         0.0000  RESTRAINT  =         3.0579
 EAMBER (non-restraint)  =    -11517.1052
 Ewald error estimate:   0.2013E-03
 ------------------------------------------------------------------------------

 NMR restraints: Bond =    0.000   Angle =     0.000   Torsion =     0.000
===============================================================================

 NSTEP =      900   TIME(PS) =       1.800  TEMP(K) =   152.34  PRESS =     0.0
 Etot   =    -10423.5248  EKtot   =       994.3116  EPtot      =    -11417.8365
 BOND   =         1.6043  ANGLE   =         3.1192  DIHED      =         6.6707
 1-4 NB =         7.2469  1-4 EEL =        -1.6421  VDWAALS    =      2119.6566
 EELEC  =    -13556.8326  EHBOND  =         0.0000  RESTRAINT  =         2.3405
 EAMBER (non-restraint)  =    -11420.1770
 Ewald error estimate:   0.1533E-03
 ------------------------------------------------------------------------------

 NMR restraints: Bond =    0.000   Angle =     0.000   Torsion =     0.000
===============================================================================

 NSTEP =     1000   TIME(PS) =       2.000  TEMP(K) =   163.40  PRESS =     0.0
 Etot   =    -10260.0261  EKtot   =      1066.4741  EPtot      =    -11326.5002
 BOND   =         1.3701  ANGLE   =         3.7499  DIHED      =         6.7900
 1-4 NB =         7.6293  1-4 EEL =        -1.9132  VDWAALS    =      2062.1394
 EELEC  =    -13408.9526  EHBOND  =         0.0000  RESTRAINT  =         2.6868
 EAMBER (non-restraint)  =    -11329.1870
 Ewald error estimate:   0.1363E-03
 ------------------------------------------------------------------------------

 NMR restraints: Bond =    0.000   Angle =     0.000   Torsion =     0.000
===============================================================================

      A V E R A G E S   O V E R    1000 S T E P S


 NSTEP =     1000   TIME(PS) =       2.000  TEMP(K) =   116.90  PRESS =     0.0
 Etot   =    -10708.5232  EKtot   =       762.9937  EPtot      =    -11471.5169
 BOND   =         1.3389  ANGLE   =         2.9953  DIHED      =         6.5863
 1-4 NB =         7.4619  1-4 EEL =        -1.6836  VDWAALS    =      2189.6095
 EELEC  =    -13679.5127  EHBOND  =         0.0000  RESTRAINT  =         1.6874
 EAMBER (non-restraint)  =    -11473.2044
 Ewald error estimate:   0.1743E-03
 ------------------------------------------------------------------------------

 NMR restraints: Bond =    0.000   Angle =     0.000   Torsion =     0.000
===============================================================================

      R M S  F L U C T U A T I O N S


 NSTEP =     1000   TIME(PS) =       2.000  TEMP(K) =    28.68  PRESS =     0.0
 Etot   =       168.9231  EKtot   =       187.1793  EPtot      =       149.0522
 BOND   =         0.4362  ANGLE   =         0.4910  DIHED      =         0.1170
 1-4 NB =         0.3012  1-4 EEL =         0.1156  VDWAALS    =       185.4718
 EELEC  =       317.0322  EHBOND  =         0.0000  RESTRAINT  =         0.5136
 EAMBER (non-restraint)  =       148.5385
 Ewald error estimate:   0.1008E-03
 ------------------------------------------------------------------------------


 NMR restraints on final step:


--------------------------------------------------------------------------------
   5.  TIMINGS
--------------------------------------------------------------------------------

|    Read coords time           0.00 ( 0.02% of Total)
|                Build the list             0.92 (96.90% of List )
|                Other                      0.03 ( 3.10% of List )
|             List time                  0.95 ( 5.22% of Nonbo)
|                   Short_ene time            13.30 (99.12% of Direc)
|                   Other                      0.12 ( 0.88% of Direc)
|                Direct Ewald time         13.42 (77.86% of Ewald)
|                Adjust Ewald time          0.12 ( 0.70% of Ewald)
|                Self Ewald time            0.00 ( 0.01% of Ewald)
|                   Fill Bspline coeffs        0.13 ( 3.52% of Recip)
|                   Fill charge grid           0.37 ( 9.97% of Recip)
|                   Scalar sum                 0.75 (20.43% of Recip)
|                   Grad sum                   0.74 (20.26% of Recip)
|                   FFT time                   1.68 (45.77% of Recip)
|                   Other                      0.00 ( 0.04% of Recip)
|                Recip Ewald time           3.67 (21.27% of Ewald)
|                Force Adjust               0.00 ( 0.02% of Ewald)
|                Virial junk                0.02 ( 0.10% of Ewald)
|                Other                      0.01 ( 0.05% of Ewald)
|             Ewald time                17.24 (94.76% of Nonbo)
|             Other                      0.00 ( 0.02% of Nonbo)
|          Nonbond force             18.19 (99.73% of Force)
|          Bond/Angle/Dihedral        0.04 ( 0.22% of Force)
|          Other                      0.01 ( 0.05% of Force)
|       Force time                18.24 (98.53% of Runmd)
|       Shake time                 0.15 ( 0.84% of Runmd)
|       Verlet update time         0.10 ( 0.54% of Runmd)
|       Other                      0.02 ( 0.10% of Runmd)
|    Runmd Time                18.51 (99.85% of Total)
|    Other                      0.02 ( 0.13% of Total)
| Total time                18.54 (100.0% of ALL  )

| Number of list builds   :         61

| Highest rstack allocated:     208557
| Highest istack allocated:       3277

| Final Performance Info:
| -----------------------------------------------------
| Average timings for all steps:
|     Elapsed(s) =      18.51 Per Step(ms) =      18.51
|         ns/day =       9.33   seconds/ns =    9256.28
| -----------------------------------------------------

|           Job began  at 11:40:49.650  on 03/22/2017
|           Setup done at 11:40:49.678  on 03/22/2017
|           Run   done at 11:41:08.191  on 03/22/2017
|     wallclock() was called   44183 times
