
          -------------------------------------------------------
          Amber 16 SANDER                              2016
          -------------------------------------------------------

| Run on 03/28/2017 at 11:27:55

|   Executable path: sander
| Working directory: /home/steboss/Simulation/logP_standrews/inputfiles/chair/a_phenyl-cyclohexane/equatorial/cyclohexane/equilibration
|          Hostname: Unknown
  [-O]verwriting output

File Assignments:
|  MDIN: md00003.in                                                            
| MDOUT: md00003.out                                                           
|INPCRD: md00002.rst7                                                          
|  PARM: solvated.parm7                                                        
|RESTRT: md00003.rst7                                                          
|  REFC: solvated.rst7                                                         
| MDVEL: mdvel                                                                 
| MDFRC: mdfrc                                                                 
|  MDEN: md00003.en                                                            
| MDCRD: md00003.nc                                                            
|MDINFO: md00003.info                                                          
|  MTMD: mtmd                                                                  
|INPDIP: inpdip                                                                
|RSTDIP: rstdip                                                                
|INPTRA: inptraj                                                               


 Here is the input file:

constant temperature                                                           
&cntrl                                                                         
ntxo=1,                                                                        
imin = 0, nstlim = 4000, irest = 1, ntx = 5, dt = 0.002,                       
ntt = 1, temp0 = 300.0, tautp = 1.0,                                           
ntb = 1,                                                                       
ntc = 2, ntf = 2,                                                              
ioutfm = 1, iwrap = 1,                                                         
ntwe = 800, ntwx = 800, ntpr = 400,                                            
ntr = 1, restraint_wt = 10.00,                                                 
restraintmask="!:CYC",                                                         
/                                                                              
                                                                               

--------------------------------------------------------------------------------
   1.  RESOURCE   USE: 
--------------------------------------------------------------------------------

| Flags:                                                                        
 getting new box info from bottom of inpcrd
|  INFO: Old style inpcrd file read

| peek_ewald_inpcrd: Box info found
|Largest sphere to fit in unit cell has radius =    19.210
| New format PARM file being parsed.
| Version =    1.000 Date = 03/28/17 Time = 11:27:33
 NATOM  =    3772 NTYPES =       4 NBONH =    2512 MBONA  =    1261
 NTHETH =    6278 MTHETA =    1264 NPHIH =   10053 MPHIA  =    3777
 NHPARM =       0 NPARM  =       0 NNB   =   22212 NRES   =     209
 NBONA  =    1261 NTHETA =    1264 NPHIA =    3777 NUMBND =       5
 NUMANG =       8 NPTRA  =       9 NATYP =       4 NPHB   =       0
 IFBOX  =       1 NMXRS  =      28 IFCAP =       0 NEXTRA =       0
 NCOPY  =       0


|     Memory Use     Allocated
|     Real              351493
|     Hollerith          11527
|     Integer           803722
|     Max Pairs        1257333
|     nblistReal         45264
|     nblist Int        339782
|       Total            12522 kbytes

| Note: 1-4 EEL scale factors are being read from the topology file.

| Note: 1-4 VDW scale factors are being read from the topology file.
| Duplicated    0 dihedrals
| Duplicated    0 dihedrals

     BOX TYPE: RECTILINEAR

--------------------------------------------------------------------------------
   2.  CONTROL  DATA  FOR  THE  RUN
--------------------------------------------------------------------------------

LIG                                                                             

General flags:
     imin    =       0, nmropt  =       0

Nature and format of input:
     ntx     =       5, irest   =       1, ntrx    =       1

Nature and format of output:
     ntxo    =       1, ntpr    =     400, ntrx    =       1, ntwr    =    4000
     iwrap   =       1, ntwx    =     800, ntwv    =       0, ntwe    =     800
     ioutfm  =       1, ntwprt  =       0, idecomp =       0, rbornstat=      0

Potential function:
     ntf     =       2, ntb     =       1, igb     =       0, nsnb    =      25
     ipol    =       0, gbsa    =       0, iesp    =       0
     dielc   =   1.00000, cut     =   8.00000, intdiel =   1.00000

Frozen or restrained atoms:
     ibelly  =       0, ntr     =       1
     restraint_wt =  10.00000

Molecular dynamics:
     nstlim  =      4000, nscm    =         0, nrespa  =         1
     t       =   0.00000, dt      =   0.00200, vlimit  =  20.00000

Berendsen (weak-coupling) temperature regulation:
     temp0   = 300.00000, tempi   =   0.00000, tautp   =   1.00000

SHAKE:
     ntc     =       2, jfastw  =       0
     tol     =   0.00001

Ewald parameters:
     verbose =       0, ew_type =       0, nbflag  =       1, use_pme =       1
     vdwmeth =       1, eedmeth =       1, netfrc  =       1
     Box X =   47.696   Box Y =   43.643   Box Z =   38.420
     Alpha =   90.000   Beta  =   90.000   Gamma =   90.000
     NFFT1 =   48       NFFT2 =   45       NFFT3 =   40
     Cutoff=    8.000   Tol   =0.100E-04
     Ewald Coefficient =  0.34864
     Interpolation order =    4

    LOADING THE CONSTRAINED ATOMS AS GROUPS


   5.  REFERENCE ATOM COORDINATES

  LIG 
     Mask !:CYC; matches    28 atoms

--------------------------------------------------------------------------------
   3.  ATOMIC COORDINATES AND VELOCITIES
--------------------------------------------------------------------------------

LIG                                                                             
 begin time read from input coords =     2.000 ps

 Number of triangulated 3-point waters found:        0

     Sum of charges from parm topology file =   0.00000000
     Forcing neutrality...

--------------------------------------------------------------------------------
   4.  RESULTS
--------------------------------------------------------------------------------

|  # of SOLUTE  degrees of freedom (RNDFP):    8804.
|  # of SOLVENT degrees of freedom (RNDFS):       0.
|  NDFMIN =    8804.     NUM_NOSHAKE =      0     CORRECTED RNDFP =    8804.
|  TOTAL # of degrees of freedom (RNDF) =    8804.
 ---------------------------------------------------
 APPROXIMATING switch and d/dx switch using CUBIC SPLINE INTERPOLATION
 using   5000.0 points per unit in tabled values
 TESTING RELATIVE ERROR over r ranging from 0.0 to cutoff
| CHECK switch(x): max rel err =   0.2738E-14   at   2.422500
| CHECK d/dx switch(x): max rel err =   0.8332E-11   at   2.782960
 ---------------------------------------------------
| Local SIZE OF NONBOND LIST =     357341
| TOTAL SIZE OF NONBOND LIST =     357341

 NSTEP =      400   TIME(PS) =       2.800  TEMP(K) =   212.65  PRESS =     0.0
 Etot   =      3000.2382  EKtot   =      1860.1715  EPtot      =      1140.0666
 BOND   =        98.0267  ANGLE   =       366.8338  DIHED      =       710.3439
 1-4 NB =       541.6832  1-4 EEL =      -167.4861  VDWAALS    =      -698.2420
 EELEC  =       287.9575  EHBOND  =         0.0000  RESTRAINT  =         0.9496
 EAMBER (non-restraint)  =      1139.1170
 Ewald error estimate:   0.1329E-03
 ------------------------------------------------------------------------------


 NSTEP =      800   TIME(PS) =       3.600  TEMP(K) =   239.77  PRESS =     0.0
 Etot   =      3492.8966  EKtot   =      2097.3898  EPtot      =      1395.5068
 BOND   =       128.0219  ANGLE   =       520.2946  DIHED      =       751.5448
 1-4 NB =       555.9670  1-4 EEL =      -165.1142  VDWAALS    =      -683.5711
 EELEC  =       286.9836  EHBOND  =         0.0000  RESTRAINT  =         1.3803
 EAMBER (non-restraint)  =      1394.1265
 Ewald error estimate:   0.5894E-05
 ------------------------------------------------------------------------------


 NSTEP =     1200   TIME(PS) =       4.400  TEMP(K) =   262.69  PRESS =     0.0
 Etot   =      3831.0593  EKtot   =      2297.8762  EPtot      =      1533.1832
 BOND   =       161.0405  ANGLE   =       628.8756  DIHED      =       762.6027
 1-4 NB =       563.1701  1-4 EEL =      -165.1339  VDWAALS    =      -705.1690
 EELEC  =       286.7230  EHBOND  =         0.0000  RESTRAINT  =         1.0743
 EAMBER (non-restraint)  =      1532.1089
 Ewald error estimate:   0.5817E-04
 ------------------------------------------------------------------------------


 NSTEP =     1600   TIME(PS) =       5.200  TEMP(K) =   269.78  PRESS =     0.0
 Etot   =      4066.7603  EKtot   =      2359.9261  EPtot      =      1706.8342
 BOND   =       188.3464  ANGLE   =       745.1237  DIHED      =       779.6359
 1-4 NB =       563.1143  1-4 EEL =      -163.8921  VDWAALS    =      -693.9179
 EELEC  =       286.2320  EHBOND  =         0.0000  RESTRAINT  =         2.1921
 EAMBER (non-restraint)  =      1704.6421
 Ewald error estimate:   0.8075E-04
 ------------------------------------------------------------------------------


 NSTEP =     2000   TIME(PS) =       6.000  TEMP(K) =   278.75  PRESS =     0.0
 Etot   =      4248.7140  EKtot   =      2438.4024  EPtot      =      1810.3116
 BOND   =       211.0994  ANGLE   =       819.7370  DIHED      =       770.9497
 1-4 NB =       570.4703  1-4 EEL =      -164.7632  VDWAALS    =      -689.0758
 EELEC  =       286.7534  EHBOND  =         0.0000  RESTRAINT  =         5.1408
 EAMBER (non-restraint)  =      1805.1708
 Ewald error estimate:   0.9838E-04
 ------------------------------------------------------------------------------


 NSTEP =     2400   TIME(PS) =       6.800  TEMP(K) =   282.81  PRESS =     0.0
 Etot   =      4392.9615  EKtot   =      2473.9292  EPtot      =      1919.0323
 BOND   =       216.2175  ANGLE   =       879.8808  DIHED      =       788.7908
 1-4 NB =       583.3954  1-4 EEL =      -165.1517  VDWAALS    =      -676.5761
 EELEC  =       287.1248  EHBOND  =         0.0000  RESTRAINT  =         5.3509
 EAMBER (non-restraint)  =      1913.6814
 Ewald error estimate:   0.2311E-04
 ------------------------------------------------------------------------------


 NSTEP =     2800   TIME(PS) =       7.600  TEMP(K) =   283.81  PRESS =     0.0
 Etot   =      4513.9626  EKtot   =      2482.6612  EPtot      =      2031.3014
 BOND   =       249.4044  ANGLE   =       976.2221  DIHED      =       805.2807
 1-4 NB =       573.4539  1-4 EEL =      -162.4883  VDWAALS    =      -699.0099
 EELEC  =       285.3610  EHBOND  =         0.0000  RESTRAINT  =         3.0776
 EAMBER (non-restraint)  =      2028.2239
 Ewald error estimate:   0.6783E-04
 ------------------------------------------------------------------------------


 NSTEP =     3200   TIME(PS) =       8.400  TEMP(K) =   289.78  PRESS =     0.0
 Etot   =      4598.0871  EKtot   =      2534.8971  EPtot      =      2063.1900
 BOND   =       248.8640  ANGLE   =      1032.8647  DIHED      =       788.2188
 1-4 NB =       580.5756  1-4 EEL =      -164.5946  VDWAALS    =      -714.8984
 EELEC  =       286.6864  EHBOND  =         0.0000  RESTRAINT  =         5.4735
 EAMBER (non-restraint)  =      2057.7165
 Ewald error estimate:   0.5121E-04
 ------------------------------------------------------------------------------


 NSTEP =     3600   TIME(PS) =       9.200  TEMP(K) =   289.55  PRESS =     0.0
 Etot   =      4683.9529  EKtot   =      2532.8875  EPtot      =      2151.0654
 BOND   =       257.0061  ANGLE   =      1093.8646  DIHED      =       790.7638
 1-4 NB =       591.7719  1-4 EEL =      -164.0101  VDWAALS    =      -710.0574
 EELEC  =       286.5069  EHBOND  =         0.0000  RESTRAINT  =         5.2196
 EAMBER (non-restraint)  =      2145.8458
 Ewald error estimate:   0.2581E-04
 ------------------------------------------------------------------------------


 NSTEP =     4000   TIME(PS) =      10.000  TEMP(K) =   284.69  PRESS =     0.0
 Etot   =      4766.2247  EKtot   =      2490.3703  EPtot      =      2275.8544
 BOND   =       285.4638  ANGLE   =      1160.7158  DIHED      =       833.0375
 1-4 NB =       595.3935  1-4 EEL =      -161.7400  VDWAALS    =      -728.9502
 EELEC  =       285.5438  EHBOND  =         0.0000  RESTRAINT  =         6.3903
 EAMBER (non-restraint)  =      2269.4642
 Ewald error estimate:   0.7943E-04
 ------------------------------------------------------------------------------


      A V E R A G E S   O V E R    4000 S T E P S


 NSTEP =     4000   TIME(PS) =      10.000  TEMP(K) =   263.32  PRESS =     0.0
 Etot   =      4039.7221  EKtot   =      2303.4338  EPtot      =      1736.2883
 BOND   =       196.3237  ANGLE   =       773.6726  DIHED      =       772.7296
 1-4 NB =       567.0259  1-4 EEL =      -164.6081  VDWAALS    =      -699.2441
 EELEC  =       286.7006  EHBOND  =         0.0000  RESTRAINT  =         3.6880
 EAMBER (non-restraint)  =      1732.6002
 Ewald error estimate:   0.1010E-03
 ------------------------------------------------------------------------------


      R M S  F L U C T U A T I O N S


 NSTEP =     4000   TIME(PS) =      10.000  TEMP(K) =    31.30  PRESS =     0.0
 Etot   =       645.0046  EKtot   =       273.8383  EPtot      =       379.7118
 BOND   =        66.3377  ANGLE   =       258.8111  DIHED      =        37.3581
 1-4 NB =        20.9658  1-4 EEL =         1.4711  VDWAALS    =        14.8294
 EELEC  =         0.7827  EHBOND  =         0.0000  RESTRAINT  =         2.0531
 EAMBER (non-restraint)  =       377.6586
 Ewald error estimate:   0.7160E-04
 ------------------------------------------------------------------------------


--------------------------------------------------------------------------------
   5.  TIMINGS
--------------------------------------------------------------------------------

|    Read coords time           0.01 ( 0.01% of Total)
|                Build the list             3.63 (97.61% of List )
|                Other                      0.09 ( 2.39% of List )
|             List time                  3.72 ( 5.46% of Nonbo)
|                   Short_ene time            37.40 (98.54% of Direc)
|                   Other                      0.55 ( 1.46% of Direc)
|                Direct Ewald time         37.95 (59.00% of Ewald)
|                Adjust Ewald time          3.00 ( 4.66% of Ewald)
|                Self Ewald time            0.01 ( 0.01% of Ewald)
|                   Fill Bspline coeffs        0.62 ( 2.87% of Recip)
|                   Fill charge grid           1.75 ( 8.06% of Recip)
|                   Scalar sum                 5.03 (23.15% of Recip)
|                   Grad sum                   3.55 (16.35% of Recip)
|                   FFT time                  10.77 (49.53% of Recip)
|                   Other                      0.01 ( 0.03% of Recip)
|                Recip Ewald time          21.74 (33.79% of Ewald)
|                Force Adjust               0.01 ( 0.02% of Ewald)
|                Virial junk                0.07 ( 0.11% of Ewald)
|                Other                      1.54 ( 2.39% of Ewald)
|             Ewald time                64.32 (94.51% of Nonbo)
|             Other                      0.01 ( 0.02% of Nonbo)
|          Nonbond force             68.06 (83.99% of Force)
|          Bond/Angle/Dihedral       12.94 (15.97% of Force)
|          Other                      0.03 ( 0.03% of Force)
|       Force time                81.03 (98.72% of Runmd)
|       Shake time                 0.57 ( 0.70% of Runmd)
|       Verlet update time         0.41 ( 0.50% of Runmd)
|       Other                      0.07 ( 0.08% of Runmd)
|    Runmd Time                82.08 (100.0% of Total)
|    Other                      0.06 ( 0.07% of Total)
| Total time                82.14 (100.0% of ALL  )

| Number of list builds   :        273

| Highest rstack allocated:     293714
| Highest istack allocated:       3772

| Final Performance Info:
| -----------------------------------------------------
| Average timings for all steps:
|     Elapsed(s) =      82.08 Per Step(ms) =      20.52
|         ns/day =       8.42   seconds/ns =   10259.79
| -----------------------------------------------------

|           Job began  at 11:27:55.006  on 03/28/2017
|           Setup done at 11:27:55.073  on 03/28/2017
|           Run   done at 11:29:17.151  on 03/28/2017
|     wallclock() was called  176569 times
