
          -------------------------------------------------------
          Amber 16 SANDER                              2016
          -------------------------------------------------------

| Run on 03/28/2017 at 11:27:33

|   Executable path: sander
| Working directory: /home/steboss/Simulation/logP_standrews/inputfiles/chair/a_phenyl-cyclohexane/equatorial/cyclohexane/equilibration
|          Hostname: Unknown
  [-O]verwriting output

File Assignments:
|  MDIN: min00001.in                                                           
| MDOUT: min00001.out                                                          
|INPCRD: solvated.rst7                                                         
|  PARM: solvated.parm7                                                        
|RESTRT: min00001.rst7                                                         
|  REFC: solvated.rst7                                                         
| MDVEL: mdvel                                                                 
| MDFRC: mdfrc                                                                 
|  MDEN: min00001.en                                                           
| MDCRD: min00001.nc                                                           
|MDINFO: min00001.info                                                         
|  MTMD: mtmd                                                                  
|INPDIP: inpdip                                                                
|RSTDIP: rstdip                                                                
|INPTRA: inptraj                                                               


 Here is the input file:

                                                                               
Minimise whole system                                                          
&cntrl                                                                         
ntxo=1,                                                                        
imin = 1, ntmin = 1,                                                           
maxcyc = 100, ncyc = 10,                                                       
ntpr = 20, ntwe = 20,                                                          
dx0 = 1.0D-7,                                                                  
ntb = 1,                                                                       
ntr = 1, restraint_wt = 10.00,                                                 
restraintmask="!:CYC",                                                         
/                                                                              

--------------------------------------------------------------------------------
   1.  RESOURCE   USE: 
--------------------------------------------------------------------------------

| Flags:                                                                        
 getting new box info from bottom of inpcrd
|  INFO: Old style inpcrd file read

| peek_ewald_inpcrd: Box info found
|Largest sphere to fit in unit cell has radius =    19.210
| New format PARM file being parsed.
| Version =    1.000 Date = 03/28/17 Time = 11:27:33
 NATOM  =    3772 NTYPES =       4 NBONH =    2512 MBONA  =    1261
 NTHETH =    6278 MTHETA =    1264 NPHIH =   10053 MPHIA  =    3777
 NHPARM =       0 NPARM  =       0 NNB   =   22212 NRES   =     209
 NBONA  =    1261 NTHETA =    1264 NPHIA =    3777 NUMBND =       5
 NUMANG =       8 NPTRA  =       9 NATYP =       4 NPHB   =       0
 IFBOX  =       1 NMXRS  =      28 IFCAP =       0 NEXTRA =       0
 NCOPY  =       0


|     Memory Use     Allocated
|     Real              396957
|     Hollerith          11527
|     Integer           803722
|     Max Pairs        1257333
|     nblistReal         45264
|     nblist Int        339782
|       Total            12878 kbytes

| Note: 1-4 EEL scale factors are being read from the topology file.

| Note: 1-4 VDW scale factors are being read from the topology file.
| Duplicated    0 dihedrals
| Duplicated    0 dihedrals

     BOX TYPE: RECTILINEAR

--------------------------------------------------------------------------------
   2.  CONTROL  DATA  FOR  THE  RUN
--------------------------------------------------------------------------------

LIG                                                                             

General flags:
     imin    =       1, nmropt  =       0

Nature and format of input:
     ntx     =       1, irest   =       0, ntrx    =       1

Nature and format of output:
     ntxo    =       1, ntpr    =      20, ntrx    =       1, ntwr    =       1
     iwrap   =       0, ntwx    =       0, ntwv    =       0, ntwe    =      20
     ioutfm  =       1, ntwprt  =       0, idecomp =       0, rbornstat=      0

Potential function:
     ntf     =       1, ntb     =       1, igb     =       0, nsnb    =      25
     ipol    =       0, gbsa    =       0, iesp    =       0
     dielc   =   1.00000, cut     =   8.00000, intdiel =   1.00000

Frozen or restrained atoms:
     ibelly  =       0, ntr     =       1
     restraint_wt =  10.00000

Energy minimization:
     maxcyc  =     100, ncyc    =      10, ntmin   =       1
     dx0     =   0.00000, drms    =   0.00010

Ewald parameters:
     verbose =       0, ew_type =       0, nbflag  =       1, use_pme =       1
     vdwmeth =       1, eedmeth =       1, netfrc  =       0
     Box X =   47.696   Box Y =   43.643   Box Z =   38.420
     Alpha =   90.000   Beta  =   90.000   Gamma =   90.000
     NFFT1 =   48       NFFT2 =   45       NFFT3 =   40
     Cutoff=    8.000   Tol   =0.100E-04
     Ewald Coefficient =  0.34864
     Interpolation order =    4

    LOADING THE CONSTRAINED ATOMS AS GROUPS


   5.  REFERENCE ATOM COORDINATES

  LIG 
     Mask !:CYC; matches    28 atoms

--------------------------------------------------------------------------------
   3.  ATOMIC COORDINATES AND VELOCITIES
--------------------------------------------------------------------------------

LIG                                                                             
 begin time read from input coords =     0.000 ps

 Number of triangulated 3-point waters found:        0

     Sum of charges from parm topology file =   0.00000000
     Forcing neutrality...

--------------------------------------------------------------------------------
   4.  RESULTS
--------------------------------------------------------------------------------

 ---------------------------------------------------
 APPROXIMATING switch and d/dx switch using CUBIC SPLINE INTERPOLATION
 using   5000.0 points per unit in tabled values
 TESTING RELATIVE ERROR over r ranging from 0.0 to cutoff
| CHECK switch(x): max rel err =   0.2738E-14   at   2.422500
| CHECK d/dx switch(x): max rel err =   0.8332E-11   at   2.782960
 ---------------------------------------------------
| Local SIZE OF NONBOND LIST =     367863
| TOTAL SIZE OF NONBOND LIST =     367863


   NSTEP       ENERGY          RMS            GMAX         NAME    NUMBER
      1       8.1082E+02     2.3306E+00     7.5506E+00     C8          8

 BOND    =       23.0612  ANGLE   =       26.3451  DIHED      =      581.1444
 VDWAALS =     -558.2283  EEL     =      295.5318  HBOND      =        0.0000
 1-4 VDW =      621.1035  1-4 EEL =     -178.1414  RESTRAINT  =        0.0000


   NSTEP       ENERGY          RMS            GMAX         NAME    NUMBER
     20       7.0866E+02     1.1088E+00     3.0145E+01     C7          7

 BOND    =       30.3806  ANGLE   =       27.1175  DIHED      =      574.2793
 VDWAALS =     -563.5051  EEL     =      292.9523  HBOND      =        0.0000
 1-4 VDW =      523.0840  1-4 EEL =     -175.6867  RESTRAINT  =        0.0336
 EAMBER  =      708.6219


   NSTEP       ENERGY          RMS            GMAX         NAME    NUMBER
     40       6.8965E+02     3.5437E-01     1.0894E+01     C8          8

 BOND    =       23.4150  ANGLE   =       17.5337  DIHED      =      586.5649
 VDWAALS =     -567.3956  EEL     =      290.6956  HBOND      =        0.0000
 1-4 VDW =      510.0779  1-4 EEL =     -171.2856  RESTRAINT  =        0.0455
 EAMBER  =      689.6057


   NSTEP       ENERGY          RMS            GMAX         NAME    NUMBER
     60       6.8501E+02     1.1551E-01     3.9065E+00     C9          9

 BOND    =       27.8515  ANGLE   =       22.0270  DIHED      =      592.8558
 VDWAALS =     -569.9080  EEL     =      289.0237  HBOND      =        0.0000
 1-4 VDW =      491.7821  1-4 EEL =     -168.6693  RESTRAINT  =        0.0487
 EAMBER  =      684.9628


   NSTEP       ENERGY          RMS            GMAX         NAME    NUMBER
     80       6.8869E+02     5.6106E-01     5.0067E+00     C5          5

 BOND    =       39.0944  ANGLE   =       17.5147  DIHED      =      594.6679
 VDWAALS =     -570.1924  EEL     =      289.0610  HBOND      =        0.0000
 1-4 VDW =      487.4727  1-4 EEL =     -168.9755  RESTRAINT  =        0.0497
 EAMBER  =      688.6429


   NSTEP       ENERGY          RMS            GMAX         NAME    NUMBER
    100       6.8419E+02     2.9632E-02     1.4874E+00     C10        10

 BOND    =       29.0623  ANGLE   =       21.8832  DIHED      =      591.7682
 VDWAALS =     -570.0428  EEL     =      289.1101  HBOND      =        0.0000
 1-4 VDW =      491.1466  1-4 EEL =     -168.7778  RESTRAINT  =        0.0439
 EAMBER  =      684.1498


  Maximum number of minimization cycles reached.


                    FINAL RESULTS



   NSTEP       ENERGY          RMS            GMAX         NAME    NUMBER
    100       6.8419E+02     2.9632E-02     1.4874E+00     C10        10

 BOND    =       29.0623  ANGLE   =       21.8832  DIHED      =      591.7682
 VDWAALS =     -570.0428  EEL     =      289.1101  HBOND      =        0.0000
 1-4 VDW =      491.1466  1-4 EEL =     -168.7778  RESTRAINT  =        0.0439
 EAMBER  =      684.1498

--------------------------------------------------------------------------------
   5.  TIMINGS
--------------------------------------------------------------------------------

|    Read coords time           0.00 ( 0.10% of Total)
|                Build the list             0.01 (49.04% of List )
|                Other                      0.01 (50.96% of List )
|             List time                  0.02 ( 1.66% of Nonbo)
|                   Short_ene time             0.76 (98.36% of Direc)
|                   Other                      0.01 ( 1.64% of Direc)
|                Direct Ewald time          0.77 (54.66% of Ewald)
|                Adjust Ewald time          0.07 ( 4.99% of Ewald)
|                Self Ewald time            0.00 ( 0.01% of Ewald)
|                   Fill Bspline coeffs        0.02 ( 2.90% of Recip)
|                   Fill charge grid           0.04 ( 8.09% of Recip)
|                   Scalar sum                 0.12 (22.99% of Recip)
|                   Grad sum                   0.09 (16.56% of Recip)
|                   FFT time                   0.26 (49.42% of Recip)
|                   Other                      0.00 ( 0.03% of Recip)
|                Recip Ewald time           0.53 (37.46% of Ewald)
|                Virial junk                0.00 ( 0.13% of Ewald)
|                Start synchronizatio       0.00 ( 0.01% of Ewald)
|                Other                      0.04 ( 2.74% of Ewald)
|             Ewald time                 1.42 (98.31% of Nonbo)
|             IPS excludes               0.00 ( 0.01% of Nonbo)
|             Other                      0.00 ( 0.03% of Nonbo)
|          Nonbond force              1.44 (82.16% of Force)
|          Bond/Angle/Dihedral        0.31 (17.79% of Force)
|          Other                      0.00 ( 0.05% of Force)
|       Force time                 1.75 (100.0% of Runmd)
|    Runmd Time                 1.75 (68.85% of Total)
|    Other                      0.79 (31.05% of Total)
| Total time                 2.55 (100.0% of ALL  )

| Number of list builds   :          1

| Highest rstack allocated:     293714
| Highest istack allocated:       3772
|           Job began  at 11:27:33.668  on 03/28/2017
|           Setup done at 11:27:33.810  on 03/28/2017
|           Run   done at 11:27:36.217  on 03/28/2017
|     wallclock() was called    3850 times
