
          -------------------------------------------------------
          Amber 16 SANDER                              2016
          -------------------------------------------------------

| Run on 03/30/2017 at 12:14:01

|   Executable path: sander
| Working directory: /home/steboss/Simulation/logP_standrews/inputfiles/boat/e_2356difluoro/water/equilibration
|          Hostname: Unknown
  [-O]verwriting output

File Assignments:
|  MDIN: md00003.in                                                            
| MDOUT: md00003.out                                                           
|INPCRD: md00002.rst7                                                          
|  PARM: solvated.parm7                                                        
|RESTRT: md00003.rst7                                                          
|  REFC: solvated.rst7                                                         
| MDVEL: mdvel                                                                 
| MDFRC: mdfrc                                                                 
|  MDEN: md00003.en                                                            
| MDCRD: md00003.nc                                                            
|MDINFO: md00003.info                                                          
|  MTMD: mtmd                                                                  
|INPDIP: inpdip                                                                
|RSTDIP: rstdip                                                                
|INPTRA: inptraj                                                               


 Here is the input file:

constant temperature                                                           
&cntrl                                                                         
ntxo=1,                                                                        
imin = 0, nstlim = 4000, irest = 1, ntx = 5, dt = 0.002,                       
ntt = 1, temp0 = 300.0, tautp = 1.0,                                           
ntb = 1,                                                                       
ntc = 2, ntf = 2,                                                              
ioutfm = 1, iwrap = 1,                                                         
ntwe = 800, ntwx = 800, ntpr = 400,                                            
ntr = 1, restraint_wt = 10.00,                                                 
restraintmask="!:WAT,HOH,T3P,T4P",                                             
/                                                                              
                                                                               

--------------------------------------------------------------------------------
   1.  RESOURCE   USE: 
--------------------------------------------------------------------------------

| Flags:                                                                        
 getting new box info from bottom of inpcrd
|  INFO: Old style inpcrd file read

| peek_ewald_inpcrd: Box info found
|Largest sphere to fit in unit cell has radius =    17.130
| New format PARM file being parsed.
| Version =    1.000 Date = 03/30/17 Time = 12:13:36
 NATOM  =    3271 NTYPES =       8 NBONH =    3255 MBONA  =      17
 NTHETH =      30 MTHETA =      24 NPHIH =      67 MPHIA  =      47
 NHPARM =       0 NPARM  =       0 NNB   =    4489 NRES   =    1082
 NBONA  =      17 NTHETA =      24 NPHIA =      47 NUMBND =       9
 NUMANG =      11 NPTRA  =      11 NATYP =       8 NPHB   =       1
 IFBOX  =       1 NMXRS  =      28 IFCAP =       0 NEXTRA =       0
 NCOPY  =       0


|     Memory Use     Allocated
|     Real              316358
|     Hollerith          10897
|     Integer            99856
|     Max Pairs        1090333
|     nblistReal         39252
|     nblist Int        175036
|       Total             8153 kbytes

| Note: 1-4 EEL scale factors are being read from the topology file.

| Note: 1-4 VDW scale factors are being read from the topology file.
| Duplicated    0 dihedrals
| Duplicated    0 dihedrals

     BOX TYPE: RECTILINEAR

--------------------------------------------------------------------------------
   2.  CONTROL  DATA  FOR  THE  RUN
--------------------------------------------------------------------------------

LIG                                                                             

General flags:
     imin    =       0, nmropt  =       0

Nature and format of input:
     ntx     =       5, irest   =       1, ntrx    =       1

Nature and format of output:
     ntxo    =       1, ntpr    =     400, ntrx    =       1, ntwr    =    4000
     iwrap   =       1, ntwx    =     800, ntwv    =       0, ntwe    =     800
     ioutfm  =       1, ntwprt  =       0, idecomp =       0, rbornstat=      0

Potential function:
     ntf     =       2, ntb     =       1, igb     =       0, nsnb    =      25
     ipol    =       0, gbsa    =       0, iesp    =       0
     dielc   =   1.00000, cut     =   8.00000, intdiel =   1.00000

Frozen or restrained atoms:
     ibelly  =       0, ntr     =       1
     restraint_wt =  10.00000

Molecular dynamics:
     nstlim  =      4000, nscm    =         0, nrespa  =         1
     t       =   0.00000, dt      =   0.00200, vlimit  =  20.00000

Berendsen (weak-coupling) temperature regulation:
     temp0   = 300.00000, tempi   =   0.00000, tautp   =   1.00000

SHAKE:
     ntc     =       2, jfastw  =       0
     tol     =   0.00001

Ewald parameters:
     verbose =       0, ew_type =       0, nbflag  =       1, use_pme =       1
     vdwmeth =       1, eedmeth =       1, netfrc  =       1
     Box X =   38.861   Box Y =   34.260   Box Z =   35.723
     Alpha =   90.000   Beta  =   90.000   Gamma =   90.000
     NFFT1 =   40       NFFT2 =   36       NFFT3 =   36
     Cutoff=    8.000   Tol   =0.100E-04
     Ewald Coefficient =  0.34864
     Interpolation order =    4

    LOADING THE CONSTRAINED ATOMS AS GROUPS


   5.  REFERENCE ATOM COORDINATES

  LIG 
     Mask !:WAT,HOH,T3P,T4P; matches    28 atoms

--------------------------------------------------------------------------------
   3.  ATOMIC COORDINATES AND VELOCITIES
--------------------------------------------------------------------------------

LIG                                                                             
 begin time read from input coords =     2.000 ps

 Number of triangulated 3-point waters found:     1081

     Sum of charges from parm topology file =  -0.00000000
     Forcing neutrality...

--------------------------------------------------------------------------------
   4.  RESULTS
--------------------------------------------------------------------------------

|  # of SOLUTE  degrees of freedom (RNDFP):    6558.
|  # of SOLVENT degrees of freedom (RNDFS):       0.
|  NDFMIN =    6558.     NUM_NOSHAKE =      0     CORRECTED RNDFP =    6558.
|  TOTAL # of degrees of freedom (RNDF) =    6558.
 ---------------------------------------------------
 APPROXIMATING switch and d/dx switch using CUBIC SPLINE INTERPOLATION
 using   5000.0 points per unit in tabled values
 TESTING RELATIVE ERROR over r ranging from 0.0 to cutoff
| CHECK switch(x): max rel err =   0.2738E-14   at   2.422500
| CHECK d/dx switch(x): max rel err =   0.8332E-11   at   2.782960
 ---------------------------------------------------
| Local SIZE OF NONBOND LIST =     532998
| TOTAL SIZE OF NONBOND LIST =     532998

 NSTEP =      400   TIME(PS) =       2.800  TEMP(K) =   203.89  PRESS =     0.0
 Etot   =     -9650.1480  EKtot   =      1328.5195  EPtot      =    -10978.6675
 BOND   =         3.7380  ANGLE   =         6.6486  DIHED      =         7.8204
 1-4 NB =        10.9221  1-4 EEL =         0.2503  VDWAALS    =      1981.1695
 EELEC  =    -12996.4586  EHBOND  =         0.0000  RESTRAINT  =         7.2422
 EAMBER (non-restraint)  =    -10985.9097
 Ewald error estimate:   0.2914E-03
 ------------------------------------------------------------------------------


 NSTEP =      800   TIME(PS) =       3.600  TEMP(K) =   233.21  PRESS =     0.0
 Etot   =     -9224.4615  EKtot   =      1519.5945  EPtot      =    -10744.0560
 BOND   =         6.3249  ANGLE   =        10.3123  DIHED      =         7.9952
 1-4 NB =        10.7411  1-4 EEL =         0.2751  VDWAALS    =      1759.7500
 EELEC  =    -12546.0439  EHBOND  =         0.0000  RESTRAINT  =         6.5892
 EAMBER (non-restraint)  =    -10750.6452
 Ewald error estimate:   0.8238E-05
 ------------------------------------------------------------------------------


 NSTEP =     1200   TIME(PS) =       4.400  TEMP(K) =   257.48  PRESS =     0.0
 Etot   =     -8918.5219  EKtot   =      1677.7720  EPtot      =    -10596.2939
 BOND   =         6.5009  ANGLE   =         7.9627  DIHED      =         9.5823
 1-4 NB =        10.1430  1-4 EEL =         0.1123  VDWAALS    =      1762.7217
 EELEC  =    -12402.5785  EHBOND  =         0.0000  RESTRAINT  =         9.2616
 EAMBER (non-restraint)  =    -10605.5555
 Ewald error estimate:   0.3367E-04
 ------------------------------------------------------------------------------


 NSTEP =     1600   TIME(PS) =       5.200  TEMP(K) =   260.67  PRESS =     0.0
 Etot   =     -8683.0037  EKtot   =      1698.5526  EPtot      =    -10381.5562
 BOND   =         3.3958  ANGLE   =        10.5399  DIHED      =         8.8892
 1-4 NB =        11.3202  1-4 EEL =         0.0468  VDWAALS    =      1675.5150
 EELEC  =    -12097.1653  EHBOND  =         0.0000  RESTRAINT  =         5.9021
 EAMBER (non-restraint)  =    -10387.4584
 Ewald error estimate:   0.4311E-04
 ------------------------------------------------------------------------------


 NSTEP =     2000   TIME(PS) =       6.000  TEMP(K) =   271.90  PRESS =     0.0
 Etot   =     -8504.2346  EKtot   =      1771.6951  EPtot      =    -10275.9297
 BOND   =         5.9880  ANGLE   =        10.3623  DIHED      =         8.3465
 1-4 NB =        10.1762  1-4 EEL =         0.0257  VDWAALS    =      1633.6967
 EELEC  =    -11950.6404  EHBOND  =         0.0000  RESTRAINT  =         6.1153
 EAMBER (non-restraint)  =    -10282.0450
 Ewald error estimate:   0.2037E-03
 ------------------------------------------------------------------------------


 NSTEP =     2400   TIME(PS) =       6.800  TEMP(K) =   286.53  PRESS =     0.0
 Etot   =     -8364.3870  EKtot   =      1867.0398  EPtot      =    -10231.4268
 BOND   =         5.1952  ANGLE   =        10.3638  DIHED      =         9.4871
 1-4 NB =        12.8658  1-4 EEL =         0.3740  VDWAALS    =      1588.2679
 EELEC  =    -11862.4644  EHBOND  =         0.0000  RESTRAINT  =         4.4838
 EAMBER (non-restraint)  =    -10235.9106
 Ewald error estimate:   0.2175E-03
 ------------------------------------------------------------------------------


 NSTEP =     2800   TIME(PS) =       7.600  TEMP(K) =   278.17  PRESS =     0.0
 Etot   =     -8249.7609  EKtot   =      1812.5686  EPtot      =    -10062.3295
 BOND   =         8.1154  ANGLE   =         9.7353  DIHED      =         8.3290
 1-4 NB =        11.7152  1-4 EEL =        -0.0164  VDWAALS    =      1574.3242
 EELEC  =    -11683.4156  EHBOND  =         0.0000  RESTRAINT  =         8.8836
 EAMBER (non-restraint)  =    -10071.2130
 Ewald error estimate:   0.1235E-03
 ------------------------------------------------------------------------------


 NSTEP =     3200   TIME(PS) =       8.400  TEMP(K) =   283.70  PRESS =     0.0
 Etot   =     -8167.9770  EKtot   =      1848.5601  EPtot      =    -10016.5371
 BOND   =         5.3757  ANGLE   =        10.8798  DIHED      =        11.7960
 1-4 NB =        12.8641  1-4 EEL =         0.2409  VDWAALS    =      1535.4286
 EELEC  =    -11599.0612  EHBOND  =         0.0000  RESTRAINT  =         5.9390
 EAMBER (non-restraint)  =    -10022.4761
 Ewald error estimate:   0.1328E-03
 ------------------------------------------------------------------------------


 NSTEP =     3600   TIME(PS) =       9.200  TEMP(K) =   293.89  PRESS =     0.0
 Etot   =     -8116.9611  EKtot   =      1914.9857  EPtot      =    -10031.9469
 BOND   =         9.2067  ANGLE   =         9.0175  DIHED      =         8.8883
 1-4 NB =        11.8326  1-4 EEL =        -0.0005  VDWAALS    =      1558.6961
 EELEC  =    -11637.5008  EHBOND  =         0.0000  RESTRAINT  =         7.9133
 EAMBER (non-restraint)  =    -10039.8601
 Ewald error estimate:   0.1393E-03
 ------------------------------------------------------------------------------


 NSTEP =     4000   TIME(PS) =      10.000  TEMP(K) =   289.86  PRESS =     0.0
 Etot   =     -8072.6718  EKtot   =      1888.7172  EPtot      =     -9961.3890
 BOND   =         8.1646  ANGLE   =        10.9191  DIHED      =         9.4289
 1-4 NB =        10.5948  1-4 EEL =        -0.8231  VDWAALS    =      1533.8865
 EELEC  =    -11541.2585  EHBOND  =         0.0000  RESTRAINT  =         7.6987
 EAMBER (non-restraint)  =     -9969.0877
 Ewald error estimate:   0.1567E-05
 ------------------------------------------------------------------------------


      A V E R A G E S   O V E R    4000 S T E P S


 NSTEP =     4000   TIME(PS) =      10.000  TEMP(K) =   258.24  PRESS =     0.0
 Etot   =     -8697.8586  EKtot   =      1682.7205  EPtot      =    -10380.5791
 BOND   =         5.6832  ANGLE   =         9.3070  DIHED      =         8.8866
 1-4 NB =        11.3313  1-4 EEL =         0.1203  VDWAALS    =      1690.7582
 EELEC  =    -12112.9861  EHBOND  =         0.0000  RESTRAINT  =         6.3205
 EAMBER (non-restraint)  =    -10386.8996
 Ewald error estimate:   0.1512E-03
 ------------------------------------------------------------------------------


      R M S  F L U C T U A T I O N S


 NSTEP =     4000   TIME(PS) =      10.000  TEMP(K) =    33.03  PRESS =     0.0
 Etot   =       583.6922  EKtot   =       215.2471  EPtot      =       370.8962
 BOND   =         1.8195  ANGLE   =         2.1859  DIHED      =         0.8822
 1-4 NB =         0.9150  1-4 EEL =         0.2993  VDWAALS    =       155.5161
 EELEC  =       518.7684  EHBOND  =         0.0000  RESTRAINT  =         1.3819
 EAMBER (non-restraint)  =       369.5143
 Ewald error estimate:   0.1119E-03
 ------------------------------------------------------------------------------


--------------------------------------------------------------------------------
   5.  TIMINGS
--------------------------------------------------------------------------------

|    Read coords time           0.00 ( 0.01% of Total)
|                Build the list             5.66 (98.44% of List )
|                Other                      0.09 ( 1.56% of List )
|             List time                  5.75 ( 7.44% of Nonbo)
|                   Short_ene time            55.84 (99.10% of Direc)
|                   Other                      0.51 ( 0.90% of Direc)
|                Direct Ewald time         56.35 (78.80% of Ewald)
|                Adjust Ewald time          0.49 ( 0.69% of Ewald)
|                Self Ewald time            0.01 ( 0.01% of Ewald)
|                   Fill Bspline coeffs        0.53 ( 3.68% of Recip)
|                   Fill charge grid           1.51 (10.36% of Recip)
|                   Scalar sum                 3.01 (20.71% of Recip)
|                   Grad sum                   3.06 (21.03% of Recip)
|                   FFT time                   6.43 (44.19% of Recip)
|                   Other                      0.01 ( 0.04% of Recip)
|                Recip Ewald time          14.54 (20.34% of Ewald)
|                Force Adjust               0.01 ( 0.02% of Ewald)
|                Virial junk                0.07 ( 0.09% of Ewald)
|                Other                      0.03 ( 0.04% of Ewald)
|             Ewald time                71.51 (92.54% of Nonbo)
|             Other                      0.01 ( 0.02% of Nonbo)
|          Nonbond force             77.27 (99.76% of Force)
|          Bond/Angle/Dihedral        0.16 ( 0.21% of Force)
|          Other                      0.03 ( 0.03% of Force)
|       Force time                77.45 (98.65% of Runmd)
|       Shake time                 0.62 ( 0.79% of Runmd)
|       Verlet update time         0.37 ( 0.47% of Runmd)
|       Other                      0.07 ( 0.09% of Runmd)
|    Runmd Time                78.51 (100.0% of Total)
|    Other                      0.03 ( 0.04% of Total)
| Total time                78.55 (100.0% of ALL  )

| Number of list builds   :        337

| Highest rstack allocated:     207371
| Highest istack allocated:       3271

| Final Performance Info:
| -----------------------------------------------------
| Average timings for all steps:
|     Elapsed(s) =      78.51 Per Step(ms) =      19.63
|         ns/day =       8.80   seconds/ns =    9814.09
| -----------------------------------------------------

|           Job began  at 12:14:01.506  on 03/30/2017
|           Setup done at 12:14:01.543  on 03/30/2017
|           Run   done at 12:15:20.056  on 03/30/2017
|     wallclock() was called  176697 times
