
          -------------------------------------------------------
          Amber 16 SANDER                              2016
          -------------------------------------------------------

| Run on 03/30/2017 at 12:13:38

|   Executable path: sander
| Working directory: /home/steboss/Simulation/logP_standrews/inputfiles/boat/e_2356difluoro/water/equilibration
|          Hostname: Unknown
  [-O]verwriting output

File Assignments:
|  MDIN: md00002.in                                                            
| MDOUT: md00002.out                                                           
|INPCRD: min00001.rst7                                                         
|  PARM: solvated.parm7                                                        
|RESTRT: md00002.rst7                                                          
|  REFC: solvated.rst7                                                         
| MDVEL: mdvel                                                                 
| MDFRC: mdfrc                                                                 
|  MDEN: md00002.en                                                            
| MDCRD: md00002.nc                                                            
|MDINFO: md00002.info                                                          
|  MTMD: mtmd                                                                  
|INPDIP: inpdip                                                                
|RSTDIP: rstdip                                                                
|INPTRA: inptraj                                                               


 Here is the input file:

heat the system                                                                
&cntrl                                                                         
ntxo=1,                                                                        
imin = 0, nstlim = 1000, irest = 0, ntx = 1, dt = 0.002,                       
nmropt = 1,                                                                    
ntt = 1, temp0 = 300.0, tempi = 5.0, tautp = 1.0,                              
ntb = 1, pres0 = 1.0,                                                          
ntc = 2, ntf = 2,                                                              
ioutfm = 1, iwrap = 1,                                                         
ntwe = 200, ntwx = 200, ntpr = 100,                                            
ntr = 1, restraint_wt = 10.00,                                                 
restraintmask="!:WAT,HOH,T3P,T4P",                                             
/                                                                              
                                                                               
&wt                                                                            
type = 'TEMP0',                                                                
istep1 = 0, istep2 = 1000,                                                     
value1 = 5.0, value2 = 300.0                                                   
/                                                                              
                                                                               
&wt type = 'END'                                                               
 /                                                                             
                                                                               

--------------------------------------------------------------------------------
   1.  RESOURCE   USE: 
--------------------------------------------------------------------------------

| Flags:                                                                        
 getting new box info from bottom of inpcrd
|  INFO: Old style inpcrd file read

| peek_ewald_inpcrd: Box info found
|Largest sphere to fit in unit cell has radius =    17.130
| New format PARM file being parsed.
| Version =    1.000 Date = 03/30/17 Time = 12:13:36
 NATOM  =    3271 NTYPES =       8 NBONH =    3255 MBONA  =      17
 NTHETH =      30 MTHETA =      24 NPHIH =      67 MPHIA  =      47
 NHPARM =       0 NPARM  =       0 NNB   =    4489 NRES   =    1082
 NBONA  =      17 NTHETA =      24 NPHIA =      47 NUMBND =       9
 NUMANG =      11 NPTRA  =      11 NATYP =       8 NPHB   =       1
 IFBOX  =       1 NMXRS  =      28 IFCAP =       0 NEXTRA =       0
 NCOPY  =       0


|     Memory Use     Allocated
|     Real              316387
|     Hollerith          10897
|     Integer            99901
|     Max Pairs        1090333
|     nblistReal         39252
|     nblist Int        175036
|       Total             8154 kbytes

| Note: 1-4 EEL scale factors are being read from the topology file.

| Note: 1-4 VDW scale factors are being read from the topology file.
| Duplicated    0 dihedrals
| Duplicated    0 dihedrals

     BOX TYPE: RECTILINEAR

--------------------------------------------------------------------------------
   2.  CONTROL  DATA  FOR  THE  RUN
--------------------------------------------------------------------------------

LIG                                                                             

General flags:
     imin    =       0, nmropt  =       1

Nature and format of input:
     ntx     =       1, irest   =       0, ntrx    =       1

Nature and format of output:
     ntxo    =       1, ntpr    =     100, ntrx    =       1, ntwr    =    1000
     iwrap   =       1, ntwx    =     200, ntwv    =       0, ntwe    =     200
     ioutfm  =       1, ntwprt  =       0, idecomp =       0, rbornstat=      0

Potential function:
     ntf     =       2, ntb     =       1, igb     =       0, nsnb    =      25
     ipol    =       0, gbsa    =       0, iesp    =       0
     dielc   =   1.00000, cut     =   8.00000, intdiel =   1.00000

Frozen or restrained atoms:
     ibelly  =       0, ntr     =       1
     restraint_wt =  10.00000

Molecular dynamics:
     nstlim  =      1000, nscm    =         0, nrespa  =         1
     t       =   0.00000, dt      =   0.00200, vlimit  =  20.00000

Berendsen (weak-coupling) temperature regulation:
     temp0   = 300.00000, tempi   =   5.00000, tautp   =   1.00000

SHAKE:
     ntc     =       2, jfastw  =       0
     tol     =   0.00001

NMR refinement options:
     iscale  =       0, noeskp  =       1, ipnlty  =       1, mxsub   =       1
     scalm   = 100.00000, pencut  =   0.10000, tausw   =   0.10000

Ewald parameters:
     verbose =       0, ew_type =       0, nbflag  =       1, use_pme =       1
     vdwmeth =       1, eedmeth =       1, netfrc  =       1
     Box X =   38.861   Box Y =   34.260   Box Z =   35.723
     Alpha =   90.000   Beta  =   90.000   Gamma =   90.000
     NFFT1 =   40       NFFT2 =   36       NFFT3 =   36
     Cutoff=    8.000   Tol   =0.100E-04
     Ewald Coefficient =  0.34864
     Interpolation order =    4

    LOADING THE CONSTRAINED ATOMS AS GROUPS


   5.  REFERENCE ATOM COORDINATES

  LIG 
     Mask !:WAT,HOH,T3P,T4P; matches    28 atoms

--------------------------------------------------------------------------------
   3.  ATOMIC COORDINATES AND VELOCITIES
--------------------------------------------------------------------------------

LIG                                                                             
 begin time read from input coords =     0.000 ps



           Begin reading energy term weight changes/NMR restraints
 WEIGHT CHANGES:
 TEMP0         0   1000    5.000000  300.000000      0      0

 RESTRAINTS:
                          ** No restraint defined **

                  Done reading weight changes/NMR restraints


 Number of triangulated 3-point waters found:     1081

     Sum of charges from parm topology file =  -0.00000000
     Forcing neutrality...

--------------------------------------------------------------------------------
   4.  RESULTS
--------------------------------------------------------------------------------

|  # of SOLUTE  degrees of freedom (RNDFP):    6558.
|  # of SOLVENT degrees of freedom (RNDFS):       0.
|  NDFMIN =    6558.     NUM_NOSHAKE =      0     CORRECTED RNDFP =    6558.
|  TOTAL # of degrees of freedom (RNDF) =    6558.
 ---------------------------------------------------
 APPROXIMATING switch and d/dx switch using CUBIC SPLINE INTERPOLATION
 using   5000.0 points per unit in tabled values
 TESTING RELATIVE ERROR over r ranging from 0.0 to cutoff
| CHECK switch(x): max rel err =   0.2738E-14   at   2.422500
| CHECK d/dx switch(x): max rel err =   0.8332E-11   at   2.782960
 ---------------------------------------------------
| Local SIZE OF NONBOND LIST =     498173
| TOTAL SIZE OF NONBOND LIST =     498173

 NSTEP =        0   TIME(PS) =       0.000  TEMP(K) =     7.57  PRESS =     0.0
 Etot   =    -12221.4902  EKtot   =        49.3157  EPtot      =    -12270.8060
 BOND   =         3.9681  ANGLE   =         9.5127  DIHED      =         8.9850
 1-4 NB =         9.9536  1-4 EEL =        -0.1417  VDWAALS    =      1667.2264
 EELEC  =    -13986.9068  EHBOND  =         0.0000  RESTRAINT  =        16.5967
 EAMBER (non-restraint)  =    -12287.4026
 Ewald error estimate:   0.8851E-04
 ------------------------------------------------------------------------------

 NMR restraints: Bond =    0.000   Angle =     0.000   Torsion =     0.000
===============================================================================

 NSTEP =      100   TIME(PS) =       0.200  TEMP(K) =    91.99  PRESS =     0.0
 Etot   =    -10738.0014  EKtot   =       599.4098  EPtot      =    -11337.4112
 BOND   =         4.2986  ANGLE   =         6.0160  DIHED      =         8.9508
 1-4 NB =        10.5733  1-4 EEL =         0.0115  VDWAALS    =      2066.5131
 EELEC  =    -13439.9888  EHBOND  =         0.0000  RESTRAINT  =         6.2142
 EAMBER (non-restraint)  =    -11343.6255
 Ewald error estimate:   0.3553E-03
 ------------------------------------------------------------------------------

 NMR restraints: Bond =    0.000   Angle =     0.000   Torsion =     0.000
===============================================================================

 NSTEP =      200   TIME(PS) =       0.400  TEMP(K) =   102.94  PRESS =     0.0
 Etot   =    -10803.9510  EKtot   =       670.7881  EPtot      =    -11474.7391
 BOND   =         1.9207  ANGLE   =         6.4422  DIHED      =         7.4014
 1-4 NB =        10.7936  1-4 EEL =         0.1018  VDWAALS    =      2247.3093
 EELEC  =    -13756.4702  EHBOND  =         0.0000  RESTRAINT  =         7.7622
 EAMBER (non-restraint)  =    -11482.5013
 Ewald error estimate:   0.2424E-03
 ------------------------------------------------------------------------------

 NMR restraints: Bond =    0.000   Angle =     0.000   Torsion =     0.000
===============================================================================

 NSTEP =      300   TIME(PS) =       0.600  TEMP(K) =   107.25  PRESS =     0.0
 Etot   =    -10839.1735  EKtot   =       698.8282  EPtot      =    -11538.0017
 BOND   =         2.0316  ANGLE   =         7.3156  DIHED      =         7.8513
 1-4 NB =        11.5713  1-4 EEL =         0.3114  VDWAALS    =      2316.6803
 EELEC  =    -13887.0142  EHBOND  =         0.0000  RESTRAINT  =         3.2510
 EAMBER (non-restraint)  =    -11541.2527
 Ewald error estimate:   0.7807E-04
 ------------------------------------------------------------------------------

 NMR restraints: Bond =    0.000   Angle =     0.000   Torsion =     0.000
===============================================================================

 NSTEP =      400   TIME(PS) =       0.800  TEMP(K) =   113.20  PRESS =     0.0
 Etot   =    -10841.9809  EKtot   =       737.6184  EPtot      =    -11579.5993
 BOND   =         3.5838  ANGLE   =         3.9017  DIHED      =         7.0362
 1-4 NB =        11.4477  1-4 EEL =         0.0939  VDWAALS    =      2443.4951
 EELEC  =    -14051.8487  EHBOND  =         0.0000  RESTRAINT  =         2.6910
 EAMBER (non-restraint)  =    -11582.2904
 Ewald error estimate:   0.2855E-03
 ------------------------------------------------------------------------------

 NMR restraints: Bond =    0.000   Angle =     0.000   Torsion =     0.000
===============================================================================

 NSTEP =      500   TIME(PS) =       1.000  TEMP(K) =   114.94  PRESS =     0.0
 Etot   =    -10812.0299  EKtot   =       748.9326  EPtot      =    -11560.9625
 BOND   =         3.4885  ANGLE   =         5.3913  DIHED      =         7.8064
 1-4 NB =        10.3149  1-4 EEL =        -0.2279  VDWAALS    =      2324.7144
 EELEC  =    -13918.1094  EHBOND  =         0.0000  RESTRAINT  =         5.6592
 EAMBER (non-restraint)  =    -11566.6217
 Ewald error estimate:   0.1009E-06
 ------------------------------------------------------------------------------

 NMR restraints: Bond =    0.000   Angle =     0.000   Torsion =     0.000
===============================================================================

 NSTEP =      600   TIME(PS) =       1.200  TEMP(K) =   125.89  PRESS =     0.0
 Etot   =    -10749.9717  EKtot   =       820.3262  EPtot      =    -11570.2979
 BOND   =         3.6427  ANGLE   =         7.0234  DIHED      =         7.6678
 1-4 NB =        11.3349  1-4 EEL =         0.5079  VDWAALS    =      2101.9777
 EELEC  =    -13706.7013  EHBOND  =         0.0000  RESTRAINT  =         4.2488
 EAMBER (non-restraint)  =    -11574.5467
 Ewald error estimate:   0.1166E-03
 ------------------------------------------------------------------------------

 NMR restraints: Bond =    0.000   Angle =     0.000   Torsion =     0.000
===============================================================================

 NSTEP =      700   TIME(PS) =       1.400  TEMP(K) =   130.36  PRESS =     0.0
 Etot   =    -10660.9491  EKtot   =       849.3973  EPtot      =    -11510.3464
 BOND   =         3.7759  ANGLE   =         4.7149  DIHED      =         8.7554
 1-4 NB =        10.5874  1-4 EEL =        -0.0560  VDWAALS    =      2252.3194
 EELEC  =    -13795.7479  EHBOND  =         0.0000  RESTRAINT  =         5.3045
 EAMBER (non-restraint)  =    -11515.6509
 Ewald error estimate:   0.1510E-03
 ------------------------------------------------------------------------------

 NMR restraints: Bond =    0.000   Angle =     0.000   Torsion =     0.000
===============================================================================

 NSTEP =      800   TIME(PS) =       1.600  TEMP(K) =   139.84  PRESS =     0.0
 Etot   =    -10545.6585  EKtot   =       911.2028  EPtot      =    -11456.8613
 BOND   =         2.7961  ANGLE   =         6.8869  DIHED      =         7.7987
 1-4 NB =        11.1805  1-4 EEL =         0.5493  VDWAALS    =      2062.7396
 EELEC  =    -13553.8690  EHBOND  =         0.0000  RESTRAINT  =         5.0565
 EAMBER (non-restraint)  =    -11461.9178
 Ewald error estimate:   0.4329E-04
 ------------------------------------------------------------------------------

 NMR restraints: Bond =    0.000   Angle =     0.000   Torsion =     0.000
===============================================================================

 NSTEP =      900   TIME(PS) =       1.800  TEMP(K) =   155.97  PRESS =     0.0
 Etot   =    -10405.7229  EKtot   =      1016.2998  EPtot      =    -11422.0226
 BOND   =         3.5623  ANGLE   =         6.0959  DIHED      =         7.9211
 1-4 NB =        11.7541  1-4 EEL =         0.3617  VDWAALS    =      2144.4869
 EELEC  =    -13599.7295  EHBOND  =         0.0000  RESTRAINT  =         3.5249
 EAMBER (non-restraint)  =    -11425.5476
 Ewald error estimate:   0.3159E-03
 ------------------------------------------------------------------------------

 NMR restraints: Bond =    0.000   Angle =     0.000   Torsion =     0.000
===============================================================================

 NSTEP =     1000   TIME(PS) =       2.000  TEMP(K) =   166.15  PRESS =     0.0
 Etot   =    -10242.2278  EKtot   =      1082.6418  EPtot      =    -11324.8696
 BOND   =         3.9678  ANGLE   =         5.6682  DIHED      =         7.9376
 1-4 NB =        11.2704  1-4 EEL =         0.1342  VDWAALS    =      2054.5603
 EELEC  =    -13414.1247  EHBOND  =         0.0000  RESTRAINT  =         5.7166
 EAMBER (non-restraint)  =    -11330.5862
 Ewald error estimate:   0.2922E-03
 ------------------------------------------------------------------------------

 NMR restraints: Bond =    0.000   Angle =     0.000   Torsion =     0.000
===============================================================================

      A V E R A G E S   O V E R    1000 S T E P S


 NSTEP =     1000   TIME(PS) =       2.000  TEMP(K) =   117.50  PRESS =     0.0
 Etot   =    -10688.1019  EKtot   =       765.6024  EPtot      =    -11453.7043
 BOND   =         3.0981  ANGLE   =         5.4617  DIHED      =         7.9801
 1-4 NB =        10.9609  1-4 EEL =         0.1101  VDWAALS    =      2173.3383
 EELEC  =    -13659.9583  EHBOND  =         0.0000  RESTRAINT  =         5.3047
 EAMBER (non-restraint)  =    -11459.0090
 Ewald error estimate:   0.1777E-03
 ------------------------------------------------------------------------------

 NMR restraints: Bond =    0.000   Angle =     0.000   Torsion =     0.000
===============================================================================

      R M S  F L U C T U A T I O N S


 NSTEP =     1000   TIME(PS) =       2.000  TEMP(K) =    28.39  PRESS =     0.0
 Etot   =       167.5631  EKtot   =       184.9762  EPtot      =       155.7700
 BOND   =         0.8741  ANGLE   =         0.9867  DIHED      =         0.4449
 1-4 NB =         0.7962  1-4 EEL =         0.2474  VDWAALS    =       188.0700
 EELEC  =       328.2025  EHBOND  =         0.0000  RESTRAINT  =         1.4395
 EAMBER (non-restraint)  =       154.3305
 Ewald error estimate:   0.1279E-03
 ------------------------------------------------------------------------------


 NMR restraints on final step:


--------------------------------------------------------------------------------
   5.  TIMINGS
--------------------------------------------------------------------------------

|    Read coords time           0.00 ( 0.01% of Total)
|                Build the list             1.16 (96.83% of List )
|                Other                      0.04 ( 3.17% of List )
|             List time                  1.20 ( 5.36% of Nonbo)
|                   Short_ene time            16.15 (99.08% of Direc)
|                   Other                      0.15 ( 0.92% of Direc)
|                Direct Ewald time         16.30 (76.90% of Ewald)
|                Adjust Ewald time          0.15 ( 0.70% of Ewald)
|                Self Ewald time            0.00 ( 0.01% of Ewald)
|                   Fill Bspline coeffs        0.17 ( 3.63% of Recip)
|                   Fill charge grid           0.47 (10.04% of Recip)
|                   Scalar sum                 0.97 (20.59% of Recip)
|                   Grad sum                   1.00 (21.20% of Recip)
|                   FFT time                   2.10 (44.50% of Recip)
|                   Other                      0.00 ( 0.03% of Recip)
|                Recip Ewald time           4.71 (22.22% of Ewald)
|                Force Adjust               0.00 ( 0.02% of Ewald)
|                Virial junk                0.02 ( 0.11% of Ewald)
|                Other                      0.01 ( 0.04% of Ewald)
|             Ewald time                21.20 (94.62% of Nonbo)
|             Other                      0.00 ( 0.02% of Nonbo)
|          Nonbond force             22.40 (99.74% of Force)
|          Bond/Angle/Dihedral        0.05 ( 0.21% of Force)
|          Other                      0.01 ( 0.05% of Force)
|       Force time                22.46 (98.66% of Runmd)
|       Shake time                 0.16 ( 0.72% of Runmd)
|       Verlet update time         0.12 ( 0.53% of Runmd)
|       Other                      0.02 ( 0.08% of Runmd)
|    Runmd Time                22.77 (99.85% of Total)
|    Other                      0.03 ( 0.14% of Total)
| Total time                22.80 (100.0% of ALL  )

| Number of list builds   :         59

| Highest rstack allocated:     207371
| Highest istack allocated:       3271

| Final Performance Info:
| -----------------------------------------------------
| Average timings for all steps:
|     Elapsed(s) =      22.77 Per Step(ms) =      22.77
|         ns/day =       7.59   seconds/ns =   11384.01
| -----------------------------------------------------

|           Job began  at 12:13:38.694  on 03/30/2017
|           Setup done at 12:13:38.729  on 03/30/2017
|           Run   done at 12:14:01.497  on 03/30/2017
|     wallclock() was called   44179 times
