
          -------------------------------------------------------
          Amber 16 SANDER                              2016
          -------------------------------------------------------

| Run on 03/30/2017 at 12:13:36

|   Executable path: sander
| Working directory: /home/steboss/Simulation/logP_standrews/inputfiles/boat/e_2356difluoro/water/equilibration
|          Hostname: Unknown
  [-O]verwriting output

File Assignments:
|  MDIN: min00001.in                                                           
| MDOUT: min00001.out                                                          
|INPCRD: solvated.rst7                                                         
|  PARM: solvated.parm7                                                        
|RESTRT: min00001.rst7                                                         
|  REFC: solvated.rst7                                                         
| MDVEL: mdvel                                                                 
| MDFRC: mdfrc                                                                 
|  MDEN: min00001.en                                                           
| MDCRD: min00001.nc                                                           
|MDINFO: min00001.info                                                         
|  MTMD: mtmd                                                                  
|INPDIP: inpdip                                                                
|RSTDIP: rstdip                                                                
|INPTRA: inptraj                                                               


 Here is the input file:

                                                                               
Minimise whole system                                                          
&cntrl                                                                         
ntxo=1,                                                                        
imin = 1, ntmin = 1,                                                           
maxcyc = 100, ncyc = 10,                                                       
ntpr = 20, ntwe = 20,                                                          
dx0 = 1.0D-7,                                                                  
ntb = 1,                                                                       
ntr = 1, restraint_wt = 10.00,                                                 
restraintmask="!:WAT,HOH,T3P,T4P,CLP,MOL,LIG",                                 
/                                                                              

--------------------------------------------------------------------------------
   1.  RESOURCE   USE: 
--------------------------------------------------------------------------------

| Flags:                                                                        
 getting new box info from bottom of inpcrd
|  INFO: Old style inpcrd file read

| peek_ewald_inpcrd: Box info found
|Largest sphere to fit in unit cell has radius =    17.130
| New format PARM file being parsed.
| Version =    1.000 Date = 03/30/17 Time = 12:13:36
 NATOM  =    3271 NTYPES =       8 NBONH =    3255 MBONA  =      17
 NTHETH =      30 MTHETA =      24 NPHIH =      67 MPHIA  =      47
 NHPARM =       0 NPARM  =       0 NNB   =    4489 NRES   =    1082
 NBONA  =      17 NTHETA =      24 NPHIA =      47 NUMBND =       9
 NUMANG =      11 NPTRA  =      11 NATYP =       8 NPHB   =       1
 IFBOX  =       1 NMXRS  =      28 IFCAP =       0 NEXTRA =       0
 NCOPY  =       0


|     Memory Use     Allocated
|     Real              355810
|     Hollerith          10897
|     Integer            99856
|     Max Pairs        1090333
|     nblistReal         39252
|     nblist Int        175036
|       Total             8461 kbytes

| Note: 1-4 EEL scale factors are being read from the topology file.

| Note: 1-4 VDW scale factors are being read from the topology file.
| Duplicated    0 dihedrals
| Duplicated    0 dihedrals

     BOX TYPE: RECTILINEAR

--------------------------------------------------------------------------------
   2.  CONTROL  DATA  FOR  THE  RUN
--------------------------------------------------------------------------------

LIG                                                                             

General flags:
     imin    =       1, nmropt  =       0

Nature and format of input:
     ntx     =       1, irest   =       0, ntrx    =       1

Nature and format of output:
     ntxo    =       1, ntpr    =      20, ntrx    =       1, ntwr    =       1
     iwrap   =       0, ntwx    =       0, ntwv    =       0, ntwe    =      20
     ioutfm  =       1, ntwprt  =       0, idecomp =       0, rbornstat=      0

Potential function:
     ntf     =       1, ntb     =       1, igb     =       0, nsnb    =      25
     ipol    =       0, gbsa    =       0, iesp    =       0
     dielc   =   1.00000, cut     =   8.00000, intdiel =   1.00000

Frozen or restrained atoms:
     ibelly  =       0, ntr     =       1
     restraint_wt =  10.00000

Energy minimization:
     maxcyc  =     100, ncyc    =      10, ntmin   =       1
     dx0     =   0.00000, drms    =   0.00010

Ewald parameters:
     verbose =       0, ew_type =       0, nbflag  =       1, use_pme =       1
     vdwmeth =       1, eedmeth =       1, netfrc  =       0
     Box X =   38.861   Box Y =   34.260   Box Z =   35.723
     Alpha =   90.000   Beta  =   90.000   Gamma =   90.000
     NFFT1 =   40       NFFT2 =   36       NFFT3 =   36
     Cutoff=    8.000   Tol   =0.100E-04
     Ewald Coefficient =  0.34864
     Interpolation order =    4

    LOADING THE CONSTRAINED ATOMS AS GROUPS


   5.  REFERENCE ATOM COORDINATES

  LIG 
     Mask !:WAT,HOH,T3P,T4P,CLP,MOL,LIG; matches     0 atoms

--------------------------------------------------------------------------------
   3.  ATOMIC COORDINATES AND VELOCITIES
--------------------------------------------------------------------------------

LIG                                                                             
 begin time read from input coords =     0.000 ps

 Number of triangulated 3-point waters found:     1081

     Sum of charges from parm topology file =  -0.00000000
     Forcing neutrality...

--------------------------------------------------------------------------------
   4.  RESULTS
--------------------------------------------------------------------------------

 ---------------------------------------------------
 APPROXIMATING switch and d/dx switch using CUBIC SPLINE INTERPOLATION
 using   5000.0 points per unit in tabled values
 TESTING RELATIVE ERROR over r ranging from 0.0 to cutoff
| CHECK switch(x): max rel err =   0.2738E-14   at   2.422500
| CHECK d/dx switch(x): max rel err =   0.8332E-11   at   2.782960
 ---------------------------------------------------
| Local SIZE OF NONBOND LIST =     496775
| TOTAL SIZE OF NONBOND LIST =     496775


   NSTEP       ENERGY          RMS            GMAX         NAME    NUMBER
      1      -8.6389E+03     1.2043E+01     9.9062E+01     H12        27

 BOND    =        2.1425  ANGLE   =        1.0665  DIHED      =        6.8326
 VDWAALS =     1098.2059  EEL     =    -9761.2689  HBOND      =        0.0000
 1-4 VDW =       13.8884  1-4 EEL =        0.2125  RESTRAINT  =        0.0000


   NSTEP       ENERGY          RMS            GMAX         NAME    NUMBER
     20      -9.8362E+03     9.1005E+00     6.4465E+01     C2          2

 BOND    =     1253.5141  ANGLE   =        9.7923  DIHED      =        7.7266
 VDWAALS =     1094.1692  EEL     =   -12212.8541  HBOND      =        0.0000
 1-4 VDW =       11.1863  1-4 EEL =        0.3108  RESTRAINT  =        0.0000


   NSTEP       ENERGY          RMS            GMAX         NAME    NUMBER
     40      -1.0514E+04     2.7313E+00     3.7738E+01     H12        27

 BOND    =      501.9834  ANGLE   =        5.5420  DIHED      =        7.6014
 VDWAALS =     1087.8497  EEL     =   -12126.7512  HBOND      =        0.0000
 1-4 VDW =        9.6777  1-4 EEL =        0.0043  RESTRAINT  =        0.0000


   NSTEP       ENERGY          RMS            GMAX         NAME    NUMBER
     60      -1.0939E+04     1.5723E+00     2.0316E+01     C12        12

 BOND    =      590.4118  ANGLE   =        5.9522  DIHED      =        7.5720
 VDWAALS =     1291.4483  EEL     =   -12843.3152  HBOND      =        0.0000
 1-4 VDW =        8.9567  1-4 EEL =        0.0281  RESTRAINT  =        0.0000


   NSTEP       ENERGY          RMS            GMAX         NAME    NUMBER
     80      -1.1275E+04     2.7013E+00     4.7120E+01     C2          2

 BOND    =      719.7393  ANGLE   =       10.1985  DIHED      =        9.3005
 VDWAALS =     1542.8722  EEL     =   -13567.5584  HBOND      =        0.0000
 1-4 VDW =       10.6764  1-4 EEL =       -0.1672  RESTRAINT  =        0.0000


   NSTEP       ENERGY          RMS            GMAX         NAME    NUMBER
    100      -1.1481E+04     2.3292E+00     5.0740E+01     C11        11

 BOND    =      810.0840  ANGLE   =        9.5127  DIHED      =        8.9850
 VDWAALS =     1667.2265  EEL     =   -13986.9068  HBOND      =        0.0000
 1-4 VDW =        9.9536  1-4 EEL =       -0.1417  RESTRAINT  =        0.0000


  Maximum number of minimization cycles reached.


                    FINAL RESULTS



   NSTEP       ENERGY          RMS            GMAX         NAME    NUMBER
    100      -1.1481E+04     2.3292E+00     5.0740E+01     C11        11

 BOND    =      810.0840  ANGLE   =        9.5127  DIHED      =        8.9850
 VDWAALS =     1667.2265  EEL     =   -13986.9068  HBOND      =        0.0000
 1-4 VDW =        9.9536  1-4 EEL =       -0.1417  RESTRAINT  =        0.0000

--------------------------------------------------------------------------------
   5.  TIMINGS
--------------------------------------------------------------------------------

|    Read coords time           0.00 ( 0.18% of Total)
|    Fast Water setup           0.00 ( 0.01% of Total)
|                Build the list             0.04 (69.21% of List )
|                Other                      0.02 (30.79% of List )
|             List time                  0.06 ( 3.17% of Nonbo)
|                   Short_ene time             1.35 (99.00% of Direc)
|                   Other                      0.01 ( 1.00% of Direc)
|                Direct Ewald time          1.36 (76.80% of Ewald)
|                Adjust Ewald time          0.01 ( 0.75% of Ewald)
|                Self Ewald time            0.00 ( 0.01% of Ewald)
|                   Fill Bspline coeffs        0.01 ( 3.64% of Recip)
|                   Fill charge grid           0.04 (10.13% of Recip)
|                   Scalar sum                 0.08 (20.56% of Recip)
|                   Grad sum                   0.08 (20.99% of Recip)
|                   FFT time                   0.18 (44.64% of Recip)
|                   Other                      0.00 ( 0.04% of Recip)
|                Recip Ewald time           0.39 (22.28% of Ewald)
|                Virial junk                0.00 ( 0.10% of Ewald)
|                Other                      0.00 ( 0.05% of Ewald)
|             Ewald time                 1.77 (96.81% of Nonbo)
|             Other                      0.00 ( 0.02% of Nonbo)
|          Nonbond force              1.83 (99.45% of Force)
|          Bond/Angle/Dihedral        0.01 ( 0.50% of Force)
|          Other                      0.00 ( 0.04% of Force)
|       Force time                 1.84 (100.0% of Runmd)
|    Runmd Time                 1.84 (73.44% of Total)
|    Other                      0.66 (26.38% of Total)
| Total time                 2.51 (100.0% of ALL  )

| Number of list builds   :          2

| Highest rstack allocated:     207371
| Highest istack allocated:       3271
|           Job began  at 12:13:36.180  on 03/30/2017
|           Setup done at 12:13:36.227  on 03/30/2017
|           Run   done at 12:13:38.687  on 03/30/2017
|     wallclock() was called    3852 times
