
          -------------------------------------------------------
          Amber 16 SANDER                              2016
          -------------------------------------------------------

| Run on 03/22/2017 at 11:19:02

|   Executable path: sander
| Working directory: /home/steboss/Simulation/logP_standrews/a_phenyl-cyclohexane/cyclohexane/equilibration
|          Hostname: Unknown
  [-O]verwriting output

File Assignments:
|  MDIN: min00001.in                                                           
| MDOUT: min00001.out                                                          
|INPCRD: solvated.rst7                                                         
|  PARM: solvated.parm7                                                        
|RESTRT: min00001.rst7                                                         
|  REFC: solvated.rst7                                                         
| MDVEL: mdvel                                                                 
| MDFRC: mdfrc                                                                 
|  MDEN: min00001.en                                                           
| MDCRD: min00001.nc                                                           
|MDINFO: min00001.info                                                         
|  MTMD: mtmd                                                                  
|INPDIP: inpdip                                                                
|RSTDIP: rstdip                                                                
|INPTRA: inptraj                                                               


 Here is the input file:

                                                                               
Minimise whole system                                                          
&cntrl                                                                         
ntxo=1,                                                                        
imin = 1, ntmin = 1,                                                           
maxcyc = 100, ncyc = 10,                                                       
ntpr = 20, ntwe = 20,                                                          
dx0 = 1.0D-7,                                                                  
ntb = 1,                                                                       
ntr = 1, restraint_wt = 10.00,                                                 
restraintmask="!:CYC",                                                         
/                                                                              

--------------------------------------------------------------------------------
   1.  RESOURCE   USE: 
--------------------------------------------------------------------------------

| Flags:                                                                        
 getting new box info from bottom of inpcrd
|  INFO: Old style inpcrd file read

| peek_ewald_inpcrd: Box info found
|Largest sphere to fit in unit cell has radius =    18.184
| New format PARM file being parsed.
| Version =    1.000 Date = 03/22/17 Time = 11:19:02
 NATOM  =    2692 NTYPES =       4 NBONH =    1792 MBONA  =     901
 NTHETH =    4478 MTHETA =     904 NPHIH =    7173 MPHIA  =    2697
 NHPARM =       0 NPARM  =       0 NNB   =   15851 NRES   =     149
 NBONA  =     901 NTHETA =     904 NPHIA =    2697 NUMBND =       5
 NUMANG =       8 NPTRA  =       9 NATYP =       4 NPHB   =       0
 IFBOX  =       1 NMXRS  =      28 IFCAP =       0 NEXTRA =       0
 NCOPY  =       0


|     Memory Use     Allocated
|     Real              308284
|     Hollerith           8227
|     Integer           579316
|     Max Pairs         897333
|     nblistReal         32304
|     nblist Int        232135
|       Total             9367 kbytes

| Note: 1-4 EEL scale factors are being read from the topology file.

| Note: 1-4 VDW scale factors are being read from the topology file.
| Duplicated    0 dihedrals
| Duplicated    0 dihedrals

     BOX TYPE: RECTILINEAR

--------------------------------------------------------------------------------
   2.  CONTROL  DATA  FOR  THE  RUN
--------------------------------------------------------------------------------

LIG                                                                             

General flags:
     imin    =       1, nmropt  =       0

Nature and format of input:
     ntx     =       1, irest   =       0, ntrx    =       1

Nature and format of output:
     ntxo    =       1, ntpr    =      20, ntrx    =       1, ntwr    =       1
     iwrap   =       0, ntwx    =       0, ntwv    =       0, ntwe    =      20
     ioutfm  =       1, ntwprt  =       0, idecomp =       0, rbornstat=      0

Potential function:
     ntf     =       1, ntb     =       1, igb     =       0, nsnb    =      25
     ipol    =       0, gbsa    =       0, iesp    =       0
     dielc   =   1.00000, cut     =   8.00000, intdiel =   1.00000

Frozen or restrained atoms:
     ibelly  =       0, ntr     =       1
     restraint_wt =  10.00000

Energy minimization:
     maxcyc  =     100, ncyc    =      10, ntmin   =       1
     dx0     =   0.00000, drms    =   0.00010

Ewald parameters:
     verbose =       0, ew_type =       0, nbflag  =       1, use_pme =       1
     vdwmeth =       1, eedmeth =       1, netfrc  =       0
     Box X =   40.882   Box Y =   36.369   Box Z =   38.420
     Alpha =   90.000   Beta  =   90.000   Gamma =   90.000
     NFFT1 =   40       NFFT2 =   36       NFFT3 =   40
     Cutoff=    8.000   Tol   =0.100E-04
     Ewald Coefficient =  0.34864
     Interpolation order =    4

    LOADING THE CONSTRAINED ATOMS AS GROUPS


   5.  REFERENCE ATOM COORDINATES

  LIG 
     Mask !:CYC; matches    28 atoms

--------------------------------------------------------------------------------
   3.  ATOMIC COORDINATES AND VELOCITIES
--------------------------------------------------------------------------------

LIG                                                                             
 begin time read from input coords =     0.000 ps

 Number of triangulated 3-point waters found:        0

     Sum of charges from parm topology file =   0.00000000
     Forcing neutrality...

--------------------------------------------------------------------------------
   4.  RESULTS
--------------------------------------------------------------------------------

 ---------------------------------------------------
 APPROXIMATING switch and d/dx switch using CUBIC SPLINE INTERPOLATION
 using   5000.0 points per unit in tabled values
 TESTING RELATIVE ERROR over r ranging from 0.0 to cutoff
| CHECK switch(x): max rel err =   0.2738E-14   at   2.422500
| CHECK d/dx switch(x): max rel err =   0.8332E-11   at   2.782960
 ---------------------------------------------------
| Local SIZE OF NONBOND LIST =     262176
| TOTAL SIZE OF NONBOND LIST =     262176


   NSTEP       ENERGY          RMS            GMAX         NAME    NUMBER
      1       5.7944E+02     2.3531E+00     1.3085E+01     C5          6

 BOND    =       16.0885  ANGLE   =       20.1848  DIHED      =      415.5077
 VDWAALS =     -400.0907  EEL     =      210.1100  HBOND      =        0.0000
 1-4 VDW =      444.3061  1-4 EEL =     -126.6706  RESTRAINT  =        0.0000


   NSTEP       ENERGY          RMS            GMAX         NAME    NUMBER
     20       5.0674E+02     1.1674E+00     2.6077E+01     C6          7

 BOND    =       21.2440  ANGLE   =       20.4771  DIHED      =      410.6561
 VDWAALS =     -403.7671  EEL     =      208.3296  HBOND      =        0.0000
 1-4 VDW =      374.7176  1-4 EEL =     -124.9970  RESTRAINT  =        0.0786
 EAMBER  =      506.6603


   NSTEP       ENERGY          RMS            GMAX         NAME    NUMBER
     40       4.9251E+02     4.0420E-01     1.0832E+01     C7          8

 BOND    =       15.7834  ANGLE   =       14.1511  DIHED      =      419.6410
 VDWAALS =     -406.7298  EEL     =      206.6007  HBOND      =        0.0000
 1-4 VDW =      364.6879  1-4 EEL =     -121.6963  RESTRAINT  =        0.0732
 EAMBER  =      492.4379


   NSTEP       ENERGY          RMS            GMAX         NAME    NUMBER
     60       4.8926E+02     1.2130E-01     3.3715E+00     C7          8

 BOND    =       19.9475  ANGLE   =       16.9335  DIHED      =      423.8773
 VDWAALS =     -408.4644  EEL     =      205.4810  HBOND      =        0.0000
 1-4 VDW =      351.3494  1-4 EEL =     -119.9534  RESTRAINT  =        0.0873
 EAMBER  =      489.1708


   NSTEP       ENERGY          RMS            GMAX         NAME    NUMBER
     80       5.0279E+02     1.5452E+00     3.7123E+01     C3          4

 BOND    =       29.7659  ANGLE   =       22.0154  DIHED      =      425.2422
 VDWAALS =     -408.6277  EEL     =      205.3783  HBOND      =        0.0000
 1-4 VDW =      348.9164  1-4 EEL =     -120.0606  RESTRAINT  =        0.1597
 EAMBER  =      502.6299


   NSTEP       ENERGY          RMS            GMAX         NAME    NUMBER
    100       4.8874E+02     3.9709E-02     5.7736E-01     C6          7

 BOND    =       20.7483  ANGLE   =       16.6844  DIHED      =      423.2868
 VDWAALS =     -408.5566  EEL     =      205.5315  HBOND      =        0.0000
 1-4 VDW =      350.9874  1-4 EEL =     -120.0304  RESTRAINT  =        0.0860
 EAMBER  =      488.6514


  Maximum number of minimization cycles reached.


                    FINAL RESULTS



   NSTEP       ENERGY          RMS            GMAX         NAME    NUMBER
    100       4.8874E+02     3.9709E-02     5.7736E-01     C6          7

 BOND    =       20.7483  ANGLE   =       16.6844  DIHED      =      423.2868
 VDWAALS =     -408.5566  EEL     =      205.5315  HBOND      =        0.0000
 1-4 VDW =      350.9874  1-4 EEL =     -120.0304  RESTRAINT  =        0.0860
 EAMBER  =      488.6514

--------------------------------------------------------------------------------
   5.  TIMINGS
--------------------------------------------------------------------------------

|    Read coords time           0.00 ( 0.11% of Total)
|                Build the list             0.01 (39.74% of List )
|                Other                      0.01 (60.26% of List )
|             List time                  0.02 ( 2.10% of Nonbo)
|                   Short_ene time             0.53 (98.20% of Direc)
|                   Other                      0.01 ( 1.80% of Direc)
|                Direct Ewald time          0.54 (55.22% of Ewald)
|                Adjust Ewald time          0.05 ( 5.30% of Ewald)
|                Self Ewald time            0.00 ( 0.02% of Ewald)
|                   Fill Bspline coeffs        0.01 ( 3.07% of Recip)
|                   Fill charge grid           0.03 ( 8.78% of Recip)
|                   Scalar sum                 0.08 (23.24% of Recip)
|                   Grad sum                   0.06 (17.57% of Recip)
|                   FFT time                   0.17 (47.29% of Recip)
|                   Other                      0.00 ( 0.04% of Recip)
|                Recip Ewald time           0.36 (36.44% of Ewald)
|                Force Adjust               0.00 ( 0.01% of Ewald)
|                Virial junk                0.00 ( 0.15% of Ewald)
|                Start synchronizatio       0.00 ( 0.01% of Ewald)
|                Other                      0.03 ( 2.86% of Ewald)
|             Ewald time                 0.98 (97.86% of Nonbo)
|             IPS excludes               0.00 ( 0.01% of Nonbo)
|             Other                      0.00 ( 0.03% of Nonbo)
|          Nonbond force              1.00 (81.52% of Force)
|          Bond/Angle/Dihedral        0.23 (18.42% of Force)
|          Other                      0.00 ( 0.05% of Force)
|       Force time                 1.22 (100.0% of Runmd)
|    Runmd Time                 1.22 (70.77% of Total)
|    Other                      0.50 (29.12% of Total)
| Total time                 1.73 (100.0% of ALL  )

| Number of list builds   :          1

| Highest rstack allocated:     204762
| Highest istack allocated:       2692
|           Job began  at 11:19:02.065  on 03/22/2017
|           Setup done at 11:19:02.104  on 03/22/2017
|           Run   done at 11:19:03.796  on 03/22/2017
|     wallclock() was called    3850 times
