
          -------------------------------------------------------
          Amber 16 SANDER                              2016
          -------------------------------------------------------

| Run on 03/29/2017 at 10:59:26

|   Executable path: sander
| Working directory: /home/steboss/Simulation/logP_standrews/inputfiles/boat/a_axial/water/equilibration
|          Hostname: Unknown
  [-O]verwriting output

File Assignments:
|  MDIN: md00004.in                                                            
| MDOUT: md00004.out                                                           
|INPCRD: md00003.rst7                                                          
|  PARM: solvated.parm7                                                        
|RESTRT: md00004.rst7                                                          
|  REFC: solvated.rst7                                                         
| MDVEL: mdvel                                                                 
| MDFRC: mdfrc                                                                 
|  MDEN: md00004.en                                                            
| MDCRD: md00004.nc                                                            
|MDINFO: md00004.info                                                          
|  MTMD: mtmd                                                                  
|INPDIP: inpdip                                                                
|RSTDIP: rstdip                                                                
|INPTRA: inptraj                                                               


 Here is the input file:

md with sander                                                                 
&cntrl                                                                         
ntxo=1,                                                                        
imin = 0, nstlim = 15000, irest = 1, ntx = 5, dt = 0.002,                      
ntt = 1, temp0 = 298.0, tautp = 1.0,                                           
ntp = 1, pres0 = 1.0, taup = 0.5,                                              
ntb = 2,                                                                       
ntc = 2, ntf = 2,                                                              
ioutfm = 1, iwrap = 1,                                                         
ntwe = 3000, ntwx = 3000, ntpr = 1500,                                         
ntr = 1, restraint_wt = 10.00,                                                 
restraintmask="!:WAT,HOH,T3P,T4P",                                             
/                                                                              
                                                                               

--------------------------------------------------------------------------------
   1.  RESOURCE   USE: 
--------------------------------------------------------------------------------

| Flags:                                                                        
 getting new box info from bottom of inpcrd
|  INFO: Old style inpcrd file read

| peek_ewald_inpcrd: Box info found
|Largest sphere to fit in unit cell has radius =    17.130
| New format PARM file being parsed.
| Version =    1.000 Date = 03/29/17 Time = 10:57:53
 NATOM  =    3142 NTYPES =       6 NBONH =    3130 MBONA  =      13
 NTHETH =      38 MTHETA =      16 NPHIH =      69 MPHIA  =      33
 NHPARM =       0 NPARM  =       0 NNB   =    4318 NRES   =    1039
 NBONA  =      13 NTHETA =      16 NPHIA =      33 NUMBND =       7
 NUMANG =       8 NPTRA  =       9 NATYP =       6 NPHB   =       1
 IFBOX  =       1 NMXRS  =      28 IFCAP =       0 NEXTRA =       0
 NCOPY  =       0


|     Memory Use     Allocated
|     Real              307298
|     Hollerith          10467
|     Integer            96418
|     Max Pairs        1047333
|     nblistReal         37704
|     nblist Int        172286
|       Total             7876 kbytes

| Note: 1-4 EEL scale factors are being read from the topology file.

| Note: 1-4 VDW scale factors are being read from the topology file.
| Duplicated    0 dihedrals
| Duplicated    0 dihedrals

     BOX TYPE: RECTILINEAR

--------------------------------------------------------------------------------
   2.  CONTROL  DATA  FOR  THE  RUN
--------------------------------------------------------------------------------

LIG                                                                             

General flags:
     imin    =       0, nmropt  =       0

Nature and format of input:
     ntx     =       5, irest   =       1, ntrx    =       1

Nature and format of output:
     ntxo    =       1, ntpr    =    1500, ntrx    =       1, ntwr    =   15000
     iwrap   =       1, ntwx    =    3000, ntwv    =       0, ntwe    =    3000
     ioutfm  =       1, ntwprt  =       0, idecomp =       0, rbornstat=      0

Potential function:
     ntf     =       2, ntb     =       2, igb     =       0, nsnb    =      25
     ipol    =       0, gbsa    =       0, iesp    =       0
     dielc   =   1.00000, cut     =   8.00000, intdiel =   1.00000

Frozen or restrained atoms:
     ibelly  =       0, ntr     =       1
     restraint_wt =  10.00000

Molecular dynamics:
     nstlim  =     15000, nscm    =         0, nrespa  =         1
     t       =   0.00000, dt      =   0.00200, vlimit  =  20.00000

Berendsen (weak-coupling) temperature regulation:
     temp0   = 298.00000, tempi   =   0.00000, tautp   =   1.00000

Pressure regulation:
     ntp     =       1
     pres0   =   1.00000, comp    =  44.60000, taup    =   0.50000

SHAKE:
     ntc     =       2, jfastw  =       0
     tol     =   0.00001

Ewald parameters:
     verbose =       0, ew_type =       0, nbflag  =       1, use_pme =       1
     vdwmeth =       1, eedmeth =       1, netfrc  =       1
     Box X =   36.005   Box Y =   34.260   Box Z =   37.195
     Alpha =   90.000   Beta  =   90.000   Gamma =   90.000
     NFFT1 =   36       NFFT2 =   36       NFFT3 =   40
     Cutoff=    8.000   Tol   =0.100E-04
     Ewald Coefficient =  0.34864
     Interpolation order =    4

    LOADING THE CONSTRAINED ATOMS AS GROUPS


   5.  REFERENCE ATOM COORDINATES

  LIG 
     Mask !:WAT,HOH,T3P,T4P; matches    28 atoms

--------------------------------------------------------------------------------
   3.  ATOMIC COORDINATES AND VELOCITIES
--------------------------------------------------------------------------------

LIG                                                                             
 begin time read from input coords =    10.000 ps

 Number of triangulated 3-point waters found:     1038

     Sum of charges from parm topology file =   0.00200000
     Forcing neutrality...

--------------------------------------------------------------------------------
   4.  RESULTS
--------------------------------------------------------------------------------

|  # of SOLUTE  degrees of freedom (RNDFP):    6296.
|  # of SOLVENT degrees of freedom (RNDFS):       0.
|  NDFMIN =    6296.     NUM_NOSHAKE =      0     CORRECTED RNDFP =    6296.
|  TOTAL # of degrees of freedom (RNDF) =    6296.
 ---------------------------------------------------
 APPROXIMATING switch and d/dx switch using CUBIC SPLINE INTERPOLATION
 using   5000.0 points per unit in tabled values
 TESTING RELATIVE ERROR over r ranging from 0.0 to cutoff
| CHECK switch(x): max rel err =   0.2738E-14   at   2.422500
| CHECK d/dx switch(x): max rel err =   0.8332E-11   at   2.782960
 ---------------------------------------------------
| Local SIZE OF NONBOND LIST =     514863
| TOTAL SIZE OF NONBOND LIST =     514863

 NSTEP =     1500   TIME(PS) =      13.000  TEMP(K) =   289.89  PRESS =  -757.0
 Etot   =     -7763.0242  EKtot   =      1813.4648  EPtot      =     -9576.4890
 BOND   =         4.8289  ANGLE   =         7.3486  DIHED      =         9.2731
 1-4 NB =         6.7792  1-4 EEL =         0.6972  VDWAALS    =      1392.9890
 EELEC  =    -11004.5250  EHBOND  =         0.0000  RESTRAINT  =         6.1199
 EAMBER (non-restraint)  =     -9582.6088
 EKCMT  =       899.5410  VIRIAL  =      1552.1118  VOLUME     =     39925.4998
                                                    Density    =         0.7845
 Ewald error estimate:   0.8157E-04
 ------------------------------------------------------------------------------


 NSTEP =     3000   TIME(PS) =      16.000  TEMP(K) =   295.39  PRESS =  -369.1
 Etot   =     -7864.0391  EKtot   =      1847.8762  EPtot      =     -9711.9152
 BOND   =         3.2640  ANGLE   =         8.2892  DIHED      =         9.7332
 1-4 NB =         6.8198  1-4 EEL =         0.5908  VDWAALS    =      1435.7931
 EELEC  =    -11180.2724  EHBOND  =         0.0000  RESTRAINT  =         3.8670
 EAMBER (non-restraint)  =     -9715.7822
 EKCMT  =       946.0864  VIRIAL  =      1224.7059  VOLUME     =     34965.0864
                                                    Density    =         0.8957
 Ewald error estimate:   0.5697E-04
 ------------------------------------------------------------------------------


 NSTEP =     4500   TIME(PS) =      19.000  TEMP(K) =   298.70  PRESS =  -307.8
 Etot   =     -7964.7310  EKtot   =      1868.5415  EPtot      =     -9833.2725
 BOND   =         3.5688  ANGLE   =        10.4125  DIHED      =        10.2275
 1-4 NB =         7.5949  1-4 EEL =         0.5135  VDWAALS    =      1431.3729
 EELEC  =    -11300.5805  EHBOND  =         0.0000  RESTRAINT  =         3.6179
 EAMBER (non-restraint)  =     -9836.8904
 EKCMT  =       929.6779  VIRIAL  =      1144.4891  VOLUME     =     32327.1486
                                                    Density    =         0.9688
 Ewald error estimate:   0.1774E-03
 ------------------------------------------------------------------------------


 NSTEP =     6000   TIME(PS) =      22.000  TEMP(K) =   310.30  PRESS =   -97.6
 Etot   =     -8011.4719  EKtot   =      1941.1063  EPtot      =     -9952.5782
 BOND   =         0.7901  ANGLE   =         9.2430  DIHED      =         9.8777
 1-4 NB =         8.1260  1-4 EEL =         0.5977  VDWAALS    =      1475.6372
 EELEC  =    -11460.1701  EHBOND  =         0.0000  RESTRAINT  =         3.3203
 EAMBER (non-restraint)  =     -9955.8984
 EKCMT  =       976.3436  VIRIAL  =      1043.4378  VOLUME     =     31843.8380
                                                    Density    =         0.9835
 Ewald error estimate:   0.3342E-03
 ------------------------------------------------------------------------------


 NSTEP =     7500   TIME(PS) =      25.000  TEMP(K) =   297.80  PRESS =  -416.9
 Etot   =     -8027.3868  EKtot   =      1862.9693  EPtot      =     -9890.3561
 BOND   =         2.4407  ANGLE   =         8.8637  DIHED      =         9.9456
 1-4 NB =         7.6273  1-4 EEL =         0.5761  VDWAALS    =      1410.5293
 EELEC  =    -11334.1933  EHBOND  =         0.0000  RESTRAINT  =         3.8546
 EAMBER (non-restraint)  =     -9894.2107
 EKCMT  =       927.8064  VIRIAL  =      1215.1508  VOLUME     =     31920.6874
                                                    Density    =         0.9812
 Ewald error estimate:   0.2510E-04
 ------------------------------------------------------------------------------


 NSTEP =     9000   TIME(PS) =      28.000  TEMP(K) =   304.84  PRESS =  -656.7
 Etot   =     -8044.2253  EKtot   =      1906.9604  EPtot      =     -9951.1857
 BOND   =         3.4167  ANGLE   =         6.6618  DIHED      =         8.9271
 1-4 NB =         8.1790  1-4 EEL =         0.5542  VDWAALS    =      1383.4802
 EELEC  =    -11366.5460  EHBOND  =         0.0000  RESTRAINT  =         4.1413
 EAMBER (non-restraint)  =     -9955.3270
 EKCMT  =       933.4142  VIRIAL  =      1383.7825  VOLUME     =     31762.3547
                                                    Density    =         0.9861
 Ewald error estimate:   0.2555E-03
 ------------------------------------------------------------------------------


 NSTEP =    10500   TIME(PS) =      31.000  TEMP(K) =   290.88  PRESS =  -444.9
 Etot   =     -8032.5060  EKtot   =      1819.6271  EPtot      =     -9852.1331
 BOND   =         1.4502  ANGLE   =        11.1019  DIHED      =         8.8229
 1-4 NB =         7.2896  1-4 EEL =         0.6798  VDWAALS    =      1409.9736
 EELEC  =    -11294.4639  EHBOND  =         0.0000  RESTRAINT  =         3.0128
 EAMBER (non-restraint)  =     -9855.1459
 EKCMT  =       878.5420  VIRIAL  =      1185.9882  VOLUME     =     32007.8469
                                                    Density    =         0.9785
 Ewald error estimate:   0.4807E-03
 ------------------------------------------------------------------------------


 NSTEP =    12000   TIME(PS) =      34.000  TEMP(K) =   305.61  PRESS =  -163.2
 Etot   =     -8020.3487  EKtot   =      1911.7960  EPtot      =     -9932.1447
 BOND   =         2.8583  ANGLE   =         7.3501  DIHED      =        10.1446
 1-4 NB =         8.3851  1-4 EEL =         0.5046  VDWAALS    =      1436.9445
 EELEC  =    -11400.7724  EHBOND  =         0.0000  RESTRAINT  =         2.4404
 EAMBER (non-restraint)  =     -9934.5851
 EKCMT  =       976.1210  VIRIAL  =      1087.5079  VOLUME     =     31619.8220
                                                    Density    =         0.9905
 Ewald error estimate:   0.3145E-04
 ------------------------------------------------------------------------------


 NSTEP =    13500   TIME(PS) =      37.000  TEMP(K) =   298.59  PRESS =   115.1
 Etot   =     -8045.8777  EKtot   =      1867.8693  EPtot      =     -9913.7470
 BOND   =         5.8441  ANGLE   =         8.2294  DIHED      =         9.3993
 1-4 NB =         6.7688  1-4 EEL =         0.7098  VDWAALS    =      1503.2992
 EELEC  =    -11450.5189  EHBOND  =         0.0000  RESTRAINT  =         2.5213
 EAMBER (non-restraint)  =     -9916.2683
 EKCMT  =       978.2642  VIRIAL  =       898.8731  VOLUME     =     31933.5493
                                                    Density    =         0.9808
 Ewald error estimate:   0.2265E-04
 ------------------------------------------------------------------------------


 NSTEP =    15000   TIME(PS) =      40.000  TEMP(K) =   302.37  PRESS =  -233.1
 Etot   =     -8045.5234  EKtot   =      1891.5365  EPtot      =     -9937.0599
 BOND   =         4.3927  ANGLE   =        10.4151  DIHED      =         8.5561
 1-4 NB =         7.2245  1-4 EEL =         0.5762  VDWAALS    =      1461.4586
 EELEC  =    -11431.4084  EHBOND  =         0.0000  RESTRAINT  =         1.7252
 EAMBER (non-restraint)  =     -9938.7851
 EKCMT  =       942.7671  VIRIAL  =      1103.6168  VOLUME     =     31957.9780
                                                    Density    =         0.9800
 Ewald error estimate:   0.8719E-04
 ------------------------------------------------------------------------------


      A V E R A G E S   O V E R   15000 S T E P S


 NSTEP =    15000   TIME(PS) =      40.000  TEMP(K) =   297.81  PRESS =  -134.1
 Etot   =     -7965.1222  EKtot   =      1863.0329  EPtot      =     -9828.1551
 BOND   =         2.9071  ANGLE   =         8.4888  DIHED      =         9.7146
 1-4 NB =         7.7349  1-4 EEL =         0.5692  VDWAALS    =      1463.5010
 EELEC  =    -11324.8900  EHBOND  =         0.0000  RESTRAINT  =         3.8193
 EAMBER (non-restraint)  =     -9831.9744
 EKCMT  =       930.9980  VIRIAL  =      1042.6111  VOLUME     =     33646.3300
                                                    Density    =         0.9392
 Ewald error estimate:   0.1704E-03
 ------------------------------------------------------------------------------


      R M S  F L U C T U A T I O N S


 NSTEP =    15000   TIME(PS) =      40.000  TEMP(K) =     4.42  PRESS =   327.1
 Etot   =       106.6686  EKtot   =        27.6726  EPtot      =       115.2042
 BOND   =         1.2003  ANGLE   =         1.4701  DIHED      =         0.7205
 1-4 NB =         0.6576  1-4 EEL =         0.0699  VDWAALS    =        39.9494
 EELEC  =       133.5293  EHBOND  =         0.0000  RESTRAINT  =         1.1001
 EAMBER (non-restraint)  =       114.1041
 EKCMT  =        21.9138  VIRIAL  =       255.5527  VOLUME     =      3456.7605
                                                    Density    =         0.0811
 Ewald error estimate:   0.1264E-03
 ------------------------------------------------------------------------------


--------------------------------------------------------------------------------
   5.  TIMINGS
--------------------------------------------------------------------------------

|                Build the list            26.48 (98.99% of List )
|                Other                      0.27 ( 1.01% of List )
|             List time                 26.75 ( 8.54% of Nonbo)
|                   Short_ene time           228.06 (99.25% of Direc)
|                   Other                      1.72 ( 0.75% of Direc)
|                Direct Ewald time        229.77 (80.25% of Ewald)
|                Adjust Ewald time          1.72 ( 0.60% of Ewald)
|                Self Ewald time            0.02 ( 0.01% of Ewald)
|                   Fill Bspline coeffs        2.07 ( 3.80% of Recip)
|                   Fill charge grid           5.39 ( 9.91% of Recip)
|                   Scalar sum                11.16 (20.51% of Recip)
|                   Grad sum                  11.03 (20.27% of Recip)
|                   FFT time                  24.73 (45.47% of Recip)
|                   Other                      0.02 ( 0.04% of Recip)
|                Recip Ewald time          54.39 (19.00% of Ewald)
|                Force Adjust               0.04 ( 0.01% of Ewald)
|                Virial junk                0.24 ( 0.09% of Ewald)
|                Other                      0.12 ( 0.04% of Ewald)
|             Ewald time               286.33 (91.44% of Nonbo)
|             Other                      0.05 ( 0.02% of Nonbo)
|          Nonbond force            313.14 (99.79% of Force)
|          Bond/Angle/Dihedral        0.56 ( 0.18% of Force)
|          Other                      0.09 ( 0.03% of Force)
|       Force time               313.79 (98.43% of Runmd)
|       Shake time                 2.20 ( 0.69% of Runmd)
|       Verlet update time         2.14 ( 0.67% of Runmd)
|       Ekcmr time                 0.38 ( 0.12% of Runmd)
|       Other                      0.28 ( 0.09% of Runmd)
|    Runmd Time               318.79 (100.0% of Total)
|    Other                      0.04 ( 0.01% of Total)
| Total time               318.83 (100.0% of ALL  )

| Number of list builds   :       1407

| Highest rstack allocated:     204912
| Highest istack allocated:       3142

| Final Performance Info:
| -----------------------------------------------------
| Average timings for all steps:
|     Elapsed(s) =     318.79 Per Step(ms) =      21.25
|         ns/day =       8.13   seconds/ns =   10626.35
| -----------------------------------------------------

|           Job began  at 10:59:26.906  on 03/29/2017
|           Setup done at 10:59:26.947  on 03/29/2017
|           Run   done at 11:04:45.737  on 03/29/2017
|     wallclock() was called  692837 times
