
          -------------------------------------------------------
          Amber 16 SANDER                              2016
          -------------------------------------------------------

| Run on 03/29/2017 at 10:57:55

|   Executable path: sander
| Working directory: /home/steboss/Simulation/logP_standrews/inputfiles/boat/a_axial/water/equilibration
|          Hostname: Unknown
  [-O]verwriting output

File Assignments:
|  MDIN: md00002.in                                                            
| MDOUT: md00002.out                                                           
|INPCRD: min00001.rst7                                                         
|  PARM: solvated.parm7                                                        
|RESTRT: md00002.rst7                                                          
|  REFC: solvated.rst7                                                         
| MDVEL: mdvel                                                                 
| MDFRC: mdfrc                                                                 
|  MDEN: md00002.en                                                            
| MDCRD: md00002.nc                                                            
|MDINFO: md00002.info                                                          
|  MTMD: mtmd                                                                  
|INPDIP: inpdip                                                                
|RSTDIP: rstdip                                                                
|INPTRA: inptraj                                                               


 Here is the input file:

heat the system                                                                
&cntrl                                                                         
ntxo=1,                                                                        
imin = 0, nstlim = 1000, irest = 0, ntx = 1, dt = 0.002,                       
nmropt = 1,                                                                    
ntt = 1, temp0 = 300.0, tempi = 5.0, tautp = 1.0,                              
ntb = 1, pres0 = 1.0,                                                          
ntc = 2, ntf = 2,                                                              
ioutfm = 1, iwrap = 1,                                                         
ntwe = 200, ntwx = 200, ntpr = 100,                                            
ntr = 1, restraint_wt = 10.00,                                                 
restraintmask="!:WAT,HOH,T3P,T4P",                                             
/                                                                              
                                                                               
&wt                                                                            
type = 'TEMP0',                                                                
istep1 = 0, istep2 = 1000,                                                     
value1 = 5.0, value2 = 300.0                                                   
/                                                                              
                                                                               
&wt type = 'END'                                                               
 /                                                                             
                                                                               

--------------------------------------------------------------------------------
   1.  RESOURCE   USE: 
--------------------------------------------------------------------------------

| Flags:                                                                        
 getting new box info from bottom of inpcrd
|  INFO: Old style inpcrd file read

| peek_ewald_inpcrd: Box info found
|Largest sphere to fit in unit cell has radius =    17.130
| New format PARM file being parsed.
| Version =    1.000 Date = 03/29/17 Time = 10:57:53
 NATOM  =    3142 NTYPES =       6 NBONH =    3130 MBONA  =      13
 NTHETH =      38 MTHETA =      16 NPHIH =      69 MPHIA  =      33
 NHPARM =       0 NPARM  =       0 NNB   =    4318 NRES   =    1039
 NBONA  =      13 NTHETA =      16 NPHIA =      33 NUMBND =       7
 NUMANG =       8 NPTRA  =       9 NATYP =       6 NPHB   =       1
 IFBOX  =       1 NMXRS  =      28 IFCAP =       0 NEXTRA =       0
 NCOPY  =       0


|     Memory Use     Allocated
|     Real              307327
|     Hollerith          10467
|     Integer            96463
|     Max Pairs        1047333
|     nblistReal         37704
|     nblist Int        172286
|       Total             7877 kbytes

| Note: 1-4 EEL scale factors are being read from the topology file.

| Note: 1-4 VDW scale factors are being read from the topology file.
| Duplicated    0 dihedrals
| Duplicated    0 dihedrals

     BOX TYPE: RECTILINEAR

--------------------------------------------------------------------------------
   2.  CONTROL  DATA  FOR  THE  RUN
--------------------------------------------------------------------------------

LIG                                                                             

General flags:
     imin    =       0, nmropt  =       1

Nature and format of input:
     ntx     =       1, irest   =       0, ntrx    =       1

Nature and format of output:
     ntxo    =       1, ntpr    =     100, ntrx    =       1, ntwr    =    1000
     iwrap   =       1, ntwx    =     200, ntwv    =       0, ntwe    =     200
     ioutfm  =       1, ntwprt  =       0, idecomp =       0, rbornstat=      0

Potential function:
     ntf     =       2, ntb     =       1, igb     =       0, nsnb    =      25
     ipol    =       0, gbsa    =       0, iesp    =       0
     dielc   =   1.00000, cut     =   8.00000, intdiel =   1.00000

Frozen or restrained atoms:
     ibelly  =       0, ntr     =       1
     restraint_wt =  10.00000

Molecular dynamics:
     nstlim  =      1000, nscm    =         0, nrespa  =         1
     t       =   0.00000, dt      =   0.00200, vlimit  =  20.00000

Berendsen (weak-coupling) temperature regulation:
     temp0   = 300.00000, tempi   =   5.00000, tautp   =   1.00000

SHAKE:
     ntc     =       2, jfastw  =       0
     tol     =   0.00001

NMR refinement options:
     iscale  =       0, noeskp  =       1, ipnlty  =       1, mxsub   =       1
     scalm   = 100.00000, pencut  =   0.10000, tausw   =   0.10000

Ewald parameters:
     verbose =       0, ew_type =       0, nbflag  =       1, use_pme =       1
     vdwmeth =       1, eedmeth =       1, netfrc  =       1
     Box X =   36.005   Box Y =   34.260   Box Z =   37.195
     Alpha =   90.000   Beta  =   90.000   Gamma =   90.000
     NFFT1 =   36       NFFT2 =   36       NFFT3 =   40
     Cutoff=    8.000   Tol   =0.100E-04
     Ewald Coefficient =  0.34864
     Interpolation order =    4

    LOADING THE CONSTRAINED ATOMS AS GROUPS


   5.  REFERENCE ATOM COORDINATES

  LIG 
     Mask !:WAT,HOH,T3P,T4P; matches    28 atoms

--------------------------------------------------------------------------------
   3.  ATOMIC COORDINATES AND VELOCITIES
--------------------------------------------------------------------------------

LIG                                                                             
 begin time read from input coords =     0.000 ps



           Begin reading energy term weight changes/NMR restraints
 WEIGHT CHANGES:
 TEMP0         0   1000    5.000000  300.000000      0      0

 RESTRAINTS:
                          ** No restraint defined **

                  Done reading weight changes/NMR restraints


 Number of triangulated 3-point waters found:     1038

     Sum of charges from parm topology file =   0.00200000
     Forcing neutrality...

--------------------------------------------------------------------------------
   4.  RESULTS
--------------------------------------------------------------------------------

|  # of SOLUTE  degrees of freedom (RNDFP):    6296.
|  # of SOLVENT degrees of freedom (RNDFS):       0.
|  NDFMIN =    6296.     NUM_NOSHAKE =      0     CORRECTED RNDFP =    6296.
|  TOTAL # of degrees of freedom (RNDF) =    6296.
 ---------------------------------------------------
 APPROXIMATING switch and d/dx switch using CUBIC SPLINE INTERPOLATION
 using   5000.0 points per unit in tabled values
 TESTING RELATIVE ERROR over r ranging from 0.0 to cutoff
| CHECK switch(x): max rel err =   0.2738E-14   at   2.422500
| CHECK d/dx switch(x): max rel err =   0.8332E-11   at   2.782960
 ---------------------------------------------------
| Local SIZE OF NONBOND LIST =     477546
| TOTAL SIZE OF NONBOND LIST =     477546

 NSTEP =        0   TIME(PS) =       0.000  TEMP(K) =     7.57  PRESS =     0.0
 Etot   =    -11683.5366  EKtot   =        47.3492  EPtot      =    -11730.8858
 BOND   =         3.1422  ANGLE   =         5.5462  DIHED      =         8.9887
 1-4 NB =         6.9335  1-4 EEL =         0.5506  VDWAALS    =      1620.7033
 EELEC  =    -13378.5512  EHBOND  =         0.0000  RESTRAINT  =         1.8009
 EAMBER (non-restraint)  =    -11732.6867
 Ewald error estimate:   0.1407E-03
 ------------------------------------------------------------------------------

 NMR restraints: Bond =    0.000   Angle =     0.000   Torsion =     0.000
===============================================================================

 NSTEP =      100   TIME(PS) =       0.200  TEMP(K) =    87.54  PRESS =     0.0
 Etot   =    -10295.3680  EKtot   =       547.6211  EPtot      =    -10842.9891
 BOND   =         1.3439  ANGLE   =         3.7752  DIHED      =         8.6136
 1-4 NB =         7.3641  1-4 EEL =         0.5745  VDWAALS    =      1975.0178
 EELEC  =    -12840.3795  EHBOND  =         0.0000  RESTRAINT  =         0.7013
 EAMBER (non-restraint)  =    -10843.6904
 Ewald error estimate:   0.3901E-03
 ------------------------------------------------------------------------------

 NMR restraints: Bond =    0.000   Angle =     0.000   Torsion =     0.000
===============================================================================

 NSTEP =      200   TIME(PS) =       0.400  TEMP(K) =   101.56  PRESS =     0.0
 Etot   =    -10358.7365  EKtot   =       635.3337  EPtot      =    -10994.0702
 BOND   =         0.3958  ANGLE   =         4.2457  DIHED      =         8.4243
 1-4 NB =         8.1086  1-4 EEL =         0.5850  VDWAALS    =      2178.3524
 EELEC  =    -13195.9315  EHBOND  =         0.0000  RESTRAINT  =         1.7497
 EAMBER (non-restraint)  =    -10995.8199
 Ewald error estimate:   0.5899E-03
 ------------------------------------------------------------------------------

 NMR restraints: Bond =    0.000   Angle =     0.000   Torsion =     0.000
===============================================================================

 NSTEP =      300   TIME(PS) =       0.600  TEMP(K) =   107.28  PRESS =     0.0
 Etot   =    -10395.3428  EKtot   =       671.1212  EPtot      =    -11066.4640
 BOND   =         0.7763  ANGLE   =         4.8151  DIHED      =         8.2500
 1-4 NB =         7.8745  1-4 EEL =         0.5998  VDWAALS    =      2216.8515
 EELEC  =    -13306.6569  EHBOND  =         0.0000  RESTRAINT  =         1.0258
 EAMBER (non-restraint)  =    -11067.4898
 Ewald error estimate:   0.4307E-04
 ------------------------------------------------------------------------------

 NMR restraints: Bond =    0.000   Angle =     0.000   Torsion =     0.000
===============================================================================

 NSTEP =      400   TIME(PS) =       0.800  TEMP(K) =   106.59  PRESS =     0.0
 Etot   =    -10396.9718  EKtot   =       666.8034  EPtot      =    -11063.7752
 BOND   =         2.0193  ANGLE   =         3.5022  DIHED      =         8.3102
 1-4 NB =         6.8803  1-4 EEL =         0.5324  VDWAALS    =      2298.5312
 EELEC  =    -13384.3092  EHBOND  =         0.0000  RESTRAINT  =         0.7584
 EAMBER (non-restraint)  =    -11064.5336
 Ewald error estimate:   0.4786E-03
 ------------------------------------------------------------------------------

 NMR restraints: Bond =    0.000   Angle =     0.000   Torsion =     0.000
===============================================================================

 NSTEP =      500   TIME(PS) =       1.000  TEMP(K) =   111.56  PRESS =     0.0
 Etot   =    -10362.8482  EKtot   =       697.8851  EPtot      =    -11060.7333
 BOND   =         2.4975  ANGLE   =         3.7297  DIHED      =         8.3525
 1-4 NB =         7.1997  1-4 EEL =         0.6460  VDWAALS    =      2188.0007
 EELEC  =    -13272.8780  EHBOND  =         0.0000  RESTRAINT  =         1.7187
 EAMBER (non-restraint)  =    -11062.4520
 Ewald error estimate:   0.2128E-03
 ------------------------------------------------------------------------------

 NMR restraints: Bond =    0.000   Angle =     0.000   Torsion =     0.000
===============================================================================

 NSTEP =      600   TIME(PS) =       1.200  TEMP(K) =   123.36  PRESS =     0.0
 Etot   =    -10302.0038  EKtot   =       771.6890  EPtot      =    -11073.6929
 BOND   =         2.0646  ANGLE   =         4.0257  DIHED      =         8.3476
 1-4 NB =         7.0715  1-4 EEL =         0.4948  VDWAALS    =      2105.1098
 EELEC  =    -13202.3367  EHBOND  =         0.0000  RESTRAINT  =         1.5298
 EAMBER (non-restraint)  =    -11075.2227
 Ewald error estimate:   0.7390E-04
 ------------------------------------------------------------------------------

 NMR restraints: Bond =    0.000   Angle =     0.000   Torsion =     0.000
===============================================================================

 NSTEP =      700   TIME(PS) =       1.400  TEMP(K) =   128.47  PRESS =     0.0
 Etot   =    -10214.0537  EKtot   =       803.6535  EPtot      =    -11017.7072
 BOND   =         1.1621  ANGLE   =         4.0186  DIHED      =         8.1657
 1-4 NB =         7.8627  1-4 EEL =         0.6939  VDWAALS    =      2079.4875
 EELEC  =    -13121.1200  EHBOND  =         0.0000  RESTRAINT  =         2.0223
 EAMBER (non-restraint)  =    -11019.7295
 Ewald error estimate:   0.4817E-03
 ------------------------------------------------------------------------------

 NMR restraints: Bond =    0.000   Angle =     0.000   Torsion =     0.000
===============================================================================

 NSTEP =      800   TIME(PS) =       1.600  TEMP(K) =   139.04  PRESS =     0.0
 Etot   =    -10099.8142  EKtot   =       869.7991  EPtot      =    -10969.6132
 BOND   =         0.6042  ANGLE   =         4.6750  DIHED      =         8.8703
 1-4 NB =         8.1540  1-4 EEL =         0.5274  VDWAALS    =      1971.0031
 EELEC  =    -12964.7240  EHBOND  =         0.0000  RESTRAINT  =         1.2767
 EAMBER (non-restraint)  =    -10970.8900
 Ewald error estimate:   0.1096E-03
 ------------------------------------------------------------------------------

 NMR restraints: Bond =    0.000   Angle =     0.000   Torsion =     0.000
===============================================================================

 NSTEP =      900   TIME(PS) =       1.800  TEMP(K) =   151.70  PRESS =     0.0
 Etot   =     -9964.3622  EKtot   =       948.9908  EPtot      =    -10913.3530
 BOND   =         0.8205  ANGLE   =         4.0070  DIHED      =         8.5996
 1-4 NB =         8.0639  1-4 EEL =         0.6271  VDWAALS    =      1959.1336
 EELEC  =    -12895.7871  EHBOND  =         0.0000  RESTRAINT  =         1.1825
 EAMBER (non-restraint)  =    -10914.5354
 Ewald error estimate:   0.2371E-03
 ------------------------------------------------------------------------------

 NMR restraints: Bond =    0.000   Angle =     0.000   Torsion =     0.000
===============================================================================

 NSTEP =     1000   TIME(PS) =       2.000  TEMP(K) =   164.52  PRESS =     0.0
 Etot   =     -9806.4444  EKtot   =      1029.2105  EPtot      =    -10835.6549
 BOND   =         1.6009  ANGLE   =         4.7328  DIHED      =         8.4826
 1-4 NB =         7.3723  1-4 EEL =         0.5841  VDWAALS    =      1944.8673
 EELEC  =    -12804.9985  EHBOND  =         0.0000  RESTRAINT  =         1.7037
 EAMBER (non-restraint)  =    -10837.3586
 Ewald error estimate:   0.4495E-03
 ------------------------------------------------------------------------------

 NMR restraints: Bond =    0.000   Angle =     0.000   Torsion =     0.000
===============================================================================

      A V E R A G E S   O V E R    1000 S T E P S


 NSTEP =     1000   TIME(PS) =       2.000  TEMP(K) =   116.37  PRESS =     0.0
 Etot   =    -10243.3977  EKtot   =       727.9536  EPtot      =    -10971.3513
 BOND   =         1.4402  ANGLE   =         4.2054  DIHED      =         8.4600
 1-4 NB =         7.4667  1-4 EEL =         0.5746  VDWAALS    =      2080.2005
 EELEC  =    -13075.0576  EHBOND  =         0.0000  RESTRAINT  =         1.3587
 EAMBER (non-restraint)  =    -10972.7100
 Ewald error estimate:   0.2365E-03
 ------------------------------------------------------------------------------

 NMR restraints: Bond =    0.000   Angle =     0.000   Torsion =     0.000
===============================================================================

      R M S  F L U C T U A T I O N S


 NSTEP =     1000   TIME(PS) =       2.000  TEMP(K) =    28.27  PRESS =     0.0
 Etot   =       165.3815  EKtot   =       176.8266  EPtot      =       146.9600
 BOND   =         0.6084  ANGLE   =         0.5015  DIHED      =         0.2351
 1-4 NB =         0.4324  1-4 EEL =         0.0389  VDWAALS    =       176.7974
 EELEC  =       312.8680  EHBOND  =         0.0000  RESTRAINT  =         0.4462
 EAMBER (non-restraint)  =       146.5138
 Ewald error estimate:   0.1546E-03
 ------------------------------------------------------------------------------


 NMR restraints on final step:


--------------------------------------------------------------------------------
   5.  TIMINGS
--------------------------------------------------------------------------------

|    Read coords time           0.00 ( 0.02% of Total)
|                Build the list             0.81 (96.73% of List )
|                Other                      0.03 ( 3.27% of List )
|             List time                  0.84 ( 4.83% of Nonbo)
|                   Short_ene time            12.68 (99.22% of Direc)
|                   Other                      0.10 ( 0.78% of Direc)
|                Direct Ewald time         12.78 (77.50% of Ewald)
|                Adjust Ewald time          0.11 ( 0.69% of Ewald)
|                Self Ewald time            0.00 ( 0.01% of Ewald)
|                   Fill Bspline coeffs        0.13 ( 3.55% of Recip)
|                   Fill charge grid           0.34 ( 9.42% of Recip)
|                   Scalar sum                 0.74 (20.79% of Recip)
|                   Grad sum                   0.70 (19.60% of Recip)
|                   FFT time                   1.66 (46.59% of Recip)
|                   Other                      0.00 ( 0.05% of Recip)
|                Recip Ewald time           3.57 (21.63% of Ewald)
|                Force Adjust               0.00 ( 0.02% of Ewald)
|                Virial junk                0.02 ( 0.10% of Ewald)
|                Other                      0.01 ( 0.05% of Ewald)
|             Ewald time                16.49 (95.15% of Nonbo)
|             Other                      0.00 ( 0.02% of Nonbo)
|          Nonbond force             17.34 (99.75% of Force)
|          Bond/Angle/Dihedral        0.04 ( 0.20% of Force)
|          Other                      0.01 ( 0.04% of Force)
|       Force time                17.38 (98.58% of Runmd)
|       Shake time                 0.15 ( 0.83% of Runmd)
|       Verlet update time         0.09 ( 0.53% of Runmd)
|       Other                      0.01 ( 0.06% of Runmd)
|    Runmd Time                17.63 (99.82% of Total)
|    Other                      0.03 ( 0.17% of Total)
| Total time                17.66 (100.0% of ALL  )

| Number of list builds   :         55

| Highest rstack allocated:     204912
| Highest istack allocated:       3142

| Final Performance Info:
| -----------------------------------------------------
| Average timings for all steps:
|     Elapsed(s) =      17.63 Per Step(ms) =      17.63
|         ns/day =       9.80   seconds/ns =    8815.04
| -----------------------------------------------------

|           Job began  at 10:57:55.237  on 03/29/2017
|           Setup done at 10:57:55.270  on 03/29/2017
|           Run   done at 10:58:12.900  on 03/29/2017
|     wallclock() was called   44171 times
