
          -------------------------------------------------------
          Amber 16 SANDER                              2016
          -------------------------------------------------------

| Run on 03/29/2017 at 10:58:12

|   Executable path: sander
| Working directory: /home/steboss/Simulation/logP_standrews/inputfiles/boat/a_axial/water/equilibration
|          Hostname: Unknown
  [-O]verwriting output

File Assignments:
|  MDIN: md00003.in                                                            
| MDOUT: md00003.out                                                           
|INPCRD: md00002.rst7                                                          
|  PARM: solvated.parm7                                                        
|RESTRT: md00003.rst7                                                          
|  REFC: solvated.rst7                                                         
| MDVEL: mdvel                                                                 
| MDFRC: mdfrc                                                                 
|  MDEN: md00003.en                                                            
| MDCRD: md00003.nc                                                            
|MDINFO: md00003.info                                                          
|  MTMD: mtmd                                                                  
|INPDIP: inpdip                                                                
|RSTDIP: rstdip                                                                
|INPTRA: inptraj                                                               


 Here is the input file:

constant temperature                                                           
&cntrl                                                                         
ntxo=1,                                                                        
imin = 0, nstlim = 4000, irest = 1, ntx = 5, dt = 0.002,                       
ntt = 1, temp0 = 300.0, tautp = 1.0,                                           
ntb = 1,                                                                       
ntc = 2, ntf = 2,                                                              
ioutfm = 1, iwrap = 1,                                                         
ntwe = 800, ntwx = 800, ntpr = 400,                                            
ntr = 1, restraint_wt = 10.00,                                                 
restraintmask="!:WAT,HOH,T3P,T4P",                                             
/                                                                              
                                                                               

--------------------------------------------------------------------------------
   1.  RESOURCE   USE: 
--------------------------------------------------------------------------------

| Flags:                                                                        
 getting new box info from bottom of inpcrd
|  INFO: Old style inpcrd file read

| peek_ewald_inpcrd: Box info found
|Largest sphere to fit in unit cell has radius =    17.130
| New format PARM file being parsed.
| Version =    1.000 Date = 03/29/17 Time = 10:57:53
 NATOM  =    3142 NTYPES =       6 NBONH =    3130 MBONA  =      13
 NTHETH =      38 MTHETA =      16 NPHIH =      69 MPHIA  =      33
 NHPARM =       0 NPARM  =       0 NNB   =    4318 NRES   =    1039
 NBONA  =      13 NTHETA =      16 NPHIA =      33 NUMBND =       7
 NUMANG =       8 NPTRA  =       9 NATYP =       6 NPHB   =       1
 IFBOX  =       1 NMXRS  =      28 IFCAP =       0 NEXTRA =       0
 NCOPY  =       0


|     Memory Use     Allocated
|     Real              307298
|     Hollerith          10467
|     Integer            96418
|     Max Pairs        1047333
|     nblistReal         37704
|     nblist Int        172286
|       Total             7876 kbytes

| Note: 1-4 EEL scale factors are being read from the topology file.

| Note: 1-4 VDW scale factors are being read from the topology file.
| Duplicated    0 dihedrals
| Duplicated    0 dihedrals

     BOX TYPE: RECTILINEAR

--------------------------------------------------------------------------------
   2.  CONTROL  DATA  FOR  THE  RUN
--------------------------------------------------------------------------------

LIG                                                                             

General flags:
     imin    =       0, nmropt  =       0

Nature and format of input:
     ntx     =       5, irest   =       1, ntrx    =       1

Nature and format of output:
     ntxo    =       1, ntpr    =     400, ntrx    =       1, ntwr    =    4000
     iwrap   =       1, ntwx    =     800, ntwv    =       0, ntwe    =     800
     ioutfm  =       1, ntwprt  =       0, idecomp =       0, rbornstat=      0

Potential function:
     ntf     =       2, ntb     =       1, igb     =       0, nsnb    =      25
     ipol    =       0, gbsa    =       0, iesp    =       0
     dielc   =   1.00000, cut     =   8.00000, intdiel =   1.00000

Frozen or restrained atoms:
     ibelly  =       0, ntr     =       1
     restraint_wt =  10.00000

Molecular dynamics:
     nstlim  =      4000, nscm    =         0, nrespa  =         1
     t       =   0.00000, dt      =   0.00200, vlimit  =  20.00000

Berendsen (weak-coupling) temperature regulation:
     temp0   = 300.00000, tempi   =   0.00000, tautp   =   1.00000

SHAKE:
     ntc     =       2, jfastw  =       0
     tol     =   0.00001

Ewald parameters:
     verbose =       0, ew_type =       0, nbflag  =       1, use_pme =       1
     vdwmeth =       1, eedmeth =       1, netfrc  =       1
     Box X =   36.005   Box Y =   34.260   Box Z =   37.195
     Alpha =   90.000   Beta  =   90.000   Gamma =   90.000
     NFFT1 =   36       NFFT2 =   36       NFFT3 =   40
     Cutoff=    8.000   Tol   =0.100E-04
     Ewald Coefficient =  0.34864
     Interpolation order =    4

    LOADING THE CONSTRAINED ATOMS AS GROUPS


   5.  REFERENCE ATOM COORDINATES

  LIG 
     Mask !:WAT,HOH,T3P,T4P; matches    28 atoms

--------------------------------------------------------------------------------
   3.  ATOMIC COORDINATES AND VELOCITIES
--------------------------------------------------------------------------------

LIG                                                                             
 begin time read from input coords =     2.000 ps

 Number of triangulated 3-point waters found:     1038

     Sum of charges from parm topology file =   0.00200000
     Forcing neutrality...

--------------------------------------------------------------------------------
   4.  RESULTS
--------------------------------------------------------------------------------

|  # of SOLUTE  degrees of freedom (RNDFP):    6296.
|  # of SOLVENT degrees of freedom (RNDFS):       0.
|  NDFMIN =    6296.     NUM_NOSHAKE =      0     CORRECTED RNDFP =    6296.
|  TOTAL # of degrees of freedom (RNDF) =    6296.
 ---------------------------------------------------
 APPROXIMATING switch and d/dx switch using CUBIC SPLINE INTERPOLATION
 using   5000.0 points per unit in tabled values
 TESTING RELATIVE ERROR over r ranging from 0.0 to cutoff
| CHECK switch(x): max rel err =   0.2738E-14   at   2.422500
| CHECK d/dx switch(x): max rel err =   0.8332E-11   at   2.782960
 ---------------------------------------------------
| Local SIZE OF NONBOND LIST =     506197
| TOTAL SIZE OF NONBOND LIST =     506197

 NSTEP =      400   TIME(PS) =       2.800  TEMP(K) =   205.70  PRESS =     0.0
 Etot   =     -9237.9953  EKtot   =      1286.8224  EPtot      =    -10524.8177
 BOND   =         1.4426  ANGLE   =         4.9463  DIHED      =         8.4296
 1-4 NB =         7.6059  1-4 EEL =         0.5274  VDWAALS    =      1928.5440
 EELEC  =    -12478.2173  EHBOND  =         0.0000  RESTRAINT  =         1.9038
 EAMBER (non-restraint)  =    -10526.7215
 Ewald error estimate:   0.2618E-03
 ------------------------------------------------------------------------------


 NSTEP =      800   TIME(PS) =       3.600  TEMP(K) =   226.34  PRESS =     0.0
 Etot   =     -8834.2658  EKtot   =      1415.8799  EPtot      =    -10250.1457
 BOND   =         0.7843  ANGLE   =         6.3432  DIHED      =         8.6444
 1-4 NB =         7.9725  1-4 EEL =         0.5501  VDWAALS    =      1761.8040
 EELEC  =    -12038.4587  EHBOND  =         0.0000  RESTRAINT  =         2.2145
 EAMBER (non-restraint)  =    -10252.3602
 Ewald error estimate:   0.6158E-04
 ------------------------------------------------------------------------------


 NSTEP =     1200   TIME(PS) =       4.400  TEMP(K) =   251.89  PRESS =     0.0
 Etot   =     -8537.7535  EKtot   =      1575.7543  EPtot      =    -10113.5078
 BOND   =         2.0211  ANGLE   =         6.2572  DIHED      =         8.4661
 1-4 NB =         6.9117  1-4 EEL =         0.5288  VDWAALS    =      1612.0416
 EELEC  =    -11751.2773  EHBOND  =         0.0000  RESTRAINT  =         1.5432
 EAMBER (non-restraint)  =    -10115.0509
 Ewald error estimate:   0.1863E-03
 ------------------------------------------------------------------------------


 NSTEP =     1600   TIME(PS) =       5.200  TEMP(K) =   261.60  PRESS =     0.0
 Etot   =     -8318.2342  EKtot   =      1636.5052  EPtot      =     -9954.7393
 BOND   =         1.9805  ANGLE   =         5.9346  DIHED      =         9.4173
 1-4 NB =         7.0078  1-4 EEL =         0.5594  VDWAALS    =      1567.8979
 EELEC  =    -11550.9849  EHBOND  =         0.0000  RESTRAINT  =         3.4480
 EAMBER (non-restraint)  =     -9958.1873
 Ewald error estimate:   0.1944E-03
 ------------------------------------------------------------------------------


 NSTEP =     2000   TIME(PS) =       6.000  TEMP(K) =   274.44  PRESS =     0.0
 Etot   =     -8133.2152  EKtot   =      1716.8294  EPtot      =     -9850.0446
 BOND   =         2.5433  ANGLE   =         6.2771  DIHED      =         8.9461
 1-4 NB =         7.0736  1-4 EEL =         0.5537  VDWAALS    =      1607.3660
 EELEC  =    -11486.0747  EHBOND  =         0.0000  RESTRAINT  =         3.2702
 EAMBER (non-restraint)  =     -9853.3148
 Ewald error estimate:   0.7739E-04
 ------------------------------------------------------------------------------


 NSTEP =     2400   TIME(PS) =       6.800  TEMP(K) =   277.59  PRESS =     0.0
 Etot   =     -7998.8756  EKtot   =      1736.4924  EPtot      =     -9735.3680
 BOND   =         1.6828  ANGLE   =         6.0380  DIHED      =         9.4993
 1-4 NB =         8.6667  1-4 EEL =         0.5352  VDWAALS    =      1598.5041
 EELEC  =    -11362.1433  EHBOND  =         0.0000  RESTRAINT  =         1.8492
 EAMBER (non-restraint)  =     -9737.2172
 Ewald error estimate:   0.2916E-03
 ------------------------------------------------------------------------------


 NSTEP =     2800   TIME(PS) =       7.600  TEMP(K) =   277.19  PRESS =     0.0
 Etot   =     -7895.4561  EKtot   =      1733.9813  EPtot      =     -9629.4374
 BOND   =         2.3651  ANGLE   =         4.9869  DIHED      =         9.6000
 1-4 NB =         7.5320  1-4 EEL =         0.5910  VDWAALS    =      1490.9034
 EELEC  =    -11146.9802  EHBOND  =         0.0000  RESTRAINT  =         1.5643
 EAMBER (non-restraint)  =     -9631.0017
 Ewald error estimate:   0.4540E-04
 ------------------------------------------------------------------------------


 NSTEP =     3200   TIME(PS) =       8.400  TEMP(K) =   285.65  PRESS =     0.0
 Etot   =     -7810.1280  EKtot   =      1786.9661  EPtot      =     -9597.0940
 BOND   =         1.5205  ANGLE   =         6.4400  DIHED      =        10.6038
 1-4 NB =         7.5668  1-4 EEL =         0.6551  VDWAALS    =      1500.3536
 EELEC  =    -11128.5202  EHBOND  =         0.0000  RESTRAINT  =         4.2863
 EAMBER (non-restraint)  =     -9601.3803
 Ewald error estimate:   0.4581E-04
 ------------------------------------------------------------------------------


 NSTEP =     3600   TIME(PS) =       9.200  TEMP(K) =   286.99  PRESS =     0.0
 Etot   =     -7750.5991  EKtot   =      1795.3085  EPtot      =     -9545.9076
 BOND   =         4.1768  ANGLE   =         7.4213  DIHED      =         9.1433
 1-4 NB =         6.9073  1-4 EEL =         0.4651  VDWAALS    =      1425.2414
 EELEC  =    -11001.1875  EHBOND  =         0.0000  RESTRAINT  =         1.9248
 EAMBER (non-restraint)  =     -9547.8324
 Ewald error estimate:   0.4580E-05
 ------------------------------------------------------------------------------


 NSTEP =     4000   TIME(PS) =      10.000  TEMP(K) =   295.82  PRESS =     0.0
 Etot   =     -7692.5728  EKtot   =      1850.5672  EPtot      =     -9543.1400
 BOND   =         0.5803  ANGLE   =         7.2754  DIHED      =         9.2314
 1-4 NB =         8.3477  1-4 EEL =         0.6226  VDWAALS    =      1538.6972
 EELEC  =    -11111.8651  EHBOND  =         0.0000  RESTRAINT  =         3.9706
 EAMBER (non-restraint)  =     -9547.1106
 Ewald error estimate:   0.1739E-03
 ------------------------------------------------------------------------------


      A V E R A G E S   O V E R    4000 S T E P S


 NSTEP =     4000   TIME(PS) =      10.000  TEMP(K) =   257.67  PRESS =     0.0
 Etot   =     -8320.6282  EKtot   =      1611.8914  EPtot      =     -9932.5196
 BOND   =         2.1090  ANGLE   =         6.2302  DIHED      =         9.0455
 1-4 NB =         7.5627  1-4 EEL =         0.5715  VDWAALS    =      1618.4128
 EELEC  =    -11579.0696  EHBOND  =         0.0000  RESTRAINT  =         2.6184
 EAMBER (non-restraint)  =     -9935.1380
 Ewald error estimate:   0.1401E-03
 ------------------------------------------------------------------------------


      R M S  F L U C T U A T I O N S


 NSTEP =     4000   TIME(PS) =      10.000  TEMP(K) =    32.48  PRESS =     0.0
 Etot   =       564.2184  EKtot   =       203.1920  EPtot      =       363.9251
 BOND   =         0.8249  ANGLE   =         1.1306  DIHED      =         0.4836
 1-4 NB =         0.4968  1-4 EEL =         0.0578  VDWAALS    =       151.1065
 EELEC  =       508.1593  EHBOND  =         0.0000  RESTRAINT  =         0.8658
 EAMBER (non-restraint)  =       363.0593
 Ewald error estimate:   0.1082E-03
 ------------------------------------------------------------------------------


--------------------------------------------------------------------------------
   5.  TIMINGS
--------------------------------------------------------------------------------

|    Read coords time           0.00 ( 0.01% of Total)
|                Build the list             5.19 (98.46% of List )
|                Other                      0.08 ( 1.54% of List )
|             List time                  5.28 ( 7.25% of Nonbo)
|                   Short_ene time            52.04 (99.19% of Direc)
|                   Other                      0.43 ( 0.81% of Direc)
|                Direct Ewald time         52.46 (77.73% of Ewald)
|                Adjust Ewald time          0.46 ( 0.68% of Ewald)
|                Self Ewald time            0.01 ( 0.01% of Ewald)
|                   Fill Bspline coeffs        0.52 ( 3.62% of Recip)
|                   Fill charge grid           1.39 ( 9.63% of Recip)
|                   Scalar sum                 3.01 (20.82% of Recip)
|                   Grad sum                   2.86 (19.78% of Recip)
|                   FFT time                   6.66 (46.10% of Recip)
|                   Other                      0.01 ( 0.04% of Recip)
|                Recip Ewald time          14.46 (21.42% of Ewald)
|                Force Adjust               0.01 ( 0.02% of Ewald)
|                Virial junk                0.06 ( 0.09% of Ewald)
|                Other                      0.03 ( 0.05% of Ewald)
|             Ewald time                67.49 (92.73% of Nonbo)
|             Other                      0.01 ( 0.02% of Nonbo)
|          Nonbond force             72.79 (99.76% of Force)
|          Bond/Angle/Dihedral        0.15 ( 0.21% of Force)
|          Other                      0.02 ( 0.03% of Force)
|       Force time                72.96 (98.66% of Runmd)
|       Shake time                 0.59 ( 0.80% of Runmd)
|       Verlet update time         0.35 ( 0.47% of Runmd)
|       Other                      0.05 ( 0.07% of Runmd)
|    Runmd Time                73.95 (100.0% of Total)
|    Other                      0.03 ( 0.04% of Total)
| Total time                73.99 (100.0% of ALL  )

| Number of list builds   :        341

| Highest rstack allocated:     204912
| Highest istack allocated:       3142

| Final Performance Info:
| -----------------------------------------------------
| Average timings for all steps:
|     Elapsed(s) =      73.95 Per Step(ms) =      18.49
|         ns/day =       9.35   seconds/ns =    9243.81
| -----------------------------------------------------

|           Job began  at 10:58:12.908  on 03/29/2017
|           Setup done at 10:58:12.945  on 03/29/2017
|           Run   done at 10:59:26.896  on 03/29/2017
|     wallclock() was called  176705 times
