
          -------------------------------------------------------
          Amber 16 SANDER                              2016
          -------------------------------------------------------

| Run on 03/29/2017 at 10:57:53

|   Executable path: sander
| Working directory: /home/steboss/Simulation/logP_standrews/inputfiles/boat/a_axial/water/equilibration
|          Hostname: Unknown
  [-O]verwriting output

File Assignments:
|  MDIN: min00001.in                                                           
| MDOUT: min00001.out                                                          
|INPCRD: solvated.rst7                                                         
|  PARM: solvated.parm7                                                        
|RESTRT: min00001.rst7                                                         
|  REFC: solvated.rst7                                                         
| MDVEL: mdvel                                                                 
| MDFRC: mdfrc                                                                 
|  MDEN: min00001.en                                                           
| MDCRD: min00001.nc                                                           
|MDINFO: min00001.info                                                         
|  MTMD: mtmd                                                                  
|INPDIP: inpdip                                                                
|RSTDIP: rstdip                                                                
|INPTRA: inptraj                                                               


 Here is the input file:

                                                                               
Minimise whole system                                                          
&cntrl                                                                         
ntxo=1,                                                                        
imin = 1, ntmin = 1,                                                           
maxcyc = 100, ncyc = 10,                                                       
ntpr = 20, ntwe = 20,                                                          
dx0 = 1.0D-7,                                                                  
ntb = 1,                                                                       
ntr = 1, restraint_wt = 10.00,                                                 
restraintmask="!:WAT,HOH,T3P,T4P,CLP,MOL,LIG",                                 
/                                                                              

--------------------------------------------------------------------------------
   1.  RESOURCE   USE: 
--------------------------------------------------------------------------------

| Flags:                                                                        
 getting new box info from bottom of inpcrd
|  INFO: Old style inpcrd file read

| peek_ewald_inpcrd: Box info found
|Largest sphere to fit in unit cell has radius =    17.130
| New format PARM file being parsed.
| Version =    1.000 Date = 03/29/17 Time = 10:57:53
 NATOM  =    3142 NTYPES =       6 NBONH =    3130 MBONA  =      13
 NTHETH =      38 MTHETA =      16 NPHIH =      69 MPHIA  =      33
 NHPARM =       0 NPARM  =       0 NNB   =    4318 NRES   =    1039
 NBONA  =      13 NTHETA =      16 NPHIA =      33 NUMBND =       7
 NUMANG =       8 NPTRA  =       9 NATYP =       6 NPHB   =       1
 IFBOX  =       1 NMXRS  =      28 IFCAP =       0 NEXTRA =       0
 NCOPY  =       0


|     Memory Use     Allocated
|     Real              345202
|     Hollerith          10467
|     Integer            96418
|     Max Pairs        1047333
|     nblistReal         37704
|     nblist Int        172286
|       Total             8173 kbytes

| Note: 1-4 EEL scale factors are being read from the topology file.

| Note: 1-4 VDW scale factors are being read from the topology file.
| Duplicated    0 dihedrals
| Duplicated    0 dihedrals

     BOX TYPE: RECTILINEAR

--------------------------------------------------------------------------------
   2.  CONTROL  DATA  FOR  THE  RUN
--------------------------------------------------------------------------------

LIG                                                                             

General flags:
     imin    =       1, nmropt  =       0

Nature and format of input:
     ntx     =       1, irest   =       0, ntrx    =       1

Nature and format of output:
     ntxo    =       1, ntpr    =      20, ntrx    =       1, ntwr    =       1
     iwrap   =       0, ntwx    =       0, ntwv    =       0, ntwe    =      20
     ioutfm  =       1, ntwprt  =       0, idecomp =       0, rbornstat=      0

Potential function:
     ntf     =       1, ntb     =       1, igb     =       0, nsnb    =      25
     ipol    =       0, gbsa    =       0, iesp    =       0
     dielc   =   1.00000, cut     =   8.00000, intdiel =   1.00000

Frozen or restrained atoms:
     ibelly  =       0, ntr     =       1
     restraint_wt =  10.00000

Energy minimization:
     maxcyc  =     100, ncyc    =      10, ntmin   =       1
     dx0     =   0.00000, drms    =   0.00010

Ewald parameters:
     verbose =       0, ew_type =       0, nbflag  =       1, use_pme =       1
     vdwmeth =       1, eedmeth =       1, netfrc  =       0
     Box X =   36.005   Box Y =   34.260   Box Z =   37.195
     Alpha =   90.000   Beta  =   90.000   Gamma =   90.000
     NFFT1 =   36       NFFT2 =   36       NFFT3 =   40
     Cutoff=    8.000   Tol   =0.100E-04
     Ewald Coefficient =  0.34864
     Interpolation order =    4

    LOADING THE CONSTRAINED ATOMS AS GROUPS


   5.  REFERENCE ATOM COORDINATES

  LIG 
     Mask !:WAT,HOH,T3P,T4P,CLP,MOL,LIG; matches     0 atoms

--------------------------------------------------------------------------------
   3.  ATOMIC COORDINATES AND VELOCITIES
--------------------------------------------------------------------------------

LIG                                                                             
 begin time read from input coords =     0.000 ps

 Number of triangulated 3-point waters found:     1038

     Sum of charges from parm topology file =   0.00200000
     Forcing neutrality...

--------------------------------------------------------------------------------
   4.  RESULTS
--------------------------------------------------------------------------------

 ---------------------------------------------------
 APPROXIMATING switch and d/dx switch using CUBIC SPLINE INTERPOLATION
 using   5000.0 points per unit in tabled values
 TESTING RELATIVE ERROR over r ranging from 0.0 to cutoff
| CHECK switch(x): max rel err =   0.2738E-14   at   2.422500
| CHECK d/dx switch(x): max rel err =   0.8332E-11   at   2.782960
 ---------------------------------------------------
| Local SIZE OF NONBOND LIST =     475926
| TOTAL SIZE OF NONBOND LIST =     475926


   NSTEP       ENERGY          RMS            GMAX         NAME    NUMBER
      1      -8.3071E+03     1.1905E+01     4.4119E+01     O         785

 BOND    =        0.9200  ANGLE   =        3.1627  DIHED      =        8.0802
 VDWAALS =     1016.4731  EEL     =    -9343.7558  HBOND      =        0.0000
 1-4 VDW =        7.5002  1-4 EEL =        0.5624  RESTRAINT  =        0.0000


   NSTEP       ENERGY          RMS            GMAX         NAME    NUMBER
     20      -9.4388E+03     9.0990E+00     5.7463E+01     O        2333

 BOND    =     1277.9377  ANGLE   =        2.7606  DIHED      =        8.4497
 VDWAALS =     1034.8104  EEL     =   -11770.0174  HBOND      =        0.0000
 1-4 VDW =        6.7540  1-4 EEL =        0.5196  RESTRAINT  =        0.0000


   NSTEP       ENERGY          RMS            GMAX         NAME    NUMBER
     40      -1.0113E+04     2.7963E+00     1.6197E+01     C7          7

 BOND    =      486.9613  ANGLE   =        3.6395  DIHED      =        8.3328
 VDWAALS =     1046.6398  EEL     =   -11666.7804  HBOND      =        0.0000
 1-4 VDW =        7.4886  1-4 EEL =        0.5949  RESTRAINT  =        0.0000


   NSTEP       ENERGY          RMS            GMAX         NAME    NUMBER
     60      -1.0545E+04     1.9716E+00     1.7249E+01     O         317

 BOND    =      659.6530  ANGLE   =        2.8687  DIHED      =        8.2867
 VDWAALS =     1317.4558  EEL     =   -12541.3276  HBOND      =        0.0000
 1-4 VDW =        7.2752  1-4 EEL =        0.5644  RESTRAINT  =        0.0000


   NSTEP       ENERGY          RMS            GMAX         NAME    NUMBER
     80      -1.0802E+04     1.7940E+00     2.1804E+01     H8         20

 BOND    =      695.1946  ANGLE   =        3.5937  DIHED      =        8.5642
 VDWAALS =     1429.4896  EEL     =   -12945.9338  HBOND      =        0.0000
 1-4 VDW =        6.9795  1-4 EEL =        0.5462  RESTRAINT  =        0.0000


   NSTEP       ENERGY          RMS            GMAX         NAME    NUMBER
    100      -1.0999E+04     1.9526E+00     6.0186E+01     C6          6

 BOND    =      737.0262  ANGLE   =        5.5462  DIHED      =        8.9887
 VDWAALS =     1620.7033  EEL     =   -13378.5513  HBOND      =        0.0000
 1-4 VDW =        6.9335  1-4 EEL =        0.5506  RESTRAINT  =        0.0000


  Maximum number of minimization cycles reached.


                    FINAL RESULTS



   NSTEP       ENERGY          RMS            GMAX         NAME    NUMBER
    100      -1.0999E+04     1.9526E+00     6.0186E+01     C6          6

 BOND    =      737.0262  ANGLE   =        5.5462  DIHED      =        8.9887
 VDWAALS =     1620.7033  EEL     =   -13378.5513  HBOND      =        0.0000
 1-4 VDW =        6.9335  1-4 EEL =        0.5506  RESTRAINT  =        0.0000

--------------------------------------------------------------------------------
   5.  TIMINGS
--------------------------------------------------------------------------------

|    Read coords time           0.00 ( 0.11% of Total)
|                Build the list             0.02 (57.54% of List )
|                Other                      0.01 (42.46% of List )
|             List time                  0.03 ( 1.69% of Nonbo)
|                   Short_ene time             1.20 (99.16% of Direc)
|                   Other                      0.01 ( 0.84% of Direc)
|                Direct Ewald time          1.21 (76.31% of Ewald)
|                Adjust Ewald time          0.01 ( 0.73% of Ewald)
|                Self Ewald time            0.00 ( 0.01% of Ewald)
|                   Fill Bspline coeffs        0.01 ( 3.43% of Recip)
|                   Fill charge grid           0.03 ( 9.52% of Recip)
|                   Scalar sum                 0.08 (20.98% of Recip)
|                   Grad sum                   0.07 (19.75% of Recip)
|                   FFT time                   0.17 (46.28% of Recip)
|                   Other                      0.00 ( 0.04% of Recip)
|                Recip Ewald time           0.36 (22.78% of Ewald)
|                Virial junk                0.00 ( 0.10% of Ewald)
|                Other                      0.00 ( 0.05% of Ewald)
|             Ewald time                 1.58 (98.29% of Nonbo)
|             Other                      0.00 ( 0.02% of Nonbo)
|          Nonbond force              1.61 (99.45% of Force)
|          Bond/Angle/Dihedral        0.01 ( 0.50% of Force)
|          Other                      0.00 ( 0.05% of Force)
|       Force time                 1.62 (100.0% of Runmd)
|    Runmd Time                 1.62 (73.78% of Total)
|    Other                      0.57 (26.11% of Total)
| Total time                 2.19 (99.88% of ALL  )

| Number of list builds   :          1

| Highest rstack allocated:     204912
| Highest istack allocated:       3142
|           Job began  at 10:57:53.033  on 03/29/2017
|           Setup done at 10:57:53.065  on 03/29/2017
|           Run   done at 10:57:55.229  on 03/29/2017
|     wallclock() was called    3850 times
