            --------------------------------------------------------
                             AMBER SQM VERSION 14
 
                                     By
              Ross C. Walker, Michael F. Crowley, Scott Brozell,
                         Tim Giese, Andreas W. Goetz,
                        Tai-Sung Lee and David A. Case
 
            --------------------------------------------------------
 

--------------------------------------------------------------------------------
  QM CALCULATION INFO
--------------------------------------------------------------------------------

| QMMM: Citation for AMBER QMMM Run:
| QMMM: R.C. Walker, M.F. Crowley and D.A. Case, J. COMP. CHEM. 29:1019, 2008

QMMM: SINGLET STATE CALCULATION
QMMM: RHF CALCULATION, NO. OF DOUBLY OCCUPIED LEVELS = 38

| QMMM: *** Selected Hamiltonian *** 
| QMMM: AM1         

| QMMM: *** Parameter sets in use ***
| QMMM: C : M.J.S.DEWAR et al. JACS, 107, 3902, (1985)
| QMMM: F : M.J.S.DEWAR et al. THEOCHEM, 180, 1, (1988)
| QMMM: H : M.J.S.DEWAR et al. JACS, 107, 3902, (1985)

| QMMM: *** SCF convergence criteria ***
| QMMM: Energy change                :  0.1D-09 kcal/mol
| QMMM: Error matrix |FP-PF|         :  0.1D+00 au
| QMMM: Density matrix change        :  0.5D-06
| QMMM: Maximum number of SCF cycles :     1000

| QMMM: *** Diagonalization Routine Information ***
| QMMM: Pseudo diagonalizations are allowed.
| QMMM: Auto diagonalization routine selection is in use.
| QMMM:
| QMMM: Timing diagonalization routines:
| QMMM:                              norbs =       70
| QMMM:    diag iterations used for timing =       15
| QMMM:
| QMMM:              Internal diag routine = 0.017374 seconds
| QMMM:                 Dspev diag routine = 0.015492 seconds
| QMMM:                Dspevd diag routine = 0.012254 seconds
| QMMM:                Dspevx diag routine = 0.046816 seconds
| QMMM:                 Dsyev diag routine = 0.016812 seconds
| QMMM:                Dsyevd diag routine = 0.014508 seconds
| QMMM:                Dsyevr diag routine = 0.014500 seconds
| QMMM:
| QMMM:                Pseudo diag routine = 0.005096 seconds
| QMMM:
| QMMM: Using dspevd routine (diag_routine=3).

  QMMM: QM Region Cartesian Coordinates (*=link atom) 
  QMMM: QM_NO.   MM_NO.  ATOM         X         Y         Z
  QMMM:     1        1      C        1.7900    1.6660    1.0440
  QMMM:     2        2      C        0.3260    1.7820    0.5460
  QMMM:     3        3      C       -0.5940    2.2120    1.7170
  QMMM:     4        4      C       -0.4580    1.2950    2.9480
  QMMM:     5        5      C        1.0010    1.1810    3.4090
  QMMM:     6        6      C        1.8910    0.7120    2.2490
  QMMM:     7        7      F        2.2420    2.8690    1.4150
  QMMM:     8        8      F        3.1570    0.5990    2.6560
  QMMM:     9        9      C       -0.3360    4.3000   -2.9660
  QMMM:    10       10      C       -1.4040    3.6060   -2.3700
  QMMM:    11       11      C       -1.1720    2.7890   -1.2470
  QMMM:    12       12      C        0.1240    2.6670   -0.6930
  QMMM:    13       13      C        1.1920    3.3590   -1.3130
  QMMM:    14       14      C        0.9630    4.1670   -2.4420
  QMMM:    15       15      H        2.4390    1.3110    0.2440
  QMMM:    16       16      H        0.0180    0.7820    0.2330
  QMMM:    17       17      H       -1.6380    2.2160    1.4060
  QMMM:    18       18      H       -0.3570    3.2370    2.0000
  QMMM:    19       19      H       -1.0770    1.6740    3.7610
  QMMM:    20       20      H       -0.8440    0.3030    2.7110
  QMMM:    21       21      H        1.3470    2.1480    3.7800
  QMMM:    22       22      H        1.0760    0.4860    4.2440
  QMMM:    23       23      H        1.5880   -0.2910    1.9440
  QMMM:    24       24      H       -0.5080    4.9300   -3.8260
  QMMM:    25       25      H       -2.4020    3.7000   -2.7770
  QMMM:    26       26      H       -2.0070    2.2590   -0.8120
  QMMM:    27       27      H        2.2020    3.2940   -0.9410
  QMMM:    28       28      H        1.7900    4.6890   -2.9030

--------------------------------------------------------------------------------
  RESULTS
--------------------------------------------------------------------------------

      iter         sqm energy              rms gradient
      ----    -------------------    -----------------------
xmin    10      -95.9425 kcal/mol        0.5870 kcal/(mol*A)
xmin    20      -96.0800 kcal/mol        0.4714 kcal/(mol*A)
xmin    30      -96.1404 kcal/mol        0.5400 kcal/(mol*A)
xmin    40      -96.1729 kcal/mol        0.3277 kcal/(mol*A)
xmin    50      -96.2028 kcal/mol        0.0565 kcal/(mol*A)
xmin    60      -96.2042 kcal/mol        0.0612 kcal/(mol*A)
xmin    70      -96.2048 kcal/mol        0.0134 kcal/(mol*A)
xmin    80      -96.2050 kcal/mol        0.0253 kcal/(mol*A)
xmin    90      -96.2051 kcal/mol        0.0183 kcal/(mol*A)
xmin   100      -96.2052 kcal/mol        0.0066 kcal/(mol*A)
xmin   110      -96.2052 kcal/mol        0.0162 kcal/(mol*A)
xmin   120      -96.2053 kcal/mol        0.0134 kcal/(mol*A)
xmin   130      -96.2053 kcal/mol        0.0039 kcal/(mol*A)
xmin   140      -96.2053 kcal/mol        0.0051 kcal/(mol*A)
xmin   150      -96.2053 kcal/mol        0.0010 kcal/(mol*A)
xmin   160      -96.2053 kcal/mol        0.0030 kcal/(mol*A)
xmin   170      -96.2053 kcal/mol        0.0106 kcal/(mol*A)
  ... geometry converged !
 
 Final MO eigenvalues (eV):
 -49.3374  -48.3467  -40.0064  -38.0202  -33.5166  -31.5636  -30.7665  -29.5914
 -24.6107  -23.9736  -22.9743  -21.9677  -20.7273  -18.2443  -17.3921  -17.0994
 -16.9803  -16.5644  -16.1545  -15.7229  -15.3234  -14.9595  -14.7639  -14.3433
 -14.1221  -14.0937  -13.5290  -13.2405  -12.6658  -12.5956  -12.3276  -12.0170
 -11.9750  -11.6389  -11.2972  -11.0619   -9.7486   -9.5441    0.3406    0.4781
   2.7428    2.7805    3.1271    3.1421    3.3467    3.5651    3.5939    3.7404
   3.7928    3.9148    3.9603    3.9931    4.0696    4.0971    4.2500    4.4091
   4.4505    4.5388    4.5603    4.6644    4.7538    4.8021    4.8879    5.0103
   5.0777    5.0943    5.4951    5.5247    5.6333    6.0192

 Heat of formation   =        -96.20534309 kcal/mol  (       -4.17177673 eV)

 Total SCF energy    =     -62271.27796008 kcal/mol  (    -2700.28524175 eV)
 Electronic energy   =    -335684.66417432 kcal/mol  (   -14556.37934931 eV)
 Core-core repulsion =     273413.38621425 kcal/mol  (    11856.09410755 eV)
 
    Atomic Charges for Step       1 :
  Atom    Element       Mulliken Charge
     1      C                  0.040
     2      C                 -0.090
     3      C                 -0.156
     4      C                 -0.156
     5      C                 -0.188
     6      C                  0.035
     7      F                 -0.159
     8      F                 -0.162
     9      C                 -0.129
    10      C                 -0.129
    11      C                 -0.130
    12      C                 -0.072
    13      C                 -0.122
    14      C                 -0.127
    15      H                  0.106
    16      H                  0.101
    17      H                  0.092
    18      H                  0.102
    19      H                  0.092
    20      H                  0.079
    21      H                  0.108
    22      H                  0.097
    23      H                  0.096
    24      H                  0.132
    25      H                  0.131
    26      H                  0.129
    27      H                  0.147
    28      H                  0.133
 Total Mulliken Charge =      -0.000
 
                  X        Y        Z     TOTAL  
  QM DIPOLE    -2.409   -0.638   -0.649    2.575
 
 Final Structure

  QMMM: QM Region Cartesian Coordinates (*=link atom) 
  QMMM: QM_NO.   MM_NO.  ATOM         X         Y         Z
  QMMM:     1        1      C        1.7858    1.6302    0.9999
  QMMM:     2        2      C        0.3185    1.8627    0.5871
  QMMM:     3        3      C       -0.4627    2.4222    1.7713
  QMMM:     4        4      C       -0.4344    1.4523    2.9357
  QMMM:     5        5      C        0.9808    1.1076    3.3440
  QMMM:     6        6      C        1.7783    0.5714    2.1501
  QMMM:     7        7      F        2.4319    2.7824    1.4139
  QMMM:     8        8      F        3.0725    0.2466    2.5178
  QMMM:     9        9      C       -0.3498    4.2098   -2.9523
  QMMM:    10       10      C       -1.3360    3.3547   -2.4583
  QMMM:    11       11      C       -1.0982    2.6055   -1.3096
  QMMM:    12       12      C        0.1297    2.7005   -0.6350
  QMMM:    13       13      C        1.1107    3.5607   -1.1359
  QMMM:    14       14      C        0.8709    4.3099   -2.2887
  QMMM:    15       15      H        2.3601    1.2097    0.1251
  QMMM:    16       16      H       -0.0958    0.8372    0.3485
  QMMM:    17       17      H       -1.5228    2.6131    1.4620
  QMMM:    18       18      H       -0.0116    3.4018    2.0794
  QMMM:    19       19      H       -0.9683    1.9079    3.8104
  QMMM:    20       20      H       -0.9850    0.5149    2.6577
  QMMM:    21       21      H        1.5011    2.0190    3.7400
  QMMM:    22       22      H        0.9737    0.3365    4.1560
  QMMM:    23       23      H        1.2855   -0.3626    1.7527
  QMMM:    24       24      H       -0.5367    4.8011   -3.8602
  QMMM:    25       25      H       -2.3023    3.2715   -2.9769
  QMMM:    26       26      H       -1.8789    1.9324   -0.9244
  QMMM:    27       27      H        2.0795    3.6601   -0.6220
  QMMM:    28       28      H        1.6523    4.9831   -2.6713

           --------- Calculation Completed ----------

