
          -------------------------------------------------------
          Amber 16 SANDER                              2016
          -------------------------------------------------------

| Run on 03/22/2017 at 11:20:13

|   Executable path: sander
| Working directory: /home/steboss/Simulation/logP_standrews/a_phenyl-cyclohexane/cyclohexane/equilibration
|          Hostname: Unknown
  [-O]verwriting output

File Assignments:
|  MDIN: md00004.in                                                            
| MDOUT: md00004.out                                                           
|INPCRD: md00003.rst7                                                          
|  PARM: solvated.parm7                                                        
|RESTRT: md00004.rst7                                                          
|  REFC: solvated.rst7                                                         
| MDVEL: mdvel                                                                 
| MDFRC: mdfrc                                                                 
|  MDEN: md00004.en                                                            
| MDCRD: md00004.nc                                                            
|MDINFO: md00004.info                                                          
|  MTMD: mtmd                                                                  
|INPDIP: inpdip                                                                
|RSTDIP: rstdip                                                                
|INPTRA: inptraj                                                               


 Here is the input file:

md with sander                                                                 
&cntrl                                                                         
ntxo=1,                                                                        
imin = 0, nstlim = 15000, irest = 1, ntx = 5, dt = 0.002,                      
ntt = 1, temp0 = 298.0, tautp = 1.0,                                           
ntp = 1, pres0 = 1.0, taup = 0.5,                                              
ntb = 2,                                                                       
ntc = 2, ntf = 2,                                                              
ioutfm = 1, iwrap = 1,                                                         
ntwe = 3000, ntwx = 3000, ntpr = 1500,                                         
ntr = 1, restraint_wt = 10.00,                                                 
restraintmask="!:CYC",                                                         
/                                                                              
                                                                               

--------------------------------------------------------------------------------
   1.  RESOURCE   USE: 
--------------------------------------------------------------------------------

| Flags:                                                                        
 getting new box info from bottom of inpcrd
|  INFO: Old style inpcrd file read

| peek_ewald_inpcrd: Box info found
|Largest sphere to fit in unit cell has radius =    18.184
| New format PARM file being parsed.
| Version =    1.000 Date = 03/22/17 Time = 11:19:02
 NATOM  =    2692 NTYPES =       4 NBONH =    1792 MBONA  =     901
 NTHETH =    4478 MTHETA =     904 NPHIH =    7173 MPHIA  =    2697
 NHPARM =       0 NPARM  =       0 NNB   =   15851 NRES   =     149
 NBONA  =     901 NTHETA =     904 NPHIA =    2697 NUMBND =       5
 NUMANG =       8 NPTRA  =       9 NATYP =       4 NPHB   =       0
 IFBOX  =       1 NMXRS  =      28 IFCAP =       0 NEXTRA =       0
 NCOPY  =       0


|     Memory Use     Allocated
|     Real              275780
|     Hollerith           8227
|     Integer           579316
|     Max Pairs         897333
|     nblistReal         32304
|     nblist Int        232135
|       Total             9113 kbytes

| Note: 1-4 EEL scale factors are being read from the topology file.

| Note: 1-4 VDW scale factors are being read from the topology file.
| Duplicated    0 dihedrals
| Duplicated    0 dihedrals

     BOX TYPE: RECTILINEAR

--------------------------------------------------------------------------------
   2.  CONTROL  DATA  FOR  THE  RUN
--------------------------------------------------------------------------------

LIG                                                                             

General flags:
     imin    =       0, nmropt  =       0

Nature and format of input:
     ntx     =       5, irest   =       1, ntrx    =       1

Nature and format of output:
     ntxo    =       1, ntpr    =    1500, ntrx    =       1, ntwr    =   15000
     iwrap   =       1, ntwx    =    3000, ntwv    =       0, ntwe    =    3000
     ioutfm  =       1, ntwprt  =       0, idecomp =       0, rbornstat=      0

Potential function:
     ntf     =       2, ntb     =       2, igb     =       0, nsnb    =      25
     ipol    =       0, gbsa    =       0, iesp    =       0
     dielc   =   1.00000, cut     =   8.00000, intdiel =   1.00000

Frozen or restrained atoms:
     ibelly  =       0, ntr     =       1
     restraint_wt =  10.00000

Molecular dynamics:
     nstlim  =     15000, nscm    =         0, nrespa  =         1
     t       =   0.00000, dt      =   0.00200, vlimit  =  20.00000

Berendsen (weak-coupling) temperature regulation:
     temp0   = 298.00000, tempi   =   0.00000, tautp   =   1.00000

Pressure regulation:
     ntp     =       1
     pres0   =   1.00000, comp    =  44.60000, taup    =   0.50000

SHAKE:
     ntc     =       2, jfastw  =       0
     tol     =   0.00001

Ewald parameters:
     verbose =       0, ew_type =       0, nbflag  =       1, use_pme =       1
     vdwmeth =       1, eedmeth =       1, netfrc  =       1
     Box X =   40.882   Box Y =   36.369   Box Z =   38.420
     Alpha =   90.000   Beta  =   90.000   Gamma =   90.000
     NFFT1 =   40       NFFT2 =   36       NFFT3 =   40
     Cutoff=    8.000   Tol   =0.100E-04
     Ewald Coefficient =  0.34864
     Interpolation order =    4

    LOADING THE CONSTRAINED ATOMS AS GROUPS


   5.  REFERENCE ATOM COORDINATES

  LIG 
     Mask !:CYC; matches    28 atoms

--------------------------------------------------------------------------------
   3.  ATOMIC COORDINATES AND VELOCITIES
--------------------------------------------------------------------------------

LIG                                                                             
 begin time read from input coords =    10.000 ps

 Number of triangulated 3-point waters found:        0

     Sum of charges from parm topology file =   0.00000000
     Forcing neutrality...

--------------------------------------------------------------------------------
   4.  RESULTS
--------------------------------------------------------------------------------

|  # of SOLUTE  degrees of freedom (RNDFP):    6284.
|  # of SOLVENT degrees of freedom (RNDFS):       0.
|  NDFMIN =    6284.     NUM_NOSHAKE =      0     CORRECTED RNDFP =    6284.
|  TOTAL # of degrees of freedom (RNDF) =    6284.
 ---------------------------------------------------
 APPROXIMATING switch and d/dx switch using CUBIC SPLINE INTERPOLATION
 using   5000.0 points per unit in tabled values
 TESTING RELATIVE ERROR over r ranging from 0.0 to cutoff
| CHECK switch(x): max rel err =   0.2738E-14   at   2.422500
| CHECK d/dx switch(x): max rel err =   0.8332E-11   at   2.782960
 ---------------------------------------------------
| Local SIZE OF NONBOND LIST =     254336
| TOTAL SIZE OF NONBOND LIST =     254336

 NSTEP =     1500   TIME(PS) =      13.000  TEMP(K) =   295.27  PRESS =   -34.3
 Etot   =      3547.0651  EKtot   =      1843.5756  EPtot      =      1703.4895
 BOND   =       234.0715  ANGLE   =       916.4908  DIHED      =       574.0752
 1-4 NB =       406.7945  1-4 EEL =      -116.3884  VDWAALS    =      -521.2630
 EELEC  =       203.6673  EHBOND  =         0.0000  RESTRAINT  =         6.0415
 EAMBER (non-restraint)  =      1697.4481
 EKCMT  =       290.7590  VIRIAL  =       334.5165  VOLUME     =     59160.2845
                                                    Density    =         0.3541
 Ewald error estimate:   0.8840E-04
 ------------------------------------------------------------------------------


 NSTEP =     3000   TIME(PS) =      16.000  TEMP(K) =   296.55  PRESS =   131.6
 Etot   =      3626.8698  EKtot   =      1851.6098  EPtot      =      1775.2600
 BOND   =       214.2574  ANGLE   =      1020.1230  DIHED      =       565.4643
 1-4 NB =       422.0119  1-4 EEL =      -116.8142  VDWAALS    =      -540.7249
 EELEC  =       203.9867  EHBOND  =         0.0000  RESTRAINT  =         6.9559
 EAMBER (non-restraint)  =      1768.3041
 EKCMT  =       259.8178  VIRIAL  =        90.1560  VOLUME     =     59716.2508
                                                    Density    =         0.3508
 Ewald error estimate:   0.3282E-03
 ------------------------------------------------------------------------------


 NSTEP =     4500   TIME(PS) =      19.000  TEMP(K) =   294.17  PRESS =   106.4
 Etot   =      3686.6589  EKtot   =      1836.7278  EPtot      =      1849.9311
 BOND   =       241.4608  ANGLE   =      1052.7983  DIHED      =       564.6032
 1-4 NB =       413.9768  1-4 EEL =      -115.6094  VDWAALS    =      -520.0084
 EELEC  =       203.1929  EHBOND  =         0.0000  RESTRAINT  =         9.5169
 EAMBER (non-restraint)  =      1840.4141
 EKCMT  =       243.2932  VIRIAL  =       105.1102  VOLUME     =     60147.8397
                                                    Density    =         0.3483
 Ewald error estimate:   0.2831E-04
 ------------------------------------------------------------------------------


 NSTEP =     6000   TIME(PS) =      22.000  TEMP(K) =   297.84  PRESS =   -61.2
 Etot   =      3711.2917  EKtot   =      1859.6274  EPtot      =      1851.6643
 BOND   =       254.9270  ANGLE   =      1077.1253  DIHED      =       553.1822
 1-4 NB =       409.9307  1-4 EEL =      -116.0702  VDWAALS    =      -535.7995
 EELEC  =       203.6079  EHBOND  =         0.0000  RESTRAINT  =         4.7608
 EAMBER (non-restraint)  =      1846.9035
 EKCMT  =       208.6478  VIRIAL  =       288.0023  VOLUME     =     60027.9622
                                                    Density    =         0.3490
 Ewald error estimate:   0.2068E-03
 ------------------------------------------------------------------------------


 NSTEP =     7500   TIME(PS) =      25.000  TEMP(K) =   297.33  PRESS =    95.1
 Etot   =      3723.4187  EKtot   =      1856.4431  EPtot      =      1866.9756
 BOND   =       254.5091  ANGLE   =      1105.8316  DIHED      =       555.1650
 1-4 NB =       423.3451  1-4 EEL =      -116.3096  VDWAALS    =      -564.9048
 EELEC  =       204.0696  EHBOND  =         0.0000  RESTRAINT  =         5.2695
 EAMBER (non-restraint)  =      1861.7060
 EKCMT  =       199.0439  VIRIAL  =        77.5373  VOLUME     =     59188.7427
                                                    Density    =         0.3539
 Ewald error estimate:   0.2920E-04
 ------------------------------------------------------------------------------


 NSTEP =     9000   TIME(PS) =      28.000  TEMP(K) =   297.12  PRESS =  -205.0
 Etot   =      3752.1569  EKtot   =      1855.1296  EPtot      =      1897.0272
 BOND   =       257.3807  ANGLE   =      1151.1238  DIHED      =       547.5931
 1-4 NB =       412.6486  1-4 EEL =      -116.8058  VDWAALS    =      -564.6506
 EELEC  =       203.9137  EHBOND  =         0.0000  RESTRAINT  =         5.8237
 EAMBER (non-restraint)  =      1891.2036
 EKCMT  =       187.8132  VIRIAL  =       441.9322  VOLUME     =     57415.8220
                                                    Density    =         0.3649
 Ewald error estimate:   0.1535E-03
 ------------------------------------------------------------------------------


 NSTEP =    10500   TIME(PS) =      31.000  TEMP(K) =   297.79  PRESS =  -185.0
 Etot   =      3723.2329  EKtot   =      1859.3068  EPtot      =      1863.9262
 BOND   =       274.3252  ANGLE   =      1148.9340  DIHED      =       548.9714
 1-4 NB =       418.3690  1-4 EEL =      -116.3336  VDWAALS    =      -617.8509
 EELEC  =       203.8042  EHBOND  =         0.0000  RESTRAINT  =         3.7069
 EAMBER (non-restraint)  =      1860.2193
 EKCMT  =       167.6755  VIRIAL  =       390.1752  VOLUME     =     55695.5590
                                                    Density    =         0.3761
 Ewald error estimate:   0.2508E-03
 ------------------------------------------------------------------------------


 NSTEP =    12000   TIME(PS) =      34.000  TEMP(K) =   300.56  PRESS =  -220.1
 Etot   =      3711.9931  EKtot   =      1876.6367  EPtot      =      1835.3563
 BOND   =       261.9911  ANGLE   =      1142.1061  DIHED      =       548.8888
 1-4 NB =       412.6582  1-4 EEL =      -115.3252  VDWAALS    =      -628.9928
 EELEC  =       203.5179  EHBOND  =         0.0000  RESTRAINT  =        10.5123
 EAMBER (non-restraint)  =      1824.8440
 EKCMT  =       176.0544  VIRIAL  =       429.3868  VOLUME     =     53306.9421
                                                    Density    =         0.3930
 Ewald error estimate:   0.1332E-05
 ------------------------------------------------------------------------------


 NSTEP =    13500   TIME(PS) =      37.000  TEMP(K) =   291.51  PRESS =  -105.9
 Etot   =      3707.6053  EKtot   =      1820.0894  EPtot      =      1887.5159
 BOND   =       281.8727  ANGLE   =      1188.6948  DIHED      =       556.0318
 1-4 NB =       417.0103  1-4 EEL =      -117.2575  VDWAALS    =      -651.8204
 EELEC  =       204.0666  EHBOND  =         0.0000  RESTRAINT  =         8.9177
 EAMBER (non-restraint)  =      1878.5982
 EKCMT  =       178.1215  VIRIAL  =       295.5642  VOLUME     =     51366.6050
                                                    Density    =         0.4078
 Ewald error estimate:   0.1984E-03
 ------------------------------------------------------------------------------


 NSTEP =    15000   TIME(PS) =      40.000  TEMP(K) =   302.32  PRESS =  -112.5
 Etot   =      3668.0404  EKtot   =      1887.6326  EPtot      =      1780.4078
 BOND   =       282.1576  ANGLE   =      1150.3973  DIHED      =       543.8580
 1-4 NB =       422.5756  1-4 EEL =      -117.5091  VDWAALS    =      -710.5048
 EELEC  =       204.4101  EHBOND  =         0.0000  RESTRAINT  =         5.0230
 EAMBER (non-restraint)  =      1775.3847
 EKCMT  =       184.6348  VIRIAL  =       303.9460  VOLUME     =     49097.7953
                                                    Density    =         0.4267
 Ewald error estimate:   0.3146E-03
 ------------------------------------------------------------------------------


      A V E R A G E S   O V E R   15000 S T E P S


 NSTEP =    15000   TIME(PS) =      40.000  TEMP(K) =   296.17  PRESS =   -55.6
 Etot   =      3675.1565  EKtot   =      1849.2289  EPtot      =      1825.9275
 BOND   =       255.4991  ANGLE   =      1077.0867  DIHED      =       554.1644
 1-4 NB =       417.2240  1-4 EEL =      -116.9108  VDWAALS    =      -572.6105
 EELEC  =       204.1333  EHBOND  =         0.0000  RESTRAINT  =         7.3413
 EAMBER (non-restraint)  =      1818.5862
 EKCMT  =       214.2367  VIRIAL  =       277.7853  VOLUME     =     56938.2383
                                                    Density    =         0.3692
 Ewald error estimate:   0.1861E-03
 ------------------------------------------------------------------------------


      R M S  F L U C T U A T I O N S


 NSTEP =    15000   TIME(PS) =      40.000  TEMP(K) =     4.48  PRESS =   137.5
 Etot   =        78.0172  EKtot   =        27.9773  EPtot      =        67.9068
 BOND   =        23.3048  ANGLE   =        92.3276  DIHED      =        11.3522
 1-4 NB =         7.5758  1-4 EEL =         0.9539  VDWAALS    =        56.7021
 EELEC  =         0.5874  EHBOND  =         0.0000  RESTRAINT  =         2.3430
 EAMBER (non-restraint)  =        65.5638
 EKCMT  =        39.9613  VIRIAL  =       144.5272  VOLUME     =      3317.2649
                                                    Density    =         0.0228
 Ewald error estimate:   0.1150E-03
 ------------------------------------------------------------------------------


--------------------------------------------------------------------------------
   5.  TIMINGS
--------------------------------------------------------------------------------

|                Build the list             7.36 (96.66% of List )
|                Other                      0.25 ( 3.34% of List )
|             List time                  7.61 ( 4.29% of Nonbo)
|                   Short_ene time           103.38 (98.66% of Direc)
|                   Other                      1.41 ( 1.34% of Direc)
|                Direct Ewald time        104.79 (61.67% of Ewald)
|                Adjust Ewald time          7.95 ( 4.68% of Ewald)
|                Self Ewald time            0.02 ( 0.01% of Ewald)
|                   Fill Bspline coeffs        1.73 ( 3.28% of Recip)
|                   Fill charge grid           4.55 ( 8.62% of Recip)
|                   Scalar sum                12.32 (23.36% of Recip)
|                   Grad sum                   9.21 (17.45% of Recip)
|                   FFT time                  24.93 (47.26% of Recip)
|                   Other                      0.02 ( 0.04% of Recip)
|                Recip Ewald time          52.76 (31.05% of Ewald)
|                Force Adjust               0.04 ( 0.02% of Ewald)
|                Virial junk                0.22 ( 0.13% of Ewald)
|                Start synchronizatio       0.01 ( 0.01% of Ewald)
|                Other                      4.14 ( 2.44% of Ewald)
|             Ewald time               169.92 (95.68% of Nonbo)
|             IPS excludes               0.01 ( 0.01% of Nonbo)
|             Other                      0.05 ( 0.03% of Nonbo)
|          Nonbond force            177.60 (83.84% of Force)
|          Bond/Angle/Dihedral       34.15 (16.12% of Force)
|          Other                      0.09 ( 0.04% of Force)
|       Force time               211.83 (98.39% of Runmd)
|       Shake time                 1.53 ( 0.71% of Runmd)
|       Verlet update time         1.46 ( 0.68% of Runmd)
|       Ekcmr time                 0.24 ( 0.11% of Runmd)
|       Other                      0.25 ( 0.12% of Runmd)
|    Runmd Time               215.31 (100.0% of Total)
|    Other                      0.04 ( 0.02% of Total)
| Total time               215.36 (100.0% of ALL  )

| Number of list builds   :        785

| Highest rstack allocated:     204762
| Highest istack allocated:       2692

| Final Performance Info:
| -----------------------------------------------------
| Average timings for all steps:
|     Elapsed(s) =     215.31 Per Step(ms) =      14.35
|         ns/day =      12.04   seconds/ns =    7176.98
| -----------------------------------------------------

|           Job began  at 11:20:13.439  on 03/22/2017
|           Setup done at 11:20:13.488  on 03/22/2017
|           Run   done at 11:23:48.797  on 03/22/2017
|     wallclock() was called  691593 times
