
          -------------------------------------------------------
          Amber 16 SANDER                              2016
          -------------------------------------------------------

| Run on 03/23/2017 at 17:48:07

|   Executable path: sander
| Working directory: /home/steboss/Simulation/logP_standrews/inputfiles/d_236difluoro/cyclohexane/equilibration
|          Hostname: Unknown
  [-O]verwriting output

File Assignments:
|  MDIN: min00001.in                                                           
| MDOUT: min00001.out                                                          
|INPCRD: solvated.rst7                                                         
|  PARM: solvated.parm7                                                        
|RESTRT: min00001.rst7                                                         
|  REFC: solvated.rst7                                                         
| MDVEL: mdvel                                                                 
| MDFRC: mdfrc                                                                 
|  MDEN: min00001.en                                                           
| MDCRD: min00001.nc                                                           
|MDINFO: min00001.info                                                         
|  MTMD: mtmd                                                                  
|INPDIP: inpdip                                                                
|RSTDIP: rstdip                                                                
|INPTRA: inptraj                                                               


 Here is the input file:

                                                                               
Minimise whole system                                                          
&cntrl                                                                         
ntxo=1,                                                                        
imin = 1, ntmin = 1,                                                           
maxcyc = 100, ncyc = 10,                                                       
ntpr = 20, ntwe = 20,                                                          
dx0 = 1.0D-7,                                                                  
ntb = 1,                                                                       
ntr = 1, restraint_wt = 10.00,                                                 
restraintmask="!:CYC",                                                         
/                                                                              

--------------------------------------------------------------------------------
   1.  RESOURCE   USE: 
--------------------------------------------------------------------------------

| Flags:                                                                        
 getting new box info from bottom of inpcrd
|  INFO: Old style inpcrd file read

| peek_ewald_inpcrd: Box info found
|Largest sphere to fit in unit cell has radius =    20.441
| New format PARM file being parsed.
| Version =    1.000 Date = 03/23/17 Time = 17:48:07
 NATOM  =    5284 NTYPES =       6 NBONH =    3517 MBONA  =    1768
 NTHETH =    8792 MTHETA =    1774 NPHIH =   14084 MPHIA  =    5299
 NHPARM =       0 NPARM  =       0 NNB   =   31116 NRES   =     293
 NBONA  =    1768 NTHETA =    1774 NPHIA =    5299 NUMBND =       7
 NUMANG =      11 NPTRA  =      12 NATYP =       6 NPHB   =       0
 IFBOX  =       1 NMXRS  =      28 IFCAP =       0 NEXTRA =       0
 NCOPY  =       0


|     Memory Use     Allocated
|     Real              521046
|     Hollerith          16147
|     Integer          1118271
|     Max Pairs        1761333
|     nblistReal         63408
|     nblist Int        483154
|       Total            17764 kbytes

| Note: 1-4 EEL scale factors are being read from the topology file.

| Note: 1-4 VDW scale factors are being read from the topology file.
| Duplicated    0 dihedrals
| Duplicated    0 dihedrals

     BOX TYPE: RECTILINEAR

--------------------------------------------------------------------------------
   2.  CONTROL  DATA  FOR  THE  RUN
--------------------------------------------------------------------------------

LIG                                                                             

General flags:
     imin    =       1, nmropt  =       0

Nature and format of input:
     ntx     =       1, irest   =       0, ntrx    =       1

Nature and format of output:
     ntxo    =       1, ntpr    =      20, ntrx    =       1, ntwr    =       1
     iwrap   =       0, ntwx    =       0, ntwv    =       0, ntwe    =      20
     ioutfm  =       1, ntwprt  =       0, idecomp =       0, rbornstat=      0

Potential function:
     ntf     =       1, ntb     =       1, igb     =       0, nsnb    =      25
     ipol    =       0, gbsa    =       0, iesp    =       0
     dielc   =   1.00000, cut     =   8.00000, intdiel =   1.00000

Frozen or restrained atoms:
     ibelly  =       0, ntr     =       1
     restraint_wt =  10.00000

Energy minimization:
     maxcyc  =     100, ncyc    =      10, ntmin   =       1
     dx0     =   0.00000, drms    =   0.00010

Ewald parameters:
     verbose =       0, ew_type =       0, nbflag  =       1, use_pme =       1
     vdwmeth =       1, eedmeth =       1, netfrc  =       0
     Box X =   40.882   Box Y =   50.917   Box Z =   53.789
     Alpha =   90.000   Beta  =   90.000   Gamma =   90.000
     NFFT1 =   40       NFFT2 =   50       NFFT3 =   54
     Cutoff=    8.000   Tol   =0.100E-04
     Ewald Coefficient =  0.34864
     Interpolation order =    4

    LOADING THE CONSTRAINED ATOMS AS GROUPS


   5.  REFERENCE ATOM COORDINATES

  LIG 
     Mask !:CYC; matches    28 atoms

--------------------------------------------------------------------------------
   3.  ATOMIC COORDINATES AND VELOCITIES
--------------------------------------------------------------------------------

LIG                                                                             
 begin time read from input coords =     0.000 ps

 Number of triangulated 3-point waters found:        0

     Sum of charges from parm topology file =   0.00200000
     Forcing neutrality...

--------------------------------------------------------------------------------
   4.  RESULTS
--------------------------------------------------------------------------------

 ---------------------------------------------------
 APPROXIMATING switch and d/dx switch using CUBIC SPLINE INTERPOLATION
 using   5000.0 points per unit in tabled values
 TESTING RELATIVE ERROR over r ranging from 0.0 to cutoff
| CHECK switch(x): max rel err =   0.2738E-14   at   2.422500
| CHECK d/dx switch(x): max rel err =   0.8332E-11   at   2.782960
 ---------------------------------------------------
| Local SIZE OF NONBOND LIST =     515540
| TOTAL SIZE OF NONBOND LIST =     515540


   NSTEP       ENERGY          RMS            GMAX         NAME    NUMBER
      1       1.1413E+03     2.3490E+00     2.4658E+01     C3          3

 BOND    =       32.3522  ANGLE   =       35.6135  DIHED      =      816.0792
 VDWAALS =     -783.5418  EEL     =      421.6051  HBOND      =        0.0000
 1-4 VDW =      870.4574  1-4 EEL =     -251.2846  RESTRAINT  =        0.0000


   NSTEP       ENERGY          RMS            GMAX         NAME    NUMBER
     20       9.9698E+02     1.1616E+00     3.4335E+01     C12        15

 BOND    =       43.2193  ANGLE   =       36.7471  DIHED      =      806.4921
 VDWAALS =     -791.4734  EEL     =      417.8532  HBOND      =        0.0000
 1-4 VDW =      731.8414  1-4 EEL =     -247.8330  RESTRAINT  =        0.1314
 EAMBER  =      996.8468


   NSTEP       ENERGY          RMS            GMAX         NAME    NUMBER
     40       9.7006E+02     3.0996E-01     8.2297E+00     C5          5

 BOND    =       31.4265  ANGLE   =       24.6966  DIHED      =      823.3134
 VDWAALS =     -797.1260  EEL     =      414.5828  HBOND      =        0.0000
 1-4 VDW =      714.5560  1-4 EEL =     -241.6544  RESTRAINT  =        0.2623
 EAMBER  =      969.7949


   NSTEP       ENERGY          RMS            GMAX         NAME    NUMBER
     60       9.6375E+02     1.0381E-01     4.0286E+00     C7         10

 BOND    =       39.2769  ANGLE   =       29.5963  DIHED      =      831.8274
 VDWAALS =     -800.5150  EEL     =      412.3728  HBOND      =        0.0000
 1-4 VDW =      689.1397  1-4 EEL =     -238.2161  RESTRAINT  =        0.2630
 EAMBER  =      963.4820


   NSTEP       ENERGY          RMS            GMAX         NAME    NUMBER
     80       9.6607E+02     4.7390E-01     1.1079E+01     C2          2

 BOND    =       52.1483  ANGLE   =       24.7215  DIHED      =      833.1414
 VDWAALS =     -800.9638  EEL     =      412.3541  HBOND      =        0.0000
 1-4 VDW =      682.6843  1-4 EEL =     -238.2782  RESTRAINT  =        0.2641
 EAMBER  =      965.8078


   NSTEP       ENERGY          RMS            GMAX         NAME    NUMBER
    100       9.6259E+02     4.4616E-02     1.1721E+00     C4          4

 BOND    =       40.2988  ANGLE   =       29.4425  DIHED      =      831.2527
 VDWAALS =     -800.8352  EEL     =      412.3719  HBOND      =        0.0000
 1-4 VDW =      687.9743  1-4 EEL =     -238.1619  RESTRAINT  =        0.2480
 EAMBER  =      962.3431


  Maximum number of minimization cycles reached.


                    FINAL RESULTS



   NSTEP       ENERGY          RMS            GMAX         NAME    NUMBER
    100       9.6259E+02     4.4616E-02     1.1721E+00     C4          4

 BOND    =       40.2988  ANGLE   =       29.4425  DIHED      =      831.2527
 VDWAALS =     -800.8352  EEL     =      412.3719  HBOND      =        0.0000
 1-4 VDW =      687.9743  1-4 EEL =     -238.1619  RESTRAINT  =        0.2480
 EAMBER  =      962.3431

--------------------------------------------------------------------------------
   5.  TIMINGS
--------------------------------------------------------------------------------

|    Read coords time           0.00 ( 0.10% of Total)
|                Build the list             0.02 (55.35% of List )
|                Other                      0.01 (44.65% of List )
|             List time                  0.03 ( 1.45% of Nonbo)
|                   Short_ene time             1.08 (97.77% of Direc)
|                   Other                      0.02 ( 2.23% of Direc)
|                Direct Ewald time          1.11 (56.47% of Ewald)
|                Adjust Ewald time          0.10 ( 5.01% of Ewald)
|                Self Ewald time            0.00 ( 0.01% of Ewald)
|                   Fill Bspline coeffs        0.02 ( 3.15% of Recip)
|                   Fill charge grid           0.06 ( 8.91% of Recip)
|                   Scalar sum                 0.15 (21.87% of Recip)
|                   Grad sum                   0.12 (17.43% of Recip)
|                   FFT time                   0.34 (48.62% of Recip)
|                   Other                      0.00 ( 0.02% of Recip)
|                Recip Ewald time           0.70 (35.68% of Ewald)
|                Virial junk                0.00 ( 0.11% of Ewald)
|                Other                      0.05 ( 2.71% of Ewald)
|             Ewald time                 1.96 (98.53% of Nonbo)
|             Other                      0.00 ( 0.02% of Nonbo)
|          Nonbond force              1.99 (81.99% of Force)
|          Bond/Angle/Dihedral        0.43 (17.92% of Force)
|          Other                      0.00 ( 0.09% of Force)
|       Force time                 2.42 (100.0% of Runmd)
|    Runmd Time                 2.42 (70.83% of Total)
|    Other                      0.99 (29.06% of Total)
| Total time                 3.42 (100.0% of ALL  )

| Number of list builds   :          1

| Highest rstack allocated:     387502
| Highest istack allocated:       5284
|           Job began  at 17:48:07.729  on 03/23/2017
|           Setup done at 17:48:07.799  on 03/23/2017
|           Run   done at 17:48:11.150  on 03/23/2017
|     wallclock() was called    3850 times
