
          -------------------------------------------------------
          Amber 16 SANDER                              2016
          -------------------------------------------------------

| Run on 03/27/2017 at 12:40:00

|   Executable path: sander
| Working directory: /home/steboss/Simulation/logP_standrews/inputfiles/boat/a_phenyl-cyclohexane/water/equilibration
|          Hostname: Unknown
  [-O]verwriting output

File Assignments:
|  MDIN: min00001.in                                                           
| MDOUT: min00001.out                                                          
|INPCRD: solvated.rst7                                                         
|  PARM: solvated.parm7                                                        
|RESTRT: min00001.rst7                                                         
|  REFC: solvated.rst7                                                         
| MDVEL: mdvel                                                                 
| MDFRC: mdfrc                                                                 
|  MDEN: min00001.en                                                           
| MDCRD: min00001.nc                                                           
|MDINFO: min00001.info                                                         
|  MTMD: mtmd                                                                  
|INPDIP: inpdip                                                                
|RSTDIP: rstdip                                                                
|INPTRA: inptraj                                                               


 Here is the input file:

                                                                               
Minimise whole system                                                          
&cntrl                                                                         
ntxo=1,                                                                        
imin = 1, ntmin = 1,                                                           
maxcyc = 100, ncyc = 10,                                                       
ntpr = 20, ntwe = 20,                                                          
dx0 = 1.0D-7,                                                                  
ntb = 1,                                                                       
ntr = 1, restraint_wt = 10.00,                                                 
restraintmask="!:WAT,HOH,T3P,T4P,CLP,MOL,LIG",                                 
/                                                                              

--------------------------------------------------------------------------------
   1.  RESOURCE   USE: 
--------------------------------------------------------------------------------

| Flags:                                                                        
 getting new box info from bottom of inpcrd
|  INFO: Old style inpcrd file read

| peek_ewald_inpcrd: Box info found
|Largest sphere to fit in unit cell has radius =    17.130
| New format PARM file being parsed.
| Version =    1.000 Date = 03/27/17 Time = 12:40:00
 NATOM  =    3160 NTYPES =       6 NBONH =    3148 MBONA  =      13
 NTHETH =      38 MTHETA =      16 NPHIH =      69 MPHIA  =      33
 NHPARM =       0 NPARM  =       0 NNB   =    4342 NRES   =    1045
 NBONA  =      13 NTHETA =      16 NPHIA =      33 NUMBND =       7
 NUMANG =       8 NPTRA  =       9 NATYP =       6 NPHB   =       1
 IFBOX  =       1 NMXRS  =      28 IFCAP =       0 NEXTRA =       0
 NCOPY  =       0


|     Memory Use     Allocated
|     Real              346678
|     Hollerith          10527
|     Integer            96826
|     Max Pairs        1053333
|     nblistReal         37920
|     nblist Int        172670
|       Total             8213 kbytes

| Note: 1-4 EEL scale factors are being read from the topology file.

| Note: 1-4 VDW scale factors are being read from the topology file.
| Duplicated    0 dihedrals
| Duplicated    0 dihedrals

     BOX TYPE: RECTILINEAR

--------------------------------------------------------------------------------
   2.  CONTROL  DATA  FOR  THE  RUN
--------------------------------------------------------------------------------

LIG                                                                             

General flags:
     imin    =       1, nmropt  =       0

Nature and format of input:
     ntx     =       1, irest   =       0, ntrx    =       1

Nature and format of output:
     ntxo    =       1, ntpr    =      20, ntrx    =       1, ntwr    =       1
     iwrap   =       0, ntwx    =       0, ntwv    =       0, ntwe    =      20
     ioutfm  =       1, ntwprt  =       0, idecomp =       0, rbornstat=      0

Potential function:
     ntf     =       1, ntb     =       1, igb     =       0, nsnb    =      25
     ipol    =       0, gbsa    =       0, iesp    =       0
     dielc   =   1.00000, cut     =   8.00000, intdiel =   1.00000

Frozen or restrained atoms:
     ibelly  =       0, ntr     =       1
     restraint_wt =  10.00000

Energy minimization:
     maxcyc  =     100, ncyc    =      10, ntmin   =       1
     dx0     =   0.00000, drms    =   0.00010

Ewald parameters:
     verbose =       0, ew_type =       0, nbflag  =       1, use_pme =       1
     vdwmeth =       1, eedmeth =       1, netfrc  =       0
     Box X =   38.861   Box Y =   34.260   Box Z =   34.680
     Alpha =   90.000   Beta  =   90.000   Gamma =   90.000
     NFFT1 =   40       NFFT2 =   36       NFFT3 =   36
     Cutoff=    8.000   Tol   =0.100E-04
     Ewald Coefficient =  0.34864
     Interpolation order =    4

    LOADING THE CONSTRAINED ATOMS AS GROUPS


   5.  REFERENCE ATOM COORDINATES

  LIG 
     Mask !:WAT,HOH,T3P,T4P,CLP,MOL,LIG; matches     0 atoms

--------------------------------------------------------------------------------
   3.  ATOMIC COORDINATES AND VELOCITIES
--------------------------------------------------------------------------------

LIG                                                                             
 begin time read from input coords =     0.000 ps

 Number of triangulated 3-point waters found:     1044

     Sum of charges from parm topology file =   0.00000000
     Forcing neutrality...

--------------------------------------------------------------------------------
   4.  RESULTS
--------------------------------------------------------------------------------

 ---------------------------------------------------
 APPROXIMATING switch and d/dx switch using CUBIC SPLINE INTERPOLATION
 using   5000.0 points per unit in tabled values
 TESTING RELATIVE ERROR over r ranging from 0.0 to cutoff
| CHECK switch(x): max rel err =   0.2738E-14   at   2.422500
| CHECK d/dx switch(x): max rel err =   0.8332E-11   at   2.782960
 ---------------------------------------------------
| Local SIZE OF NONBOND LIST =     478953
| TOTAL SIZE OF NONBOND LIST =     478953


   NSTEP       ENERGY          RMS            GMAX         NAME    NUMBER
      1      -8.3615E+03     1.1856E+01     4.2388E+01     O        2543

 BOND    =        0.8698  ANGLE   =        0.9997  DIHED      =        7.7508
 VDWAALS =     1006.9463  EEL     =    -9387.7930  HBOND      =        0.0000
 1-4 VDW =        9.6153  1-4 EEL =        0.0995  RESTRAINT  =        0.0000


   NSTEP       ENERGY          RMS            GMAX         NAME    NUMBER
     20      -9.4861E+03     9.1589E+00     6.0875E+01     O        1934

 BOND    =     1279.4236  ANGLE   =        5.2080  DIHED      =        7.7115
 VDWAALS =     1019.4604  EEL     =   -11807.0196  HBOND      =        0.0000
 1-4 VDW =        8.8719  1-4 EEL =        0.2245  RESTRAINT  =        0.0000


   NSTEP       ENERGY          RMS            GMAX         NAME    NUMBER
     40      -1.0148E+04     2.8692E+00     3.9220E+01     H15        27

 BOND    =      457.4176  ANGLE   =        3.1247  DIHED      =        7.8300
 VDWAALS =     1022.8828  EEL     =   -11647.0675  HBOND      =        0.0000
 1-4 VDW =        7.5222  1-4 EEL =       -0.0138  RESTRAINT  =        0.0000


   NSTEP       ENERGY          RMS            GMAX         NAME    NUMBER
     60      -1.0572E+04     1.3315E+00     1.1286E+01     H15        27

 BOND    =      649.9848  ANGLE   =        3.5135  DIHED      =        7.7835
 VDWAALS =     1233.6819  EEL     =   -12474.4426  HBOND      =        0.0000
 1-4 VDW =        7.3079  1-4 EEL =        0.1671  RESTRAINT  =        0.0000


   NSTEP       ENERGY          RMS            GMAX         NAME    NUMBER
     80      -1.0870E+04     2.5346E+00     4.2347E+01     C11        11

 BOND    =      724.7574  ANGLE   =       10.0094  DIHED      =        8.6409
 VDWAALS =     1476.3315  EEL     =   -13099.7436  HBOND      =        0.0000
 1-4 VDW =        9.2388  1-4 EEL =        0.3581  RESTRAINT  =        0.0000


   NSTEP       ENERGY          RMS            GMAX         NAME    NUMBER
    100      -1.1042E+04     1.6083E+00     3.7933E+01     C7          7

 BOND    =      739.4737  ANGLE   =        8.7327  DIHED      =        8.8012
 VDWAALS =     1594.5215  EEL     =   -13402.5471  HBOND      =        0.0000
 1-4 VDW =        9.1236  1-4 EEL =        0.1794  RESTRAINT  =        0.0000


  Maximum number of minimization cycles reached.


                    FINAL RESULTS



   NSTEP       ENERGY          RMS            GMAX         NAME    NUMBER
    100      -1.1042E+04     1.6083E+00     3.7933E+01     C7          7

 BOND    =      739.4737  ANGLE   =        8.7327  DIHED      =        8.8012
 VDWAALS =     1594.5215  EEL     =   -13402.5471  HBOND      =        0.0000
 1-4 VDW =        9.1236  1-4 EEL =        0.1794  RESTRAINT  =        0.0000

--------------------------------------------------------------------------------
   5.  TIMINGS
--------------------------------------------------------------------------------

|    Read coords time           0.00 ( 0.10% of Total)
|                Build the list             0.03 (72.22% of List )
|                Other                      0.01 (27.78% of List )
|             List time                  0.04 ( 2.55% of Nonbo)
|                   Short_ene time             1.25 (99.00% of Direc)
|                   Other                      0.01 ( 1.00% of Direc)
|                Direct Ewald time          1.26 (76.56% of Ewald)
|                Adjust Ewald time          0.01 ( 0.77% of Ewald)
|                Self Ewald time            0.00 ( 0.01% of Ewald)
|                   Fill Bspline coeffs        0.01 ( 3.92% of Recip)
|                   Fill charge grid           0.04 (10.48% of Recip)
|                   Scalar sum                 0.08 (21.05% of Recip)
|                   Grad sum                   0.07 (19.59% of Recip)
|                   FFT time                   0.17 (44.92% of Recip)
|                   Other                      0.00 ( 0.05% of Recip)
|                Recip Ewald time           0.37 (22.49% of Ewald)
|                Virial junk                0.00 ( 0.10% of Ewald)
|                Other                      0.00 ( 0.05% of Ewald)
|             Ewald time                 1.65 (97.43% of Nonbo)
|             Other                      0.00 ( 0.02% of Nonbo)
|          Nonbond force              1.69 (99.44% of Force)
|          Bond/Angle/Dihedral        0.01 ( 0.51% of Force)
|          Other                      0.00 ( 0.05% of Force)
|       Force time                 1.70 (100.0% of Runmd)
|    Runmd Time                 1.70 (73.59% of Total)
|    Other                      0.61 (26.31% of Total)
| Total time                 2.31 (100.0% of ALL  )

| Number of list builds   :          2

| Highest rstack allocated:     204374
| Highest istack allocated:       3160
|           Job began  at 12:40:00.153  on 03/27/2017
|           Setup done at 12:40:00.185  on 03/27/2017
|           Run   done at 12:40:02.462  on 03/27/2017
|     wallclock() was called    3852 times
