
          -------------------------------------------------------
          Amber 16 SANDER                              2016
          -------------------------------------------------------

| Run on 03/23/2017 at 17:46:31

|   Executable path: sander
| Working directory: /home/steboss/Simulation/logP_standrews/inputfiles/c_23difluoro/cyclohexane/equilibration
|          Hostname: Unknown
  [-O]verwriting output

File Assignments:
|  MDIN: md00002.in                                                            
| MDOUT: md00002.out                                                           
|INPCRD: min00001.rst7                                                         
|  PARM: solvated.parm7                                                        
|RESTRT: md00002.rst7                                                          
|  REFC: solvated.rst7                                                         
| MDVEL: mdvel                                                                 
| MDFRC: mdfrc                                                                 
|  MDEN: md00002.en                                                            
| MDCRD: md00002.nc                                                            
|MDINFO: md00002.info                                                          
|  MTMD: mtmd                                                                  
|INPDIP: inpdip                                                                
|RSTDIP: rstdip                                                                
|INPTRA: inptraj                                                               


 Here is the input file:

heat the system                                                                
&cntrl                                                                         
ntxo=1,                                                                        
imin = 0, nstlim = 1000, irest = 0, ntx = 1, dt = 0.002,                       
nmropt = 1,                                                                    
ntt = 1, temp0 = 300.0, tempi = 5.0, tautp = 1.0,                              
ntb = 1, pres0 = 1.0,                                                          
ntc = 2, ntf = 2,                                                              
ioutfm = 1, iwrap = 1,                                                         
ntwe = 200, ntwx = 200, ntpr = 100,                                            
ntr = 1, restraint_wt = 10.00,                                                 
restraintmask="!:CYC",                                                         
/                                                                              
                                                                               
&wt                                                                            
type = 'TEMP0',                                                                
istep1 = 0, istep2 = 1000,                                                     
value1 = 5.0, value2 = 300.0                                                   
/                                                                              
                                                                               
&wt type = 'END'                                                               
 /                                                                             
                                                                               

--------------------------------------------------------------------------------
   1.  RESOURCE   USE: 
--------------------------------------------------------------------------------

| Flags:                                                                        
 getting new box info from bottom of inpcrd
|  INFO: Old style inpcrd file read

| peek_ewald_inpcrd: Box info found
|Largest sphere to fit in unit cell has radius =    20.441
| New format PARM file being parsed.
| Version =    1.000 Date = 03/23/17 Time = 17:46:27
 NATOM  =    5284 NTYPES =       6 NBONH =    3518 MBONA  =    1767
 NTHETH =    8794 MTHETA =    1772 NPHIH =   14084 MPHIA  =    5296
 NHPARM =       0 NPARM  =       0 NNB   =   31116 NRES   =     293
 NBONA  =    1767 NTHETA =    1772 NPHIA =    5296 NUMBND =       7
 NUMANG =      11 NPTRA  =      12 NATYP =       6 NPHB   =       0
 IFBOX  =       1 NMXRS  =      28 IFCAP =       0 NEXTRA =       0
 NCOPY  =       0


|     Memory Use     Allocated
|     Real              457467
|     Hollerith          16147
|     Integer          1118193
|     Max Pairs        1761333
|     nblistReal         63408
|     nblist Int        483154
|       Total            17267 kbytes

| Note: 1-4 EEL scale factors are being read from the topology file.

| Note: 1-4 VDW scale factors are being read from the topology file.
| Duplicated    0 dihedrals
| Duplicated    0 dihedrals

     BOX TYPE: RECTILINEAR

--------------------------------------------------------------------------------
   2.  CONTROL  DATA  FOR  THE  RUN
--------------------------------------------------------------------------------

LIG                                                                             

General flags:
     imin    =       0, nmropt  =       1

Nature and format of input:
     ntx     =       1, irest   =       0, ntrx    =       1

Nature and format of output:
     ntxo    =       1, ntpr    =     100, ntrx    =       1, ntwr    =    1000
     iwrap   =       1, ntwx    =     200, ntwv    =       0, ntwe    =     200
     ioutfm  =       1, ntwprt  =       0, idecomp =       0, rbornstat=      0

Potential function:
     ntf     =       2, ntb     =       1, igb     =       0, nsnb    =      25
     ipol    =       0, gbsa    =       0, iesp    =       0
     dielc   =   1.00000, cut     =   8.00000, intdiel =   1.00000

Frozen or restrained atoms:
     ibelly  =       0, ntr     =       1
     restraint_wt =  10.00000

Molecular dynamics:
     nstlim  =      1000, nscm    =         0, nrespa  =         1
     t       =   0.00000, dt      =   0.00200, vlimit  =  20.00000

Berendsen (weak-coupling) temperature regulation:
     temp0   = 300.00000, tempi   =   5.00000, tautp   =   1.00000

SHAKE:
     ntc     =       2, jfastw  =       0
     tol     =   0.00001

NMR refinement options:
     iscale  =       0, noeskp  =       1, ipnlty  =       1, mxsub   =       1
     scalm   = 100.00000, pencut  =   0.10000, tausw   =   0.10000

Ewald parameters:
     verbose =       0, ew_type =       0, nbflag  =       1, use_pme =       1
     vdwmeth =       1, eedmeth =       1, netfrc  =       1
     Box X =   40.882   Box Y =   50.917   Box Z =   53.789
     Alpha =   90.000   Beta  =   90.000   Gamma =   90.000
     NFFT1 =   40       NFFT2 =   50       NFFT3 =   54
     Cutoff=    8.000   Tol   =0.100E-04
     Ewald Coefficient =  0.34864
     Interpolation order =    4

    LOADING THE CONSTRAINED ATOMS AS GROUPS


   5.  REFERENCE ATOM COORDINATES

  LIG 
     Mask !:CYC; matches    28 atoms

--------------------------------------------------------------------------------
   3.  ATOMIC COORDINATES AND VELOCITIES
--------------------------------------------------------------------------------

LIG                                                                             
 begin time read from input coords =     0.000 ps



           Begin reading energy term weight changes/NMR restraints
 WEIGHT CHANGES:
 TEMP0         0   1000    5.000000  300.000000      0      0

 RESTRAINTS:
                          ** No restraint defined **

                  Done reading weight changes/NMR restraints


 Number of triangulated 3-point waters found:        0

     Sum of charges from parm topology file =   0.00000000
     Forcing neutrality...

--------------------------------------------------------------------------------
   4.  RESULTS
--------------------------------------------------------------------------------

|  # of SOLUTE  degrees of freedom (RNDFP):   12334.
|  # of SOLVENT degrees of freedom (RNDFS):       0.
|  NDFMIN =   12334.     NUM_NOSHAKE =      0     CORRECTED RNDFP =   12334.
|  TOTAL # of degrees of freedom (RNDF) =   12334.
 ---------------------------------------------------
 APPROXIMATING switch and d/dx switch using CUBIC SPLINE INTERPOLATION
 using   5000.0 points per unit in tabled values
 TESTING RELATIVE ERROR over r ranging from 0.0 to cutoff
| CHECK switch(x): max rel err =   0.2738E-14   at   2.422500
| CHECK d/dx switch(x): max rel err =   0.8332E-11   at   2.782960
 ---------------------------------------------------
| Local SIZE OF NONBOND LIST =     515536
| TOTAL SIZE OF NONBOND LIST =     515536

 NSTEP =        0   TIME(PS) =       0.000  TEMP(K) =     6.48  PRESS =     0.0
 Etot   =      1040.7563  EKtot   =        79.3842  EPtot      =       961.3721
 BOND   =        39.8674  ANGLE   =        29.1042  DIHED      =       830.9214
 1-4 NB =       687.2497  1-4 EEL =      -233.4886  VDWAALS    =      -800.5553
 EELEC  =       408.1548  EHBOND  =         0.0000  RESTRAINT  =         0.1185
 EAMBER (non-restraint)  =       961.2536
 Ewald error estimate:   0.1121E-03
 ------------------------------------------------------------------------------

 NMR restraints: Bond =    0.000   Angle =     0.000   Torsion =     0.000
===============================================================================

 NSTEP =      100   TIME(PS) =       0.200  TEMP(K) =     4.04  PRESS =     0.0
 Etot   =      1046.9041  EKtot   =        49.4535  EPtot      =       997.4506
 BOND   =        42.4141  ANGLE   =        57.9752  DIHED      =       832.8518
 1-4 NB =       691.2281  1-4 EEL =      -233.3295  VDWAALS    =      -802.1494
 EELEC  =       408.3267  EHBOND  =         0.0000  RESTRAINT  =         0.1336
 EAMBER (non-restraint)  =       997.3170
 Ewald error estimate:   0.1525E-03
 ------------------------------------------------------------------------------

 NMR restraints: Bond =    0.000   Angle =     0.000   Torsion =     0.000
===============================================================================

 NSTEP =      200   TIME(PS) =       0.400  TEMP(K) =    10.17  PRESS =     0.0
 Etot   =      1128.3834  EKtot   =       124.5822  EPtot      =      1003.8012
 BOND   =        50.2381  ANGLE   =        69.5606  DIHED      =       835.2714
 1-4 NB =       687.6092  1-4 EEL =      -233.1190  VDWAALS    =      -814.0898
 EELEC  =       408.0591  EHBOND  =         0.0000  RESTRAINT  =         0.2716
 EAMBER (non-restraint)  =      1003.5296
 Ewald error estimate:   0.5899E-03
 ------------------------------------------------------------------------------

 NMR restraints: Bond =    0.000   Angle =     0.000   Torsion =     0.000
===============================================================================

 NSTEP =      300   TIME(PS) =       0.600  TEMP(K) =    22.00  PRESS =     0.0
 Etot   =      1282.9921  EKtot   =       269.6525  EPtot      =      1013.3396
 BOND   =        50.3106  ANGLE   =        98.6013  DIHED      =       837.6107
 1-4 NB =       696.5025  1-4 EEL =      -233.4972  VDWAALS    =      -844.9190
 EELEC  =       408.5096  EHBOND  =         0.0000  RESTRAINT  =         0.2212
 EAMBER (non-restraint)  =      1013.1185
 Ewald error estimate:   0.5355E-03
 ------------------------------------------------------------------------------

 NMR restraints: Bond =    0.000   Angle =     0.000   Torsion =     0.000
===============================================================================

 NSTEP =      400   TIME(PS) =       0.800  TEMP(K) =    43.84  PRESS =     0.0
 Etot   =      1470.4993  EKtot   =       537.2915  EPtot      =       933.2078
 BOND   =        50.5605  ANGLE   =        84.3069  DIHED      =       837.1201
 1-4 NB =       694.1460  1-4 EEL =      -233.4269  VDWAALS    =      -908.2367
 EELEC  =       408.4023  EHBOND  =         0.0000  RESTRAINT  =         0.3357
 EAMBER (non-restraint)  =       932.8721
 Ewald error estimate:   0.2491E-03
 ------------------------------------------------------------------------------

 NMR restraints: Bond =    0.000   Angle =     0.000   Torsion =     0.000
===============================================================================

 NSTEP =      500   TIME(PS) =       1.000  TEMP(K) =    61.39  PRESS =     0.0
 Etot   =      1681.3629  EKtot   =       752.3111  EPtot      =       929.0518
 BOND   =        59.9209  ANGLE   =       131.1553  DIHED      =       844.5200
 1-4 NB =       697.8593  1-4 EEL =      -233.0585  VDWAALS    =      -979.7364
 EELEC  =       407.9879  EHBOND  =         0.0000  RESTRAINT  =         0.4032
 EAMBER (non-restraint)  =       928.6486
 Ewald error estimate:   0.4934E-04
 ------------------------------------------------------------------------------

 NMR restraints: Bond =    0.000   Angle =     0.000   Torsion =     0.000
===============================================================================

 NSTEP =      600   TIME(PS) =       1.200  TEMP(K) =    81.73  PRESS =     0.0
 Etot   =      1914.0755  EKtot   =      1001.6045  EPtot      =       912.4710
 BOND   =        65.0559  ANGLE   =       143.2008  DIHED      =       855.3024
 1-4 NB =       698.1800  1-4 EEL =      -232.5470  VDWAALS    =     -1024.6630
 EELEC  =       407.5413  EHBOND  =         0.0000  RESTRAINT  =         0.4006
 EAMBER (non-restraint)  =       912.0704
 Ewald error estimate:   0.7429E-05
 ------------------------------------------------------------------------------

 NMR restraints: Bond =    0.000   Angle =     0.000   Torsion =     0.000
===============================================================================

 NSTEP =      700   TIME(PS) =       1.400  TEMP(K) =    96.26  PRESS =     0.0
 Etot   =      2172.8372  EKtot   =      1179.6149  EPtot      =       993.2223
 BOND   =        73.6623  ANGLE   =       215.9819  DIHED      =       866.8009
 1-4 NB =       704.5773  1-4 EEL =      -232.8932  VDWAALS    =     -1043.0712
 EELEC  =       407.8657  EHBOND  =         0.0000  RESTRAINT  =         0.2985
 EAMBER (non-restraint)  =       992.9237
 Ewald error estimate:   0.2205E-03
 ------------------------------------------------------------------------------

 NMR restraints: Bond =    0.000   Angle =     0.000   Torsion =     0.000
===============================================================================

 NSTEP =      800   TIME(PS) =       1.600  TEMP(K) =   118.10  PRESS =     0.0
 Etot   =      2456.4259  EKtot   =      1447.3562  EPtot      =      1009.0697
 BOND   =        76.6592  ANGLE   =       217.5622  DIHED      =       881.3001
 1-4 NB =       710.4668  1-4 EEL =      -232.8823  VDWAALS    =     -1052.1967
 EELEC  =       407.9125  EHBOND  =         0.0000  RESTRAINT  =         0.2478
 EAMBER (non-restraint)  =      1008.8219
 Ewald error estimate:   0.1662E-03
 ------------------------------------------------------------------------------

 NMR restraints: Bond =    0.000   Angle =     0.000   Torsion =     0.000
===============================================================================

 NSTEP =      900   TIME(PS) =       1.800  TEMP(K) =   137.24  PRESS =     0.0
 Etot   =      2764.7813  EKtot   =      1681.8631  EPtot      =      1082.9182
 BOND   =        80.9063  ANGLE   =       264.8557  DIHED      =       899.4519
 1-4 NB =       714.4611  1-4 EEL =      -232.4256  VDWAALS    =     -1052.3944
 EELEC  =       407.4330  EHBOND  =         0.0000  RESTRAINT  =         0.6302
 EAMBER (non-restraint)  =      1082.2880
 Ewald error estimate:   0.2700E-03
 ------------------------------------------------------------------------------

 NMR restraints: Bond =    0.000   Angle =     0.000   Torsion =     0.000
===============================================================================

 NSTEP =     1000   TIME(PS) =       2.000  TEMP(K) =   157.72  PRESS =     0.0
 Etot   =      3096.9948  EKtot   =      1932.8984  EPtot      =      1164.0964
 BOND   =        91.8510  ANGLE   =       309.8272  DIHED      =       919.7987
 1-4 NB =       717.2938  1-4 EEL =      -231.4549  VDWAALS    =     -1050.6780
 EELEC  =       406.8516  EHBOND  =         0.0000  RESTRAINT  =         0.6070
 EAMBER (non-restraint)  =      1163.4894
 Ewald error estimate:   0.7461E-04
 ------------------------------------------------------------------------------

 NMR restraints: Bond =    0.000   Angle =     0.000   Torsion =     0.000
===============================================================================

      A V E R A G E S   O V E R    1000 S T E P S


 NSTEP =     1000   TIME(PS) =       2.000  TEMP(K) =    65.17  PRESS =     0.0
 Etot   =      1796.5924  EKtot   =       798.6217  EPtot      =       997.9707
 BOND   =        61.6690  ANGLE   =       151.1428  DIHED      =       856.7861
 1-4 NB =       699.7306  1-4 EEL =      -232.9031  VDWAALS    =      -946.7155
 EELEC  =       407.9154  EHBOND  =         0.0000  RESTRAINT  =         0.3453
 EAMBER (non-restraint)  =       997.6254
 Ewald error estimate:   0.2455E-03
 ------------------------------------------------------------------------------

 NMR restraints: Bond =    0.000   Angle =     0.000   Torsion =     0.000
===============================================================================

      R M S  F L U C T U A T I O N S


 NSTEP =     1000   TIME(PS) =       2.000  TEMP(K) =    49.78  PRESS =     0.0
 Etot   =       631.8620  EKtot   =       610.0974  EPtot      =        50.3006
 BOND   =        13.5951  ANGLE   =        75.9809  DIHED      =        25.1816
 1-4 NB =         8.5803  1-4 EEL =         0.5526  VDWAALS    =       104.2090
 EELEC  =         0.4395  EHBOND  =         0.0000  RESTRAINT  =         0.1451
 EAMBER (non-restraint)  =        50.1554
 Ewald error estimate:   0.1951E-03
 ------------------------------------------------------------------------------


 NMR restraints on final step:


--------------------------------------------------------------------------------
   5.  TIMINGS
--------------------------------------------------------------------------------

|    Read coords time           0.00 ( 0.02% of Total)
|                Build the list             0.51 (93.94% of List )
|                Other                      0.03 ( 6.06% of List )
|             List time                  0.54 ( 2.59% of Nonbo)
|                   Short_ene time            11.95 (98.37% of Direc)
|                   Other                      0.20 ( 1.63% of Direc)
|                Direct Ewald time         12.15 (59.33% of Ewald)
|                Adjust Ewald time          0.98 ( 4.80% of Ewald)
|                Self Ewald time            0.00 ( 0.01% of Ewald)
|                   Fill Bspline coeffs        0.21 ( 3.07% of Recip)
|                   Fill charge grid           0.58 ( 8.51% of Recip)
|                   Scalar sum                 1.51 (22.28% of Recip)
|                   Grad sum                   1.17 (17.29% of Recip)
|                   FFT time                   3.32 (48.84% of Recip)
|                   Other                      0.00 ( 0.02% of Recip)
|                Recip Ewald time           6.79 (33.16% of Ewald)
|                Force Adjust               0.00 ( 0.02% of Ewald)
|                Virial junk                0.03 ( 0.12% of Ewald)
|                Other                      0.52 ( 2.56% of Ewald)
|             Ewald time                20.48 (97.40% of Nonbo)
|             Other                      0.00 ( 0.01% of Nonbo)
|          Nonbond force             21.03 (82.95% of Force)
|          Bond/Angle/Dihedral        4.31 (16.99% of Force)
|          Other                      0.02 ( 0.07% of Force)
|       Force time                25.35 (98.70% of Runmd)
|       Shake time                 0.17 ( 0.64% of Runmd)
|       Verlet update time         0.15 ( 0.58% of Runmd)
|       Other                      0.02 ( 0.08% of Runmd)
|    Runmd Time                25.69 (99.73% of Total)
|    Other                      0.06 ( 0.25% of Total)
| Total time                25.76 (100.0% of ALL  )

| Number of list builds   :         29

| Highest rstack allocated:     387502
| Highest istack allocated:       5284

| Final Performance Info:
| -----------------------------------------------------
| Average timings for all steps:
|     Elapsed(s) =      25.69 Per Step(ms) =      25.69
|         ns/day =       6.73   seconds/ns =   12842.97
| -----------------------------------------------------

|           Job began  at 17:46:31.194  on 03/23/2017
|           Setup done at 17:46:31.264  on 03/23/2017
|           Run   done at 17:46:56.950  on 03/23/2017
|     wallclock() was called   44119 times
