
          -------------------------------------------------------
          Amber 16 SANDER                              2016
          -------------------------------------------------------

| Run on 03/28/2017 at 11:28:11

|   Executable path: sander
| Working directory: /home/steboss/Simulation/logP_standrews/inputfiles/chair/a_phenyl-cyclohexane/equatorial/water/equilibration
|          Hostname: Unknown
  [-O]verwriting output

File Assignments:
|  MDIN: md00003.in                                                            
| MDOUT: md00003.out                                                           
|INPCRD: md00002.rst7                                                          
|  PARM: solvated.parm7                                                        
|RESTRT: md00003.rst7                                                          
|  REFC: solvated.rst7                                                         
| MDVEL: mdvel                                                                 
| MDFRC: mdfrc                                                                 
|  MDEN: md00003.en                                                            
| MDCRD: md00003.nc                                                            
|MDINFO: md00003.info                                                          
|  MTMD: mtmd                                                                  
|INPDIP: inpdip                                                                
|RSTDIP: rstdip                                                                
|INPTRA: inptraj                                                               


 Here is the input file:

constant temperature                                                           
&cntrl                                                                         
ntxo=1,                                                                        
imin = 0, nstlim = 4000, irest = 1, ntx = 5, dt = 0.002,                       
ntt = 1, temp0 = 300.0, tautp = 1.0,                                           
ntb = 1,                                                                       
ntc = 2, ntf = 2,                                                              
ioutfm = 1, iwrap = 1,                                                         
ntwe = 800, ntwx = 800, ntpr = 400,                                            
ntr = 1, restraint_wt = 10.00,                                                 
restraintmask="!:WAT,HOH,T3P,T4P",                                             
/                                                                              
                                                                               

--------------------------------------------------------------------------------
   1.  RESOURCE   USE: 
--------------------------------------------------------------------------------

| Flags:                                                                        
 getting new box info from bottom of inpcrd
|  INFO: Old style inpcrd file read

| peek_ewald_inpcrd: Box info found
|Largest sphere to fit in unit cell has radius =    17.477
| New format PARM file being parsed.
| Version =    1.000 Date = 03/28/17 Time = 11:27:50
 NATOM  =    3049 NTYPES =       6 NBONH =    3037 MBONA  =      13
 NTHETH =      38 MTHETA =      16 NPHIH =      69 MPHIA  =      33
 NHPARM =       0 NPARM  =       0 NNB   =    4192 NRES   =    1008
 NBONA  =      13 NTHETA =      16 NPHIA =      33 NUMBND =       7
 NUMANG =       8 NPTRA  =       9 NATYP =       6 NPHB   =       1
 IFBOX  =       1 NMXRS  =      28 IFCAP =       0 NEXTRA =       0
 NCOPY  =       0


|     Memory Use     Allocated
|     Real              300788
|     Hollerith          10157
|     Integer            94298
|     Max Pairs        1016333
|     nblistReal         36588
|     nblist Int        170294
|       Total             7679 kbytes

| Note: 1-4 EEL scale factors are being read from the topology file.

| Note: 1-4 VDW scale factors are being read from the topology file.
| Duplicated    0 dihedrals
| Duplicated    0 dihedrals

     BOX TYPE: RECTILINEAR

--------------------------------------------------------------------------------
   2.  CONTROL  DATA  FOR  THE  RUN
--------------------------------------------------------------------------------

LIG                                                                             

General flags:
     imin    =       0, nmropt  =       0

Nature and format of input:
     ntx     =       5, irest   =       1, ntrx    =       1

Nature and format of output:
     ntxo    =       1, ntpr    =     400, ntrx    =       1, ntwr    =    4000
     iwrap   =       1, ntwx    =     800, ntwv    =       0, ntwe    =     800
     ioutfm  =       1, ntwprt  =       0, idecomp =       0, rbornstat=      0

Potential function:
     ntf     =       2, ntb     =       1, igb     =       0, nsnb    =      25
     ipol    =       0, gbsa    =       0, iesp    =       0
     dielc   =   1.00000, cut     =   8.00000, intdiel =   1.00000

Frozen or restrained atoms:
     ibelly  =       0, ntr     =       1
     restraint_wt =  10.00000

Molecular dynamics:
     nstlim  =      4000, nscm    =         0, nrespa  =         1
     t       =   0.00000, dt      =   0.00200, vlimit  =  20.00000

Berendsen (weak-coupling) temperature regulation:
     temp0   = 300.00000, tempi   =   0.00000, tautp   =   1.00000

SHAKE:
     ntc     =       2, jfastw  =       0
     tol     =   0.00001

Ewald parameters:
     verbose =       0, ew_type =       0, nbflag  =       1, use_pme =       1
     vdwmeth =       1, eedmeth =       1, netfrc  =       1
     Box X =   34.986   Box Y =   37.796   Box Z =   34.954
     Alpha =   90.000   Beta  =   90.000   Gamma =   90.000
     NFFT1 =   36       NFFT2 =   40       NFFT3 =   36
     Cutoff=    8.000   Tol   =0.100E-04
     Ewald Coefficient =  0.34864
     Interpolation order =    4

    LOADING THE CONSTRAINED ATOMS AS GROUPS


   5.  REFERENCE ATOM COORDINATES

  LIG 
     Mask !:WAT,HOH,T3P,T4P; matches    28 atoms

--------------------------------------------------------------------------------
   3.  ATOMIC COORDINATES AND VELOCITIES
--------------------------------------------------------------------------------

LIG                                                                             
 begin time read from input coords =     2.000 ps

 Number of triangulated 3-point waters found:     1007

     Sum of charges from parm topology file =   0.00000000
     Forcing neutrality...

--------------------------------------------------------------------------------
   4.  RESULTS
--------------------------------------------------------------------------------

|  # of SOLUTE  degrees of freedom (RNDFP):    6110.
|  # of SOLVENT degrees of freedom (RNDFS):       0.
|  NDFMIN =    6110.     NUM_NOSHAKE =      0     CORRECTED RNDFP =    6110.
|  TOTAL # of degrees of freedom (RNDF) =    6110.
 ---------------------------------------------------
 APPROXIMATING switch and d/dx switch using CUBIC SPLINE INTERPOLATION
 using   5000.0 points per unit in tabled values
 TESTING RELATIVE ERROR over r ranging from 0.0 to cutoff
| CHECK switch(x): max rel err =   0.2738E-14   at   2.422500
| CHECK d/dx switch(x): max rel err =   0.8332E-11   at   2.782960
 ---------------------------------------------------
| Local SIZE OF NONBOND LIST =     487765
| TOTAL SIZE OF NONBOND LIST =     487765

 NSTEP =      400   TIME(PS) =       2.800  TEMP(K) =   204.17  PRESS =     0.0
 Etot   =     -8942.8702  EKtot   =      1239.4982  EPtot      =    -10182.3684
 BOND   =         2.4964  ANGLE   =         6.1656  DIHED      =         4.5417
 1-4 NB =         7.2292  1-4 EEL =         0.5070  VDWAALS    =      1884.6551
 EELEC  =    -12090.7696  EHBOND  =         0.0000  RESTRAINT  =         2.8063
 EAMBER (non-restraint)  =    -10185.1747
 Ewald error estimate:   0.6026E-04
 ------------------------------------------------------------------------------


 NSTEP =      800   TIME(PS) =       3.600  TEMP(K) =   233.89  PRESS =     0.0
 Etot   =     -8559.0247  EKtot   =      1419.8945  EPtot      =     -9978.9192
 BOND   =         1.4487  ANGLE   =         7.9755  DIHED      =         4.4368
 1-4 NB =         7.2241  1-4 EEL =         0.6800  VDWAALS    =      1737.9228
 EELEC  =    -11741.8854  EHBOND  =         0.0000  RESTRAINT  =         3.2783
 EAMBER (non-restraint)  =     -9982.1976
 Ewald error estimate:   0.2841E-04
 ------------------------------------------------------------------------------


 NSTEP =     1200   TIME(PS) =       4.400  TEMP(K) =   248.56  PRESS =     0.0
 Etot   =     -8275.3665  EKtot   =      1508.9792  EPtot      =     -9784.3457
 BOND   =         1.3752  ANGLE   =         5.5878  DIHED      =         5.2383
 1-4 NB =         7.3438  1-4 EEL =         0.5385  VDWAALS    =      1614.1345
 EELEC  =    -11422.4312  EHBOND  =         0.0000  RESTRAINT  =         3.8674
 EAMBER (non-restraint)  =     -9788.2131
 Ewald error estimate:   0.1732E-03
 ------------------------------------------------------------------------------


 NSTEP =     1600   TIME(PS) =       5.200  TEMP(K) =   258.87  PRESS =     0.0
 Etot   =     -8051.4534  EKtot   =      1571.5628  EPtot      =     -9623.0162
 BOND   =         3.9906  ANGLE   =         8.2831  DIHED      =         4.2265
 1-4 NB =         6.4348  1-4 EEL =         0.4558  VDWAALS    =      1535.5554
 EELEC  =    -11184.7103  EHBOND  =         0.0000  RESTRAINT  =         2.7480
 EAMBER (non-restraint)  =     -9625.7641
 Ewald error estimate:   0.3858E-03
 ------------------------------------------------------------------------------


 NSTEP =     2000   TIME(PS) =       6.000  TEMP(K) =   269.39  PRESS =     0.0
 Etot   =     -7887.4721  EKtot   =      1635.4356  EPtot      =     -9522.9077
 BOND   =         3.4770  ANGLE   =         8.0246  DIHED      =         5.2305
 1-4 NB =         6.7664  1-4 EEL =         0.6135  VDWAALS    =      1581.1706
 EELEC  =    -11131.5346  EHBOND  =         0.0000  RESTRAINT  =         3.3443
 EAMBER (non-restraint)  =     -9526.2521
 Ewald error estimate:   0.6169E-04
 ------------------------------------------------------------------------------


 NSTEP =     2400   TIME(PS) =       6.800  TEMP(K) =   272.08  PRESS =     0.0
 Etot   =     -7764.9818  EKtot   =      1651.7749  EPtot      =     -9416.7567
 BOND   =         0.9298  ANGLE   =         8.2719  DIHED      =         5.4956
 1-4 NB =         7.6449  1-4 EEL =         0.5306  VDWAALS    =      1526.4317
 EELEC  =    -10969.7718  EHBOND  =         0.0000  RESTRAINT  =         3.7107
 EAMBER (non-restraint)  =     -9420.4674
 Ewald error estimate:   0.1848E-03
 ------------------------------------------------------------------------------


 NSTEP =     2800   TIME(PS) =       7.600  TEMP(K) =   279.47  PRESS =     0.0
 Etot   =     -7666.2246  EKtot   =      1696.6175  EPtot      =     -9362.8421
 BOND   =         3.3282  ANGLE   =        10.6152  DIHED      =         6.6792
 1-4 NB =         7.2849  1-4 EEL =         0.4264  VDWAALS    =      1502.9753
 EELEC  =    -10898.1491  EHBOND  =         0.0000  RESTRAINT  =         3.9978
 EAMBER (non-restraint)  =     -9366.8399
 Ewald error estimate:   0.5484E-04
 ------------------------------------------------------------------------------


 NSTEP =     3200   TIME(PS) =       8.400  TEMP(K) =   284.36  PRESS =     0.0
 Etot   =     -7593.6043  EKtot   =      1726.3128  EPtot      =     -9319.9171
 BOND   =         2.5532  ANGLE   =         7.6720  DIHED      =         5.1178
 1-4 NB =         7.0364  1-4 EEL =         0.5215  VDWAALS    =      1465.6250
 EELEC  =    -10811.9398  EHBOND  =         0.0000  RESTRAINT  =         3.4968
 EAMBER (non-restraint)  =     -9323.4138
 Ewald error estimate:   0.1511E-03
 ------------------------------------------------------------------------------


 NSTEP =     3600   TIME(PS) =       9.200  TEMP(K) =   285.19  PRESS =     0.0
 Etot   =     -7526.4334  EKtot   =      1731.3501  EPtot      =     -9257.7835
 BOND   =         2.8407  ANGLE   =         8.7630  DIHED      =         4.9491
 1-4 NB =         7.4068  1-4 EEL =         0.6720  VDWAALS    =      1417.7746
 EELEC  =    -10703.4656  EHBOND  =         0.0000  RESTRAINT  =         3.2758
 EAMBER (non-restraint)  =     -9261.0593
 Ewald error estimate:   0.2066E-04
 ------------------------------------------------------------------------------


 NSTEP =     4000   TIME(PS) =      10.000  TEMP(K) =   299.33  PRESS =     0.0
 Etot   =     -7480.7389  EKtot   =      1817.2217  EPtot      =     -9297.9606
 BOND   =         5.6768  ANGLE   =         6.8194  DIHED      =         5.1613
 1-4 NB =         7.0694  1-4 EEL =         0.4918  VDWAALS    =      1422.8113
 EELEC  =    -10750.0142  EHBOND  =         0.0000  RESTRAINT  =         4.0237
 EAMBER (non-restraint)  =     -9301.9842
 Ewald error estimate:   0.2883E-04
 ------------------------------------------------------------------------------


      A V E R A G E S   O V E R    4000 S T E P S


 NSTEP =     4000   TIME(PS) =      10.000  TEMP(K) =   258.32  PRESS =     0.0
 Etot   =     -8070.6518  EKtot   =      1568.2018  EPtot      =     -9638.8535
 BOND   =         3.1630  ANGLE   =         7.3070  DIHED      =         5.0220
 1-4 NB =         7.0573  1-4 EEL =         0.5556  VDWAALS    =      1589.2196
 EELEC  =    -11254.5077  EHBOND  =         0.0000  RESTRAINT  =         3.3296
 EAMBER (non-restraint)  =     -9642.1832
 Ewald error estimate:   0.1525E-03
 ------------------------------------------------------------------------------


      R M S  F L U C T U A T I O N S


 NSTEP =     4000   TIME(PS) =      10.000  TEMP(K) =    32.75  PRESS =     0.0
 Etot   =       537.6661  EKtot   =       198.8229  EPtot      =       341.7803
 BOND   =         1.2203  ANGLE   =         1.5966  DIHED      =         0.8966
 1-4 NB =         0.6203  1-4 EEL =         0.0668  VDWAALS    =       148.4084
 EELEC  =       483.8506  EHBOND  =         0.0000  RESTRAINT  =         0.8322
 EAMBER (non-restraint)  =       340.9481
 Ewald error estimate:   0.1123E-03
 ------------------------------------------------------------------------------


--------------------------------------------------------------------------------
   5.  TIMINGS
--------------------------------------------------------------------------------

|    Read coords time           0.00 ( 0.01% of Total)
|                Build the list             4.85 (98.34% of List )
|                Other                      0.08 ( 1.66% of List )
|             List time                  4.93 ( 7.04% of Nonbo)
|                   Short_ene time            50.02 (99.17% of Direc)
|                   Other                      0.42 ( 0.83% of Direc)
|                Direct Ewald time         50.44 (77.54% of Ewald)
|                Adjust Ewald time          0.44 ( 0.68% of Ewald)
|                Self Ewald time            0.01 ( 0.01% of Ewald)
|                   Fill Bspline coeffs        0.48 ( 3.42% of Recip)
|                   Fill charge grid           1.33 ( 9.50% of Recip)
|                   Scalar sum                 2.96 (21.09% of Recip)
|                   Grad sum                   2.78 (19.78% of Recip)
|                   FFT time                   6.49 (46.16% of Recip)
|                   Other                      0.01 ( 0.04% of Recip)
|                Recip Ewald time          14.05 (21.60% of Ewald)
|                Force Adjust               0.01 ( 0.02% of Ewald)
|                Virial junk                0.07 ( 0.10% of Ewald)
|                Other                      0.03 ( 0.05% of Ewald)
|             Ewald time                65.05 (92.94% of Nonbo)
|             Other                      0.01 ( 0.02% of Nonbo)
|          Nonbond force             69.99 (99.76% of Force)
|          Bond/Angle/Dihedral        0.15 ( 0.21% of Force)
|          Other                      0.02 ( 0.03% of Force)
|       Force time                70.16 (98.65% of Runmd)
|       Shake time                 0.58 ( 0.81% of Runmd)
|       Verlet update time         0.33 ( 0.47% of Runmd)
|       Other                      0.05 ( 0.07% of Runmd)
|    Runmd Time                71.12 (100.0% of Total)
|    Other                      0.03 ( 0.04% of Total)
| Total time                71.15 (100.0% of ALL  )

| Number of list builds   :        337

| Highest rstack allocated:     202249
| Highest istack allocated:       3049

| Final Performance Info:
| -----------------------------------------------------
| Average timings for all steps:
|     Elapsed(s) =      71.12 Per Step(ms) =      17.78
|         ns/day =       9.72   seconds/ns =    8890.15
| -----------------------------------------------------

|           Job began  at 11:28:11.817  on 03/28/2017
|           Setup done at 11:28:11.850  on 03/28/2017
|           Run   done at 11:29:22.971  on 03/28/2017
|     wallclock() was called  176697 times
