
          -------------------------------------------------------
          Amber 16 SANDER                              2016
          -------------------------------------------------------

| Run on 03/28/2017 at 11:27:50

|   Executable path: sander
| Working directory: /home/steboss/Simulation/logP_standrews/inputfiles/chair/a_phenyl-cyclohexane/equatorial/water/equilibration
|          Hostname: Unknown
  [-O]verwriting output

File Assignments:
|  MDIN: min00001.in                                                           
| MDOUT: min00001.out                                                          
|INPCRD: solvated.rst7                                                         
|  PARM: solvated.parm7                                                        
|RESTRT: min00001.rst7                                                         
|  REFC: solvated.rst7                                                         
| MDVEL: mdvel                                                                 
| MDFRC: mdfrc                                                                 
|  MDEN: min00001.en                                                           
| MDCRD: min00001.nc                                                           
|MDINFO: min00001.info                                                         
|  MTMD: mtmd                                                                  
|INPDIP: inpdip                                                                
|RSTDIP: rstdip                                                                
|INPTRA: inptraj                                                               


 Here is the input file:

                                                                               
Minimise whole system                                                          
&cntrl                                                                         
ntxo=1,                                                                        
imin = 1, ntmin = 1,                                                           
maxcyc = 100, ncyc = 10,                                                       
ntpr = 20, ntwe = 20,                                                          
dx0 = 1.0D-7,                                                                  
ntb = 1,                                                                       
ntr = 1, restraint_wt = 10.00,                                                 
restraintmask="!:WAT,HOH,T3P,T4P,CLP,MOL,LIG",                                 
/                                                                              

--------------------------------------------------------------------------------
   1.  RESOURCE   USE: 
--------------------------------------------------------------------------------

| Flags:                                                                        
 getting new box info from bottom of inpcrd
|  INFO: Old style inpcrd file read

| peek_ewald_inpcrd: Box info found
|Largest sphere to fit in unit cell has radius =    17.477
| New format PARM file being parsed.
| Version =    1.000 Date = 03/28/17 Time = 11:27:50
 NATOM  =    3049 NTYPES =       6 NBONH =    3037 MBONA  =      13
 NTHETH =      38 MTHETA =      16 NPHIH =      69 MPHIA  =      33
 NHPARM =       0 NPARM  =       0 NNB   =    4192 NRES   =    1008
 NBONA  =      13 NTHETA =      16 NPHIA =      33 NUMBND =       7
 NUMANG =       8 NPTRA  =       9 NATYP =       6 NPHB   =       1
 IFBOX  =       1 NMXRS  =      28 IFCAP =       0 NEXTRA =       0
 NCOPY  =       0


|     Memory Use     Allocated
|     Real              337576
|     Hollerith          10157
|     Integer            94298
|     Max Pairs        1016333
|     nblistReal         36588
|     nblist Int        170294
|       Total             7966 kbytes

| Note: 1-4 EEL scale factors are being read from the topology file.

| Note: 1-4 VDW scale factors are being read from the topology file.
| Duplicated    0 dihedrals
| Duplicated    0 dihedrals

     BOX TYPE: RECTILINEAR

--------------------------------------------------------------------------------
   2.  CONTROL  DATA  FOR  THE  RUN
--------------------------------------------------------------------------------

LIG                                                                             

General flags:
     imin    =       1, nmropt  =       0

Nature and format of input:
     ntx     =       1, irest   =       0, ntrx    =       1

Nature and format of output:
     ntxo    =       1, ntpr    =      20, ntrx    =       1, ntwr    =       1
     iwrap   =       0, ntwx    =       0, ntwv    =       0, ntwe    =      20
     ioutfm  =       1, ntwprt  =       0, idecomp =       0, rbornstat=      0

Potential function:
     ntf     =       1, ntb     =       1, igb     =       0, nsnb    =      25
     ipol    =       0, gbsa    =       0, iesp    =       0
     dielc   =   1.00000, cut     =   8.00000, intdiel =   1.00000

Frozen or restrained atoms:
     ibelly  =       0, ntr     =       1
     restraint_wt =  10.00000

Energy minimization:
     maxcyc  =     100, ncyc    =      10, ntmin   =       1
     dx0     =   0.00000, drms    =   0.00010

Ewald parameters:
     verbose =       0, ew_type =       0, nbflag  =       1, use_pme =       1
     vdwmeth =       1, eedmeth =       1, netfrc  =       0
     Box X =   34.986   Box Y =   37.796   Box Z =   34.954
     Alpha =   90.000   Beta  =   90.000   Gamma =   90.000
     NFFT1 =   36       NFFT2 =   40       NFFT3 =   36
     Cutoff=    8.000   Tol   =0.100E-04
     Ewald Coefficient =  0.34864
     Interpolation order =    4

    LOADING THE CONSTRAINED ATOMS AS GROUPS


   5.  REFERENCE ATOM COORDINATES

  LIG 
     Mask !:WAT,HOH,T3P,T4P,CLP,MOL,LIG; matches     0 atoms

--------------------------------------------------------------------------------
   3.  ATOMIC COORDINATES AND VELOCITIES
--------------------------------------------------------------------------------

LIG                                                                             
 begin time read from input coords =     0.000 ps

 Number of triangulated 3-point waters found:     1007

     Sum of charges from parm topology file =   0.00000000
     Forcing neutrality...

--------------------------------------------------------------------------------
   4.  RESULTS
--------------------------------------------------------------------------------

 ---------------------------------------------------
 APPROXIMATING switch and d/dx switch using CUBIC SPLINE INTERPOLATION
 using   5000.0 points per unit in tabled values
 TESTING RELATIVE ERROR over r ranging from 0.0 to cutoff
| CHECK switch(x): max rel err =   0.2738E-14   at   2.422500
| CHECK d/dx switch(x): max rel err =   0.8332E-11   at   2.782960
 ---------------------------------------------------
| Local SIZE OF NONBOND LIST =     454398
| TOTAL SIZE OF NONBOND LIST =     454398


   NSTEP       ENERGY          RMS            GMAX         NAME    NUMBER
      1      -8.0583E+03     1.1835E+01     4.2015E+01     O        2228

 BOND    =        0.9680  ANGLE   =        2.0956  DIHED      =        3.0567
 VDWAALS =      980.5882  EEL     =    -9052.4909  HBOND      =        0.0000
 1-4 VDW =        6.9058  1-4 EEL =        0.5424  RESTRAINT  =        0.0000


   NSTEP       ENERGY          RMS            GMAX         NAME    NUMBER
     20      -9.1387E+03     9.3329E+00     7.4475E+01     O         719

 BOND    =     1248.5874  ANGLE   =        1.7216  DIHED      =        3.1215
 VDWAALS =     1001.6573  EEL     =   -11400.6593  HBOND      =        0.0000
 1-4 VDW =        6.3055  1-4 EEL =        0.5240  RESTRAINT  =        0.0000


   NSTEP       ENERGY          RMS            GMAX         NAME    NUMBER
     40      -9.7850E+03     2.7544E+00     1.7643E+01     H1        720

 BOND    =      470.2614  ANGLE   =        2.7117  DIHED      =        3.2192
 VDWAALS =     1008.5735  EEL     =   -11277.2651  HBOND      =        0.0000
 1-4 VDW =        6.8759  1-4 EEL =        0.5767  RESTRAINT  =        0.0000


   NSTEP       ENERGY          RMS            GMAX         NAME    NUMBER
     60      -1.0199E+04     1.9451E+00     2.0062E+01     O        1268

 BOND    =      635.1443  ANGLE   =        2.0474  DIHED      =        3.1357
 VDWAALS =     1260.9245  EEL     =   -12107.2708  HBOND      =        0.0000
 1-4 VDW =        6.6091  1-4 EEL =        0.5639  RESTRAINT  =        0.0000


   NSTEP       ENERGY          RMS            GMAX         NAME    NUMBER
     80      -1.0448E+04     1.8773E+00     2.8046E+01     C3          3

 BOND    =      682.7929  ANGLE   =        4.6183  DIHED      =        3.5399
 VDWAALS =     1380.2422  EEL     =   -12526.9076  HBOND      =        0.0000
 1-4 VDW =        6.7523  1-4 EEL =        0.5824  RESTRAINT  =        0.0000


   NSTEP       ENERGY          RMS            GMAX         NAME    NUMBER
    100      -1.0643E+04     2.0961E+00     6.6812E+01     C11        11

 BOND    =      707.7497  ANGLE   =        6.1941  DIHED      =        4.4805
 VDWAALS =     1571.4941  EEL     =   -12939.2953  HBOND      =        0.0000
 1-4 VDW =        6.0821  1-4 EEL =        0.6006  RESTRAINT  =        0.0000


  Maximum number of minimization cycles reached.


                    FINAL RESULTS



   NSTEP       ENERGY          RMS            GMAX         NAME    NUMBER
    100      -1.0643E+04     2.0961E+00     6.6812E+01     C11        11

 BOND    =      707.7497  ANGLE   =        6.1941  DIHED      =        4.4805
 VDWAALS =     1571.4941  EEL     =   -12939.2953  HBOND      =        0.0000
 1-4 VDW =        6.0821  1-4 EEL =        0.6006  RESTRAINT  =        0.0000

--------------------------------------------------------------------------------
   5.  TIMINGS
--------------------------------------------------------------------------------

|    Read coords time           0.00 ( 0.10% of Total)
|                Build the list             0.02 (55.28% of List )
|                Other                      0.01 (44.72% of List )
|             List time                  0.03 ( 1.77% of Nonbo)
|                   Short_ene time             1.15 (99.11% of Direc)
|                   Other                      0.01 ( 0.89% of Direc)
|                Direct Ewald time          1.16 (75.81% of Ewald)
|                Adjust Ewald time          0.01 ( 0.75% of Ewald)
|                Self Ewald time            0.00 ( 0.01% of Ewald)
|                   Fill Bspline coeffs        0.01 ( 3.55% of Recip)
|                   Fill charge grid           0.03 ( 9.39% of Recip)
|                   Scalar sum                 0.08 (21.12% of Recip)
|                   Grad sum                   0.07 (19.27% of Recip)
|                   FFT time                   0.17 (46.63% of Recip)
|                   Other                      0.00 ( 0.04% of Recip)
|                Recip Ewald time           0.36 (23.27% of Ewald)
|                Virial junk                0.00 ( 0.10% of Ewald)
|                Start synchronizatio       0.00 ( 0.01% of Ewald)
|                Other                      0.00 ( 0.05% of Ewald)
|             Ewald time                 1.53 (98.20% of Nonbo)
|             Other                      0.00 ( 0.02% of Nonbo)
|          Nonbond force              1.56 (99.45% of Force)
|          Bond/Angle/Dihedral        0.01 ( 0.51% of Force)
|          Other                      0.00 ( 0.04% of Force)
|       Force time                 1.56 (100.0% of Runmd)
|    Runmd Time                 1.56 (73.60% of Total)
|    Other                      0.56 (26.29% of Total)
| Total time                 2.13 (100.0% of ALL  )

| Number of list builds   :          1

| Highest rstack allocated:     202249
| Highest istack allocated:       3049
|           Job began  at 11:27:50.417  on 03/28/2017
|           Setup done at 11:27:50.446  on 03/28/2017
|           Run   done at 11:27:52.543  on 03/28/2017
|     wallclock() was called    3850 times
