            --------------------------------------------------------
                             AMBER SQM VERSION 14
 
                                     By
              Ross C. Walker, Michael F. Crowley, Scott Brozell,
                         Tim Giese, Andreas W. Goetz,
                        Tai-Sung Lee and David A. Case
 
            --------------------------------------------------------
 

--------------------------------------------------------------------------------
  QM CALCULATION INFO
--------------------------------------------------------------------------------

| QMMM: Citation for AMBER QMMM Run:
| QMMM: R.C. Walker, M.F. Crowley and D.A. Case, J. COMP. CHEM. 29:1019, 2008

QMMM: SINGLET STATE CALCULATION
QMMM: RHF CALCULATION, NO. OF DOUBLY OCCUPIED LEVELS = 44

| QMMM: *** Selected Hamiltonian *** 
| QMMM: AM1         

| QMMM: *** Parameter sets in use ***
| QMMM: F : M.J.S.DEWAR et al. THEOCHEM, 180, 1, (1988)
| QMMM: C : M.J.S.DEWAR et al. JACS, 107, 3902, (1985)
| QMMM: H : M.J.S.DEWAR et al. JACS, 107, 3902, (1985)

| QMMM: *** SCF convergence criteria ***
| QMMM: Energy change                :  0.1D-09 kcal/mol
| QMMM: Error matrix |FP-PF|         :  0.1D+00 au
| QMMM: Density matrix change        :  0.5D-06
| QMMM: Maximum number of SCF cycles :     1000

| QMMM: *** Diagonalization Routine Information ***
| QMMM: Pseudo diagonalizations are allowed.
| QMMM: Auto diagonalization routine selection is in use.
| QMMM:
| QMMM: Timing diagonalization routines:
| QMMM:                              norbs =       76
| QMMM:    diag iterations used for timing =       15
| QMMM:
| QMMM:              Internal diag routine = 0.015557 seconds
| QMMM:                 Dspev diag routine = 0.018533 seconds
| QMMM:                Dspevd diag routine = 0.014695 seconds
| QMMM:                Dspevx diag routine = 0.056771 seconds
| QMMM:                 Dsyev diag routine = 0.020247 seconds
| QMMM:                Dsyevd diag routine = 0.017294 seconds
| QMMM:                Dsyevr diag routine = 0.017456 seconds
| QMMM:
| QMMM:                Pseudo diag routine = 0.006263 seconds
| QMMM:
| QMMM: Using dspevd routine (diag_routine=3).

  QMMM: QM Region Cartesian Coordinates (*=link atom) 
  QMMM: QM_NO.   MM_NO.  ATOM         X         Y         Z
  QMMM:     1        1      F        0.8770   -0.0470   -0.2650
  QMMM:     2        2      C        2.2300   -0.0190   -0.0830
  QMMM:     3        3      C        2.7600   -1.4290   -0.3060
  QMMM:     4        4      C        2.5620   -1.8530   -1.7540
  QMMM:     5        5      F        3.1010   -3.0910   -1.9260
  QMMM:     6        6      C        3.2170   -0.8700   -2.7210
  QMMM:     7        7      F        4.5580   -0.8550   -2.4670
  QMMM:     8        8      C        2.6350    0.5380   -2.5140
  QMMM:     9        9      C        2.8270    0.9950   -1.0560
  QMMM:    10       10      F        4.1500    1.1260   -0.7620
  QMMM:    11       11      C        3.1470    1.5510   -3.5250
  QMMM:    12       12      C        2.2470    2.1800   -4.4000
  QMMM:    13       13      C        2.6970    3.1140   -5.3370
  QMMM:    14       14      C        4.0500    3.4320   -5.4110
  QMMM:    15       15      C        4.9550    2.8170   -4.5490
  QMMM:    16       16      C        4.5060    1.8840   -3.6130
  QMMM:    17       17      H        2.4210    0.2880    0.9500
  QMMM:    18       18      H        2.2340   -2.1360    0.3460
  QMMM:    19       19      H        3.8230   -1.4860   -0.0420
  QMMM:    20       20      H        1.4920   -1.9400   -1.9780
  QMMM:    21       21      H        3.0920   -1.2130   -3.7530
  QMMM:    22       22      H        1.5510    0.4520   -2.6760
  QMMM:    23       23      H        2.3570    1.9730   -0.9060
  QMMM:    24       24      H        1.1840    1.9520   -4.3650
  QMMM:    25       25      H        1.9900    3.5930   -6.0090
  QMMM:    26       26      H        4.4010    4.1580   -6.1390
  QMMM:    27       27      H        6.0120    3.0630   -4.6030
  QMMM:    28       28      H        5.2350    1.4180   -2.9500

--------------------------------------------------------------------------------
  RESULTS
--------------------------------------------------------------------------------

      iter         sqm energy              rms gradient
      ----    -------------------    -----------------------
xmin    10     -181.8499 kcal/mol        0.0910 kcal/(mol*A)
xmin    20     -181.8534 kcal/mol        0.0266 kcal/(mol*A)
xmin    30     -181.8536 kcal/mol        0.0130 kcal/(mol*A)
xmin    40     -181.8537 kcal/mol        0.0031 kcal/(mol*A)
xmin    50     -181.8538 kcal/mol        0.0035 kcal/(mol*A)
  ... geometry converged !
 
 Final MO eigenvalues (eV):
 -49.7540  -49.2396  -49.0537  -48.4805  -39.8470  -37.1121  -33.5742  -31.5887
 -30.4435  -29.7746  -24.8691  -24.1759  -23.4624  -22.2695  -20.9727  -18.7242
 -18.0690  -17.8485  -17.7281  -17.3803  -17.3079  -16.7582  -16.2989  -16.1415
 -15.8695  -15.6609  -15.3264  -14.8945  -14.5224  -14.4183  -14.2007  -13.7609
 -13.6599  -13.5935  -13.1027  -12.6292  -12.3520  -12.3363  -11.9622  -11.9004
 -11.6134  -11.1585   -9.8333   -9.7068    0.1768    0.3980    2.3905    2.4538
   2.6202    2.7829    2.8643    2.9397    3.1087    3.2011    3.3325    3.4680
   3.6036    3.6438    3.7207    3.7557    3.8621    3.9158    4.0086    4.1989
   4.2561    4.3147    4.3686    4.4807    4.7115    4.7691    4.8731    4.9919
   5.3852    5.4219    5.5371    5.9177

 Heat of formation   =       -181.85376401 kcal/mol  (       -7.88577096 eV)

 Total SCF energy    =     -84009.08264404 kcal/mol  (    -3642.90718720 eV)
 Electronic energy   =    -443436.65411070 kcal/mol  (   -19228.85625561 eV)
 Core-core repulsion =     359427.57146666 kcal/mol  (    15585.94906841 eV)
 
    Atomic Charges for Step       1 :
  Atom    Element       Mulliken Charge
     1      F                 -0.165
     2      C                  0.030
     3      C                 -0.220
     4      C                  0.035
     5      F                 -0.155
     6      C                  0.044
     7      F                 -0.149
     8      C                 -0.117
     9      C                  0.043
    10      F                 -0.150
    11      C                 -0.092
    12      C                 -0.121
    13      C                 -0.134
    14      C                 -0.120
    15      C                 -0.130
    16      C                 -0.104
    17      H                  0.114
    18      H                  0.117
    19      H                  0.129
    20      H                  0.107
    21      H                  0.114
    22      H                  0.120
    23      H                  0.114
    24      H                  0.130
    25      H                  0.133
    26      H                  0.133
    27      H                  0.136
    28      H                  0.155
 Total Mulliken Charge =      -0.000
 
                  X        Y        Z     TOTAL  
  QM DIPOLE    -1.553    1.437   -0.293    2.136
 
 Final Structure

  QMMM: QM Region Cartesian Coordinates (*=link atom) 
  QMMM: QM_NO.   MM_NO.  ATOM         X         Y         Z
  QMMM:     1        1      F        0.8170    0.0377   -0.2198
  QMMM:     2        2      C        2.1947   -0.0169   -0.0866
  QMMM:     3        3      C        2.7401   -1.4235   -0.3293
  QMMM:     4        4      C        2.5495   -1.8578   -1.7842
  QMMM:     5        5      F        3.0011   -3.1503   -1.9801
  QMMM:     6        6      C        3.2908   -0.8671   -2.7376
  QMMM:     7        7      F        4.6566   -0.9172   -2.5346
  QMMM:     8        8      C        2.6864    0.5339   -2.5119
  QMMM:     9        9      C        2.8662    1.0105   -1.0570
  QMMM:    10       10      F        4.1862    1.1906   -0.6897
  QMMM:    11       11      C        3.1710    1.5341   -3.5073
  QMMM:    12       12      C        2.2520    2.1338   -4.3789
  QMMM:    13       13      C        2.6805    3.0702   -5.3179
  QMMM:    14       14      C        4.0292    3.4172   -5.3961
  QMMM:    15       15      C        4.9484    2.8244   -4.5313
  QMMM:    16       16      C        4.5229    1.8875   -3.5909
  QMMM:    17       17      H        2.4547    0.2894    0.9695
  QMMM:    18       18      H        2.2229   -2.1523    0.3448
  QMMM:    19       19      H        3.8352   -1.4241   -0.0865
  QMMM:    20       20      H        1.4505   -1.8262   -2.0417
  QMMM:    21       21      H        3.0887   -1.1823   -3.8027
  QMMM:    22       22      H        1.5690    0.4125   -2.6453
  QMMM:    23       23      H        2.3326    1.9998   -0.9439
  QMMM:    24       24      H        1.1856    1.8674   -4.3250
  QMMM:    25       25      H        1.9519    3.5355   -5.9979
  QMMM:    26       26      H        4.3660    4.1561   -6.1378
  QMMM:    27       27      H        6.0133    3.0943   -4.5886
  QMMM:    28       28      H        5.2478    1.4175   -2.9056

           --------- Calculation Completed ----------

