            --------------------------------------------------------
                             AMBER SQM VERSION 14
 
                                     By
              Ross C. Walker, Michael F. Crowley, Scott Brozell,
                         Tim Giese, Andreas W. Goetz,
                        Tai-Sung Lee and David A. Case
 
            --------------------------------------------------------
 

--------------------------------------------------------------------------------
  QM CALCULATION INFO
--------------------------------------------------------------------------------

| QMMM: Citation for AMBER QMMM Run:
| QMMM: R.C. Walker, M.F. Crowley and D.A. Case, J. COMP. CHEM. 29:1019, 2008

QMMM: SINGLET STATE CALCULATION
QMMM: RHF CALCULATION, NO. OF DOUBLY OCCUPIED LEVELS = 29

| QMMM: *** Selected Hamiltonian *** 
| QMMM: AM1         

| QMMM: *** Parameter sets in use ***
| QMMM: C : M.J.S.DEWAR et al. JACS, 107, 3902, (1985)
| QMMM: H : M.J.S.DEWAR et al. JACS, 107, 3902, (1985)

| QMMM: *** SCF convergence criteria ***
| QMMM: Energy change                :  0.1D-09 kcal/mol
| QMMM: Error matrix |FP-PF|         :  0.1D+00 au
| QMMM: Density matrix change        :  0.5D-06
| QMMM: Maximum number of SCF cycles :     1000

| QMMM: *** Diagonalization Routine Information ***
| QMMM: Pseudo diagonalizations are allowed.
| QMMM: Auto diagonalization routine selection is in use.
| QMMM:
| QMMM: Timing diagonalization routines:
| QMMM:                              norbs =       58
| QMMM:    diag iterations used for timing =       15
| QMMM:
| QMMM:              Internal diag routine = 0.007631 seconds
| QMMM:                 Dspev diag routine = 0.010066 seconds
| QMMM:                Dspevd diag routine = 0.009669 seconds
| QMMM:                Dspevx diag routine = 0.031006 seconds
| QMMM:                 Dsyev diag routine = 0.011491 seconds
| QMMM:                Dsyevd diag routine = 0.010314 seconds
| QMMM:                Dsyevr diag routine = 0.010129 seconds
| QMMM:
| QMMM:                Pseudo diag routine = 0.003509 seconds
| QMMM:
| QMMM: Using internal diagonalization routine (diag_routine=1).

  QMMM: QM Region Cartesian Coordinates (*=link atom) 
  QMMM: QM_NO.   MM_NO.  ATOM         X         Y         Z
  QMMM:     1        1      C       -1.4430   -0.0810    0.0950
  QMMM:     2        2      C       -0.8470    1.1380   -0.2190
  QMMM:     3        3      C        0.5440    1.2320   -0.3170
  QMMM:     4        4      C        1.3640    0.1110   -0.1040
  QMMM:     5        5      C        0.7420   -1.1080    0.2110
  QMMM:     6        6      C       -0.6490   -1.2050    0.3100
  QMMM:     7        7      C        2.8290    0.2120   -0.2090
  QMMM:     8        8      C        3.5570   -0.6530   -1.0430
  QMMM:     9        9      C        4.9480   -0.5590   -1.1430
  QMMM:    10       10      C        5.6360    0.4040   -0.4080
  QMMM:    11       11      C        4.9340    1.2710    0.4260
  QMMM:    12       12      C        3.5430    1.1750    0.5230
  QMMM:    13       13      H       -2.5240   -0.1550    0.1720
  QMMM:    14       14      H       -1.4630    2.0170   -0.3910
  QMMM:    15       15      H        0.9880    2.1920   -0.5750
  QMMM:    16       16      H        1.3440   -1.9960    0.3950
  QMMM:    17       17      H       -1.1100   -2.1570    0.5590
  QMMM:    18       18      H        3.0380   -1.4050   -1.6350
  QMMM:    19       19      H        5.4920   -1.2350   -1.7970
  QMMM:    20       20      H        6.7170    0.4780   -0.4850
  QMMM:    21       21      H        5.4680    2.0210    1.0030
  QMMM:    22       22      H        3.0160    1.8550    1.1900

--------------------------------------------------------------------------------
  RESULTS
--------------------------------------------------------------------------------

      iter         sqm energy              rms gradient
      ----    -------------------    -----------------------
xmin    10       47.6607 kcal/mol        0.3621 kcal/(mol*A)
xmin    20       47.5362 kcal/mol        0.3085 kcal/(mol*A)
xmin    30       47.4843 kcal/mol        0.1706 kcal/(mol*A)
xmin    40       47.4696 kcal/mol        0.0656 kcal/(mol*A)
xmin    50       47.4539 kcal/mol        0.1814 kcal/(mol*A)
xmin    60       47.4439 kcal/mol        0.2463 kcal/(mol*A)
xmin    70       47.4397 kcal/mol        0.0261 kcal/(mol*A)
xmin    80       47.4389 kcal/mol        0.0217 kcal/(mol*A)
xmin    90       47.4387 kcal/mol        0.0152 kcal/(mol*A)
xmin   100       47.4386 kcal/mol        0.0116 kcal/(mol*A)
xmin   110       47.4386 kcal/mol        0.0075 kcal/(mol*A)
xmin   120       47.4386 kcal/mol        0.0014 kcal/(mol*A)
  ... geometry converged !
 
 Final MO eigenvalues (eV):
 -40.2345  -38.5691  -33.4720  -31.8156  -31.1329  -29.4974  -24.2859  -23.8959
 -22.4084  -21.5919  -18.2912  -16.9568  -16.6024  -16.0112  -15.2263  -15.1651
 -14.3504  -14.1971  -14.0918  -13.6553  -13.0943  -12.5315  -12.1341  -11.8240
 -11.7101  -10.2819   -9.7186   -9.6963   -8.9530   -0.0670    0.5166    0.5376
   0.9143    2.7599    3.0599    3.7316    3.8987    3.9822    4.0087    4.0746
   4.0876    4.1389    4.4341    4.4578    4.4777    4.6426    4.9208    5.0304
   5.1066    5.1270    5.4206    5.4758    5.6012    5.6222    5.6418    5.8115
   6.0467    6.1080

 Heat of formation   =         47.43858931 kcal/mol  (        2.05709160 eV)

 Total SCF energy    =     -38585.98774636 kcal/mol  (    -1673.21398666 eV)
 Electronic energy   =    -204770.50537006 kcal/mol  (    -8879.51543168 eV)
 Core-core repulsion =     166184.51762369 kcal/mol  (     7206.30144502 eV)
 
    Atomic Charges for Step       1 :
  Atom    Element       Mulliken Charge
     1      C                 -0.128
     2      C                 -0.131
     3      C                 -0.119
     4      C                 -0.037
     5      C                 -0.119
     6      C                 -0.131
     7      C                 -0.037
     8      C                 -0.119
     9      C                 -0.131
    10      C                 -0.128
    11      C                 -0.131
    12      C                 -0.119
    13      H                  0.131
    14      H                  0.132
    15      H                  0.135
    16      H                  0.135
    17      H                  0.132
    18      H                  0.135
    19      H                  0.132
    20      H                  0.131
    21      H                  0.132
    22      H                  0.135
 Total Mulliken Charge =      -0.000
 
                  X        Y        Z     TOTAL  
  QM DIPOLE     0.000    0.000   -0.000    0.000
 
 Final Structure

  QMMM: QM Region Cartesian Coordinates (*=link atom) 
  QMMM: QM_NO.   MM_NO.  ATOM         X         Y         Z
  QMMM:     1        1      C       -1.4202   -0.0812    0.0945
  QMMM:     2        2      C       -0.8160    1.1627   -0.0865
  QMMM:     3        3      C        0.5703    1.2611   -0.1843
  QMMM:     4        4      C        1.3692    0.1113   -0.1046
  QMMM:     5        5      C        0.7543   -1.1361    0.0761
  QMMM:     6        6      C       -0.6322   -1.2291    0.1762
  QMMM:     7        7      C        2.8239    0.2116   -0.2084
  QMMM:     8        8      C        3.5509   -0.7377   -0.9410
  QMMM:     9        9      C        4.9372   -0.6391   -1.0397
  QMMM:    10       10      C        5.6133    0.4042   -0.4074
  QMMM:    11       11      C        4.8972    1.3513    0.3242
  QMMM:    12       12      C        3.5106    1.2585    0.4234
  QMMM:    13       13      H       -2.5144   -0.1567    0.1726
  QMMM:    14       14      H       -1.4345    2.0698   -0.1535
  QMMM:    15       15      H        1.0427    2.2438   -0.3326
  QMMM:    16       16      H        1.3728   -2.0436    0.1465
  QMMM:    17       17      H       -1.1052   -2.2115    0.3211
  QMMM:    18       18      H        3.0208   -1.5592   -1.4459
  QMMM:    19       19      H        5.4986   -1.3866   -1.6194
  QMMM:    20       20      H        6.7075    0.4797   -0.4855
  QMMM:    21       21      H        5.4273    2.1741    0.8260
  QMMM:    22       22      H        2.9498    2.0048    1.0062

           --------- Calculation Completed ----------

