log started: Wed Mar 22 11:19:01 2017

Log file: ./leap.log
>> #
>> # ----- leaprc for loading the general Amber Force field.
>> #       This file is mostly for use with Antechamber
>> #
>> #	load atom type hybridizations
>> #
>> addAtomTypes {
>> 	{ "h1"  "H" "sp3" }
>> 	{ "h2"  "H" "sp3" }
>> 	{ "h3"  "H" "sp3" }
>> 	{ "h4"  "H" "sp3" }
>> 	{ "h5"  "H" "sp3" }
>> 	{ "ha"  "H" "sp3" }
>> 	{ "hc"  "H" "sp3" }
>> 	{ "hn"  "H" "sp3" }
>> 	{ "ho"  "H" "sp3" }
>> 	{ "hp"  "H" "sp3" }
>> 	{ "hs"  "H" "sp3" }
>> 	{ "hw"  "H" "sp3" }
>> 	{ "hx"  "H" "sp3" }
>> 	{ "o"  "O" "sp2" }
>> 	{ "o2"  "O" "sp2" }
>> 	{ "oh"  "O" "sp3" }
>> 	{ "os"  "O" "sp3" }
>> 	{ "ow"  "O" "sp3" }
>> 	{ "c"  "C" "sp2" }
>> 	{ "c1"  "C" "sp2" }
>> 	{ "c2"  "C" "sp2" }
>> 	{ "c3"  "C" "sp3" }
>> 	{ "ca"  "C" "sp2" }
>> 	{ "cc"  "C" "sp2" }
>> 	{ "cd"  "C" "sp2" }
>> 	{ "ce"  "C" "sp2" }
>> 	{ "cf"  "C" "sp2" }
>> 	{ "cg"  "C" "sp2" }
>> 	{ "ch"  "C" "sp2" }
>> 	{ "cp"  "C" "sp2" }
>> 	{ "cq"  "C" "sp2" }
>> 	{ "cu"  "C" "sp2" }
>> 	{ "cv"  "C" "sp2" }
>> 	{ "cx"  "C" "sp2" }
>> 	{ "cy"  "C" "sp2" }
>> 	{ "cz"  "C" "sp2" }
>> 	{ "n"   "N" "sp2" }
>> 	{ "n1"  "N" "sp2" }
>> 	{ "n2"  "N" "sp2" }
>> 	{ "n3"  "N" "sp3" }
>> 	{ "n4"  "N" "sp3" }
>> 	{ "na"  "N" "sp2" }
>> 	{ "nb"  "N" "sp2" }
>> 	{ "nc"  "N" "sp2" }
>> 	{ "nd"  "N" "sp2" }
>> 	{ "ne"  "N" "sp2" }
>> 	{ "nf"  "N" "sp2" }
>> 	{ "nh"  "N" "sp2" }
>> 	{ "no"  "N" "sp2" }
>> 	{ "s"   "S" "sp2" }
>> 	{ "s2"   "S" "sp2" }
>> 	{ "s3"   "S" "sp3" }
>> 	{ "s4"   "S" "sp3" }
>> 	{ "s6"   "S" "sp3" }
>> 	{ "sh"   "S" "sp3" }
>> 	{ "ss"   "S" "sp3" }
>> 	{ "sx"   "S" "sp3" }
>> 	{ "sy"   "S" "sp3" }
>> 	{ "p2"   "P" "sp2" }
>> 	{ "p3"   "P" "sp3" }
>> 	{ "p4"   "P" "sp3" }
>> 	{ "p5"   "P" "sp3" }
>> 	{ "pb"   "P" "sp3" }
>> 	{ "pc"   "P" "sp3" }
>> 	{ "pd"   "P" "sp3" }
>> 	{ "pe"   "P" "sp3" }
>> 	{ "pf"   "P" "sp3" }
>> 	{ "px"   "P" "sp3" }
>> 	{ "py"   "P" "sp3" }
>> 	{ "f"   "F" "sp3" }
>> 	{ "cl"  "Cl" "sp3" }
>> 	{ "br"  "Br" "sp3" }
>> 	{ "i"   "I"  "sp3" }
>> }
>> #
>> #	Load the general force field parameter set.
>> #
>> gaff = loadamberparams gaff.dat
Loading parameters: /home/steboss/Software/amber16/dat/leap/parm/gaff.dat
Reading title:
AMBER General Force Field for organic molecules (Version 1.8, Mar 2015)
> 
> loadoff ../../cyclohexane/cyc.off
Loading library: ../../cyclohexane/cyc.off
Loading: CYC
> mol = loadmol2 ../a.mol2
Loading Mol2 file: ../a.mol2
Reading MOLECULE named LIG
> solvatebox mol CYC 20.0 0.75 iso
Solvent has no box, so preparing by making box including vdw
(Use 'setBox centers' first if box was pre-equilibrated)
  Solute vdw bounding box:              8.418 7.372 10.782
  Total bounding box for atom centers:  48.418 47.372 50.782
  Solvent unit box:                     6.814 7.274 7.684
The number of boxes:  x= 8  y= 7  z= 7
Adding box at: x=0  y=0  z=0
Center of solvent box is: 23.847950, 21.821400, 23.052300
Adding box at: x=0  y=0  z=1
Center of solvent box is: 23.847950, 21.821400, 15.368200
Adding box at: x=0  y=0  z=2
Center of solvent box is: 23.847950, 21.821400, 7.684100
Adding box at: x=0  y=0  z=3
Center of solvent box is: 23.847950, 21.821400, 0.000000
Adding box at: x=0  y=0  z=4
Center of solvent box is: 23.847950, 21.821400, -7.684100
Adding box at: x=0  y=0  z=5
Center of solvent box is: 23.847950, 21.821400, -15.368200
Adding box at: x=0  y=0  z=6
Center of solvent box is: 23.847950, 21.821400, -23.052300
Adding box at: x=0  y=1  z=0
Center of solvent box is: 23.847950, 14.547600, 23.052300
Adding box at: x=0  y=1  z=1
Center of solvent box is: 23.847950, 14.547600, 15.368200
Adding box at: x=0  y=1  z=2
Center of solvent box is: 23.847950, 14.547600, 7.684100
Adding box at: x=0  y=1  z=3
Center of solvent box is: 23.847950, 14.547600, 0.000000
Adding box at: x=0  y=1  z=4
Center of solvent box is: 23.847950, 14.547600, -7.684100
Adding box at: x=0  y=1  z=5
Center of solvent box is: 23.847950, 14.547600, -15.368200
Adding box at: x=0  y=1  z=6
Center of solvent box is: 23.847950, 14.547600, -23.052300
Adding box at: x=0  y=2  z=0
Center of solvent box is: 23.847950, 7.273800, 23.052300
Adding box at: x=0  y=2  z=1
Center of solvent box is: 23.847950, 7.273800, 15.368200
Adding box at: x=0  y=2  z=2
Center of solvent box is: 23.847950, 7.273800, 7.684100
Adding box at: x=0  y=2  z=3
Center of solvent box is: 23.847950, 7.273800, 0.000000
Adding box at: x=0  y=2  z=4
Center of solvent box is: 23.847950, 7.273800, -7.684100
Adding box at: x=0  y=2  z=5
Center of solvent box is: 23.847950, 7.273800, -15.368200
Adding box at: x=0  y=2  z=6
Center of solvent box is: 23.847950, 7.273800, -23.052300
Adding box at: x=0  y=3  z=0
Center of solvent box is: 23.847950, 0.000000, 23.052300
Adding box at: x=0  y=3  z=1
Center of solvent box is: 23.847950, 0.000000, 15.368200
Adding box at: x=0  y=3  z=2
Center of solvent box is: 23.847950, 0.000000, 7.684100
Adding box at: x=0  y=3  z=3
Center of solvent box is: 23.847950, 0.000000, 0.000000
Adding box at: x=0  y=3  z=4
Center of solvent box is: 23.847950, 0.000000, -7.684100
Adding box at: x=0  y=3  z=5
Center of solvent box is: 23.847950, 0.000000, -15.368200
Adding box at: x=0  y=3  z=6
Center of solvent box is: 23.847950, 0.000000, -23.052300
Adding box at: x=0  y=4  z=0
Center of solvent box is: 23.847950, -7.273800, 23.052300
Adding box at: x=0  y=4  z=1
Center of solvent box is: 23.847950, -7.273800, 15.368200
Adding box at: x=0  y=4  z=2
Center of solvent box is: 23.847950, -7.273800, 7.684100
Adding box at: x=0  y=4  z=3
Center of solvent box is: 23.847950, -7.273800, 0.000000
Adding box at: x=0  y=4  z=4
Center of solvent box is: 23.847950, -7.273800, -7.684100
Adding box at: x=0  y=4  z=5
Center of solvent box is: 23.847950, -7.273800, -15.368200
Adding box at: x=0  y=4  z=6
Center of solvent box is: 23.847950, -7.273800, -23.052300
Adding box at: x=0  y=5  z=0
Center of solvent box is: 23.847950, -14.547600, 23.052300
Adding box at: x=0  y=5  z=1
Center of solvent box is: 23.847950, -14.547600, 15.368200
Adding box at: x=0  y=5  z=2
Center of solvent box is: 23.847950, -14.547600, 7.684100
Adding box at: x=0  y=5  z=3
Center of solvent box is: 23.847950, -14.547600, 0.000000
Adding box at: x=0  y=5  z=4
Center of solvent box is: 23.847950, -14.547600, -7.684100
Adding box at: x=0  y=5  z=5
Center of solvent box is: 23.847950, -14.547600, -15.368200
Adding box at: x=0  y=5  z=6
Center of solvent box is: 23.847950, -14.547600, -23.052300
Adding box at: x=0  y=6  z=0
Center of solvent box is: 23.847950, -21.821400, 23.052300
Adding box at: x=0  y=6  z=1
Center of solvent box is: 23.847950, -21.821400, 15.368200
Adding box at: x=0  y=6  z=2
Center of solvent box is: 23.847950, -21.821400, 7.684100
Adding box at: x=0  y=6  z=3
Center of solvent box is: 23.847950, -21.821400, 0.000000
Adding box at: x=0  y=6  z=4
Center of solvent box is: 23.847950, -21.821400, -7.684100
Adding box at: x=0  y=6  z=5
Center of solvent box is: 23.847950, -21.821400, -15.368200
Adding box at: x=0  y=6  z=6
Center of solvent box is: 23.847950, -21.821400, -23.052300
Adding box at: x=1  y=0  z=0
Center of solvent box is: 17.034250, 21.821400, 23.052300
Adding box at: x=1  y=0  z=1
Center of solvent box is: 17.034250, 21.821400, 15.368200
Adding box at: x=1  y=0  z=2
Center of solvent box is: 17.034250, 21.821400, 7.684100
Adding box at: x=1  y=0  z=3
Center of solvent box is: 17.034250, 21.821400, 0.000000
Adding box at: x=1  y=0  z=4
Center of solvent box is: 17.034250, 21.821400, -7.684100
Adding box at: x=1  y=0  z=5
Center of solvent box is: 17.034250, 21.821400, -15.368200
Adding box at: x=1  y=0  z=6
Center of solvent box is: 17.034250, 21.821400, -23.052300
Adding box at: x=1  y=1  z=0
Center of solvent box is: 17.034250, 14.547600, 23.052300
Adding box at: x=1  y=1  z=1
Center of solvent box is: 17.034250, 14.547600, 15.368200
Adding box at: x=1  y=1  z=2
Center of solvent box is: 17.034250, 14.547600, 7.684100
Adding box at: x=1  y=1  z=3
Center of solvent box is: 17.034250, 14.547600, 0.000000
Adding box at: x=1  y=1  z=4
Center of solvent box is: 17.034250, 14.547600, -7.684100
Adding box at: x=1  y=1  z=5
Center of solvent box is: 17.034250, 14.547600, -15.368200
Adding box at: x=1  y=1  z=6
Center of solvent box is: 17.034250, 14.547600, -23.052300
Adding box at: x=1  y=2  z=0
Center of solvent box is: 17.034250, 7.273800, 23.052300
Adding box at: x=1  y=2  z=1
Center of solvent box is: 17.034250, 7.273800, 15.368200
Adding box at: x=1  y=2  z=2
Center of solvent box is: 17.034250, 7.273800, 7.684100
Adding box at: x=1  y=2  z=3
Center of solvent box is: 17.034250, 7.273800, 0.000000
Adding box at: x=1  y=2  z=4
Center of solvent box is: 17.034250, 7.273800, -7.684100
Adding box at: x=1  y=2  z=5
Center of solvent box is: 17.034250, 7.273800, -15.368200
Adding box at: x=1  y=2  z=6
Center of solvent box is: 17.034250, 7.273800, -23.052300
Adding box at: x=1  y=3  z=0
Center of solvent box is: 17.034250, 0.000000, 23.052300
Adding box at: x=1  y=3  z=1
Center of solvent box is: 17.034250, 0.000000, 15.368200
Adding box at: x=1  y=3  z=2
Center of solvent box is: 17.034250, 0.000000, 7.684100
Adding box at: x=1  y=3  z=3
Center of solvent box is: 17.034250, 0.000000, 0.000000
Adding box at: x=1  y=3  z=4
Center of solvent box is: 17.034250, 0.000000, -7.684100
Adding box at: x=1  y=3  z=5
Center of solvent box is: 17.034250, 0.000000, -15.368200
Adding box at: x=1  y=3  z=6
Center of solvent box is: 17.034250, 0.000000, -23.052300
Adding box at: x=1  y=4  z=0
Center of solvent box is: 17.034250, -7.273800, 23.052300
Adding box at: x=1  y=4  z=1
Center of solvent box is: 17.034250, -7.273800, 15.368200
Adding box at: x=1  y=4  z=2
Center of solvent box is: 17.034250, -7.273800, 7.684100
Adding box at: x=1  y=4  z=3
Center of solvent box is: 17.034250, -7.273800, 0.000000
Adding box at: x=1  y=4  z=4
Center of solvent box is: 17.034250, -7.273800, -7.684100
Adding box at: x=1  y=4  z=5
Center of solvent box is: 17.034250, -7.273800, -15.368200
Adding box at: x=1  y=4  z=6
Center of solvent box is: 17.034250, -7.273800, -23.052300
Adding box at: x=1  y=5  z=0
Center of solvent box is: 17.034250, -14.547600, 23.052300
Adding box at: x=1  y=5  z=1
Center of solvent box is: 17.034250, -14.547600, 15.368200
Adding box at: x=1  y=5  z=2
Center of solvent box is: 17.034250, -14.547600, 7.684100
Adding box at: x=1  y=5  z=3
Center of solvent box is: 17.034250, -14.547600, 0.000000
Adding box at: x=1  y=5  z=4
Center of solvent box is: 17.034250, -14.547600, -7.684100
Adding box at: x=1  y=5  z=5
Center of solvent box is: 17.034250, -14.547600, -15.368200
Adding box at: x=1  y=5  z=6
Center of solvent box is: 17.034250, -14.547600, -23.052300
Adding box at: x=1  y=6  z=0
Center of solvent box is: 17.034250, -21.821400, 23.052300
Adding box at: x=1  y=6  z=1
Center of solvent box is: 17.034250, -21.821400, 15.368200
Adding box at: x=1  y=6  z=2
Center of solvent box is: 17.034250, -21.821400, 7.684100
Adding box at: x=1  y=6  z=3
Center of solvent box is: 17.034250, -21.821400, 0.000000
Adding box at: x=1  y=6  z=4
Center of solvent box is: 17.034250, -21.821400, -7.684100
Adding box at: x=1  y=6  z=5
Center of solvent box is: 17.034250, -21.821400, -15.368200
Adding box at: x=1  y=6  z=6
Center of solvent box is: 17.034250, -21.821400, -23.052300
Adding box at: x=2  y=0  z=0
Center of solvent box is: 10.220550, 21.821400, 23.052300
Adding box at: x=2  y=0  z=1
Center of solvent box is: 10.220550, 21.821400, 15.368200
Adding box at: x=2  y=0  z=2
Center of solvent box is: 10.220550, 21.821400, 7.684100
Adding box at: x=2  y=0  z=3
Center of solvent box is: 10.220550, 21.821400, 0.000000
Adding box at: x=2  y=0  z=4
Center of solvent box is: 10.220550, 21.821400, -7.684100
Adding box at: x=2  y=0  z=5
Center of solvent box is: 10.220550, 21.821400, -15.368200
Adding box at: x=2  y=0  z=6
Center of solvent box is: 10.220550, 21.821400, -23.052300
Adding box at: x=2  y=1  z=0
Center of solvent box is: 10.220550, 14.547600, 23.052300
Adding box at: x=2  y=1  z=1
Center of solvent box is: 10.220550, 14.547600, 15.368200
Adding box at: x=2  y=1  z=2
Center of solvent box is: 10.220550, 14.547600, 7.684100
Adding box at: x=2  y=1  z=3
Center of solvent box is: 10.220550, 14.547600, 0.000000
Adding box at: x=2  y=1  z=4
Center of solvent box is: 10.220550, 14.547600, -7.684100
Adding box at: x=2  y=1  z=5
Center of solvent box is: 10.220550, 14.547600, -15.368200
Adding box at: x=2  y=1  z=6
Center of solvent box is: 10.220550, 14.547600, -23.052300
Adding box at: x=2  y=2  z=0
Center of solvent box is: 10.220550, 7.273800, 23.052300
Adding box at: x=2  y=2  z=1
Center of solvent box is: 10.220550, 7.273800, 15.368200
Adding box at: x=2  y=2  z=2
Center of solvent box is: 10.220550, 7.273800, 7.684100
Adding box at: x=2  y=2  z=3
Center of solvent box is: 10.220550, 7.273800, 0.000000
Adding box at: x=2  y=2  z=4
Center of solvent box is: 10.220550, 7.273800, -7.684100
Adding box at: x=2  y=2  z=5
Center of solvent box is: 10.220550, 7.273800, -15.368200
Adding box at: x=2  y=2  z=6
Center of solvent box is: 10.220550, 7.273800, -23.052300
Adding box at: x=2  y=3  z=0
Center of solvent box is: 10.220550, 0.000000, 23.052300
Adding box at: x=2  y=3  z=1
Center of solvent box is: 10.220550, 0.000000, 15.368200
Adding box at: x=2  y=3  z=2
Center of solvent box is: 10.220550, 0.000000, 7.684100
Adding box at: x=2  y=3  z=3
Center of solvent box is: 10.220550, 0.000000, 0.000000
Adding box at: x=2  y=3  z=4
Center of solvent box is: 10.220550, 0.000000, -7.684100
Adding box at: x=2  y=3  z=5
Center of solvent box is: 10.220550, 0.000000, -15.368200
Adding box at: x=2  y=3  z=6
Center of solvent box is: 10.220550, 0.000000, -23.052300
Adding box at: x=2  y=4  z=0
Center of solvent box is: 10.220550, -7.273800, 23.052300
Adding box at: x=2  y=4  z=1
Center of solvent box is: 10.220550, -7.273800, 15.368200
Adding box at: x=2  y=4  z=2
Center of solvent box is: 10.220550, -7.273800, 7.684100
Adding box at: x=2  y=4  z=3
Center of solvent box is: 10.220550, -7.273800, 0.000000
Adding box at: x=2  y=4  z=4
Center of solvent box is: 10.220550, -7.273800, -7.684100
Adding box at: x=2  y=4  z=5
Center of solvent box is: 10.220550, -7.273800, -15.368200
Adding box at: x=2  y=4  z=6
Center of solvent box is: 10.220550, -7.273800, -23.052300
Adding box at: x=2  y=5  z=0
Center of solvent box is: 10.220550, -14.547600, 23.052300
Adding box at: x=2  y=5  z=1
Center of solvent box is: 10.220550, -14.547600, 15.368200
Adding box at: x=2  y=5  z=2
Center of solvent box is: 10.220550, -14.547600, 7.684100
Adding box at: x=2  y=5  z=3
Center of solvent box is: 10.220550, -14.547600, 0.000000
Adding box at: x=2  y=5  z=4
Center of solvent box is: 10.220550, -14.547600, -7.684100
Adding box at: x=2  y=5  z=5
Center of solvent box is: 10.220550, -14.547600, -15.368200
Adding box at: x=2  y=5  z=6
Center of solvent box is: 10.220550, -14.547600, -23.052300
Adding box at: x=2  y=6  z=0
Center of solvent box is: 10.220550, -21.821400, 23.052300
Adding box at: x=2  y=6  z=1
Center of solvent box is: 10.220550, -21.821400, 15.368200
Adding box at: x=2  y=6  z=2
Center of solvent box is: 10.220550, -21.821400, 7.684100
Adding box at: x=2  y=6  z=3
Center of solvent box is: 10.220550, -21.821400, 0.000000
Adding box at: x=2  y=6  z=4
Center of solvent box is: 10.220550, -21.821400, -7.684100
Adding box at: x=2  y=6  z=5
Center of solvent box is: 10.220550, -21.821400, -15.368200
Adding box at: x=2  y=6  z=6
Center of solvent box is: 10.220550, -21.821400, -23.052300
Adding box at: x=3  y=0  z=0
Center of solvent box is: 3.406850, 21.821400, 23.052300
Adding box at: x=3  y=0  z=1
Center of solvent box is: 3.406850, 21.821400, 15.368200
Adding box at: x=3  y=0  z=2
Center of solvent box is: 3.406850, 21.821400, 7.684100
Adding box at: x=3  y=0  z=3
Center of solvent box is: 3.406850, 21.821400, 0.000000
Adding box at: x=3  y=0  z=4
Center of solvent box is: 3.406850, 21.821400, -7.684100
Adding box at: x=3  y=0  z=5
Center of solvent box is: 3.406850, 21.821400, -15.368200
Adding box at: x=3  y=0  z=6
Center of solvent box is: 3.406850, 21.821400, -23.052300
Adding box at: x=3  y=1  z=0
Center of solvent box is: 3.406850, 14.547600, 23.052300
Adding box at: x=3  y=1  z=1
Center of solvent box is: 3.406850, 14.547600, 15.368200
Adding box at: x=3  y=1  z=2
Center of solvent box is: 3.406850, 14.547600, 7.684100
Adding box at: x=3  y=1  z=3
Center of solvent box is: 3.406850, 14.547600, 0.000000
Adding box at: x=3  y=1  z=4
Center of solvent box is: 3.406850, 14.547600, -7.684100
Adding box at: x=3  y=1  z=5
Center of solvent box is: 3.406850, 14.547600, -15.368200
Adding box at: x=3  y=1  z=6
Center of solvent box is: 3.406850, 14.547600, -23.052300
Adding box at: x=3  y=2  z=0
Center of solvent box is: 3.406850, 7.273800, 23.052300
Adding box at: x=3  y=2  z=1
Center of solvent box is: 3.406850, 7.273800, 15.368200
Adding box at: x=3  y=2  z=2
Center of solvent box is: 3.406850, 7.273800, 7.684100
Adding box at: x=3  y=2  z=3
Center of solvent box is: 3.406850, 7.273800, 0.000000
Adding box at: x=3  y=2  z=4
Center of solvent box is: 3.406850, 7.273800, -7.684100
Adding box at: x=3  y=2  z=5
Center of solvent box is: 3.406850, 7.273800, -15.368200
Adding box at: x=3  y=2  z=6
Center of solvent box is: 3.406850, 7.273800, -23.052300
Adding box at: x=3  y=3  z=0
Center of solvent box is: 3.406850, 0.000000, 23.052300
Adding box at: x=3  y=3  z=1
Center of solvent box is: 3.406850, 0.000000, 15.368200
Adding box at: x=3  y=3  z=2
Center of solvent box is: 3.406850, 0.000000, 7.684100
Adding box at: x=3  y=3  z=3
Center of solvent box is: 3.406850, 0.000000, 0.000000
Adding box at: x=3  y=3  z=4
Center of solvent box is: 3.406850, 0.000000, -7.684100
Adding box at: x=3  y=3  z=5
Center of solvent box is: 3.406850, 0.000000, -15.368200
Adding box at: x=3  y=3  z=6
Center of solvent box is: 3.406850, 0.000000, -23.052300
Adding box at: x=3  y=4  z=0
Center of solvent box is: 3.406850, -7.273800, 23.052300
Adding box at: x=3  y=4  z=1
Center of solvent box is: 3.406850, -7.273800, 15.368200
Adding box at: x=3  y=4  z=2
Center of solvent box is: 3.406850, -7.273800, 7.684100
Adding box at: x=3  y=4  z=3
Center of solvent box is: 3.406850, -7.273800, 0.000000
Adding box at: x=3  y=4  z=4
Center of solvent box is: 3.406850, -7.273800, -7.684100
Adding box at: x=3  y=4  z=5
Center of solvent box is: 3.406850, -7.273800, -15.368200
Adding box at: x=3  y=4  z=6
Center of solvent box is: 3.406850, -7.273800, -23.052300
Adding box at: x=3  y=5  z=0
Center of solvent box is: 3.406850, -14.547600, 23.052300
Adding box at: x=3  y=5  z=1
Center of solvent box is: 3.406850, -14.547600, 15.368200
Adding box at: x=3  y=5  z=2
Center of solvent box is: 3.406850, -14.547600, 7.684100
Adding box at: x=3  y=5  z=3
Center of solvent box is: 3.406850, -14.547600, 0.000000
Adding box at: x=3  y=5  z=4
Center of solvent box is: 3.406850, -14.547600, -7.684100
Adding box at: x=3  y=5  z=5
Center of solvent box is: 3.406850, -14.547600, -15.368200
Adding box at: x=3  y=5  z=6
Center of solvent box is: 3.406850, -14.547600, -23.052300
Adding box at: x=3  y=6  z=0
Center of solvent box is: 3.406850, -21.821400, 23.052300
Adding box at: x=3  y=6  z=1
Center of solvent box is: 3.406850, -21.821400, 15.368200
Adding box at: x=3  y=6  z=2
Center of solvent box is: 3.406850, -21.821400, 7.684100
Adding box at: x=3  y=6  z=3
Center of solvent box is: 3.406850, -21.821400, 0.000000
Adding box at: x=3  y=6  z=4
Center of solvent box is: 3.406850, -21.821400, -7.684100
Adding box at: x=3  y=6  z=5
Center of solvent box is: 3.406850, -21.821400, -15.368200
Adding box at: x=3  y=6  z=6
Center of solvent box is: 3.406850, -21.821400, -23.052300
Adding box at: x=4  y=0  z=0
Center of solvent box is: -3.406850, 21.821400, 23.052300
Adding box at: x=4  y=0  z=1
Center of solvent box is: -3.406850, 21.821400, 15.368200
Adding box at: x=4  y=0  z=2
Center of solvent box is: -3.406850, 21.821400, 7.684100
Adding box at: x=4  y=0  z=3
Center of solvent box is: -3.406850, 21.821400, 0.000000
Adding box at: x=4  y=0  z=4
Center of solvent box is: -3.406850, 21.821400, -7.684100
Adding box at: x=4  y=0  z=5
Center of solvent box is: -3.406850, 21.821400, -15.368200
Adding box at: x=4  y=0  z=6
Center of solvent box is: -3.406850, 21.821400, -23.052300
Adding box at: x=4  y=1  z=0
Center of solvent box is: -3.406850, 14.547600, 23.052300
Adding box at: x=4  y=1  z=1
Center of solvent box is: -3.406850, 14.547600, 15.368200
Adding box at: x=4  y=1  z=2
Center of solvent box is: -3.406850, 14.547600, 7.684100
Adding box at: x=4  y=1  z=3
Center of solvent box is: -3.406850, 14.547600, 0.000000
Adding box at: x=4  y=1  z=4
Center of solvent box is: -3.406850, 14.547600, -7.684100
Adding box at: x=4  y=1  z=5
Center of solvent box is: -3.406850, 14.547600, -15.368200
Adding box at: x=4  y=1  z=6
Center of solvent box is: -3.406850, 14.547600, -23.052300
Adding box at: x=4  y=2  z=0
Center of solvent box is: -3.406850, 7.273800, 23.052300
Adding box at: x=4  y=2  z=1
Center of solvent box is: -3.406850, 7.273800, 15.368200
Adding box at: x=4  y=2  z=2
Center of solvent box is: -3.406850, 7.273800, 7.684100
Adding box at: x=4  y=2  z=3
Center of solvent box is: -3.406850, 7.273800, 0.000000
Adding box at: x=4  y=2  z=4
Center of solvent box is: -3.406850, 7.273800, -7.684100
Adding box at: x=4  y=2  z=5
Center of solvent box is: -3.406850, 7.273800, -15.368200
Adding box at: x=4  y=2  z=6
Center of solvent box is: -3.406850, 7.273800, -23.052300
Adding box at: x=4  y=3  z=0
Center of solvent box is: -3.406850, 0.000000, 23.052300
Adding box at: x=4  y=3  z=1
Center of solvent box is: -3.406850, 0.000000, 15.368200
Adding box at: x=4  y=3  z=2
Center of solvent box is: -3.406850, 0.000000, 7.684100
Adding box at: x=4  y=3  z=3
Center of solvent box is: -3.406850, 0.000000, 0.000000
Adding box at: x=4  y=3  z=4
Center of solvent box is: -3.406850, 0.000000, -7.684100
Adding box at: x=4  y=3  z=5
Center of solvent box is: -3.406850, 0.000000, -15.368200
Adding box at: x=4  y=3  z=6
Center of solvent box is: -3.406850, 0.000000, -23.052300
Adding box at: x=4  y=4  z=0
Center of solvent box is: -3.406850, -7.273800, 23.052300
Adding box at: x=4  y=4  z=1
Center of solvent box is: -3.406850, -7.273800, 15.368200
Adding box at: x=4  y=4  z=2
Center of solvent box is: -3.406850, -7.273800, 7.684100
Adding box at: x=4  y=4  z=3
Center of solvent box is: -3.406850, -7.273800, 0.000000
Adding box at: x=4  y=4  z=4
Center of solvent box is: -3.406850, -7.273800, -7.684100
Adding box at: x=4  y=4  z=5
Center of solvent box is: -3.406850, -7.273800, -15.368200
Adding box at: x=4  y=4  z=6
Center of solvent box is: -3.406850, -7.273800, -23.052300
Adding box at: x=4  y=5  z=0
Center of solvent box is: -3.406850, -14.547600, 23.052300
Adding box at: x=4  y=5  z=1
Center of solvent box is: -3.406850, -14.547600, 15.368200
Adding box at: x=4  y=5  z=2
Center of solvent box is: -3.406850, -14.547600, 7.684100
Adding box at: x=4  y=5  z=3
Center of solvent box is: -3.406850, -14.547600, 0.000000
Adding box at: x=4  y=5  z=4
Center of solvent box is: -3.406850, -14.547600, -7.684100
Adding box at: x=4  y=5  z=5
Center of solvent box is: -3.406850, -14.547600, -15.368200
Adding box at: x=4  y=5  z=6
Center of solvent box is: -3.406850, -14.547600, -23.052300
Adding box at: x=4  y=6  z=0
Center of solvent box is: -3.406850, -21.821400, 23.052300
Adding box at: x=4  y=6  z=1
Center of solvent box is: -3.406850, -21.821400, 15.368200
Adding box at: x=4  y=6  z=2
Center of solvent box is: -3.406850, -21.821400, 7.684100
Adding box at: x=4  y=6  z=3
Center of solvent box is: -3.406850, -21.821400, 0.000000
Adding box at: x=4  y=6  z=4
Center of solvent box is: -3.406850, -21.821400, -7.684100
Adding box at: x=4  y=6  z=5
Center of solvent box is: -3.406850, -21.821400, -15.368200
Adding box at: x=4  y=6  z=6
Center of solvent box is: -3.406850, -21.821400, -23.052300
Adding box at: x=5  y=0  z=0
Center of solvent box is: -10.220550, 21.821400, 23.052300
Adding box at: x=5  y=0  z=1
Center of solvent box is: -10.220550, 21.821400, 15.368200
Adding box at: x=5  y=0  z=2
Center of solvent box is: -10.220550, 21.821400, 7.684100
Adding box at: x=5  y=0  z=3
Center of solvent box is: -10.220550, 21.821400, 0.000000
Adding box at: x=5  y=0  z=4
Center of solvent box is: -10.220550, 21.821400, -7.684100
Adding box at: x=5  y=0  z=5
Center of solvent box is: -10.220550, 21.821400, -15.368200
Adding box at: x=5  y=0  z=6
Center of solvent box is: -10.220550, 21.821400, -23.052300
Adding box at: x=5  y=1  z=0
Center of solvent box is: -10.220550, 14.547600, 23.052300
Adding box at: x=5  y=1  z=1
Center of solvent box is: -10.220550, 14.547600, 15.368200
Adding box at: x=5  y=1  z=2
Center of solvent box is: -10.220550, 14.547600, 7.684100
Adding box at: x=5  y=1  z=3
Center of solvent box is: -10.220550, 14.547600, 0.000000
Adding box at: x=5  y=1  z=4
Center of solvent box is: -10.220550, 14.547600, -7.684100
Adding box at: x=5  y=1  z=5
Center of solvent box is: -10.220550, 14.547600, -15.368200
Adding box at: x=5  y=1  z=6
Center of solvent box is: -10.220550, 14.547600, -23.052300
Adding box at: x=5  y=2  z=0
Center of solvent box is: -10.220550, 7.273800, 23.052300
Adding box at: x=5  y=2  z=1
Center of solvent box is: -10.220550, 7.273800, 15.368200
Adding box at: x=5  y=2  z=2
Center of solvent box is: -10.220550, 7.273800, 7.684100
Adding box at: x=5  y=2  z=3
Center of solvent box is: -10.220550, 7.273800, 0.000000
Adding box at: x=5  y=2  z=4
Center of solvent box is: -10.220550, 7.273800, -7.684100
Adding box at: x=5  y=2  z=5
Center of solvent box is: -10.220550, 7.273800, -15.368200
Adding box at: x=5  y=2  z=6
Center of solvent box is: -10.220550, 7.273800, -23.052300
Adding box at: x=5  y=3  z=0
Center of solvent box is: -10.220550, 0.000000, 23.052300
Adding box at: x=5  y=3  z=1
Center of solvent box is: -10.220550, 0.000000, 15.368200
Adding box at: x=5  y=3  z=2
Center of solvent box is: -10.220550, 0.000000, 7.684100
Adding box at: x=5  y=3  z=3
Center of solvent box is: -10.220550, 0.000000, 0.000000
Adding box at: x=5  y=3  z=4
Center of solvent box is: -10.220550, 0.000000, -7.684100
Adding box at: x=5  y=3  z=5
Center of solvent box is: -10.220550, 0.000000, -15.368200
Adding box at: x=5  y=3  z=6
Center of solvent box is: -10.220550, 0.000000, -23.052300
Adding box at: x=5  y=4  z=0
Center of solvent box is: -10.220550, -7.273800, 23.052300
Adding box at: x=5  y=4  z=1
Center of solvent box is: -10.220550, -7.273800, 15.368200
Adding box at: x=5  y=4  z=2
Center of solvent box is: -10.220550, -7.273800, 7.684100
Adding box at: x=5  y=4  z=3
Center of solvent box is: -10.220550, -7.273800, 0.000000
Adding box at: x=5  y=4  z=4
Center of solvent box is: -10.220550, -7.273800, -7.684100
Adding box at: x=5  y=4  z=5
Center of solvent box is: -10.220550, -7.273800, -15.368200
Adding box at: x=5  y=4  z=6
Center of solvent box is: -10.220550, -7.273800, -23.052300
Adding box at: x=5  y=5  z=0
Center of solvent box is: -10.220550, -14.547600, 23.052300
Adding box at: x=5  y=5  z=1
Center of solvent box is: -10.220550, -14.547600, 15.368200
Adding box at: x=5  y=5  z=2
Center of solvent box is: -10.220550, -14.547600, 7.684100
Adding box at: x=5  y=5  z=3
Center of solvent box is: -10.220550, -14.547600, 0.000000
Adding box at: x=5  y=5  z=4
Center of solvent box is: -10.220550, -14.547600, -7.684100
Adding box at: x=5  y=5  z=5
Center of solvent box is: -10.220550, -14.547600, -15.368200
Adding box at: x=5  y=5  z=6
Center of solvent box is: -10.220550, -14.547600, -23.052300
Adding box at: x=5  y=6  z=0
Center of solvent box is: -10.220550, -21.821400, 23.052300
Adding box at: x=5  y=6  z=1
Center of solvent box is: -10.220550, -21.821400, 15.368200
Adding box at: x=5  y=6  z=2
Center of solvent box is: -10.220550, -21.821400, 7.684100
Adding box at: x=5  y=6  z=3
Center of solvent box is: -10.220550, -21.821400, 0.000000
Adding box at: x=5  y=6  z=4
Center of solvent box is: -10.220550, -21.821400, -7.684100
Adding box at: x=5  y=6  z=5
Center of solvent box is: -10.220550, -21.821400, -15.368200
Adding box at: x=5  y=6  z=6
Center of solvent box is: -10.220550, -21.821400, -23.052300
Adding box at: x=6  y=0  z=0
Center of solvent box is: -17.034250, 21.821400, 23.052300
Adding box at: x=6  y=0  z=1
Center of solvent box is: -17.034250, 21.821400, 15.368200
Adding box at: x=6  y=0  z=2
Center of solvent box is: -17.034250, 21.821400, 7.684100
Adding box at: x=6  y=0  z=3
Center of solvent box is: -17.034250, 21.821400, 0.000000
Adding box at: x=6  y=0  z=4
Center of solvent box is: -17.034250, 21.821400, -7.684100
Adding box at: x=6  y=0  z=5
Center of solvent box is: -17.034250, 21.821400, -15.368200
Adding box at: x=6  y=0  z=6
Center of solvent box is: -17.034250, 21.821400, -23.052300
Adding box at: x=6  y=1  z=0
Center of solvent box is: -17.034250, 14.547600, 23.052300
Adding box at: x=6  y=1  z=1
Center of solvent box is: -17.034250, 14.547600, 15.368200
Adding box at: x=6  y=1  z=2
Center of solvent box is: -17.034250, 14.547600, 7.684100
Adding box at: x=6  y=1  z=3
Center of solvent box is: -17.034250, 14.547600, 0.000000
Adding box at: x=6  y=1  z=4
Center of solvent box is: -17.034250, 14.547600, -7.684100
Adding box at: x=6  y=1  z=5
Center of solvent box is: -17.034250, 14.547600, -15.368200
Adding box at: x=6  y=1  z=6
Center of solvent box is: -17.034250, 14.547600, -23.052300
Adding box at: x=6  y=2  z=0
Center of solvent box is: -17.034250, 7.273800, 23.052300
Adding box at: x=6  y=2  z=1
Center of solvent box is: -17.034250, 7.273800, 15.368200
Adding box at: x=6  y=2  z=2
Center of solvent box is: -17.034250, 7.273800, 7.684100
Adding box at: x=6  y=2  z=3
Center of solvent box is: -17.034250, 7.273800, 0.000000
Adding box at: x=6  y=2  z=4
Center of solvent box is: -17.034250, 7.273800, -7.684100
Adding box at: x=6  y=2  z=5
Center of solvent box is: -17.034250, 7.273800, -15.368200
Adding box at: x=6  y=2  z=6
Center of solvent box is: -17.034250, 7.273800, -23.052300
Adding box at: x=6  y=3  z=0
Center of solvent box is: -17.034250, 0.000000, 23.052300
Adding box at: x=6  y=3  z=1
Center of solvent box is: -17.034250, 0.000000, 15.368200
Adding box at: x=6  y=3  z=2
Center of solvent box is: -17.034250, 0.000000, 7.684100
Adding box at: x=6  y=3  z=3
Center of solvent box is: -17.034250, 0.000000, 0.000000
Adding box at: x=6  y=3  z=4
Center of solvent box is: -17.034250, 0.000000, -7.684100
Adding box at: x=6  y=3  z=5
Center of solvent box is: -17.034250, 0.000000, -15.368200
Adding box at: x=6  y=3  z=6
Center of solvent box is: -17.034250, 0.000000, -23.052300
Adding box at: x=6  y=4  z=0
Center of solvent box is: -17.034250, -7.273800, 23.052300
Adding box at: x=6  y=4  z=1
Center of solvent box is: -17.034250, -7.273800, 15.368200
Adding box at: x=6  y=4  z=2
Center of solvent box is: -17.034250, -7.273800, 7.684100
Adding box at: x=6  y=4  z=3
Center of solvent box is: -17.034250, -7.273800, 0.000000
Adding box at: x=6  y=4  z=4
Center of solvent box is: -17.034250, -7.273800, -7.684100
Adding box at: x=6  y=4  z=5
Center of solvent box is: -17.034250, -7.273800, -15.368200
Adding box at: x=6  y=4  z=6
Center of solvent box is: -17.034250, -7.273800, -23.052300
Adding box at: x=6  y=5  z=0
Center of solvent box is: -17.034250, -14.547600, 23.052300
Adding box at: x=6  y=5  z=1
Center of solvent box is: -17.034250, -14.547600, 15.368200
Adding box at: x=6  y=5  z=2
Center of solvent box is: -17.034250, -14.547600, 7.684100
Adding box at: x=6  y=5  z=3
Center of solvent box is: -17.034250, -14.547600, 0.000000
Adding box at: x=6  y=5  z=4
Center of solvent box is: -17.034250, -14.547600, -7.684100
Adding box at: x=6  y=5  z=5
Center of solvent box is: -17.034250, -14.547600, -15.368200
Adding box at: x=6  y=5  z=6
Center of solvent box is: -17.034250, -14.547600, -23.052300
Adding box at: x=6  y=6  z=0
Center of solvent box is: -17.034250, -21.821400, 23.052300
Adding box at: x=6  y=6  z=1
Center of solvent box is: -17.034250, -21.821400, 15.368200
Adding box at: x=6  y=6  z=2
Center of solvent box is: -17.034250, -21.821400, 7.684100
Adding box at: x=6  y=6  z=3
Center of solvent box is: -17.034250, -21.821400, 0.000000
Adding box at: x=6  y=6  z=4
Center of solvent box is: -17.034250, -21.821400, -7.684100
Adding box at: x=6  y=6  z=5
Center of solvent box is: -17.034250, -21.821400, -15.368200
Adding box at: x=6  y=6  z=6
Center of solvent box is: -17.034250, -21.821400, -23.052300
Adding box at: x=7  y=0  z=0
Center of solvent box is: -23.847950, 21.821400, 23.052300
Adding box at: x=7  y=0  z=1
Center of solvent box is: -23.847950, 21.821400, 15.368200
Adding box at: x=7  y=0  z=2
Center of solvent box is: -23.847950, 21.821400, 7.684100
Adding box at: x=7  y=0  z=3
Center of solvent box is: -23.847950, 21.821400, 0.000000
Adding box at: x=7  y=0  z=4
Center of solvent box is: -23.847950, 21.821400, -7.684100
Adding box at: x=7  y=0  z=5
Center of solvent box is: -23.847950, 21.821400, -15.368200
Adding box at: x=7  y=0  z=6
Center of solvent box is: -23.847950, 21.821400, -23.052300
Adding box at: x=7  y=1  z=0
Center of solvent box is: -23.847950, 14.547600, 23.052300
Adding box at: x=7  y=1  z=1
Center of solvent box is: -23.847950, 14.547600, 15.368200
Adding box at: x=7  y=1  z=2
Center of solvent box is: -23.847950, 14.547600, 7.684100
Adding box at: x=7  y=1  z=3
Center of solvent box is: -23.847950, 14.547600, 0.000000
Adding box at: x=7  y=1  z=4
Center of solvent box is: -23.847950, 14.547600, -7.684100
Adding box at: x=7  y=1  z=5
Center of solvent box is: -23.847950, 14.547600, -15.368200
Adding box at: x=7  y=1  z=6
Center of solvent box is: -23.847950, 14.547600, -23.052300
Adding box at: x=7  y=2  z=0
Center of solvent box is: -23.847950, 7.273800, 23.052300
Adding box at: x=7  y=2  z=1
Center of solvent box is: -23.847950, 7.273800, 15.368200
Adding box at: x=7  y=2  z=2
Center of solvent box is: -23.847950, 7.273800, 7.684100
Adding box at: x=7  y=2  z=3
Center of solvent box is: -23.847950, 7.273800, 0.000000
Adding box at: x=7  y=2  z=4
Center of solvent box is: -23.847950, 7.273800, -7.684100
Adding box at: x=7  y=2  z=5
Center of solvent box is: -23.847950, 7.273800, -15.368200
Adding box at: x=7  y=2  z=6
Center of solvent box is: -23.847950, 7.273800, -23.052300
Adding box at: x=7  y=3  z=0
Center of solvent box is: -23.847950, 0.000000, 23.052300
Adding box at: x=7  y=3  z=1
Center of solvent box is: -23.847950, 0.000000, 15.368200
Adding box at: x=7  y=3  z=2
Center of solvent box is: -23.847950, 0.000000, 7.684100
Adding box at: x=7  y=3  z=3
Center of solvent box is: -23.847950, 0.000000, 0.000000
Adding box at: x=7  y=3  z=4
Center of solvent box is: -23.847950, 0.000000, -7.684100
Adding box at: x=7  y=3  z=5
Center of solvent box is: -23.847950, 0.000000, -15.368200
Adding box at: x=7  y=3  z=6
Center of solvent box is: -23.847950, 0.000000, -23.052300
Adding box at: x=7  y=4  z=0
Center of solvent box is: -23.847950, -7.273800, 23.052300
Adding box at: x=7  y=4  z=1
Center of solvent box is: -23.847950, -7.273800, 15.368200
Adding box at: x=7  y=4  z=2
Center of solvent box is: -23.847950, -7.273800, 7.684100
Adding box at: x=7  y=4  z=3
Center of solvent box is: -23.847950, -7.273800, 0.000000
Adding box at: x=7  y=4  z=4
Center of solvent box is: -23.847950, -7.273800, -7.684100
Adding box at: x=7  y=4  z=5
Center of solvent box is: -23.847950, -7.273800, -15.368200
Adding box at: x=7  y=4  z=6
Center of solvent box is: -23.847950, -7.273800, -23.052300
Adding box at: x=7  y=5  z=0
Center of solvent box is: -23.847950, -14.547600, 23.052300
Adding box at: x=7  y=5  z=1
Center of solvent box is: -23.847950, -14.547600, 15.368200
Adding box at: x=7  y=5  z=2
Center of solvent box is: -23.847950, -14.547600, 7.684100
Adding box at: x=7  y=5  z=3
Center of solvent box is: -23.847950, -14.547600, 0.000000
Adding box at: x=7  y=5  z=4
Center of solvent box is: -23.847950, -14.547600, -7.684100
Adding box at: x=7  y=5  z=5
Center of solvent box is: -23.847950, -14.547600, -15.368200
Adding box at: x=7  y=5  z=6
Center of solvent box is: -23.847950, -14.547600, -23.052300
Adding box at: x=7  y=6  z=0
Center of solvent box is: -23.847950, -21.821400, 23.052300
Adding box at: x=7  y=6  z=1
Center of solvent box is: -23.847950, -21.821400, 15.368200
Adding box at: x=7  y=6  z=2
Center of solvent box is: -23.847950, -21.821400, 7.684100
Adding box at: x=7  y=6  z=3
Center of solvent box is: -23.847950, -21.821400, 0.000000
Adding box at: x=7  y=6  z=4
Center of solvent box is: -23.847950, -21.821400, -7.684100
Adding box at: x=7  y=6  z=5
Center of solvent box is: -23.847950, -21.821400, -15.368200
Adding box at: x=7  y=6  z=6
Center of solvent box is: -23.847950, -21.821400, -23.052300
  Total vdw box size:                   40.882 36.369 38.421 angstroms.
  Volume: 57125.318 A^3 
  Total mass 12615.336 amu,  Density 0.367 g/cc
  Added 148 residues.
> saveamberparm mol solvated.parm7 solvated.rst7
Checking Unit.
Building topology.
Building atom parameters.
Building bond parameters.
Building angle parameters.
Building proper torsion parameters.
Building improper torsion parameters.
 total 6 improper torsions applied
Building H-Bond parameters.
Incorporating Non-Bonded adjustments.
Not Marking per-residue atom chain types.
Marking per-residue atom chain types.
  (Residues lacking connect0/connect1 - 
   these don't have chain types marked:

	res	total affected

	LIG	1
  )
 (no restraints)
 quit
	Quit
log started: Tue Mar 28 11:26:13 2017

Log file: ./leap.log
>> #
>> # ----- leaprc for loading the general Amber Force field.
>> #       This file is mostly for use with Antechamber
>> #
>> #	load atom type hybridizations
>> #
>> addAtomTypes {
>> 	{ "h1"  "H" "sp3" }
>> 	{ "h2"  "H" "sp3" }
>> 	{ "h3"  "H" "sp3" }
>> 	{ "h4"  "H" "sp3" }
>> 	{ "h5"  "H" "sp3" }
>> 	{ "ha"  "H" "sp3" }
>> 	{ "hc"  "H" "sp3" }
>> 	{ "hn"  "H" "sp3" }
>> 	{ "ho"  "H" "sp3" }
>> 	{ "hp"  "H" "sp3" }
>> 	{ "hs"  "H" "sp3" }
>> 	{ "hw"  "H" "sp3" }
>> 	{ "hx"  "H" "sp3" }
>> 	{ "o"  "O" "sp2" }
>> 	{ "o2"  "O" "sp2" }
>> 	{ "oh"  "O" "sp3" }
>> 	{ "os"  "O" "sp3" }
>> 	{ "ow"  "O" "sp3" }
>> 	{ "c"  "C" "sp2" }
>> 	{ "c1"  "C" "sp2" }
>> 	{ "c2"  "C" "sp2" }
>> 	{ "c3"  "C" "sp3" }
>> 	{ "ca"  "C" "sp2" }
>> 	{ "cc"  "C" "sp2" }
>> 	{ "cd"  "C" "sp2" }
>> 	{ "ce"  "C" "sp2" }
>> 	{ "cf"  "C" "sp2" }
>> 	{ "cg"  "C" "sp2" }
>> 	{ "ch"  "C" "sp2" }
>> 	{ "cp"  "C" "sp2" }
>> 	{ "cq"  "C" "sp2" }
>> 	{ "cu"  "C" "sp2" }
>> 	{ "cv"  "C" "sp2" }
>> 	{ "cx"  "C" "sp2" }
>> 	{ "cy"  "C" "sp2" }
>> 	{ "cz"  "C" "sp2" }
>> 	{ "n"   "N" "sp2" }
>> 	{ "n1"  "N" "sp2" }
>> 	{ "n2"  "N" "sp2" }
>> 	{ "n3"  "N" "sp3" }
>> 	{ "n4"  "N" "sp3" }
>> 	{ "na"  "N" "sp2" }
>> 	{ "nb"  "N" "sp2" }
>> 	{ "nc"  "N" "sp2" }
>> 	{ "nd"  "N" "sp2" }
>> 	{ "ne"  "N" "sp2" }
>> 	{ "nf"  "N" "sp2" }
>> 	{ "nh"  "N" "sp2" }
>> 	{ "no"  "N" "sp2" }
>> 	{ "s"   "S" "sp2" }
>> 	{ "s2"   "S" "sp2" }
>> 	{ "s3"   "S" "sp3" }
>> 	{ "s4"   "S" "sp3" }
>> 	{ "s6"   "S" "sp3" }
>> 	{ "sh"   "S" "sp3" }
>> 	{ "ss"   "S" "sp3" }
>> 	{ "sx"   "S" "sp3" }
>> 	{ "sy"   "S" "sp3" }
>> 	{ "p2"   "P" "sp2" }
>> 	{ "p3"   "P" "sp3" }
>> 	{ "p4"   "P" "sp3" }
>> 	{ "p5"   "P" "sp3" }
>> 	{ "pb"   "P" "sp3" }
>> 	{ "pc"   "P" "sp3" }
>> 	{ "pd"   "P" "sp3" }
>> 	{ "pe"   "P" "sp3" }
>> 	{ "pf"   "P" "sp3" }
>> 	{ "px"   "P" "sp3" }
>> 	{ "py"   "P" "sp3" }
>> 	{ "f"   "F" "sp3" }
>> 	{ "cl"  "Cl" "sp3" }
>> 	{ "br"  "Br" "sp3" }
>> 	{ "i"   "I"  "sp3" }
>> }
>> #
>> #	Load the general force field parameter set.
>> #
>> gaff = loadamberparams gaff.dat
Loading parameters: /home/steboss/Software/amber16/dat/leap/parm/gaff.dat
Reading title:
AMBER General Force Field for organic molecules (Version 1.8, Mar 2015)
> 
> loadoff ../../cyclohexane/cyc.off
Could not open file ../../cyclohexane/cyc.off: No such file or directory
Could not open database: ../../cyclohexane/cyc.off
> mol = loadmol2 ../a.mol2
Loading Mol2 file: ../a.mol2
Reading MOLECULE named LIG
> solvatebox mol CYC 20.0 0.75 iso
solvateBox: Argument #2 is type String must be of type: [unit]
usage:  solvateBox <solute> <solvent> <buffer> [iso] [closeness]
> saveamberparm mol solvated.parm7 solvated.rst7
Checking Unit.
Building topology.
Building atom parameters.
Building bond parameters.
Building angle parameters.
Building proper torsion parameters.
Building improper torsion parameters.
 total 6 improper torsions applied
Building H-Bond parameters.
Incorporating Non-Bonded adjustments.
Not Marking per-residue atom chain types.
Marking per-residue atom chain types.
  (Residues lacking connect0/connect1 - 
   these don't have chain types marked:

	res	total affected

	LIG	1
  )
 (no restraints)
 quit
	Quit
log started: Tue Mar 28 11:26:25 2017

Log file: ./leap.log
>> #
>> # ----- leaprc for loading the general Amber Force field.
>> #       This file is mostly for use with Antechamber
>> #
>> #	load atom type hybridizations
>> #
>> addAtomTypes {
>> 	{ "h1"  "H" "sp3" }
>> 	{ "h2"  "H" "sp3" }
>> 	{ "h3"  "H" "sp3" }
>> 	{ "h4"  "H" "sp3" }
>> 	{ "h5"  "H" "sp3" }
>> 	{ "ha"  "H" "sp3" }
>> 	{ "hc"  "H" "sp3" }
>> 	{ "hn"  "H" "sp3" }
>> 	{ "ho"  "H" "sp3" }
>> 	{ "hp"  "H" "sp3" }
>> 	{ "hs"  "H" "sp3" }
>> 	{ "hw"  "H" "sp3" }
>> 	{ "hx"  "H" "sp3" }
>> 	{ "o"  "O" "sp2" }
>> 	{ "o2"  "O" "sp2" }
>> 	{ "oh"  "O" "sp3" }
>> 	{ "os"  "O" "sp3" }
>> 	{ "ow"  "O" "sp3" }
>> 	{ "c"  "C" "sp2" }
>> 	{ "c1"  "C" "sp2" }
>> 	{ "c2"  "C" "sp2" }
>> 	{ "c3"  "C" "sp3" }
>> 	{ "ca"  "C" "sp2" }
>> 	{ "cc"  "C" "sp2" }
>> 	{ "cd"  "C" "sp2" }
>> 	{ "ce"  "C" "sp2" }
>> 	{ "cf"  "C" "sp2" }
>> 	{ "cg"  "C" "sp2" }
>> 	{ "ch"  "C" "sp2" }
>> 	{ "cp"  "C" "sp2" }
>> 	{ "cq"  "C" "sp2" }
>> 	{ "cu"  "C" "sp2" }
>> 	{ "cv"  "C" "sp2" }
>> 	{ "cx"  "C" "sp2" }
>> 	{ "cy"  "C" "sp2" }
>> 	{ "cz"  "C" "sp2" }
>> 	{ "n"   "N" "sp2" }
>> 	{ "n1"  "N" "sp2" }
>> 	{ "n2"  "N" "sp2" }
>> 	{ "n3"  "N" "sp3" }
>> 	{ "n4"  "N" "sp3" }
>> 	{ "na"  "N" "sp2" }
>> 	{ "nb"  "N" "sp2" }
>> 	{ "nc"  "N" "sp2" }
>> 	{ "nd"  "N" "sp2" }
>> 	{ "ne"  "N" "sp2" }
>> 	{ "nf"  "N" "sp2" }
>> 	{ "nh"  "N" "sp2" }
>> 	{ "no"  "N" "sp2" }
>> 	{ "s"   "S" "sp2" }
>> 	{ "s2"   "S" "sp2" }
>> 	{ "s3"   "S" "sp3" }
>> 	{ "s4"   "S" "sp3" }
>> 	{ "s6"   "S" "sp3" }
>> 	{ "sh"   "S" "sp3" }
>> 	{ "ss"   "S" "sp3" }
>> 	{ "sx"   "S" "sp3" }
>> 	{ "sy"   "S" "sp3" }
>> 	{ "p2"   "P" "sp2" }
>> 	{ "p3"   "P" "sp3" }
>> 	{ "p4"   "P" "sp3" }
>> 	{ "p5"   "P" "sp3" }
>> 	{ "pb"   "P" "sp3" }
>> 	{ "pc"   "P" "sp3" }
>> 	{ "pd"   "P" "sp3" }
>> 	{ "pe"   "P" "sp3" }
>> 	{ "pf"   "P" "sp3" }
>> 	{ "px"   "P" "sp3" }
>> 	{ "py"   "P" "sp3" }
>> 	{ "f"   "F" "sp3" }
>> 	{ "cl"  "Cl" "sp3" }
>> 	{ "br"  "Br" "sp3" }
>> 	{ "i"   "I"  "sp3" }
>> }
>> #
>> #	Load the general force field parameter set.
>> #
>> gaff = loadamberparams gaff.dat
Loading parameters: /home/steboss/Software/amber16/dat/leap/parm/gaff.dat
Reading title:
AMBER General Force Field for organic molecules (Version 1.8, Mar 2015)
> 
> loadoff ../../cyclohexane/cyc.off
Could not open file ../../cyclohexane/cyc.off: No such file or directory
Could not open database: ../../cyclohexane/cyc.off
> mol = loadmol2 ../a.mol2
Loading Mol2 file: ../a.mol2
Reading MOLECULE named LIG
> solvatebox mol CYC 20.0 0.75 iso
solvateBox: Argument #2 is type String must be of type: [unit]
usage:  solvateBox <solute> <solvent> <buffer> [iso] [closeness]
> saveamberparm mol solvated.parm7 solvated.rst7
Checking Unit.
Building topology.
Building atom parameters.
Building bond parameters.
Building angle parameters.
Building proper torsion parameters.
Building improper torsion parameters.
 total 6 improper torsions applied
Building H-Bond parameters.
Incorporating Non-Bonded adjustments.
Not Marking per-residue atom chain types.
Marking per-residue atom chain types.
  (Residues lacking connect0/connect1 - 
   these don't have chain types marked:

	res	total affected

	LIG	1
  )
 (no restraints)
 quit
	Quit
log started: Tue Mar 28 11:27:11 2017

Log file: ./leap.log
>> #
>> # ----- leaprc for loading the general Amber Force field.
>> #       This file is mostly for use with Antechamber
>> #
>> #	load atom type hybridizations
>> #
>> addAtomTypes {
>> 	{ "h1"  "H" "sp3" }
>> 	{ "h2"  "H" "sp3" }
>> 	{ "h3"  "H" "sp3" }
>> 	{ "h4"  "H" "sp3" }
>> 	{ "h5"  "H" "sp3" }
>> 	{ "ha"  "H" "sp3" }
>> 	{ "hc"  "H" "sp3" }
>> 	{ "hn"  "H" "sp3" }
>> 	{ "ho"  "H" "sp3" }
>> 	{ "hp"  "H" "sp3" }
>> 	{ "hs"  "H" "sp3" }
>> 	{ "hw"  "H" "sp3" }
>> 	{ "hx"  "H" "sp3" }
>> 	{ "o"  "O" "sp2" }
>> 	{ "o2"  "O" "sp2" }
>> 	{ "oh"  "O" "sp3" }
>> 	{ "os"  "O" "sp3" }
>> 	{ "ow"  "O" "sp3" }
>> 	{ "c"  "C" "sp2" }
>> 	{ "c1"  "C" "sp2" }
>> 	{ "c2"  "C" "sp2" }
>> 	{ "c3"  "C" "sp3" }
>> 	{ "ca"  "C" "sp2" }
>> 	{ "cc"  "C" "sp2" }
>> 	{ "cd"  "C" "sp2" }
>> 	{ "ce"  "C" "sp2" }
>> 	{ "cf"  "C" "sp2" }
>> 	{ "cg"  "C" "sp2" }
>> 	{ "ch"  "C" "sp2" }
>> 	{ "cp"  "C" "sp2" }
>> 	{ "cq"  "C" "sp2" }
>> 	{ "cu"  "C" "sp2" }
>> 	{ "cv"  "C" "sp2" }
>> 	{ "cx"  "C" "sp2" }
>> 	{ "cy"  "C" "sp2" }
>> 	{ "cz"  "C" "sp2" }
>> 	{ "n"   "N" "sp2" }
>> 	{ "n1"  "N" "sp2" }
>> 	{ "n2"  "N" "sp2" }
>> 	{ "n3"  "N" "sp3" }
>> 	{ "n4"  "N" "sp3" }
>> 	{ "na"  "N" "sp2" }
>> 	{ "nb"  "N" "sp2" }
>> 	{ "nc"  "N" "sp2" }
>> 	{ "nd"  "N" "sp2" }
>> 	{ "ne"  "N" "sp2" }
>> 	{ "nf"  "N" "sp2" }
>> 	{ "nh"  "N" "sp2" }
>> 	{ "no"  "N" "sp2" }
>> 	{ "s"   "S" "sp2" }
>> 	{ "s2"   "S" "sp2" }
>> 	{ "s3"   "S" "sp3" }
>> 	{ "s4"   "S" "sp3" }
>> 	{ "s6"   "S" "sp3" }
>> 	{ "sh"   "S" "sp3" }
>> 	{ "ss"   "S" "sp3" }
>> 	{ "sx"   "S" "sp3" }
>> 	{ "sy"   "S" "sp3" }
>> 	{ "p2"   "P" "sp2" }
>> 	{ "p3"   "P" "sp3" }
>> 	{ "p4"   "P" "sp3" }
>> 	{ "p5"   "P" "sp3" }
>> 	{ "pb"   "P" "sp3" }
>> 	{ "pc"   "P" "sp3" }
>> 	{ "pd"   "P" "sp3" }
>> 	{ "pe"   "P" "sp3" }
>> 	{ "pf"   "P" "sp3" }
>> 	{ "px"   "P" "sp3" }
>> 	{ "py"   "P" "sp3" }
>> 	{ "f"   "F" "sp3" }
>> 	{ "cl"  "Cl" "sp3" }
>> 	{ "br"  "Br" "sp3" }
>> 	{ "i"   "I"  "sp3" }
>> }
>> #
>> #	Load the general force field parameter set.
>> #
>> gaff = loadamberparams gaff.dat
Loading parameters: /home/steboss/Software/amber16/dat/leap/parm/gaff.dat
Reading title:
AMBER General Force Field for organic molecules (Version 1.8, Mar 2015)
> 
> loadoff ../../cyclohexane/cyc.off
Could not open file ../../cyclohexane/cyc.off: No such file or directory
Could not open database: ../../cyclohexane/cyc.off
> mol = loadmol2 ../a.mol2
Loading Mol2 file: ../a.mol2
Reading MOLECULE named LIG
> solvatebox mol CYC 20.0 0.75 iso
solvateBox: Argument #2 is type String must be of type: [unit]
usage:  solvateBox <solute> <solvent> <buffer> [iso] [closeness]
> saveamberparm mol solvated.parm7 solvated.rst7
Checking Unit.
Building topology.
Building atom parameters.
Building bond parameters.
Building angle parameters.
Building proper torsion parameters.
Building improper torsion parameters.
 total 6 improper torsions applied
Building H-Bond parameters.
Incorporating Non-Bonded adjustments.
Not Marking per-residue atom chain types.
Marking per-residue atom chain types.
  (Residues lacking connect0/connect1 - 
   these don't have chain types marked:

	res	total affected

	LIG	1
  )
 (no restraints)
 quit
	Quit
log started: Tue Mar 28 11:27:33 2017

Log file: ./leap.log
>> #
>> # ----- leaprc for loading the general Amber Force field.
>> #       This file is mostly for use with Antechamber
>> #
>> #	load atom type hybridizations
>> #
>> addAtomTypes {
>> 	{ "h1"  "H" "sp3" }
>> 	{ "h2"  "H" "sp3" }
>> 	{ "h3"  "H" "sp3" }
>> 	{ "h4"  "H" "sp3" }
>> 	{ "h5"  "H" "sp3" }
>> 	{ "ha"  "H" "sp3" }
>> 	{ "hc"  "H" "sp3" }
>> 	{ "hn"  "H" "sp3" }
>> 	{ "ho"  "H" "sp3" }
>> 	{ "hp"  "H" "sp3" }
>> 	{ "hs"  "H" "sp3" }
>> 	{ "hw"  "H" "sp3" }
>> 	{ "hx"  "H" "sp3" }
>> 	{ "o"  "O" "sp2" }
>> 	{ "o2"  "O" "sp2" }
>> 	{ "oh"  "O" "sp3" }
>> 	{ "os"  "O" "sp3" }
>> 	{ "ow"  "O" "sp3" }
>> 	{ "c"  "C" "sp2" }
>> 	{ "c1"  "C" "sp2" }
>> 	{ "c2"  "C" "sp2" }
>> 	{ "c3"  "C" "sp3" }
>> 	{ "ca"  "C" "sp2" }
>> 	{ "cc"  "C" "sp2" }
>> 	{ "cd"  "C" "sp2" }
>> 	{ "ce"  "C" "sp2" }
>> 	{ "cf"  "C" "sp2" }
>> 	{ "cg"  "C" "sp2" }
>> 	{ "ch"  "C" "sp2" }
>> 	{ "cp"  "C" "sp2" }
>> 	{ "cq"  "C" "sp2" }
>> 	{ "cu"  "C" "sp2" }
>> 	{ "cv"  "C" "sp2" }
>> 	{ "cx"  "C" "sp2" }
>> 	{ "cy"  "C" "sp2" }
>> 	{ "cz"  "C" "sp2" }
>> 	{ "n"   "N" "sp2" }
>> 	{ "n1"  "N" "sp2" }
>> 	{ "n2"  "N" "sp2" }
>> 	{ "n3"  "N" "sp3" }
>> 	{ "n4"  "N" "sp3" }
>> 	{ "na"  "N" "sp2" }
>> 	{ "nb"  "N" "sp2" }
>> 	{ "nc"  "N" "sp2" }
>> 	{ "nd"  "N" "sp2" }
>> 	{ "ne"  "N" "sp2" }
>> 	{ "nf"  "N" "sp2" }
>> 	{ "nh"  "N" "sp2" }
>> 	{ "no"  "N" "sp2" }
>> 	{ "s"   "S" "sp2" }
>> 	{ "s2"   "S" "sp2" }
>> 	{ "s3"   "S" "sp3" }
>> 	{ "s4"   "S" "sp3" }
>> 	{ "s6"   "S" "sp3" }
>> 	{ "sh"   "S" "sp3" }
>> 	{ "ss"   "S" "sp3" }
>> 	{ "sx"   "S" "sp3" }
>> 	{ "sy"   "S" "sp3" }
>> 	{ "p2"   "P" "sp2" }
>> 	{ "p3"   "P" "sp3" }
>> 	{ "p4"   "P" "sp3" }
>> 	{ "p5"   "P" "sp3" }
>> 	{ "pb"   "P" "sp3" }
>> 	{ "pc"   "P" "sp3" }
>> 	{ "pd"   "P" "sp3" }
>> 	{ "pe"   "P" "sp3" }
>> 	{ "pf"   "P" "sp3" }
>> 	{ "px"   "P" "sp3" }
>> 	{ "py"   "P" "sp3" }
>> 	{ "f"   "F" "sp3" }
>> 	{ "cl"  "Cl" "sp3" }
>> 	{ "br"  "Br" "sp3" }
>> 	{ "i"   "I"  "sp3" }
>> }
>> #
>> #	Load the general force field parameter set.
>> #
>> gaff = loadamberparams gaff.dat
Loading parameters: /home/steboss/Software/amber16/dat/leap/parm/gaff.dat
Reading title:
AMBER General Force Field for organic molecules (Version 1.8, Mar 2015)
> 
> loadoff ../../../cyclohexane/cyc.off
Loading library: ../../../cyclohexane/cyc.off
Loading: CYC
> mol = loadmol2 ../a.mol2
Loading Mol2 file: ../a.mol2
Reading MOLECULE named LIG
> solvatebox mol CYC 20.0 0.75 iso
Solvent has no box, so preparing by making box including vdw
(Use 'setBox centers' first if box was pre-equilibrated)
  Solute vdw bounding box:              7.539 10.921 7.910
  Total bounding box for atom centers:  47.539 50.921 47.910
  Solvent unit box:                     6.814 7.274 7.684
The number of boxes:  x= 7  y= 8  z= 7
Adding box at: x=0  y=0  z=0
Center of solvent box is: 20.441100, 25.458300, 23.052300
Adding box at: x=0  y=0  z=1
Center of solvent box is: 20.441100, 25.458300, 15.368200
Adding box at: x=0  y=0  z=2
Center of solvent box is: 20.441100, 25.458300, 7.684100
Adding box at: x=0  y=0  z=3
Center of solvent box is: 20.441100, 25.458300, 0.000000
Adding box at: x=0  y=0  z=4
Center of solvent box is: 20.441100, 25.458300, -7.684100
Adding box at: x=0  y=0  z=5
Center of solvent box is: 20.441100, 25.458300, -15.368200
Adding box at: x=0  y=0  z=6
Center of solvent box is: 20.441100, 25.458300, -23.052300
Adding box at: x=0  y=1  z=0
Center of solvent box is: 20.441100, 18.184500, 23.052300
Adding box at: x=0  y=1  z=1
Center of solvent box is: 20.441100, 18.184500, 15.368200
Adding box at: x=0  y=1  z=2
Center of solvent box is: 20.441100, 18.184500, 7.684100
Adding box at: x=0  y=1  z=3
Center of solvent box is: 20.441100, 18.184500, 0.000000
Adding box at: x=0  y=1  z=4
Center of solvent box is: 20.441100, 18.184500, -7.684100
Adding box at: x=0  y=1  z=5
Center of solvent box is: 20.441100, 18.184500, -15.368200
Adding box at: x=0  y=1  z=6
Center of solvent box is: 20.441100, 18.184500, -23.052300
Adding box at: x=0  y=2  z=0
Center of solvent box is: 20.441100, 10.910700, 23.052300
Adding box at: x=0  y=2  z=1
Center of solvent box is: 20.441100, 10.910700, 15.368200
Adding box at: x=0  y=2  z=2
Center of solvent box is: 20.441100, 10.910700, 7.684100
Adding box at: x=0  y=2  z=3
Center of solvent box is: 20.441100, 10.910700, 0.000000
Adding box at: x=0  y=2  z=4
Center of solvent box is: 20.441100, 10.910700, -7.684100
Adding box at: x=0  y=2  z=5
Center of solvent box is: 20.441100, 10.910700, -15.368200
Adding box at: x=0  y=2  z=6
Center of solvent box is: 20.441100, 10.910700, -23.052300
Adding box at: x=0  y=3  z=0
Center of solvent box is: 20.441100, 3.636900, 23.052300
Adding box at: x=0  y=3  z=1
Center of solvent box is: 20.441100, 3.636900, 15.368200
Adding box at: x=0  y=3  z=2
Center of solvent box is: 20.441100, 3.636900, 7.684100
Adding box at: x=0  y=3  z=3
Center of solvent box is: 20.441100, 3.636900, 0.000000
Adding box at: x=0  y=3  z=4
Center of solvent box is: 20.441100, 3.636900, -7.684100
Adding box at: x=0  y=3  z=5
Center of solvent box is: 20.441100, 3.636900, -15.368200
Adding box at: x=0  y=3  z=6
Center of solvent box is: 20.441100, 3.636900, -23.052300
Adding box at: x=0  y=4  z=0
Center of solvent box is: 20.441100, -3.636900, 23.052300
Adding box at: x=0  y=4  z=1
Center of solvent box is: 20.441100, -3.636900, 15.368200
Adding box at: x=0  y=4  z=2
Center of solvent box is: 20.441100, -3.636900, 7.684100
Adding box at: x=0  y=4  z=3
Center of solvent box is: 20.441100, -3.636900, 0.000000
Adding box at: x=0  y=4  z=4
Center of solvent box is: 20.441100, -3.636900, -7.684100
Adding box at: x=0  y=4  z=5
Center of solvent box is: 20.441100, -3.636900, -15.368200
Adding box at: x=0  y=4  z=6
Center of solvent box is: 20.441100, -3.636900, -23.052300
Adding box at: x=0  y=5  z=0
Center of solvent box is: 20.441100, -10.910700, 23.052300
Adding box at: x=0  y=5  z=1
Center of solvent box is: 20.441100, -10.910700, 15.368200
Adding box at: x=0  y=5  z=2
Center of solvent box is: 20.441100, -10.910700, 7.684100
Adding box at: x=0  y=5  z=3
Center of solvent box is: 20.441100, -10.910700, 0.000000
Adding box at: x=0  y=5  z=4
Center of solvent box is: 20.441100, -10.910700, -7.684100
Adding box at: x=0  y=5  z=5
Center of solvent box is: 20.441100, -10.910700, -15.368200
Adding box at: x=0  y=5  z=6
Center of solvent box is: 20.441100, -10.910700, -23.052300
Adding box at: x=0  y=6  z=0
Center of solvent box is: 20.441100, -18.184500, 23.052300
Adding box at: x=0  y=6  z=1
Center of solvent box is: 20.441100, -18.184500, 15.368200
Adding box at: x=0  y=6  z=2
Center of solvent box is: 20.441100, -18.184500, 7.684100
Adding box at: x=0  y=6  z=3
Center of solvent box is: 20.441100, -18.184500, 0.000000
Adding box at: x=0  y=6  z=4
Center of solvent box is: 20.441100, -18.184500, -7.684100
Adding box at: x=0  y=6  z=5
Center of solvent box is: 20.441100, -18.184500, -15.368200
Adding box at: x=0  y=6  z=6
Center of solvent box is: 20.441100, -18.184500, -23.052300
Adding box at: x=0  y=7  z=0
Center of solvent box is: 20.441100, -25.458300, 23.052300
Adding box at: x=0  y=7  z=1
Center of solvent box is: 20.441100, -25.458300, 15.368200
Adding box at: x=0  y=7  z=2
Center of solvent box is: 20.441100, -25.458300, 7.684100
Adding box at: x=0  y=7  z=3
Center of solvent box is: 20.441100, -25.458300, 0.000000
Adding box at: x=0  y=7  z=4
Center of solvent box is: 20.441100, -25.458300, -7.684100
Adding box at: x=0  y=7  z=5
Center of solvent box is: 20.441100, -25.458300, -15.368200
Adding box at: x=0  y=7  z=6
Center of solvent box is: 20.441100, -25.458300, -23.052300
Adding box at: x=1  y=0  z=0
Center of solvent box is: 13.627400, 25.458300, 23.052300
Adding box at: x=1  y=0  z=1
Center of solvent box is: 13.627400, 25.458300, 15.368200
Adding box at: x=1  y=0  z=2
Center of solvent box is: 13.627400, 25.458300, 7.684100
Adding box at: x=1  y=0  z=3
Center of solvent box is: 13.627400, 25.458300, 0.000000
Adding box at: x=1  y=0  z=4
Center of solvent box is: 13.627400, 25.458300, -7.684100
Adding box at: x=1  y=0  z=5
Center of solvent box is: 13.627400, 25.458300, -15.368200
Adding box at: x=1  y=0  z=6
Center of solvent box is: 13.627400, 25.458300, -23.052300
Adding box at: x=1  y=1  z=0
Center of solvent box is: 13.627400, 18.184500, 23.052300
Adding box at: x=1  y=1  z=1
Center of solvent box is: 13.627400, 18.184500, 15.368200
Adding box at: x=1  y=1  z=2
Center of solvent box is: 13.627400, 18.184500, 7.684100
Adding box at: x=1  y=1  z=3
Center of solvent box is: 13.627400, 18.184500, 0.000000
Adding box at: x=1  y=1  z=4
Center of solvent box is: 13.627400, 18.184500, -7.684100
Adding box at: x=1  y=1  z=5
Center of solvent box is: 13.627400, 18.184500, -15.368200
Adding box at: x=1  y=1  z=6
Center of solvent box is: 13.627400, 18.184500, -23.052300
Adding box at: x=1  y=2  z=0
Center of solvent box is: 13.627400, 10.910700, 23.052300
Adding box at: x=1  y=2  z=1
Center of solvent box is: 13.627400, 10.910700, 15.368200
Adding box at: x=1  y=2  z=2
Center of solvent box is: 13.627400, 10.910700, 7.684100
Adding box at: x=1  y=2  z=3
Center of solvent box is: 13.627400, 10.910700, 0.000000
Adding box at: x=1  y=2  z=4
Center of solvent box is: 13.627400, 10.910700, -7.684100
Adding box at: x=1  y=2  z=5
Center of solvent box is: 13.627400, 10.910700, -15.368200
Adding box at: x=1  y=2  z=6
Center of solvent box is: 13.627400, 10.910700, -23.052300
Adding box at: x=1  y=3  z=0
Center of solvent box is: 13.627400, 3.636900, 23.052300
Adding box at: x=1  y=3  z=1
Center of solvent box is: 13.627400, 3.636900, 15.368200
Adding box at: x=1  y=3  z=2
Center of solvent box is: 13.627400, 3.636900, 7.684100
Adding box at: x=1  y=3  z=3
Center of solvent box is: 13.627400, 3.636900, 0.000000
Adding box at: x=1  y=3  z=4
Center of solvent box is: 13.627400, 3.636900, -7.684100
Adding box at: x=1  y=3  z=5
Center of solvent box is: 13.627400, 3.636900, -15.368200
Adding box at: x=1  y=3  z=6
Center of solvent box is: 13.627400, 3.636900, -23.052300
Adding box at: x=1  y=4  z=0
Center of solvent box is: 13.627400, -3.636900, 23.052300
Adding box at: x=1  y=4  z=1
Center of solvent box is: 13.627400, -3.636900, 15.368200
Adding box at: x=1  y=4  z=2
Center of solvent box is: 13.627400, -3.636900, 7.684100
Adding box at: x=1  y=4  z=3
Center of solvent box is: 13.627400, -3.636900, 0.000000
Adding box at: x=1  y=4  z=4
Center of solvent box is: 13.627400, -3.636900, -7.684100
Adding box at: x=1  y=4  z=5
Center of solvent box is: 13.627400, -3.636900, -15.368200
Adding box at: x=1  y=4  z=6
Center of solvent box is: 13.627400, -3.636900, -23.052300
Adding box at: x=1  y=5  z=0
Center of solvent box is: 13.627400, -10.910700, 23.052300
Adding box at: x=1  y=5  z=1
Center of solvent box is: 13.627400, -10.910700, 15.368200
Adding box at: x=1  y=5  z=2
Center of solvent box is: 13.627400, -10.910700, 7.684100
Adding box at: x=1  y=5  z=3
Center of solvent box is: 13.627400, -10.910700, 0.000000
Adding box at: x=1  y=5  z=4
Center of solvent box is: 13.627400, -10.910700, -7.684100
Adding box at: x=1  y=5  z=5
Center of solvent box is: 13.627400, -10.910700, -15.368200
Adding box at: x=1  y=5  z=6
Center of solvent box is: 13.627400, -10.910700, -23.052300
Adding box at: x=1  y=6  z=0
Center of solvent box is: 13.627400, -18.184500, 23.052300
Adding box at: x=1  y=6  z=1
Center of solvent box is: 13.627400, -18.184500, 15.368200
Adding box at: x=1  y=6  z=2
Center of solvent box is: 13.627400, -18.184500, 7.684100
Adding box at: x=1  y=6  z=3
Center of solvent box is: 13.627400, -18.184500, 0.000000
Adding box at: x=1  y=6  z=4
Center of solvent box is: 13.627400, -18.184500, -7.684100
Adding box at: x=1  y=6  z=5
Center of solvent box is: 13.627400, -18.184500, -15.368200
Adding box at: x=1  y=6  z=6
Center of solvent box is: 13.627400, -18.184500, -23.052300
Adding box at: x=1  y=7  z=0
Center of solvent box is: 13.627400, -25.458300, 23.052300
Adding box at: x=1  y=7  z=1
Center of solvent box is: 13.627400, -25.458300, 15.368200
Adding box at: x=1  y=7  z=2
Center of solvent box is: 13.627400, -25.458300, 7.684100
Adding box at: x=1  y=7  z=3
Center of solvent box is: 13.627400, -25.458300, 0.000000
Adding box at: x=1  y=7  z=4
Center of solvent box is: 13.627400, -25.458300, -7.684100
Adding box at: x=1  y=7  z=5
Center of solvent box is: 13.627400, -25.458300, -15.368200
Adding box at: x=1  y=7  z=6
Center of solvent box is: 13.627400, -25.458300, -23.052300
Adding box at: x=2  y=0  z=0
Center of solvent box is: 6.813700, 25.458300, 23.052300
Adding box at: x=2  y=0  z=1
Center of solvent box is: 6.813700, 25.458300, 15.368200
Adding box at: x=2  y=0  z=2
Center of solvent box is: 6.813700, 25.458300, 7.684100
Adding box at: x=2  y=0  z=3
Center of solvent box is: 6.813700, 25.458300, 0.000000
Adding box at: x=2  y=0  z=4
Center of solvent box is: 6.813700, 25.458300, -7.684100
Adding box at: x=2  y=0  z=5
Center of solvent box is: 6.813700, 25.458300, -15.368200
Adding box at: x=2  y=0  z=6
Center of solvent box is: 6.813700, 25.458300, -23.052300
Adding box at: x=2  y=1  z=0
Center of solvent box is: 6.813700, 18.184500, 23.052300
Adding box at: x=2  y=1  z=1
Center of solvent box is: 6.813700, 18.184500, 15.368200
Adding box at: x=2  y=1  z=2
Center of solvent box is: 6.813700, 18.184500, 7.684100
Adding box at: x=2  y=1  z=3
Center of solvent box is: 6.813700, 18.184500, 0.000000
Adding box at: x=2  y=1  z=4
Center of solvent box is: 6.813700, 18.184500, -7.684100
Adding box at: x=2  y=1  z=5
Center of solvent box is: 6.813700, 18.184500, -15.368200
Adding box at: x=2  y=1  z=6
Center of solvent box is: 6.813700, 18.184500, -23.052300
Adding box at: x=2  y=2  z=0
Center of solvent box is: 6.813700, 10.910700, 23.052300
Adding box at: x=2  y=2  z=1
Center of solvent box is: 6.813700, 10.910700, 15.368200
Adding box at: x=2  y=2  z=2
Center of solvent box is: 6.813700, 10.910700, 7.684100
Adding box at: x=2  y=2  z=3
Center of solvent box is: 6.813700, 10.910700, 0.000000
Adding box at: x=2  y=2  z=4
Center of solvent box is: 6.813700, 10.910700, -7.684100
Adding box at: x=2  y=2  z=5
Center of solvent box is: 6.813700, 10.910700, -15.368200
Adding box at: x=2  y=2  z=6
Center of solvent box is: 6.813700, 10.910700, -23.052300
Adding box at: x=2  y=3  z=0
Center of solvent box is: 6.813700, 3.636900, 23.052300
Adding box at: x=2  y=3  z=1
Center of solvent box is: 6.813700, 3.636900, 15.368200
Adding box at: x=2  y=3  z=2
Center of solvent box is: 6.813700, 3.636900, 7.684100
Adding box at: x=2  y=3  z=3
Center of solvent box is: 6.813700, 3.636900, 0.000000
Adding box at: x=2  y=3  z=4
Center of solvent box is: 6.813700, 3.636900, -7.684100
Adding box at: x=2  y=3  z=5
Center of solvent box is: 6.813700, 3.636900, -15.368200
Adding box at: x=2  y=3  z=6
Center of solvent box is: 6.813700, 3.636900, -23.052300
Adding box at: x=2  y=4  z=0
Center of solvent box is: 6.813700, -3.636900, 23.052300
Adding box at: x=2  y=4  z=1
Center of solvent box is: 6.813700, -3.636900, 15.368200
Adding box at: x=2  y=4  z=2
Center of solvent box is: 6.813700, -3.636900, 7.684100
Adding box at: x=2  y=4  z=3
Center of solvent box is: 6.813700, -3.636900, 0.000000
Adding box at: x=2  y=4  z=4
Center of solvent box is: 6.813700, -3.636900, -7.684100
Adding box at: x=2  y=4  z=5
Center of solvent box is: 6.813700, -3.636900, -15.368200
Adding box at: x=2  y=4  z=6
Center of solvent box is: 6.813700, -3.636900, -23.052300
Adding box at: x=2  y=5  z=0
Center of solvent box is: 6.813700, -10.910700, 23.052300
Adding box at: x=2  y=5  z=1
Center of solvent box is: 6.813700, -10.910700, 15.368200
Adding box at: x=2  y=5  z=2
Center of solvent box is: 6.813700, -10.910700, 7.684100
Adding box at: x=2  y=5  z=3
Center of solvent box is: 6.813700, -10.910700, 0.000000
Adding box at: x=2  y=5  z=4
Center of solvent box is: 6.813700, -10.910700, -7.684100
Adding box at: x=2  y=5  z=5
Center of solvent box is: 6.813700, -10.910700, -15.368200
Adding box at: x=2  y=5  z=6
Center of solvent box is: 6.813700, -10.910700, -23.052300
Adding box at: x=2  y=6  z=0
Center of solvent box is: 6.813700, -18.184500, 23.052300
Adding box at: x=2  y=6  z=1
Center of solvent box is: 6.813700, -18.184500, 15.368200
Adding box at: x=2  y=6  z=2
Center of solvent box is: 6.813700, -18.184500, 7.684100
Adding box at: x=2  y=6  z=3
Center of solvent box is: 6.813700, -18.184500, 0.000000
Adding box at: x=2  y=6  z=4
Center of solvent box is: 6.813700, -18.184500, -7.684100
Adding box at: x=2  y=6  z=5
Center of solvent box is: 6.813700, -18.184500, -15.368200
Adding box at: x=2  y=6  z=6
Center of solvent box is: 6.813700, -18.184500, -23.052300
Adding box at: x=2  y=7  z=0
Center of solvent box is: 6.813700, -25.458300, 23.052300
Adding box at: x=2  y=7  z=1
Center of solvent box is: 6.813700, -25.458300, 15.368200
Adding box at: x=2  y=7  z=2
Center of solvent box is: 6.813700, -25.458300, 7.684100
Adding box at: x=2  y=7  z=3
Center of solvent box is: 6.813700, -25.458300, 0.000000
Adding box at: x=2  y=7  z=4
Center of solvent box is: 6.813700, -25.458300, -7.684100
Adding box at: x=2  y=7  z=5
Center of solvent box is: 6.813700, -25.458300, -15.368200
Adding box at: x=2  y=7  z=6
Center of solvent box is: 6.813700, -25.458300, -23.052300
Adding box at: x=3  y=0  z=0
Center of solvent box is: -0.000000, 25.458300, 23.052300
Adding box at: x=3  y=0  z=1
Center of solvent box is: -0.000000, 25.458300, 15.368200
Adding box at: x=3  y=0  z=2
Center of solvent box is: -0.000000, 25.458300, 7.684100
Adding box at: x=3  y=0  z=3
Center of solvent box is: -0.000000, 25.458300, 0.000000
Adding box at: x=3  y=0  z=4
Center of solvent box is: -0.000000, 25.458300, -7.684100
Adding box at: x=3  y=0  z=5
Center of solvent box is: -0.000000, 25.458300, -15.368200
Adding box at: x=3  y=0  z=6
Center of solvent box is: -0.000000, 25.458300, -23.052300
Adding box at: x=3  y=1  z=0
Center of solvent box is: -0.000000, 18.184500, 23.052300
Adding box at: x=3  y=1  z=1
Center of solvent box is: -0.000000, 18.184500, 15.368200
Adding box at: x=3  y=1  z=2
Center of solvent box is: -0.000000, 18.184500, 7.684100
Adding box at: x=3  y=1  z=3
Center of solvent box is: -0.000000, 18.184500, 0.000000
Adding box at: x=3  y=1  z=4
Center of solvent box is: -0.000000, 18.184500, -7.684100
Adding box at: x=3  y=1  z=5
Center of solvent box is: -0.000000, 18.184500, -15.368200
Adding box at: x=3  y=1  z=6
Center of solvent box is: -0.000000, 18.184500, -23.052300
Adding box at: x=3  y=2  z=0
Center of solvent box is: -0.000000, 10.910700, 23.052300
Adding box at: x=3  y=2  z=1
Center of solvent box is: -0.000000, 10.910700, 15.368200
Adding box at: x=3  y=2  z=2
Center of solvent box is: -0.000000, 10.910700, 7.684100
Adding box at: x=3  y=2  z=3
Center of solvent box is: -0.000000, 10.910700, 0.000000
Adding box at: x=3  y=2  z=4
Center of solvent box is: -0.000000, 10.910700, -7.684100
Adding box at: x=3  y=2  z=5
Center of solvent box is: -0.000000, 10.910700, -15.368200
Adding box at: x=3  y=2  z=6
Center of solvent box is: -0.000000, 10.910700, -23.052300
Adding box at: x=3  y=3  z=0
Center of solvent box is: -0.000000, 3.636900, 23.052300
Adding box at: x=3  y=3  z=1
Center of solvent box is: -0.000000, 3.636900, 15.368200
Adding box at: x=3  y=3  z=2
Center of solvent box is: -0.000000, 3.636900, 7.684100
Adding box at: x=3  y=3  z=3
Center of solvent box is: -0.000000, 3.636900, 0.000000
Adding box at: x=3  y=3  z=4
Center of solvent box is: -0.000000, 3.636900, -7.684100
Adding box at: x=3  y=3  z=5
Center of solvent box is: -0.000000, 3.636900, -15.368200
Adding box at: x=3  y=3  z=6
Center of solvent box is: -0.000000, 3.636900, -23.052300
Adding box at: x=3  y=4  z=0
Center of solvent box is: -0.000000, -3.636900, 23.052300
Adding box at: x=3  y=4  z=1
Center of solvent box is: -0.000000, -3.636900, 15.368200
Adding box at: x=3  y=4  z=2
Center of solvent box is: -0.000000, -3.636900, 7.684100
Adding box at: x=3  y=4  z=3
Center of solvent box is: -0.000000, -3.636900, 0.000000
Adding box at: x=3  y=4  z=4
Center of solvent box is: -0.000000, -3.636900, -7.684100
Adding box at: x=3  y=4  z=5
Center of solvent box is: -0.000000, -3.636900, -15.368200
Adding box at: x=3  y=4  z=6
Center of solvent box is: -0.000000, -3.636900, -23.052300
Adding box at: x=3  y=5  z=0
Center of solvent box is: -0.000000, -10.910700, 23.052300
Adding box at: x=3  y=5  z=1
Center of solvent box is: -0.000000, -10.910700, 15.368200
Adding box at: x=3  y=5  z=2
Center of solvent box is: -0.000000, -10.910700, 7.684100
Adding box at: x=3  y=5  z=3
Center of solvent box is: -0.000000, -10.910700, 0.000000
Adding box at: x=3  y=5  z=4
Center of solvent box is: -0.000000, -10.910700, -7.684100
Adding box at: x=3  y=5  z=5
Center of solvent box is: -0.000000, -10.910700, -15.368200
Adding box at: x=3  y=5  z=6
Center of solvent box is: -0.000000, -10.910700, -23.052300
Adding box at: x=3  y=6  z=0
Center of solvent box is: -0.000000, -18.184500, 23.052300
Adding box at: x=3  y=6  z=1
Center of solvent box is: -0.000000, -18.184500, 15.368200
Adding box at: x=3  y=6  z=2
Center of solvent box is: -0.000000, -18.184500, 7.684100
Adding box at: x=3  y=6  z=3
Center of solvent box is: -0.000000, -18.184500, 0.000000
Adding box at: x=3  y=6  z=4
Center of solvent box is: -0.000000, -18.184500, -7.684100
Adding box at: x=3  y=6  z=5
Center of solvent box is: -0.000000, -18.184500, -15.368200
Adding box at: x=3  y=6  z=6
Center of solvent box is: -0.000000, -18.184500, -23.052300
Adding box at: x=3  y=7  z=0
Center of solvent box is: -0.000000, -25.458300, 23.052300
Adding box at: x=3  y=7  z=1
Center of solvent box is: -0.000000, -25.458300, 15.368200
Adding box at: x=3  y=7  z=2
Center of solvent box is: -0.000000, -25.458300, 7.684100
Adding box at: x=3  y=7  z=3
Center of solvent box is: -0.000000, -25.458300, 0.000000
Adding box at: x=3  y=7  z=4
Center of solvent box is: -0.000000, -25.458300, -7.684100
Adding box at: x=3  y=7  z=5
Center of solvent box is: -0.000000, -25.458300, -15.368200
Adding box at: x=3  y=7  z=6
Center of solvent box is: -0.000000, -25.458300, -23.052300
Adding box at: x=4  y=0  z=0
Center of solvent box is: -6.813700, 25.458300, 23.052300
Adding box at: x=4  y=0  z=1
Center of solvent box is: -6.813700, 25.458300, 15.368200
Adding box at: x=4  y=0  z=2
Center of solvent box is: -6.813700, 25.458300, 7.684100
Adding box at: x=4  y=0  z=3
Center of solvent box is: -6.813700, 25.458300, 0.000000
Adding box at: x=4  y=0  z=4
Center of solvent box is: -6.813700, 25.458300, -7.684100
Adding box at: x=4  y=0  z=5
Center of solvent box is: -6.813700, 25.458300, -15.368200
Adding box at: x=4  y=0  z=6
Center of solvent box is: -6.813700, 25.458300, -23.052300
Adding box at: x=4  y=1  z=0
Center of solvent box is: -6.813700, 18.184500, 23.052300
Adding box at: x=4  y=1  z=1
Center of solvent box is: -6.813700, 18.184500, 15.368200
Adding box at: x=4  y=1  z=2
Center of solvent box is: -6.813700, 18.184500, 7.684100
Adding box at: x=4  y=1  z=3
Center of solvent box is: -6.813700, 18.184500, 0.000000
Adding box at: x=4  y=1  z=4
Center of solvent box is: -6.813700, 18.184500, -7.684100
Adding box at: x=4  y=1  z=5
Center of solvent box is: -6.813700, 18.184500, -15.368200
Adding box at: x=4  y=1  z=6
Center of solvent box is: -6.813700, 18.184500, -23.052300
Adding box at: x=4  y=2  z=0
Center of solvent box is: -6.813700, 10.910700, 23.052300
Adding box at: x=4  y=2  z=1
Center of solvent box is: -6.813700, 10.910700, 15.368200
Adding box at: x=4  y=2  z=2
Center of solvent box is: -6.813700, 10.910700, 7.684100
Adding box at: x=4  y=2  z=3
Center of solvent box is: -6.813700, 10.910700, 0.000000
Adding box at: x=4  y=2  z=4
Center of solvent box is: -6.813700, 10.910700, -7.684100
Adding box at: x=4  y=2  z=5
Center of solvent box is: -6.813700, 10.910700, -15.368200
Adding box at: x=4  y=2  z=6
Center of solvent box is: -6.813700, 10.910700, -23.052300
Adding box at: x=4  y=3  z=0
Center of solvent box is: -6.813700, 3.636900, 23.052300
Adding box at: x=4  y=3  z=1
Center of solvent box is: -6.813700, 3.636900, 15.368200
Adding box at: x=4  y=3  z=2
Center of solvent box is: -6.813700, 3.636900, 7.684100
Adding box at: x=4  y=3  z=3
Center of solvent box is: -6.813700, 3.636900, 0.000000
Adding box at: x=4  y=3  z=4
Center of solvent box is: -6.813700, 3.636900, -7.684100
Adding box at: x=4  y=3  z=5
Center of solvent box is: -6.813700, 3.636900, -15.368200
Adding box at: x=4  y=3  z=6
Center of solvent box is: -6.813700, 3.636900, -23.052300
Adding box at: x=4  y=4  z=0
Center of solvent box is: -6.813700, -3.636900, 23.052300
Adding box at: x=4  y=4  z=1
Center of solvent box is: -6.813700, -3.636900, 15.368200
Adding box at: x=4  y=4  z=2
Center of solvent box is: -6.813700, -3.636900, 7.684100
Adding box at: x=4  y=4  z=3
Center of solvent box is: -6.813700, -3.636900, 0.000000
Adding box at: x=4  y=4  z=4
Center of solvent box is: -6.813700, -3.636900, -7.684100
Adding box at: x=4  y=4  z=5
Center of solvent box is: -6.813700, -3.636900, -15.368200
Adding box at: x=4  y=4  z=6
Center of solvent box is: -6.813700, -3.636900, -23.052300
Adding box at: x=4  y=5  z=0
Center of solvent box is: -6.813700, -10.910700, 23.052300
Adding box at: x=4  y=5  z=1
Center of solvent box is: -6.813700, -10.910700, 15.368200
Adding box at: x=4  y=5  z=2
Center of solvent box is: -6.813700, -10.910700, 7.684100
Adding box at: x=4  y=5  z=3
Center of solvent box is: -6.813700, -10.910700, 0.000000
Adding box at: x=4  y=5  z=4
Center of solvent box is: -6.813700, -10.910700, -7.684100
Adding box at: x=4  y=5  z=5
Center of solvent box is: -6.813700, -10.910700, -15.368200
Adding box at: x=4  y=5  z=6
Center of solvent box is: -6.813700, -10.910700, -23.052300
Adding box at: x=4  y=6  z=0
Center of solvent box is: -6.813700, -18.184500, 23.052300
Adding box at: x=4  y=6  z=1
Center of solvent box is: -6.813700, -18.184500, 15.368200
Adding box at: x=4  y=6  z=2
Center of solvent box is: -6.813700, -18.184500, 7.684100
Adding box at: x=4  y=6  z=3
Center of solvent box is: -6.813700, -18.184500, 0.000000
Adding box at: x=4  y=6  z=4
Center of solvent box is: -6.813700, -18.184500, -7.684100
Adding box at: x=4  y=6  z=5
Center of solvent box is: -6.813700, -18.184500, -15.368200
Adding box at: x=4  y=6  z=6
Center of solvent box is: -6.813700, -18.184500, -23.052300
Adding box at: x=4  y=7  z=0
Center of solvent box is: -6.813700, -25.458300, 23.052300
Adding box at: x=4  y=7  z=1
Center of solvent box is: -6.813700, -25.458300, 15.368200
Adding box at: x=4  y=7  z=2
Center of solvent box is: -6.813700, -25.458300, 7.684100
Adding box at: x=4  y=7  z=3
Center of solvent box is: -6.813700, -25.458300, 0.000000
Adding box at: x=4  y=7  z=4
Center of solvent box is: -6.813700, -25.458300, -7.684100
Adding box at: x=4  y=7  z=5
Center of solvent box is: -6.813700, -25.458300, -15.368200
Adding box at: x=4  y=7  z=6
Center of solvent box is: -6.813700, -25.458300, -23.052300
Adding box at: x=5  y=0  z=0
Center of solvent box is: -13.627400, 25.458300, 23.052300
Adding box at: x=5  y=0  z=1
Center of solvent box is: -13.627400, 25.458300, 15.368200
Adding box at: x=5  y=0  z=2
Center of solvent box is: -13.627400, 25.458300, 7.684100
Adding box at: x=5  y=0  z=3
Center of solvent box is: -13.627400, 25.458300, 0.000000
Adding box at: x=5  y=0  z=4
Center of solvent box is: -13.627400, 25.458300, -7.684100
Adding box at: x=5  y=0  z=5
Center of solvent box is: -13.627400, 25.458300, -15.368200
Adding box at: x=5  y=0  z=6
Center of solvent box is: -13.627400, 25.458300, -23.052300
Adding box at: x=5  y=1  z=0
Center of solvent box is: -13.627400, 18.184500, 23.052300
Adding box at: x=5  y=1  z=1
Center of solvent box is: -13.627400, 18.184500, 15.368200
Adding box at: x=5  y=1  z=2
Center of solvent box is: -13.627400, 18.184500, 7.684100
Adding box at: x=5  y=1  z=3
Center of solvent box is: -13.627400, 18.184500, 0.000000
Adding box at: x=5  y=1  z=4
Center of solvent box is: -13.627400, 18.184500, -7.684100
Adding box at: x=5  y=1  z=5
Center of solvent box is: -13.627400, 18.184500, -15.368200
Adding box at: x=5  y=1  z=6
Center of solvent box is: -13.627400, 18.184500, -23.052300
Adding box at: x=5  y=2  z=0
Center of solvent box is: -13.627400, 10.910700, 23.052300
Adding box at: x=5  y=2  z=1
Center of solvent box is: -13.627400, 10.910700, 15.368200
Adding box at: x=5  y=2  z=2
Center of solvent box is: -13.627400, 10.910700, 7.684100
Adding box at: x=5  y=2  z=3
Center of solvent box is: -13.627400, 10.910700, 0.000000
Adding box at: x=5  y=2  z=4
Center of solvent box is: -13.627400, 10.910700, -7.684100
Adding box at: x=5  y=2  z=5
Center of solvent box is: -13.627400, 10.910700, -15.368200
Adding box at: x=5  y=2  z=6
Center of solvent box is: -13.627400, 10.910700, -23.052300
Adding box at: x=5  y=3  z=0
Center of solvent box is: -13.627400, 3.636900, 23.052300
Adding box at: x=5  y=3  z=1
Center of solvent box is: -13.627400, 3.636900, 15.368200
Adding box at: x=5  y=3  z=2
Center of solvent box is: -13.627400, 3.636900, 7.684100
Adding box at: x=5  y=3  z=3
Center of solvent box is: -13.627400, 3.636900, 0.000000
Adding box at: x=5  y=3  z=4
Center of solvent box is: -13.627400, 3.636900, -7.684100
Adding box at: x=5  y=3  z=5
Center of solvent box is: -13.627400, 3.636900, -15.368200
Adding box at: x=5  y=3  z=6
Center of solvent box is: -13.627400, 3.636900, -23.052300
Adding box at: x=5  y=4  z=0
Center of solvent box is: -13.627400, -3.636900, 23.052300
Adding box at: x=5  y=4  z=1
Center of solvent box is: -13.627400, -3.636900, 15.368200
Adding box at: x=5  y=4  z=2
Center of solvent box is: -13.627400, -3.636900, 7.684100
Adding box at: x=5  y=4  z=3
Center of solvent box is: -13.627400, -3.636900, 0.000000
Adding box at: x=5  y=4  z=4
Center of solvent box is: -13.627400, -3.636900, -7.684100
Adding box at: x=5  y=4  z=5
Center of solvent box is: -13.627400, -3.636900, -15.368200
Adding box at: x=5  y=4  z=6
Center of solvent box is: -13.627400, -3.636900, -23.052300
Adding box at: x=5  y=5  z=0
Center of solvent box is: -13.627400, -10.910700, 23.052300
Adding box at: x=5  y=5  z=1
Center of solvent box is: -13.627400, -10.910700, 15.368200
Adding box at: x=5  y=5  z=2
Center of solvent box is: -13.627400, -10.910700, 7.684100
Adding box at: x=5  y=5  z=3
Center of solvent box is: -13.627400, -10.910700, 0.000000
Adding box at: x=5  y=5  z=4
Center of solvent box is: -13.627400, -10.910700, -7.684100
Adding box at: x=5  y=5  z=5
Center of solvent box is: -13.627400, -10.910700, -15.368200
Adding box at: x=5  y=5  z=6
Center of solvent box is: -13.627400, -10.910700, -23.052300
Adding box at: x=5  y=6  z=0
Center of solvent box is: -13.627400, -18.184500, 23.052300
Adding box at: x=5  y=6  z=1
Center of solvent box is: -13.627400, -18.184500, 15.368200
Adding box at: x=5  y=6  z=2
Center of solvent box is: -13.627400, -18.184500, 7.684100
Adding box at: x=5  y=6  z=3
Center of solvent box is: -13.627400, -18.184500, 0.000000
Adding box at: x=5  y=6  z=4
Center of solvent box is: -13.627400, -18.184500, -7.684100
Adding box at: x=5  y=6  z=5
Center of solvent box is: -13.627400, -18.184500, -15.368200
Adding box at: x=5  y=6  z=6
Center of solvent box is: -13.627400, -18.184500, -23.052300
Adding box at: x=5  y=7  z=0
Center of solvent box is: -13.627400, -25.458300, 23.052300
Adding box at: x=5  y=7  z=1
Center of solvent box is: -13.627400, -25.458300, 15.368200
Adding box at: x=5  y=7  z=2
Center of solvent box is: -13.627400, -25.458300, 7.684100
Adding box at: x=5  y=7  z=3
Center of solvent box is: -13.627400, -25.458300, 0.000000
Adding box at: x=5  y=7  z=4
Center of solvent box is: -13.627400, -25.458300, -7.684100
Adding box at: x=5  y=7  z=5
Center of solvent box is: -13.627400, -25.458300, -15.368200
Adding box at: x=5  y=7  z=6
Center of solvent box is: -13.627400, -25.458300, -23.052300
Adding box at: x=6  y=0  z=0
Center of solvent box is: -20.441100, 25.458300, 23.052300
Adding box at: x=6  y=0  z=1
Center of solvent box is: -20.441100, 25.458300, 15.368200
Adding box at: x=6  y=0  z=2
Center of solvent box is: -20.441100, 25.458300, 7.684100
Adding box at: x=6  y=0  z=3
Center of solvent box is: -20.441100, 25.458300, 0.000000
Adding box at: x=6  y=0  z=4
Center of solvent box is: -20.441100, 25.458300, -7.684100
Adding box at: x=6  y=0  z=5
Center of solvent box is: -20.441100, 25.458300, -15.368200
Adding box at: x=6  y=0  z=6
Center of solvent box is: -20.441100, 25.458300, -23.052300
Adding box at: x=6  y=1  z=0
Center of solvent box is: -20.441100, 18.184500, 23.052300
Adding box at: x=6  y=1  z=1
Center of solvent box is: -20.441100, 18.184500, 15.368200
Adding box at: x=6  y=1  z=2
Center of solvent box is: -20.441100, 18.184500, 7.684100
Adding box at: x=6  y=1  z=3
Center of solvent box is: -20.441100, 18.184500, 0.000000
Adding box at: x=6  y=1  z=4
Center of solvent box is: -20.441100, 18.184500, -7.684100
Adding box at: x=6  y=1  z=5
Center of solvent box is: -20.441100, 18.184500, -15.368200
Adding box at: x=6  y=1  z=6
Center of solvent box is: -20.441100, 18.184500, -23.052300
Adding box at: x=6  y=2  z=0
Center of solvent box is: -20.441100, 10.910700, 23.052300
Adding box at: x=6  y=2  z=1
Center of solvent box is: -20.441100, 10.910700, 15.368200
Adding box at: x=6  y=2  z=2
Center of solvent box is: -20.441100, 10.910700, 7.684100
Adding box at: x=6  y=2  z=3
Center of solvent box is: -20.441100, 10.910700, 0.000000
Adding box at: x=6  y=2  z=4
Center of solvent box is: -20.441100, 10.910700, -7.684100
Adding box at: x=6  y=2  z=5
Center of solvent box is: -20.441100, 10.910700, -15.368200
Adding box at: x=6  y=2  z=6
Center of solvent box is: -20.441100, 10.910700, -23.052300
Adding box at: x=6  y=3  z=0
Center of solvent box is: -20.441100, 3.636900, 23.052300
Adding box at: x=6  y=3  z=1
Center of solvent box is: -20.441100, 3.636900, 15.368200
Adding box at: x=6  y=3  z=2
Center of solvent box is: -20.441100, 3.636900, 7.684100
Adding box at: x=6  y=3  z=3
Center of solvent box is: -20.441100, 3.636900, 0.000000
Adding box at: x=6  y=3  z=4
Center of solvent box is: -20.441100, 3.636900, -7.684100
Adding box at: x=6  y=3  z=5
Center of solvent box is: -20.441100, 3.636900, -15.368200
Adding box at: x=6  y=3  z=6
Center of solvent box is: -20.441100, 3.636900, -23.052300
Adding box at: x=6  y=4  z=0
Center of solvent box is: -20.441100, -3.636900, 23.052300
Adding box at: x=6  y=4  z=1
Center of solvent box is: -20.441100, -3.636900, 15.368200
Adding box at: x=6  y=4  z=2
Center of solvent box is: -20.441100, -3.636900, 7.684100
Adding box at: x=6  y=4  z=3
Center of solvent box is: -20.441100, -3.636900, 0.000000
Adding box at: x=6  y=4  z=4
Center of solvent box is: -20.441100, -3.636900, -7.684100
Adding box at: x=6  y=4  z=5
Center of solvent box is: -20.441100, -3.636900, -15.368200
Adding box at: x=6  y=4  z=6
Center of solvent box is: -20.441100, -3.636900, -23.052300
Adding box at: x=6  y=5  z=0
Center of solvent box is: -20.441100, -10.910700, 23.052300
Adding box at: x=6  y=5  z=1
Center of solvent box is: -20.441100, -10.910700, 15.368200
Adding box at: x=6  y=5  z=2
Center of solvent box is: -20.441100, -10.910700, 7.684100
Adding box at: x=6  y=5  z=3
Center of solvent box is: -20.441100, -10.910700, 0.000000
Adding box at: x=6  y=5  z=4
Center of solvent box is: -20.441100, -10.910700, -7.684100
Adding box at: x=6  y=5  z=5
Center of solvent box is: -20.441100, -10.910700, -15.368200
Adding box at: x=6  y=5  z=6
Center of solvent box is: -20.441100, -10.910700, -23.052300
Adding box at: x=6  y=6  z=0
Center of solvent box is: -20.441100, -18.184500, 23.052300
Adding box at: x=6  y=6  z=1
Center of solvent box is: -20.441100, -18.184500, 15.368200
Adding box at: x=6  y=6  z=2
Center of solvent box is: -20.441100, -18.184500, 7.684100
Adding box at: x=6  y=6  z=3
Center of solvent box is: -20.441100, -18.184500, 0.000000
Adding box at: x=6  y=6  z=4
Center of solvent box is: -20.441100, -18.184500, -7.684100
Adding box at: x=6  y=6  z=5
Center of solvent box is: -20.441100, -18.184500, -15.368200
Adding box at: x=6  y=6  z=6
Center of solvent box is: -20.441100, -18.184500, -23.052300
Adding box at: x=6  y=7  z=0
Center of solvent box is: -20.441100, -25.458300, 23.052300
Adding box at: x=6  y=7  z=1
Center of solvent box is: -20.441100, -25.458300, 15.368200
Adding box at: x=6  y=7  z=2
Center of solvent box is: -20.441100, -25.458300, 7.684100
Adding box at: x=6  y=7  z=3
Center of solvent box is: -20.441100, -25.458300, 0.000000
Adding box at: x=6  y=7  z=4
Center of solvent box is: -20.441100, -25.458300, -7.684100
Adding box at: x=6  y=7  z=5
Center of solvent box is: -20.441100, -25.458300, -15.368200
Adding box at: x=6  y=7  z=6
Center of solvent box is: -20.441100, -25.458300, -23.052300
  Total vdw box size:                   47.696 43.643 38.421 angstroms.
  Volume: 79975.445 A^3 
  Total mass 17664.696 amu,  Density 0.367 g/cc
  Added 208 residues.
> saveamberparm mol solvated.parm7 solvated.rst7
Checking Unit.
Building topology.
Building atom parameters.
Building bond parameters.
Building angle parameters.
Building proper torsion parameters.
Building improper torsion parameters.
 total 6 improper torsions applied
Building H-Bond parameters.
Incorporating Non-Bonded adjustments.
Not Marking per-residue atom chain types.
Marking per-residue atom chain types.
  (Residues lacking connect0/connect1 - 
   these don't have chain types marked:

	res	total affected

	LIG	1
  )
 (no restraints)
 quit
	Quit
