            --------------------------------------------------------
                             AMBER SQM VERSION 14
 
                                     By
              Ross C. Walker, Michael F. Crowley, Scott Brozell,
                         Tim Giese, Andreas W. Goetz,
                        Tai-Sung Lee and David A. Case
 
            --------------------------------------------------------
 

--------------------------------------------------------------------------------
  QM CALCULATION INFO
--------------------------------------------------------------------------------

| QMMM: Citation for AMBER QMMM Run:
| QMMM: R.C. Walker, M.F. Crowley and D.A. Case, J. COMP. CHEM. 29:1019, 2008

QMMM: SINGLET STATE CALCULATION
QMMM: RHF CALCULATION, NO. OF DOUBLY OCCUPIED LEVELS = 38

| QMMM: *** Selected Hamiltonian *** 
| QMMM: AM1         

| QMMM: *** Parameter sets in use ***
| QMMM: F : M.J.S.DEWAR et al. THEOCHEM, 180, 1, (1988)
| QMMM: C : M.J.S.DEWAR et al. JACS, 107, 3902, (1985)
| QMMM: H : M.J.S.DEWAR et al. JACS, 107, 3902, (1985)

| QMMM: *** SCF convergence criteria ***
| QMMM: Energy change                :  0.1D-09 kcal/mol
| QMMM: Error matrix |FP-PF|         :  0.1D+00 au
| QMMM: Density matrix change        :  0.5D-06
| QMMM: Maximum number of SCF cycles :     1000

| QMMM: *** Diagonalization Routine Information ***
| QMMM: Pseudo diagonalizations are allowed.
| QMMM: Auto diagonalization routine selection is in use.
| QMMM:
| QMMM: Timing diagonalization routines:
| QMMM:                              norbs =       70
| QMMM:    diag iterations used for timing =       15
| QMMM:
| QMMM:              Internal diag routine = 0.015175 seconds
| QMMM:                 Dspev diag routine = 0.015448 seconds
| QMMM:                Dspevd diag routine = 0.012269 seconds
| QMMM:                Dspevx diag routine = 0.046705 seconds
| QMMM:                 Dsyev diag routine = 0.016993 seconds
| QMMM:                Dsyevd diag routine = 0.014532 seconds
| QMMM:                Dsyevr diag routine = 0.014597 seconds
| QMMM:
| QMMM:                Pseudo diag routine = 0.005086 seconds
| QMMM:
| QMMM: Using dspevd routine (diag_routine=3).

  QMMM: QM Region Cartesian Coordinates (*=link atom) 
  QMMM: QM_NO.   MM_NO.  ATOM         X         Y         Z
  QMMM:     1        1      F        0.8750    0.0340   -0.2330
  QMMM:     2        2      C        2.2280    0.0560   -0.0620
  QMMM:     3        3      C        2.7690   -1.3520   -0.2940
  QMMM:     4        4      C        2.6150   -1.7910   -1.7490
  QMMM:     5        5      C        3.2210   -0.7760   -2.7180
  QMMM:     6        6      C        2.6330    0.6260   -2.4880
  QMMM:     7        7      C        2.8350    1.0680   -1.0270
  QMMM:     8        8      F        4.1690    1.1590   -0.7450
  QMMM:     9        9      C        3.1630    1.6340   -3.4940
  QMMM:    10       10      C        2.2840    2.2300   -4.4120
  QMMM:    11       11      C        2.7480    3.1550   -5.3490
  QMMM:    12       12      C        4.0980    3.4980   -5.3820
  QMMM:    13       13      C        4.9830    2.9140   -4.4800
  QMMM:    14       14      C        4.5200    1.9880   -3.5430
  QMMM:    15       15      H        2.4260    0.3560    0.9720
  QMMM:    16       16      H        2.2340   -2.0610    0.3480
  QMMM:    17       17      H        3.8280   -1.3890   -0.0140
  QMMM:    18       18      H        1.5500   -1.9220   -1.9790
  QMMM:    19       19      H        3.0930   -2.7670   -1.8910
  QMMM:    20       20      H        3.0290   -1.1020   -3.7480
  QMMM:    21       21      H        4.3100   -0.7650   -2.5910
  QMMM:    22       22      H        1.5470    0.5470   -2.6460
  QMMM:    23       23      H        2.3920    2.0570   -0.8640
  QMMM:    24       24      H        1.2260    1.9770   -4.4090
  QMMM:    25       25      H        2.0560    3.6080   -6.0540
  QMMM:    26       26      H        4.4590    4.2180   -6.1110
  QMMM:    27       27      H        6.0370    3.1800   -4.5030
  QMMM:    28       28      H        5.2320    1.5470   -2.8490

--------------------------------------------------------------------------------
  RESULTS
--------------------------------------------------------------------------------

      iter         sqm energy              rms gradient
      ----    -------------------    -----------------------
xmin    10      -96.8199 kcal/mol        0.6557 kcal/(mol*A)
xmin    20      -96.8592 kcal/mol        0.1120 kcal/(mol*A)
xmin    30      -96.8640 kcal/mol        0.0547 kcal/(mol*A)
xmin    40      -96.8653 kcal/mol        0.0270 kcal/(mol*A)
xmin    50      -96.8654 kcal/mol        0.0080 kcal/(mol*A)
xmin    60      -96.8654 kcal/mol        0.0021 kcal/(mol*A)
  ... geometry converged !
 
 Final MO eigenvalues (eV):
 -49.1281  -48.7363  -39.8740  -37.7347  -33.4939  -31.4634  -30.8529  -29.5623
 -24.5302  -23.8906  -23.2641  -21.9200  -20.3116  -18.1818  -17.3400  -17.2554
 -17.0418  -16.5465  -16.0371  -15.5669  -15.5088  -14.9404  -14.5446  -14.2862
 -14.2314  -13.9034  -13.5019  -13.1667  -12.6327  -12.5467  -12.3847  -12.1267
 -11.8739  -11.5687  -11.2013  -10.9765   -9.6887   -9.4985    0.3893    0.5373
   2.7539    2.8835    3.1835    3.2465    3.4111    3.6162    3.6843    3.8642
   3.9210    4.0048    4.0482    4.0815    4.0938    4.1236    4.2132    4.4424
   4.4987    4.5149    4.6849    4.7298    4.8291    4.8499    4.9629    5.0892
   5.1141    5.1824    5.5516    5.5995    5.7010    6.0779

 Heat of formation   =        -96.86540011 kcal/mol  (       -4.20039895 eV)

 Total SCF energy    =     -62271.93801710 kcal/mol  (    -2700.31386397 eV)
 Electronic energy   =    -337398.76010764 kcal/mol  (   -14630.70812661 eV)
 Core-core repulsion =     275126.82209054 kcal/mol  (    11930.39426263 eV)
 
    Atomic Charges for Step       1 :
  Atom    Element       Mulliken Charge
     1      F                 -0.166
     2      C                  0.031
     3      C                 -0.184
     4      C                 -0.159
     5      C                 -0.153
     6      C                 -0.091
     7      C                  0.040
     8      F                 -0.164
     9      C                 -0.078
    10      C                 -0.123
    11      C                 -0.132
    12      C                 -0.127
    13      C                 -0.130
    14      C                 -0.115
    15      H                  0.101
    16      H                  0.097
    17      H                  0.101
    18      H                  0.090
    19      H                  0.088
    20      H                  0.094
    21      H                  0.092
    22      H                  0.112
    23      H                  0.107
    24      H                  0.131
    25      H                  0.131
    26      H                  0.131
    27      H                  0.132
    28      H                  0.142
 Total Mulliken Charge =      -0.000
 
                  X        Y        Z     TOTAL  
  QM DIPOLE     0.245   -0.562   -0.412    0.738
 
 Final Structure

  QMMM: QM Region Cartesian Coordinates (*=link atom) 
  QMMM: QM_NO.   MM_NO.  ATOM         X         Y         Z
  QMMM:     1        1      F        0.7929    0.0621   -0.2222
  QMMM:     2        2      C        2.1706    0.0417   -0.0825
  QMMM:     3        3      C        2.7548   -1.3523   -0.3297
  QMMM:     4        4      C        2.6513   -1.7721   -1.7793
  QMMM:     5        5      C        3.2936   -0.7528   -2.6978
  QMMM:     6        6      C        2.6523    0.6146   -2.5038
  QMMM:     7        7      C        2.8225    1.0876   -1.0449
  QMMM:     8        8      F        4.1441    1.2781   -0.6803
  QMMM:     9        9      C        3.1635    1.6126   -3.4895
  QMMM:    10       10      C        2.2666    2.2472   -4.3586
  QMMM:    11       11      C        2.7274    3.1690   -5.2972
  QMMM:    12       12      C        4.0874    3.4664   -5.3779
  QMMM:    13       13      C        4.9856    2.8400   -4.5144
  QMMM:    14       14      C        4.5273    1.9178   -3.5753
  QMMM:    15       15      H        2.4143    0.3528    0.9760
  QMMM:    16       16      H        2.2181   -2.0922    0.3178
  QMMM:    17       17      H        3.8318   -1.3245   -0.0184
  QMMM:    18       18      H        1.5698   -1.8957   -2.0524
  QMMM:    19       19      H        3.1520   -2.7659   -1.9149
  QMMM:    20       20      H        3.1724   -1.0741   -3.7642
  QMMM:    21       21      H        4.3922   -0.6821   -2.4828
  QMMM:    22       22      H        1.5370    0.4990   -2.6488
  QMMM:    23       23      H        2.2808    2.0698   -0.9198
  QMMM:    24       24      H        1.1917    2.0178   -4.3026
  QMMM:    25       25      H        2.0150    3.6618   -5.9749
  QMMM:    26       26      H        4.4500    4.1932   -6.1191
  QMMM:    27       27      H        6.0588    3.0737   -4.5719
  QMMM:    28       28      H        5.2361    1.4335   -2.8854

           --------- Calculation Completed ----------

