
          -------------------------------------------------------
          Amber 16 SANDER                              2016
          -------------------------------------------------------

| Run on 03/22/2017 at 11:13:28

|   Executable path: sander
| Working directory: /home/steboss/Simulation/logP_standrews/a_phenyl-cyclohexane/water/equilibration
|          Hostname: Unknown
  [-O]verwriting output

File Assignments:
|  MDIN: min00001.in                                                           
| MDOUT: min00001.out                                                          
|INPCRD: solvated.rst7                                                         
|  PARM: solvated.parm7                                                        
|RESTRT: min00001.rst7                                                         
|  REFC: solvated.rst7                                                         
| MDVEL: mdvel                                                                 
| MDFRC: mdfrc                                                                 
|  MDEN: min00001.en                                                           
| MDCRD: min00001.nc                                                           
|MDINFO: min00001.info                                                         
|  MTMD: mtmd                                                                  
|INPDIP: inpdip                                                                
|RSTDIP: rstdip                                                                
|INPTRA: inptraj                                                               


 Here is the input file:

                                                                               
Minimise whole system                                                          
&cntrl                                                                         
ntxo=1,                                                                        
imin = 1, ntmin = 1,                                                           
maxcyc = 100, ncyc = 10,                                                       
ntpr = 20, ntwe = 20,                                                          
dx0 = 1.0D-7,                                                                  
ntb = 1,                                                                       
ntr = 1, restraint_wt = 10.00,                                                 
restraintmask="!:WAT,HOH,T3P,T4P,CLP,MOL,LIG",                                 
/                                                                              

--------------------------------------------------------------------------------
   1.  RESOURCE   USE: 
--------------------------------------------------------------------------------

| Flags:                                                                        
 getting new box info from bottom of inpcrd
|  INFO: Old style inpcrd file read

| peek_ewald_inpcrd: Box info found
|Largest sphere to fit in unit cell has radius =    17.130
| New format PARM file being parsed.
| Version =    1.000 Date = 03/22/17 Time = 11:13:28
 NATOM  =    3163 NTYPES =       6 NBONH =    3151 MBONA  =      13
 NTHETH =      38 MTHETA =      16 NPHIH =      69 MPHIA  =      33
 NHPARM =       0 NPARM  =       0 NNB   =    4343 NRES   =    1046
 NBONA  =      13 NTHETA =      16 NPHIA =      33 NUMBND =       7
 NUMANG =       8 NPTRA  =       9 NATYP =       6 NPHB   =       1
 IFBOX  =       1 NMXRS  =      28 IFCAP =       0 NEXTRA =       0
 NCOPY  =       0


|     Memory Use     Allocated
|     Real              346924
|     Hollerith          10537
|     Integer            96876
|     Max Pairs        1054333
|     nblistReal         37956
|     nblist Int        172722
|       Total             8219 kbytes

| Note: 1-4 EEL scale factors are being read from the topology file.

| Note: 1-4 VDW scale factors are being read from the topology file.
| Duplicated    0 dihedrals
| Duplicated    0 dihedrals

     BOX TYPE: RECTILINEAR

--------------------------------------------------------------------------------
   2.  CONTROL  DATA  FOR  THE  RUN
--------------------------------------------------------------------------------

LIG                                                                             

General flags:
     imin    =       1, nmropt  =       0

Nature and format of input:
     ntx     =       1, irest   =       0, ntrx    =       1

Nature and format of output:
     ntxo    =       1, ntpr    =      20, ntrx    =       1, ntwr    =       1
     iwrap   =       0, ntwx    =       0, ntwv    =       0, ntwe    =      20
     ioutfm  =       1, ntwprt  =       0, idecomp =       0, rbornstat=      0

Potential function:
     ntf     =       1, ntb     =       1, igb     =       0, nsnb    =      25
     ipol    =       0, gbsa    =       0, iesp    =       0
     dielc   =   1.00000, cut     =   8.00000, intdiel =   1.00000

Frozen or restrained atoms:
     ibelly  =       0, ntr     =       1
     restraint_wt =  10.00000

Energy minimization:
     maxcyc  =     100, ncyc    =      10, ntmin   =       1
     dx0     =   0.00000, drms    =   0.00010

Ewald parameters:
     verbose =       0, ew_type =       0, nbflag  =       1, use_pme =       1
     vdwmeth =       1, eedmeth =       1, netfrc  =       0
     Box X =   35.890   Box Y =   34.260   Box Z =   37.638
     Alpha =   90.000   Beta  =   90.000   Gamma =   90.000
     NFFT1 =   36       NFFT2 =   36       NFFT3 =   40
     Cutoff=    8.000   Tol   =0.100E-04
     Ewald Coefficient =  0.34864
     Interpolation order =    4

    LOADING THE CONSTRAINED ATOMS AS GROUPS


   5.  REFERENCE ATOM COORDINATES

  LIG 
     Mask !:WAT,HOH,T3P,T4P,CLP,MOL,LIG; matches     0 atoms

--------------------------------------------------------------------------------
   3.  ATOMIC COORDINATES AND VELOCITIES
--------------------------------------------------------------------------------

LIG                                                                             
 begin time read from input coords =     0.000 ps

 Number of triangulated 3-point waters found:     1045

     Sum of charges from parm topology file =   0.00000000
     Forcing neutrality...

--------------------------------------------------------------------------------
   4.  RESULTS
--------------------------------------------------------------------------------

 ---------------------------------------------------
 APPROXIMATING switch and d/dx switch using CUBIC SPLINE INTERPOLATION
 using   5000.0 points per unit in tabled values
 TESTING RELATIVE ERROR over r ranging from 0.0 to cutoff
| CHECK switch(x): max rel err =   0.2738E-14   at   2.422500
| CHECK d/dx switch(x): max rel err =   0.8332E-11   at   2.782960
 ---------------------------------------------------
| Local SIZE OF NONBOND LIST =     477646
| TOTAL SIZE OF NONBOND LIST =     477646


   NSTEP       ENERGY          RMS            GMAX         NAME    NUMBER
      1      -8.3046E+03     1.1904E+01     4.3495E+01     O         407

 BOND    =        0.3842  ANGLE   =        2.9303  DIHED      =        4.1761
 VDWAALS =     1039.7386  EEL     =    -9359.5969  HBOND      =        0.0000
 1-4 VDW =        7.2809  1-4 EEL =        0.4699  RESTRAINT  =        0.0000


   NSTEP       ENERGY          RMS            GMAX         NAME    NUMBER
     20      -9.4581E+03     9.4121E+00     1.0695E+02     O        1691

 BOND    =     1299.5195  ANGLE   =        3.0757  DIHED      =        4.6994
 VDWAALS =     1046.9819  EEL     =   -11818.9417  HBOND      =        0.0000
 1-4 VDW =        6.1132  1-4 EEL =        0.4648  RESTRAINT  =        0.0000


   NSTEP       ENERGY          RMS            GMAX         NAME    NUMBER
     40      -1.0166E+04     2.8121E+00     2.3011E+01     C9         10

 BOND    =      483.6986  ANGLE   =        3.2815  DIHED      =        4.4847
 VDWAALS =     1062.0609  EEL     =   -11727.9853  HBOND      =        0.0000
 1-4 VDW =        7.6929  1-4 EEL =        0.4872  RESTRAINT  =        0.0000


   NSTEP       ENERGY          RMS            GMAX         NAME    NUMBER
     60      -1.0619E+04     2.2220E+00     1.8472E+01     O         320

 BOND    =      657.1213  ANGLE   =        2.8433  DIHED      =        4.3724
 VDWAALS =     1349.1234  EEL     =   -12639.3095  HBOND      =        0.0000
 1-4 VDW =        6.7118  1-4 EEL =        0.4748  RESTRAINT  =        0.0000


   NSTEP       ENERGY          RMS            GMAX         NAME    NUMBER
     80      -1.0876E+04     2.6613E+00     4.7672E+01     C3          4

 BOND    =      701.1256  ANGLE   =        5.4120  DIHED      =        4.7791
 VDWAALS =     1415.9325  EEL     =   -13009.3069  HBOND      =        0.0000
 1-4 VDW =        5.2751  1-4 EEL =        0.4313  RESTRAINT  =        0.0000


   NSTEP       ENERGY          RMS            GMAX         NAME    NUMBER
    100      -1.1081E+04     2.5850E+00     4.1760E+01     C9         10

 BOND    =      777.6032  ANGLE   =        4.0248  DIHED      =        4.3059
 VDWAALS =     1675.7666  EEL     =   -13548.7673  HBOND      =        0.0000
 1-4 VDW =        5.4461  1-4 EEL =        0.4538  RESTRAINT  =        0.0000


  Maximum number of minimization cycles reached.


                    FINAL RESULTS



   NSTEP       ENERGY          RMS            GMAX         NAME    NUMBER
    100      -1.1081E+04     2.5850E+00     4.1760E+01     C9         10

 BOND    =      777.6032  ANGLE   =        4.0248  DIHED      =        4.3059
 VDWAALS =     1675.7666  EEL     =   -13548.7673  HBOND      =        0.0000
 1-4 VDW =        5.4461  1-4 EEL =        0.4538  RESTRAINT  =        0.0000

--------------------------------------------------------------------------------
   5.  TIMINGS
--------------------------------------------------------------------------------

|    Read coords time           0.00 ( 0.13% of Total)
|                Build the list             0.02 (57.25% of List )
|                Other                      0.01 (42.75% of List )
|             List time                  0.03 ( 1.61% of Nonbo)
|                   Short_ene time             1.26 (99.01% of Direc)
|                   Other                      0.01 ( 0.99% of Direc)
|                Direct Ewald time          1.27 (75.61% of Ewald)
|                Adjust Ewald time          0.01 ( 0.75% of Ewald)
|                Self Ewald time            0.00 ( 0.01% of Ewald)
|                   Fill Bspline coeffs        0.01 ( 3.60% of Recip)
|                   Fill charge grid           0.04 (10.14% of Recip)
|                   Scalar sum                 0.08 (20.20% of Recip)
|                   Grad sum                   0.08 (19.13% of Recip)
|                   FFT time                   0.18 (46.88% of Recip)
|                   Other                      0.00 ( 0.05% of Recip)
|                Recip Ewald time           0.39 (23.45% of Ewald)
|                Virial junk                0.00 ( 0.10% of Ewald)
|                Other                      0.00 ( 0.07% of Ewald)
|             Ewald time                 1.68 (98.36% of Nonbo)
|             Other                      0.00 ( 0.02% of Nonbo)
|          Nonbond force              1.71 (99.39% of Force)
|          Bond/Angle/Dihedral        0.01 ( 0.54% of Force)
|          Other                      0.00 ( 0.07% of Force)
|       Force time                 1.72 (100.0% of Runmd)
|    Runmd Time                 1.72 (72.05% of Total)
|    Other                      0.66 (27.82% of Total)
| Total time                 2.38 (100.0% of ALL  )

| Number of list builds   :          1

| Highest rstack allocated:     205479
| Highest istack allocated:       3163
|           Job began  at 11:13:28.101  on 03/22/2017
|           Setup done at 11:13:28.187  on 03/22/2017
|           Run   done at 11:13:30.483  on 03/22/2017
|     wallclock() was called    3850 times
