
          -------------------------------------------------------
          Amber 16 SANDER                              2016
          -------------------------------------------------------

| Run on 03/27/2017 at 12:52:46

|   Executable path: sander
| Working directory: /home/steboss/Simulation/logP_standrews/inputfiles/boat/c_23difluoro/water/equilibration
|          Hostname: Unknown
  [-O]verwriting output

File Assignments:
|  MDIN: md00004.in                                                            
| MDOUT: md00004.out                                                           
|INPCRD: md00003.rst7                                                          
|  PARM: solvated.parm7                                                        
|RESTRT: md00004.rst7                                                          
|  REFC: solvated.rst7                                                         
| MDVEL: mdvel                                                                 
| MDFRC: mdfrc                                                                 
|  MDEN: md00004.en                                                            
| MDCRD: md00004.nc                                                            
|MDINFO: md00004.info                                                          
|  MTMD: mtmd                                                                  
|INPDIP: inpdip                                                                
|RSTDIP: rstdip                                                                
|INPTRA: inptraj                                                               


 Here is the input file:

md with sander                                                                 
&cntrl                                                                         
ntxo=1,                                                                        
imin = 0, nstlim = 15000, irest = 1, ntx = 5, dt = 0.002,                      
ntt = 1, temp0 = 298.0, tautp = 1.0,                                           
ntp = 1, pres0 = 1.0, taup = 0.5,                                              
ntb = 2,                                                                       
ntc = 2, ntf = 2,                                                              
ioutfm = 1, iwrap = 1,                                                         
ntwe = 3000, ntwx = 3000, ntpr = 1500,                                         
ntr = 1, restraint_wt = 10.00,                                                 
restraintmask="!:WAT,HOH,T3P,T4P",                                             
/                                                                              
                                                                               

--------------------------------------------------------------------------------
   1.  RESOURCE   USE: 
--------------------------------------------------------------------------------

| Flags:                                                                        
 getting new box info from bottom of inpcrd
|  INFO: Old style inpcrd file read

| peek_ewald_inpcrd: Box info found
|Largest sphere to fit in unit cell has radius =    17.340
| New format PARM file being parsed.
| Version =    1.000 Date = 03/27/17 Time = 12:51:04
 NATOM  =    3235 NTYPES =       8 NBONH =    3221 MBONA  =      15
 NTHETH =      34 MTHETA =      20 NPHIH =      68 MPHIA  =      40
 NHPARM =       0 NPARM  =       0 NNB   =    4442 NRES   =    1070
 NBONA  =      15 NTHETA =      20 NPHIA =      40 NUMBND =       9
 NUMANG =      11 NPTRA  =      12 NATYP =       8 NPHB   =       1
 IFBOX  =       1 NMXRS  =      28 IFCAP =       0 NEXTRA =       0
 NCOPY  =       0


|     Memory Use     Allocated
|     Real              313838
|     Hollerith          10777
|     Integer            98800
|     Max Pairs        1078333
|     nblistReal         38820
|     nblist Int        174272
|       Total             8076 kbytes

| Note: 1-4 EEL scale factors are being read from the topology file.

| Note: 1-4 VDW scale factors are being read from the topology file.
| Duplicated    0 dihedrals
| Duplicated    0 dihedrals

     BOX TYPE: RECTILINEAR

--------------------------------------------------------------------------------
   2.  CONTROL  DATA  FOR  THE  RUN
--------------------------------------------------------------------------------

LIG                                                                             

General flags:
     imin    =       0, nmropt  =       0

Nature and format of input:
     ntx     =       5, irest   =       1, ntrx    =       1

Nature and format of output:
     ntxo    =       1, ntpr    =    1500, ntrx    =       1, ntwr    =   15000
     iwrap   =       1, ntwx    =    3000, ntwv    =       0, ntwe    =    3000
     ioutfm  =       1, ntwprt  =       0, idecomp =       0, rbornstat=      0

Potential function:
     ntf     =       2, ntb     =       2, igb     =       0, nsnb    =      25
     ipol    =       0, gbsa    =       0, iesp    =       0
     dielc   =   1.00000, cut     =   8.00000, intdiel =   1.00000

Frozen or restrained atoms:
     ibelly  =       0, ntr     =       1
     restraint_wt =  10.00000

Molecular dynamics:
     nstlim  =     15000, nscm    =         0, nrespa  =         1
     t       =   0.00000, dt      =   0.00200, vlimit  =  20.00000

Berendsen (weak-coupling) temperature regulation:
     temp0   = 298.00000, tempi   =   0.00000, tautp   =   1.00000

Pressure regulation:
     ntp     =       1
     pres0   =   1.00000, comp    =  44.60000, taup    =   0.50000

SHAKE:
     ntc     =       2, jfastw  =       0
     tol     =   0.00001

Ewald parameters:
     verbose =       0, ew_type =       0, nbflag  =       1, use_pme =       1
     vdwmeth =       1, eedmeth =       1, netfrc  =       1
     Box X =   38.861   Box Y =   35.267   Box Z =   34.680
     Alpha =   90.000   Beta  =   90.000   Gamma =   90.000
     NFFT1 =   40       NFFT2 =   36       NFFT3 =   36
     Cutoff=    8.000   Tol   =0.100E-04
     Ewald Coefficient =  0.34864
     Interpolation order =    4

    LOADING THE CONSTRAINED ATOMS AS GROUPS


   5.  REFERENCE ATOM COORDINATES

  LIG 
     Mask !:WAT,HOH,T3P,T4P; matches    28 atoms

--------------------------------------------------------------------------------
   3.  ATOMIC COORDINATES AND VELOCITIES
--------------------------------------------------------------------------------

LIG                                                                             
 begin time read from input coords =    10.000 ps

 Number of triangulated 3-point waters found:     1069

     Sum of charges from parm topology file =   0.00000000
     Forcing neutrality...

--------------------------------------------------------------------------------
   4.  RESULTS
--------------------------------------------------------------------------------

|  # of SOLUTE  degrees of freedom (RNDFP):    6484.
|  # of SOLVENT degrees of freedom (RNDFS):       0.
|  NDFMIN =    6484.     NUM_NOSHAKE =      0     CORRECTED RNDFP =    6484.
|  TOTAL # of degrees of freedom (RNDF) =    6484.
 ---------------------------------------------------
 APPROXIMATING switch and d/dx switch using CUBIC SPLINE INTERPOLATION
 using   5000.0 points per unit in tabled values
 TESTING RELATIVE ERROR over r ranging from 0.0 to cutoff
| CHECK switch(x): max rel err =   0.2738E-14   at   2.422500
| CHECK d/dx switch(x): max rel err =   0.8332E-11   at   2.782960
 ---------------------------------------------------
| Local SIZE OF NONBOND LIST =     528650
| TOTAL SIZE OF NONBOND LIST =     528650

 NSTEP =     1500   TIME(PS) =      13.000  TEMP(K) =   299.17  PRESS =  -714.2
 Etot   =     -7971.4638  EKtot   =      1927.4117  EPtot      =     -9898.8755
 BOND   =         2.1231  ANGLE   =         7.0947  DIHED      =         8.4581
 1-4 NB =         9.6812  1-4 EEL =         3.5259  VDWAALS    =      1461.1686
 EELEC  =    -11394.7484  EHBOND  =         0.0000  RESTRAINT  =         3.8213
 EAMBER (non-restraint)  =     -9902.6968
 EKCMT  =       983.5238  VIRIAL  =      1635.5110  VOLUME     =     42282.6179
                                                    Density    =         0.7641
 Ewald error estimate:   0.1833E-03
 ------------------------------------------------------------------------------


 NSTEP =     3000   TIME(PS) =      16.000  TEMP(K) =   293.47  PRESS =   -38.8
 Etot   =     -8080.4412  EKtot   =      1890.6504  EPtot      =     -9971.0917
 BOND   =         4.8216  ANGLE   =         7.8716  DIHED      =        10.0002
 1-4 NB =         8.3473  1-4 EEL =         3.1652  VDWAALS    =      1549.4808
 EELEC  =    -11560.6805  EHBOND  =         0.0000  RESTRAINT  =         5.9023
 EAMBER (non-restraint)  =     -9976.9939
 EKCMT  =       957.2499  VIRIAL  =       988.6497  VOLUME     =     37485.1853
                                                    Density    =         0.8619
 Ewald error estimate:   0.3830E-03
 ------------------------------------------------------------------------------


 NSTEP =     4500   TIME(PS) =      19.000  TEMP(K) =   299.65  PRESS =  -560.3
 Etot   =     -8190.4859  EKtot   =      1930.4733  EPtot      =    -10120.9593
 BOND   =         3.2977  ANGLE   =         8.2529  DIHED      =        10.8624
 1-4 NB =         9.4224  1-4 EEL =         2.9774  VDWAALS    =      1458.0685
 EELEC  =    -11620.6484  EHBOND  =         0.0000  RESTRAINT  =         6.8079
 EAMBER (non-restraint)  =    -10127.7671
 EKCMT  =       974.5690  VIRIAL  =      1384.6233  VOLUME     =     33894.8073
                                                    Density    =         0.9532
 Ewald error estimate:   0.5566E-06
 ------------------------------------------------------------------------------


 NSTEP =     6000   TIME(PS) =      22.000  TEMP(K) =   299.24  PRESS =   411.9
 Etot   =     -8250.6483  EKtot   =      1927.8266  EPtot      =    -10178.4749
 BOND   =         4.9461  ANGLE   =         8.6534  DIHED      =        10.4694
 1-4 NB =         8.7137  1-4 EEL =         3.1081  VDWAALS    =      1587.2073
 EELEC  =    -11804.9245  EHBOND  =         0.0000  RESTRAINT  =         3.3515
 EAMBER (non-restraint)  =    -10181.8265
 EKCMT  =       964.0611  VIRIAL  =       671.1878  VOLUME     =     32934.4523
                                                    Density    =         0.9809
 Ewald error estimate:   0.1166E-03
 ------------------------------------------------------------------------------


 NSTEP =     7500   TIME(PS) =      25.000  TEMP(K) =   301.39  PRESS =  -172.1
 Etot   =     -8260.0262  EKtot   =      1941.7089  EPtot      =    -10201.7351
 BOND   =         2.2007  ANGLE   =        10.6492  DIHED      =         9.6388
 1-4 NB =        10.2862  1-4 EEL =         2.8934  VDWAALS    =      1519.0697
 EELEC  =    -11760.9594  EHBOND  =         0.0000  RESTRAINT  =         4.4863
 EAMBER (non-restraint)  =    -10206.2214
 EKCMT  =       945.5928  VIRIAL  =      1068.2612  VOLUME     =     33008.0261
                                                    Density    =         0.9788
 Ewald error estimate:   0.3195E-03
 ------------------------------------------------------------------------------


 NSTEP =     9000   TIME(PS) =      28.000  TEMP(K) =   294.75  PRESS =   -16.2
 Etot   =     -8264.2997  EKtot   =      1898.9192  EPtot      =    -10163.2189
 BOND   =         3.8804  ANGLE   =         8.5940  DIHED      =        10.0287
 1-4 NB =         8.0275  1-4 EEL =         3.3345  VDWAALS    =      1477.7334
 EELEC  =    -11682.6522  EHBOND  =         0.0000  RESTRAINT  =         7.8347
 EAMBER (non-restraint)  =    -10171.0537
 EKCMT  =       948.8537  VIRIAL  =       960.2710  VOLUME     =     32541.4446
                                                    Density    =         0.9928
 Ewald error estimate:   0.2471E-03
 ------------------------------------------------------------------------------


 NSTEP =    10500   TIME(PS) =      31.000  TEMP(K) =   295.29  PRESS =   -45.3
 Etot   =     -8276.4135  EKtot   =      1902.3950  EPtot      =    -10178.8086
 BOND   =         3.1331  ANGLE   =         8.9311  DIHED      =        10.7077
 1-4 NB =         9.7334  1-4 EEL =         3.2701  VDWAALS    =      1473.2359
 EELEC  =    -11693.2551  EHBOND  =         0.0000  RESTRAINT  =         5.4352
 EAMBER (non-restraint)  =    -10184.2438
 EKCMT  =       952.1448  VIRIAL  =       983.8908  VOLUME     =     32470.1918
                                                    Density    =         0.9950
 Ewald error estimate:   0.2826E-03
 ------------------------------------------------------------------------------


 NSTEP =    12000   TIME(PS) =      34.000  TEMP(K) =   297.08  PRESS =  -493.6
 Etot   =     -8279.7149  EKtot   =      1913.9479  EPtot      =    -10193.6628
 BOND   =         3.1928  ANGLE   =         7.5237  DIHED      =         8.5121
 1-4 NB =         9.2948  1-4 EEL =         3.4402  VDWAALS    =      1434.4462
 EELEC  =    -11665.7171  EHBOND  =         0.0000  RESTRAINT  =         5.6446
 EAMBER (non-restraint)  =    -10199.3074
 EKCMT  =       952.3327  VIRIAL  =      1300.7987  VOLUME     =     32693.7986
                                                    Density    =         0.9882
 Ewald error estimate:   0.1191E-03
 ------------------------------------------------------------------------------


 NSTEP =    13500   TIME(PS) =      37.000  TEMP(K) =   296.88  PRESS =  -282.1
 Etot   =     -8273.1896  EKtot   =      1912.6365  EPtot      =    -10185.8261
 BOND   =         2.7937  ANGLE   =         7.6744  DIHED      =        10.3040
 1-4 NB =        10.1065  1-4 EEL =         3.4672  VDWAALS    =      1485.4810
 EELEC  =    -11709.6056  EHBOND  =         0.0000  RESTRAINT  =         3.9527
 EAMBER (non-restraint)  =    -10189.7788
 EKCMT  =       932.3573  VIRIAL  =      1132.9728  VOLUME     =     32941.5483
                                                    Density    =         0.9807
 Ewald error estimate:   0.2356E-04
 ------------------------------------------------------------------------------


 NSTEP =    15000   TIME(PS) =      40.000  TEMP(K) =   294.20  PRESS =   305.2
 Etot   =     -8280.9495  EKtot   =      1895.4056  EPtot      =    -10176.3551
 BOND   =         4.6278  ANGLE   =         9.5964  DIHED      =         9.1081
 1-4 NB =         8.4873  1-4 EEL =         3.4001  VDWAALS    =      1549.9402
 EELEC  =    -11767.4638  EHBOND  =         0.0000  RESTRAINT  =         5.9489
 EAMBER (non-restraint)  =    -10182.3040
 EKCMT  =       927.4745  VIRIAL  =       712.6317  VOLUME     =     32600.7404
                                                    Density    =         0.9910
 Ewald error estimate:   0.4038E-03
 ------------------------------------------------------------------------------


      A V E R A G E S   O V E R   15000 S T E P S


 NSTEP =    15000   TIME(PS) =      40.000  TEMP(K) =   297.80  PRESS =  -139.9
 Etot   =     -8196.2757  EKtot   =      1918.5758  EPtot      =    -10114.8515
 BOND   =         3.7636  ANGLE   =         8.2261  DIHED      =         9.8364
 1-4 NB =         9.4405  1-4 EEL =         3.3867  VDWAALS    =      1513.2955
 EELEC  =    -11668.6746  EHBOND  =         0.0000  RESTRAINT  =         5.8743
 EAMBER (non-restraint)  =    -10120.7258
 EKCMT  =       956.9242  VIRIAL  =      1076.6060  VOLUME     =     34979.8328
                                                    Density    =         0.9337
 Ewald error estimate:   0.1611E-03
 ------------------------------------------------------------------------------


      R M S  F L U C T U A T I O N S


 NSTEP =    15000   TIME(PS) =      40.000  TEMP(K) =     4.26  PRESS =   309.2
 Etot   =       116.0736  EKtot   =        27.4558  EPtot      =       123.6444
 BOND   =         1.2996  ANGLE   =         1.5900  DIHED      =         1.0304
 1-4 NB =         0.8875  1-4 EEL =         0.2024  VDWAALS    =        39.4011
 EELEC  =       133.6399  EHBOND  =         0.0000  RESTRAINT  =         1.6474
 EAMBER (non-restraint)  =       121.9971
 EKCMT  =        21.1949  VIRIAL  =       250.2661  VOLUME     =      3970.3388
                                                    Density    =         0.0894
 Ewald error estimate:   0.1220E-03
 ------------------------------------------------------------------------------


--------------------------------------------------------------------------------
   5.  TIMINGS
--------------------------------------------------------------------------------

|                Build the list            35.89 (99.05% of List )
|                Other                      0.34 ( 0.95% of List )
|             List time                 36.23 ( 8.44% of Nonbo)
|                   Short_ene time           308.17 (99.11% of Direc)
|                   Other                      2.77 ( 0.89% of Direc)
|                Direct Ewald time        310.94 (79.17% of Ewald)
|                Adjust Ewald time          2.49 ( 0.63% of Ewald)
|                Self Ewald time            0.03 ( 0.01% of Ewald)
|                   Fill Bspline coeffs        2.98 ( 3.79% of Recip)
|                   Fill charge grid           8.03 (10.21% of Recip)
|                   Scalar sum                15.66 (19.90% of Recip)
|                   Grad sum                  18.08 (22.98% of Recip)
|                   FFT time                  33.89 (43.07% of Recip)
|                   Other                      0.03 ( 0.04% of Recip)
|                Recip Ewald time          78.67 (20.03% of Ewald)
|                Force Adjust               0.11 ( 0.03% of Ewald)
|                Virial junk                0.35 ( 0.09% of Ewald)
|                Other                      0.15 ( 0.04% of Ewald)
|             Ewald time               392.74 (91.54% of Nonbo)
|             Other                      0.05 ( 0.01% of Nonbo)
|          Nonbond force            429.03 (99.78% of Force)
|          Bond/Angle/Dihedral        0.81 ( 0.19% of Force)
|          Other                      0.12 ( 0.03% of Force)
|       Force time               429.96 (98.55% of Runmd)
|       Shake time                 2.52 ( 0.58% of Runmd)
|       Verlet update time         2.88 ( 0.66% of Runmd)
|       Ekcmr time                 0.44 ( 0.10% of Runmd)
|       Other                      0.48 ( 0.11% of Runmd)
|    Runmd Time               436.28 (100.0% of Total)
|    Other                      0.04 ( 0.01% of Total)
| Total time               436.32 (100.0% of ALL  )

| Number of list builds   :       1412

| Highest rstack allocated:     206399
| Highest istack allocated:       3235

| Final Performance Info:
| -----------------------------------------------------
| Average timings for all steps:
|     Elapsed(s) =     436.28 Per Step(ms) =      29.09
|         ns/day =       5.94   seconds/ns =   14542.63
| -----------------------------------------------------

|           Job began  at 12:52:46.426  on 03/27/2017
|           Setup done at 12:52:46.467  on 03/27/2017
|           Run   done at 13:00:02.746  on 03/27/2017
|     wallclock() was called  692847 times
