
          -------------------------------------------------------
          Amber 16 SANDER                              2016
          -------------------------------------------------------

| Run on 03/30/2017 at 12:10:46

|   Executable path: sander
| Working directory: /home/steboss/Simulation/logP_standrews/inputfiles/boat/c_23difluoro/water/equilibration
|          Hostname: Unknown
  [-O]verwriting output

File Assignments:
|  MDIN: md00003.in                                                            
| MDOUT: md00003.out                                                           
|INPCRD: md00002.rst7                                                          
|  PARM: solvated.parm7                                                        
|RESTRT: md00003.rst7                                                          
|  REFC: solvated.rst7                                                         
| MDVEL: mdvel                                                                 
| MDFRC: mdfrc                                                                 
|  MDEN: md00003.en                                                            
| MDCRD: md00003.nc                                                            
|MDINFO: md00003.info                                                          
|  MTMD: mtmd                                                                  
|INPDIP: inpdip                                                                
|RSTDIP: rstdip                                                                
|INPTRA: inptraj                                                               


 Here is the input file:

constant temperature                                                           
&cntrl                                                                         
ntxo=1,                                                                        
imin = 0, nstlim = 4000, irest = 1, ntx = 5, dt = 0.002,                       
ntt = 1, temp0 = 300.0, tautp = 1.0,                                           
ntb = 1,                                                                       
ntc = 2, ntf = 2,                                                              
ioutfm = 1, iwrap = 1,                                                         
ntwe = 800, ntwx = 800, ntpr = 400,                                            
ntr = 1, restraint_wt = 10.00,                                                 
restraintmask="!:WAT,HOH,T3P,T4P",                                             
/                                                                              
                                                                               

--------------------------------------------------------------------------------
   1.  RESOURCE   USE: 
--------------------------------------------------------------------------------

| Flags:                                                                        
 getting new box info from bottom of inpcrd
|  INFO: Old style inpcrd file read

| peek_ewald_inpcrd: Box info found
|Largest sphere to fit in unit cell has radius =    17.130
| New format PARM file being parsed.
| Version =    1.000 Date = 03/30/17 Time = 12:10:26
 NATOM  =    3286 NTYPES =       8 NBONH =    3272 MBONA  =      15
 NTHETH =      34 MTHETA =      20 NPHIH =      68 MPHIA  =      40
 NHPARM =       0 NPARM  =       0 NNB   =    4509 NRES   =    1087
 NBONA  =      15 NTHETA =      20 NPHIA =      40 NUMBND =       9
 NUMANG =      11 NPTRA  =      12 NATYP =       8 NPHB   =       1
 IFBOX  =       1 NMXRS  =      28 IFCAP =       0 NEXTRA =       0
 NCOPY  =       0


|     Memory Use     Allocated
|     Real              317408
|     Hollerith          10947
|     Integer            99950
|     Max Pairs        1095333
|     nblistReal         39432
|     nblist Int        175356
|       Total             8184 kbytes

| Note: 1-4 EEL scale factors are being read from the topology file.

| Note: 1-4 VDW scale factors are being read from the topology file.
| Duplicated    0 dihedrals
| Duplicated    0 dihedrals

     BOX TYPE: RECTILINEAR

--------------------------------------------------------------------------------
   2.  CONTROL  DATA  FOR  THE  RUN
--------------------------------------------------------------------------------

LIG                                                                             

General flags:
     imin    =       0, nmropt  =       0

Nature and format of input:
     ntx     =       5, irest   =       1, ntrx    =       1

Nature and format of output:
     ntxo    =       1, ntpr    =     400, ntrx    =       1, ntwr    =    4000
     iwrap   =       1, ntwx    =     800, ntwv    =       0, ntwe    =     800
     ioutfm  =       1, ntwprt  =       0, idecomp =       0, rbornstat=      0

Potential function:
     ntf     =       2, ntb     =       1, igb     =       0, nsnb    =      25
     ipol    =       0, gbsa    =       0, iesp    =       0
     dielc   =   1.00000, cut     =   8.00000, intdiel =   1.00000

Frozen or restrained atoms:
     ibelly  =       0, ntr     =       1
     restraint_wt =  10.00000

Molecular dynamics:
     nstlim  =      4000, nscm    =         0, nrespa  =         1
     t       =   0.00000, dt      =   0.00200, vlimit  =  20.00000

Berendsen (weak-coupling) temperature regulation:
     temp0   = 300.00000, tempi   =   0.00000, tautp   =   1.00000

SHAKE:
     ntc     =       2, jfastw  =       0
     tol     =   0.00001

Ewald parameters:
     verbose =       0, ew_type =       0, nbflag  =       1, use_pme =       1
     vdwmeth =       1, eedmeth =       1, netfrc  =       1
     Box X =   38.861   Box Y =   34.260   Box Z =   35.723
     Alpha =   90.000   Beta  =   90.000   Gamma =   90.000
     NFFT1 =   40       NFFT2 =   36       NFFT3 =   36
     Cutoff=    8.000   Tol   =0.100E-04
     Ewald Coefficient =  0.34864
     Interpolation order =    4

    LOADING THE CONSTRAINED ATOMS AS GROUPS


   5.  REFERENCE ATOM COORDINATES

  LIG 
     Mask !:WAT,HOH,T3P,T4P; matches    28 atoms

--------------------------------------------------------------------------------
   3.  ATOMIC COORDINATES AND VELOCITIES
--------------------------------------------------------------------------------

LIG                                                                             
 begin time read from input coords =     2.000 ps

 Number of triangulated 3-point waters found:     1086

     Sum of charges from parm topology file =  -0.00200000
     Forcing neutrality...

--------------------------------------------------------------------------------
   4.  RESULTS
--------------------------------------------------------------------------------

|  # of SOLUTE  degrees of freedom (RNDFP):    6586.
|  # of SOLVENT degrees of freedom (RNDFS):       0.
|  NDFMIN =    6586.     NUM_NOSHAKE =      0     CORRECTED RNDFP =    6586.
|  TOTAL # of degrees of freedom (RNDF) =    6586.
 ---------------------------------------------------
 APPROXIMATING switch and d/dx switch using CUBIC SPLINE INTERPOLATION
 using   5000.0 points per unit in tabled values
 TESTING RELATIVE ERROR over r ranging from 0.0 to cutoff
| CHECK switch(x): max rel err =   0.2738E-14   at   2.422500
| CHECK d/dx switch(x): max rel err =   0.8332E-11   at   2.782960
 ---------------------------------------------------
| Local SIZE OF NONBOND LIST =     540159
| TOTAL SIZE OF NONBOND LIST =     540159

 NSTEP =      400   TIME(PS) =       2.800  TEMP(K) =   206.21  PRESS =     0.0
 Etot   =     -9695.8962  EKtot   =      1349.4117  EPtot      =    -11045.3079
 BOND   =         1.1945  ANGLE   =         4.0877  DIHED      =        11.2245
 1-4 NB =        10.4651  1-4 EEL =         6.0608  VDWAALS    =      1964.4233
 EELEC  =    -13048.1247  EHBOND  =         0.0000  RESTRAINT  =         5.3609
 EAMBER (non-restraint)  =    -11050.6688
 Ewald error estimate:   0.6709E-04
 ------------------------------------------------------------------------------


 NSTEP =      800   TIME(PS) =       3.600  TEMP(K) =   236.31  PRESS =     0.0
 Etot   =     -9277.4764  EKtot   =      1546.3644  EPtot      =    -10823.8408
 BOND   =         2.1196  ANGLE   =         7.7705  DIHED      =         8.6716
 1-4 NB =         9.6924  1-4 EEL =         5.9617  VDWAALS    =      1876.7949
 EELEC  =    -12741.4053  EHBOND  =         0.0000  RESTRAINT  =         6.5538
 EAMBER (non-restraint)  =    -10830.3946
 Ewald error estimate:   0.3741E-04
 ------------------------------------------------------------------------------


 NSTEP =     1200   TIME(PS) =       4.400  TEMP(K) =   246.57  PRESS =     0.0
 Etot   =     -8969.7095  EKtot   =      1613.5213  EPtot      =    -10583.2308
 BOND   =         1.8585  ANGLE   =         8.8546  DIHED      =         9.1196
 1-4 NB =        10.4821  1-4 EEL =         5.9244  VDWAALS    =      1796.1394
 EELEC  =    -12420.6338  EHBOND  =         0.0000  RESTRAINT  =         5.0243
 EAMBER (non-restraint)  =    -10588.2551
 Ewald error estimate:   0.7672E-04
 ------------------------------------------------------------------------------


 NSTEP =     1600   TIME(PS) =       5.200  TEMP(K) =   260.12  PRESS =     0.0
 Etot   =     -8738.7215  EKtot   =      1702.2001  EPtot      =    -10440.9216
 BOND   =         3.8660  ANGLE   =         6.9417  DIHED      =         9.4929
 1-4 NB =        10.9963  1-4 EEL =         6.0519  VDWAALS    =      1684.2473
 EELEC  =    -12170.2276  EHBOND  =         0.0000  RESTRAINT  =         7.7099
 EAMBER (non-restraint)  =    -10448.6315
 Ewald error estimate:   0.3261E-03
 ------------------------------------------------------------------------------


 NSTEP =     2000   TIME(PS) =       6.000  TEMP(K) =   270.01  PRESS =     0.0
 Etot   =     -8548.6438  EKtot   =      1766.9239  EPtot      =    -10315.5677
 BOND   =         3.2534  ANGLE   =         5.6315  DIHED      =        10.1612
 1-4 NB =        10.5801  1-4 EEL =         5.8729  VDWAALS    =      1709.6443
 EELEC  =    -12069.5011  EHBOND  =         0.0000  RESTRAINT  =         8.7901
 EAMBER (non-restraint)  =    -10324.3577
 Ewald error estimate:   0.3696E-03
 ------------------------------------------------------------------------------


 NSTEP =     2400   TIME(PS) =       6.800  TEMP(K) =   265.72  PRESS =     0.0
 Etot   =     -8413.2088  EKtot   =      1738.8519  EPtot      =    -10152.0607
 BOND   =         3.3321  ANGLE   =         8.1735  DIHED      =         8.6958
 1-4 NB =        10.8174  1-4 EEL =         6.0546  VDWAALS    =      1592.9910
 EELEC  =    -11791.0377  EHBOND  =         0.0000  RESTRAINT  =         8.9125
 EAMBER (non-restraint)  =    -10160.9732
 Ewald error estimate:   0.2259E-03
 ------------------------------------------------------------------------------


 NSTEP =     2800   TIME(PS) =       7.600  TEMP(K) =   282.24  PRESS =     0.0
 Etot   =     -8296.8258  EKtot   =      1846.9073  EPtot      =    -10143.7331
 BOND   =         3.8915  ANGLE   =         9.2927  DIHED      =         8.7840
 1-4 NB =        10.6607  1-4 EEL =         6.0615  VDWAALS    =      1598.6532
 EELEC  =    -11786.3859  EHBOND  =         0.0000  RESTRAINT  =         5.3092
 EAMBER (non-restraint)  =    -10149.0423
 Ewald error estimate:   0.6142E-04
 ------------------------------------------------------------------------------


 NSTEP =     3200   TIME(PS) =       8.400  TEMP(K) =   281.77  PRESS =     0.0
 Etot   =     -8210.9568  EKtot   =      1843.8309  EPtot      =    -10054.7877
 BOND   =         3.7619  ANGLE   =         9.9223  DIHED      =         9.5579
 1-4 NB =         9.2384  1-4 EEL =         5.6120  VDWAALS    =      1589.4714
 EELEC  =    -11689.8992  EHBOND  =         0.0000  RESTRAINT  =         7.5475
 EAMBER (non-restraint)  =    -10062.3352
 Ewald error estimate:   0.1243E-03
 ------------------------------------------------------------------------------


 NSTEP =     3600   TIME(PS) =       9.200  TEMP(K) =   290.31  PRESS =     0.0
 Etot   =     -8146.1238  EKtot   =      1899.7145  EPtot      =    -10045.8383
 BOND   =         4.5695  ANGLE   =         7.4629  DIHED      =         8.2664
 1-4 NB =         9.3695  1-4 EEL =         5.7375  VDWAALS    =      1536.9788
 EELEC  =    -11626.6791  EHBOND  =         0.0000  RESTRAINT  =         8.4562
 EAMBER (non-restraint)  =    -10054.2946
 Ewald error estimate:   0.6639E-03
 ------------------------------------------------------------------------------


 NSTEP =     4000   TIME(PS) =      10.000  TEMP(K) =   293.32  PRESS =     0.0
 Etot   =     -8100.3686  EKtot   =      1919.4545  EPtot      =    -10019.8231
 BOND   =         3.5499  ANGLE   =         6.9373  DIHED      =         8.4785
 1-4 NB =         9.7794  1-4 EEL =         5.9265  VDWAALS    =      1492.5681
 EELEC  =    -11552.0069  EHBOND  =         0.0000  RESTRAINT  =         4.9441
 EAMBER (non-restraint)  =    -10024.7672
 Ewald error estimate:   0.3376E-04
 ------------------------------------------------------------------------------


      A V E R A G E S   O V E R    4000 S T E P S


 NSTEP =     4000   TIME(PS) =      10.000  TEMP(K) =   258.21  PRESS =     0.0
 Etot   =     -8743.2153  EKtot   =      1689.6578  EPtot      =    -10432.8731
 BOND   =         3.5295  ANGLE   =         7.3193  DIHED      =         8.9004
 1-4 NB =         9.9864  1-4 EEL =         5.9815  VDWAALS    =      1705.9373
 EELEC  =    -12180.9010  EHBOND  =         0.0000  RESTRAINT  =         6.3734
 EAMBER (non-restraint)  =    -10439.2465
 Ewald error estimate:   0.1666E-03
 ------------------------------------------------------------------------------


      R M S  F L U C T U A T I O N S


 NSTEP =     4000   TIME(PS) =      10.000  TEMP(K) =    32.22  PRESS =     0.0
 Etot   =       586.3178  EKtot   =       210.8746  EPtot      =       378.0969
 BOND   =         1.2743  ANGLE   =         1.7321  DIHED      =         0.6380
 1-4 NB =         0.9531  1-4 EEL =         0.2221  VDWAALS    =       156.7288
 EELEC  =       527.3509  EHBOND  =         0.0000  RESTRAINT  =         1.5302
 EAMBER (non-restraint)  =       376.5667
 Ewald error estimate:   0.1328E-03
 ------------------------------------------------------------------------------


--------------------------------------------------------------------------------
   5.  TIMINGS
--------------------------------------------------------------------------------

|    Read coords time           0.00 ( 0.01% of Total)
|                Build the list             5.48 (98.53% of List )
|                Other                      0.08 ( 1.47% of List )
|             List time                  5.56 ( 7.37% of Nonbo)
|                   Short_ene time            54.82 (99.20% of Direc)
|                   Other                      0.44 ( 0.80% of Direc)
|                Direct Ewald time         55.26 (79.04% of Ewald)
|                Adjust Ewald time          0.47 ( 0.68% of Ewald)
|                Self Ewald time            0.01 ( 0.01% of Ewald)
|                   Fill Bspline coeffs        0.51 ( 3.63% of Recip)
|                   Fill charge grid           1.42 (10.10% of Recip)
|                   Scalar sum                 2.95 (20.98% of Recip)
|                   Grad sum                   2.95 (20.97% of Recip)
|                   FFT time                   6.23 (44.28% of Recip)
|                   Other                      0.01 ( 0.04% of Recip)
|                Recip Ewald time          14.06 (20.11% of Ewald)
|                Force Adjust               0.01 ( 0.02% of Ewald)
|                Virial junk                0.07 ( 0.09% of Ewald)
|                Other                      0.03 ( 0.05% of Ewald)
|             Ewald time                69.92 (92.61% of Nonbo)
|             Other                      0.01 ( 0.02% of Nonbo)
|          Nonbond force             75.49 (99.77% of Force)
|          Bond/Angle/Dihedral        0.15 ( 0.20% of Force)
|          Other                      0.02 ( 0.03% of Force)
|       Force time                75.67 (98.67% of Runmd)
|       Shake time                 0.61 ( 0.80% of Runmd)
|       Verlet update time         0.35 ( 0.46% of Runmd)
|       Other                      0.05 ( 0.07% of Runmd)
|    Runmd Time                76.69 (100.0% of Total)
|    Other                      0.03 ( 0.04% of Total)
| Total time                76.73 (100.0% of ALL  )

| Number of list builds   :        338

| Highest rstack allocated:     207776
| Highest istack allocated:       3286

| Final Performance Info:
| -----------------------------------------------------
| Average timings for all steps:
|     Elapsed(s) =      76.69 Per Step(ms) =      19.17
|         ns/day =       9.01   seconds/ns =    9586.05
| -----------------------------------------------------

|           Job began  at 12:10:46.892  on 03/30/2017
|           Setup done at 12:10:46.930  on 03/30/2017
|           Run   done at 12:12:03.619  on 03/30/2017
|     wallclock() was called  176699 times
