
          -------------------------------------------------------
          Amber 16 SANDER                              2016
          -------------------------------------------------------

| Run on 03/27/2017 at 12:51:07

|   Executable path: sander
| Working directory: /home/steboss/Simulation/logP_standrews/inputfiles/boat/c_23difluoro/water/equilibration
|          Hostname: Unknown
  [-O]verwriting output

File Assignments:
|  MDIN: md00002.in                                                            
| MDOUT: md00002.out                                                           
|INPCRD: min00001.rst7                                                         
|  PARM: solvated.parm7                                                        
|RESTRT: md00002.rst7                                                          
|  REFC: solvated.rst7                                                         
| MDVEL: mdvel                                                                 
| MDFRC: mdfrc                                                                 
|  MDEN: md00002.en                                                            
| MDCRD: md00002.nc                                                            
|MDINFO: md00002.info                                                          
|  MTMD: mtmd                                                                  
|INPDIP: inpdip                                                                
|RSTDIP: rstdip                                                                
|INPTRA: inptraj                                                               


 Here is the input file:

heat the system                                                                
&cntrl                                                                         
ntxo=1,                                                                        
imin = 0, nstlim = 1000, irest = 0, ntx = 1, dt = 0.002,                       
nmropt = 1,                                                                    
ntt = 1, temp0 = 300.0, tempi = 5.0, tautp = 1.0,                              
ntb = 1, pres0 = 1.0,                                                          
ntc = 2, ntf = 2,                                                              
ioutfm = 1, iwrap = 1,                                                         
ntwe = 200, ntwx = 200, ntpr = 100,                                            
ntr = 1, restraint_wt = 10.00,                                                 
restraintmask="!:WAT,HOH,T3P,T4P",                                             
/                                                                              
                                                                               
&wt                                                                            
type = 'TEMP0',                                                                
istep1 = 0, istep2 = 1000,                                                     
value1 = 5.0, value2 = 300.0                                                   
/                                                                              
                                                                               
&wt type = 'END'                                                               
 /                                                                             
                                                                               

--------------------------------------------------------------------------------
   1.  RESOURCE   USE: 
--------------------------------------------------------------------------------

| Flags:                                                                        
 getting new box info from bottom of inpcrd
|  INFO: Old style inpcrd file read

| peek_ewald_inpcrd: Box info found
|Largest sphere to fit in unit cell has radius =    17.340
| New format PARM file being parsed.
| Version =    1.000 Date = 03/27/17 Time = 12:51:04
 NATOM  =    3235 NTYPES =       8 NBONH =    3221 MBONA  =      15
 NTHETH =      34 MTHETA =      20 NPHIH =      68 MPHIA  =      40
 NHPARM =       0 NPARM  =       0 NNB   =    4442 NRES   =    1070
 NBONA  =      15 NTHETA =      20 NPHIA =      40 NUMBND =       9
 NUMANG =      11 NPTRA  =      12 NATYP =       8 NPHB   =       1
 IFBOX  =       1 NMXRS  =      28 IFCAP =       0 NEXTRA =       0
 NCOPY  =       0


|     Memory Use     Allocated
|     Real              313867
|     Hollerith          10777
|     Integer            98845
|     Max Pairs        1078333
|     nblistReal         38820
|     nblist Int        174272
|       Total             8076 kbytes

| Note: 1-4 EEL scale factors are being read from the topology file.

| Note: 1-4 VDW scale factors are being read from the topology file.
| Duplicated    0 dihedrals
| Duplicated    0 dihedrals

     BOX TYPE: RECTILINEAR

--------------------------------------------------------------------------------
   2.  CONTROL  DATA  FOR  THE  RUN
--------------------------------------------------------------------------------

LIG                                                                             

General flags:
     imin    =       0, nmropt  =       1

Nature and format of input:
     ntx     =       1, irest   =       0, ntrx    =       1

Nature and format of output:
     ntxo    =       1, ntpr    =     100, ntrx    =       1, ntwr    =    1000
     iwrap   =       1, ntwx    =     200, ntwv    =       0, ntwe    =     200
     ioutfm  =       1, ntwprt  =       0, idecomp =       0, rbornstat=      0

Potential function:
     ntf     =       2, ntb     =       1, igb     =       0, nsnb    =      25
     ipol    =       0, gbsa    =       0, iesp    =       0
     dielc   =   1.00000, cut     =   8.00000, intdiel =   1.00000

Frozen or restrained atoms:
     ibelly  =       0, ntr     =       1
     restraint_wt =  10.00000

Molecular dynamics:
     nstlim  =      1000, nscm    =         0, nrespa  =         1
     t       =   0.00000, dt      =   0.00200, vlimit  =  20.00000

Berendsen (weak-coupling) temperature regulation:
     temp0   = 300.00000, tempi   =   5.00000, tautp   =   1.00000

SHAKE:
     ntc     =       2, jfastw  =       0
     tol     =   0.00001

NMR refinement options:
     iscale  =       0, noeskp  =       1, ipnlty  =       1, mxsub   =       1
     scalm   = 100.00000, pencut  =   0.10000, tausw   =   0.10000

Ewald parameters:
     verbose =       0, ew_type =       0, nbflag  =       1, use_pme =       1
     vdwmeth =       1, eedmeth =       1, netfrc  =       1
     Box X =   38.861   Box Y =   35.267   Box Z =   34.680
     Alpha =   90.000   Beta  =   90.000   Gamma =   90.000
     NFFT1 =   40       NFFT2 =   36       NFFT3 =   36
     Cutoff=    8.000   Tol   =0.100E-04
     Ewald Coefficient =  0.34864
     Interpolation order =    4

    LOADING THE CONSTRAINED ATOMS AS GROUPS


   5.  REFERENCE ATOM COORDINATES

  LIG 
     Mask !:WAT,HOH,T3P,T4P; matches    28 atoms

--------------------------------------------------------------------------------
   3.  ATOMIC COORDINATES AND VELOCITIES
--------------------------------------------------------------------------------

LIG                                                                             
 begin time read from input coords =     0.000 ps



           Begin reading energy term weight changes/NMR restraints
 WEIGHT CHANGES:
 TEMP0         0   1000    5.000000  300.000000      0      0

 RESTRAINTS:
                          ** No restraint defined **

                  Done reading weight changes/NMR restraints


 Number of triangulated 3-point waters found:     1069

     Sum of charges from parm topology file =   0.00000000
     Forcing neutrality...

--------------------------------------------------------------------------------
   4.  RESULTS
--------------------------------------------------------------------------------

|  # of SOLUTE  degrees of freedom (RNDFP):    6484.
|  # of SOLVENT degrees of freedom (RNDFS):       0.
|  NDFMIN =    6484.     NUM_NOSHAKE =      0     CORRECTED RNDFP =    6484.
|  TOTAL # of degrees of freedom (RNDF) =    6484.
 ---------------------------------------------------
 APPROXIMATING switch and d/dx switch using CUBIC SPLINE INTERPOLATION
 using   5000.0 points per unit in tabled values
 TESTING RELATIVE ERROR over r ranging from 0.0 to cutoff
| CHECK switch(x): max rel err =   0.2738E-14   at   2.422500
| CHECK d/dx switch(x): max rel err =   0.8332E-11   at   2.782960
 ---------------------------------------------------
| Local SIZE OF NONBOND LIST =     490226
| TOTAL SIZE OF NONBOND LIST =     490226

 NSTEP =        0   TIME(PS) =       0.000  TEMP(K) =     7.58  PRESS =     0.0
 Etot   =    -12016.7551  EKtot   =        48.8635  EPtot      =    -12065.6186
 BOND   =         1.8289  ANGLE   =         6.6479  DIHED      =         8.2558
 1-4 NB =         9.3192  1-4 EEL =         3.0827  VDWAALS    =      1672.2977
 EELEC  =    -13773.1919  EHBOND  =         0.0000  RESTRAINT  =         6.1413
 EAMBER (non-restraint)  =    -12071.7598
 Ewald error estimate:   0.6978E-04
 ------------------------------------------------------------------------------

 NMR restraints: Bond =    0.000   Angle =     0.000   Torsion =     0.000
===============================================================================

 NSTEP =      100   TIME(PS) =       0.200  TEMP(K) =    95.35  PRESS =     0.0
 Etot   =    -10586.2229  EKtot   =       614.2987  EPtot      =    -11200.5216
 BOND   =         1.3332  ANGLE   =         4.8910  DIHED      =         8.3134
 1-4 NB =         9.7406  1-4 EEL =         3.4441  VDWAALS    =      2072.5949
 EELEC  =    -13303.5779  EHBOND  =         0.0000  RESTRAINT  =         2.7391
 EAMBER (non-restraint)  =    -11203.2607
 Ewald error estimate:   0.9583E-04
 ------------------------------------------------------------------------------

 NMR restraints: Bond =    0.000   Angle =     0.000   Torsion =     0.000
===============================================================================

 NSTEP =      200   TIME(PS) =       0.400  TEMP(K) =   105.84  PRESS =     0.0
 Etot   =    -10653.0843  EKtot   =       681.8578  EPtot      =    -11334.9421
 BOND   =         1.7951  ANGLE   =         3.2266  DIHED      =         8.3934
 1-4 NB =         9.7820  1-4 EEL =         3.4632  VDWAALS    =      2258.7300
 EELEC  =    -13623.0440  EHBOND  =         0.0000  RESTRAINT  =         2.7117
 EAMBER (non-restraint)  =    -11337.6538
 Ewald error estimate:   0.1423E-03
 ------------------------------------------------------------------------------

 NMR restraints: Bond =    0.000   Angle =     0.000   Torsion =     0.000
===============================================================================

 NSTEP =      300   TIME(PS) =       0.600  TEMP(K) =   106.41  PRESS =     0.0
 Etot   =    -10689.9645  EKtot   =       685.5365  EPtot      =    -11375.5010
 BOND   =         1.5446  ANGLE   =         4.0144  DIHED      =         8.4061
 1-4 NB =         9.3021  1-4 EEL =         3.5494  VDWAALS    =      2274.8653
 EELEC  =    -13680.5156  EHBOND  =         0.0000  RESTRAINT  =         3.3328
 EAMBER (non-restraint)  =    -11378.8338
 Ewald error estimate:   0.1417E-03
 ------------------------------------------------------------------------------

 NMR restraints: Bond =    0.000   Angle =     0.000   Torsion =     0.000
===============================================================================

 NSTEP =      400   TIME(PS) =       0.800  TEMP(K) =   111.94  PRESS =     0.0
 Etot   =    -10693.2388  EKtot   =       721.1799  EPtot      =    -11414.4188
 BOND   =         1.8159  ANGLE   =         3.0177  DIHED      =         8.4353
 1-4 NB =         9.7837  1-4 EEL =         3.3591  VDWAALS    =      2363.9743
 EELEC  =    -13808.1552  EHBOND  =         0.0000  RESTRAINT  =         3.3505
 EAMBER (non-restraint)  =    -11417.7692
 Ewald error estimate:   0.4730E-03
 ------------------------------------------------------------------------------

 NMR restraints: Bond =    0.000   Angle =     0.000   Torsion =     0.000
===============================================================================

 NSTEP =      500   TIME(PS) =       1.000  TEMP(K) =   114.93  PRESS =     0.0
 Etot   =    -10660.8289  EKtot   =       740.4249  EPtot      =    -11401.2538
 BOND   =         1.9459  ANGLE   =         3.0342  DIHED      =         8.5061
 1-4 NB =         9.3005  1-4 EEL =         3.2083  VDWAALS    =      2266.4189
 EELEC  =    -13696.5037  EHBOND  =         0.0000  RESTRAINT  =         2.8361
 EAMBER (non-restraint)  =    -11404.0899
 Ewald error estimate:   0.1316E-03
 ------------------------------------------------------------------------------

 NMR restraints: Bond =    0.000   Angle =     0.000   Torsion =     0.000
===============================================================================

 NSTEP =      600   TIME(PS) =       1.200  TEMP(K) =   127.52  PRESS =     0.0
 Etot   =    -10600.8868  EKtot   =       821.5400  EPtot      =    -11422.4268
 BOND   =         2.2347  ANGLE   =         3.5335  DIHED      =         8.2722
 1-4 NB =         9.1132  1-4 EEL =         3.2468  VDWAALS    =      2134.1534
 EELEC  =    -13586.0363  EHBOND  =         0.0000  RESTRAINT  =         3.0556
 EAMBER (non-restraint)  =    -11425.4824
 Ewald error estimate:   0.2327E-03
 ------------------------------------------------------------------------------

 NMR restraints: Bond =    0.000   Angle =     0.000   Torsion =     0.000
===============================================================================

 NSTEP =      700   TIME(PS) =       1.400  TEMP(K) =   133.98  PRESS =     0.0
 Etot   =    -10512.4502  EKtot   =       863.1539  EPtot      =    -11375.6042
 BOND   =         2.9867  ANGLE   =         3.3837  DIHED      =         8.2875
 1-4 NB =         9.7672  1-4 EEL =         3.4750  VDWAALS    =      2106.2791
 EELEC  =    -13511.4377  EHBOND  =         0.0000  RESTRAINT  =         1.6544
 EAMBER (non-restraint)  =    -11377.2586
 Ewald error estimate:   0.1159E-03
 ------------------------------------------------------------------------------

 NMR restraints: Bond =    0.000   Angle =     0.000   Torsion =     0.000
===============================================================================

 NSTEP =      800   TIME(PS) =       1.600  TEMP(K) =   143.46  PRESS =     0.0
 Etot   =    -10399.9068  EKtot   =       924.2128  EPtot      =    -11324.1196
 BOND   =         1.5861  ANGLE   =         3.5118  DIHED      =         7.9974
 1-4 NB =        10.2133  1-4 EEL =         3.4624  VDWAALS    =      2062.0448
 EELEC  =    -13415.7215  EHBOND  =         0.0000  RESTRAINT  =         2.7860
 EAMBER (non-restraint)  =    -11326.9056
 Ewald error estimate:   0.4552E-04
 ------------------------------------------------------------------------------

 NMR restraints: Bond =    0.000   Angle =     0.000   Torsion =     0.000
===============================================================================

 NSTEP =      900   TIME(PS) =       1.800  TEMP(K) =   154.92  PRESS =     0.0
 Etot   =    -10264.4828  EKtot   =       998.0766  EPtot      =    -11262.5593
 BOND   =         1.9400  ANGLE   =         4.0306  DIHED      =         8.4356
 1-4 NB =         9.1058  1-4 EEL =         3.2715  VDWAALS    =      2065.8338
 EELEC  =    -13357.6211  EHBOND  =         0.0000  RESTRAINT  =         2.4444
 EAMBER (non-restraint)  =    -11265.0037
 Ewald error estimate:   0.3546E-03
 ------------------------------------------------------------------------------

 NMR restraints: Bond =    0.000   Angle =     0.000   Torsion =     0.000
===============================================================================

 NSTEP =     1000   TIME(PS) =       2.000  TEMP(K) =   166.68  PRESS =     0.0
 Etot   =    -10104.3180  EKtot   =      1073.8346  EPtot      =    -11178.1527
 BOND   =         1.8395  ANGLE   =         4.3348  DIHED      =         8.1957
 1-4 NB =         9.5923  1-4 EEL =         3.1389  VDWAALS    =      1999.4073
 EELEC  =    -13207.2417  EHBOND  =         0.0000  RESTRAINT  =         2.5805
 EAMBER (non-restraint)  =    -11180.7331
 Ewald error estimate:   0.3115E-03
 ------------------------------------------------------------------------------

 NMR restraints: Bond =    0.000   Angle =     0.000   Torsion =     0.000
===============================================================================

      A V E R A G E S   O V E R    1000 S T E P S


 NSTEP =     1000   TIME(PS) =       2.000  TEMP(K) =   118.20  PRESS =     0.0
 Etot   =    -10539.9096  EKtot   =       761.5114  EPtot      =    -11301.4210
 BOND   =         1.7386  ANGLE   =         3.8494  DIHED      =         8.1995
 1-4 NB =         9.1108  1-4 EEL =         3.3716  VDWAALS    =      2138.5971
 EELEC  =    -13469.0175  EHBOND  =         0.0000  RESTRAINT  =         2.7293
 EAMBER (non-restraint)  =    -11304.1504
 Ewald error estimate:   0.1972E-03
 ------------------------------------------------------------------------------

 NMR restraints: Bond =    0.000   Angle =     0.000   Torsion =     0.000
===============================================================================

      R M S  F L U C T U A T I O N S


 NSTEP =     1000   TIME(PS) =       2.000  TEMP(K) =    28.47  PRESS =     0.0
 Etot   =       164.0497  EKtot   =       183.4424  EPtot      =       152.5596
 BOND   =         0.6057  ANGLE   =         0.6883  DIHED      =         0.2070
 1-4 NB =         0.5584  1-4 EEL =         0.1225  VDWAALS    =       180.3332
 EELEC  =       315.7339  EHBOND  =         0.0000  RESTRAINT  =         0.6452
 EAMBER (non-restraint)  =       151.9144
 Ewald error estimate:   0.1324E-03
 ------------------------------------------------------------------------------


 NMR restraints on final step:


--------------------------------------------------------------------------------
   5.  TIMINGS
--------------------------------------------------------------------------------

|    Read coords time           0.00 ( 0.02% of Total)
|                Build the list             0.91 (96.99% of List )
|                Other                      0.03 ( 3.01% of List )
|             List time                  0.94 ( 5.29% of Nonbo)
|                   Short_ene time            12.99 (99.15% of Direc)
|                   Other                      0.11 ( 0.85% of Direc)
|                Direct Ewald time         13.10 (78.17% of Ewald)
|                Adjust Ewald time          0.12 ( 0.70% of Ewald)
|                Self Ewald time            0.00 ( 0.01% of Ewald)
|                   Fill Bspline coeffs        0.13 ( 3.60% of Recip)
|                   Fill charge grid           0.35 ( 9.97% of Recip)
|                   Scalar sum                 0.74 (21.14% of Recip)
|                   Grad sum                   0.72 (20.53% of Recip)
|                   FFT time                   1.57 (44.72% of Recip)
|                   Other                      0.00 ( 0.04% of Recip)
|                Recip Ewald time           3.51 (20.95% of Ewald)
|                Force Adjust               0.00 ( 0.02% of Ewald)
|                Virial junk                0.02 ( 0.10% of Ewald)
|                Other                      0.01 ( 0.05% of Ewald)
|             Ewald time                16.76 (94.68% of Nonbo)
|             Other                      0.00 ( 0.02% of Nonbo)
|          Nonbond force             17.70 (99.72% of Force)
|          Bond/Angle/Dihedral        0.04 ( 0.23% of Force)
|          Other                      0.01 ( 0.05% of Force)
|       Force time                17.75 (98.53% of Runmd)
|       Shake time                 0.15 ( 0.84% of Runmd)
|       Verlet update time         0.10 ( 0.55% of Runmd)
|       Other                      0.02 ( 0.08% of Runmd)
|    Runmd Time                18.01 (99.85% of Total)
|    Other                      0.02 ( 0.13% of Total)
| Total time                18.04 (100.0% of ALL  )

| Number of list builds   :         59

| Highest rstack allocated:     206399
| Highest istack allocated:       3235

| Final Performance Info:
| -----------------------------------------------------
| Average timings for all steps:
|     Elapsed(s) =      18.01 Per Step(ms) =      18.01
|         ns/day =       9.59   seconds/ns =    9006.77
| -----------------------------------------------------

|           Job began  at 12:51:07.178  on 03/27/2017
|           Setup done at 12:51:07.205  on 03/27/2017
|           Run   done at 12:51:25.219  on 03/27/2017
|     wallclock() was called   44179 times
