
          -------------------------------------------------------
          Amber 16 SANDER                              2016
          -------------------------------------------------------

| Run on 03/30/2017 at 12:10:26

|   Executable path: sander
| Working directory: /home/steboss/Simulation/logP_standrews/inputfiles/boat/c_23difluoro/water/equilibration
|          Hostname: Unknown
  [-O]verwriting output

File Assignments:
|  MDIN: min00001.in                                                           
| MDOUT: min00001.out                                                          
|INPCRD: solvated.rst7                                                         
|  PARM: solvated.parm7                                                        
|RESTRT: min00001.rst7                                                         
|  REFC: solvated.rst7                                                         
| MDVEL: mdvel                                                                 
| MDFRC: mdfrc                                                                 
|  MDEN: min00001.en                                                           
| MDCRD: min00001.nc                                                           
|MDINFO: min00001.info                                                         
|  MTMD: mtmd                                                                  
|INPDIP: inpdip                                                                
|RSTDIP: rstdip                                                                
|INPTRA: inptraj                                                               


 Here is the input file:

                                                                               
Minimise whole system                                                          
&cntrl                                                                         
ntxo=1,                                                                        
imin = 1, ntmin = 1,                                                           
maxcyc = 100, ncyc = 10,                                                       
ntpr = 20, ntwe = 20,                                                          
dx0 = 1.0D-7,                                                                  
ntb = 1,                                                                       
ntr = 1, restraint_wt = 10.00,                                                 
restraintmask="!:WAT,HOH,T3P,T4P,CLP,MOL,LIG",                                 
/                                                                              

--------------------------------------------------------------------------------
   1.  RESOURCE   USE: 
--------------------------------------------------------------------------------

| Flags:                                                                        
 getting new box info from bottom of inpcrd
|  INFO: Old style inpcrd file read

| peek_ewald_inpcrd: Box info found
|Largest sphere to fit in unit cell has radius =    17.130
| New format PARM file being parsed.
| Version =    1.000 Date = 03/30/17 Time = 12:10:26
 NATOM  =    3286 NTYPES =       8 NBONH =    3272 MBONA  =      15
 NTHETH =      34 MTHETA =      20 NPHIH =      68 MPHIA  =      40
 NHPARM =       0 NPARM  =       0 NNB   =    4509 NRES   =    1087
 NBONA  =      15 NTHETA =      20 NPHIA =      40 NUMBND =       9
 NUMANG =      11 NPTRA  =      12 NATYP =       8 NPHB   =       1
 IFBOX  =       1 NMXRS  =      28 IFCAP =       0 NEXTRA =       0
 NCOPY  =       0


|     Memory Use     Allocated
|     Real              357040
|     Hollerith          10947
|     Integer            99950
|     Max Pairs        1095333
|     nblistReal         39432
|     nblist Int        175356
|       Total             8494 kbytes

| Note: 1-4 EEL scale factors are being read from the topology file.

| Note: 1-4 VDW scale factors are being read from the topology file.
| Duplicated    0 dihedrals
| Duplicated    0 dihedrals

     BOX TYPE: RECTILINEAR

--------------------------------------------------------------------------------
   2.  CONTROL  DATA  FOR  THE  RUN
--------------------------------------------------------------------------------

LIG                                                                             

General flags:
     imin    =       1, nmropt  =       0

Nature and format of input:
     ntx     =       1, irest   =       0, ntrx    =       1

Nature and format of output:
     ntxo    =       1, ntpr    =      20, ntrx    =       1, ntwr    =       1
     iwrap   =       0, ntwx    =       0, ntwv    =       0, ntwe    =      20
     ioutfm  =       1, ntwprt  =       0, idecomp =       0, rbornstat=      0

Potential function:
     ntf     =       1, ntb     =       1, igb     =       0, nsnb    =      25
     ipol    =       0, gbsa    =       0, iesp    =       0
     dielc   =   1.00000, cut     =   8.00000, intdiel =   1.00000

Frozen or restrained atoms:
     ibelly  =       0, ntr     =       1
     restraint_wt =  10.00000

Energy minimization:
     maxcyc  =     100, ncyc    =      10, ntmin   =       1
     dx0     =   0.00000, drms    =   0.00010

Ewald parameters:
     verbose =       0, ew_type =       0, nbflag  =       1, use_pme =       1
     vdwmeth =       1, eedmeth =       1, netfrc  =       0
     Box X =   38.861   Box Y =   34.260   Box Z =   35.723
     Alpha =   90.000   Beta  =   90.000   Gamma =   90.000
     NFFT1 =   40       NFFT2 =   36       NFFT3 =   36
     Cutoff=    8.000   Tol   =0.100E-04
     Ewald Coefficient =  0.34864
     Interpolation order =    4

    LOADING THE CONSTRAINED ATOMS AS GROUPS


   5.  REFERENCE ATOM COORDINATES

  LIG 
     Mask !:WAT,HOH,T3P,T4P,CLP,MOL,LIG; matches     0 atoms

--------------------------------------------------------------------------------
   3.  ATOMIC COORDINATES AND VELOCITIES
--------------------------------------------------------------------------------

LIG                                                                             
 begin time read from input coords =     0.000 ps

 Number of triangulated 3-point waters found:     1086

     Sum of charges from parm topology file =  -0.00200000
     Forcing neutrality...

--------------------------------------------------------------------------------
   4.  RESULTS
--------------------------------------------------------------------------------

 ---------------------------------------------------
 APPROXIMATING switch and d/dx switch using CUBIC SPLINE INTERPOLATION
 using   5000.0 points per unit in tabled values
 TESTING RELATIVE ERROR over r ranging from 0.0 to cutoff
| CHECK switch(x): max rel err =   0.2738E-14   at   2.422500
| CHECK d/dx switch(x): max rel err =   0.8332E-11   at   2.782960
 ---------------------------------------------------
| Local SIZE OF NONBOND LIST =     500820
| TOTAL SIZE OF NONBOND LIST =     500820


   NSTEP       ENERGY          RMS            GMAX         NAME    NUMBER
      1      -8.6978E+03     1.2045E+01     9.8835E+01     H13        27

 BOND    =        1.5058  ANGLE   =        1.0294  DIHED      =        7.2920
 VDWAALS =     1104.6411  EEL     =    -9829.9685  HBOND      =        0.0000
 1-4 VDW =       11.7653  1-4 EEL =        5.9799  RESTRAINT  =        0.0000


   NSTEP       ENERGY          RMS            GMAX         NAME    NUMBER
     20      -9.9008E+03     9.0634E+00     6.5040E+01     C2          2

 BOND    =     1258.5909  ANGLE   =        8.0241  DIHED      =        7.9969
 VDWAALS =     1102.8378  EEL     =   -12295.0201  HBOND      =        0.0000
 1-4 VDW =       10.4880  1-4 EEL =        6.2919  RESTRAINT  =        0.0000


   NSTEP       ENERGY          RMS            GMAX         NAME    NUMBER
     40      -1.0575E+04     2.6892E+00     3.9326E+01     H13        27

 BOND    =      499.5555  ANGLE   =        5.2817  DIHED      =        7.5904
 VDWAALS =     1095.1985  EEL     =   -12196.6450  HBOND      =        0.0000
 1-4 VDW =        8.3895  1-4 EEL =        5.6099  RESTRAINT  =        0.0000


   NSTEP       ENERGY          RMS            GMAX         NAME    NUMBER
     60      -1.1045E+04     1.7272E+00     2.6959E+01     C12        12

 BOND    =      694.7748  ANGLE   =        3.4167  DIHED      =        7.5844
 VDWAALS =     1333.7351  EEL     =   -13098.5552  HBOND      =        0.0000
 1-4 VDW =        8.2302  1-4 EEL =        5.8060  RESTRAINT  =        0.0000


   NSTEP       ENERGY          RMS            GMAX         NAME    NUMBER
     80      -1.1307E+04     2.7146E+00     5.1511E+01     C5          5

 BOND    =      774.0776  ANGLE   =       11.8903  DIHED      =        8.4795
 VDWAALS =     1492.8466  EEL     =   -13611.4850  HBOND      =        0.0000
 1-4 VDW =       10.4309  1-4 EEL =        6.4462  RESTRAINT  =        0.0000


   NSTEP       ENERGY          RMS            GMAX         NAME    NUMBER
    100      -1.1504E+04     2.1164E+00     3.3266E+01     C1          1

 BOND    =      755.6001  ANGLE   =        6.0232  DIHED      =        7.9817
 VDWAALS =     1701.1949  EEL     =   -13988.9662  HBOND      =        0.0000
 1-4 VDW =        8.3829  1-4 EEL =        5.5089  RESTRAINT  =        0.0000


  Maximum number of minimization cycles reached.


                    FINAL RESULTS



   NSTEP       ENERGY          RMS            GMAX         NAME    NUMBER
    100      -1.1504E+04     2.1164E+00     3.3266E+01     C1          1

 BOND    =      755.6001  ANGLE   =        6.0232  DIHED      =        7.9817
 VDWAALS =     1701.1949  EEL     =   -13988.9662  HBOND      =        0.0000
 1-4 VDW =        8.3829  1-4 EEL =        5.5089  RESTRAINT  =        0.0000

--------------------------------------------------------------------------------
   5.  TIMINGS
--------------------------------------------------------------------------------

|    Read coords time           0.00 ( 0.11% of Total)
|                Build the list             0.03 (73.58% of List )
|                Other                      0.01 (26.42% of List )
|             List time                  0.04 ( 2.63% of Nonbo)
|                   Short_ene time             1.25 (99.15% of Direc)
|                   Other                      0.01 ( 0.85% of Direc)
|                Direct Ewald time          1.26 (77.32% of Ewald)
|                Adjust Ewald time          0.01 ( 0.74% of Ewald)
|                Self Ewald time            0.00 ( 0.01% of Ewald)
|                   Fill Bspline coeffs        0.01 ( 3.79% of Recip)
|                   Fill charge grid           0.04 (10.02% of Recip)
|                   Scalar sum                 0.07 (20.99% of Recip)
|                   Grad sum                   0.07 (20.61% of Recip)
|                   FFT time                   0.16 (44.56% of Recip)
|                   Other                      0.00 ( 0.04% of Recip)
|                Recip Ewald time           0.36 (21.77% of Ewald)
|                Virial junk                0.00 ( 0.10% of Ewald)
|                Other                      0.00 ( 0.05% of Ewald)
|             Ewald time                 1.63 (97.35% of Nonbo)
|             Other                      0.00 ( 0.02% of Nonbo)
|          Nonbond force              1.68 (99.46% of Force)
|          Bond/Angle/Dihedral        0.01 ( 0.49% of Force)
|          Other                      0.00 ( 0.05% of Force)
|       Force time                 1.68 (100.0% of Runmd)
|    Runmd Time                 1.68 (73.88% of Total)
|    Other                      0.59 (26.01% of Total)
| Total time                 2.28 (100.0% of ALL  )

| Number of list builds   :          2

| Highest rstack allocated:     207776
| Highest istack allocated:       3286
|           Job began  at 12:10:26.360  on 03/30/2017
|           Setup done at 12:10:26.389  on 03/30/2017
|           Run   done at 12:10:28.641  on 03/30/2017
|     wallclock() was called    3852 times
