            --------------------------------------------------------
                             AMBER SQM VERSION 14
 
                                     By
              Ross C. Walker, Michael F. Crowley, Scott Brozell,
                         Tim Giese, Andreas W. Goetz,
                        Tai-Sung Lee and David A. Case
 
            --------------------------------------------------------
 

--------------------------------------------------------------------------------
  QM CALCULATION INFO
--------------------------------------------------------------------------------

| QMMM: Citation for AMBER QMMM Run:
| QMMM: R.C. Walker, M.F. Crowley and D.A. Case, J. COMP. CHEM. 29:1019, 2008

QMMM: SINGLET STATE CALCULATION
QMMM: RHF CALCULATION, NO. OF DOUBLY OCCUPIED LEVELS = 41

| QMMM: *** Selected Hamiltonian *** 
| QMMM: AM1         

| QMMM: *** Parameter sets in use ***
| QMMM: C : M.J.S.DEWAR et al. JACS, 107, 3902, (1985)
| QMMM: F : M.J.S.DEWAR et al. THEOCHEM, 180, 1, (1988)
| QMMM: H : M.J.S.DEWAR et al. JACS, 107, 3902, (1985)

| QMMM: *** SCF convergence criteria ***
| QMMM: Energy change                :  0.1D-09 kcal/mol
| QMMM: Error matrix |FP-PF|         :  0.1D+00 au
| QMMM: Density matrix change        :  0.5D-06
| QMMM: Maximum number of SCF cycles :     1000

| QMMM: *** Diagonalization Routine Information ***
| QMMM: Pseudo diagonalizations are allowed.
| QMMM: Auto diagonalization routine selection is in use.
| QMMM:
| QMMM: Timing diagonalization routines:
| QMMM:                              norbs =       73
| QMMM:    diag iterations used for timing =       15
| QMMM:
| QMMM:              Internal diag routine = 0.014560 seconds
| QMMM:                 Dspev diag routine = 0.017266 seconds
| QMMM:                Dspevd diag routine = 0.013381 seconds
| QMMM:                Dspevx diag routine = 0.051463 seconds
| QMMM:                 Dsyev diag routine = 0.018919 seconds
| QMMM:                Dsyevd diag routine = 0.015966 seconds
| QMMM:                Dsyevr diag routine = 0.016139 seconds
| QMMM:
| QMMM:                Pseudo diag routine = 0.005763 seconds
| QMMM:
| QMMM: Using dspevd routine (diag_routine=3).

  QMMM: QM Region Cartesian Coordinates (*=link atom) 
  QMMM: QM_NO.   MM_NO.  ATOM         X         Y         Z
  QMMM:     1        1      C        1.7900    1.6660    1.0440
  QMMM:     2        2      C        0.3260    1.7820    0.5460
  QMMM:     3        3      C       -0.5940    2.2120    1.7170
  QMMM:     4        4      C       -0.4580    1.2950    2.9480
  QMMM:     5        5      C        1.0010    1.1810    3.4090
  QMMM:     6        6      C        1.8910    0.7120    2.2490
  QMMM:     7        7      F        2.2420    2.8690    1.4150
  QMMM:     8        8      F       -0.2940    3.5100    2.0760
  QMMM:     9        9      F        3.1570    0.5990    2.6560
  QMMM:    10       10      C       -0.3360    4.3000   -2.9660
  QMMM:    11       11      C       -1.4040    3.6060   -2.3700
  QMMM:    12       12      C       -1.1720    2.7890   -1.2470
  QMMM:    13       13      C        0.1240    2.6670   -0.6930
  QMMM:    14       14      C        1.1920    3.3590   -1.3130
  QMMM:    15       15      C        0.9630    4.1670   -2.4420
  QMMM:    16       16      H        2.4390    1.3110    0.2440
  QMMM:    17       17      H        0.0180    0.7820    0.2330
  QMMM:    18       18      H       -1.6380    2.2160    1.4060
  QMMM:    19       19      H       -1.0770    1.6740    3.7610
  QMMM:    20       20      H       -0.8440    0.3030    2.7110
  QMMM:    21       21      H        1.3470    2.1480    3.7800
  QMMM:    22       22      H        1.0760    0.4860    4.2440
  QMMM:    23       23      H        1.5880   -0.2910    1.9440
  QMMM:    24       24      H       -0.5080    4.9300   -3.8260
  QMMM:    25       25      H       -2.4020    3.7000   -2.7770
  QMMM:    26       26      H       -2.0070    2.2590   -0.8120
  QMMM:    27       27      H        2.2020    3.2940   -0.9410
  QMMM:    28       28      H        1.7900    4.6890   -2.9030

--------------------------------------------------------------------------------
  RESULTS
--------------------------------------------------------------------------------

      iter         sqm energy              rms gradient
      ----    -------------------    -----------------------
xmin    10     -136.6368 kcal/mol        1.6763 kcal/(mol*A)
xmin    20     -137.0425 kcal/mol        0.3362 kcal/(mol*A)
xmin    30     -137.1738 kcal/mol        0.5239 kcal/(mol*A)
xmin    40     -137.2071 kcal/mol        0.0830 kcal/(mol*A)
xmin    50     -137.2171 kcal/mol        0.2361 kcal/(mol*A)
xmin    60     -137.2298 kcal/mol        0.0476 kcal/(mol*A)
xmin    70     -137.2489 kcal/mol        0.2347 kcal/(mol*A)
xmin    80     -137.2688 kcal/mol        0.0763 kcal/(mol*A)
xmin    90     -137.2247 kcal/mol        0.6256 kcal/(mol*A)
xmin   100     -137.2524 kcal/mol        0.1197 kcal/(mol*A)
xmin   110     -137.2926 kcal/mol        0.0679 kcal/(mol*A)
xmin   120     -137.3309 kcal/mol        0.1463 kcal/(mol*A)
xmin   130     -137.6085 kcal/mol        0.2484 kcal/(mol*A)
xmin   140     -137.9380 kcal/mol        0.7153 kcal/(mol*A)
xmin   150     -138.0697 kcal/mol        0.2847 kcal/(mol*A)
xmin   160     -138.0773 kcal/mol        0.0363 kcal/(mol*A)
xmin   170     -138.0780 kcal/mol        0.0068 kcal/(mol*A)
xmin   180     -138.0781 kcal/mol        0.0080 kcal/(mol*A)
xmin   190     -138.0781 kcal/mol        0.0025 kcal/(mol*A)
xmin   200     -138.0781 kcal/mol        0.0009 kcal/(mol*A)
  ... geometry converged !
 
 Final MO eigenvalues (eV):
 -49.4712  -48.7892  -48.3202  -39.8168  -37.6400  -33.6579  -31.5206  -30.6414
 -29.5865  -24.6927  -23.8753  -23.3952  -22.1113  -20.8363  -18.3912  -17.7142
 -17.4946  -17.2200  -16.9742  -16.6376  -16.2090  -15.9396  -15.7010  -15.4950
 -14.7815  -14.4316  -14.2317  -14.0406  -13.8333  -13.6015  -13.3420  -12.9180
 -12.7380  -12.2775  -12.1381  -11.9161  -11.8078  -11.4366  -11.0442   -9.7683
  -9.6241    0.2550    0.4641    2.5782    2.7377    2.8875    3.0778    3.1189
   3.1693    3.3403    3.4255    3.6002    3.6550    3.7568    3.8597    3.9202
   3.9731    4.0047    4.0803    4.3277    4.4060    4.4316    4.4765    4.5377
   4.5759    4.8710    4.9468    4.9491    5.0650    5.4505    5.4972    5.6085
   5.9882

 Heat of formation   =       -138.07812218 kcal/mol  (       -5.98751668 eV)

 Total SCF energy    =     -73139.22887069 kcal/mol  (    -3171.55495732 eV)
 Electronic energy   =    -390366.14301358 kcal/mol  (   -16927.54620414 eV)
 Core-core repulsion =     317226.91414289 kcal/mol  (    13755.99124682 eV)
 
    Atomic Charges for Step       1 :
  Atom    Element       Mulliken Charge
     1      C                  0.047
     2      C                 -0.116
     3      C                  0.070
     4      C                 -0.187
     5      C                 -0.190
     6      C                  0.034
     7      F                 -0.148
     8      F                 -0.158
     9      F                 -0.158
    10      C                 -0.122
    11      C                 -0.134
    12      C                 -0.124
    13      C                 -0.090
    14      C                 -0.102
    15      C                 -0.130
    16      H                  0.109
    17      H                  0.107
    18      H                  0.099
    19      H                  0.106
    20      H                  0.090
    21      H                  0.120
    22      H                  0.102
    23      H                  0.093
    24      H                  0.133
    25      H                  0.132
    26      H                  0.126
    27      H                  0.157
    28      H                  0.136
 Total Mulliken Charge =       0.000
 
                  X        Y        Z     TOTAL  
  QM DIPOLE    -3.195   -1.263   -0.449    3.464
 
 Final Structure

  QMMM: QM Region Cartesian Coordinates (*=link atom) 
  QMMM: QM_NO.   MM_NO.  ATOM         X         Y         Z
  QMMM:     1        1      C        1.6058    1.3479    0.8129
  QMMM:     2        2      C        0.1795    1.9126    0.6479
  QMMM:     3        3      C       -0.2836    2.6734    1.9107
  QMMM:     4        4      C       -0.2233    1.7205    3.1162
  QMMM:     5        5      C        1.1542    1.1281    3.2961
  QMMM:     6        6      C        1.5932    0.3759    2.0361
  QMMM:     7        7      F        2.5699    2.3247    0.9713
  QMMM:     8        8      F        0.4506    3.8219    2.1545
  QMMM:     9        9      F        2.8378   -0.2035    2.2076
  QMMM:    10       10      C       -0.3135    4.1806   -2.9654
  QMMM:    11       11      C       -1.0394    3.0072   -2.7620
  QMMM:    12       12      C       -0.8738    2.2767   -1.5869
  QMMM:    13       13      C        0.0215    2.7135   -0.6011
  QMMM:    14       14      C        0.7466    3.8922   -0.8121
  QMMM:    15       15      C        0.5790    4.6208   -1.9886
  QMMM:    16       16      H        1.8689    0.7524   -0.1096
  QMMM:    17       17      H       -0.4989    1.0111    0.5746
  QMMM:    18       18      H       -1.3576    2.9876    1.7500
  QMMM:    19       19      H       -0.5041    2.2899    4.0400
  QMMM:    20       20      H       -0.9806    0.9093    2.9642
  QMMM:    21       21      H        1.8953    1.9461    3.5011
  QMMM:    22       22      H        1.1635    0.4252    4.1677
  QMMM:    23       23      H        0.8554   -0.4476    1.8094
  QMMM:    24       24      H       -0.4448    4.7561   -3.8932
  QMMM:    25       25      H       -1.7444    2.6560   -3.5296
  QMMM:    26       26      H       -1.4513    1.3521   -1.4371
  QMMM:    27       27      H        1.4514    4.2386   -0.0378
  QMMM:    28       28      H        1.1544    5.5455   -2.1437

           --------- Calculation Completed ----------

