            --------------------------------------------------------
                             AMBER SQM VERSION 14
 
                                     By
              Ross C. Walker, Michael F. Crowley, Scott Brozell,
                         Tim Giese, Andreas W. Goetz,
                        Tai-Sung Lee and David A. Case
 
            --------------------------------------------------------
 

--------------------------------------------------------------------------------
  QM CALCULATION INFO
--------------------------------------------------------------------------------

| QMMM: Citation for AMBER QMMM Run:
| QMMM: R.C. Walker, M.F. Crowley and D.A. Case, J. COMP. CHEM. 29:1019, 2008

QMMM: SINGLET STATE CALCULATION
QMMM: RHF CALCULATION, NO. OF DOUBLY OCCUPIED LEVELS = 44

| QMMM: *** Selected Hamiltonian *** 
| QMMM: AM1         

| QMMM: *** Parameter sets in use ***
| QMMM: C : M.J.S.DEWAR et al. JACS, 107, 3902, (1985)
| QMMM: F : M.J.S.DEWAR et al. THEOCHEM, 180, 1, (1988)
| QMMM: H : M.J.S.DEWAR et al. JACS, 107, 3902, (1985)

| QMMM: *** SCF convergence criteria ***
| QMMM: Energy change                :  0.1D-09 kcal/mol
| QMMM: Error matrix |FP-PF|         :  0.1D+00 au
| QMMM: Density matrix change        :  0.5D-06
| QMMM: Maximum number of SCF cycles :     1000

| QMMM: *** Diagonalization Routine Information ***
| QMMM: Pseudo diagonalizations are allowed.
| QMMM: Auto diagonalization routine selection is in use.
| QMMM:
| QMMM: Timing diagonalization routines:
| QMMM:                              norbs =       76
| QMMM:    diag iterations used for timing =       15
| QMMM:
| QMMM:              Internal diag routine = 0.017702 seconds
| QMMM:                 Dspev diag routine = 0.018539 seconds
| QMMM:                Dspevd diag routine = 0.014689 seconds
| QMMM:                Dspevx diag routine = 0.056495 seconds
| QMMM:                 Dsyev diag routine = 0.020252 seconds
| QMMM:                Dsyevd diag routine = 0.017296 seconds
| QMMM:                Dsyevr diag routine = 0.017434 seconds
| QMMM:
| QMMM:                Pseudo diag routine = 0.006241 seconds
| QMMM:
| QMMM: Using dspevd routine (diag_routine=3).

  QMMM: QM Region Cartesian Coordinates (*=link atom) 
  QMMM: QM_NO.   MM_NO.  ATOM         X         Y         Z
  QMMM:     1        1      C        0.5270   -1.7340    0.1610
  QMMM:     2        2      C       -0.9120   -1.4690   -0.3340
  QMMM:     3        3      C       -0.6520    1.0000    0.2170
  QMMM:     4        4      C        0.7880    0.7400    0.7130
  QMMM:     5        5      C        1.0160   -0.7040    1.1950
  QMMM:     6        6      C       -1.5620   -0.2360    0.3160
  QMMM:     7        7      F        0.6120   -3.0020    0.6990
  QMMM:     8        8      F       -1.6980   -2.5800   -0.1090
  QMMM:     9        9      F       -1.2130    2.0440    0.9240
  QMMM:    10       10      F        1.0980    1.6180    1.7310
  QMMM:    11       11      C        5.2140   -1.3390    2.0480
  QMMM:    12       12      C        4.5150   -0.3050    2.6920
  QMMM:    13       13      C        3.1540   -0.0990    2.4160
  QMMM:    14       14      C        2.4910   -0.9270    1.4950
  QMMM:    15       15      C        3.1900   -1.9610    0.8510
  QMMM:    16       16      C        4.5520   -2.1670    1.1270
  QMMM:    17       17      H        1.2040   -1.7280   -0.6950
  QMMM:    18       18      H        1.4870    0.9610   -0.0940
  QMMM:    19       19      H        0.4920   -0.8600    2.1380
  QMMM:    20       20      H       -1.7790   -0.4480    1.3640
  QMMM:    21       21      H       -2.5250   -0.0300   -0.1540
  QMMM:    22       22      H       -0.8940   -1.3330   -1.4170
  QMMM:    23       23      H       -0.6140    1.3320   -0.8210
  QMMM:    24       24      H        6.2840   -1.5010    2.2660
  QMMM:    25       25      H        5.0360    0.3460    3.4160
  QMMM:    26       26      H        2.6050    0.7140    2.9210
  QMMM:    27       27      H        2.6700   -2.6120    0.1280
  QMMM:    28       28      H        5.1010   -2.9800    0.6220

--------------------------------------------------------------------------------
  RESULTS
--------------------------------------------------------------------------------

      iter         sqm energy              rms gradient
      ----    -------------------    -----------------------
xmin    10     -176.3123 kcal/mol        1.4374 kcal/(mol*A)
xmin    20     -177.1782 kcal/mol        0.5423 kcal/(mol*A)
xmin    30     -177.3384 kcal/mol        0.4744 kcal/(mol*A)
xmin    40     -177.8838 kcal/mol        0.6946 kcal/(mol*A)
xmin    50     -178.7019 kcal/mol        0.4028 kcal/(mol*A)
xmin    60     -179.0709 kcal/mol        0.3267 kcal/(mol*A)
xmin    70     -179.1297 kcal/mol        0.2008 kcal/(mol*A)
xmin    80     -179.1708 kcal/mol        0.0683 kcal/(mol*A)
xmin    90     -179.1823 kcal/mol        0.1647 kcal/(mol*A)
xmin   100     -179.1920 kcal/mol        0.1326 kcal/(mol*A)
xmin   110     -179.2118 kcal/mol        0.3087 kcal/(mol*A)
xmin   120     -179.2421 kcal/mol        0.0777 kcal/(mol*A)
xmin   130     -179.3020 kcal/mol        0.2028 kcal/(mol*A)
xmin   140     -179.4364 kcal/mol        0.4100 kcal/(mol*A)
xmin   150     -179.5735 kcal/mol        0.3468 kcal/(mol*A)
xmin   160     -179.7424 kcal/mol        0.8381 kcal/(mol*A)
xmin   170     -179.8014 kcal/mol        0.2510 kcal/(mol*A)
xmin   180     -179.8139 kcal/mol        0.1642 kcal/(mol*A)
xmin   190     -179.8186 kcal/mol        0.0504 kcal/(mol*A)
xmin   200     -179.8201 kcal/mol        0.0294 kcal/(mol*A)
xmin   210     -179.8230 kcal/mol        0.0383 kcal/(mol*A)
xmin   220     -179.8235 kcal/mol        0.0763 kcal/(mol*A)
xmin   230     -179.8257 kcal/mol        0.0297 kcal/(mol*A)
xmin   240     -179.8272 kcal/mol        0.0387 kcal/(mol*A)
xmin   250     -179.8323 kcal/mol        0.0706 kcal/(mol*A)
xmin   260     -179.8345 kcal/mol        0.0904 kcal/(mol*A)
xmin   270     -179.8466 kcal/mol        0.1431 kcal/(mol*A)
xmin   280     -179.8514 kcal/mol        0.0973 kcal/(mol*A)
xmin   290     -179.8724 kcal/mol        0.2217 kcal/(mol*A)
xmin   300     -179.9005 kcal/mol        0.3554 kcal/(mol*A)
xmin   310     -179.9359 kcal/mol        0.4655 kcal/(mol*A)
xmin   320     -179.9790 kcal/mol        0.1553 kcal/(mol*A)
xmin   330     -179.9995 kcal/mol        0.1589 kcal/(mol*A)
xmin   340     -180.0059 kcal/mol        0.1207 kcal/(mol*A)
xmin   350     -180.0095 kcal/mol        0.0301 kcal/(mol*A)
xmin   360     -180.0123 kcal/mol        0.0106 kcal/(mol*A)
xmin   370     -180.0124 kcal/mol        0.0167 kcal/(mol*A)
xmin   380     -180.0124 kcal/mol        0.0265 kcal/(mol*A)
xmin   390     -180.0124 kcal/mol        0.0036 kcal/(mol*A)
xmin   400     -180.0124 kcal/mol        0.0016 kcal/(mol*A)
  ... geometry converged !
 
 Final MO eigenvalues (eV):
 -49.7660  -49.4437  -48.6074  -48.5537  -40.1091  -37.3704  -33.6701  -31.7754
 -30.0494  -29.7272  -25.2849  -24.4013  -23.5478  -22.4914  -20.5131  -19.1086
 -18.5257  -18.2314  -17.5330  -17.1833  -16.7334  -16.6365  -16.5515  -16.2014
 -16.1262  -15.7893  -15.2986  -14.9211  -14.6945  -14.4681  -14.3967  -13.9329
 -13.7357  -13.6698  -12.9012  -12.5068  -12.4492  -12.3601  -12.0865  -12.0609
 -11.7816  -11.2548   -9.9827   -9.8260    0.0619    0.2432    2.3121    2.3660
   2.5175    2.6296    2.6844    2.9283    2.9545    3.1262    3.2534    3.4107
   3.4888    3.5731    3.6342    3.7057    3.8050    3.8220    3.8929    4.0580
   4.1679    4.2632    4.3481    4.3782    4.4792    4.7085    4.7515    4.8217
   5.2339    5.2745    5.3962    5.7694

 Heat of formation   =       -180.01244235 kcal/mol  (       -7.80592526 eV)

 Total SCF energy    =     -84007.24132237 kcal/mol  (    -3642.82734150 eV)
 Electronic energy   =    -440961.49149012 kcal/mol  (   -19121.52515026 eV)
 Core-core repulsion =     356954.25016775 kcal/mol  (    15478.69780876 eV)
 
    Atomic Charges for Step       1 :
  Atom    Element       Mulliken Charge
     1      C                  0.045
     2      C                  0.042
     3      C                  0.038
     4      C                  0.043
     5      C                 -0.123
     6      C                 -0.223
     7      F                 -0.150
     8      F                 -0.152
     9      F                 -0.154
    10      F                 -0.151
    11      C                 -0.121
    12      C                 -0.126
    13      C                 -0.106
    14      C                 -0.082
    15      C                 -0.130
    16      C                 -0.126
    17      H                  0.101
    18      H                  0.118
    19      H                  0.142
    20      H                  0.135
    21      H                  0.109
    22      H                  0.106
    23      H                  0.096
    24      H                  0.135
    25      H                  0.136
    26      H                  0.140
    27      H                  0.124
    28      H                  0.135
 Total Mulliken Charge =      -0.000
 
                  X        Y        Z     TOTAL  
  QM DIPOLE     1.893   -1.158   -1.938    2.947
 
 Final Structure

  QMMM: QM Region Cartesian Coordinates (*=link atom) 
  QMMM: QM_NO.   MM_NO.  ATOM         X         Y         Z
  QMMM:     1        1      C        0.2529   -1.7510    0.8303
  QMMM:     2        2      C       -1.2448   -1.4004    0.5750
  QMMM:     3        3      C       -0.0464    0.5633   -0.5152
  QMMM:     4        4      C        0.7173    0.7702    0.8258
  QMMM:     5        5      C        0.9927   -0.5850    1.5189
  QMMM:     6        6      C       -1.3852   -0.1333   -0.2727
  QMMM:     7        7      F        0.3292   -2.9039    1.5937
  QMMM:     8        8      F       -1.9323   -1.2799    1.7715
  QMMM:     9        9      F       -0.2380    1.7782   -1.1521
  QMMM:    10       10      F        0.0149    1.6170    1.6664
  QMMM:    11       11      C        5.2149   -1.3516    1.7073
  QMMM:    12       12      C        4.4552   -1.3088    2.8755
  QMMM:    13       13      C        3.0844   -1.0602    2.8123
  QMMM:    14       14      C        2.4624   -0.8526    1.5756
  QMMM:    15       15      C        3.2313   -0.8960    0.4057
  QMMM:    16       16      C        4.6005   -1.1447    0.4719
  QMMM:    17       17      H        0.7343   -1.9673   -0.1676
  QMMM:    18       18      H        1.6992    1.2750    0.5816
  QMMM:    19       19      H        0.5845   -0.5179    2.5706
  QMMM:    20       20      H       -2.0750    0.5865    0.2451
  QMMM:    21       21      H       -1.8434   -0.3917   -1.2610
  QMMM:    22       22      H       -1.6972   -2.2734    0.0167
  QMMM:    23       23      H        0.6053   -0.0714   -1.1847
  QMMM:    24       24      H        6.2959   -1.5481    1.7588
  QMMM:    25       25      H        4.9358   -1.4722    3.8516
  QMMM:    26       26      H        2.4898   -1.0315    3.7383
  QMMM:    27       27      H        2.7522   -0.7317   -0.5712
  QMMM:    28       28      H        5.1966   -1.1778   -0.4520

           --------- Calculation Completed ----------

