            --------------------------------------------------------
                             AMBER SQM VERSION 14
 
                                     By
              Ross C. Walker, Michael F. Crowley, Scott Brozell,
                         Tim Giese, Andreas W. Goetz,
                        Tai-Sung Lee and David A. Case
 
            --------------------------------------------------------
 

--------------------------------------------------------------------------------
  QM CALCULATION INFO
--------------------------------------------------------------------------------

| QMMM: Citation for AMBER QMMM Run:
| QMMM: R.C. Walker, M.F. Crowley and D.A. Case, J. COMP. CHEM. 29:1019, 2008

QMMM: SINGLET STATE CALCULATION
QMMM: RHF CALCULATION, NO. OF DOUBLY OCCUPIED LEVELS = 32

| QMMM: *** Selected Hamiltonian *** 
| QMMM: AM1         

| QMMM: *** Parameter sets in use ***
| QMMM: C : M.J.S.DEWAR et al. JACS, 107, 3902, (1985)
| QMMM: H : M.J.S.DEWAR et al. JACS, 107, 3902, (1985)

| QMMM: *** SCF convergence criteria ***
| QMMM: Energy change                :  0.1D-09 kcal/mol
| QMMM: Error matrix |FP-PF|         :  0.1D+00 au
| QMMM: Density matrix change        :  0.5D-06
| QMMM: Maximum number of SCF cycles :     1000

| QMMM: *** Diagonalization Routine Information ***
| QMMM: Pseudo diagonalizations are allowed.
| QMMM: Auto diagonalization routine selection is in use.
| QMMM:
| QMMM: Timing diagonalization routines:
| QMMM:                              norbs =       64
| QMMM:    diag iterations used for timing =       15
| QMMM:
| QMMM:              Internal diag routine = 0.013836 seconds
| QMMM:                 Dspev diag routine = 0.012167 seconds
| QMMM:                Dspevd diag routine = 0.009892 seconds
| QMMM:                Dspevx diag routine = 0.038124 seconds
| QMMM:                 Dsyev diag routine = 0.013039 seconds
| QMMM:                Dsyevd diag routine = 0.011452 seconds
| QMMM:                Dsyevr diag routine = 0.011649 seconds
| QMMM:
| QMMM:                Pseudo diag routine = 0.004198 seconds
| QMMM:
| QMMM: Using dspevd routine (diag_routine=3).

  QMMM: QM Region Cartesian Coordinates (*=link atom) 
  QMMM: QM_NO.   MM_NO.  ATOM         X         Y         Z
  QMMM:     1        1      C       17.2110   15.3330   18.7060
  QMMM:     2        2      C       15.7130   15.4260   18.3530
  QMMM:     3        3      C       14.9050   15.9670   19.5490
  QMMM:     4        4      C       15.1280   15.1130   20.8080
  QMMM:     5        5      C       16.6220   15.0100   21.1560
  QMMM:     6        6      C       17.4360   14.4780   19.9650
  QMMM:     7        7      H       17.6210   16.3300   18.8700
  QMMM:     8        8      H       15.1890   16.9990   19.7580
  QMMM:     9        9      H       14.5780   15.5380   21.6480
  QMMM:    10       10      H       18.4970   14.4600   20.2170
  QMMM:    11       11      C       15.0200   17.7260   14.7260
  QMMM:    12       12      C       14.7010   16.3550   14.7670
  QMMM:    13       13      C       14.9270   15.6130   15.9430
  QMMM:    14       14      C       15.4730   16.2370   17.0860
  QMMM:    15       15      C       15.7900   17.6130   17.0380
  QMMM:    16       16      C       15.5640   18.3540   15.8620
  QMMM:    17       17      H       17.7630   14.9070   17.8680
  QMMM:    18       18      H       15.3630   14.4110   18.1590
  QMMM:    19       19      H       13.8430   15.9850   19.2990
  QMMM:    20       20      H       14.7200   14.1140   20.6480
  QMMM:    21       21      H       16.9980   15.9920   21.4470
  QMMM:    22       22      H       16.7590   14.3590   22.0200
  QMMM:    23       23      H       17.1520   13.4450   19.7600
  QMMM:    24       24      H       14.8460   18.2940   13.8240
  QMMM:    25       25      H       14.2830   15.8710   13.8970
  QMMM:    26       26      H       14.6780   14.5620   15.9620
  QMMM:    27       27      H       16.2080   18.1060   17.9030
  QMMM:    28       28      H       15.8090   19.4060   15.8320

--------------------------------------------------------------------------------
  RESULTS
--------------------------------------------------------------------------------

      iter         sqm energy              rms gradient
      ----    -------------------    -----------------------
xmin    10       -9.8341 kcal/mol        0.0611 kcal/(mol*A)
xmin    20       -9.8364 kcal/mol        0.0107 kcal/(mol*A)
xmin    30       -9.8367 kcal/mol        0.0027 kcal/(mol*A)
  ... geometry converged !
 
 Final MO eigenvalues (eV):
 -40.2094  -38.2637  -33.3921  -31.5504  -31.3698  -29.3483  -24.2616  -23.3158
 -23.2043  -21.5611  -19.9087  -17.5921  -16.4400  -15.9642  -15.4860  -14.9633
 -14.8299  -14.4433  -14.0690  -14.0059  -13.3393  -13.0777  -12.9277  -12.1877
 -12.0377  -11.8523  -11.6092  -11.1411  -11.0492  -10.9090   -9.6070   -9.3589
   0.5341    0.6156    2.9468    3.5100    3.7598    3.8553    3.9568    4.0648
   4.1424    4.2053    4.2180    4.2662    4.4508    4.5502    4.5660    4.5978
   4.6540    4.7679    4.7833    4.9616    4.9902    5.0415    5.1267    5.1855
   5.2728    5.3314    5.3569    5.3740    5.6602    5.7050    5.8283    6.1822


 Heat of formation   =         -9.83670462 kcal/mol  (       -0.42655152 eV)

 Total SCF energy    =     -40532.75305858 kcal/mol  (    -1757.63206533 eV)
 Electronic energy   =    -241435.65876165 kcal/mol  (   -10469.43579037 eV)
 Core-core repulsion =     200902.90570306 kcal/mol  (     8711.80372504 eV)
 
    Atomic Charges for Step       1 :
  Atom    Element       Mulliken Charge
     1      C                 -0.150
     2      C                 -0.067
     3      C                 -0.150
     4      C                 -0.156
     5      C                 -0.156
     6      C                 -0.156
     7      H                  0.081
     8      H                  0.081
     9      H                  0.079
    10      H                  0.079
    11      C                 -0.133
    12      C                 -0.129
    13      C                 -0.128
    14      C                 -0.066
    15      C                 -0.126
    16      C                 -0.129
    17      H                  0.084
    18      H                  0.091
    19      H                  0.084
    20      H                  0.078
    21      H                  0.078
    22      H                  0.078
    23      H                  0.078
    24      H                  0.130
    25      H                  0.130
    26      H                  0.130
    27      H                  0.132
    28      H                  0.130
 Total Mulliken Charge =       0.000
 
                  X        Y        Z     TOTAL  
  QM DIPOLE     0.059   -0.099    0.238    0.265
 
 Final Structure

  QMMM: QM Region Cartesian Coordinates (*=link atom) 
  QMMM: QM_NO.   MM_NO.  ATOM         X         Y         Z
  QMMM:     1        1      C       17.1899   15.3434   18.6953
  QMMM:     2        2      C       15.7070   15.3974   18.3424
  QMMM:     3        3      C       14.9018   15.9437   19.5169
  QMMM:     4        4      C       15.1370   15.1211   20.7668
  QMMM:     5        5      C       16.6101   15.0486   21.1123
  QMMM:     6        6      C       17.4214   14.5218   19.9466
  QMMM:     7        7      H       17.5749   16.3851   18.8519
  QMMM:     8        8      H       15.1941   17.0097   19.7067
  QMMM:     9        9      H       14.5722   15.5747   21.6226
  QMMM:    10       10      H       18.5114   14.5412   20.2082
  QMMM:    11       11      C       15.0372   17.7147   14.7836
  QMMM:    12       12      C       14.6953   16.3634   14.8182
  QMMM:    13       13      C       14.9138   15.6149   15.9738
  QMMM:    14       14      C       15.4775   16.2109   17.1086
  QMMM:    15       15      C       15.8182   17.5686   17.0660
  QMMM:    16       16      C       15.5991   18.3154   15.9100
  QMMM:    17       17      H       17.7601   14.8971   17.8401
  QMMM:    18       18      H       15.3608   14.3402   18.1505
  QMMM:    19       19      H       13.8115   15.9330   19.2578
  QMMM:    20       20      H       14.7383   14.0839   20.6126
  QMMM:    21       21      H       16.9786   16.0706   21.3919
  QMMM:    22       22      H       16.7552   14.3832   22.0026
  QMMM:    23       23      H       17.1416   13.4534   19.7497
  QMMM:    24       24      H       14.8646   18.3045   13.8720
  QMMM:    25       25      H       14.2520   15.8854   13.9325
  QMMM:    26       26      H       14.6411   14.5491   15.9928
  QMMM:    27       27      H       16.2619   18.0482   17.9515
  QMMM:    28       28      H       15.8703   19.3809   15.8871

           --------- Calculation Completed ----------

