
          -------------------------------------------------------
          Amber 16 SANDER                              2016
          -------------------------------------------------------

| Run on 03/27/2017 at 12:32:21

|   Executable path: sander
| Working directory: /home/steboss/Simulation/logP_standrews/inputfiles/boat/a_phenyl-cyclohexane/cyclohexane/equilibration
|          Hostname: Unknown
  [-O]verwriting output

File Assignments:
|  MDIN: md00002.in                                                            
| MDOUT: md00002.out                                                           
|INPCRD: min00001.rst7                                                         
|  PARM: solvated.parm7                                                        
|RESTRT: md00002.rst7                                                          
|  REFC: solvated.rst7                                                         
| MDVEL: mdvel                                                                 
| MDFRC: mdfrc                                                                 
|  MDEN: md00002.en                                                            
| MDCRD: md00002.nc                                                            
|MDINFO: md00002.info                                                          
|  MTMD: mtmd                                                                  
|INPDIP: inpdip                                                                
|RSTDIP: rstdip                                                                
|INPTRA: inptraj                                                               


 Here is the input file:

heat the system                                                                
&cntrl                                                                         
ntxo=1,                                                                        
imin = 0, nstlim = 1000, irest = 0, ntx = 1, dt = 0.002,                       
nmropt = 1,                                                                    
ntt = 1, temp0 = 300.0, tempi = 5.0, tautp = 1.0,                              
ntb = 1, pres0 = 1.0,                                                          
ntc = 2, ntf = 2,                                                              
ioutfm = 1, iwrap = 1,                                                         
ntwe = 200, ntwx = 200, ntpr = 100,                                            
ntr = 1, restraint_wt = 10.00,                                                 
restraintmask="!:CYC",                                                         
/                                                                              
                                                                               
&wt                                                                            
type = 'TEMP0',                                                                
istep1 = 0, istep2 = 1000,                                                     
value1 = 5.0, value2 = 300.0                                                   
/                                                                              
                                                                               
&wt type = 'END'                                                               
 /                                                                             
                                                                               

--------------------------------------------------------------------------------
   1.  RESOURCE   USE: 
--------------------------------------------------------------------------------

| Flags:                                                                        
 getting new box info from bottom of inpcrd
|  INFO: Old style inpcrd file read

| peek_ewald_inpcrd: Box info found
|Largest sphere to fit in unit cell has radius =    18.184
| New format PARM file being parsed.
| Version =    1.000 Date = 03/27/17 Time = 12:32:19
 NATOM  =    3592 NTYPES =       4 NBONH =    2392 MBONA  =    1201
 NTHETH =    5978 MTHETA =    1204 NPHIH =    9573 MPHIA  =    3597
 NHPARM =       0 NPARM  =       0 NNB   =   21154 NRES   =     199
 NBONA  =    1201 NTHETA =    1204 NPHIA =    3597 NUMBND =       5
 NUMANG =       8 NPTRA  =       9 NATYP =       4 NPHB   =       0
 IFBOX  =       1 NMXRS  =      28 IFCAP =       0 NEXTRA =       0
 NCOPY  =       0


|     Memory Use     Allocated
|     Real              338991
|     Hollerith          10977
|     Integer           766379
|     Max Pairs        1197333
|     nblistReal         43104
|     nblist Int        309642
|       Total            11908 kbytes

| Note: 1-4 EEL scale factors are being read from the topology file.

| Note: 1-4 VDW scale factors are being read from the topology file.
| Duplicated    0 dihedrals
| Duplicated    0 dihedrals

     BOX TYPE: RECTILINEAR

--------------------------------------------------------------------------------
   2.  CONTROL  DATA  FOR  THE  RUN
--------------------------------------------------------------------------------

LIG                                                                             

General flags:
     imin    =       0, nmropt  =       1

Nature and format of input:
     ntx     =       1, irest   =       0, ntrx    =       1

Nature and format of output:
     ntxo    =       1, ntpr    =     100, ntrx    =       1, ntwr    =    1000
     iwrap   =       1, ntwx    =     200, ntwv    =       0, ntwe    =     200
     ioutfm  =       1, ntwprt  =       0, idecomp =       0, rbornstat=      0

Potential function:
     ntf     =       2, ntb     =       1, igb     =       0, nsnb    =      25
     ipol    =       0, gbsa    =       0, iesp    =       0
     dielc   =   1.00000, cut     =   8.00000, intdiel =   1.00000

Frozen or restrained atoms:
     ibelly  =       0, ntr     =       1
     restraint_wt =  10.00000

Molecular dynamics:
     nstlim  =      1000, nscm    =         0, nrespa  =         1
     t       =   0.00000, dt      =   0.00200, vlimit  =  20.00000

Berendsen (weak-coupling) temperature regulation:
     temp0   = 300.00000, tempi   =   5.00000, tautp   =   1.00000

SHAKE:
     ntc     =       2, jfastw  =       0
     tol     =   0.00001

NMR refinement options:
     iscale  =       0, noeskp  =       1, ipnlty  =       1, mxsub   =       1
     scalm   = 100.00000, pencut  =   0.10000, tausw   =   0.10000

Ewald parameters:
     verbose =       0, ew_type =       0, nbflag  =       1, use_pme =       1
     vdwmeth =       1, eedmeth =       1, netfrc  =       1
     Box X =   54.510   Box Y =   36.369   Box Z =   38.420
     Alpha =   90.000   Beta  =   90.000   Gamma =   90.000
     NFFT1 =   54       NFFT2 =   36       NFFT3 =   40
     Cutoff=    8.000   Tol   =0.100E-04
     Ewald Coefficient =  0.34864
     Interpolation order =    4

    LOADING THE CONSTRAINED ATOMS AS GROUPS


   5.  REFERENCE ATOM COORDINATES

  LIG 
     Mask !:CYC; matches    28 atoms

--------------------------------------------------------------------------------
   3.  ATOMIC COORDINATES AND VELOCITIES
--------------------------------------------------------------------------------

LIG                                                                             
 begin time read from input coords =     0.000 ps



           Begin reading energy term weight changes/NMR restraints
 WEIGHT CHANGES:
 TEMP0         0   1000    5.000000  300.000000      0      0

 RESTRAINTS:
                          ** No restraint defined **

                  Done reading weight changes/NMR restraints


 Number of triangulated 3-point waters found:        0

     Sum of charges from parm topology file =   0.00000000
     Forcing neutrality...

--------------------------------------------------------------------------------
   4.  RESULTS
--------------------------------------------------------------------------------

|  # of SOLUTE  degrees of freedom (RNDFP):    8384.
|  # of SOLVENT degrees of freedom (RNDFS):       0.
|  NDFMIN =    8384.     NUM_NOSHAKE =      0     CORRECTED RNDFP =    8384.
|  TOTAL # of degrees of freedom (RNDF) =    8384.
 ---------------------------------------------------
 APPROXIMATING switch and d/dx switch using CUBIC SPLINE INTERPOLATION
 using   5000.0 points per unit in tabled values
 TESTING RELATIVE ERROR over r ranging from 0.0 to cutoff
| CHECK switch(x): max rel err =   0.2738E-14   at   2.422500
| CHECK d/dx switch(x): max rel err =   0.8332E-11   at   2.782960
 ---------------------------------------------------
| Local SIZE OF NONBOND LIST =     350274
| TOTAL SIZE OF NONBOND LIST =     350274

 NSTEP =        0   TIME(PS) =       0.000  TEMP(K) =     6.49  PRESS =     0.0
 Etot   =       712.0977  EKtot   =        54.0679  EPtot      =       658.0298
 BOND   =        27.1145  ANGLE   =        19.9159  DIHED      =       568.4452
 1-4 NB =       469.1664  1-4 EEL =      -161.1208  VDWAALS    =      -541.6100
 EELEC  =       275.2655  EHBOND  =         0.0000  RESTRAINT  =         0.8530
 EAMBER (non-restraint)  =       657.1768
 Ewald error estimate:   0.1933E-03
 ------------------------------------------------------------------------------

 NMR restraints: Bond =    0.000   Angle =     0.000   Torsion =     0.000
===============================================================================

 NSTEP =      100   TIME(PS) =       0.200  TEMP(K) =     4.05  PRESS =     0.0
 Etot   =       716.3696  EKtot   =        33.7249  EPtot      =       682.6448
 BOND   =        28.1793  ANGLE   =        40.1639  DIHED      =       569.1250
 1-4 NB =       472.5431  1-4 EEL =      -161.0504  VDWAALS    =      -542.7289
 EELEC  =       275.4510  EHBOND  =         0.0000  RESTRAINT  =         0.9617
 EAMBER (non-restraint)  =       681.6831
 Ewald error estimate:   0.1218E-04
 ------------------------------------------------------------------------------

 NMR restraints: Bond =    0.000   Angle =     0.000   Torsion =     0.000
===============================================================================

 NSTEP =      200   TIME(PS) =       0.400  TEMP(K) =    10.13  PRESS =     0.0
 Etot   =       771.7671  EKtot   =        84.3688  EPtot      =       687.3983
 BOND   =        35.5759  ANGLE   =        47.0477  DIHED      =       571.9611
 1-4 NB =       468.0384  1-4 EEL =      -160.7682  VDWAALS    =      -550.7726
 EELEC  =       275.1647  EHBOND  =         0.0000  RESTRAINT  =         1.1513
 EAMBER (non-restraint)  =       686.2470
 Ewald error estimate:   0.5904E-03
 ------------------------------------------------------------------------------

 NMR restraints: Bond =    0.000   Angle =     0.000   Torsion =     0.000
===============================================================================

 NSTEP =      300   TIME(PS) =       0.600  TEMP(K) =    22.04  PRESS =     0.0
 Etot   =       876.6560  EKtot   =       183.6040  EPtot      =       693.0520
 BOND   =        33.2426  ANGLE   =        68.5359  DIHED      =       572.3274
 1-4 NB =       476.1179  1-4 EEL =      -161.0960  VDWAALS    =      -572.4626
 EELEC  =       275.5202  EHBOND  =         0.0000  RESTRAINT  =         0.8668
 EAMBER (non-restraint)  =       692.1853
 Ewald error estimate:   0.6901E-03
 ------------------------------------------------------------------------------

 NMR restraints: Bond =    0.000   Angle =     0.000   Torsion =     0.000
===============================================================================

 NSTEP =      400   TIME(PS) =       0.800  TEMP(K) =    43.68  PRESS =     0.0
 Etot   =      1005.3606  EKtot   =       363.8995  EPtot      =       641.4612
 BOND   =        35.8731  ANGLE   =        56.1576  DIHED      =       572.6046
 1-4 NB =       473.0818  1-4 EEL =      -161.1555  VDWAALS    =      -611.3850
 EELEC  =       275.3797  EHBOND  =         0.0000  RESTRAINT  =         0.9047
 EAMBER (non-restraint)  =       640.5564
 Ewald error estimate:   0.3717E-03
 ------------------------------------------------------------------------------

 NMR restraints: Bond =    0.000   Angle =     0.000   Torsion =     0.000
===============================================================================

 NSTEP =      500   TIME(PS) =       1.000  TEMP(K) =    58.98  PRESS =     0.0
 Etot   =      1151.4673  EKtot   =       491.2920  EPtot      =       660.1754
 BOND   =        41.7525  ANGLE   =        91.1339  DIHED      =       575.3653
 1-4 NB =       477.6686  1-4 EEL =      -161.2523  VDWAALS    =      -641.1506
 EELEC  =       275.5159  EHBOND  =         0.0000  RESTRAINT  =         1.1420
 EAMBER (non-restraint)  =       659.0334
 Ewald error estimate:   0.3583E-04
 ------------------------------------------------------------------------------

 NMR restraints: Bond =    0.000   Angle =     0.000   Torsion =     0.000
===============================================================================

 NSTEP =      600   TIME(PS) =       1.200  TEMP(K) =    79.73  PRESS =     0.0
 Etot   =      1313.9669  EKtot   =       664.1571  EPtot      =       649.8098
 BOND   =        44.2064  ANGLE   =        97.1204  DIHED      =       585.0192
 1-4 NB =       477.5690  1-4 EEL =      -160.5538  VDWAALS    =      -669.6151
 EELEC  =       274.8181  EHBOND  =         0.0000  RESTRAINT  =         1.2455
 EAMBER (non-restraint)  =       648.5643
 Ewald error estimate:   0.3097E-03
 ------------------------------------------------------------------------------

 NMR restraints: Bond =    0.000   Angle =     0.000   Torsion =     0.000
===============================================================================

 NSTEP =      700   TIME(PS) =       1.400  TEMP(K) =    94.37  PRESS =     0.0
 Etot   =      1495.3875  EKtot   =       786.0904  EPtot      =       709.2971
 BOND   =        53.7543  ANGLE   =       152.3057  DIHED      =       591.1862
 1-4 NB =       480.1529  1-4 EEL =      -160.7222  VDWAALS    =      -683.3680
 EELEC  =       275.0496  EHBOND  =         0.0000  RESTRAINT  =         0.9386
 EAMBER (non-restraint)  =       708.3585
 Ewald error estimate:   0.1024E-03
 ------------------------------------------------------------------------------

 NMR restraints: Bond =    0.000   Angle =     0.000   Torsion =     0.000
===============================================================================

 NSTEP =      800   TIME(PS) =       1.600  TEMP(K) =   115.64  PRESS =     0.0
 Etot   =      1690.6040  EKtot   =       963.2949  EPtot      =       727.3091
 BOND   =        57.1456  ANGLE   =       158.7602  DIHED      =       609.4998
 1-4 NB =       483.1552  1-4 EEL =      -160.1663  VDWAALS    =      -696.9953
 EELEC  =       274.8163  EHBOND  =         0.0000  RESTRAINT  =         1.0936
 EAMBER (non-restraint)  =       726.2155
 Ewald error estimate:   0.8974E-04
 ------------------------------------------------------------------------------

 NMR restraints: Bond =    0.000   Angle =     0.000   Torsion =     0.000
===============================================================================

 NSTEP =      900   TIME(PS) =       1.800  TEMP(K) =   136.62  PRESS =     0.0
 Etot   =      1903.8426  EKtot   =      1138.0740  EPtot      =       765.7686
 BOND   =        52.8458  ANGLE   =       185.4116  DIHED      =       617.5245
 1-4 NB =       490.3074  1-4 EEL =      -159.8735  VDWAALS    =      -696.2027
 EELEC  =       274.5586  EHBOND  =         0.0000  RESTRAINT  =         1.1968
 EAMBER (non-restraint)  =       764.5717
 Ewald error estimate:   0.1605E-04
 ------------------------------------------------------------------------------

 NMR restraints: Bond =    0.000   Angle =     0.000   Torsion =     0.000
===============================================================================

 NSTEP =     1000   TIME(PS) =       2.000  TEMP(K) =   156.64  PRESS =     0.0
 Etot   =      2132.7807  EKtot   =      1304.8466  EPtot      =       827.9341
 BOND   =        63.6466  ANGLE   =       223.6938  DIHED      =       632.0054
 1-4 NB =       492.4930  1-4 EEL =      -160.5806  VDWAALS    =      -700.1781
 EELEC  =       274.7750  EHBOND  =         0.0000  RESTRAINT  =         2.0789
 EAMBER (non-restraint)  =       825.8552
 Ewald error estimate:   0.2064E-03
 ------------------------------------------------------------------------------

 NMR restraints: Bond =    0.000   Angle =     0.000   Torsion =     0.000
===============================================================================

      A V E R A G E S   O V E R    1000 S T E P S


 NSTEP =     1000   TIME(PS) =       2.000  TEMP(K) =    63.96  PRESS =     0.0
 Etot   =      1233.2670  EKtot   =       532.7840  EPtot      =       700.4830
 BOND   =        42.5065  ANGLE   =       105.7488  DIHED      =       586.6845
 1-4 NB =       478.2006  1-4 EEL =      -160.7553  VDWAALS    =      -628.1697
 EELEC  =       275.1397  EHBOND  =         0.0000  RESTRAINT  =         1.1279
 EAMBER (non-restraint)  =       699.3551
 Ewald error estimate:   0.2626E-03
 ------------------------------------------------------------------------------

 NMR restraints: Bond =    0.000   Angle =     0.000   Torsion =     0.000
===============================================================================

      R M S  F L U C T U A T I O N S


 NSTEP =     1000   TIME(PS) =       2.000  TEMP(K) =    49.00  PRESS =     0.0
 Etot   =       437.1705  EKtot   =       408.1929  EPtot      =        40.7189
 BOND   =         9.8143  ANGLE   =        54.4155  DIHED      =        18.6933
 1-4 NB =         6.5927  1-4 EEL =         0.4464  VDWAALS    =        61.1874
 EELEC  =         0.3403  EHBOND  =         0.0000  RESTRAINT  =         0.2613
 EAMBER (non-restraint)  =        40.4576
 Ewald error estimate:   0.2192E-03
 ------------------------------------------------------------------------------


 NMR restraints on final step:


--------------------------------------------------------------------------------
   5.  TIMINGS
--------------------------------------------------------------------------------

|    Read coords time           0.00 ( 0.02% of Total)
|                Build the list             0.38 (93.24% of List )
|                Other                      0.03 ( 6.76% of List )
|             List time                  0.41 ( 2.85% of Nonbo)
|                   Short_ene time             7.92 (98.55% of Direc)
|                   Other                      0.12 ( 1.45% of Direc)
|                Direct Ewald time          8.04 (57.86% of Ewald)
|                Adjust Ewald time          0.67 ( 4.82% of Ewald)
|                Self Ewald time            0.00 ( 0.01% of Ewald)
|                   Fill Bspline coeffs        0.14 ( 2.87% of Recip)
|                   Fill charge grid           0.40 ( 8.34% of Recip)
|                   Scalar sum                 1.08 (22.38% of Recip)
|                   Grad sum                   0.82 (17.06% of Recip)
|                   FFT time                   2.37 (49.32% of Recip)
|                   Other                      0.00 ( 0.03% of Recip)
|                Recip Ewald time           4.80 (34.58% of Ewald)
|                Force Adjust               0.00 ( 0.02% of Ewald)
|                Virial junk                0.02 ( 0.12% of Ewald)
|                Start synchronizatio       0.00 ( 0.01% of Ewald)
|                Other                      0.36 ( 2.59% of Ewald)
|             Ewald time                13.90 (97.12% of Nonbo)
|             Other                      0.00 ( 0.02% of Nonbo)
|          Nonbond force             14.31 (82.97% of Force)
|          Bond/Angle/Dihedral        2.93 (16.98% of Force)
|          Other                      0.01 ( 0.05% of Force)
|       Force time                17.24 (98.68% of Runmd)
|       Shake time                 0.11 ( 0.65% of Runmd)
|       Verlet update time         0.10 ( 0.59% of Runmd)
|       Other                      0.01 ( 0.08% of Runmd)
|    Runmd Time                17.47 (99.72% of Total)
|    Other                      0.05 ( 0.26% of Total)
| Total time                17.52 (100.0% of ALL  )

| Number of list builds   :         30

| Highest rstack allocated:     271062
| Highest istack allocated:       3592

| Final Performance Info:
| -----------------------------------------------------
| Average timings for all steps:
|     Elapsed(s) =      17.47 Per Step(ms) =      17.47
|         ns/day =       9.89   seconds/ns =    8737.10
| -----------------------------------------------------

|           Job began  at 12:32:21.402  on 03/27/2017
|           Setup done at 12:32:21.452  on 03/27/2017
|           Run   done at 12:32:38.926  on 03/27/2017
|     wallclock() was called   44121 times
