
          -------------------------------------------------------
          Amber 16 SANDER                              2016
          -------------------------------------------------------

| Run on 03/27/2017 at 12:32:19

|   Executable path: sander
| Working directory: /home/steboss/Simulation/logP_standrews/inputfiles/boat/a_phenyl-cyclohexane/cyclohexane/equilibration
|          Hostname: Unknown
  [-O]verwriting output

File Assignments:
|  MDIN: min00001.in                                                           
| MDOUT: min00001.out                                                          
|INPCRD: solvated.rst7                                                         
|  PARM: solvated.parm7                                                        
|RESTRT: min00001.rst7                                                         
|  REFC: solvated.rst7                                                         
| MDVEL: mdvel                                                                 
| MDFRC: mdfrc                                                                 
|  MDEN: min00001.en                                                           
| MDCRD: min00001.nc                                                           
|MDINFO: min00001.info                                                         
|  MTMD: mtmd                                                                  
|INPDIP: inpdip                                                                
|RSTDIP: rstdip                                                                
|INPTRA: inptraj                                                               


 Here is the input file:

                                                                               
Minimise whole system                                                          
&cntrl                                                                         
ntxo=1,                                                                        
imin = 1, ntmin = 1,                                                           
maxcyc = 100, ncyc = 10,                                                       
ntpr = 20, ntwe = 20,                                                          
dx0 = 1.0D-7,                                                                  
ntb = 1,                                                                       
ntr = 1, restraint_wt = 10.00,                                                 
restraintmask="!:CYC",                                                         
/                                                                              

--------------------------------------------------------------------------------
   1.  RESOURCE   USE: 
--------------------------------------------------------------------------------

| Flags:                                                                        
 getting new box info from bottom of inpcrd
|  INFO: Old style inpcrd file read

| peek_ewald_inpcrd: Box info found
|Largest sphere to fit in unit cell has radius =    18.184
| New format PARM file being parsed.
| Version =    1.000 Date = 03/27/17 Time = 12:32:19
 NATOM  =    3592 NTYPES =       4 NBONH =    2392 MBONA  =    1201
 NTHETH =    5978 MTHETA =    1204 NPHIH =    9573 MPHIA  =    3597
 NHPARM =       0 NPARM  =       0 NNB   =   21154 NRES   =     199
 NBONA  =    1201 NTHETA =    1204 NPHIA =    3597 NUMBND =       5
 NUMANG =       8 NPTRA  =       9 NATYP =       4 NPHB   =       0
 IFBOX  =       1 NMXRS  =      28 IFCAP =       0 NEXTRA =       0
 NCOPY  =       0


|     Memory Use     Allocated
|     Real              382266
|     Hollerith          10977
|     Integer           766334
|     Max Pairs        1197333
|     nblistReal         43104
|     nblist Int        309642
|       Total            12246 kbytes

| Note: 1-4 EEL scale factors are being read from the topology file.

| Note: 1-4 VDW scale factors are being read from the topology file.
| Duplicated    0 dihedrals
| Duplicated    0 dihedrals

     BOX TYPE: RECTILINEAR

--------------------------------------------------------------------------------
   2.  CONTROL  DATA  FOR  THE  RUN
--------------------------------------------------------------------------------

LIG                                                                             

General flags:
     imin    =       1, nmropt  =       0

Nature and format of input:
     ntx     =       1, irest   =       0, ntrx    =       1

Nature and format of output:
     ntxo    =       1, ntpr    =      20, ntrx    =       1, ntwr    =       1
     iwrap   =       0, ntwx    =       0, ntwv    =       0, ntwe    =      20
     ioutfm  =       1, ntwprt  =       0, idecomp =       0, rbornstat=      0

Potential function:
     ntf     =       1, ntb     =       1, igb     =       0, nsnb    =      25
     ipol    =       0, gbsa    =       0, iesp    =       0
     dielc   =   1.00000, cut     =   8.00000, intdiel =   1.00000

Frozen or restrained atoms:
     ibelly  =       0, ntr     =       1
     restraint_wt =  10.00000

Energy minimization:
     maxcyc  =     100, ncyc    =      10, ntmin   =       1
     dx0     =   0.00000, drms    =   0.00010

Ewald parameters:
     verbose =       0, ew_type =       0, nbflag  =       1, use_pme =       1
     vdwmeth =       1, eedmeth =       1, netfrc  =       0
     Box X =   54.510   Box Y =   36.369   Box Z =   38.420
     Alpha =   90.000   Beta  =   90.000   Gamma =   90.000
     NFFT1 =   54       NFFT2 =   36       NFFT3 =   40
     Cutoff=    8.000   Tol   =0.100E-04
     Ewald Coefficient =  0.34864
     Interpolation order =    4

    LOADING THE CONSTRAINED ATOMS AS GROUPS


   5.  REFERENCE ATOM COORDINATES

  LIG 
     Mask !:CYC; matches    28 atoms

--------------------------------------------------------------------------------
   3.  ATOMIC COORDINATES AND VELOCITIES
--------------------------------------------------------------------------------

LIG                                                                             
 begin time read from input coords =     0.000 ps

 Number of triangulated 3-point waters found:        0

     Sum of charges from parm topology file =   0.00000000
     Forcing neutrality...

--------------------------------------------------------------------------------
   4.  RESULTS
--------------------------------------------------------------------------------

 ---------------------------------------------------
 APPROXIMATING switch and d/dx switch using CUBIC SPLINE INTERPOLATION
 using   5000.0 points per unit in tabled values
 TESTING RELATIVE ERROR over r ranging from 0.0 to cutoff
| CHECK switch(x): max rel err =   0.2738E-14   at   2.422500
| CHECK d/dx switch(x): max rel err =   0.8332E-11   at   2.782960
 ---------------------------------------------------
| Local SIZE OF NONBOND LIST =     350269
| TOTAL SIZE OF NONBOND LIST =     350269


   NSTEP       ENERGY          RMS            GMAX         NAME    NUMBER
      1       7.8425E+02     2.4159E+00     3.7915E+01     H15        27

 BOND    =       21.8967  ANGLE   =       24.0834  DIHED      =      558.0458
 VDWAALS =     -525.3666  EEL     =      281.3053  HBOND      =        0.0000
 1-4 VDW =      594.2841  1-4 EEL =     -169.9937  RESTRAINT  =        0.0000


   NSTEP       ENERGY          RMS            GMAX         NAME    NUMBER
     20       6.8377E+02     1.2262E+00     4.0190E+01     C12        12

 BOND    =       27.3343  ANGLE   =       24.9336  DIHED      =      551.9005
 VDWAALS =     -535.1049  EEL     =      279.0228  HBOND      =        0.0000
 1-4 VDW =      502.9521  1-4 EEL =     -167.7627  RESTRAINT  =        0.4976
 EAMBER  =      683.2757


   NSTEP       ENERGY          RMS            GMAX         NAME    NUMBER
     40       6.6375E+02     6.5316E-01     2.5137E+01     C12        12

 BOND    =       19.7235  ANGLE   =       18.3489  DIHED      =      564.0624
 VDWAALS =     -539.6307  EEL     =      276.5008  HBOND      =        0.0000
 1-4 VDW =      486.7378  1-4 EEL =     -162.9709  RESTRAINT  =        0.9769
 EAMBER  =      662.7717


   NSTEP       ENERGY          RMS            GMAX         NAME    NUMBER
     60       6.5955E+02     1.0796E-01     2.3434E+00     C12        12

 BOND    =       26.6721  ANGLE   =       21.0195  DIHED      =      568.1653
 VDWAALS =     -541.5449  EEL     =      275.3095  HBOND      =        0.0000
 1-4 VDW =      470.1038  1-4 EEL =     -161.1761  RESTRAINT  =        1.0012
 EAMBER  =      658.5493


   NSTEP       ENERGY          RMS            GMAX         NAME    NUMBER
     80       6.7533E+02     2.7971E+00     1.1055E+02     C10        10

 BOND    =       46.3093  ANGLE   =       18.5950  DIHED      =      571.2932
 VDWAALS =     -541.5793  EEL     =      275.1817  HBOND      =        0.0000
 1-4 VDW =      465.7373  1-4 EEL =     -161.2663  RESTRAINT  =        1.0607
 EAMBER  =      674.2709


   NSTEP       ENERGY          RMS            GMAX         NAME    NUMBER
    100       6.5883E+02     4.6601E-02     8.8172E-01     C3          3

 BOND    =       27.9125  ANGLE   =       19.9159  DIHED      =      568.4452
 VDWAALS =     -541.6100  EEL     =      275.2655  HBOND      =        0.0000
 1-4 VDW =      469.1664  1-4 EEL =     -161.1208  RESTRAINT  =        0.8530
 EAMBER  =      657.9747


  Maximum number of minimization cycles reached.


                    FINAL RESULTS



   NSTEP       ENERGY          RMS            GMAX         NAME    NUMBER
    100       6.5883E+02     4.6601E-02     8.8172E-01     C3          3

 BOND    =       27.9125  ANGLE   =       19.9159  DIHED      =      568.4452
 VDWAALS =     -541.6100  EEL     =      275.2655  HBOND      =        0.0000
 1-4 VDW =      469.1664  1-4 EEL =     -161.1208  RESTRAINT  =        0.8530
 EAMBER  =      657.9747

--------------------------------------------------------------------------------
   5.  TIMINGS
--------------------------------------------------------------------------------

|    Read coords time           0.00 ( 0.11% of Total)
|                Build the list             0.01 (47.60% of List )
|                Other                      0.01 (52.40% of List )
|             List time                  0.02 ( 1.74% of Nonbo)
|                   Short_ene time             0.69 (98.29% of Direc)
|                   Other                      0.01 ( 1.71% of Direc)
|                Direct Ewald time          0.71 (54.23% of Ewald)
|                Adjust Ewald time          0.07 ( 5.12% of Ewald)
|                Self Ewald time            0.00 ( 0.01% of Ewald)
|                   Fill Bspline coeffs        0.01 ( 3.02% of Recip)
|                   Fill charge grid           0.04 ( 8.41% of Recip)
|                   Scalar sum                 0.11 (22.12% of Recip)
|                   Grad sum                   0.08 (17.04% of Recip)
|                   FFT time                   0.24 (49.37% of Recip)
|                   Other                      0.00 ( 0.04% of Recip)
|                Recip Ewald time           0.49 (37.72% of Ewald)
|                Virial junk                0.00 ( 0.13% of Ewald)
|                Start synchronizatio       0.00 ( 0.01% of Ewald)
|                Other                      0.04 ( 2.77% of Ewald)
|             Ewald time                 1.30 (98.22% of Nonbo)
|             IPS excludes               0.00 ( 0.01% of Nonbo)
|             Other                      0.00 ( 0.03% of Nonbo)
|          Nonbond force              1.33 (81.76% of Force)
|          Bond/Angle/Dihedral        0.29 (18.18% of Force)
|          Other                      0.00 ( 0.06% of Force)
|       Force time                 1.62 (100.0% of Runmd)
|    Runmd Time                 1.62 (70.87% of Total)
|    Other                      0.66 (29.02% of Total)
| Total time                 2.29 (100.0% of ALL  )

| Number of list builds   :          1

| Highest rstack allocated:     271062
| Highest istack allocated:       3592
|           Job began  at 12:32:19.107  on 03/27/2017
|           Setup done at 12:32:19.156  on 03/27/2017
|           Run   done at 12:32:21.397  on 03/27/2017
|     wallclock() was called    3850 times
