            --------------------------------------------------------
                             AMBER SQM VERSION 14
 
                                     By
              Ross C. Walker, Michael F. Crowley, Scott Brozell,
                         Tim Giese, Andreas W. Goetz,
                        Tai-Sung Lee and David A. Case
 
            --------------------------------------------------------
 

--------------------------------------------------------------------------------
  QM CALCULATION INFO
--------------------------------------------------------------------------------

| QMMM: Citation for AMBER QMMM Run:
| QMMM: R.C. Walker, M.F. Crowley and D.A. Case, J. COMP. CHEM. 29:1019, 2008

QMMM: SINGLET STATE CALCULATION
QMMM: RHF CALCULATION, NO. OF DOUBLY OCCUPIED LEVELS = 32

| QMMM: *** Selected Hamiltonian *** 
| QMMM: AM1         

| QMMM: *** Parameter sets in use ***
| QMMM: C : M.J.S.DEWAR et al. JACS, 107, 3902, (1985)
| QMMM: H : M.J.S.DEWAR et al. JACS, 107, 3902, (1985)

| QMMM: *** SCF convergence criteria ***
| QMMM: Energy change                :  0.1D-09 kcal/mol
| QMMM: Error matrix |FP-PF|         :  0.1D+00 au
| QMMM: Density matrix change        :  0.5D-06
| QMMM: Maximum number of SCF cycles :     1000

| QMMM: *** Diagonalization Routine Information ***
| QMMM: Pseudo diagonalizations are allowed.
| QMMM: Auto diagonalization routine selection is in use.
| QMMM:
| QMMM: Timing diagonalization routines:
| QMMM:                              norbs =       64
| QMMM:    diag iterations used for timing =       15
| QMMM:
| QMMM:              Internal diag routine = 0.009244 seconds
| QMMM:                 Dspev diag routine = 0.012836 seconds
| QMMM:                Dspevd diag routine = 0.009989 seconds
| QMMM:                Dspevx diag routine = 0.038001 seconds
| QMMM:                 Dsyev diag routine = 0.013069 seconds
| QMMM:                Dsyevd diag routine = 0.011470 seconds
| QMMM:                Dsyevr diag routine = 0.011647 seconds
| QMMM:
| QMMM:                Pseudo diag routine = 0.004106 seconds
| QMMM:
| QMMM: Using internal diagonalization routine (diag_routine=1).

  QMMM: QM Region Cartesian Coordinates (*=link atom) 
  QMMM: QM_NO.   MM_NO.  ATOM         X         Y         Z
  QMMM:     1        1      C        0.5270   -1.7340    0.1610
  QMMM:     2        2      C       -0.9120   -1.4690   -0.3340
  QMMM:     3        3      C       -0.6520    1.0000    0.2170
  QMMM:     4        4      C        0.7880    0.7400    0.7130
  QMMM:     5        5      C        1.0160   -0.7040    1.1950
  QMMM:     6        6      C       -1.5620   -0.2360    0.3160
  QMMM:     7        7      C        5.2140   -1.3390    2.0480
  QMMM:     8        8      C        4.5150   -0.3050    2.6920
  QMMM:     9        9      C        3.1540   -0.0990    2.4160
  QMMM:    10       10      C        2.4910   -0.9270    1.4950
  QMMM:    11       11      C        3.1900   -1.9610    0.8510
  QMMM:    12       12      C        4.5520   -2.1670    1.1270
  QMMM:    13       13      H        1.2040   -1.7280   -0.6950
  QMMM:    14       14      H        0.5940   -2.7360    0.5860
  QMMM:    15       15      H       -1.5340   -2.3480   -0.1560
  QMMM:    16       16      H       -1.0950    1.8250    0.7760
  QMMM:    17       17      H        1.0330    1.4340    1.5180
  QMMM:    18       18      H        1.4870    0.9610   -0.0940
  QMMM:    19       19      H        0.4920   -0.8600    2.1380
  QMMM:    20       20      H       -1.7790   -0.4480    1.3640
  QMMM:    21       21      H       -2.5250   -0.0300   -0.1540
  QMMM:    22       22      H       -0.8940   -1.3330   -1.4170
  QMMM:    23       23      H       -0.6140    1.3320   -0.8210
  QMMM:    24       24      H        6.2840   -1.5010    2.2660
  QMMM:    25       25      H        5.0360    0.3460    3.4160
  QMMM:    26       26      H        2.6050    0.7140    2.9210
  QMMM:    27       27      H        2.6700   -2.6120    0.1280
  QMMM:    28       28      H        5.1010   -2.9800    0.6220

--------------------------------------------------------------------------------
  RESULTS
--------------------------------------------------------------------------------

      iter         sqm energy              rms gradient
      ----    -------------------    -----------------------
xmin    10       -4.9526 kcal/mol        0.9024 kcal/(mol*A)
xmin    20       -5.2141 kcal/mol        0.7084 kcal/(mol*A)
xmin    30       -5.3022 kcal/mol        0.4197 kcal/(mol*A)
xmin    40       -5.4102 kcal/mol        0.2935 kcal/(mol*A)
xmin    50       -5.5567 kcal/mol        0.7691 kcal/(mol*A)
xmin    60       -5.6647 kcal/mol        0.9452 kcal/(mol*A)
xmin    70       -5.9042 kcal/mol        0.1923 kcal/(mol*A)
xmin    80       -5.9948 kcal/mol        0.1695 kcal/(mol*A)
xmin    90       -6.0633 kcal/mol        0.0839 kcal/(mol*A)
xmin   100       -6.0792 kcal/mol        0.0760 kcal/(mol*A)
xmin   110       -6.0891 kcal/mol        0.2090 kcal/(mol*A)
xmin   120       -6.1005 kcal/mol        0.1090 kcal/(mol*A)
xmin   130       -6.1167 kcal/mol        0.1553 kcal/(mol*A)
xmin   140       -6.1297 kcal/mol        0.2294 kcal/(mol*A)
xmin   150       -6.1402 kcal/mol        0.0529 kcal/(mol*A)
xmin   160       -6.1614 kcal/mol        0.0653 kcal/(mol*A)
xmin   170       -6.1785 kcal/mol        0.0971 kcal/(mol*A)
xmin   180       -6.1920 kcal/mol        0.1000 kcal/(mol*A)
xmin   190       -6.2095 kcal/mol        0.0669 kcal/(mol*A)
xmin   200       -6.2298 kcal/mol        0.1369 kcal/(mol*A)
xmin   210       -6.2966 kcal/mol        0.4242 kcal/(mol*A)
xmin   220       -6.4006 kcal/mol        0.4364 kcal/(mol*A)
xmin   230       -6.4816 kcal/mol        0.4075 kcal/(mol*A)
xmin   240       -6.5364 kcal/mol        0.2339 kcal/(mol*A)
xmin   250       -6.5798 kcal/mol        0.1197 kcal/(mol*A)
xmin   260       -6.5938 kcal/mol        0.2424 kcal/(mol*A)
xmin   270       -6.6039 kcal/mol        0.0371 kcal/(mol*A)
xmin   280       -6.6081 kcal/mol        0.0923 kcal/(mol*A)
xmin   290       -6.6103 kcal/mol        0.0221 kcal/(mol*A)
xmin   300       -6.6109 kcal/mol        0.0064 kcal/(mol*A)
xmin   310       -6.6113 kcal/mol        0.0084 kcal/(mol*A)
xmin   320       -6.6116 kcal/mol        0.0044 kcal/(mol*A)
xmin   330       -6.6116 kcal/mol        0.0065 kcal/(mol*A)
xmin   340       -6.6116 kcal/mol        0.0010 kcal/(mol*A)
xmin   350       -6.6116 kcal/mol        0.0009 kcal/(mol*A)
  ... geometry converged !
 
 Final MO eigenvalues (eV):
 -40.2287  -38.2788  -33.3196  -31.4743  -31.3690  -29.2718  -24.5634  -23.4982
 -23.1339  -21.8085  -18.7367  -17.6540  -16.8858  -16.4108  -15.5590  -15.2559
 -14.9292  -14.0993  -13.7892  -13.6726  -13.3116  -12.9857  -12.8178  -12.3978
 -12.2031  -12.0016  -11.7222  -11.1415  -11.0106  -10.6583   -9.6077   -9.3578
   0.5323    0.6139    2.9439    3.5287    3.7411    3.8337    3.9694    4.0668
   4.1319    4.2008    4.2366    4.2593    4.3859    4.4821    4.5755    4.5901
   4.6450    4.6751    4.7754    4.9247    5.0646    5.1114    5.1873    5.2371
   5.2775    5.3289    5.3457    5.3678    5.6625    5.7031    5.8283    6.1812


 Heat of formation   =         -6.61160782 kcal/mol  (       -0.28670083 eV)

 Total SCF energy    =     -40529.52796178 kcal/mol  (    -1757.49221464 eV)
 Electronic energy   =    -241678.39006836 kcal/mol  (   -10479.96140967 eV)
 Core-core repulsion =     201148.86210658 kcal/mol  (     8722.46919503 eV)
 
    Atomic Charges for Step       1 :
  Atom    Element       Mulliken Charge
     1      C                 -0.148
     2      C                 -0.155
     3      C                 -0.154
     4      C                 -0.150
     5      C                 -0.066
     6      C                 -0.155
     7      C                 -0.133
     8      C                 -0.129
     9      C                 -0.128
    10      C                 -0.065
    11      C                 -0.127
    12      C                 -0.129
    13      H                  0.080
    14      H                  0.085
    15      H                  0.077
    16      H                  0.078
    17      H                  0.080
    18      H                  0.084
    19      H                  0.091
    20      H                  0.078
    21      H                  0.078
    22      H                  0.078
    23      H                  0.078
    24      H                  0.130
    25      H                  0.130
    26      H                  0.130
    27      H                  0.132
    28      H                  0.130
 Total Mulliken Charge =      -0.000
 
                  X        Y        Z     TOTAL  
  QM DIPOLE    -0.239    0.036   -0.095    0.260
 
 Final Structure

  QMMM: QM Region Cartesian Coordinates (*=link atom) 
  QMMM: QM_NO.   MM_NO.  ATOM         X         Y         Z
  QMMM:     1        1      C        0.3234   -1.7215    0.6533
  QMMM:     2        2      C       -1.1682   -1.4610    0.5672
  QMMM:     3        3      C       -0.3871    0.6622   -0.5126
  QMMM:     4        4      C        0.9330    0.6762    0.2342
  QMMM:     5        5      C        1.0668   -0.5055    1.1923
  QMMM:     6        6      C       -1.4850   -0.0040    0.2879
  QMMM:     7        7      C        5.1929   -1.4192    1.9831
  QMMM:     8        8      C        4.3614   -0.9754    3.0104
  QMMM:     9        9      C        3.0238   -0.6798    2.7511
  QMMM:    10       10      C        2.5035   -0.8246    1.4593
  QMMM:    11       11      C        3.3452   -1.2704    0.4324
  QMMM:    12       12      C        4.6816   -1.5662    0.6936
  QMMM:    13       13      H        0.7233   -1.9739   -0.3639
  QMMM:    14       14      H        0.5151   -2.6043    1.3163
  QMMM:    15       15      H       -1.6611   -1.7645    1.5279
  QMMM:    16       16      H       -0.6865    1.7139   -0.7602
  QMMM:    17       17      H        1.0275    1.6262    0.8223
  QMMM:    18       18      H        1.7741    0.6633   -0.5078
  QMMM:    19       19      H        0.5753   -0.2159    2.1668
  QMMM:    20       20      H       -1.6163    0.5446    1.2579
  QMMM:    21       21      H       -2.4552    0.0699   -0.2687
  QMMM:    22       22      H       -1.6024   -2.1050   -0.2419
  QMMM:    23       23      H       -0.2612    0.1151   -1.4843
  QMMM:    24       24      H        6.2475   -1.6524    2.1882
  QMMM:    25       25      H        4.7600   -0.8577    4.0287
  QMMM:    26       26      H        2.3743   -0.3305    3.5678
  QMMM:    27       27      H        2.9466   -1.3883   -0.5865
  QMMM:    28       28      H        5.3339   -1.9164   -0.1197

           --------- Calculation Completed ----------

