
          -------------------------------------------------------
          Amber 16 SANDER                              2016
          -------------------------------------------------------

| Run on 03/23/2017 at 17:49:24

|   Executable path: sander
| Working directory: /home/steboss/Simulation/logP_standrews/inputfiles/c_23difluoro/cyclohexane/equilibration
|          Hostname: Unknown
  [-O]verwriting output

File Assignments:
|  MDIN: md00004.in                                                            
| MDOUT: md00004.out                                                           
|INPCRD: md00003.rst7                                                          
|  PARM: solvated.parm7                                                        
|RESTRT: md00004.rst7                                                          
|  REFC: solvated.rst7                                                         
| MDVEL: mdvel                                                                 
| MDFRC: mdfrc                                                                 
|  MDEN: md00004.en                                                            
| MDCRD: md00004.nc                                                            
|MDINFO: md00004.info                                                          
|  MTMD: mtmd                                                                  
|INPDIP: inpdip                                                                
|RSTDIP: rstdip                                                                
|INPTRA: inptraj                                                               


 Here is the input file:

md with sander                                                                 
&cntrl                                                                         
ntxo=1,                                                                        
imin = 0, nstlim = 15000, irest = 1, ntx = 5, dt = 0.002,                      
ntt = 1, temp0 = 298.0, tautp = 1.0,                                           
ntp = 1, pres0 = 1.0, taup = 0.5,                                              
ntb = 2,                                                                       
ntc = 2, ntf = 2,                                                              
ioutfm = 1, iwrap = 1,                                                         
ntwe = 3000, ntwx = 3000, ntpr = 1500,                                         
ntr = 1, restraint_wt = 10.00,                                                 
restraintmask="!:CYC",                                                         
/                                                                              
                                                                               

--------------------------------------------------------------------------------
   1.  RESOURCE   USE: 
--------------------------------------------------------------------------------

| Flags:                                                                        
 getting new box info from bottom of inpcrd
|  INFO: Old style inpcrd file read

| peek_ewald_inpcrd: Box info found
|Largest sphere to fit in unit cell has radius =    20.441
| New format PARM file being parsed.
| Version =    1.000 Date = 03/23/17 Time = 17:46:27
 NATOM  =    5284 NTYPES =       6 NBONH =    3518 MBONA  =    1767
 NTHETH =    8794 MTHETA =    1772 NPHIH =   14084 MPHIA  =    5296
 NHPARM =       0 NPARM  =       0 NNB   =   31116 NRES   =     293
 NBONA  =    1767 NTHETA =    1772 NPHIA =    5296 NUMBND =       7
 NUMANG =      11 NPTRA  =      12 NATYP =       6 NPHB   =       0
 IFBOX  =       1 NMXRS  =      28 IFCAP =       0 NEXTRA =       0
 NCOPY  =       0


|     Memory Use     Allocated
|     Real              457438
|     Hollerith          16147
|     Integer          1118148
|     Max Pairs        1761333
|     nblistReal         63408
|     nblist Int        483154
|       Total            17267 kbytes

| Note: 1-4 EEL scale factors are being read from the topology file.

| Note: 1-4 VDW scale factors are being read from the topology file.
| Duplicated    0 dihedrals
| Duplicated    0 dihedrals

     BOX TYPE: RECTILINEAR

--------------------------------------------------------------------------------
   2.  CONTROL  DATA  FOR  THE  RUN
--------------------------------------------------------------------------------

LIG                                                                             

General flags:
     imin    =       0, nmropt  =       0

Nature and format of input:
     ntx     =       5, irest   =       1, ntrx    =       1

Nature and format of output:
     ntxo    =       1, ntpr    =    1500, ntrx    =       1, ntwr    =   15000
     iwrap   =       1, ntwx    =    3000, ntwv    =       0, ntwe    =    3000
     ioutfm  =       1, ntwprt  =       0, idecomp =       0, rbornstat=      0

Potential function:
     ntf     =       2, ntb     =       2, igb     =       0, nsnb    =      25
     ipol    =       0, gbsa    =       0, iesp    =       0
     dielc   =   1.00000, cut     =   8.00000, intdiel =   1.00000

Frozen or restrained atoms:
     ibelly  =       0, ntr     =       1
     restraint_wt =  10.00000

Molecular dynamics:
     nstlim  =     15000, nscm    =         0, nrespa  =         1
     t       =   0.00000, dt      =   0.00200, vlimit  =  20.00000

Berendsen (weak-coupling) temperature regulation:
     temp0   = 298.00000, tempi   =   0.00000, tautp   =   1.00000

Pressure regulation:
     ntp     =       1
     pres0   =   1.00000, comp    =  44.60000, taup    =   0.50000

SHAKE:
     ntc     =       2, jfastw  =       0
     tol     =   0.00001

Ewald parameters:
     verbose =       0, ew_type =       0, nbflag  =       1, use_pme =       1
     vdwmeth =       1, eedmeth =       1, netfrc  =       1
     Box X =   40.882   Box Y =   50.917   Box Z =   53.789
     Alpha =   90.000   Beta  =   90.000   Gamma =   90.000
     NFFT1 =   40       NFFT2 =   50       NFFT3 =   54
     Cutoff=    8.000   Tol   =0.100E-04
     Ewald Coefficient =  0.34864
     Interpolation order =    4

    LOADING THE CONSTRAINED ATOMS AS GROUPS


   5.  REFERENCE ATOM COORDINATES

  LIG 
     Mask !:CYC; matches    28 atoms

--------------------------------------------------------------------------------
   3.  ATOMIC COORDINATES AND VELOCITIES
--------------------------------------------------------------------------------

LIG                                                                             
 begin time read from input coords =    10.000 ps

 Number of triangulated 3-point waters found:        0

     Sum of charges from parm topology file =   0.00000000
     Forcing neutrality...

--------------------------------------------------------------------------------
   4.  RESULTS
--------------------------------------------------------------------------------

|  # of SOLUTE  degrees of freedom (RNDFP):   12334.
|  # of SOLVENT degrees of freedom (RNDFS):       0.
|  NDFMIN =   12334.     NUM_NOSHAKE =      0     CORRECTED RNDFP =   12334.
|  TOTAL # of degrees of freedom (RNDF) =   12334.
 ---------------------------------------------------
 APPROXIMATING switch and d/dx switch using CUBIC SPLINE INTERPOLATION
 using   5000.0 points per unit in tabled values
 TESTING RELATIVE ERROR over r ranging from 0.0 to cutoff
| CHECK switch(x): max rel err =   0.2738E-14   at   2.422500
| CHECK d/dx switch(x): max rel err =   0.8332E-11   at   2.782960
 ---------------------------------------------------
| Local SIZE OF NONBOND LIST =     503150
| TOTAL SIZE OF NONBOND LIST =     503150

 NSTEP =     1500   TIME(PS) =      13.000  TEMP(K) =   291.08  PRESS =    55.8
 Etot   =      6957.3998  EKtot   =      3567.2340  EPtot      =      3390.1658
 BOND   =       462.3999  ANGLE   =      1801.4404  DIHED      =      1132.4842
 1-4 NB =       825.2983  1-4 EEL =      -225.0588  VDWAALS    =     -1014.6765
 EELEC  =       403.7216  EHBOND  =         0.0000  RESTRAINT  =         4.5567
 EAMBER (non-restraint)  =      3385.6091
 EKCMT  =       546.9630  VIRIAL  =       406.2444  VOLUME     =    116723.3975
                                                    Density    =         0.3524
 Ewald error estimate:   0.1015E-03
 ------------------------------------------------------------------------------


 NSTEP =     3000   TIME(PS) =      16.000  TEMP(K) =   290.58  PRESS =    72.8
 Etot   =      7151.6710  EKtot   =      3561.0244  EPtot      =      3590.6466
 BOND   =       479.1395  ANGLE   =      1970.3987  DIHED      =      1111.4021
 1-4 NB =       824.1285  1-4 EEL =      -228.6742  VDWAALS    =      -978.6639
 EELEC  =       405.7054  EHBOND  =         0.0000  RESTRAINT  =         7.2105
 EAMBER (non-restraint)  =      3583.4361
 EKCMT  =       467.6341  VIRIAL  =       281.1463  VOLUME     =    118704.3067
                                                    Density    =         0.3465
 Ewald error estimate:   0.1222E-03
 ------------------------------------------------------------------------------


 NSTEP =     4500   TIME(PS) =      19.000  TEMP(K) =   296.29  PRESS =    86.5
 Etot   =      7226.7907  EKtot   =      3631.0386  EPtot      =      3595.7521
 BOND   =       485.7121  ANGLE   =      2067.8191  DIHED      =      1098.5215
 1-4 NB =       806.2498  1-4 EEL =      -224.3820  VDWAALS    =     -1048.4451
 EELEC  =       404.3556  EHBOND  =         0.0000  RESTRAINT  =         5.9212
 EAMBER (non-restraint)  =      3589.8310
 EKCMT  =       436.3191  VIRIAL  =       215.0720  VOLUME     =    118464.8519
                                                    Density    =         0.3472
 Ewald error estimate:   0.7296E-04
 ------------------------------------------------------------------------------


 NSTEP =     6000   TIME(PS) =      22.000  TEMP(K) =   296.50  PRESS =  -141.2
 Etot   =      7301.9118  EKtot   =      3633.6620  EPtot      =      3668.2498
 BOND   =       519.4696  ANGLE   =      2116.4916  DIHED      =      1098.5094
 1-4 NB =       819.2139  1-4 EEL =      -228.9806  VDWAALS    =     -1068.7539
 EELEC  =       406.4267  EHBOND  =         0.0000  RESTRAINT  =         5.8729
 EAMBER (non-restraint)  =      3662.3768
 EKCMT  =       438.8381  VIRIAL  =       798.2555  VOLUME     =    117864.8188
                                                    Density    =         0.3490
 Ewald error estimate:   0.1503E-03
 ------------------------------------------------------------------------------


 NSTEP =     7500   TIME(PS) =      25.000  TEMP(K) =   303.46  PRESS =  -165.1
 Etot   =      7335.5175  EKtot   =      3718.9094  EPtot      =      3616.6082
 BOND   =       530.6873  ANGLE   =      2142.1721  DIHED      =      1076.9189
 1-4 NB =       810.3055  1-4 EEL =      -227.8018  VDWAALS    =     -1126.4799
 EELEC  =       405.2586  EHBOND  =         0.0000  RESTRAINT  =         5.5474
 EAMBER (non-restraint)  =      3611.0607
 EKCMT  =       405.8876  VIRIAL  =       820.2715  VOLUME     =    116242.8190
                                                    Density    =         0.3538
 Ewald error estimate:   0.2529E-03
 ------------------------------------------------------------------------------


 NSTEP =     9000   TIME(PS) =      28.000  TEMP(K) =   297.89  PRESS =   -72.0
 Etot   =      7324.1521  EKtot   =      3650.7036  EPtot      =      3673.4485
 BOND   =       533.9110  ANGLE   =      2223.1039  DIHED      =      1087.2572
 1-4 NB =       818.1077  1-4 EEL =      -227.7035  VDWAALS    =     -1174.1113
 EELEC  =       406.1177  EHBOND  =         0.0000  RESTRAINT  =         6.7658
 EAMBER (non-restraint)  =      3666.6826
 EKCMT  =       356.3218  VIRIAL  =       532.3667  VOLUME     =    113280.7649
                                                    Density    =         0.3631
 Ewald error estimate:   0.1551E-03
 ------------------------------------------------------------------------------


 NSTEP =    10500   TIME(PS) =      31.000  TEMP(K) =   295.02  PRESS =  -143.2
 Etot   =      7323.6172  EKtot   =      3615.4867  EPtot      =      3708.1305
 BOND   =       512.3731  ANGLE   =      2300.8797  DIHED      =      1072.9368
 1-4 NB =       823.9153  1-4 EEL =      -227.2491  VDWAALS    =     -1187.3779
 EELEC  =       405.6614  EHBOND  =         0.0000  RESTRAINT  =         6.9914
 EAMBER (non-restraint)  =      3701.1391
 EKCMT  =       358.5316  VIRIAL  =       695.6222  VOLUME     =    109039.4608
                                                    Density    =         0.3772
 Ewald error estimate:   0.2511E-03
 ------------------------------------------------------------------------------


 NSTEP =    12000   TIME(PS) =      34.000  TEMP(K) =   294.23  PRESS =  -162.7
 Etot   =      7279.0986  EKtot   =      3605.7500  EPtot      =      3673.3486
 BOND   =       543.2287  ANGLE   =      2330.8804  DIHED      =      1055.4012
 1-4 NB =       817.7959  1-4 EEL =      -229.0086  VDWAALS    =     -1254.1489
 EELEC  =       406.5058  EHBOND  =         0.0000  RESTRAINT  =         2.6939
 EAMBER (non-restraint)  =      3670.6546
 EKCMT  =       356.5075  VIRIAL  =       726.8116  VOLUME     =    105411.8583
                                                    Density    =         0.3902
 Ewald error estimate:   0.5283E-04
 ------------------------------------------------------------------------------


 NSTEP =    13500   TIME(PS) =      37.000  TEMP(K) =   300.54  PRESS =  -251.2
 Etot   =      7234.4493  EKtot   =      3683.0949  EPtot      =      3551.3545
 BOND   =       519.5077  ANGLE   =      2294.2538  DIHED      =      1059.5170
 1-4 NB =       807.4511  1-4 EEL =      -227.7786  VDWAALS    =     -1310.5524
 EELEC  =       405.8175  EHBOND  =         0.0000  RESTRAINT  =         3.1383
 EAMBER (non-restraint)  =      3548.2161
 EKCMT  =       342.4959  VIRIAL  =       890.3203  VOLUME     =    100995.4929
                                                    Density    =         0.4073
 Ewald error estimate:   0.2555E-03
 ------------------------------------------------------------------------------


 NSTEP =    15000   TIME(PS) =      40.000  TEMP(K) =   301.28  PRESS =  -176.2
 Etot   =      7168.5020  EKtot   =      3692.2177  EPtot      =      3476.2844
 BOND   =       545.2110  ANGLE   =      2300.5201  DIHED      =      1046.5997
 1-4 NB =       801.7706  1-4 EEL =      -228.7988  VDWAALS    =     -1399.3094
 EELEC  =       406.5851  EHBOND  =         0.0000  RESTRAINT  =         3.7061
 EAMBER (non-restraint)  =      3472.5783
 EKCMT  =       343.6769  VIRIAL  =       709.6003  VOLUME     =     96204.3023
                                                    Density    =         0.4275
 Ewald error estimate:   0.3443E-03
 ------------------------------------------------------------------------------


      A V E R A G E S   O V E R   15000 S T E P S


 NSTEP =    15000   TIME(PS) =      40.000  TEMP(K) =   296.36  PRESS =   -55.7
 Etot   =      7209.5991  EKtot   =      3631.8951  EPtot      =      3577.7040
 BOND   =       500.1548  ANGLE   =      2121.3154  DIHED      =      1088.9512
 1-4 NB =       818.5641  1-4 EEL =      -227.3690  VDWAALS    =     -1135.4797
 EELEC  =       405.3541  EHBOND  =         0.0000  RESTRAINT  =         6.2130
 EAMBER (non-restraint)  =      3571.4910
 EKCMT  =       417.0725  VIRIAL  =       541.8459  VOLUME     =    112131.3289
                                                    Density    =         0.3682
 Ewald error estimate:   0.1997E-03
 ------------------------------------------------------------------------------


      R M S  F L U C T U A T I O N S


 NSTEP =    15000   TIME(PS) =      40.000  TEMP(K) =     3.55  PRESS =   122.9
 Etot   =       147.9255  EKtot   =        43.5067  EPtot      =       125.5801
 BOND   =        38.4203  ANGLE   =       188.8554  DIHED      =        24.5412
 1-4 NB =        11.0836  1-4 EEL =         1.5324  VDWAALS    =       119.4903
 EELEC  =         0.9817  EHBOND  =         0.0000  RESTRAINT  =         2.2909
 EAMBER (non-restraint)  =       123.2892
 EKCMT  =        82.7726  VIRIAL  =       229.7343  VOLUME     =      6711.3516
                                                    Density    =         0.0234
 Ewald error estimate:   0.9393E-04
 ------------------------------------------------------------------------------


--------------------------------------------------------------------------------
   5.  TIMINGS
--------------------------------------------------------------------------------

|                Build the list            16.30 (97.67% of List )
|                Other                      0.39 ( 2.33% of List )
|             List time                 16.69 ( 4.56% of Nonbo)
|                   Short_ene time           212.40 (98.27% of Direc)
|                   Other                      3.73 ( 1.73% of Direc)
|                Direct Ewald time        216.13 (61.90% of Ewald)
|                Adjust Ewald time         15.94 ( 4.57% of Ewald)
|                Self Ewald time            0.02 ( 0.01% of Ewald)
|                   Fill Bspline coeffs        3.53 ( 3.26% of Recip)
|                   Fill charge grid           9.55 ( 8.80% of Recip)
|                   Scalar sum                23.74 (21.89% of Recip)
|                   Grad sum                  18.97 (17.49% of Recip)
|                   FFT time                  52.65 (48.54% of Recip)
|                   Other                      0.02 ( 0.02% of Recip)
|                Recip Ewald time         108.47 (31.07% of Ewald)
|                Force Adjust               0.08 ( 0.02% of Ewald)
|                Virial junk                0.45 ( 0.13% of Ewald)
|                Other                      8.06 ( 2.31% of Ewald)
|             Ewald time               349.16 (95.42% of Nonbo)
|             Other                      0.05 ( 0.01% of Nonbo)
|          Nonbond force            365.90 (84.15% of Force)
|          Bond/Angle/Dihedral       68.71 (15.80% of Force)
|          Other                      0.22 ( 0.05% of Force)
|       Force time               434.84 (98.41% of Runmd)
|       Shake time                 3.17 ( 0.72% of Runmd)
|       Verlet update time         2.83 ( 0.64% of Runmd)
|       Ekcmr time                 0.38 ( 0.09% of Runmd)
|       Other                      0.66 ( 0.15% of Runmd)
|    Runmd Time               441.88 (100.0% of Total)
|    Other                      0.08 ( 0.02% of Total)
| Total time               441.97 (100.0% of ALL  )

| Number of list builds   :        864

| Highest rstack allocated:     387502
| Highest istack allocated:       5284

| Final Performance Info:
| -----------------------------------------------------
| Average timings for all steps:
|     Elapsed(s) =     441.88 Per Step(ms) =      29.46
|         ns/day =       5.87   seconds/ns =   14729.42
| -----------------------------------------------------

|           Job began  at 17:49:24.243  on 03/23/2017
|           Setup done at 17:49:24.329  on 03/23/2017
|           Run   done at 17:56:46.212  on 03/23/2017
|     wallclock() was called  691751 times
