
          -------------------------------------------------------
          Amber 16 SANDER                              2016
          -------------------------------------------------------

| Run on 03/22/2017 at 11:38:31

|   Executable path: sander
| Working directory: /home/steboss/Simulation/logP_standrews/c_23difluoro/cyclohexane/equilibration
|          Hostname: Unknown
  [-O]verwriting output

File Assignments:
|  MDIN: md00002.in                                                            
| MDOUT: md00002.out                                                           
|INPCRD: min00001.rst7                                                         
|  PARM: solvated.parm7                                                        
|RESTRT: md00002.rst7                                                          
|  REFC: solvated.rst7                                                         
| MDVEL: mdvel                                                                 
| MDFRC: mdfrc                                                                 
|  MDEN: md00002.en                                                            
| MDCRD: md00002.nc                                                            
|MDINFO: md00002.info                                                          
|  MTMD: mtmd                                                                  
|INPDIP: inpdip                                                                
|RSTDIP: rstdip                                                                
|INPTRA: inptraj                                                               


 Here is the input file:

heat the system                                                                
&cntrl                                                                         
ntxo=1,                                                                        
imin = 0, nstlim = 1000, irest = 0, ntx = 1, dt = 0.002,                       
nmropt = 1,                                                                    
ntt = 1, temp0 = 300.0, tempi = 5.0, tautp = 1.0,                              
ntb = 1, pres0 = 1.0,                                                          
ntc = 2, ntf = 2,                                                              
ioutfm = 1, iwrap = 1,                                                         
ntwe = 200, ntwx = 200, ntpr = 100,                                            
ntr = 1, restraint_wt = 10.00,                                                 
restraintmask="!:CYC",                                                         
/                                                                              
                                                                               
&wt                                                                            
type = 'TEMP0',                                                                
istep1 = 0, istep2 = 1000,                                                     
value1 = 5.0, value2 = 300.0                                                   
/                                                                              
                                                                               
&wt type = 'END'                                                               
 /                                                                             
                                                                               

--------------------------------------------------------------------------------
   1.  RESOURCE   USE: 
--------------------------------------------------------------------------------

| Flags:                                                                        
 getting new box info from bottom of inpcrd
|  INFO: Old style inpcrd file read

| peek_ewald_inpcrd: Box info found
|Largest sphere to fit in unit cell has radius =    19.210
| New format PARM file being parsed.
| Version =    1.000 Date = 03/22/17 Time = 11:38:29
 NATOM  =    3772 NTYPES =       6 NBONH =    2510 MBONA  =    1263
 NTHETH =    6274 MTHETA =    1268 NPHIH =   10052 MPHIA  =    3784
 NHPARM =       0 NPARM  =       0 NNB   =   22211 NRES   =     209
 NBONA  =    1263 NTHETA =    1268 NPHIA =    3784 NUMBND =       7
 NUMANG =      11 NPTRA  =      12 NATYP =       6 NPHB   =       0
 IFBOX  =       1 NMXRS  =      28 IFCAP =       0 NEXTRA =       0
 NCOPY  =       0


|     Memory Use     Allocated
|     Real              351565
|     Hollerith          11527
|     Integer           804027
|     Max Pairs        1257333
|     nblistReal         45264
|     nblist Int        337671
|       Total            12516 kbytes

| Note: 1-4 EEL scale factors are being read from the topology file.

| Note: 1-4 VDW scale factors are being read from the topology file.
| Duplicated    0 dihedrals
| Duplicated    0 dihedrals

     BOX TYPE: RECTILINEAR

--------------------------------------------------------------------------------
   2.  CONTROL  DATA  FOR  THE  RUN
--------------------------------------------------------------------------------

LIG                                                                             

General flags:
     imin    =       0, nmropt  =       1

Nature and format of input:
     ntx     =       1, irest   =       0, ntrx    =       1

Nature and format of output:
     ntxo    =       1, ntpr    =     100, ntrx    =       1, ntwr    =    1000
     iwrap   =       1, ntwx    =     200, ntwv    =       0, ntwe    =     200
     ioutfm  =       1, ntwprt  =       0, idecomp =       0, rbornstat=      0

Potential function:
     ntf     =       2, ntb     =       1, igb     =       0, nsnb    =      25
     ipol    =       0, gbsa    =       0, iesp    =       0
     dielc   =   1.00000, cut     =   8.00000, intdiel =   1.00000

Frozen or restrained atoms:
     ibelly  =       0, ntr     =       1
     restraint_wt =  10.00000

Molecular dynamics:
     nstlim  =      1000, nscm    =         0, nrespa  =         1
     t       =   0.00000, dt      =   0.00200, vlimit  =  20.00000

Berendsen (weak-coupling) temperature regulation:
     temp0   = 300.00000, tempi   =   5.00000, tautp   =   1.00000

SHAKE:
     ntc     =       2, jfastw  =       0
     tol     =   0.00001

NMR refinement options:
     iscale  =       0, noeskp  =       1, ipnlty  =       1, mxsub   =       1
     scalm   = 100.00000, pencut  =   0.10000, tausw   =   0.10000

Ewald parameters:
     verbose =       0, ew_type =       0, nbflag  =       1, use_pme =       1
     vdwmeth =       1, eedmeth =       1, netfrc  =       1
     Box X =   40.882   Box Y =   50.917   Box Z =   38.420
     Alpha =   90.000   Beta  =   90.000   Gamma =   90.000
     NFFT1 =   40       NFFT2 =   50       NFFT3 =   40
     Cutoff=    8.000   Tol   =0.100E-04
     Ewald Coefficient =  0.34864
     Interpolation order =    4

    LOADING THE CONSTRAINED ATOMS AS GROUPS


   5.  REFERENCE ATOM COORDINATES

  LIG 
     Mask !:CYC; matches    28 atoms

--------------------------------------------------------------------------------
   3.  ATOMIC COORDINATES AND VELOCITIES
--------------------------------------------------------------------------------

LIG                                                                             
 begin time read from input coords =     0.000 ps



           Begin reading energy term weight changes/NMR restraints
 WEIGHT CHANGES:
 TEMP0         0   1000    5.000000  300.000000      0      0

 RESTRAINTS:
                          ** No restraint defined **

                  Done reading weight changes/NMR restraints


 Number of triangulated 3-point waters found:        0

     Sum of charges from parm topology file =  -0.00200000
     Forcing neutrality...

--------------------------------------------------------------------------------
   4.  RESULTS
--------------------------------------------------------------------------------

|  # of SOLUTE  degrees of freedom (RNDFP):    8806.
|  # of SOLVENT degrees of freedom (RNDFS):       0.
|  NDFMIN =    8806.     NUM_NOSHAKE =      0     CORRECTED RNDFP =    8806.
|  TOTAL # of degrees of freedom (RNDF) =    8806.
 ---------------------------------------------------
 APPROXIMATING switch and d/dx switch using CUBIC SPLINE INTERPOLATION
 using   5000.0 points per unit in tabled values
 TESTING RELATIVE ERROR over r ranging from 0.0 to cutoff
| CHECK switch(x): max rel err =   0.2738E-14   at   2.422500
| CHECK d/dx switch(x): max rel err =   0.8332E-11   at   2.782960
 ---------------------------------------------------
| Local SIZE OF NONBOND LIST =     367612
| TOTAL SIZE OF NONBOND LIST =     367612

 NSTEP =        0   TIME(PS) =       0.000  TEMP(K) =     6.47  PRESS =     0.0
 Etot   =       744.2715  EKtot   =        56.6128  EPtot      =       687.6587
 BOND   =        27.8698  ANGLE   =        20.7212  DIHED      =       595.0050
 1-4 NB =       491.8355  1-4 EEL =      -165.4396  VDWAALS    =      -572.4220
 EELEC  =       289.8435  EHBOND  =         0.0000  RESTRAINT  =         0.2453
 EAMBER (non-restraint)  =       687.4133
 Ewald error estimate:   0.3021E-03
 ------------------------------------------------------------------------------

 NMR restraints: Bond =    0.000   Angle =     0.000   Torsion =     0.000
===============================================================================

 NSTEP =      100   TIME(PS) =       0.200  TEMP(K) =     4.06  PRESS =     0.0
 Etot   =       748.8149  EKtot   =        35.5445  EPtot      =       713.2705
 BOND   =        30.0817  ANGLE   =        41.3888  DIHED      =       596.1991
 1-4 NB =       494.3103  1-4 EEL =      -165.3163  VDWAALS    =      -573.6866
 EELEC  =       289.9846  EHBOND  =         0.0000  RESTRAINT  =         0.3088
 EAMBER (non-restraint)  =       712.9617
 Ewald error estimate:   0.5448E-06
 ------------------------------------------------------------------------------

 NMR restraints: Bond =    0.000   Angle =     0.000   Torsion =     0.000
===============================================================================

 NSTEP =      200   TIME(PS) =       0.400  TEMP(K) =    10.27  PRESS =     0.0
 Etot   =       807.1372  EKtot   =        89.8815  EPtot      =       717.2557
 BOND   =        36.2254  ANGLE   =        48.8123  DIHED      =       598.2901
 1-4 NB =       491.7634  1-4 EEL =      -165.2221  VDWAALS    =      -582.7741
 EELEC  =       289.8463  EHBOND  =         0.0000  RESTRAINT  =         0.3145
 EAMBER (non-restraint)  =       716.9412
 Ewald error estimate:   0.5796E-03
 ------------------------------------------------------------------------------

 NMR restraints: Bond =    0.000   Angle =     0.000   Torsion =     0.000
===============================================================================

 NSTEP =      300   TIME(PS) =       0.600  TEMP(K) =    21.98  PRESS =     0.0
 Etot   =       916.9845  EKtot   =       192.2893  EPtot      =       724.6951
 BOND   =        34.8044  ANGLE   =        70.2108  DIHED      =       599.5836
 1-4 NB =       499.4938  1-4 EEL =      -165.4799  VDWAALS    =      -604.3535
 EELEC  =       290.1370  EHBOND  =         0.0000  RESTRAINT  =         0.2990
 EAMBER (non-restraint)  =       724.3961
 Ewald error estimate:   0.5298E-03
 ------------------------------------------------------------------------------

 NMR restraints: Bond =    0.000   Angle =     0.000   Torsion =     0.000
===============================================================================

 NSTEP =      400   TIME(PS) =       0.800  TEMP(K) =    42.43  PRESS =     0.0
 Etot   =      1052.4727  EKtot   =       371.2349  EPtot      =       681.2377
 BOND   =        36.9960  ANGLE   =        62.4677  DIHED      =       602.3625
 1-4 NB =       494.9776  1-4 EEL =      -165.1929  VDWAALS    =      -640.5746
 EELEC  =       289.7050  EHBOND  =         0.0000  RESTRAINT  =         0.4964
 EAMBER (non-restraint)  =       680.7414
 Ewald error estimate:   0.1647E-03
 ------------------------------------------------------------------------------

 NMR restraints: Bond =    0.000   Angle =     0.000   Torsion =     0.000
===============================================================================

 NSTEP =      500   TIME(PS) =       1.000  TEMP(K) =    59.79  PRESS =     0.0
 Etot   =      1207.4480  EKtot   =       523.1366  EPtot      =       684.3115
 BOND   =        42.7232  ANGLE   =        93.2727  DIHED      =       603.1041
 1-4 NB =       500.3234  1-4 EEL =      -165.4858  VDWAALS    =      -680.1492
 EELEC  =       290.0886  EHBOND  =         0.0000  RESTRAINT  =         0.4344
 EAMBER (non-restraint)  =       683.8770
 Ewald error estimate:   0.2028E-04
 ------------------------------------------------------------------------------

 NMR restraints: Bond =    0.000   Angle =     0.000   Torsion =     0.000
===============================================================================

 NSTEP =      600   TIME(PS) =       1.200  TEMP(K) =    79.47  PRESS =     0.0
 Etot   =      1377.1321  EKtot   =       695.3629  EPtot      =       681.7692
 BOND   =        46.7739  ANGLE   =        98.1212  DIHED      =       611.0106
 1-4 NB =       500.6764  1-4 EEL =      -164.9313  VDWAALS    =      -699.9766
 EELEC  =       289.5946  EHBOND  =         0.0000  RESTRAINT  =         0.5004
 EAMBER (non-restraint)  =       681.2687
 Ewald error estimate:   0.1807E-03
 ------------------------------------------------------------------------------

 NMR restraints: Bond =    0.000   Angle =     0.000   Torsion =     0.000
===============================================================================

 NSTEP =      700   TIME(PS) =       1.400  TEMP(K) =    94.07  PRESS =     0.0
 Etot   =      1567.7234  EKtot   =       823.0356  EPtot      =       744.6878
 BOND   =        55.2052  ANGLE   =       157.4717  DIHED      =       622.3111
 1-4 NB =       502.4025  1-4 EEL =      -164.7522  VDWAALS    =      -717.9611
 EELEC  =       289.4157  EHBOND  =         0.0000  RESTRAINT  =         0.5949
 EAMBER (non-restraint)  =       744.0929
 Ewald error estimate:   0.2451E-04
 ------------------------------------------------------------------------------

 NMR restraints: Bond =    0.000   Angle =     0.000   Torsion =     0.000
===============================================================================

 NSTEP =      800   TIME(PS) =       1.600  TEMP(K) =   115.27  PRESS =     0.0
 Etot   =      1771.3329  EKtot   =      1008.5352  EPtot      =       762.7978
 BOND   =        55.7104  ANGLE   =       159.9822  DIHED      =       631.5763
 1-4 NB =       511.7072  1-4 EEL =      -165.2747  VDWAALS    =      -721.3804
 EELEC  =       289.8128  EHBOND  =         0.0000  RESTRAINT  =         0.6641
 EAMBER (non-restraint)  =       762.1337
 Ewald error estimate:   0.8406E-04
 ------------------------------------------------------------------------------

 NMR restraints: Bond =    0.000   Angle =     0.000   Torsion =     0.000
===============================================================================

 NSTEP =      900   TIME(PS) =       1.800  TEMP(K) =   138.73  PRESS =     0.0
 Etot   =      1992.3275  EKtot   =      1213.8704  EPtot      =       778.4570
 BOND   =        57.2276  ANGLE   =       187.9067  DIHED      =       638.0363
 1-4 NB =       508.4266  1-4 EEL =      -164.5105  VDWAALS    =      -738.4686
 EELEC  =       289.2050  EHBOND  =         0.0000  RESTRAINT  =         0.6339
 EAMBER (non-restraint)  =       777.8231
 Ewald error estimate:   0.3796E-04
 ------------------------------------------------------------------------------

 NMR restraints: Bond =    0.000   Angle =     0.000   Torsion =     0.000
===============================================================================

 NSTEP =     1000   TIME(PS) =       2.000  TEMP(K) =   155.21  PRESS =     0.0
 Etot   =      2233.7668  EKtot   =      1358.0036  EPtot      =       875.7632
 BOND   =        68.2420  ANGLE   =       220.5767  DIHED      =       662.1380
 1-4 NB =       509.8751  1-4 EEL =      -163.4022  VDWAALS    =      -710.9765
 EELEC  =       288.2620  EHBOND  =         0.0000  RESTRAINT  =         1.0480
 EAMBER (non-restraint)  =       874.7152
 Ewald error estimate:   0.1897E-03
 ------------------------------------------------------------------------------

 NMR restraints: Bond =    0.000   Angle =     0.000   Torsion =     0.000
===============================================================================

      A V E R A G E S   O V E R    1000 S T E P S


 NSTEP =     1000   TIME(PS) =       2.000  TEMP(K) =    64.14  PRESS =     0.0
 Etot   =      1291.3768  EKtot   =       561.2210  EPtot      =       730.1558
 BOND   =        44.1658  ANGLE   =       108.3875  DIHED      =       613.4955
 1-4 NB =       500.2691  1-4 EEL =      -165.0035  VDWAALS    =      -661.3469
 EELEC  =       289.6829  EHBOND  =         0.0000  RESTRAINT  =         0.5055
 EAMBER (non-restraint)  =       729.6503
 Ewald error estimate:   0.2184E-03
 ------------------------------------------------------------------------------

 NMR restraints: Bond =    0.000   Angle =     0.000   Torsion =     0.000
===============================================================================

      R M S  F L U C T U A T I O N S


 NSTEP =     1000   TIME(PS) =       2.000  TEMP(K) =    49.22  PRESS =     0.0
 Etot   =       458.2358  EKtot   =       430.6217  EPtot      =        41.1670
 BOND   =         9.8929  ANGLE   =        54.9572  DIHED      =        18.0728
 1-4 NB =         6.0657  1-4 EEL =         0.4879  VDWAALS    =        62.7870
 EELEC  =         0.3761  EHBOND  =         0.0000  RESTRAINT  =         0.1621
 EAMBER (non-restraint)  =        41.0049
 Ewald error estimate:   0.1906E-03
 ------------------------------------------------------------------------------


 NMR restraints on final step:


--------------------------------------------------------------------------------
   5.  TIMINGS
--------------------------------------------------------------------------------

|    Read coords time           0.00 ( 0.02% of Total)
|                Build the list             0.38 (92.94% of List )
|                Other                      0.03 ( 7.06% of List )
|             List time                  0.41 ( 2.72% of Nonbo)
|                   Short_ene time             8.52 (98.61% of Direc)
|                   Other                      0.12 ( 1.39% of Direc)
|                Direct Ewald time          8.64 (59.21% of Ewald)
|                Adjust Ewald time          0.70 ( 4.82% of Ewald)
|                Self Ewald time            0.00 ( 0.01% of Ewald)
|                   Fill Bspline coeffs        0.15 ( 3.12% of Recip)
|                   Fill charge grid           0.42 ( 8.57% of Recip)
|                   Scalar sum                 1.14 (23.60% of Recip)
|                   Grad sum                   0.86 (17.69% of Recip)
|                   FFT time                   2.28 (46.99% of Recip)
|                   Other                      0.00 ( 0.03% of Recip)
|                Recip Ewald time           4.85 (33.23% of Ewald)
|                Force Adjust               0.00 ( 0.02% of Ewald)
|                Virial junk                0.02 ( 0.13% of Ewald)
|                Other                      0.38 ( 2.58% of Ewald)
|             Ewald time                14.59 (97.25% of Nonbo)
|             Other                      0.00 ( 0.02% of Nonbo)
|          Nonbond force             15.00 (82.97% of Force)
|          Bond/Angle/Dihedral        3.07 (16.98% of Force)
|          Other                      0.01 ( 0.05% of Force)
|       Force time                18.08 (98.66% of Runmd)
|       Shake time                 0.12 ( 0.67% of Runmd)
|       Verlet update time         0.11 ( 0.59% of Runmd)
|       Other                      0.02 ( 0.09% of Runmd)
|    Runmd Time                18.33 (99.71% of Total)
|    Other                      0.05 ( 0.27% of Total)
| Total time                18.38 (100.0% of ALL  )

| Number of list builds   :         30

| Highest rstack allocated:     283846
| Highest istack allocated:       3772

| Final Performance Info:
| -----------------------------------------------------
| Average timings for all steps:
|     Elapsed(s) =      18.33 Per Step(ms) =      18.33
|         ns/day =       9.43   seconds/ns =    9164.43
| -----------------------------------------------------

|           Job began  at 11:38:31.532  on 03/22/2017
|           Setup done at 11:38:31.586  on 03/22/2017
|           Run   done at 11:38:49.914  on 03/22/2017
|     wallclock() was called   44121 times
