
          -------------------------------------------------------
          Amber 16 SANDER                              2016
          -------------------------------------------------------

| Run on 03/23/2017 at 17:46:27

|   Executable path: sander
| Working directory: /home/steboss/Simulation/logP_standrews/inputfiles/c_23difluoro/cyclohexane/equilibration
|          Hostname: Unknown
  [-O]verwriting output

File Assignments:
|  MDIN: min00001.in                                                           
| MDOUT: min00001.out                                                          
|INPCRD: solvated.rst7                                                         
|  PARM: solvated.parm7                                                        
|RESTRT: min00001.rst7                                                         
|  REFC: solvated.rst7                                                         
| MDVEL: mdvel                                                                 
| MDFRC: mdfrc                                                                 
|  MDEN: min00001.en                                                           
| MDCRD: min00001.nc                                                           
|MDINFO: min00001.info                                                         
|  MTMD: mtmd                                                                  
|INPDIP: inpdip                                                                
|RSTDIP: rstdip                                                                
|INPTRA: inptraj                                                               


 Here is the input file:

                                                                               
Minimise whole system                                                          
&cntrl                                                                         
ntxo=1,                                                                        
imin = 1, ntmin = 1,                                                           
maxcyc = 100, ncyc = 10,                                                       
ntpr = 20, ntwe = 20,                                                          
dx0 = 1.0D-7,                                                                  
ntb = 1,                                                                       
ntr = 1, restraint_wt = 10.00,                                                 
restraintmask="!:CYC",                                                         
/                                                                              

--------------------------------------------------------------------------------
   1.  RESOURCE   USE: 
--------------------------------------------------------------------------------

| Flags:                                                                        
 getting new box info from bottom of inpcrd
|  INFO: Old style inpcrd file read

| peek_ewald_inpcrd: Box info found
|Largest sphere to fit in unit cell has radius =    20.441
| New format PARM file being parsed.
| Version =    1.000 Date = 03/23/17 Time = 17:46:27
 NATOM  =    5284 NTYPES =       6 NBONH =    3518 MBONA  =    1767
 NTHETH =    8794 MTHETA =    1772 NPHIH =   14084 MPHIA  =    5296
 NHPARM =       0 NPARM  =       0 NNB   =   31116 NRES   =     293
 NBONA  =    1767 NTHETA =    1772 NPHIA =    5296 NUMBND =       7
 NUMANG =      11 NPTRA  =      12 NATYP =       6 NPHB   =       0
 IFBOX  =       1 NMXRS  =      28 IFCAP =       0 NEXTRA =       0
 NCOPY  =       0


|     Memory Use     Allocated
|     Real              521046
|     Hollerith          16147
|     Integer          1118148
|     Max Pairs        1761333
|     nblistReal         63408
|     nblist Int        483154
|       Total            17764 kbytes

| Note: 1-4 EEL scale factors are being read from the topology file.

| Note: 1-4 VDW scale factors are being read from the topology file.
| Duplicated    0 dihedrals
| Duplicated    0 dihedrals

     BOX TYPE: RECTILINEAR

--------------------------------------------------------------------------------
   2.  CONTROL  DATA  FOR  THE  RUN
--------------------------------------------------------------------------------

LIG                                                                             

General flags:
     imin    =       1, nmropt  =       0

Nature and format of input:
     ntx     =       1, irest   =       0, ntrx    =       1

Nature and format of output:
     ntxo    =       1, ntpr    =      20, ntrx    =       1, ntwr    =       1
     iwrap   =       0, ntwx    =       0, ntwv    =       0, ntwe    =      20
     ioutfm  =       1, ntwprt  =       0, idecomp =       0, rbornstat=      0

Potential function:
     ntf     =       1, ntb     =       1, igb     =       0, nsnb    =      25
     ipol    =       0, gbsa    =       0, iesp    =       0
     dielc   =   1.00000, cut     =   8.00000, intdiel =   1.00000

Frozen or restrained atoms:
     ibelly  =       0, ntr     =       1
     restraint_wt =  10.00000

Energy minimization:
     maxcyc  =     100, ncyc    =      10, ntmin   =       1
     dx0     =   0.00000, drms    =   0.00010

Ewald parameters:
     verbose =       0, ew_type =       0, nbflag  =       1, use_pme =       1
     vdwmeth =       1, eedmeth =       1, netfrc  =       0
     Box X =   40.882   Box Y =   50.917   Box Z =   53.789
     Alpha =   90.000   Beta  =   90.000   Gamma =   90.000
     NFFT1 =   40       NFFT2 =   50       NFFT3 =   54
     Cutoff=    8.000   Tol   =0.100E-04
     Ewald Coefficient =  0.34864
     Interpolation order =    4

    LOADING THE CONSTRAINED ATOMS AS GROUPS


   5.  REFERENCE ATOM COORDINATES

  LIG 
     Mask !:CYC; matches    28 atoms

--------------------------------------------------------------------------------
   3.  ATOMIC COORDINATES AND VELOCITIES
--------------------------------------------------------------------------------

LIG                                                                             
 begin time read from input coords =     0.000 ps

 Number of triangulated 3-point waters found:        0

     Sum of charges from parm topology file =   0.00000000
     Forcing neutrality...

--------------------------------------------------------------------------------
   4.  RESULTS
--------------------------------------------------------------------------------

 ---------------------------------------------------
 APPROXIMATING switch and d/dx switch using CUBIC SPLINE INTERPOLATION
 using   5000.0 points per unit in tabled values
 TESTING RELATIVE ERROR over r ranging from 0.0 to cutoff
| CHECK switch(x): max rel err =   0.2738E-14   at   2.422500
| CHECK d/dx switch(x): max rel err =   0.8332E-11   at   2.782960
 ---------------------------------------------------
| Local SIZE OF NONBOND LIST =     515547
| TOTAL SIZE OF NONBOND LIST =     515547


   NSTEP       ENERGY          RMS            GMAX         NAME    NUMBER
      1       1.1403E+03     2.3347E+00     1.2438E+01     F1          7

 BOND    =       32.0485  ANGLE   =       35.5999  DIHED      =      815.8028
 VDWAALS =     -783.7703  EEL     =      417.1519  HBOND      =        0.0000
 1-4 VDW =      870.0164  1-4 EEL =     -246.5649  RESTRAINT  =        0.0000


   NSTEP       ENERGY          RMS            GMAX         NAME    NUMBER
     20       9.9640E+02     1.1187E+00     3.1526E+01     C8         10

 BOND    =       42.4980  ANGLE   =       37.0723  DIHED      =      806.1625
 VDWAALS =     -791.3512  EEL     =      413.5258  HBOND      =        0.0000
 1-4 VDW =      731.5423  1-4 EEL =     -243.1097  RESTRAINT  =        0.0585
 EAMBER  =      996.3401


   NSTEP       ENERGY          RMS            GMAX         NAME    NUMBER
     40       9.6952E+02     3.4379E-01     5.7562E+00     C7          9

 BOND    =       30.9008  ANGLE   =       24.9441  DIHED      =      823.6042
 VDWAALS =     -797.0725  EEL     =      410.2199  HBOND      =        0.0000
 1-4 VDW =      713.4633  1-4 EEL =     -236.6647  RESTRAINT  =        0.1218
 EAMBER  =      969.3950


   NSTEP       ENERGY          RMS            GMAX         NAME    NUMBER
     60       9.6350E+02     1.1563E-01     5.4386E+00     C7          9

 BOND    =       39.0596  ANGLE   =       29.4229  DIHED      =      831.8301
 VDWAALS =     -800.3181  EEL     =      408.1075  HBOND      =        0.0000
 1-4 VDW =      688.7327  1-4 EEL =     -233.4644  RESTRAINT  =        0.1309
 EAMBER  =      963.3702


   NSTEP       ENERGY          RMS            GMAX         NAME    NUMBER
     80       9.6757E+02     5.8647E-01     5.5929E+00     C4          4

 BOND    =       57.3116  ANGLE   =       24.5719  DIHED      =      832.3223
 VDWAALS =     -800.7374  EEL     =      408.1723  HBOND      =        0.0000
 1-4 VDW =      679.4787  1-4 EEL =     -233.6876  RESTRAINT  =        0.1405
 EAMBER  =      967.4319


   NSTEP       ENERGY          RMS            GMAX         NAME    NUMBER
    100       9.6245E+02     5.9418E-02     2.9774E+00     C10        12

 BOND    =       40.9421  ANGLE   =       29.1042  DIHED      =      830.9214
 VDWAALS =     -800.5553  EEL     =      408.1548  HBOND      =        0.0000
 1-4 VDW =      687.2497  1-4 EEL =     -233.4886  RESTRAINT  =        0.1185
 EAMBER  =      962.3283


  Maximum number of minimization cycles reached.


                    FINAL RESULTS



   NSTEP       ENERGY          RMS            GMAX         NAME    NUMBER
    100       9.6245E+02     5.9418E-02     2.9774E+00     C10        12

 BOND    =       40.9421  ANGLE   =       29.1042  DIHED      =      830.9214
 VDWAALS =     -800.5553  EEL     =      408.1548  HBOND      =        0.0000
 1-4 VDW =      687.2497  1-4 EEL =     -233.4886  RESTRAINT  =        0.1185
 EAMBER  =      962.3283

--------------------------------------------------------------------------------
   5.  TIMINGS
--------------------------------------------------------------------------------

|    Read coords time           0.00 ( 0.11% of Total)
|                Build the list             0.02 (55.84% of List )
|                Other                      0.01 (44.16% of List )
|             List time                  0.03 ( 1.45% of Nonbo)
|                   Short_ene time             1.08 (98.38% of Direc)
|                   Other                      0.02 ( 1.62% of Direc)
|                Direct Ewald time          1.10 (56.68% of Ewald)
|                Adjust Ewald time          0.10 ( 5.02% of Ewald)
|                Self Ewald time            0.00 ( 0.01% of Ewald)
|                   Fill Bspline coeffs        0.02 ( 3.01% of Recip)
|                   Fill charge grid           0.06 ( 8.40% of Recip)
|                   Scalar sum                 0.15 (22.28% of Recip)
|                   Grad sum                   0.12 (17.33% of Recip)
|                   FFT time                   0.34 (48.97% of Recip)
|                   Other                      0.00 ( 0.02% of Recip)
|                Recip Ewald time           0.69 (35.47% of Ewald)
|                Virial junk                0.00 ( 0.12% of Ewald)
|                Other                      0.05 ( 2.70% of Ewald)
|             Ewald time                 1.94 (98.52% of Nonbo)
|             Other                      0.00 ( 0.03% of Nonbo)
|          Nonbond force              1.97 (81.63% of Force)
|          Bond/Angle/Dihedral        0.44 (18.31% of Force)
|          Other                      0.00 ( 0.06% of Force)
|       Force time                 2.42 (100.0% of Runmd)
|    Runmd Time                 2.42 (71.05% of Total)
|    Other                      0.98 (28.84% of Total)
| Total time                 3.40 (100.0% of ALL  )

| Number of list builds   :          1

| Highest rstack allocated:     387502
| Highest istack allocated:       5284
|           Job began  at 17:46:27.783  on 03/23/2017
|           Setup done at 17:46:27.855  on 03/23/2017
|           Run   done at 17:46:31.186  on 03/23/2017
|     wallclock() was called    3850 times
