
          -------------------------------------------------------
          Amber 16 SANDER                              2016
          -------------------------------------------------------

| Run on 03/28/2017 at 11:27:52

|   Executable path: sander
| Working directory: /home/steboss/Simulation/logP_standrews/inputfiles/chair/a_phenyl-cyclohexane/equatorial/water/equilibration
|          Hostname: Unknown
  [-O]verwriting output

File Assignments:
|  MDIN: md00002.in                                                            
| MDOUT: md00002.out                                                           
|INPCRD: min00001.rst7                                                         
|  PARM: solvated.parm7                                                        
|RESTRT: md00002.rst7                                                          
|  REFC: solvated.rst7                                                         
| MDVEL: mdvel                                                                 
| MDFRC: mdfrc                                                                 
|  MDEN: md00002.en                                                            
| MDCRD: md00002.nc                                                            
|MDINFO: md00002.info                                                          
|  MTMD: mtmd                                                                  
|INPDIP: inpdip                                                                
|RSTDIP: rstdip                                                                
|INPTRA: inptraj                                                               


 Here is the input file:

heat the system                                                                
&cntrl                                                                         
ntxo=1,                                                                        
imin = 0, nstlim = 1000, irest = 0, ntx = 1, dt = 0.002,                       
nmropt = 1,                                                                    
ntt = 1, temp0 = 300.0, tempi = 5.0, tautp = 1.0,                              
ntb = 1, pres0 = 1.0,                                                          
ntc = 2, ntf = 2,                                                              
ioutfm = 1, iwrap = 1,                                                         
ntwe = 200, ntwx = 200, ntpr = 100,                                            
ntr = 1, restraint_wt = 10.00,                                                 
restraintmask="!:WAT,HOH,T3P,T4P",                                             
/                                                                              
                                                                               
&wt                                                                            
type = 'TEMP0',                                                                
istep1 = 0, istep2 = 1000,                                                     
value1 = 5.0, value2 = 300.0                                                   
/                                                                              
                                                                               
&wt type = 'END'                                                               
 /                                                                             
                                                                               

--------------------------------------------------------------------------------
   1.  RESOURCE   USE: 
--------------------------------------------------------------------------------

| Flags:                                                                        
 getting new box info from bottom of inpcrd
|  INFO: Old style inpcrd file read

| peek_ewald_inpcrd: Box info found
|Largest sphere to fit in unit cell has radius =    17.477
| New format PARM file being parsed.
| Version =    1.000 Date = 03/28/17 Time = 11:27:50
 NATOM  =    3049 NTYPES =       6 NBONH =    3037 MBONA  =      13
 NTHETH =      38 MTHETA =      16 NPHIH =      69 MPHIA  =      33
 NHPARM =       0 NPARM  =       0 NNB   =    4192 NRES   =    1008
 NBONA  =      13 NTHETA =      16 NPHIA =      33 NUMBND =       7
 NUMANG =       8 NPTRA  =       9 NATYP =       6 NPHB   =       1
 IFBOX  =       1 NMXRS  =      28 IFCAP =       0 NEXTRA =       0
 NCOPY  =       0


|     Memory Use     Allocated
|     Real              300817
|     Hollerith          10157
|     Integer            94343
|     Max Pairs        1016333
|     nblistReal         36588
|     nblist Int        170294
|       Total             7679 kbytes

| Note: 1-4 EEL scale factors are being read from the topology file.

| Note: 1-4 VDW scale factors are being read from the topology file.
| Duplicated    0 dihedrals
| Duplicated    0 dihedrals

     BOX TYPE: RECTILINEAR

--------------------------------------------------------------------------------
   2.  CONTROL  DATA  FOR  THE  RUN
--------------------------------------------------------------------------------

LIG                                                                             

General flags:
     imin    =       0, nmropt  =       1

Nature and format of input:
     ntx     =       1, irest   =       0, ntrx    =       1

Nature and format of output:
     ntxo    =       1, ntpr    =     100, ntrx    =       1, ntwr    =    1000
     iwrap   =       1, ntwx    =     200, ntwv    =       0, ntwe    =     200
     ioutfm  =       1, ntwprt  =       0, idecomp =       0, rbornstat=      0

Potential function:
     ntf     =       2, ntb     =       1, igb     =       0, nsnb    =      25
     ipol    =       0, gbsa    =       0, iesp    =       0
     dielc   =   1.00000, cut     =   8.00000, intdiel =   1.00000

Frozen or restrained atoms:
     ibelly  =       0, ntr     =       1
     restraint_wt =  10.00000

Molecular dynamics:
     nstlim  =      1000, nscm    =         0, nrespa  =         1
     t       =   0.00000, dt      =   0.00200, vlimit  =  20.00000

Berendsen (weak-coupling) temperature regulation:
     temp0   = 300.00000, tempi   =   5.00000, tautp   =   1.00000

SHAKE:
     ntc     =       2, jfastw  =       0
     tol     =   0.00001

NMR refinement options:
     iscale  =       0, noeskp  =       1, ipnlty  =       1, mxsub   =       1
     scalm   = 100.00000, pencut  =   0.10000, tausw   =   0.10000

Ewald parameters:
     verbose =       0, ew_type =       0, nbflag  =       1, use_pme =       1
     vdwmeth =       1, eedmeth =       1, netfrc  =       1
     Box X =   34.986   Box Y =   37.796   Box Z =   34.954
     Alpha =   90.000   Beta  =   90.000   Gamma =   90.000
     NFFT1 =   36       NFFT2 =   40       NFFT3 =   36
     Cutoff=    8.000   Tol   =0.100E-04
     Ewald Coefficient =  0.34864
     Interpolation order =    4

    LOADING THE CONSTRAINED ATOMS AS GROUPS


   5.  REFERENCE ATOM COORDINATES

  LIG 
     Mask !:WAT,HOH,T3P,T4P; matches    28 atoms

--------------------------------------------------------------------------------
   3.  ATOMIC COORDINATES AND VELOCITIES
--------------------------------------------------------------------------------

LIG                                                                             
 begin time read from input coords =     0.000 ps



           Begin reading energy term weight changes/NMR restraints
 WEIGHT CHANGES:
 TEMP0         0   1000    5.000000  300.000000      0      0

 RESTRAINTS:
                          ** No restraint defined **

                  Done reading weight changes/NMR restraints


 Number of triangulated 3-point waters found:     1007

     Sum of charges from parm topology file =   0.00000000
     Forcing neutrality...

--------------------------------------------------------------------------------
   4.  RESULTS
--------------------------------------------------------------------------------

|  # of SOLUTE  degrees of freedom (RNDFP):    6110.
|  # of SOLVENT degrees of freedom (RNDFS):       0.
|  NDFMIN =    6110.     NUM_NOSHAKE =      0     CORRECTED RNDFP =    6110.
|  TOTAL # of degrees of freedom (RNDF) =    6110.
 ---------------------------------------------------
 APPROXIMATING switch and d/dx switch using CUBIC SPLINE INTERPOLATION
 using   5000.0 points per unit in tabled values
 TESTING RELATIVE ERROR over r ranging from 0.0 to cutoff
| CHECK switch(x): max rel err =   0.2738E-14   at   2.422500
| CHECK d/dx switch(x): max rel err =   0.8332E-11   at   2.782960
 ---------------------------------------------------
| Local SIZE OF NONBOND LIST =     455873
| TOTAL SIZE OF NONBOND LIST =     455873

 NSTEP =        0   TIME(PS) =       0.000  TEMP(K) =     7.56  PRESS =     0.0
 Etot   =    -11298.9105  EKtot   =        45.9156  EPtot      =    -11344.8261
 BOND   =         4.4325  ANGLE   =         6.1941  DIHED      =         4.4805
 1-4 NB =         6.0821  1-4 EEL =         0.6006  VDWAALS    =      1571.4941
 EELEC  =    -12939.2952  EHBOND  =         0.0000  RESTRAINT  =         1.1851
 EAMBER (non-restraint)  =    -11346.0112
 Ewald error estimate:   0.1073E-03
 ------------------------------------------------------------------------------

 NMR restraints: Bond =    0.000   Angle =     0.000   Torsion =     0.000
===============================================================================

 NSTEP =      100   TIME(PS) =       0.200  TEMP(K) =    94.14  PRESS =     0.0
 Etot   =     -9966.2021  EKtot   =       571.5093  EPtot      =    -10537.7114
 BOND   =         2.2008  ANGLE   =         4.0435  DIHED      =         3.6494
 1-4 NB =         6.2889  1-4 EEL =         0.6322  VDWAALS    =      2043.6767
 EELEC  =    -12599.1576  EHBOND  =         0.0000  RESTRAINT  =         0.9548
 EAMBER (non-restraint)  =    -10538.6662
 Ewald error estimate:   0.5446E-04
 ------------------------------------------------------------------------------

 NMR restraints: Bond =    0.000   Angle =     0.000   Torsion =     0.000
===============================================================================

 NSTEP =      200   TIME(PS) =       0.400  TEMP(K) =   102.08  PRESS =     0.0
 Etot   =    -10026.5983  EKtot   =       619.6884  EPtot      =    -10646.2866
 BOND   =         1.2412  ANGLE   =         5.1027  DIHED      =         3.6526
 1-4 NB =         6.8517  1-4 EEL =         0.6595  VDWAALS    =      2162.8337
 EELEC  =    -12827.5686  EHBOND  =         0.0000  RESTRAINT  =         0.9407
 EAMBER (non-restraint)  =    -10647.2273
 Ewald error estimate:   0.2904E-04
 ------------------------------------------------------------------------------

 NMR restraints: Bond =    0.000   Angle =     0.000   Torsion =     0.000
===============================================================================

 NSTEP =      300   TIME(PS) =       0.600  TEMP(K) =   108.77  PRESS =     0.0
 Etot   =    -10061.9212  EKtot   =       660.3589  EPtot      =    -10722.2802
 BOND   =         1.4286  ANGLE   =         3.8573  DIHED      =         3.6641
 1-4 NB =         7.5073  1-4 EEL =         0.5180  VDWAALS    =      2193.8253
 EELEC  =    -12934.0007  EHBOND  =         0.0000  RESTRAINT  =         0.9199
 EAMBER (non-restraint)  =    -10723.2000
 Ewald error estimate:   0.4640E-03
 ------------------------------------------------------------------------------

 NMR restraints: Bond =    0.000   Angle =     0.000   Torsion =     0.000
===============================================================================

 NSTEP =      400   TIME(PS) =       0.800  TEMP(K) =   111.47  PRESS =     0.0
 Etot   =    -10067.2456  EKtot   =       676.7158  EPtot      =    -10743.9614
 BOND   =         2.2560  ANGLE   =         3.3751  DIHED      =         4.0843
 1-4 NB =         6.7528  1-4 EEL =         0.6139  VDWAALS    =      2148.8214
 EELEC  =    -12910.6162  EHBOND  =         0.0000  RESTRAINT  =         0.7514
 EAMBER (non-restraint)  =    -10744.7128
 Ewald error estimate:   0.3582E-03
 ------------------------------------------------------------------------------

 NMR restraints: Bond =    0.000   Angle =     0.000   Torsion =     0.000
===============================================================================

 NSTEP =      500   TIME(PS) =       1.000  TEMP(K) =   116.80  PRESS =     0.0
 Etot   =    -10037.1408  EKtot   =       709.0676  EPtot      =    -10746.2083
 BOND   =         2.9034  ANGLE   =         3.1927  DIHED      =         3.9032
 1-4 NB =         6.1172  1-4 EEL =         0.5011  VDWAALS    =      2124.4429
 EELEC  =    -12888.2338  EHBOND  =         0.0000  RESTRAINT  =         0.9651
 EAMBER (non-restraint)  =    -10747.1734
 Ewald error estimate:   0.1719E-03
 ------------------------------------------------------------------------------

 NMR restraints: Bond =    0.000   Angle =     0.000   Torsion =     0.000
===============================================================================

 NSTEP =      600   TIME(PS) =       1.200  TEMP(K) =   122.95  PRESS =     0.0
 Etot   =     -9979.3018  EKtot   =       746.4029  EPtot      =    -10725.7047
 BOND   =         1.6597  ANGLE   =         3.2037  DIHED      =         3.1652
 1-4 NB =         7.0466  1-4 EEL =         0.4792  VDWAALS    =      2069.7453
 EELEC  =    -12812.1495  EHBOND  =         0.0000  RESTRAINT  =         1.1451
 EAMBER (non-restraint)  =    -10726.8498
 Ewald error estimate:   0.9252E-04
 ------------------------------------------------------------------------------

 NMR restraints: Bond =    0.000   Angle =     0.000   Torsion =     0.000
===============================================================================

 NSTEP =      700   TIME(PS) =       1.400  TEMP(K) =   128.74  PRESS =     0.0
 Etot   =     -9893.7220  EKtot   =       781.5938  EPtot      =    -10675.3159
 BOND   =         0.9438  ANGLE   =         5.3420  DIHED      =         3.5908
 1-4 NB =         7.7007  1-4 EEL =         0.6146  VDWAALS    =      1992.4614
 EELEC  =    -12687.7670  EHBOND  =         0.0000  RESTRAINT  =         1.7980
 EAMBER (non-restraint)  =    -10677.1138
 Ewald error estimate:   0.3846E-03
 ------------------------------------------------------------------------------

 NMR restraints: Bond =    0.000   Angle =     0.000   Torsion =     0.000
===============================================================================

 NSTEP =      800   TIME(PS) =       1.600  TEMP(K) =   142.87  PRESS =     0.0
 Etot   =     -9784.5758  EKtot   =       867.3612  EPtot      =    -10651.9370
 BOND   =         1.9688  ANGLE   =         3.8282  DIHED      =         4.5981
 1-4 NB =         7.1023  1-4 EEL =         0.5244  VDWAALS    =      1959.0719
 EELEC  =    -12631.0549  EHBOND  =         0.0000  RESTRAINT  =         2.0243
 EAMBER (non-restraint)  =    -10653.9613
 Ewald error estimate:   0.1180E-03
 ------------------------------------------------------------------------------

 NMR restraints: Bond =    0.000   Angle =     0.000   Torsion =     0.000
===============================================================================

 NSTEP =      900   TIME(PS) =       1.800  TEMP(K) =   152.18  PRESS =     0.0
 Etot   =     -9652.3459  EKtot   =       923.8875  EPtot      =    -10576.2334
 BOND   =         1.6720  ANGLE   =         4.6836  DIHED      =         3.5603
 1-4 NB =         7.1302  1-4 EEL =         0.6061  VDWAALS    =      1973.4778
 EELEC  =    -12568.8560  EHBOND  =         0.0000  RESTRAINT  =         1.4926
 EAMBER (non-restraint)  =    -10577.7260
 Ewald error estimate:   0.1451E-03
 ------------------------------------------------------------------------------

 NMR restraints: Bond =    0.000   Angle =     0.000   Torsion =     0.000
===============================================================================

 NSTEP =     1000   TIME(PS) =       2.000  TEMP(K) =   165.94  PRESS =     0.0
 Etot   =     -9498.8946  EKtot   =      1007.3808  EPtot      =    -10506.2753
 BOND   =         3.6555  ANGLE   =         4.9726  DIHED      =         4.6264
 1-4 NB =         6.2401  1-4 EEL =         0.4844  VDWAALS    =      1955.4780
 EELEC  =    -12483.5854  EHBOND  =         0.0000  RESTRAINT  =         1.8531
 EAMBER (non-restraint)  =    -10508.1284
 Ewald error estimate:   0.3052E-03
 ------------------------------------------------------------------------------

 NMR restraints: Bond =    0.000   Angle =     0.000   Torsion =     0.000
===============================================================================

      A V E R A G E S   O V E R    1000 S T E P S


 NSTEP =     1000   TIME(PS) =       2.000  TEMP(K) =   117.15  PRESS =     0.0
 Etot   =     -9919.4743  EKtot   =       711.1849  EPtot      =    -10630.6591
 BOND   =         1.9244  ANGLE   =         4.1644  DIHED      =         3.8174
 1-4 NB =         6.8660  1-4 EEL =         0.5541  VDWAALS    =      2032.5743
 EELEC  =    -12681.8695  EHBOND  =         0.0000  RESTRAINT  =         1.3097
 EAMBER (non-restraint)  =    -10631.9688
 Ewald error estimate:   0.2080E-03
 ------------------------------------------------------------------------------

 NMR restraints: Bond =    0.000   Angle =     0.000   Torsion =     0.000
===============================================================================

      R M S  F L U C T U A T I O N S


 NSTEP =     1000   TIME(PS) =       2.000  TEMP(K) =    27.86  PRESS =     0.0
 Etot   =       158.1874  EKtot   =       169.1332  EPtot      =       145.0216
 BOND   =         0.9579  ANGLE   =         0.7500  DIHED      =         0.3148
 1-4 NB =         0.5506  1-4 EEL =         0.0520  VDWAALS    =       163.2030
 EELEC  =       295.1370  EHBOND  =         0.0000  RESTRAINT  =         0.5448
 EAMBER (non-restraint)  =       144.4768
 Ewald error estimate:   0.1329E-03
 ------------------------------------------------------------------------------


 NMR restraints on final step:


--------------------------------------------------------------------------------
   5.  TIMINGS
--------------------------------------------------------------------------------

|    Read coords time           0.00 ( 0.01% of Total)
|                Build the list             0.93 (97.01% of List )
|                Other                      0.03 ( 2.99% of List )
|             List time                  0.96 ( 5.05% of Nonbo)
|                   Short_ene time            13.64 (99.22% of Direc)
|                   Other                      0.11 ( 0.78% of Direc)
|                Direct Ewald time         13.75 (76.60% of Ewald)
|                Adjust Ewald time          0.12 ( 0.68% of Ewald)
|                Self Ewald time            0.00 ( 0.01% of Ewald)
|                   Fill Bspline coeffs        0.14 ( 3.36% of Recip)
|                   Fill charge grid           0.38 ( 9.28% of Recip)
|                   Scalar sum                 0.85 (20.92% of Recip)
|                   Grad sum                   0.79 (19.58% of Recip)
|                   FFT time                   1.90 (46.82% of Recip)
|                   Other                      0.00 ( 0.04% of Recip)
|                Recip Ewald time           4.05 (22.56% of Ewald)
|                Force Adjust               0.00 ( 0.02% of Ewald)
|                Virial junk                0.02 ( 0.09% of Ewald)
|                Other                      0.01 ( 0.05% of Ewald)
|             Ewald time                17.95 (94.93% of Nonbo)
|             Other                      0.00 ( 0.02% of Nonbo)
|          Nonbond force             18.91 (99.75% of Force)
|          Bond/Angle/Dihedral        0.04 ( 0.21% of Force)
|          Other                      0.01 ( 0.04% of Force)
|       Force time                18.96 (98.59% of Runmd)
|       Shake time                 0.15 ( 0.77% of Runmd)
|       Verlet update time         0.11 ( 0.57% of Runmd)
|       Other                      0.01 ( 0.07% of Runmd)
|    Runmd Time                19.23 (99.86% of Total)
|    Other                      0.02 ( 0.13% of Total)
| Total time                19.26 (100.0% of ALL  )

| Number of list builds   :         60

| Highest rstack allocated:     202249
| Highest istack allocated:       3049

| Final Performance Info:
| -----------------------------------------------------
| Average timings for all steps:
|     Elapsed(s) =      19.23 Per Step(ms) =      19.23
|         ns/day =       8.99   seconds/ns =    9615.22
| -----------------------------------------------------

|           Job began  at 11:27:52.550  on 03/28/2017
|           Setup done at 11:27:52.577  on 03/28/2017
|           Run   done at 11:28:11.808  on 03/28/2017
|     wallclock() was called   44181 times
