
          -------------------------------------------------------
          Amber 16 SANDER                              2016
          -------------------------------------------------------

| Run on 03/28/2017 at 11:29:22

|   Executable path: sander
| Working directory: /home/steboss/Simulation/logP_standrews/inputfiles/chair/a_phenyl-cyclohexane/equatorial/water/equilibration
|          Hostname: Unknown
  [-O]verwriting output

File Assignments:
|  MDIN: md00004.in                                                            
| MDOUT: md00004.out                                                           
|INPCRD: md00003.rst7                                                          
|  PARM: solvated.parm7                                                        
|RESTRT: md00004.rst7                                                          
|  REFC: solvated.rst7                                                         
| MDVEL: mdvel                                                                 
| MDFRC: mdfrc                                                                 
|  MDEN: md00004.en                                                            
| MDCRD: md00004.nc                                                            
|MDINFO: md00004.info                                                          
|  MTMD: mtmd                                                                  
|INPDIP: inpdip                                                                
|RSTDIP: rstdip                                                                
|INPTRA: inptraj                                                               


 Here is the input file:

md with sander                                                                 
&cntrl                                                                         
ntxo=1,                                                                        
imin = 0, nstlim = 15000, irest = 1, ntx = 5, dt = 0.002,                      
ntt = 1, temp0 = 298.0, tautp = 1.0,                                           
ntp = 1, pres0 = 1.0, taup = 0.5,                                              
ntb = 2,                                                                       
ntc = 2, ntf = 2,                                                              
ioutfm = 1, iwrap = 1,                                                         
ntwe = 3000, ntwx = 3000, ntpr = 1500,                                         
ntr = 1, restraint_wt = 10.00,                                                 
restraintmask="!:WAT,HOH,T3P,T4P",                                             
/                                                                              
                                                                               

--------------------------------------------------------------------------------
   1.  RESOURCE   USE: 
--------------------------------------------------------------------------------

| Flags:                                                                        
 getting new box info from bottom of inpcrd
|  INFO: Old style inpcrd file read

| peek_ewald_inpcrd: Box info found
|Largest sphere to fit in unit cell has radius =    17.477
| New format PARM file being parsed.
| Version =    1.000 Date = 03/28/17 Time = 11:27:50
 NATOM  =    3049 NTYPES =       6 NBONH =    3037 MBONA  =      13
 NTHETH =      38 MTHETA =      16 NPHIH =      69 MPHIA  =      33
 NHPARM =       0 NPARM  =       0 NNB   =    4192 NRES   =    1008
 NBONA  =      13 NTHETA =      16 NPHIA =      33 NUMBND =       7
 NUMANG =       8 NPTRA  =       9 NATYP =       6 NPHB   =       1
 IFBOX  =       1 NMXRS  =      28 IFCAP =       0 NEXTRA =       0
 NCOPY  =       0


|     Memory Use     Allocated
|     Real              300788
|     Hollerith          10157
|     Integer            94298
|     Max Pairs        1016333
|     nblistReal         36588
|     nblist Int        170294
|       Total             7679 kbytes

| Note: 1-4 EEL scale factors are being read from the topology file.

| Note: 1-4 VDW scale factors are being read from the topology file.
| Duplicated    0 dihedrals
| Duplicated    0 dihedrals

     BOX TYPE: RECTILINEAR

--------------------------------------------------------------------------------
   2.  CONTROL  DATA  FOR  THE  RUN
--------------------------------------------------------------------------------

LIG                                                                             

General flags:
     imin    =       0, nmropt  =       0

Nature and format of input:
     ntx     =       5, irest   =       1, ntrx    =       1

Nature and format of output:
     ntxo    =       1, ntpr    =    1500, ntrx    =       1, ntwr    =   15000
     iwrap   =       1, ntwx    =    3000, ntwv    =       0, ntwe    =    3000
     ioutfm  =       1, ntwprt  =       0, idecomp =       0, rbornstat=      0

Potential function:
     ntf     =       2, ntb     =       2, igb     =       0, nsnb    =      25
     ipol    =       0, gbsa    =       0, iesp    =       0
     dielc   =   1.00000, cut     =   8.00000, intdiel =   1.00000

Frozen or restrained atoms:
     ibelly  =       0, ntr     =       1
     restraint_wt =  10.00000

Molecular dynamics:
     nstlim  =     15000, nscm    =         0, nrespa  =         1
     t       =   0.00000, dt      =   0.00200, vlimit  =  20.00000

Berendsen (weak-coupling) temperature regulation:
     temp0   = 298.00000, tempi   =   0.00000, tautp   =   1.00000

Pressure regulation:
     ntp     =       1
     pres0   =   1.00000, comp    =  44.60000, taup    =   0.50000

SHAKE:
     ntc     =       2, jfastw  =       0
     tol     =   0.00001

Ewald parameters:
     verbose =       0, ew_type =       0, nbflag  =       1, use_pme =       1
     vdwmeth =       1, eedmeth =       1, netfrc  =       1
     Box X =   34.986   Box Y =   37.796   Box Z =   34.954
     Alpha =   90.000   Beta  =   90.000   Gamma =   90.000
     NFFT1 =   36       NFFT2 =   40       NFFT3 =   36
     Cutoff=    8.000   Tol   =0.100E-04
     Ewald Coefficient =  0.34864
     Interpolation order =    4

    LOADING THE CONSTRAINED ATOMS AS GROUPS


   5.  REFERENCE ATOM COORDINATES

  LIG 
     Mask !:WAT,HOH,T3P,T4P; matches    28 atoms

--------------------------------------------------------------------------------
   3.  ATOMIC COORDINATES AND VELOCITIES
--------------------------------------------------------------------------------

LIG                                                                             
 begin time read from input coords =    10.000 ps

 Number of triangulated 3-point waters found:     1007

     Sum of charges from parm topology file =   0.00000000
     Forcing neutrality...

--------------------------------------------------------------------------------
   4.  RESULTS
--------------------------------------------------------------------------------

|  # of SOLUTE  degrees of freedom (RNDFP):    6110.
|  # of SOLVENT degrees of freedom (RNDFS):       0.
|  NDFMIN =    6110.     NUM_NOSHAKE =      0     CORRECTED RNDFP =    6110.
|  TOTAL # of degrees of freedom (RNDF) =    6110.
 ---------------------------------------------------
 APPROXIMATING switch and d/dx switch using CUBIC SPLINE INTERPOLATION
 using   5000.0 points per unit in tabled values
 TESTING RELATIVE ERROR over r ranging from 0.0 to cutoff
| CHECK switch(x): max rel err =   0.2738E-14   at   2.422500
| CHECK d/dx switch(x): max rel err =   0.8332E-11   at   2.782960
 ---------------------------------------------------
| Local SIZE OF NONBOND LIST =     501816
| TOTAL SIZE OF NONBOND LIST =     501816

 NSTEP =     1500   TIME(PS) =      13.000  TEMP(K) =   299.29  PRESS =  -549.9
 Etot   =     -7513.4373  EKtot   =      1816.9358  EPtot      =     -9330.3731
 BOND   =         3.7932  ANGLE   =         4.3438  DIHED      =         5.3481
 1-4 NB =         6.7179  1-4 EEL =         0.5751  VDWAALS    =      1386.2300
 EELEC  =    -10741.4789  EHBOND  =         0.0000  RESTRAINT  =         4.0977
 EAMBER (non-restraint)  =     -9334.4709
 EKCMT  =       897.7125  VIRIAL  =      1387.2376  VOLUME     =     41226.7864
                                                    Density    =         0.7372
 Ewald error estimate:   0.7684E-04
 ------------------------------------------------------------------------------


 NSTEP =     3000   TIME(PS) =      16.000  TEMP(K) =   296.80  PRESS =  -456.7
 Etot   =     -7589.6316  EKtot   =      1801.8475  EPtot      =     -9391.4791
 BOND   =         4.1379  ANGLE   =         8.0748  DIHED      =         5.7399
 1-4 NB =         6.6428  1-4 EEL =         0.5770  VDWAALS    =      1413.6034
 EELEC  =    -10834.6672  EHBOND  =         0.0000  RESTRAINT  =         4.4124
 EAMBER (non-restraint)  =     -9395.8915
 EKCMT  =       884.1415  VIRIAL  =      1241.6290  VOLUME     =     36251.2306
                                                    Density    =         0.8384
 Ewald error estimate:   0.6342E-04
 ------------------------------------------------------------------------------


 NSTEP =     4500   TIME(PS) =      19.000  TEMP(K) =   295.32  PRESS =  -550.1
 Etot   =     -7670.4162  EKtot   =      1792.8664  EPtot      =     -9463.2826
 BOND   =         4.9893  ANGLE   =         9.2850  DIHED      =         5.1286
 1-4 NB =         6.3553  1-4 EEL =         0.5562  VDWAALS    =      1345.2814
 EELEC  =    -10844.0414  EHBOND  =         0.0000  RESTRAINT  =         9.1630
 EAMBER (non-restraint)  =     -9472.4457
 EKCMT  =       891.7612  VIRIAL  =      1277.3871  VOLUME     =     32469.0602
                                                    Density    =         0.9360
 Ewald error estimate:   0.1980E-03
 ------------------------------------------------------------------------------


 NSTEP =     6000   TIME(PS) =      22.000  TEMP(K) =   306.95  PRESS =   478.4
 Etot   =     -7740.2103  EKtot   =      1863.4375  EPtot      =     -9603.6478
 BOND   =         2.2747  ANGLE   =        10.0115  DIHED      =         5.1781
 1-4 NB =         7.6670  1-4 EEL =         0.6530  VDWAALS    =      1518.3485
 EELEC  =    -11151.9899  EHBOND  =         0.0000  RESTRAINT  =         4.2093
 EAMBER (non-restraint)  =     -9607.8571
 EKCMT  =       926.7343  VIRIAL  =       603.1392  VOLUME     =     31325.3868
                                                    Density    =         0.9702
 Ewald error estimate:   0.2237E-04
 ------------------------------------------------------------------------------


 NSTEP =     7500   TIME(PS) =      25.000  TEMP(K) =   292.98  PRESS =   124.7
 Etot   =     -7766.0034  EKtot   =      1778.6557  EPtot      =     -9544.6592
 BOND   =         5.8494  ANGLE   =        13.1309  DIHED      =         3.8963
 1-4 NB =         6.2648  1-4 EEL =         0.5820  VDWAALS    =      1457.7302
 EELEC  =    -11036.4496  EHBOND  =         0.0000  RESTRAINT  =         4.3368
 EAMBER (non-restraint)  =     -9548.9960
 EKCMT  =       851.1421  VIRIAL  =       767.2477  VOLUME     =     31170.4764
                                                    Density    =         0.9750
 Ewald error estimate:   0.1667E-04
 ------------------------------------------------------------------------------


 NSTEP =     9000   TIME(PS) =      28.000  TEMP(K) =   295.31  PRESS =   339.6
 Etot   =     -7789.3532  EKtot   =      1792.7789  EPtot      =     -9582.1321
 BOND   =         2.6743  ANGLE   =        10.1874  DIHED      =         4.5504
 1-4 NB =         7.7824  1-4 EEL =         0.6542  VDWAALS    =      1465.1421
 EELEC  =    -11075.6290  EHBOND  =         0.0000  RESTRAINT  =         2.5061
 EAMBER (non-restraint)  =     -9584.6382
 EKCMT  =       906.7803  VIRIAL  =       680.7006  VOLUME     =     30830.4725
                                                    Density    =         0.9858
 Ewald error estimate:   0.4644E-04
 ------------------------------------------------------------------------------


 NSTEP =    10500   TIME(PS) =      31.000  TEMP(K) =   307.13  PRESS =  -670.5
 Etot   =     -7807.5423  EKtot   =      1864.5689  EPtot      =     -9672.1111
 BOND   =         4.9374  ANGLE   =         8.4605  DIHED      =         5.1137
 1-4 NB =         7.3988  1-4 EEL =         0.4707  VDWAALS    =      1348.8037
 EELEC  =    -11053.2169  EHBOND  =         0.0000  RESTRAINT  =         5.9209
 EAMBER (non-restraint)  =     -9678.0320
 EKCMT  =       926.5262  VIRIAL  =      1372.2726  VOLUME     =     30790.5420
                                                    Density    =         0.9871
 Ewald error estimate:   0.1059E-03
 ------------------------------------------------------------------------------


 NSTEP =    12000   TIME(PS) =      34.000  TEMP(K) =   297.28  PRESS =    21.3
 Etot   =     -7806.3327  EKtot   =      1804.7525  EPtot      =     -9611.0852
 BOND   =         2.7526  ANGLE   =        10.0856  DIHED      =         5.6770
 1-4 NB =         7.1207  1-4 EEL =         0.5115  VDWAALS    =      1437.6934
 EELEC  =    -11078.3261  EHBOND  =         0.0000  RESTRAINT  =         3.4001
 EAMBER (non-restraint)  =     -9614.4853
 EKCMT  =       896.2293  VIRIAL  =       881.9665  VOLUME     =     30948.3160
                                                    Density    =         0.9820
 Ewald error estimate:   0.2583E-03
 ------------------------------------------------------------------------------


 NSTEP =    13500   TIME(PS) =      37.000  TEMP(K) =   293.43  PRESS =   236.4
 Etot   =     -7804.7836  EKtot   =      1781.3941  EPtot      =     -9586.1778
 BOND   =         3.5161  ANGLE   =         8.9048  DIHED      =         4.6944
 1-4 NB =         7.4223  1-4 EEL =         0.5659  VDWAALS    =      1463.9097
 EELEC  =    -11079.0608  EHBOND  =         0.0000  RESTRAINT  =         3.8699
 EAMBER (non-restraint)  =     -9590.0476
 EKCMT  =       907.7360  VIRIAL  =       749.5912  VOLUME     =     30981.0711
                                                    Density    =         0.9810
 Ewald error estimate:   0.2224E-03
 ------------------------------------------------------------------------------


 NSTEP =    15000   TIME(PS) =      40.000  TEMP(K) =   296.47  PRESS =   -50.7
 Etot   =     -7804.6629  EKtot   =      1799.8186  EPtot      =     -9604.4815
 BOND   =         4.9906  ANGLE   =         7.1818  DIHED      =         4.2434
 1-4 NB =         7.1719  1-4 EEL =         0.4229  VDWAALS    =      1396.3840
 EELEC  =    -11029.0274  EHBOND  =         0.0000  RESTRAINT  =         4.1512
 EAMBER (non-restraint)  =     -9608.6327
 EKCMT  =       909.5931  VIRIAL  =       943.2859  VOLUME     =     30791.3854
                                                    Density    =         0.9870
 Ewald error estimate:   0.7550E-04
 ------------------------------------------------------------------------------


      A V E R A G E S   O V E R   15000 S T E P S


 NSTEP =    15000   TIME(PS) =      40.000  TEMP(K) =   297.57  PRESS =  -150.8
 Etot   =     -7711.8488  EKtot   =      1806.4986  EPtot      =     -9518.3474
 BOND   =         3.7777  ANGLE   =         9.3516  DIHED      =         5.1225
 1-4 NB =         7.1323  1-4 EEL =         0.5578  VDWAALS    =      1422.2544
 EELEC  =    -10971.0899  EHBOND  =         0.0000  RESTRAINT  =         4.5461
 EAMBER (non-restraint)  =     -9522.8935
 EKCMT  =       900.3980  VIRIAL  =      1024.1651  VOLUME     =     33402.2645
                                                    Density    =         0.9225
 Ewald error estimate:   0.1624E-03
 ------------------------------------------------------------------------------


      R M S  F L U C T U A T I O N S


 NSTEP =    15000   TIME(PS) =      40.000  TEMP(K) =     4.60  PRESS =   322.1
 Etot   =       111.8776  EKtot   =        27.9192  EPtot      =       121.7657
 BOND   =         1.3513  ANGLE   =         1.8030  DIHED      =         0.8303
 1-4 NB =         0.5873  1-4 EEL =         0.0780  VDWAALS    =        40.2777
 EELEC  =       131.9775  EHBOND  =         0.0000  RESTRAINT  =         1.2768
 EAMBER (non-restraint)  =       120.4889
 EKCMT  =        22.7163  VIRIAL  =       245.5820  VOLUME     =      4285.0921
                                                    Density    =         0.0987
 Ewald error estimate:   0.1238E-03
 ------------------------------------------------------------------------------


--------------------------------------------------------------------------------
   5.  TIMINGS
--------------------------------------------------------------------------------

|                Build the list            25.78 (98.91% of List )
|                Other                      0.28 ( 1.09% of List )
|             List time                 26.06 ( 8.39% of Nonbo)
|                   Short_ene time           224.80 (99.18% of Direc)
|                   Other                      1.87 ( 0.82% of Direc)
|                Direct Ewald time        226.66 (79.66% of Ewald)
|                Adjust Ewald time          1.75 ( 0.61% of Ewald)
|                Self Ewald time            0.02 ( 0.01% of Ewald)
|                   Fill Bspline coeffs        2.05 ( 3.68% of Recip)
|                   Fill charge grid           5.49 ( 9.87% of Recip)
|                   Scalar sum                11.52 (20.69% of Recip)
|                   Grad sum                  11.10 (19.96% of Recip)
|                   FFT time                  25.46 (45.76% of Recip)
|                   Other                      0.03 ( 0.05% of Recip)
|                Recip Ewald time          55.65 (19.56% of Ewald)
|                Force Adjust               0.05 ( 0.02% of Ewald)
|                Virial junk                0.27 ( 0.09% of Ewald)
|                Other                      0.12 ( 0.04% of Ewald)
|             Ewald time               284.53 (91.59% of Nonbo)
|             Other                      0.05 ( 0.02% of Nonbo)
|          Nonbond force            310.64 (99.78% of Force)
|          Bond/Angle/Dihedral        0.59 ( 0.19% of Force)
|          Other                      0.10 ( 0.03% of Force)
|       Force time               311.33 (98.40% of Runmd)
|       Shake time                 2.20 ( 0.69% of Runmd)
|       Verlet update time         2.18 ( 0.69% of Runmd)
|       Ekcmr time                 0.36 ( 0.12% of Runmd)
|       Other                      0.32 ( 0.10% of Runmd)
|    Runmd Time               316.40 (100.0% of Total)
|    Other                      0.04 ( 0.01% of Total)
| Total time               316.44 (100.0% of ALL  )

| Number of list builds   :       1401

| Highest rstack allocated:     202249
| Highest istack allocated:       3049

| Final Performance Info:
| -----------------------------------------------------
| Average timings for all steps:
|     Elapsed(s) =     316.40 Per Step(ms) =      21.09
|         ns/day =       8.19   seconds/ns =   10546.68
| -----------------------------------------------------

|           Job began  at 11:29:22.980  on 03/28/2017
|           Setup done at 11:29:23.022  on 03/28/2017
|           Run   done at 11:34:39.423  on 03/28/2017
|     wallclock() was called  692825 times
