
          -------------------------------------------------------
          Amber 16 SANDER                              2016
          -------------------------------------------------------

| Run on 03/23/2017 at 17:49:56

|   Executable path: sander
| Working directory: /home/steboss/Simulation/logP_standrews/inputfiles/e_2356difluoro/cyclohexane/equilibration
|          Hostname: Unknown
  [-O]verwriting output

File Assignments:
|  MDIN: md00002.in                                                            
| MDOUT: md00002.out                                                           
|INPCRD: min00001.rst7                                                         
|  PARM: solvated.parm7                                                        
|RESTRT: md00002.rst7                                                          
|  REFC: solvated.rst7                                                         
| MDVEL: mdvel                                                                 
| MDFRC: mdfrc                                                                 
|  MDEN: md00002.en                                                            
| MDCRD: md00002.nc                                                            
|MDINFO: md00002.info                                                          
|  MTMD: mtmd                                                                  
|INPDIP: inpdip                                                                
|RSTDIP: rstdip                                                                
|INPTRA: inptraj                                                               


 Here is the input file:

heat the system                                                                
&cntrl                                                                         
ntxo=1,                                                                        
imin = 0, nstlim = 1000, irest = 0, ntx = 1, dt = 0.002,                       
nmropt = 1,                                                                    
ntt = 1, temp0 = 300.0, tempi = 5.0, tautp = 1.0,                              
ntb = 1, pres0 = 1.0,                                                          
ntc = 2, ntf = 2,                                                              
ioutfm = 1, iwrap = 1,                                                         
ntwe = 200, ntwx = 200, ntpr = 100,                                            
ntr = 1, restraint_wt = 10.00,                                                 
restraintmask="!:CYC",                                                         
/                                                                              
                                                                               
&wt                                                                            
type = 'TEMP0',                                                                
istep1 = 0, istep2 = 1000,                                                     
value1 = 5.0, value2 = 300.0                                                   
/                                                                              
                                                                               
&wt type = 'END'                                                               
 /                                                                             
                                                                               

--------------------------------------------------------------------------------
   1.  RESOURCE   USE: 
--------------------------------------------------------------------------------

| Flags:                                                                        
 getting new box info from bottom of inpcrd
|  INFO: Old style inpcrd file read

| peek_ewald_inpcrd: Box info found
|Largest sphere to fit in unit cell has radius =    20.441
| New format PARM file being parsed.
| Version =    1.000 Date = 03/23/17 Time = 17:49:52
 NATOM  =    5266 NTYPES =       6 NBONH =    3504 MBONA  =    1763
 NTHETH =    8760 MTHETA =    1770 NPHIH =   14035 MPHIA  =    5285
 NHPARM =       0 NPARM  =       0 NNB   =   31010 NRES   =     292
 NBONA  =    1763 NTHETA =    1770 NPHIA =    5285 NUMBND =       7
 NUMANG =      11 NPTRA  =      12 NATYP =       6 NPHB   =       0
 IFBOX  =       1 NMXRS  =      28 IFCAP =       0 NEXTRA =       0
 NCOPY  =       0


|     Memory Use     Allocated
|     Real              456207
|     Hollerith          16092
|     Integer          1114699
|     Max Pairs        1755333
|     nblistReal         63192
|     nblist Int        482442
|       Total            17216 kbytes

| Note: 1-4 EEL scale factors are being read from the topology file.

| Note: 1-4 VDW scale factors are being read from the topology file.
| Duplicated    0 dihedrals
| Duplicated    0 dihedrals

     BOX TYPE: RECTILINEAR

--------------------------------------------------------------------------------
   2.  CONTROL  DATA  FOR  THE  RUN
--------------------------------------------------------------------------------

LIG                                                                             

General flags:
     imin    =       0, nmropt  =       1

Nature and format of input:
     ntx     =       1, irest   =       0, ntrx    =       1

Nature and format of output:
     ntxo    =       1, ntpr    =     100, ntrx    =       1, ntwr    =    1000
     iwrap   =       1, ntwx    =     200, ntwv    =       0, ntwe    =     200
     ioutfm  =       1, ntwprt  =       0, idecomp =       0, rbornstat=      0

Potential function:
     ntf     =       2, ntb     =       1, igb     =       0, nsnb    =      25
     ipol    =       0, gbsa    =       0, iesp    =       0
     dielc   =   1.00000, cut     =   8.00000, intdiel =   1.00000

Frozen or restrained atoms:
     ibelly  =       0, ntr     =       1
     restraint_wt =  10.00000

Molecular dynamics:
     nstlim  =      1000, nscm    =         0, nrespa  =         1
     t       =   0.00000, dt      =   0.00200, vlimit  =  20.00000

Berendsen (weak-coupling) temperature regulation:
     temp0   = 300.00000, tempi   =   5.00000, tautp   =   1.00000

SHAKE:
     ntc     =       2, jfastw  =       0
     tol     =   0.00001

NMR refinement options:
     iscale  =       0, noeskp  =       1, ipnlty  =       1, mxsub   =       1
     scalm   = 100.00000, pencut  =   0.10000, tausw   =   0.10000

Ewald parameters:
     verbose =       0, ew_type =       0, nbflag  =       1, use_pme =       1
     vdwmeth =       1, eedmeth =       1, netfrc  =       1
     Box X =   40.882   Box Y =   50.917   Box Z =   53.789
     Alpha =   90.000   Beta  =   90.000   Gamma =   90.000
     NFFT1 =   40       NFFT2 =   50       NFFT3 =   54
     Cutoff=    8.000   Tol   =0.100E-04
     Ewald Coefficient =  0.34864
     Interpolation order =    4

    LOADING THE CONSTRAINED ATOMS AS GROUPS


   5.  REFERENCE ATOM COORDINATES

  LIG 
     Mask !:CYC; matches    28 atoms

--------------------------------------------------------------------------------
   3.  ATOMIC COORDINATES AND VELOCITIES
--------------------------------------------------------------------------------

LIG                                                                             
 begin time read from input coords =     0.000 ps



           Begin reading energy term weight changes/NMR restraints
 WEIGHT CHANGES:
 TEMP0         0   1000    5.000000  300.000000      0      0

 RESTRAINTS:
                          ** No restraint defined **

                  Done reading weight changes/NMR restraints


 Number of triangulated 3-point waters found:        0

     Sum of charges from parm topology file =   0.00200000
     Forcing neutrality...

--------------------------------------------------------------------------------
   4.  RESULTS
--------------------------------------------------------------------------------

|  # of SOLUTE  degrees of freedom (RNDFP):   12294.
|  # of SOLVENT degrees of freedom (RNDFS):       0.
|  NDFMIN =   12294.     NUM_NOSHAKE =      0     CORRECTED RNDFP =   12294.
|  TOTAL # of degrees of freedom (RNDF) =   12294.
 ---------------------------------------------------
 APPROXIMATING switch and d/dx switch using CUBIC SPLINE INTERPOLATION
 using   5000.0 points per unit in tabled values
 TESTING RELATIVE ERROR over r ranging from 0.0 to cutoff
| CHECK switch(x): max rel err =   0.2738E-14   at   2.422500
| CHECK d/dx switch(x): max rel err =   0.8332E-11   at   2.782960
 ---------------------------------------------------
| Local SIZE OF NONBOND LIST =     512090
| TOTAL SIZE OF NONBOND LIST =     512090

 NSTEP =        0   TIME(PS) =       0.000  TEMP(K) =     6.48  PRESS =     0.0
 Etot   =      1039.8038  EKtot   =        79.2091  EPtot      =       960.5947
 BOND   =        39.3413  ANGLE   =        29.3109  DIHED      =       829.4730
 1-4 NB =       685.7766  1-4 EEL =      -236.9616  VDWAALS    =      -795.8179
 EELEC  =       409.2348  EHBOND  =         0.0000  RESTRAINT  =         0.2375
 EAMBER (non-restraint)  =       960.3572
 Ewald error estimate:   0.1208E-03
 ------------------------------------------------------------------------------

 NMR restraints: Bond =    0.000   Angle =     0.000   Torsion =     0.000
===============================================================================

 NSTEP =      100   TIME(PS) =       0.200  TEMP(K) =     4.07  PRESS =     0.0
 Etot   =      1046.0118  EKtot   =        49.7530  EPtot      =       996.2588
 BOND   =        42.6805  ANGLE   =        58.2471  DIHED      =       831.1675
 1-4 NB =       689.0489  1-4 EEL =      -236.8122  VDWAALS    =      -797.7976
 EELEC  =       409.4184  EHBOND  =         0.0000  RESTRAINT  =         0.3060
 EAMBER (non-restraint)  =       995.9528
 Ewald error estimate:   0.1518E-03
 ------------------------------------------------------------------------------

 NMR restraints: Bond =    0.000   Angle =     0.000   Torsion =     0.000
===============================================================================

 NSTEP =      200   TIME(PS) =       0.400  TEMP(K) =    10.36  PRESS =     0.0
 Etot   =      1127.8216  EKtot   =       126.5511  EPtot      =      1001.2705
 BOND   =        49.8413  ANGLE   =        68.8643  DIHED      =       833.7627
 1-4 NB =       686.2207  1-4 EEL =      -236.5300  VDWAALS    =      -810.4038
 EELEC  =       409.2109  EHBOND  =         0.0000  RESTRAINT  =         0.3043
 EAMBER (non-restraint)  =      1000.9662
 Ewald error estimate:   0.6308E-03
 ------------------------------------------------------------------------------

 NMR restraints: Bond =    0.000   Angle =     0.000   Torsion =     0.000
===============================================================================

 NSTEP =      300   TIME(PS) =       0.600  TEMP(K) =    22.33  PRESS =     0.0
 Etot   =      1281.3917  EKtot   =       272.7813  EPtot      =      1008.6104
 BOND   =        49.5699  ANGLE   =        98.1793  DIHED      =       836.2597
 1-4 NB =       695.2078  1-4 EEL =      -236.9688  VDWAALS    =      -843.6348
 EELEC  =       409.4918  EHBOND  =         0.0000  RESTRAINT  =         0.5054
 EAMBER (non-restraint)  =      1008.1050
 Ewald error estimate:   0.6228E-03
 ------------------------------------------------------------------------------

 NMR restraints: Bond =    0.000   Angle =     0.000   Torsion =     0.000
===============================================================================

 NSTEP =      400   TIME(PS) =       0.800  TEMP(K) =    44.15  PRESS =     0.0
 Etot   =      1467.9606  EKtot   =       539.3533  EPtot      =       928.6074
 BOND   =        50.8474  ANGLE   =        84.1990  DIHED      =       835.5264
 1-4 NB =       691.4589  1-4 EEL =      -237.0500  VDWAALS    =      -906.4231
 EELEC  =       409.5528  EHBOND  =         0.0000  RESTRAINT  =         0.4959
 EAMBER (non-restraint)  =       928.1115
 Ewald error estimate:   0.1775E-03
 ------------------------------------------------------------------------------

 NMR restraints: Bond =    0.000   Angle =     0.000   Torsion =     0.000
===============================================================================

 NSTEP =      500   TIME(PS) =       1.000  TEMP(K) =    60.29  PRESS =     0.0
 Etot   =      1679.0584  EKtot   =       736.4815  EPtot      =       942.5769
 BOND   =        58.4709  ANGLE   =       130.6241  DIHED      =       845.2922
 1-4 NB =       695.8057  1-4 EEL =      -236.1817  VDWAALS    =      -960.8067
 EELEC  =       408.9219  EHBOND  =         0.0000  RESTRAINT  =         0.4504
 EAMBER (non-restraint)  =       942.1265
 Ewald error estimate:   0.1602E-03
 ------------------------------------------------------------------------------

 NMR restraints: Bond =    0.000   Angle =     0.000   Torsion =     0.000
===============================================================================

 NSTEP =      600   TIME(PS) =       1.200  TEMP(K) =    81.74  PRESS =     0.0
 Etot   =      1912.2041  EKtot   =       998.4538  EPtot      =       913.7502
 BOND   =        65.4695  ANGLE   =       144.0366  DIHED      =       855.5708
 1-4 NB =       694.5116  1-4 EEL =      -235.7628  VDWAALS    =     -1019.2720
 EELEC  =       408.4244  EHBOND  =         0.0000  RESTRAINT  =         0.7722
 EAMBER (non-restraint)  =       912.9781
 Ewald error estimate:   0.2506E-03
 ------------------------------------------------------------------------------

 NMR restraints: Bond =    0.000   Angle =     0.000   Torsion =     0.000
===============================================================================

 NSTEP =      700   TIME(PS) =       1.400  TEMP(K) =    94.66  PRESS =     0.0
 Etot   =      2173.8014  EKtot   =      1156.3167  EPtot      =      1017.4847
 BOND   =        77.9524  ANGLE   =       222.5755  DIHED      =       872.3709
 1-4 NB =       701.2820  1-4 EEL =      -235.8555  VDWAALS    =     -1029.8657
 EELEC  =       408.5038  EHBOND  =         0.0000  RESTRAINT  =         0.5213
 EAMBER (non-restraint)  =      1016.9634
 Ewald error estimate:   0.2904E-03
 ------------------------------------------------------------------------------

 NMR restraints: Bond =    0.000   Angle =     0.000   Torsion =     0.000
===============================================================================

 NSTEP =      800   TIME(PS) =       1.600  TEMP(K) =   116.33  PRESS =     0.0
 Etot   =      2456.7762  EKtot   =      1421.0133  EPtot      =      1035.7629
 BOND   =        75.1969  ANGLE   =       224.4873  DIHED      =       877.7839
 1-4 NB =       715.7107  1-4 EEL =      -237.5387  VDWAALS    =     -1030.0227
 EELEC  =       409.4274  EHBOND  =         0.0000  RESTRAINT  =         0.7180
 EAMBER (non-restraint)  =      1035.0449
 Ewald error estimate:   0.3356E-03
 ------------------------------------------------------------------------------

 NMR restraints: Bond =    0.000   Angle =     0.000   Torsion =     0.000
===============================================================================

 NSTEP =      900   TIME(PS) =       1.800  TEMP(K) =   138.34  PRESS =     0.0
 Etot   =      2765.6583  EKtot   =      1689.9065  EPtot      =      1075.7519
 BOND   =        78.9833  ANGLE   =       254.2891  DIHED      =       893.2618
 1-4 NB =       711.6805  1-4 EEL =      -236.1006  VDWAALS    =     -1035.9741
 EELEC  =       408.6981  EHBOND  =         0.0000  RESTRAINT  =         0.9138
 EAMBER (non-restraint)  =      1074.8381
 Ewald error estimate:   0.2338E-03
 ------------------------------------------------------------------------------

 NMR restraints: Bond =    0.000   Angle =     0.000   Torsion =     0.000
===============================================================================

 NSTEP =     1000   TIME(PS) =       2.000  TEMP(K) =   157.68  PRESS =     0.0
 Etot   =      3100.6065  EKtot   =      1926.1124  EPtot      =      1174.4941
 BOND   =        86.6286  ANGLE   =       308.4622  DIHED      =       923.3332
 1-4 NB =       714.7848  1-4 EEL =      -234.5152  VDWAALS    =     -1032.9618
 EELEC  =       407.8946  EHBOND  =         0.0000  RESTRAINT  =         0.8677
 EAMBER (non-restraint)  =      1173.6264
 Ewald error estimate:   0.2123E-03
 ------------------------------------------------------------------------------

 NMR restraints: Bond =    0.000   Angle =     0.000   Torsion =     0.000
===============================================================================

      A V E R A G E S   O V E R    1000 S T E P S


 NSTEP =     1000   TIME(PS) =       2.000  TEMP(K) =    64.86  PRESS =     0.0
 Etot   =      1795.9851  EKtot   =       792.2280  EPtot      =      1003.7571
 BOND   =        61.3525  ANGLE   =       150.9828  DIHED      =       856.0801
 1-4 NB =       698.1684  1-4 EEL =      -236.3690  VDWAALS    =      -936.0292
 EELEC  =       408.9991  EHBOND  =         0.0000  RESTRAINT  =         0.5724
 EAMBER (non-restraint)  =      1003.1847
 Ewald error estimate:   0.2733E-03
 ------------------------------------------------------------------------------

 NMR restraints: Bond =    0.000   Angle =     0.000   Torsion =     0.000
===============================================================================

      R M S  F L U C T U A T I O N S


 NSTEP =     1000   TIME(PS) =       2.000  TEMP(K) =    49.40  PRESS =     0.0
 Etot   =       632.9563  EKtot   =       603.4767  EPtot      =        54.7927
 BOND   =        13.2825  ANGLE   =        75.4647  DIHED      =        25.4719
 1-4 NB =         9.2181  1-4 EEL =         0.6511  VDWAALS    =        98.2035
 EELEC  =         0.4612  EHBOND  =         0.0000  RESTRAINT  =         0.2294
 EAMBER (non-restraint)  =        54.5633
 Ewald error estimate:   0.2056E-03
 ------------------------------------------------------------------------------


 NMR restraints on final step:


--------------------------------------------------------------------------------
   5.  TIMINGS
--------------------------------------------------------------------------------

|    Read coords time           0.00 ( 0.02% of Total)
|                Build the list             0.54 (93.75% of List )
|                Other                      0.04 ( 6.25% of List )
|             List time                  0.57 ( 2.64% of Nonbo)
|                   Short_ene time            12.24 (98.03% of Direc)
|                   Other                      0.25 ( 1.97% of Direc)
|                Direct Ewald time         12.48 (59.20% of Ewald)
|                Adjust Ewald time          1.01 ( 4.79% of Ewald)
|                Self Ewald time            0.00 ( 0.01% of Ewald)
|                   Fill Bspline coeffs        0.22 ( 3.15% of Recip)
|                   Fill charge grid           0.63 ( 8.92% of Recip)
|                   Scalar sum                 1.54 (21.97% of Recip)
|                   Grad sum                   1.21 (17.25% of Recip)
|                   FFT time                   3.42 (48.69% of Recip)
|                   Other                      0.00 ( 0.02% of Recip)
|                Recip Ewald time           7.03 (33.34% of Ewald)
|                Force Adjust               0.00 ( 0.02% of Ewald)
|                Virial junk                0.02 ( 0.11% of Ewald)
|                Other                      0.53 ( 2.52% of Ewald)
|             Ewald time                21.09 (97.34% of Nonbo)
|             Other                      0.00 ( 0.01% of Nonbo)
|          Nonbond force             21.66 (82.99% of Force)
|          Bond/Angle/Dihedral        4.42 (16.93% of Force)
|          Other                      0.02 ( 0.07% of Force)
|       Force time                26.10 (98.68% of Runmd)
|       Shake time                 0.17 ( 0.63% of Runmd)
|       Verlet update time         0.16 ( 0.59% of Runmd)
|       Other                      0.02 ( 0.09% of Runmd)
|    Runmd Time                26.45 (99.72% of Total)
|    Other                      0.07 ( 0.26% of Total)
| Total time                26.52 (100.0% of ALL  )

| Number of list builds   :         30

| Highest rstack allocated:     387016
| Highest istack allocated:       5266

| Final Performance Info:
| -----------------------------------------------------
| Average timings for all steps:
|     Elapsed(s) =      26.45 Per Step(ms) =      26.45
|         ns/day =       6.53   seconds/ns =   13224.95
| -----------------------------------------------------

|           Job began  at 17:49:56.339  on 03/23/2017
|           Setup done at 17:49:56.414  on 03/23/2017
|           Run   done at 17:50:22.863  on 03/23/2017
|     wallclock() was called   44121 times
