
          -------------------------------------------------------
          Amber 16 SANDER                              2016
          -------------------------------------------------------

| Run on 03/23/2017 at 17:49:52

|   Executable path: sander
| Working directory: /home/steboss/Simulation/logP_standrews/inputfiles/e_2356difluoro/cyclohexane/equilibration
|          Hostname: Unknown
  [-O]verwriting output

File Assignments:
|  MDIN: min00001.in                                                           
| MDOUT: min00001.out                                                          
|INPCRD: solvated.rst7                                                         
|  PARM: solvated.parm7                                                        
|RESTRT: min00001.rst7                                                         
|  REFC: solvated.rst7                                                         
| MDVEL: mdvel                                                                 
| MDFRC: mdfrc                                                                 
|  MDEN: min00001.en                                                           
| MDCRD: min00001.nc                                                           
|MDINFO: min00001.info                                                         
|  MTMD: mtmd                                                                  
|INPDIP: inpdip                                                                
|RSTDIP: rstdip                                                                
|INPTRA: inptraj                                                               


 Here is the input file:

                                                                               
Minimise whole system                                                          
&cntrl                                                                         
ntxo=1,                                                                        
imin = 1, ntmin = 1,                                                           
maxcyc = 100, ncyc = 10,                                                       
ntpr = 20, ntwe = 20,                                                          
dx0 = 1.0D-7,                                                                  
ntb = 1,                                                                       
ntr = 1, restraint_wt = 10.00,                                                 
restraintmask="!:CYC",                                                         
/                                                                              

--------------------------------------------------------------------------------
   1.  RESOURCE   USE: 
--------------------------------------------------------------------------------

| Flags:                                                                        
 getting new box info from bottom of inpcrd
|  INFO: Old style inpcrd file read

| peek_ewald_inpcrd: Box info found
|Largest sphere to fit in unit cell has radius =    20.441
| New format PARM file being parsed.
| Version =    1.000 Date = 03/23/17 Time = 17:49:52
 NATOM  =    5266 NTYPES =       6 NBONH =    3504 MBONA  =    1763
 NTHETH =    8760 MTHETA =    1770 NPHIH =   14035 MPHIA  =    5285
 NHPARM =       0 NPARM  =       0 NNB   =   31010 NRES   =     292
 NBONA  =    1763 NTHETA =    1770 NPHIA =    5285 NUMBND =       7
 NUMANG =      11 NPTRA  =      12 NATYP =       6 NPHB   =       0
 IFBOX  =       1 NMXRS  =      28 IFCAP =       0 NEXTRA =       0
 NCOPY  =       0


|     Memory Use     Allocated
|     Real              519570
|     Hollerith          16092
|     Integer          1114654
|     Max Pairs        1755333
|     nblistReal         63192
|     nblist Int        482442
|       Total            17711 kbytes

| Note: 1-4 EEL scale factors are being read from the topology file.

| Note: 1-4 VDW scale factors are being read from the topology file.
| Duplicated    0 dihedrals
| Duplicated    0 dihedrals

     BOX TYPE: RECTILINEAR

--------------------------------------------------------------------------------
   2.  CONTROL  DATA  FOR  THE  RUN
--------------------------------------------------------------------------------

LIG                                                                             

General flags:
     imin    =       1, nmropt  =       0

Nature and format of input:
     ntx     =       1, irest   =       0, ntrx    =       1

Nature and format of output:
     ntxo    =       1, ntpr    =      20, ntrx    =       1, ntwr    =       1
     iwrap   =       0, ntwx    =       0, ntwv    =       0, ntwe    =      20
     ioutfm  =       1, ntwprt  =       0, idecomp =       0, rbornstat=      0

Potential function:
     ntf     =       1, ntb     =       1, igb     =       0, nsnb    =      25
     ipol    =       0, gbsa    =       0, iesp    =       0
     dielc   =   1.00000, cut     =   8.00000, intdiel =   1.00000

Frozen or restrained atoms:
     ibelly  =       0, ntr     =       1
     restraint_wt =  10.00000

Energy minimization:
     maxcyc  =     100, ncyc    =      10, ntmin   =       1
     dx0     =   0.00000, drms    =   0.00010

Ewald parameters:
     verbose =       0, ew_type =       0, nbflag  =       1, use_pme =       1
     vdwmeth =       1, eedmeth =       1, netfrc  =       0
     Box X =   40.882   Box Y =   50.917   Box Z =   53.789
     Alpha =   90.000   Beta  =   90.000   Gamma =   90.000
     NFFT1 =   40       NFFT2 =   50       NFFT3 =   54
     Cutoff=    8.000   Tol   =0.100E-04
     Ewald Coefficient =  0.34864
     Interpolation order =    4

    LOADING THE CONSTRAINED ATOMS AS GROUPS


   5.  REFERENCE ATOM COORDINATES

  LIG 
     Mask !:CYC; matches    28 atoms

--------------------------------------------------------------------------------
   3.  ATOMIC COORDINATES AND VELOCITIES
--------------------------------------------------------------------------------

LIG                                                                             
 begin time read from input coords =     0.000 ps

 Number of triangulated 3-point waters found:        0

     Sum of charges from parm topology file =   0.00200000
     Forcing neutrality...

--------------------------------------------------------------------------------
   4.  RESULTS
--------------------------------------------------------------------------------

 ---------------------------------------------------
 APPROXIMATING switch and d/dx switch using CUBIC SPLINE INTERPOLATION
 using   5000.0 points per unit in tabled values
 TESTING RELATIVE ERROR over r ranging from 0.0 to cutoff
| CHECK switch(x): max rel err =   0.2738E-14   at   2.422500
| CHECK d/dx switch(x): max rel err =   0.8332E-11   at   2.782960
 ---------------------------------------------------
| Local SIZE OF NONBOND LIST =     512088
| TOTAL SIZE OF NONBOND LIST =     512088


   NSTEP       ENERGY          RMS            GMAX         NAME    NUMBER
      1       1.1399E+03     2.3645E+00     2.4987E+01     C3          3

 BOND    =       32.5531  ANGLE   =       35.5374  DIHED      =      814.3689
 VDWAALS =     -778.5785  EEL     =      418.3316  HBOND      =        0.0000
 1-4 VDW =      867.7144  1-4 EEL =     -250.0492  RESTRAINT  =        0.0000


   NSTEP       ENERGY          RMS            GMAX         NAME    NUMBER
     20       9.9617E+02     1.1866E+00     3.7736E+01     C12        16

 BOND    =       43.1738  ANGLE   =       36.5452  DIHED      =      804.7775
 VDWAALS =     -786.4748  EEL     =      414.7250  HBOND      =        0.0000
 1-4 VDW =      729.9398  1-4 EEL =     -246.6423  RESTRAINT  =        0.1230
 EAMBER  =      996.0443


   NSTEP       ENERGY          RMS            GMAX         NAME    NUMBER
     40       9.6908E+02     3.2749E-01     9.3345E+00     C5          5

 BOND    =       31.0621  ANGLE   =       24.7898  DIHED      =      821.5853
 VDWAALS =     -792.1469  EEL     =      411.4141  HBOND      =        0.0000
 1-4 VDW =      712.5200  1-4 EEL =     -240.3999  RESTRAINT  =        0.2596
 EAMBER  =      968.8246


   NSTEP       ENERGY          RMS            GMAX         NAME    NUMBER
     60       9.6275E+02     1.0462E-01     3.6628E+00     C11        15

 BOND    =       38.9948  ANGLE   =       29.7258  DIHED      =      830.2056
 VDWAALS =     -795.5626  EEL     =      409.2052  HBOND      =        0.0000
 1-4 VDW =      686.8601  1-4 EEL =     -236.9358  RESTRAINT  =        0.2551
 EAMBER  =      962.4931


   NSTEP       ENERGY          RMS            GMAX         NAME    NUMBER
     80       9.6533E+02     4.7771E-01     1.6070E+01     C2          2

 BOND    =       49.8778  ANGLE   =       25.3662  DIHED      =      831.8407
 VDWAALS =     -795.8629  EEL     =      409.2024  HBOND      =        0.0000
 1-4 VDW =      681.7390  1-4 EEL =     -237.1081  RESTRAINT  =        0.2798
 EAMBER  =      965.0550


   NSTEP       ENERGY          RMS            GMAX         NAME    NUMBER
    100       9.6162E+02     6.2600E-02     2.9422E+00     C9         13

 BOND    =       40.3646  ANGLE   =       29.3109  DIHED      =      829.4730
 VDWAALS =     -795.8179  EEL     =      409.2348  HBOND      =        0.0000
 1-4 VDW =      685.7766  1-4 EEL =     -236.9616  RESTRAINT  =        0.2375
 EAMBER  =      961.3805


  Maximum number of minimization cycles reached.


                    FINAL RESULTS



   NSTEP       ENERGY          RMS            GMAX         NAME    NUMBER
    100       9.6162E+02     6.2600E-02     2.9422E+00     C9         13

 BOND    =       40.3646  ANGLE   =       29.3109  DIHED      =      829.4730
 VDWAALS =     -795.8179  EEL     =      409.2348  HBOND      =        0.0000
 1-4 VDW =      685.7766  1-4 EEL =     -236.9616  RESTRAINT  =        0.2375
 EAMBER  =      961.3805

--------------------------------------------------------------------------------
   5.  TIMINGS
--------------------------------------------------------------------------------

|    Read coords time           0.00 ( 0.11% of Total)
|                Build the list             0.02 (54.89% of List )
|                Other                      0.01 (45.11% of List )
|             List time                  0.03 ( 1.44% of Nonbo)
|                   Short_ene time             1.12 (97.84% of Direc)
|                   Other                      0.02 ( 2.16% of Direc)
|                Direct Ewald time          1.14 (56.93% of Ewald)
|                Adjust Ewald time          0.10 ( 5.01% of Ewald)
|                Self Ewald time            0.00 ( 0.01% of Ewald)
|                   Fill Bspline coeffs        0.02 ( 2.94% of Recip)
|                   Fill charge grid           0.06 ( 9.00% of Recip)
|                   Scalar sum                 0.16 (21.97% of Recip)
|                   Grad sum                   0.12 (17.13% of Recip)
|                   FFT time                   0.35 (48.94% of Recip)
|                   Other                      0.00 ( 0.02% of Recip)
|                Recip Ewald time           0.71 (35.22% of Ewald)
|                Virial junk                0.00 ( 0.13% of Ewald)
|                Other                      0.05 ( 2.69% of Ewald)
|             Ewald time                 2.01 (98.54% of Nonbo)
|             Other                      0.00 ( 0.02% of Nonbo)
|          Nonbond force              2.04 (82.16% of Force)
|          Bond/Angle/Dihedral        0.44 (17.77% of Force)
|          Other                      0.00 ( 0.07% of Force)
|       Force time                 2.48 (100.0% of Runmd)
|    Runmd Time                 2.48 (70.99% of Total)
|    Other                      1.01 (28.90% of Total)
| Total time                 3.49 (100.0% of ALL  )

| Number of list builds   :          1

| Highest rstack allocated:     387016
| Highest istack allocated:       5266
|           Job began  at 17:49:52.837  on 03/23/2017
|           Setup done at 17:49:52.909  on 03/23/2017
|           Run   done at 17:49:56.329  on 03/23/2017
|     wallclock() was called    3850 times
