
          -------------------------------------------------------
          Amber 16 SANDER                              2016
          -------------------------------------------------------

| Run on 03/23/2017 at 17:50:31

|   Executable path: sander
| Working directory: /home/steboss/Simulation/logP_standrews/inputfiles/d_236difluoro/cyclohexane/equilibration
|          Hostname: Unknown
  [-O]verwriting output

File Assignments:
|  MDIN: md00004.in                                                            
| MDOUT: md00004.out                                                           
|INPCRD: md00003.rst7                                                          
|  PARM: solvated.parm7                                                        
|RESTRT: md00004.rst7                                                          
|  REFC: solvated.rst7                                                         
| MDVEL: mdvel                                                                 
| MDFRC: mdfrc                                                                 
|  MDEN: md00004.en                                                            
| MDCRD: md00004.nc                                                            
|MDINFO: md00004.info                                                          
|  MTMD: mtmd                                                                  
|INPDIP: inpdip                                                                
|RSTDIP: rstdip                                                                
|INPTRA: inptraj                                                               


 Here is the input file:

md with sander                                                                 
&cntrl                                                                         
ntxo=1,                                                                        
imin = 0, nstlim = 15000, irest = 1, ntx = 5, dt = 0.002,                      
ntt = 1, temp0 = 298.0, tautp = 1.0,                                           
ntp = 1, pres0 = 1.0, taup = 0.5,                                              
ntb = 2,                                                                       
ntc = 2, ntf = 2,                                                              
ioutfm = 1, iwrap = 1,                                                         
ntwe = 3000, ntwx = 3000, ntpr = 1500,                                         
ntr = 1, restraint_wt = 10.00,                                                 
restraintmask="!:CYC",                                                         
/                                                                              
                                                                               

--------------------------------------------------------------------------------
   1.  RESOURCE   USE: 
--------------------------------------------------------------------------------

| Flags:                                                                        
 getting new box info from bottom of inpcrd
|  INFO: Old style inpcrd file read

| peek_ewald_inpcrd: Box info found
|Largest sphere to fit in unit cell has radius =    20.441
| New format PARM file being parsed.
| Version =    1.000 Date = 03/23/17 Time = 17:48:07
 NATOM  =    5284 NTYPES =       6 NBONH =    3517 MBONA  =    1768
 NTHETH =    8792 MTHETA =    1774 NPHIH =   14084 MPHIA  =    5299
 NHPARM =       0 NPARM  =       0 NNB   =   31116 NRES   =     293
 NBONA  =    1768 NTHETA =    1774 NPHIA =    5299 NUMBND =       7
 NUMANG =      11 NPTRA  =      12 NATYP =       6 NPHB   =       0
 IFBOX  =       1 NMXRS  =      28 IFCAP =       0 NEXTRA =       0
 NCOPY  =       0


|     Memory Use     Allocated
|     Real              457438
|     Hollerith          16147
|     Integer          1118271
|     Max Pairs        1761333
|     nblistReal         63408
|     nblist Int        483154
|       Total            17267 kbytes

| Note: 1-4 EEL scale factors are being read from the topology file.

| Note: 1-4 VDW scale factors are being read from the topology file.
| Duplicated    0 dihedrals
| Duplicated    0 dihedrals

     BOX TYPE: RECTILINEAR

--------------------------------------------------------------------------------
   2.  CONTROL  DATA  FOR  THE  RUN
--------------------------------------------------------------------------------

LIG                                                                             

General flags:
     imin    =       0, nmropt  =       0

Nature and format of input:
     ntx     =       5, irest   =       1, ntrx    =       1

Nature and format of output:
     ntxo    =       1, ntpr    =    1500, ntrx    =       1, ntwr    =   15000
     iwrap   =       1, ntwx    =    3000, ntwv    =       0, ntwe    =    3000
     ioutfm  =       1, ntwprt  =       0, idecomp =       0, rbornstat=      0

Potential function:
     ntf     =       2, ntb     =       2, igb     =       0, nsnb    =      25
     ipol    =       0, gbsa    =       0, iesp    =       0
     dielc   =   1.00000, cut     =   8.00000, intdiel =   1.00000

Frozen or restrained atoms:
     ibelly  =       0, ntr     =       1
     restraint_wt =  10.00000

Molecular dynamics:
     nstlim  =     15000, nscm    =         0, nrespa  =         1
     t       =   0.00000, dt      =   0.00200, vlimit  =  20.00000

Berendsen (weak-coupling) temperature regulation:
     temp0   = 298.00000, tempi   =   0.00000, tautp   =   1.00000

Pressure regulation:
     ntp     =       1
     pres0   =   1.00000, comp    =  44.60000, taup    =   0.50000

SHAKE:
     ntc     =       2, jfastw  =       0
     tol     =   0.00001

Ewald parameters:
     verbose =       0, ew_type =       0, nbflag  =       1, use_pme =       1
     vdwmeth =       1, eedmeth =       1, netfrc  =       1
     Box X =   40.882   Box Y =   50.917   Box Z =   53.789
     Alpha =   90.000   Beta  =   90.000   Gamma =   90.000
     NFFT1 =   40       NFFT2 =   50       NFFT3 =   54
     Cutoff=    8.000   Tol   =0.100E-04
     Ewald Coefficient =  0.34864
     Interpolation order =    4

    LOADING THE CONSTRAINED ATOMS AS GROUPS


   5.  REFERENCE ATOM COORDINATES

  LIG 
     Mask !:CYC; matches    28 atoms

--------------------------------------------------------------------------------
   3.  ATOMIC COORDINATES AND VELOCITIES
--------------------------------------------------------------------------------

LIG                                                                             
 begin time read from input coords =    10.000 ps

 Number of triangulated 3-point waters found:        0

     Sum of charges from parm topology file =   0.00200000
     Forcing neutrality...

--------------------------------------------------------------------------------
   4.  RESULTS
--------------------------------------------------------------------------------

|  # of SOLUTE  degrees of freedom (RNDFP):   12335.
|  # of SOLVENT degrees of freedom (RNDFS):       0.
|  NDFMIN =   12335.     NUM_NOSHAKE =      0     CORRECTED RNDFP =   12335.
|  TOTAL # of degrees of freedom (RNDF) =   12335.
 ---------------------------------------------------
 APPROXIMATING switch and d/dx switch using CUBIC SPLINE INTERPOLATION
 using   5000.0 points per unit in tabled values
 TESTING RELATIVE ERROR over r ranging from 0.0 to cutoff
| CHECK switch(x): max rel err =   0.2738E-14   at   2.422500
| CHECK d/dx switch(x): max rel err =   0.8332E-11   at   2.782960
 ---------------------------------------------------
| Local SIZE OF NONBOND LIST =     497965
| TOTAL SIZE OF NONBOND LIST =     497965

 NSTEP =     1500   TIME(PS) =      13.000  TEMP(K) =   288.15  PRESS =    38.7
 Etot   =      6980.0646  EKtot   =      3531.5876  EPtot      =      3448.4771
 BOND   =       438.1861  ANGLE   =      1874.4397  DIHED      =      1137.1624
 1-4 NB =       816.2546  1-4 EEL =      -229.0590  VDWAALS    =     -1000.8064
 EELEC  =       407.2481  EHBOND  =         0.0000  RESTRAINT  =         5.0515
 EAMBER (non-restraint)  =      3443.4256
 EKCMT  =       537.9775  VIRIAL  =       441.0775  VOLUME     =    116066.1496
                                                    Density    =         0.3546
 Ewald error estimate:   0.1652E-03
 ------------------------------------------------------------------------------


 NSTEP =     3000   TIME(PS) =      16.000  TEMP(K) =   296.49  PRESS =   -85.2
 Etot   =      7154.0366  EKtot   =      3633.7674  EPtot      =      3520.2692
 BOND   =       457.1016  ANGLE   =      1948.3782  DIHED      =      1116.4730
 1-4 NB =       829.5258  1-4 EEL =      -231.6741  VDWAALS    =     -1012.6180
 EELEC  =       408.7193  EHBOND  =         0.0000  RESTRAINT  =         4.3635
 EAMBER (non-restraint)  =      3515.9058
 EKCMT  =       523.5333  VIRIAL  =       740.1182  VOLUME     =    117685.5226
                                                    Density    =         0.3498
 Ewald error estimate:   0.1368E-03
 ------------------------------------------------------------------------------


 NSTEP =     4500   TIME(PS) =      19.000  TEMP(K) =   298.11  PRESS =   -38.5
 Etot   =      7243.4311  EKtot   =      3653.6900  EPtot      =      3589.7412
 BOND   =       491.3573  ANGLE   =      2055.6866  DIHED      =      1099.2576
 1-4 NB =       810.1566  1-4 EEL =      -230.8933  VDWAALS    =     -1051.9332
 EELEC  =       408.2850  EHBOND  =         0.0000  RESTRAINT  =         7.8246
 EAMBER (non-restraint)  =      3581.9165
 EKCMT  =       471.3620  VIRIAL  =       570.0431  VOLUME     =    118670.5904
                                                    Density    =         0.3469
 Ewald error estimate:   0.3447E-03
 ------------------------------------------------------------------------------


 NSTEP =     6000   TIME(PS) =      22.000  TEMP(K) =   296.48  PRESS =  -134.7
 Etot   =      7292.9979  EKtot   =      3633.7125  EPtot      =      3659.2854
 BOND   =       527.3263  ANGLE   =      2121.5118  DIHED      =      1103.4271
 1-4 NB =       823.7977  1-4 EEL =      -232.3328  VDWAALS    =     -1100.2483
 EELEC  =       409.4176  EHBOND  =         0.0000  RESTRAINT  =         6.3860
 EAMBER (non-restraint)  =      3652.8994
 EKCMT  =       411.5276  VIRIAL  =       755.4054  VOLUME     =    118232.3672
                                                    Density    =         0.3481
 Ewald error estimate:   0.2838E-03
 ------------------------------------------------------------------------------


 NSTEP =     7500   TIME(PS) =      25.000  TEMP(K) =   301.22  PRESS =   -26.6
 Etot   =      7306.8417  EKtot   =      3691.7367  EPtot      =      3615.1051
 BOND   =       515.2335  ANGLE   =      2160.2634  DIHED      =      1079.2182
 1-4 NB =       815.1658  1-4 EEL =      -233.1493  VDWAALS    =     -1141.1251
 EELEC  =       409.8296  EHBOND  =         0.0000  RESTRAINT  =         9.6689
 EAMBER (non-restraint)  =      3605.4362
 EKCMT  =       413.1271  VIRIAL  =       479.6987  VOLUME     =    115988.3024
                                                    Density    =         0.3549
 Ewald error estimate:   0.2550E-03
 ------------------------------------------------------------------------------


 NSTEP =     9000   TIME(PS) =      28.000  TEMP(K) =   299.25  PRESS =   -13.0
 Etot   =      7287.5371  EKtot   =      3667.6382  EPtot      =      3619.8988
 BOND   =       515.1854  ANGLE   =      2218.1247  DIHED      =      1075.4895
 1-4 NB =       823.0105  1-4 EEL =      -233.6777  VDWAALS    =     -1198.1882
 EELEC  =       410.7233  EHBOND  =         0.0000  RESTRAINT  =         9.2313
 EAMBER (non-restraint)  =      3610.6675
 EKCMT  =       366.1644  VIRIAL  =       397.9552  VOLUME     =    113313.3183
                                                    Density    =         0.3633
 Ewald error estimate:   0.1010E-03
 ------------------------------------------------------------------------------


 NSTEP =    10500   TIME(PS) =      31.000  TEMP(K) =   292.92  PRESS =  -196.9
 Etot   =      7294.3512  EKtot   =      3590.0631  EPtot      =      3704.2882
 BOND   =       514.3339  ANGLE   =      2299.0182  DIHED      =      1084.8393
 1-4 NB =       819.5429  1-4 EEL =      -230.4467  VDWAALS    =     -1200.6719
 EELEC  =       408.8687  EHBOND  =         0.0000  RESTRAINT  =         8.8036
 EAMBER (non-restraint)  =      3695.4845
 EKCMT  =       363.5148  VIRIAL  =       833.0549  VOLUME     =    110452.5568
                                                    Density    =         0.3727
 Ewald error estimate:   0.2481E-03
 ------------------------------------------------------------------------------


 NSTEP =    12000   TIME(PS) =      34.000  TEMP(K) =   295.89  PRESS =  -234.3
 Etot   =      7303.1090  EKtot   =      3626.3925  EPtot      =      3676.7165
 BOND   =       549.9227  ANGLE   =      2297.3704  DIHED      =      1081.1682
 1-4 NB =       804.1820  1-4 EEL =      -231.3962  VDWAALS    =     -1240.8346
 EELEC  =       408.2508  EHBOND  =         0.0000  RESTRAINT  =         8.0532
 EAMBER (non-restraint)  =      3668.6633
 EKCMT  =       326.0736  VIRIAL  =       864.2055  VOLUME     =    106361.5641
                                                    Density    =         0.3870
 Ewald error estimate:   0.2747E-03
 ------------------------------------------------------------------------------


 NSTEP =    13500   TIME(PS) =      37.000  TEMP(K) =   295.89  PRESS =  -345.3
 Etot   =      7248.6270  EKtot   =      3626.4829  EPtot      =      3622.1441
 BOND   =       548.5778  ANGLE   =      2316.4343  DIHED      =      1065.7233
 1-4 NB =       842.1786  1-4 EEL =      -234.3373  VDWAALS    =     -1333.0978
 EELEC  =       411.2644  EHBOND  =         0.0000  RESTRAINT  =         5.4007
 EAMBER (non-restraint)  =      3616.7433
 EKCMT  =       330.7037  VIRIAL  =      1083.9121  VOLUME     =    101039.9628
                                                    Density    =         0.4074
 Ewald error estimate:   0.2935E-03
 ------------------------------------------------------------------------------


 NSTEP =    15000   TIME(PS) =      40.000  TEMP(K) =   296.42  PRESS =  -198.7
 Etot   =      7223.6550  EKtot   =      3632.9278  EPtot      =      3590.7272
 BOND   =       531.6735  ANGLE   =      2360.6420  DIHED      =      1077.4501
 1-4 NB =       821.3811  1-4 EEL =      -231.6504  VDWAALS    =     -1381.3704
 EELEC  =       409.3864  EHBOND  =         0.0000  RESTRAINT  =         3.2150
 EAMBER (non-restraint)  =      3587.5123
 EKCMT  =       322.9223  VIRIAL  =       732.7494  VOLUME     =     95541.1616
                                                    Density    =         0.4308
 Ewald error estimate:   0.3268E-03
 ------------------------------------------------------------------------------


      A V E R A G E S   O V E R   15000 S T E P S


 NSTEP =    15000   TIME(PS) =      40.000  TEMP(K) =   296.31  PRESS =   -58.3
 Etot   =      7214.7146  EKtot   =      3631.5507  EPtot      =      3583.1639
 BOND   =       505.8550  ANGLE   =      2125.0479  DIHED      =      1092.9497
 1-4 NB =       819.9821  1-4 EEL =      -231.7278  VDWAALS    =     -1144.4273
 EELEC  =       409.2342  EHBOND  =         0.0000  RESTRAINT  =         6.2502
 EAMBER (non-restraint)  =      3576.9137
 EKCMT  =       415.0743  VIRIAL  =       545.1997  VOLUME     =    112198.4110
                                                    Density    =         0.3682
 Ewald error estimate:   0.2160E-03
 ------------------------------------------------------------------------------


      R M S  F L U C T U A T I O N S


 NSTEP =    15000   TIME(PS) =      40.000  TEMP(K) =     3.35  PRESS =   130.4
 Etot   =       135.3071  EKtot   =        41.0774  EPtot      =       114.5858
 BOND   =        41.3114  ANGLE   =       181.8971  DIHED      =        22.8708
 1-4 NB =        10.0858  1-4 EEL =         1.3816  VDWAALS    =       118.3559
 EELEC  =         0.9182  EHBOND  =         0.0000  RESTRAINT  =         1.8601
 EAMBER (non-restraint)  =       112.7257
 EKCMT  =        79.3504  VIRIAL  =       250.4144  VOLUME     =      6511.1182
                                                    Density    =         0.0228
 Ewald error estimate:   0.8670E-04
 ------------------------------------------------------------------------------


--------------------------------------------------------------------------------
   5.  TIMINGS
--------------------------------------------------------------------------------

|                Build the list            16.22 (97.66% of List )
|                Other                      0.39 ( 2.34% of List )
|             List time                 16.61 ( 4.54% of Nonbo)
|                   Short_ene time           212.91 (98.26% of Direc)
|                   Other                      3.77 ( 1.74% of Direc)
|                Direct Ewald time        216.68 (61.99% of Ewald)
|                Adjust Ewald time         15.84 ( 4.53% of Ewald)
|                Self Ewald time            0.02 ( 0.01% of Ewald)
|                   Fill Bspline coeffs        3.54 ( 3.26% of Recip)
|                   Fill charge grid           9.57 ( 8.82% of Recip)
|                   Scalar sum                23.66 (21.81% of Recip)
|                   Grad sum                  19.08 (17.59% of Recip)
|                   FFT time                  52.60 (48.49% of Recip)
|                   Other                      0.02 ( 0.02% of Recip)
|                Recip Ewald time         108.48 (31.04% of Ewald)
|                Force Adjust               0.07 ( 0.02% of Ewald)
|                Virial junk                0.37 ( 0.10% of Ewald)
|                Other                      8.05 ( 2.30% of Ewald)
|             Ewald time               349.52 (95.45% of Nonbo)
|             Other                      0.05 ( 0.01% of Nonbo)
|          Nonbond force            366.19 (84.14% of Force)
|          Bond/Angle/Dihedral       68.81 (15.81% of Force)
|          Other                      0.22 ( 0.05% of Force)
|       Force time               435.21 (98.42% of Runmd)
|       Shake time                 3.17 ( 0.72% of Runmd)
|       Verlet update time         2.79 ( 0.63% of Runmd)
|       Ekcmr time                 0.38 ( 0.08% of Runmd)
|       Other                      0.66 ( 0.15% of Runmd)
|    Runmd Time               442.21 (100.0% of Total)
|    Other                      0.07 ( 0.02% of Total)
| Total time               442.29 (100.0% of ALL  )

| Number of list builds   :        859

| Highest rstack allocated:     387502
| Highest istack allocated:       5284

| Final Performance Info:
| -----------------------------------------------------
| Average timings for all steps:
|     Elapsed(s) =     442.21 Per Step(ms) =      29.48
|         ns/day =       5.86   seconds/ns =   14740.38
| -----------------------------------------------------

|           Job began  at 17:50:31.992  on 03/23/2017
|           Setup done at 17:50:32.070  on 03/23/2017
|           Run   done at 17:57:54.281  on 03/23/2017
|     wallclock() was called  691741 times
