
          -------------------------------------------------------
          Amber 16 SANDER                              2016
          -------------------------------------------------------

| Run on 03/22/2017 at 11:41:26

|   Executable path: sander
| Working directory: /home/steboss/Simulation/logP_standrews/d_236difluoro/cyclohexane/equilibration
|          Hostname: Unknown
  [-O]verwriting output

File Assignments:
|  MDIN: md00003.in                                                            
| MDOUT: md00003.out                                                           
|INPCRD: md00002.rst7                                                          
|  PARM: solvated.parm7                                                        
|RESTRT: md00003.rst7                                                          
|  REFC: solvated.rst7                                                         
| MDVEL: mdvel                                                                 
| MDFRC: mdfrc                                                                 
|  MDEN: md00003.en                                                            
| MDCRD: md00003.nc                                                            
|MDINFO: md00003.info                                                          
|  MTMD: mtmd                                                                  
|INPDIP: inpdip                                                                
|RSTDIP: rstdip                                                                
|INPTRA: inptraj                                                               


 Here is the input file:

constant temperature                                                           
&cntrl                                                                         
ntxo=1,                                                                        
imin = 0, nstlim = 4000, irest = 1, ntx = 5, dt = 0.002,                       
ntt = 1, temp0 = 300.0, tautp = 1.0,                                           
ntb = 1,                                                                       
ntc = 2, ntf = 2,                                                              
ioutfm = 1, iwrap = 1,                                                         
ntwe = 800, ntwx = 800, ntpr = 400,                                            
ntr = 1, restraint_wt = 10.00,                                                 
restraintmask="!:CYC",                                                         
/                                                                              
                                                                               

--------------------------------------------------------------------------------
   1.  RESOURCE   USE: 
--------------------------------------------------------------------------------

| Flags:                                                                        
 getting new box info from bottom of inpcrd
|  INFO: Old style inpcrd file read

| peek_ewald_inpcrd: Box info found
|Largest sphere to fit in unit cell has radius =    19.210
| New format PARM file being parsed.
| Version =    1.000 Date = 03/22/17 Time = 11:41:05
 NATOM  =    3772 NTYPES =       6 NBONH =    2509 MBONA  =    1264
 NTHETH =    6272 MTHETA =    1270 NPHIH =   10052 MPHIA  =    3787
 NHPARM =       0 NPARM  =       0 NNB   =   22211 NRES   =     209
 NBONA  =    1264 NTHETA =    1270 NPHIA =    3787 NUMBND =       7
 NUMANG =      11 NPTRA  =      12 NATYP =       6 NPHB   =       0
 IFBOX  =       1 NMXRS  =      28 IFCAP =       0 NEXTRA =       0
 NCOPY  =       0


|     Memory Use     Allocated
|     Real              351536
|     Hollerith          11527
|     Integer           804105
|     Max Pairs        1257333
|     nblistReal         45264
|     nblist Int        337671
|       Total            12516 kbytes

| Note: 1-4 EEL scale factors are being read from the topology file.

| Note: 1-4 VDW scale factors are being read from the topology file.
| Duplicated    0 dihedrals
| Duplicated    0 dihedrals

     BOX TYPE: RECTILINEAR

--------------------------------------------------------------------------------
   2.  CONTROL  DATA  FOR  THE  RUN
--------------------------------------------------------------------------------

LIG                                                                             

General flags:
     imin    =       0, nmropt  =       0

Nature and format of input:
     ntx     =       5, irest   =       1, ntrx    =       1

Nature and format of output:
     ntxo    =       1, ntpr    =     400, ntrx    =       1, ntwr    =    4000
     iwrap   =       1, ntwx    =     800, ntwv    =       0, ntwe    =     800
     ioutfm  =       1, ntwprt  =       0, idecomp =       0, rbornstat=      0

Potential function:
     ntf     =       2, ntb     =       1, igb     =       0, nsnb    =      25
     ipol    =       0, gbsa    =       0, iesp    =       0
     dielc   =   1.00000, cut     =   8.00000, intdiel =   1.00000

Frozen or restrained atoms:
     ibelly  =       0, ntr     =       1
     restraint_wt =  10.00000

Molecular dynamics:
     nstlim  =      4000, nscm    =         0, nrespa  =         1
     t       =   0.00000, dt      =   0.00200, vlimit  =  20.00000

Berendsen (weak-coupling) temperature regulation:
     temp0   = 300.00000, tempi   =   0.00000, tautp   =   1.00000

SHAKE:
     ntc     =       2, jfastw  =       0
     tol     =   0.00001

Ewald parameters:
     verbose =       0, ew_type =       0, nbflag  =       1, use_pme =       1
     vdwmeth =       1, eedmeth =       1, netfrc  =       1
     Box X =   40.882   Box Y =   50.917   Box Z =   38.420
     Alpha =   90.000   Beta  =   90.000   Gamma =   90.000
     NFFT1 =   40       NFFT2 =   50       NFFT3 =   40
     Cutoff=    8.000   Tol   =0.100E-04
     Ewald Coefficient =  0.34864
     Interpolation order =    4

    LOADING THE CONSTRAINED ATOMS AS GROUPS


   5.  REFERENCE ATOM COORDINATES

  LIG 
     Mask !:CYC; matches    28 atoms

--------------------------------------------------------------------------------
   3.  ATOMIC COORDINATES AND VELOCITIES
--------------------------------------------------------------------------------

LIG                                                                             
 begin time read from input coords =     2.000 ps

 Number of triangulated 3-point waters found:        0

     Sum of charges from parm topology file =  -0.00100000
     Forcing neutrality...

--------------------------------------------------------------------------------
   4.  RESULTS
--------------------------------------------------------------------------------

|  # of SOLUTE  degrees of freedom (RNDFP):    8807.
|  # of SOLVENT degrees of freedom (RNDFS):       0.
|  NDFMIN =    8807.     NUM_NOSHAKE =      0     CORRECTED RNDFP =    8807.
|  TOTAL # of degrees of freedom (RNDF) =    8807.
 ---------------------------------------------------
 APPROXIMATING switch and d/dx switch using CUBIC SPLINE INTERPOLATION
 using   5000.0 points per unit in tabled values
 TESTING RELATIVE ERROR over r ranging from 0.0 to cutoff
| CHECK switch(x): max rel err =   0.2738E-14   at   2.422500
| CHECK d/dx switch(x): max rel err =   0.8332E-11   at   2.782960
 ---------------------------------------------------
| Local SIZE OF NONBOND LIST =     354818
| TOTAL SIZE OF NONBOND LIST =     354818

 NSTEP =      400   TIME(PS) =       2.800  TEMP(K) =   213.55  PRESS =     0.0
 Etot   =      3009.1044  EKtot   =      1868.6487  EPtot      =      1140.4557
 BOND   =        97.0425  ANGLE   =       377.8213  DIHED      =       710.1013
 1-4 NB =       527.3182  1-4 EEL =      -168.3262  VDWAALS    =      -697.3955
 EELEC  =       290.8831  EHBOND  =         0.0000  RESTRAINT  =         3.0110
 EAMBER (non-restraint)  =      1137.4447
 Ewald error estimate:   0.1810E-03
 ------------------------------------------------------------------------------


 NSTEP =      800   TIME(PS) =       3.600  TEMP(K) =   235.89  PRESS =     0.0
 Etot   =      3494.4072  EKtot   =      2064.1628  EPtot      =      1430.2443
 BOND   =       120.5699  ANGLE   =       541.1105  DIHED      =       758.4430
 1-4 NB =       550.3109  1-4 EEL =      -166.1264  VDWAALS    =      -666.7843
 EELEC  =       289.3792  EHBOND  =         0.0000  RESTRAINT  =         3.3416
 EAMBER (non-restraint)  =      1426.9027
 Ewald error estimate:   0.1689E-03
 ------------------------------------------------------------------------------


 NSTEP =     1200   TIME(PS) =       4.400  TEMP(K) =   258.86  PRESS =     0.0
 Etot   =      3828.7743  EKtot   =      2265.1373  EPtot      =      1563.6371
 BOND   =       154.3525  ANGLE   =       623.3494  DIHED      =       776.9692
 1-4 NB =       557.4475  1-4 EEL =      -165.4240  VDWAALS    =      -676.6914
 EELEC  =       289.2169  EHBOND  =         0.0000  RESTRAINT  =         4.4170
 EAMBER (non-restraint)  =      1559.2201
 Ewald error estimate:   0.1143E-04
 ------------------------------------------------------------------------------


 NSTEP =     1600   TIME(PS) =       5.200  TEMP(K) =   270.59  PRESS =     0.0
 Etot   =      4067.7344  EKtot   =      2367.8372  EPtot      =      1699.8972
 BOND   =       186.0958  ANGLE   =       725.1634  DIHED      =       789.3985
 1-4 NB =       573.9772  1-4 EEL =      -166.1857  VDWAALS    =      -707.4696
 EELEC  =       289.3632  EHBOND  =         0.0000  RESTRAINT  =         9.5545
 EAMBER (non-restraint)  =      1690.3427
 Ewald error estimate:   0.1013E-03
 ------------------------------------------------------------------------------


 NSTEP =     2000   TIME(PS) =       6.000  TEMP(K) =   275.13  PRESS =     0.0
 Etot   =      4249.1924  EKtot   =      2407.5207  EPtot      =      1841.6716
 BOND   =       214.6461  ANGLE   =       810.4064  DIHED      =       815.5445
 1-4 NB =       576.0199  1-4 EEL =      -167.2125  VDWAALS    =      -701.1419
 EELEC  =       290.0253  EHBOND  =         0.0000  RESTRAINT  =         3.3839
 EAMBER (non-restraint)  =      1838.2877
 Ewald error estimate:   0.2139E-03
 ------------------------------------------------------------------------------


 NSTEP =     2400   TIME(PS) =       6.800  TEMP(K) =   279.20  PRESS =     0.0
 Etot   =      4392.8982  EKtot   =      2443.1608  EPtot      =      1949.7374
 BOND   =       230.7923  ANGLE   =       913.2161  DIHED      =       808.8666
 1-4 NB =       583.3889  1-4 EEL =      -167.2201  VDWAALS    =      -715.4283
 EELEC  =       289.8568  EHBOND  =         0.0000  RESTRAINT  =         6.2651
 EAMBER (non-restraint)  =      1943.4723
 Ewald error estimate:   0.1788E-03
 ------------------------------------------------------------------------------


 NSTEP =     2800   TIME(PS) =       7.600  TEMP(K) =   283.45  PRESS =     0.0
 Etot   =      4507.7151  EKtot   =      2480.3295  EPtot      =      2027.3855
 BOND   =       231.8769  ANGLE   =       982.5428  DIHED      =       807.9249
 1-4 NB =       590.3465  1-4 EEL =      -166.4866  VDWAALS    =      -714.9693
 EELEC  =       290.1871  EHBOND  =         0.0000  RESTRAINT  =         5.9632
 EAMBER (non-restraint)  =      2021.4223
 Ewald error estimate:   0.1893E-03
 ------------------------------------------------------------------------------


 NSTEP =     3200   TIME(PS) =       8.400  TEMP(K) =   285.81  PRESS =     0.0
 Etot   =      4612.7695  EKtot   =      2501.0477  EPtot      =      2111.7218
 BOND   =       265.9962  ANGLE   =      1027.2811  DIHED      =       815.1774
 1-4 NB =       581.9820  1-4 EEL =      -165.0236  VDWAALS    =      -708.2645
 EELEC  =       288.7252  EHBOND  =         0.0000  RESTRAINT  =         5.8480
 EAMBER (non-restraint)  =      2105.8738
 Ewald error estimate:   0.2124E-03
 ------------------------------------------------------------------------------


 NSTEP =     3600   TIME(PS) =       9.200  TEMP(K) =   283.27  PRESS =     0.0
 Etot   =      4704.9497  EKtot   =      2478.7804  EPtot      =      2226.1693
 BOND   =       278.7058  ANGLE   =      1110.9060  DIHED      =       813.5992
 1-4 NB =       584.5489  1-4 EEL =      -165.0795  VDWAALS    =      -695.4777
 EELEC  =       288.9009  EHBOND  =         0.0000  RESTRAINT  =        10.0657
 EAMBER (non-restraint)  =      2216.1036
 Ewald error estimate:   0.3760E-04
 ------------------------------------------------------------------------------


 NSTEP =     4000   TIME(PS) =      10.000  TEMP(K) =   289.33  PRESS =     0.0
 Etot   =      4776.3979  EKtot   =      2531.8348  EPtot      =      2244.5631
 BOND   =       276.4799  ANGLE   =      1166.7718  DIHED      =       821.5940
 1-4 NB =       578.2066  1-4 EEL =      -163.6521  VDWAALS    =      -731.2230
 EELEC  =       287.9954  EHBOND  =         0.0000  RESTRAINT  =         8.3905
 EAMBER (non-restraint)  =      2236.1726
 Ewald error estimate:   0.1784E-03
 ------------------------------------------------------------------------------


      A V E R A G E S   O V E R    4000 S T E P S


 NSTEP =     4000   TIME(PS) =      10.000  TEMP(K) =   263.38  PRESS =     0.0
 Etot   =      4044.8657  EKtot   =      2304.6929  EPtot      =      1740.1728
 BOND   =       193.2983  ANGLE   =       772.9952  DIHED      =       779.5937
 1-4 NB =       568.5893  1-4 EEL =      -166.7061  VDWAALS    =      -703.2962
 EELEC  =       289.7771  EHBOND  =         0.0000  RESTRAINT  =         5.9214
 EAMBER (non-restraint)  =      1734.2514
 Ewald error estimate:   0.1180E-03
 ------------------------------------------------------------------------------


      R M S  F L U C T U A T I O N S


 NSTEP =     4000   TIME(PS) =      10.000  TEMP(K) =    30.90  PRESS =     0.0
 Etot   =       645.2180  EKtot   =       270.4006  EPtot      =       384.1316
 BOND   =        64.9880  ANGLE   =       264.3784  DIHED      =        41.1504
 1-4 NB =        22.5313  1-4 EEL =         1.6846  VDWAALS    =        15.5575
 EELEC  =         0.9740  EHBOND  =         0.0000  RESTRAINT  =         2.5047
 EAMBER (non-restraint)  =       381.6269
 Ewald error estimate:   0.7622E-04
 ------------------------------------------------------------------------------


--------------------------------------------------------------------------------
   5.  TIMINGS
--------------------------------------------------------------------------------

|    Read coords time           0.01 ( 0.01% of Total)
|                Build the list             3.58 (97.44% of List )
|                Other                      0.09 ( 2.56% of List )
|             List time                  3.67 ( 5.58% of Nonbo)
|                   Short_ene time            37.19 (98.35% of Direc)
|                   Other                      0.62 ( 1.65% of Direc)
|                Direct Ewald time         37.81 (60.86% of Ewald)
|                Adjust Ewald time          2.93 ( 4.72% of Ewald)
|                Self Ewald time            0.01 ( 0.01% of Ewald)
|                   Fill Bspline coeffs        0.69 ( 3.47% of Recip)
|                   Fill charge grid           1.78 ( 8.99% of Recip)
|                   Scalar sum                 4.56 (23.09% of Recip)
|                   Grad sum                   3.45 (17.49% of Recip)
|                   FFT time                   9.27 (46.93% of Recip)
|                   Other                      0.01 ( 0.03% of Recip)
|                Recip Ewald time          19.76 (31.80% of Ewald)
|                Force Adjust               0.01 ( 0.02% of Ewald)
|                Virial junk                0.07 ( 0.12% of Ewald)
|                Other                      1.53 ( 2.47% of Ewald)
|             Ewald time                62.13 (94.40% of Nonbo)
|             Other                      0.01 ( 0.02% of Nonbo)
|          Nonbond force             65.82 (82.92% of Force)
|          Bond/Angle/Dihedral       13.53 (17.05% of Force)
|          Other                      0.03 ( 0.03% of Force)
|       Force time                79.38 (98.69% of Runmd)
|       Shake time                 0.56 ( 0.70% of Runmd)
|       Verlet update time         0.41 ( 0.51% of Runmd)
|       Other                      0.08 ( 0.10% of Runmd)
|    Runmd Time                80.43 (100.0% of Total)
|    Other                      0.06 ( 0.07% of Total)
| Total time                80.49 (100.0% of ALL  )

| Number of list builds   :        275

| Highest rstack allocated:     283846
| Highest istack allocated:       3772

| Final Performance Info:
| -----------------------------------------------------
| Average timings for all steps:
|     Elapsed(s) =      80.43 Per Step(ms) =      20.11
|         ns/day =       8.59   seconds/ns =   10053.64
| -----------------------------------------------------

|           Job began  at 11:41:26.363  on 03/22/2017
|           Setup done at 11:41:26.424  on 03/22/2017
|           Run   done at 11:42:46.853  on 03/22/2017
|     wallclock() was called  176573 times
