
          -------------------------------------------------------
          Amber 16 SANDER                              2016
          -------------------------------------------------------

| Run on 03/22/2017 at 11:41:07

|   Executable path: sander
| Working directory: /home/steboss/Simulation/logP_standrews/d_236difluoro/cyclohexane/equilibration
|          Hostname: Unknown
  [-O]verwriting output

File Assignments:
|  MDIN: md00002.in                                                            
| MDOUT: md00002.out                                                           
|INPCRD: min00001.rst7                                                         
|  PARM: solvated.parm7                                                        
|RESTRT: md00002.rst7                                                          
|  REFC: solvated.rst7                                                         
| MDVEL: mdvel                                                                 
| MDFRC: mdfrc                                                                 
|  MDEN: md00002.en                                                            
| MDCRD: md00002.nc                                                            
|MDINFO: md00002.info                                                          
|  MTMD: mtmd                                                                  
|INPDIP: inpdip                                                                
|RSTDIP: rstdip                                                                
|INPTRA: inptraj                                                               


 Here is the input file:

heat the system                                                                
&cntrl                                                                         
ntxo=1,                                                                        
imin = 0, nstlim = 1000, irest = 0, ntx = 1, dt = 0.002,                       
nmropt = 1,                                                                    
ntt = 1, temp0 = 300.0, tempi = 5.0, tautp = 1.0,                              
ntb = 1, pres0 = 1.0,                                                          
ntc = 2, ntf = 2,                                                              
ioutfm = 1, iwrap = 1,                                                         
ntwe = 200, ntwx = 200, ntpr = 100,                                            
ntr = 1, restraint_wt = 10.00,                                                 
restraintmask="!:CYC",                                                         
/                                                                              
                                                                               
&wt                                                                            
type = 'TEMP0',                                                                
istep1 = 0, istep2 = 1000,                                                     
value1 = 5.0, value2 = 300.0                                                   
/                                                                              
                                                                               
&wt type = 'END'                                                               
 /                                                                             
                                                                               

--------------------------------------------------------------------------------
   1.  RESOURCE   USE: 
--------------------------------------------------------------------------------

| Flags:                                                                        
 getting new box info from bottom of inpcrd
|  INFO: Old style inpcrd file read

| peek_ewald_inpcrd: Box info found
|Largest sphere to fit in unit cell has radius =    19.210
| New format PARM file being parsed.
| Version =    1.000 Date = 03/22/17 Time = 11:41:05
 NATOM  =    3772 NTYPES =       6 NBONH =    2509 MBONA  =    1264
 NTHETH =    6272 MTHETA =    1270 NPHIH =   10052 MPHIA  =    3787
 NHPARM =       0 NPARM  =       0 NNB   =   22211 NRES   =     209
 NBONA  =    1264 NTHETA =    1270 NPHIA =    3787 NUMBND =       7
 NUMANG =      11 NPTRA  =      12 NATYP =       6 NPHB   =       0
 IFBOX  =       1 NMXRS  =      28 IFCAP =       0 NEXTRA =       0
 NCOPY  =       0


|     Memory Use     Allocated
|     Real              351565
|     Hollerith          11527
|     Integer           804150
|     Max Pairs        1257333
|     nblistReal         45264
|     nblist Int        337671
|       Total            12516 kbytes

| Note: 1-4 EEL scale factors are being read from the topology file.

| Note: 1-4 VDW scale factors are being read from the topology file.
| Duplicated    0 dihedrals
| Duplicated    0 dihedrals

     BOX TYPE: RECTILINEAR

--------------------------------------------------------------------------------
   2.  CONTROL  DATA  FOR  THE  RUN
--------------------------------------------------------------------------------

LIG                                                                             

General flags:
     imin    =       0, nmropt  =       1

Nature and format of input:
     ntx     =       1, irest   =       0, ntrx    =       1

Nature and format of output:
     ntxo    =       1, ntpr    =     100, ntrx    =       1, ntwr    =    1000
     iwrap   =       1, ntwx    =     200, ntwv    =       0, ntwe    =     200
     ioutfm  =       1, ntwprt  =       0, idecomp =       0, rbornstat=      0

Potential function:
     ntf     =       2, ntb     =       1, igb     =       0, nsnb    =      25
     ipol    =       0, gbsa    =       0, iesp    =       0
     dielc   =   1.00000, cut     =   8.00000, intdiel =   1.00000

Frozen or restrained atoms:
     ibelly  =       0, ntr     =       1
     restraint_wt =  10.00000

Molecular dynamics:
     nstlim  =      1000, nscm    =         0, nrespa  =         1
     t       =   0.00000, dt      =   0.00200, vlimit  =  20.00000

Berendsen (weak-coupling) temperature regulation:
     temp0   = 300.00000, tempi   =   5.00000, tautp   =   1.00000

SHAKE:
     ntc     =       2, jfastw  =       0
     tol     =   0.00001

NMR refinement options:
     iscale  =       0, noeskp  =       1, ipnlty  =       1, mxsub   =       1
     scalm   = 100.00000, pencut  =   0.10000, tausw   =   0.10000

Ewald parameters:
     verbose =       0, ew_type =       0, nbflag  =       1, use_pme =       1
     vdwmeth =       1, eedmeth =       1, netfrc  =       1
     Box X =   40.882   Box Y =   50.917   Box Z =   38.420
     Alpha =   90.000   Beta  =   90.000   Gamma =   90.000
     NFFT1 =   40       NFFT2 =   50       NFFT3 =   40
     Cutoff=    8.000   Tol   =0.100E-04
     Ewald Coefficient =  0.34864
     Interpolation order =    4

    LOADING THE CONSTRAINED ATOMS AS GROUPS


   5.  REFERENCE ATOM COORDINATES

  LIG 
     Mask !:CYC; matches    28 atoms

--------------------------------------------------------------------------------
   3.  ATOMIC COORDINATES AND VELOCITIES
--------------------------------------------------------------------------------

LIG                                                                             
 begin time read from input coords =     0.000 ps



           Begin reading energy term weight changes/NMR restraints
 WEIGHT CHANGES:
 TEMP0         0   1000    5.000000  300.000000      0      0

 RESTRAINTS:
                          ** No restraint defined **

                  Done reading weight changes/NMR restraints


 Number of triangulated 3-point waters found:        0

     Sum of charges from parm topology file =  -0.00100000
     Forcing neutrality...

--------------------------------------------------------------------------------
   4.  RESULTS
--------------------------------------------------------------------------------

|  # of SOLUTE  degrees of freedom (RNDFP):    8807.
|  # of SOLVENT degrees of freedom (RNDFS):       0.
|  NDFMIN =    8807.     NUM_NOSHAKE =      0     CORRECTED RNDFP =    8807.
|  TOTAL # of degrees of freedom (RNDF) =    8807.
 ---------------------------------------------------
 APPROXIMATING switch and d/dx switch using CUBIC SPLINE INTERPOLATION
 using   5000.0 points per unit in tabled values
 TESTING RELATIVE ERROR over r ranging from 0.0 to cutoff
| CHECK switch(x): max rel err =   0.2738E-14   at   2.422500
| CHECK d/dx switch(x): max rel err =   0.8332E-11   at   2.782960
 ---------------------------------------------------
| Local SIZE OF NONBOND LIST =     367625
| TOTAL SIZE OF NONBOND LIST =     367625

 NSTEP =        0   TIME(PS) =       0.000  TEMP(K) =     6.47  PRESS =     0.0
 Etot   =       742.6079  EKtot   =        56.6128  EPtot      =       685.9951
 BOND   =        28.2690  ANGLE   =        20.9789  DIHED      =       595.3338
 1-4 NB =       491.8204  1-4 EEL =      -170.9974  VDWAALS    =      -572.0602
 EELEC  =       292.2477  EHBOND  =         0.0000  RESTRAINT  =         0.4028
 EAMBER (non-restraint)  =       685.5923
 Ewald error estimate:   0.3080E-03
 ------------------------------------------------------------------------------

 NMR restraints: Bond =    0.000   Angle =     0.000   Torsion =     0.000
===============================================================================

 NSTEP =      100   TIME(PS) =       0.200  TEMP(K) =     4.07  PRESS =     0.0
 Etot   =       747.3118  EKtot   =        35.5964  EPtot      =       711.7153
 BOND   =        29.9417  ANGLE   =        41.9474  DIHED      =       596.4045
 1-4 NB =       494.7437  1-4 EEL =      -170.8665  VDWAALS    =      -573.3410
 EELEC  =       292.3898  EHBOND  =         0.0000  RESTRAINT  =         0.4957
 EAMBER (non-restraint)  =       711.2196
 Ewald error estimate:   0.1080E-04
 ------------------------------------------------------------------------------

 NMR restraints: Bond =    0.000   Angle =     0.000   Torsion =     0.000
===============================================================================

 NSTEP =      200   TIME(PS) =       0.400  TEMP(K) =    10.29  PRESS =     0.0
 Etot   =       805.6417  EKtot   =        90.0432  EPtot      =       715.5985
 BOND   =        36.1991  ANGLE   =        49.3316  DIHED      =       598.7427
 1-4 NB =       491.8031  1-4 EEL =      -170.7365  VDWAALS    =      -582.4659
 EELEC  =       292.2433  EHBOND  =         0.0000  RESTRAINT  =         0.4810
 EAMBER (non-restraint)  =       715.1175
 Ewald error estimate:   0.5720E-03
 ------------------------------------------------------------------------------

 NMR restraints: Bond =    0.000   Angle =     0.000   Torsion =     0.000
===============================================================================

 NSTEP =      300   TIME(PS) =       0.600  TEMP(K) =    21.98  PRESS =     0.0
 Etot   =       915.4975  EKtot   =       192.3183  EPtot      =       723.1792
 BOND   =        34.8758  ANGLE   =        70.8881  DIHED      =       599.7371
 1-4 NB =       499.5642  1-4 EEL =      -171.0624  VDWAALS    =      -603.9010
 EELEC  =       292.5822  EHBOND  =         0.0000  RESTRAINT  =         0.4953
 EAMBER (non-restraint)  =       722.6839
 Ewald error estimate:   0.5419E-03
 ------------------------------------------------------------------------------

 NMR restraints: Bond =    0.000   Angle =     0.000   Torsion =     0.000
===============================================================================

 NSTEP =      400   TIME(PS) =       0.800  TEMP(K) =    42.49  PRESS =     0.0
 Etot   =      1051.0399  EKtot   =       371.7871  EPtot      =       679.2527
 BOND   =        36.8252  ANGLE   =        62.4574  DIHED      =       602.7349
 1-4 NB =       495.7402  1-4 EEL =      -170.7981  VDWAALS    =      -640.4293
 EELEC  =       292.0852  EHBOND  =         0.0000  RESTRAINT  =         0.6374
 EAMBER (non-restraint)  =       678.6153
 Ewald error estimate:   0.1625E-03
 ------------------------------------------------------------------------------

 NMR restraints: Bond =    0.000   Angle =     0.000   Torsion =     0.000
===============================================================================

 NSTEP =      500   TIME(PS) =       1.000  TEMP(K) =    59.72  PRESS =     0.0
 Etot   =      1206.0988  EKtot   =       522.5726  EPtot      =       683.5263
 BOND   =        43.4377  ANGLE   =        94.1950  DIHED      =       603.3467
 1-4 NB =       499.8830  1-4 EEL =      -170.9452  VDWAALS    =      -679.5808
 EELEC  =       292.4032  EHBOND  =         0.0000  RESTRAINT  =         0.7867
 EAMBER (non-restraint)  =       682.7396
 Ewald error estimate:   0.1175E-04
 ------------------------------------------------------------------------------

 NMR restraints: Bond =    0.000   Angle =     0.000   Torsion =     0.000
===============================================================================

 NSTEP =      600   TIME(PS) =       1.200  TEMP(K) =    79.35  PRESS =     0.0
 Etot   =      1375.9885  EKtot   =       694.3467  EPtot      =       681.6418
 BOND   =        47.0586  ANGLE   =        99.6665  DIHED      =       611.4276
 1-4 NB =       500.3720  1-4 EEL =      -170.4826  VDWAALS    =      -699.0007
 EELEC  =       291.9217  EHBOND  =         0.0000  RESTRAINT  =         0.6786
 EAMBER (non-restraint)  =       680.9632
 Ewald error estimate:   0.1638E-03
 ------------------------------------------------------------------------------

 NMR restraints: Bond =    0.000   Angle =     0.000   Torsion =     0.000
===============================================================================

 NSTEP =      700   TIME(PS) =       1.400  TEMP(K) =    93.74  PRESS =     0.0
 Etot   =      1566.7133  EKtot   =       820.2686  EPtot      =       746.4447
 BOND   =        54.3288  ANGLE   =       157.7871  DIHED      =       621.8023
 1-4 NB =       503.7821  1-4 EEL =      -170.4702  VDWAALS    =      -713.6229
 EELEC  =       291.9311  EHBOND  =         0.0000  RESTRAINT  =         0.9064
 EAMBER (non-restraint)  =       745.5383
 Ewald error estimate:   0.7206E-04
 ------------------------------------------------------------------------------

 NMR restraints: Bond =    0.000   Angle =     0.000   Torsion =     0.000
===============================================================================

 NSTEP =      800   TIME(PS) =       1.600  TEMP(K) =   115.49  PRESS =     0.0
 Etot   =      1771.2005  EKtot   =      1010.6078  EPtot      =       760.5927
 BOND   =        56.1829  ANGLE   =       161.3586  DIHED      =       631.9090
 1-4 NB =       511.3449  1-4 EEL =      -170.6147  VDWAALS    =      -722.4088
 EELEC  =       292.0426  EHBOND  =         0.0000  RESTRAINT  =         0.7783
 EAMBER (non-restraint)  =       759.8144
 Ewald error estimate:   0.1327E-03
 ------------------------------------------------------------------------------

 NMR restraints: Bond =    0.000   Angle =     0.000   Torsion =     0.000
===============================================================================

 NSTEP =      900   TIME(PS) =       1.800  TEMP(K) =   137.75  PRESS =     0.0
 Etot   =      1992.8020  EKtot   =      1205.3636  EPtot      =       787.4384
 BOND   =        59.0326  ANGLE   =       191.7462  DIHED      =       641.9679
 1-4 NB =       508.0481  1-4 EEL =      -169.9263  VDWAALS    =      -736.5642
 EELEC  =       291.8125  EHBOND  =         0.0000  RESTRAINT  =         1.3217
 EAMBER (non-restraint)  =       786.1168
 Ewald error estimate:   0.4826E-04
 ------------------------------------------------------------------------------

 NMR restraints: Bond =    0.000   Angle =     0.000   Torsion =     0.000
===============================================================================

 NSTEP =     1000   TIME(PS) =       2.000  TEMP(K) =   156.05  PRESS =     0.0
 Etot   =      2236.0284  EKtot   =      1365.4964  EPtot      =       870.5320
 BOND   =        67.2736  ANGLE   =       224.2043  DIHED      =       663.0419
 1-4 NB =       510.1466  1-4 EEL =      -168.7643  VDWAALS    =      -716.9458
 EELEC  =       290.8888  EHBOND  =         0.0000  RESTRAINT  =         0.6868
 EAMBER (non-restraint)  =       869.8452
 Ewald error estimate:   0.2170E-03
 ------------------------------------------------------------------------------

 NMR restraints: Bond =    0.000   Angle =     0.000   Torsion =     0.000
===============================================================================

      A V E R A G E S   O V E R    1000 S T E P S


 NSTEP =     1000   TIME(PS) =       2.000  TEMP(K) =    63.96  PRESS =     0.0
 Etot   =      1290.4946  EKtot   =       559.6577  EPtot      =       730.8369
 BOND   =        44.3430  ANGLE   =       109.8634  DIHED      =       614.2879
 1-4 NB =       500.6973  1-4 EEL =      -170.5549  VDWAALS    =      -660.5786
 EELEC  =       292.0908  EHBOND  =         0.0000  RESTRAINT  =         0.6882
 EAMBER (non-restraint)  =       730.1487
 Ewald error estimate:   0.2213E-03
 ------------------------------------------------------------------------------

 NMR restraints: Bond =    0.000   Angle =     0.000   Torsion =     0.000
===============================================================================

      R M S  F L U C T U A T I O N S


 NSTEP =     1000   TIME(PS) =       2.000  TEMP(K) =    48.99  PRESS =     0.0
 Etot   =       459.0456  EKtot   =       428.7140  EPtot      =        43.6767
 BOND   =        10.0571  ANGLE   =        56.2708  DIHED      =        18.7875
 1-4 NB =         6.2892  1-4 EEL =         0.4499  VDWAALS    =        62.3999
 EELEC  =         0.3383  EHBOND  =         0.0000  RESTRAINT  =         0.1915
 EAMBER (non-restraint)  =        43.4853
 Ewald error estimate:   0.1873E-03
 ------------------------------------------------------------------------------


 NMR restraints on final step:


--------------------------------------------------------------------------------
   5.  TIMINGS
--------------------------------------------------------------------------------

|    Read coords time           0.00 ( 0.02% of Total)
|                Build the list             0.38 (92.33% of List )
|                Other                      0.03 ( 7.67% of List )
|             List time                  0.41 ( 2.66% of Nonbo)
|                   Short_ene time             8.62 (98.15% of Direc)
|                   Other                      0.16 ( 1.85% of Direc)
|                Direct Ewald time          8.78 (58.96% of Ewald)
|                Adjust Ewald time          0.72 ( 4.86% of Ewald)
|                Self Ewald time            0.00 ( 0.01% of Ewald)
|                   Fill Bspline coeffs        0.16 ( 3.27% of Recip)
|                   Fill charge grid           0.45 ( 9.06% of Recip)
|                   Scalar sum                 1.14 (22.96% of Recip)
|                   Grad sum                   0.88 (17.57% of Recip)
|                   FFT time                   2.35 (47.11% of Recip)
|                   Other                      0.00 ( 0.03% of Recip)
|                Recip Ewald time           4.98 (33.43% of Ewald)
|                Force Adjust               0.00 ( 0.02% of Ewald)
|                Virial junk                0.02 ( 0.13% of Ewald)
|                Other                      0.38 ( 2.58% of Ewald)
|             Ewald time                14.89 (97.32% of Nonbo)
|             Other                      0.00 ( 0.02% of Nonbo)
|          Nonbond force             15.31 (82.86% of Force)
|          Bond/Angle/Dihedral        3.16 (17.08% of Force)
|          Other                      0.01 ( 0.06% of Force)
|       Force time                18.47 (98.64% of Runmd)
|       Shake time                 0.12 ( 0.65% of Runmd)
|       Verlet update time         0.11 ( 0.61% of Runmd)
|       Other                      0.02 ( 0.11% of Runmd)
|    Runmd Time                18.73 (99.69% of Total)
|    Other                      0.06 ( 0.29% of Total)
| Total time                18.79 (100.0% of ALL  )

| Number of list builds   :         29

| Highest rstack allocated:     283846
| Highest istack allocated:       3772

| Final Performance Info:
| -----------------------------------------------------
| Average timings for all steps:
|     Elapsed(s) =      18.73 Per Step(ms) =      18.73
|         ns/day =       9.23   seconds/ns =    9363.53
| -----------------------------------------------------

|           Job began  at 11:41:07.566  on 03/22/2017
|           Setup done at 11:41:07.625  on 03/22/2017
|           Run   done at 11:41:26.352  on 03/22/2017
|     wallclock() was called   44119 times
