
          -------------------------------------------------------
          Amber 16 SANDER                              2016
          -------------------------------------------------------

| Run on 03/22/2017 at 11:41:05

|   Executable path: sander
| Working directory: /home/steboss/Simulation/logP_standrews/d_236difluoro/cyclohexane/equilibration
|          Hostname: Unknown
  [-O]verwriting output

File Assignments:
|  MDIN: min00001.in                                                           
| MDOUT: min00001.out                                                          
|INPCRD: solvated.rst7                                                         
|  PARM: solvated.parm7                                                        
|RESTRT: min00001.rst7                                                         
|  REFC: solvated.rst7                                                         
| MDVEL: mdvel                                                                 
| MDFRC: mdfrc                                                                 
|  MDEN: min00001.en                                                           
| MDCRD: min00001.nc                                                           
|MDINFO: min00001.info                                                         
|  MTMD: mtmd                                                                  
|INPDIP: inpdip                                                                
|RSTDIP: rstdip                                                                
|INPTRA: inptraj                                                               


 Here is the input file:

                                                                               
Minimise whole system                                                          
&cntrl                                                                         
ntxo=1,                                                                        
imin = 1, ntmin = 1,                                                           
maxcyc = 100, ncyc = 10,                                                       
ntpr = 20, ntwe = 20,                                                          
dx0 = 1.0D-7,                                                                  
ntb = 1,                                                                       
ntr = 1, restraint_wt = 10.00,                                                 
restraintmask="!:CYC",                                                         
/                                                                              

--------------------------------------------------------------------------------
   1.  RESOURCE   USE: 
--------------------------------------------------------------------------------

| Flags:                                                                        
 getting new box info from bottom of inpcrd
|  INFO: Old style inpcrd file read

| peek_ewald_inpcrd: Box info found
|Largest sphere to fit in unit cell has radius =    19.210
| New format PARM file being parsed.
| Version =    1.000 Date = 03/22/17 Time = 11:41:05
 NATOM  =    3772 NTYPES =       6 NBONH =    2509 MBONA  =    1264
 NTHETH =    6272 MTHETA =    1270 NPHIH =   10052 MPHIA  =    3787
 NHPARM =       0 NPARM  =       0 NNB   =   22211 NRES   =     209
 NBONA  =    1264 NTHETA =    1270 NPHIA =    3787 NUMBND =       7
 NUMANG =      11 NPTRA  =      12 NATYP =       6 NPHB   =       0
 IFBOX  =       1 NMXRS  =      28 IFCAP =       0 NEXTRA =       0
 NCOPY  =       0


|     Memory Use     Allocated
|     Real              397000
|     Hollerith          11527
|     Integer           804105
|     Max Pairs        1257333
|     nblistReal         45264
|     nblist Int        337671
|       Total            12871 kbytes

| Note: 1-4 EEL scale factors are being read from the topology file.

| Note: 1-4 VDW scale factors are being read from the topology file.
| Duplicated    0 dihedrals
| Duplicated    0 dihedrals

     BOX TYPE: RECTILINEAR

--------------------------------------------------------------------------------
   2.  CONTROL  DATA  FOR  THE  RUN
--------------------------------------------------------------------------------

LIG                                                                             

General flags:
     imin    =       1, nmropt  =       0

Nature and format of input:
     ntx     =       1, irest   =       0, ntrx    =       1

Nature and format of output:
     ntxo    =       1, ntpr    =      20, ntrx    =       1, ntwr    =       1
     iwrap   =       0, ntwx    =       0, ntwv    =       0, ntwe    =      20
     ioutfm  =       1, ntwprt  =       0, idecomp =       0, rbornstat=      0

Potential function:
     ntf     =       1, ntb     =       1, igb     =       0, nsnb    =      25
     ipol    =       0, gbsa    =       0, iesp    =       0
     dielc   =   1.00000, cut     =   8.00000, intdiel =   1.00000

Frozen or restrained atoms:
     ibelly  =       0, ntr     =       1
     restraint_wt =  10.00000

Energy minimization:
     maxcyc  =     100, ncyc    =      10, ntmin   =       1
     dx0     =   0.00000, drms    =   0.00010

Ewald parameters:
     verbose =       0, ew_type =       0, nbflag  =       1, use_pme =       1
     vdwmeth =       1, eedmeth =       1, netfrc  =       0
     Box X =   40.882   Box Y =   50.917   Box Z =   38.420
     Alpha =   90.000   Beta  =   90.000   Gamma =   90.000
     NFFT1 =   40       NFFT2 =   50       NFFT3 =   40
     Cutoff=    8.000   Tol   =0.100E-04
     Ewald Coefficient =  0.34864
     Interpolation order =    4

    LOADING THE CONSTRAINED ATOMS AS GROUPS


   5.  REFERENCE ATOM COORDINATES

  LIG 
     Mask !:CYC; matches    28 atoms

--------------------------------------------------------------------------------
   3.  ATOMIC COORDINATES AND VELOCITIES
--------------------------------------------------------------------------------

LIG                                                                             
 begin time read from input coords =     0.000 ps

 Number of triangulated 3-point waters found:        0

     Sum of charges from parm topology file =  -0.00100000
     Forcing neutrality...

--------------------------------------------------------------------------------
   4.  RESULTS
--------------------------------------------------------------------------------

 ---------------------------------------------------
 APPROXIMATING switch and d/dx switch using CUBIC SPLINE INTERPOLATION
 using   5000.0 points per unit in tabled values
 TESTING RELATIVE ERROR over r ranging from 0.0 to cutoff
| CHECK switch(x): max rel err =   0.2738E-14   at   2.422500
| CHECK d/dx switch(x): max rel err =   0.8332E-11   at   2.782960
 ---------------------------------------------------
| Local SIZE OF NONBOND LIST =     367618
| TOTAL SIZE OF NONBOND LIST =     367618


   NSTEP       ENERGY          RMS            GMAX         NAME    NUMBER
      1       8.1517E+02     2.3622E+00     2.1717E+01     C           2

 BOND    =       22.5713  ANGLE   =       25.3372  DIHED      =      584.4275
 VDWAALS =     -558.8274  EEL     =      298.5786  HBOND      =        0.0000
 1-4 VDW =      623.3277  1-4 EEL =     -180.2427  RESTRAINT  =        0.0000


   NSTEP       ENERGY          RMS            GMAX         NAME    NUMBER
     20       7.0938E+02     1.0048E+00     3.6766E+01     C7         11

 BOND    =       30.8659  ANGLE   =       27.5644  DIHED      =      577.5766
 VDWAALS =     -565.5938  EEL     =      295.8774  HBOND      =        0.0000
 1-4 VDW =      520.4156  1-4 EEL =     -177.5904  RESTRAINT  =        0.2613
 EAMBER  =      709.1157


   NSTEP       ENERGY          RMS            GMAX         NAME    NUMBER
     40       6.9187E+02     3.6135E-01     1.1026E+01     C9         13

 BOND    =       21.8816  ANGLE   =       17.9453  DIHED      =      589.9903
 VDWAALS =     -569.5181  EEL     =      293.7392  HBOND      =        0.0000
 1-4 VDW =      510.7294  1-4 EEL =     -173.3137  RESTRAINT  =        0.4148
 EAMBER  =      691.4541


   NSTEP       ENERGY          RMS            GMAX         NAME    NUMBER
     60       6.8753E+02     1.2176E-01     5.1401E+00     C9         13

 BOND    =       27.6043  ANGLE   =       21.4370  DIHED      =      595.7994
 VDWAALS =     -571.8876  EEL     =      292.2330  HBOND      =        0.0000
 1-4 VDW =      492.8847  1-4 EEL =     -170.9850  RESTRAINT  =        0.4406
 EAMBER  =      687.0858


   NSTEP       ENERGY          RMS            GMAX         NAME    NUMBER
     80       6.9144E+02     5.3767E-01     3.5669E+00     C9         13

 BOND    =       41.3733  ANGLE   =       16.6183  DIHED      =      597.5196
 VDWAALS =     -572.2689  EEL     =      292.2279  HBOND      =        0.0000
 1-4 VDW =      486.6536  1-4 EEL =     -171.1882  RESTRAINT  =        0.5001
 EAMBER  =      690.9357


   NSTEP       ENERGY          RMS            GMAX         NAME    NUMBER
    100       6.8676E+02     7.3270E-02     2.7636E+00     C6         10

 BOND    =       29.0314  ANGLE   =       20.9789  DIHED      =      595.3338
 VDWAALS =     -572.0602  EEL     =      292.2477  HBOND      =        0.0000
 1-4 VDW =      491.8204  1-4 EEL =     -170.9974  RESTRAINT  =        0.4028
 EAMBER  =      686.3547


  Maximum number of minimization cycles reached.


                    FINAL RESULTS



   NSTEP       ENERGY          RMS            GMAX         NAME    NUMBER
    100       6.8676E+02     7.3270E-02     2.7636E+00     C6         10

 BOND    =       29.0314  ANGLE   =       20.9789  DIHED      =      595.3338
 VDWAALS =     -572.0602  EEL     =      292.2477  HBOND      =        0.0000
 1-4 VDW =      491.8204  1-4 EEL =     -170.9974  RESTRAINT  =        0.4028
 EAMBER  =      686.3547

--------------------------------------------------------------------------------
   5.  TIMINGS
--------------------------------------------------------------------------------

|    Read coords time           0.00 ( 0.10% of Total)
|                Build the list             0.01 (49.26% of List )
|                Other                      0.01 (50.74% of List )
|             List time                  0.02 ( 1.64% of Nonbo)
|                   Short_ene time             0.79 (97.96% of Direc)
|                   Other                      0.02 ( 2.04% of Direc)
|                Direct Ewald time          0.80 (56.65% of Ewald)
|                Adjust Ewald time          0.07 ( 5.08% of Ewald)
|                Self Ewald time            0.00 ( 0.01% of Ewald)
|                   Fill Bspline coeffs        0.02 ( 3.27% of Recip)
|                   Fill charge grid           0.05 ( 9.13% of Recip)
|                   Scalar sum                 0.12 (23.17% of Recip)
|                   Grad sum                   0.09 (17.42% of Recip)
|                   FFT time                   0.24 (46.98% of Recip)
|                   Other                      0.00 ( 0.03% of Recip)
|                Recip Ewald time           0.50 (35.38% of Ewald)
|                Virial junk                0.00 ( 0.13% of Ewald)
|                Start synchronizatio       0.00 ( 0.01% of Ewald)
|                Other                      0.04 ( 2.74% of Ewald)
|             Ewald time                 1.42 (98.33% of Nonbo)
|             IPS excludes               0.00 ( 0.01% of Nonbo)
|             Other                      0.00 ( 0.02% of Nonbo)
|          Nonbond force              1.45 (82.01% of Force)
|          Bond/Angle/Dihedral        0.32 (17.95% of Force)
|          Other                      0.00 ( 0.04% of Force)
|       Force time                 1.76 (100.0% of Runmd)
|    Runmd Time                 1.76 (70.99% of Total)
|    Other                      0.72 (28.91% of Total)
| Total time                 2.48 (100.0% of ALL  )

| Number of list builds   :          1

| Highest rstack allocated:     283846
| Highest istack allocated:       3772
|           Job began  at 11:41:05.074  on 03/22/2017
|           Setup done at 11:41:05.125  on 03/22/2017
|           Run   done at 11:41:07.556  on 03/22/2017
|     wallclock() was called    3850 times
