
          -------------------------------------------------------
          Amber 16 SANDER                              2016
          -------------------------------------------------------

| Run on 03/22/2017 at 11:43:00

|   Executable path: sander
| Working directory: /home/steboss/Simulation/logP_standrews/e_2356difluoro/water/equilibration
|          Hostname: Unknown
  [-O]verwriting output

File Assignments:
|  MDIN: md00002.in                                                            
| MDOUT: md00002.out                                                           
|INPCRD: min00001.rst7                                                         
|  PARM: solvated.parm7                                                        
|RESTRT: md00002.rst7                                                          
|  REFC: solvated.rst7                                                         
| MDVEL: mdvel                                                                 
| MDFRC: mdfrc                                                                 
|  MDEN: md00002.en                                                            
| MDCRD: md00002.nc                                                            
|MDINFO: md00002.info                                                          
|  MTMD: mtmd                                                                  
|INPDIP: inpdip                                                                
|RSTDIP: rstdip                                                                
|INPTRA: inptraj                                                               


 Here is the input file:

heat the system                                                                
&cntrl                                                                         
ntxo=1,                                                                        
imin = 0, nstlim = 1000, irest = 0, ntx = 1, dt = 0.002,                       
nmropt = 1,                                                                    
ntt = 1, temp0 = 300.0, tempi = 5.0, tautp = 1.0,                              
ntb = 1, pres0 = 1.0,                                                          
ntc = 2, ntf = 2,                                                              
ioutfm = 1, iwrap = 1,                                                         
ntwe = 200, ntwx = 200, ntpr = 100,                                            
ntr = 1, restraint_wt = 10.00,                                                 
restraintmask="!:WAT,HOH,T3P,T4P",                                             
/                                                                              
                                                                               
&wt                                                                            
type = 'TEMP0',                                                                
istep1 = 0, istep2 = 1000,                                                     
value1 = 5.0, value2 = 300.0                                                   
/                                                                              
                                                                               
&wt type = 'END'                                                               
 /                                                                             
                                                                               

--------------------------------------------------------------------------------
   1.  RESOURCE   USE: 
--------------------------------------------------------------------------------

| Flags:                                                                        
 getting new box info from bottom of inpcrd
|  INFO: Old style inpcrd file read

| peek_ewald_inpcrd: Box info found
|Largest sphere to fit in unit cell has radius =    17.718
| New format PARM file being parsed.
| Version =    1.000 Date = 03/22/17 Time = 11:42:57
 NATOM  =    3349 NTYPES =       8 NBONH =    3333 MBONA  =      17
 NTHETH =      30 MTHETA =      24 NPHIH =      67 MPHIA  =      47
 NHPARM =       0 NPARM  =       0 NNB   =    4591 NRES   =    1108
 NBONA  =      17 NTHETA =      24 NPHIA =      47 NUMBND =       9
 NUMANG =      11 NPTRA  =      11 NATYP =       8 NPHB   =       1
 IFBOX  =       1 NMXRS  =      28 IFCAP =       0 NEXTRA =       0
 NCOPY  =       0


|     Memory Use     Allocated
|     Real              321851
|     Hollerith          11157
|     Integer           101657
|     Max Pairs        1116333
|     nblistReal         40188
|     nblist Int        187123
|       Total             8360 kbytes

| Note: 1-4 EEL scale factors are being read from the topology file.

| Note: 1-4 VDW scale factors are being read from the topology file.
| Duplicated    0 dihedrals
| Duplicated    0 dihedrals

     BOX TYPE: RECTILINEAR

--------------------------------------------------------------------------------
   2.  CONTROL  DATA  FOR  THE  RUN
--------------------------------------------------------------------------------

LIG                                                                             

General flags:
     imin    =       0, nmropt  =       1

Nature and format of input:
     ntx     =       1, irest   =       0, ntrx    =       1

Nature and format of output:
     ntxo    =       1, ntpr    =     100, ntrx    =       1, ntwr    =    1000
     iwrap   =       1, ntwx    =     200, ntwv    =       0, ntwe    =     200
     ioutfm  =       1, ntwprt  =       0, idecomp =       0, rbornstat=      0

Potential function:
     ntf     =       2, ntb     =       1, igb     =       0, nsnb    =      25
     ipol    =       0, gbsa    =       0, iesp    =       0
     dielc   =   1.00000, cut     =   8.00000, intdiel =   1.00000

Frozen or restrained atoms:
     ibelly  =       0, ntr     =       1
     restraint_wt =  10.00000

Molecular dynamics:
     nstlim  =      1000, nscm    =         0, nrespa  =         1
     t       =   0.00000, dt      =   0.00200, vlimit  =  20.00000

Berendsen (weak-coupling) temperature regulation:
     temp0   = 300.00000, tempi   =   5.00000, tautp   =   1.00000

SHAKE:
     ntc     =       2, jfastw  =       0
     tol     =   0.00001

NMR refinement options:
     iscale  =       0, noeskp  =       1, ipnlty  =       1, mxsub   =       1
     scalm   = 100.00000, pencut  =   0.10000, tausw   =   0.10000

Ewald parameters:
     verbose =       0, ew_type =       0, nbflag  =       1, use_pme =       1
     vdwmeth =       1, eedmeth =       1, netfrc  =       1
     Box X =   35.436   Box Y =   37.796   Box Z =   37.195
     Alpha =   90.000   Beta  =   90.000   Gamma =   90.000
     NFFT1 =   36       NFFT2 =   40       NFFT3 =   40
     Cutoff=    8.000   Tol   =0.100E-04
     Ewald Coefficient =  0.34864
     Interpolation order =    4

    LOADING THE CONSTRAINED ATOMS AS GROUPS


   5.  REFERENCE ATOM COORDINATES

  LIG 
     Mask !:WAT,HOH,T3P,T4P; matches    28 atoms

--------------------------------------------------------------------------------
   3.  ATOMIC COORDINATES AND VELOCITIES
--------------------------------------------------------------------------------

LIG                                                                             
 begin time read from input coords =     0.000 ps



           Begin reading energy term weight changes/NMR restraints
 WEIGHT CHANGES:
 TEMP0         0   1000    5.000000  300.000000      0      0

 RESTRAINTS:
                          ** No restraint defined **

                  Done reading weight changes/NMR restraints


 Number of triangulated 3-point waters found:     1107

     Sum of charges from parm topology file =  -0.00300000
     Forcing neutrality...

--------------------------------------------------------------------------------
   4.  RESULTS
--------------------------------------------------------------------------------

|  # of SOLUTE  degrees of freedom (RNDFP):    6714.
|  # of SOLVENT degrees of freedom (RNDFS):       0.
|  NDFMIN =    6714.     NUM_NOSHAKE =      0     CORRECTED RNDFP =    6714.
|  TOTAL # of degrees of freedom (RNDF) =    6714.
 ---------------------------------------------------
 APPROXIMATING switch and d/dx switch using CUBIC SPLINE INTERPOLATION
 using   5000.0 points per unit in tabled values
 TESTING RELATIVE ERROR over r ranging from 0.0 to cutoff
| CHECK switch(x): max rel err =   0.2738E-14   at   2.422500
| CHECK d/dx switch(x): max rel err =   0.8332E-11   at   2.782960
 ---------------------------------------------------
| Local SIZE OF NONBOND LIST =     504790
| TOTAL SIZE OF NONBOND LIST =     504790

 NSTEP =        0   TIME(PS) =       0.000  TEMP(K) =     7.56  PRESS =     0.0
 Etot   =    -12523.0997  EKtot   =        50.4411  EPtot      =    -12573.5409
 BOND   =         1.5212  ANGLE   =        11.8691  DIHED      =         7.5388
 1-4 NB =         7.8053  1-4 EEL =        -1.2827  VDWAALS    =      1790.7742
 EELEC  =    -14396.6251  EHBOND  =         0.0000  RESTRAINT  =         4.8585
 EAMBER (non-restraint)  =    -12578.3993
 Ewald error estimate:   0.1556E-03
 ------------------------------------------------------------------------------

 NMR restraints: Bond =    0.000   Angle =     0.000   Torsion =     0.000
===============================================================================

 NSTEP =      100   TIME(PS) =       0.200  TEMP(K) =    88.81  PRESS =     0.0
 Etot   =    -11009.3096  EKtot   =       592.4214  EPtot      =    -11601.7310
 BOND   =         0.8826  ANGLE   =         5.3628  DIHED      =         7.8564
 1-4 NB =         8.3407  1-4 EEL =        -1.2755  VDWAALS    =      2226.7538
 EELEC  =    -13851.7587  EHBOND  =         0.0000  RESTRAINT  =         2.1068
 EAMBER (non-restraint)  =    -11603.8379
 Ewald error estimate:   0.1419E-03
 ------------------------------------------------------------------------------

 NMR restraints: Bond =    0.000   Angle =     0.000   Torsion =     0.000
===============================================================================

 NSTEP =      200   TIME(PS) =       0.400  TEMP(K) =    97.95  PRESS =     0.0
 Etot   =    -11072.6355  EKtot   =       653.4021  EPtot      =    -11726.0376
 BOND   =         1.2434  ANGLE   =         3.9238  DIHED      =         7.8284
 1-4 NB =         8.4121  1-4 EEL =        -1.4231  VDWAALS    =      2389.8018
 EELEC  =    -14137.1238  EHBOND  =         0.0000  RESTRAINT  =         1.2999
 EAMBER (non-restraint)  =    -11727.3374
 Ewald error estimate:   0.8396E-04
 ------------------------------------------------------------------------------

 NMR restraints: Bond =    0.000   Angle =     0.000   Torsion =     0.000
===============================================================================

 NSTEP =      300   TIME(PS) =       0.600  TEMP(K) =   104.95  PRESS =     0.0
 Etot   =    -11103.5092  EKtot   =       700.1332  EPtot      =    -11803.6424
 BOND   =         1.0921  ANGLE   =         5.2159  DIHED      =         7.8868
 1-4 NB =         8.8802  1-4 EEL =        -1.4200  VDWAALS    =      2371.9979
 EELEC  =    -14198.9245  EHBOND  =         0.0000  RESTRAINT  =         1.6291
 EAMBER (non-restraint)  =    -11805.2715
 Ewald error estimate:   0.1772E-03
 ------------------------------------------------------------------------------

 NMR restraints: Bond =    0.000   Angle =     0.000   Torsion =     0.000
===============================================================================

 NSTEP =      400   TIME(PS) =       0.800  TEMP(K) =   109.39  PRESS =     0.0
 Etot   =    -11103.9834  EKtot   =       729.7566  EPtot      =    -11833.7400
 BOND   =         1.9012  ANGLE   =         4.2954  DIHED      =         7.9726
 1-4 NB =         8.1843  1-4 EEL =        -1.4864  VDWAALS    =      2408.7680
 EELEC  =    -14265.2257  EHBOND  =         0.0000  RESTRAINT  =         1.8505
 EAMBER (non-restraint)  =    -11835.5905
 Ewald error estimate:   0.1707E-03
 ------------------------------------------------------------------------------

 NMR restraints: Bond =    0.000   Angle =     0.000   Torsion =     0.000
===============================================================================

 NSTEP =      500   TIME(PS) =       1.000  TEMP(K) =   114.85  PRESS =     0.0
 Etot   =    -11070.8662  EKtot   =       766.1807  EPtot      =    -11837.0469
 BOND   =         1.9139  ANGLE   =         4.2596  DIHED      =         7.5534
 1-4 NB =         7.8729  1-4 EEL =        -1.3706  VDWAALS    =      2388.7638
 EELEC  =    -14248.5740  EHBOND  =         0.0000  RESTRAINT  =         2.5341
 EAMBER (non-restraint)  =    -11839.5810
 Ewald error estimate:   0.2927E-03
 ------------------------------------------------------------------------------

 NMR restraints: Bond =    0.000   Angle =     0.000   Torsion =     0.000
===============================================================================

 NSTEP =      600   TIME(PS) =       1.200  TEMP(K) =   123.45  PRESS =     0.0
 Etot   =    -11004.6409  EKtot   =       823.5513  EPtot      =    -11828.1922
 BOND   =         1.8305  ANGLE   =         4.7133  DIHED      =         7.6876
 1-4 NB =         7.3848  1-4 EEL =        -1.3295  VDWAALS    =      2267.1864
 EELEC  =    -14117.7888  EHBOND  =         0.0000  RESTRAINT  =         2.1236
 EAMBER (non-restraint)  =    -11830.3157
 Ewald error estimate:   0.2135E-03
 ------------------------------------------------------------------------------

 NMR restraints: Bond =    0.000   Angle =     0.000   Torsion =     0.000
===============================================================================

 NSTEP =      700   TIME(PS) =       1.400  TEMP(K) =   133.58  PRESS =     0.0
 Etot   =    -10912.4386  EKtot   =       891.1309  EPtot      =    -11803.5695
 BOND   =         2.1609  ANGLE   =         5.0594  DIHED      =         7.8076
 1-4 NB =         8.3069  1-4 EEL =        -1.4031  VDWAALS    =      2242.1648
 EELEC  =    -14069.0492  EHBOND  =         0.0000  RESTRAINT  =         1.3831
 EAMBER (non-restraint)  =    -11804.9526
 Ewald error estimate:   0.1895E-03
 ------------------------------------------------------------------------------

 NMR restraints: Bond =    0.000   Angle =     0.000   Torsion =     0.000
===============================================================================

 NSTEP =      800   TIME(PS) =       1.600  TEMP(K) =   141.13  PRESS =     0.0
 Etot   =    -10790.4796  EKtot   =       941.4868  EPtot      =    -11731.9664
 BOND   =         2.2331  ANGLE   =         5.1054  DIHED      =         7.5645
 1-4 NB =         7.2825  1-4 EEL =        -1.2421  VDWAALS    =      2207.2821
 EELEC  =    -13962.5243  EHBOND  =         0.0000  RESTRAINT  =         2.3323
 EAMBER (non-restraint)  =    -11734.2988
 Ewald error estimate:   0.8755E-04
 ------------------------------------------------------------------------------

 NMR restraints: Bond =    0.000   Angle =     0.000   Torsion =     0.000
===============================================================================

 NSTEP =      900   TIME(PS) =       1.800  TEMP(K) =   154.23  PRESS =     0.0
 Etot   =    -10648.0348  EKtot   =      1028.8479  EPtot      =    -11676.8828
 BOND   =         2.6440  ANGLE   =         3.5012  DIHED      =         7.9540
 1-4 NB =         7.8489  1-4 EEL =        -1.6207  VDWAALS    =      2104.8871
 EELEC  =    -13804.0099  EHBOND  =         0.0000  RESTRAINT  =         1.9125
 EAMBER (non-restraint)  =    -11678.7953
 Ewald error estimate:   0.4559E-03
 ------------------------------------------------------------------------------

 NMR restraints: Bond =    0.000   Angle =     0.000   Torsion =     0.000
===============================================================================

 NSTEP =     1000   TIME(PS) =       2.000  TEMP(K) =   161.77  PRESS =     0.0
 Etot   =    -10479.7098  EKtot   =      1079.1943  EPtot      =    -11558.9041
 BOND   =         4.0114  ANGLE   =         5.1092  DIHED      =         7.9802
 1-4 NB =         8.3718  1-4 EEL =        -1.3920  VDWAALS    =      2123.1210
 EELEC  =    -13708.3345  EHBOND  =         0.0000  RESTRAINT  =         2.2287
 EAMBER (non-restraint)  =    -11561.1328
 Ewald error estimate:   0.8413E-04
 ------------------------------------------------------------------------------

 NMR restraints: Bond =    0.000   Angle =     0.000   Torsion =     0.000
===============================================================================

      A V E R A G E S   O V E R    1000 S T E P S


 NSTEP =     1000   TIME(PS) =       2.000  TEMP(K) =   115.77  PRESS =     0.0
 Etot   =    -10945.4455  EKtot   =       772.2770  EPtot      =    -11717.7224
 BOND   =         2.1458  ANGLE   =         4.5502  DIHED      =         7.7529
 1-4 NB =         8.0064  1-4 EEL =        -1.4336  VDWAALS    =      2241.7911
 EELEC  =    -13982.6146  EHBOND  =         0.0000  RESTRAINT  =         2.0795
 EAMBER (non-restraint)  =    -11719.8019
 Ewald error estimate:   0.1472E-03
 ------------------------------------------------------------------------------

 NMR restraints: Bond =    0.000   Angle =     0.000   Torsion =     0.000
===============================================================================

      R M S  F L U C T U A T I O N S


 NSTEP =     1000   TIME(PS) =       2.000  TEMP(K) =    28.44  PRESS =     0.0
 Etot   =       176.0653  EKtot   =       189.7452  EPtot      =       150.6940
 BOND   =         0.6869  ANGLE   =         0.8384  DIHED      =         0.1665
 1-4 NB =         0.4330  1-4 EEL =         0.1666  VDWAALS    =       186.9960
 EELEC  =       323.3724  EHBOND  =         0.0000  RESTRAINT  =         0.5777
 EAMBER (non-restraint)  =       150.1162
 Ewald error estimate:   0.9122E-04
 ------------------------------------------------------------------------------


 NMR restraints on final step:


--------------------------------------------------------------------------------
   5.  TIMINGS
--------------------------------------------------------------------------------

|    Read coords time           0.00 ( 0.02% of Total)
|                Build the list             0.88 (96.76% of List )
|                Other                      0.03 ( 3.24% of List )
|             List time                  0.91 ( 4.81% of Nonbo)
|                   Short_ene time            13.85 (99.08% of Direc)
|                   Other                      0.13 ( 0.92% of Direc)
|                Direct Ewald time         13.98 (77.58% of Ewald)
|                Adjust Ewald time          0.13 ( 0.70% of Ewald)
|                Self Ewald time            0.00 ( 0.01% of Ewald)
|                   Fill Bspline coeffs        0.14 ( 3.49% of Recip)
|                   Fill charge grid           0.39 ( 9.97% of Recip)
|                   Scalar sum                 0.83 (21.38% of Recip)
|                   Grad sum                   0.76 (19.67% of Recip)
|                   FFT time                   1.77 (45.45% of Recip)
|                   Other                      0.00 ( 0.04% of Recip)
|                Recip Ewald time           3.88 (21.56% of Ewald)
|                Force Adjust               0.00 ( 0.02% of Ewald)
|                Virial junk                0.02 ( 0.09% of Ewald)
|                Other                      0.01 ( 0.04% of Ewald)
|             Ewald time                18.02 (95.17% of Nonbo)
|             Other                      0.00 ( 0.02% of Nonbo)
|          Nonbond force             18.94 (99.74% of Force)
|          Bond/Angle/Dihedral        0.04 ( 0.21% of Force)
|          Other                      0.01 ( 0.05% of Force)
|       Force time                18.99 (98.54% of Runmd)
|       Shake time                 0.16 ( 0.82% of Runmd)
|       Verlet update time         0.10 ( 0.53% of Runmd)
|       Other                      0.02 ( 0.10% of Runmd)
|    Runmd Time                19.27 (99.86% of Total)
|    Other                      0.02 ( 0.13% of Total)
| Total time                19.29 (100.0% of ALL  )

| Number of list builds   :         56

| Highest rstack allocated:     223469
| Highest istack allocated:       3349

| Final Performance Info:
| -----------------------------------------------------
| Average timings for all steps:
|     Elapsed(s) =      19.27 Per Step(ms) =      19.27
|         ns/day =       8.97   seconds/ns =    9633.03
| -----------------------------------------------------

|           Job began  at 11:43:00.335  on 03/22/2017
|           Setup done at 11:43:00.363  on 03/22/2017
|           Run   done at 11:43:19.629  on 03/22/2017
|     wallclock() was called   44173 times
