
          -------------------------------------------------------
          Amber 16 SANDER                              2016
          -------------------------------------------------------

| Run on 03/22/2017 at 11:43:19

|   Executable path: sander
| Working directory: /home/steboss/Simulation/logP_standrews/e_2356difluoro/water/equilibration
|          Hostname: Unknown
  [-O]verwriting output

File Assignments:
|  MDIN: md00003.in                                                            
| MDOUT: md00003.out                                                           
|INPCRD: md00002.rst7                                                          
|  PARM: solvated.parm7                                                        
|RESTRT: md00003.rst7                                                          
|  REFC: solvated.rst7                                                         
| MDVEL: mdvel                                                                 
| MDFRC: mdfrc                                                                 
|  MDEN: md00003.en                                                            
| MDCRD: md00003.nc                                                            
|MDINFO: md00003.info                                                          
|  MTMD: mtmd                                                                  
|INPDIP: inpdip                                                                
|RSTDIP: rstdip                                                                
|INPTRA: inptraj                                                               


 Here is the input file:

constant temperature                                                           
&cntrl                                                                         
ntxo=1,                                                                        
imin = 0, nstlim = 4000, irest = 1, ntx = 5, dt = 0.002,                       
ntt = 1, temp0 = 300.0, tautp = 1.0,                                           
ntb = 1,                                                                       
ntc = 2, ntf = 2,                                                              
ioutfm = 1, iwrap = 1,                                                         
ntwe = 800, ntwx = 800, ntpr = 400,                                            
ntr = 1, restraint_wt = 10.00,                                                 
restraintmask="!:WAT,HOH,T3P,T4P",                                             
/                                                                              
                                                                               

--------------------------------------------------------------------------------
   1.  RESOURCE   USE: 
--------------------------------------------------------------------------------

| Flags:                                                                        
 getting new box info from bottom of inpcrd
|  INFO: Old style inpcrd file read

| peek_ewald_inpcrd: Box info found
|Largest sphere to fit in unit cell has radius =    17.718
| New format PARM file being parsed.
| Version =    1.000 Date = 03/22/17 Time = 11:42:57
 NATOM  =    3349 NTYPES =       8 NBONH =    3333 MBONA  =      17
 NTHETH =      30 MTHETA =      24 NPHIH =      67 MPHIA  =      47
 NHPARM =       0 NPARM  =       0 NNB   =    4591 NRES   =    1108
 NBONA  =      17 NTHETA =      24 NPHIA =      47 NUMBND =       9
 NUMANG =      11 NPTRA  =      11 NATYP =       8 NPHB   =       1
 IFBOX  =       1 NMXRS  =      28 IFCAP =       0 NEXTRA =       0
 NCOPY  =       0


|     Memory Use     Allocated
|     Real              321822
|     Hollerith          11157
|     Integer           101612
|     Max Pairs        1116333
|     nblistReal         40188
|     nblist Int        187123
|       Total             8360 kbytes

| Note: 1-4 EEL scale factors are being read from the topology file.

| Note: 1-4 VDW scale factors are being read from the topology file.
| Duplicated    0 dihedrals
| Duplicated    0 dihedrals

     BOX TYPE: RECTILINEAR

--------------------------------------------------------------------------------
   2.  CONTROL  DATA  FOR  THE  RUN
--------------------------------------------------------------------------------

LIG                                                                             

General flags:
     imin    =       0, nmropt  =       0

Nature and format of input:
     ntx     =       5, irest   =       1, ntrx    =       1

Nature and format of output:
     ntxo    =       1, ntpr    =     400, ntrx    =       1, ntwr    =    4000
     iwrap   =       1, ntwx    =     800, ntwv    =       0, ntwe    =     800
     ioutfm  =       1, ntwprt  =       0, idecomp =       0, rbornstat=      0

Potential function:
     ntf     =       2, ntb     =       1, igb     =       0, nsnb    =      25
     ipol    =       0, gbsa    =       0, iesp    =       0
     dielc   =   1.00000, cut     =   8.00000, intdiel =   1.00000

Frozen or restrained atoms:
     ibelly  =       0, ntr     =       1
     restraint_wt =  10.00000

Molecular dynamics:
     nstlim  =      4000, nscm    =         0, nrespa  =         1
     t       =   0.00000, dt      =   0.00200, vlimit  =  20.00000

Berendsen (weak-coupling) temperature regulation:
     temp0   = 300.00000, tempi   =   0.00000, tautp   =   1.00000

SHAKE:
     ntc     =       2, jfastw  =       0
     tol     =   0.00001

Ewald parameters:
     verbose =       0, ew_type =       0, nbflag  =       1, use_pme =       1
     vdwmeth =       1, eedmeth =       1, netfrc  =       1
     Box X =   35.436   Box Y =   37.796   Box Z =   37.195
     Alpha =   90.000   Beta  =   90.000   Gamma =   90.000
     NFFT1 =   36       NFFT2 =   40       NFFT3 =   40
     Cutoff=    8.000   Tol   =0.100E-04
     Ewald Coefficient =  0.34864
     Interpolation order =    4

    LOADING THE CONSTRAINED ATOMS AS GROUPS


   5.  REFERENCE ATOM COORDINATES

  LIG 
     Mask !:WAT,HOH,T3P,T4P; matches    28 atoms

--------------------------------------------------------------------------------
   3.  ATOMIC COORDINATES AND VELOCITIES
--------------------------------------------------------------------------------

LIG                                                                             
 begin time read from input coords =     2.000 ps

 Number of triangulated 3-point waters found:     1107

     Sum of charges from parm topology file =  -0.00300000
     Forcing neutrality...

--------------------------------------------------------------------------------
   4.  RESULTS
--------------------------------------------------------------------------------

|  # of SOLUTE  degrees of freedom (RNDFP):    6714.
|  # of SOLVENT degrees of freedom (RNDFS):       0.
|  NDFMIN =    6714.     NUM_NOSHAKE =      0     CORRECTED RNDFP =    6714.
|  TOTAL # of degrees of freedom (RNDF) =    6714.
 ---------------------------------------------------
 APPROXIMATING switch and d/dx switch using CUBIC SPLINE INTERPOLATION
 using   5000.0 points per unit in tabled values
 TESTING RELATIVE ERROR over r ranging from 0.0 to cutoff
| CHECK switch(x): max rel err =   0.2738E-14   at   2.422500
| CHECK d/dx switch(x): max rel err =   0.8332E-11   at   2.782960
 ---------------------------------------------------
| Local SIZE OF NONBOND LIST =     550224
| TOTAL SIZE OF NONBOND LIST =     550224

 NSTEP =      400   TIME(PS) =       2.800  TEMP(K) =   201.84  PRESS =     0.0
 Etot   =     -9879.0945  EKtot   =      1346.4836  EPtot      =    -11225.5781
 BOND   =         2.2726  ANGLE   =         8.6125  DIHED      =         8.0817
 1-4 NB =         7.5690  1-4 EEL =        -1.6033  VDWAALS    =      1884.5867
 EELEC  =    -13138.3240  EHBOND  =         0.0000  RESTRAINT  =         3.2267
 EAMBER (non-restraint)  =    -11228.8047
 Ewald error estimate:   0.4935E-04
 ------------------------------------------------------------------------------


 NSTEP =      800   TIME(PS) =       3.600  TEMP(K) =   232.86  PRESS =     0.0
 Etot   =     -9451.1685  EKtot   =      1553.4061  EPtot      =    -11004.5745
 BOND   =         2.2667  ANGLE   =         5.7759  DIHED      =         8.2572
 1-4 NB =         9.0071  1-4 EEL =        -1.4167  VDWAALS    =      1814.8853
 EELEC  =    -12847.3630  EHBOND  =         0.0000  RESTRAINT  =         4.0129
 EAMBER (non-restraint)  =    -11008.5875
 Ewald error estimate:   0.1630E-03
 ------------------------------------------------------------------------------


 NSTEP =     1200   TIME(PS) =       4.400  TEMP(K) =   248.46  PRESS =     0.0
 Etot   =     -9143.9950  EKtot   =      1657.4907  EPtot      =    -10801.4857
 BOND   =         2.9350  ANGLE   =         7.5019  DIHED      =         8.0083
 1-4 NB =         8.0483  1-4 EEL =        -1.7933  VDWAALS    =      1877.9141
 EELEC  =    -12707.4633  EHBOND  =         0.0000  RESTRAINT  =         3.3633
 EAMBER (non-restraint)  =    -10804.8490
 Ewald error estimate:   0.1612E-04
 ------------------------------------------------------------------------------


 NSTEP =     1600   TIME(PS) =       5.200  TEMP(K) =   256.64  PRESS =     0.0
 Etot   =     -8905.1977  EKtot   =      1712.0559  EPtot      =    -10617.2536
 BOND   =         4.5746  ANGLE   =         7.0474  DIHED      =         9.2614
 1-4 NB =         8.7619  1-4 EEL =        -1.4139  VDWAALS    =      1751.7321
 EELEC  =    -12399.5587  EHBOND  =         0.0000  RESTRAINT  =         2.3416
 EAMBER (non-restraint)  =    -10619.5952
 Ewald error estimate:   0.5123E-03
 ------------------------------------------------------------------------------


 NSTEP =     2000   TIME(PS) =       6.000  TEMP(K) =   266.88  PRESS =     0.0
 Etot   =     -8707.3304  EKtot   =      1780.3690  EPtot      =    -10487.6994
 BOND   =         6.1656  ANGLE   =         6.8188  DIHED      =         9.2905
 1-4 NB =         7.9499  1-4 EEL =        -1.4621  VDWAALS    =      1711.7165
 EELEC  =    -12234.1437  EHBOND  =         0.0000  RESTRAINT  =         5.9652
 EAMBER (non-restraint)  =    -10493.6646
 Ewald error estimate:   0.4806E-03
 ------------------------------------------------------------------------------


 NSTEP =     2400   TIME(PS) =       6.800  TEMP(K) =   279.20  PRESS =     0.0
 Etot   =     -8561.2146  EKtot   =      1862.5340  EPtot      =    -10423.7486
 BOND   =         3.5344  ANGLE   =         8.1678  DIHED      =         8.6312
 1-4 NB =         9.2372  1-4 EEL =        -1.3307  VDWAALS    =      1674.5041
 EELEC  =    -12130.6968  EHBOND  =         0.0000  RESTRAINT  =         4.2042
 EAMBER (non-restraint)  =    -10427.9528
 Ewald error estimate:   0.1812E-03
 ------------------------------------------------------------------------------


 NSTEP =     2800   TIME(PS) =       7.600  TEMP(K) =   280.39  PRESS =     0.0
 Etot   =     -8448.9853  EKtot   =      1870.4673  EPtot      =    -10319.4527
 BOND   =         3.0009  ANGLE   =         8.9254  DIHED      =         8.1138
 1-4 NB =         7.6587  1-4 EEL =        -1.2923  VDWAALS    =      1545.2747
 EELEC  =    -11896.4143  EHBOND  =         0.0000  RESTRAINT  =         5.2804
 EAMBER (non-restraint)  =    -10324.7330
 Ewald error estimate:   0.1368E-03
 ------------------------------------------------------------------------------


 NSTEP =     3200   TIME(PS) =       8.400  TEMP(K) =   291.71  PRESS =     0.0
 Etot   =     -8362.3318  EKtot   =      1945.9924  EPtot      =    -10308.3242
 BOND   =         2.2596  ANGLE   =         7.2306  DIHED      =         9.4881
 1-4 NB =         8.3205  1-4 EEL =        -1.9286  VDWAALS    =      1595.0293
 EELEC  =    -11932.3511  EHBOND  =         0.0000  RESTRAINT  =         3.6274
 EAMBER (non-restraint)  =    -10311.9516
 Ewald error estimate:   0.7683E-04
 ------------------------------------------------------------------------------


 NSTEP =     3600   TIME(PS) =       9.200  TEMP(K) =   289.37  PRESS =     0.0
 Etot   =     -8298.0997  EKtot   =      1930.3700  EPtot      =    -10228.4697
 BOND   =         2.4969  ANGLE   =         6.9084  DIHED      =         9.9197
 1-4 NB =         9.2994  1-4 EEL =        -1.2343  VDWAALS    =      1657.2741
 EELEC  =    -11916.9472  EHBOND  =         0.0000  RESTRAINT  =         3.8132
 EAMBER (non-restraint)  =    -10232.2829
 Ewald error estimate:   0.4784E-03
 ------------------------------------------------------------------------------


 NSTEP =     4000   TIME(PS) =      10.000  TEMP(K) =   295.92  PRESS =     0.0
 Etot   =     -8252.0675  EKtot   =      1974.0785  EPtot      =    -10226.1460
 BOND   =         5.0423  ANGLE   =         9.7449  DIHED      =         9.9755
 1-4 NB =         9.4955  1-4 EEL =        -1.8973  VDWAALS    =      1562.7941
 EELEC  =    -11824.2215  EHBOND  =         0.0000  RESTRAINT  =         2.9204
 EAMBER (non-restraint)  =    -10229.0665
 Ewald error estimate:   0.2503E-03
 ------------------------------------------------------------------------------


      A V E R A G E S   O V E R    4000 S T E P S


 NSTEP =     4000   TIME(PS) =      10.000  TEMP(K) =   258.17  PRESS =     0.0
 Etot   =     -8906.9450  EKtot   =      1722.2448  EPtot      =    -10629.1898
 BOND   =         3.9429  ANGLE   =         7.8695  DIHED      =         8.8628
 1-4 NB =         8.2338  1-4 EEL =        -1.4842  VDWAALS    =      1747.0172
 EELEC  =    -12407.2391  EHBOND  =         0.0000  RESTRAINT  =         3.6074
 EAMBER (non-restraint)  =    -10632.7972
 Ewald error estimate:   0.1522E-03
 ------------------------------------------------------------------------------


      R M S  F L U C T U A T I O N S


 NSTEP =     4000   TIME(PS) =      10.000  TEMP(K) =    32.34  PRESS =     0.0
 Etot   =       598.7345  EKtot   =       215.7624  EPtot      =       386.1113
 BOND   =         1.3529  ANGLE   =         1.7260  DIHED      =         0.7432
 1-4 NB =         0.6679  1-4 EEL =         0.2793  VDWAALS    =       164.3516
 EELEC  =       542.9036  EHBOND  =         0.0000  RESTRAINT  =         1.0031
 EAMBER (non-restraint)  =       385.1081
 Ewald error estimate:   0.1216E-03
 ------------------------------------------------------------------------------


--------------------------------------------------------------------------------
   5.  TIMINGS
--------------------------------------------------------------------------------

|    Read coords time           0.00 ( 0.01% of Total)
|                Build the list             5.48 (98.37% of List )
|                Other                      0.09 ( 1.63% of List )
|             List time                  5.57 ( 7.10% of Nonbo)
|                   Short_ene time            56.00 (99.05% of Direc)
|                   Other                      0.54 ( 0.95% of Direc)
|                Direct Ewald time         56.54 (77.69% of Ewald)
|                Adjust Ewald time          0.51 ( 0.70% of Ewald)
|                Self Ewald time            0.01 ( 0.01% of Ewald)
|                   Fill Bspline coeffs        0.55 ( 3.51% of Recip)
|                   Fill charge grid           1.56 ( 9.97% of Recip)
|                   Scalar sum                 3.31 (21.22% of Recip)
|                   Grad sum                   3.03 (19.44% of Recip)
|                   FFT time                   7.15 (45.83% of Recip)
|                   Other                      0.01 ( 0.04% of Recip)
|                Recip Ewald time          15.61 (21.44% of Ewald)
|                Force Adjust               0.01 ( 0.02% of Ewald)
|                Virial junk                0.07 ( 0.09% of Ewald)
|                Other                      0.03 ( 0.04% of Ewald)
|             Ewald time                72.78 (92.88% of Nonbo)
|             Other                      0.01 ( 0.02% of Nonbo)
|          Nonbond force             78.36 (99.76% of Force)
|          Bond/Angle/Dihedral        0.16 ( 0.20% of Force)
|          Other                      0.02 ( 0.03% of Force)
|       Force time                78.55 (98.64% of Runmd)
|       Shake time                 0.64 ( 0.80% of Runmd)
|       Verlet update time         0.37 ( 0.47% of Runmd)
|       Other                      0.07 ( 0.09% of Runmd)
|    Runmd Time                79.63 (100.0% of Total)
|    Other                      0.03 ( 0.04% of Total)
| Total time                79.66 (100.0% of ALL  )

| Number of list builds   :        340

| Highest rstack allocated:     223469
| Highest istack allocated:       3349

| Final Performance Info:
| -----------------------------------------------------
| Average timings for all steps:
|     Elapsed(s) =      79.63 Per Step(ms) =      19.91
|         ns/day =       8.68   seconds/ns =    9953.60
| -----------------------------------------------------

|           Job began  at 11:43:19.634  on 03/22/2017
|           Setup done at 11:43:19.668  on 03/22/2017
|           Run   done at 11:44:39.297  on 03/22/2017
|     wallclock() was called  176703 times
