
          -------------------------------------------------------
          Amber 16 SANDER                              2016
          -------------------------------------------------------

| Run on 03/22/2017 at 11:44:39

|   Executable path: sander
| Working directory: /home/steboss/Simulation/logP_standrews/e_2356difluoro/water/equilibration
|          Hostname: Unknown
  [-O]verwriting output

File Assignments:
|  MDIN: md00004.in                                                            
| MDOUT: md00004.out                                                           
|INPCRD: md00003.rst7                                                          
|  PARM: solvated.parm7                                                        
|RESTRT: md00004.rst7                                                          
|  REFC: solvated.rst7                                                         
| MDVEL: mdvel                                                                 
| MDFRC: mdfrc                                                                 
|  MDEN: md00004.en                                                            
| MDCRD: md00004.nc                                                            
|MDINFO: md00004.info                                                          
|  MTMD: mtmd                                                                  
|INPDIP: inpdip                                                                
|RSTDIP: rstdip                                                                
|INPTRA: inptraj                                                               


 Here is the input file:

md with sander                                                                 
&cntrl                                                                         
ntxo=1,                                                                        
imin = 0, nstlim = 15000, irest = 1, ntx = 5, dt = 0.002,                      
ntt = 1, temp0 = 298.0, tautp = 1.0,                                           
ntp = 1, pres0 = 1.0, taup = 0.5,                                              
ntb = 2,                                                                       
ntc = 2, ntf = 2,                                                              
ioutfm = 1, iwrap = 1,                                                         
ntwe = 3000, ntwx = 3000, ntpr = 1500,                                         
ntr = 1, restraint_wt = 10.00,                                                 
restraintmask="!:WAT,HOH,T3P,T4P",                                             
/                                                                              
                                                                               

--------------------------------------------------------------------------------
   1.  RESOURCE   USE: 
--------------------------------------------------------------------------------

| Flags:                                                                        
 getting new box info from bottom of inpcrd
|  INFO: Old style inpcrd file read

| peek_ewald_inpcrd: Box info found
|Largest sphere to fit in unit cell has radius =    17.718
| New format PARM file being parsed.
| Version =    1.000 Date = 03/22/17 Time = 11:42:57
 NATOM  =    3349 NTYPES =       8 NBONH =    3333 MBONA  =      17
 NTHETH =      30 MTHETA =      24 NPHIH =      67 MPHIA  =      47
 NHPARM =       0 NPARM  =       0 NNB   =    4591 NRES   =    1108
 NBONA  =      17 NTHETA =      24 NPHIA =      47 NUMBND =       9
 NUMANG =      11 NPTRA  =      11 NATYP =       8 NPHB   =       1
 IFBOX  =       1 NMXRS  =      28 IFCAP =       0 NEXTRA =       0
 NCOPY  =       0


|     Memory Use     Allocated
|     Real              321822
|     Hollerith          11157
|     Integer           101612
|     Max Pairs        1116333
|     nblistReal         40188
|     nblist Int        187123
|       Total             8360 kbytes

| Note: 1-4 EEL scale factors are being read from the topology file.

| Note: 1-4 VDW scale factors are being read from the topology file.
| Duplicated    0 dihedrals
| Duplicated    0 dihedrals

     BOX TYPE: RECTILINEAR

--------------------------------------------------------------------------------
   2.  CONTROL  DATA  FOR  THE  RUN
--------------------------------------------------------------------------------

LIG                                                                             

General flags:
     imin    =       0, nmropt  =       0

Nature and format of input:
     ntx     =       5, irest   =       1, ntrx    =       1

Nature and format of output:
     ntxo    =       1, ntpr    =    1500, ntrx    =       1, ntwr    =   15000
     iwrap   =       1, ntwx    =    3000, ntwv    =       0, ntwe    =    3000
     ioutfm  =       1, ntwprt  =       0, idecomp =       0, rbornstat=      0

Potential function:
     ntf     =       2, ntb     =       2, igb     =       0, nsnb    =      25
     ipol    =       0, gbsa    =       0, iesp    =       0
     dielc   =   1.00000, cut     =   8.00000, intdiel =   1.00000

Frozen or restrained atoms:
     ibelly  =       0, ntr     =       1
     restraint_wt =  10.00000

Molecular dynamics:
     nstlim  =     15000, nscm    =         0, nrespa  =         1
     t       =   0.00000, dt      =   0.00200, vlimit  =  20.00000

Berendsen (weak-coupling) temperature regulation:
     temp0   = 298.00000, tempi   =   0.00000, tautp   =   1.00000

Pressure regulation:
     ntp     =       1
     pres0   =   1.00000, comp    =  44.60000, taup    =   0.50000

SHAKE:
     ntc     =       2, jfastw  =       0
     tol     =   0.00001

Ewald parameters:
     verbose =       0, ew_type =       0, nbflag  =       1, use_pme =       1
     vdwmeth =       1, eedmeth =       1, netfrc  =       1
     Box X =   35.436   Box Y =   37.796   Box Z =   37.195
     Alpha =   90.000   Beta  =   90.000   Gamma =   90.000
     NFFT1 =   36       NFFT2 =   40       NFFT3 =   40
     Cutoff=    8.000   Tol   =0.100E-04
     Ewald Coefficient =  0.34864
     Interpolation order =    4

    LOADING THE CONSTRAINED ATOMS AS GROUPS


   5.  REFERENCE ATOM COORDINATES

  LIG 
     Mask !:WAT,HOH,T3P,T4P; matches    28 atoms

--------------------------------------------------------------------------------
   3.  ATOMIC COORDINATES AND VELOCITIES
--------------------------------------------------------------------------------

LIG                                                                             
 begin time read from input coords =    10.000 ps

 Number of triangulated 3-point waters found:     1107

     Sum of charges from parm topology file =  -0.00300000
     Forcing neutrality...

--------------------------------------------------------------------------------
   4.  RESULTS
--------------------------------------------------------------------------------

|  # of SOLUTE  degrees of freedom (RNDFP):    6714.
|  # of SOLVENT degrees of freedom (RNDFS):       0.
|  NDFMIN =    6714.     NUM_NOSHAKE =      0     CORRECTED RNDFP =    6714.
|  TOTAL # of degrees of freedom (RNDF) =    6714.
 ---------------------------------------------------
 APPROXIMATING switch and d/dx switch using CUBIC SPLINE INTERPOLATION
 using   5000.0 points per unit in tabled values
 TESTING RELATIVE ERROR over r ranging from 0.0 to cutoff
| CHECK switch(x): max rel err =   0.2738E-14   at   2.422500
| CHECK d/dx switch(x): max rel err =   0.8332E-11   at   2.782960
 ---------------------------------------------------
| Local SIZE OF NONBOND LIST =     559000
| TOTAL SIZE OF NONBOND LIST =     559000

 NSTEP =     1500   TIME(PS) =      13.000  TEMP(K) =   297.19  PRESS =  -339.8
 Etot   =     -8283.8813  EKtot   =      1982.5807  EPtot      =    -10266.4620
 BOND   =         9.0727  ANGLE   =         5.4814  DIHED      =         8.2591
 1-4 NB =         7.9857  1-4 EEL =        -1.8194  VDWAALS    =      1578.8786
 EELEC  =    -11877.9518  EHBOND  =         0.0000  RESTRAINT  =         3.6316
 EAMBER (non-restraint)  =    -10270.0936
 EKCMT  =      1027.6499  VIRIAL  =      1352.2201  VOLUME     =     44239.2649
                                                    Density    =         0.7573
 Ewald error estimate:   0.7709E-04
 ------------------------------------------------------------------------------


 NSTEP =     3000   TIME(PS) =      16.000  TEMP(K) =   300.48  PRESS =  -732.6
 Etot   =     -8370.5804  EKtot   =      2004.4728  EPtot      =    -10375.0532
 BOND   =         7.2972  ANGLE   =         7.2574  DIHED      =        10.4047
 1-4 NB =         7.9098  1-4 EEL =        -1.8228  VDWAALS    =      1504.9674
 EELEC  =    -11915.2766  EHBOND  =         0.0000  RESTRAINT  =         4.2097
 EAMBER (non-restraint)  =    -10379.2629
 EKCMT  =      1014.2295  VIRIAL  =      1641.5099  VOLUME     =     39657.4030
                                                    Density    =         0.8448
 Ewald error estimate:   0.9621E-04
 ------------------------------------------------------------------------------


 NSTEP =     4500   TIME(PS) =      19.000  TEMP(K) =   301.23  PRESS =  -141.9
 Etot   =     -8465.3993  EKtot   =      2009.5251  EPtot      =    -10474.9245
 BOND   =         3.6811  ANGLE   =         8.3770  DIHED      =        10.9820
 1-4 NB =         8.1854  1-4 EEL =        -1.6957  VDWAALS    =      1604.2526
 EELEC  =    -12113.7246  EHBOND  =         0.0000  RESTRAINT  =         5.0177
 EAMBER (non-restraint)  =    -10479.9422
 EKCMT  =       962.9117  VIRIAL  =      1071.7066  VOLUME     =     35497.9497
                                                    Density    =         0.9438
 Ewald error estimate:   0.2364E-03
 ------------------------------------------------------------------------------


 NSTEP =     6000   TIME(PS) =      22.000  TEMP(K) =   300.74  PRESS =   -83.0
 Etot   =     -8541.1668  EKtot   =      2006.2470  EPtot      =    -10547.4138
 BOND   =         4.9524  ANGLE   =         9.5773  DIHED      =         8.3516
 1-4 NB =         7.9805  1-4 EEL =        -1.2936  VDWAALS    =      1552.6817
 EELEC  =    -12134.6846  EHBOND  =         0.0000  RESTRAINT  =         5.0208
 EAMBER (non-restraint)  =    -10552.4346
 EKCMT  =       994.7242  VIRIAL  =      1055.6531  VOLUME     =     34012.3427
                                                    Density    =         0.9850
 Ewald error estimate:   0.2603E-03
 ------------------------------------------------------------------------------


 NSTEP =     7500   TIME(PS) =      25.000  TEMP(K) =   302.83  PRESS =   114.6
 Etot   =     -8556.0554  EKtot   =      2020.2047  EPtot      =    -10576.2602
 BOND   =         5.6650  ANGLE   =         7.2494  DIHED      =         9.8863
 1-4 NB =         9.2937  1-4 EEL =        -1.7572  VDWAALS    =      1583.7102
 EELEC  =    -12193.8131  EHBOND  =         0.0000  RESTRAINT  =         3.5054
 EAMBER (non-restraint)  =    -10579.7656
 EKCMT  =      1001.3773  VIRIAL  =       917.6632  VOLUME     =     33830.7243
                                                    Density    =         0.9903
 Ewald error estimate:   0.1541E-03
 ------------------------------------------------------------------------------


 NSTEP =     9000   TIME(PS) =      28.000  TEMP(K) =   303.97  PRESS =  -189.4
 Etot   =     -8580.4499  EKtot   =      2027.7556  EPtot      =    -10608.2055
 BOND   =         2.7569  ANGLE   =         5.2319  DIHED      =         9.6722
 1-4 NB =         8.7668  1-4 EEL =        -1.5327  VDWAALS    =      1546.7835
 EELEC  =    -12184.1113  EHBOND  =         0.0000  RESTRAINT  =         4.2274
 EAMBER (non-restraint)  =    -10612.4329
 EKCMT  =       989.9160  VIRIAL  =      1127.5862  VOLUME     =     33670.3438
                                                    Density    =         0.9950
 Ewald error estimate:   0.2972E-03
 ------------------------------------------------------------------------------


 NSTEP =    10500   TIME(PS) =      31.000  TEMP(K) =   298.19  PRESS =  -209.7
 Etot   =     -8566.1065  EKtot   =      1989.2220  EPtot      =    -10555.3286
 BOND   =         4.0702  ANGLE   =        10.2990  DIHED      =         8.9380
 1-4 NB =         9.0086  1-4 EEL =        -1.2946  VDWAALS    =      1550.5342
 EELEC  =    -12140.4447  EHBOND  =         0.0000  RESTRAINT  =         3.5607
 EAMBER (non-restraint)  =    -10558.8893
 EKCMT  =       975.4788  VIRIAL  =      1129.1641  VOLUME     =     33948.5476
                                                    Density    =         0.9869
 Ewald error estimate:   0.9229E-04
 ------------------------------------------------------------------------------


 NSTEP =    12000   TIME(PS) =      34.000  TEMP(K) =   304.10  PRESS =   -16.9
 Etot   =     -8583.6023  EKtot   =      2028.6272  EPtot      =    -10612.2295
 BOND   =         3.5425  ANGLE   =         8.2269  DIHED      =        10.4997
 1-4 NB =         8.8136  1-4 EEL =        -1.1948  VDWAALS    =      1604.6224
 EELEC  =    -12252.6794  EHBOND  =         0.0000  RESTRAINT  =         5.9395
 EAMBER (non-restraint)  =    -10618.1690
 EKCMT  =       992.6652  VIRIAL  =      1005.1426  VOLUME     =     34126.7106
                                                    Density    =         0.9817
 Ewald error estimate:   0.5690E-03
 ------------------------------------------------------------------------------


 NSTEP =    13500   TIME(PS) =      37.000  TEMP(K) =   301.38  PRESS =   293.1
 Etot   =     -8596.1740  EKtot   =      2010.5355  EPtot      =    -10606.7095
 BOND   =         6.4163  ANGLE   =         9.6447  DIHED      =         9.1795
 1-4 NB =         7.7092  1-4 EEL =        -1.8273  VDWAALS    =      1618.4591
 EELEC  =    -12260.9932  EHBOND  =         0.0000  RESTRAINT  =         4.7021
 EAMBER (non-restraint)  =    -10611.4116
 EKCMT  =      1008.7977  VIRIAL  =       795.7379  VOLUME     =     33669.4880
                                                    Density    =         0.9951
 Ewald error estimate:   0.8589E-04
 ------------------------------------------------------------------------------


 NSTEP =    15000   TIME(PS) =      40.000  TEMP(K) =   300.73  PRESS =   263.0
 Etot   =     -8590.3381  EKtot   =      2006.1944  EPtot      =    -10596.5325
 BOND   =         6.4198  ANGLE   =         9.6091  DIHED      =         9.3500
 1-4 NB =         6.9622  1-4 EEL =        -1.4555  VDWAALS    =      1629.2608
 EELEC  =    -12262.3406  EHBOND  =         0.0000  RESTRAINT  =         5.6617
 EAMBER (non-restraint)  =    -10602.1942
 EKCMT  =       964.1592  VIRIAL  =       772.1245  VOLUME     =     33820.1553
                                                    Density    =         0.9906
 Ewald error estimate:   0.4759E-03
 ------------------------------------------------------------------------------


      A V E R A G E S   O V E R   15000 S T E P S


 NSTEP =    15000   TIME(PS) =      40.000  TEMP(K) =   297.61  PRESS =  -143.7
 Etot   =     -8496.3220  EKtot   =      1985.3660  EPtot      =    -10481.6879
 BOND   =         4.8951  ANGLE   =         9.3606  DIHED      =         9.5714
 1-4 NB =         8.3615  1-4 EEL =        -1.4679  VDWAALS    =      1564.9287
 EELEC  =    -12082.2739  EHBOND  =         0.0000  RESTRAINT  =         4.9365
 EAMBER (non-restraint)  =    -10486.6244
 EKCMT  =       987.4016  VIRIAL  =      1115.6695  VOLUME     =     36393.1625
                                                    Density    =         0.9320
 Ewald error estimate:   0.1595E-03
 ------------------------------------------------------------------------------


      R M S  F L U C T U A T I O N S


 NSTEP =    15000   TIME(PS) =      40.000  TEMP(K) =     4.21  PRESS =   308.7
 Etot   =       113.8720  EKtot   =        28.0927  EPtot      =       123.8685
 BOND   =         1.6314  ANGLE   =         1.9448  DIHED      =         0.8578
 1-4 NB =         0.7417  1-4 EEL =         0.2953  VDWAALS    =        40.1508
 EELEC  =       130.3826  EHBOND  =         0.0000  RESTRAINT  =         1.3310
 EAMBER (non-restraint)  =       122.5375
 EKCMT  =        22.2971  VIRIAL  =       260.9695  VOLUME     =      4380.1653
                                                    Density    =         0.0947
 Ewald error estimate:   0.1198E-03
 ------------------------------------------------------------------------------


--------------------------------------------------------------------------------
   5.  TIMINGS
--------------------------------------------------------------------------------

|                Build the list            28.86 (98.98% of List )
|                Other                      0.30 ( 1.02% of List )
|             List time                 29.16 ( 8.61% of Nonbo)
|                   Short_ene time           245.73 (99.19% of Direc)
|                   Other                      2.01 ( 0.81% of Direc)
|                Direct Ewald time        247.73 (80.07% of Ewald)
|                Adjust Ewald time          1.86 ( 0.60% of Ewald)
|                Self Ewald time            0.02 ( 0.01% of Ewald)
|                   Fill Bspline coeffs        2.16 ( 3.64% of Recip)
|                   Fill charge grid           5.96 (10.05% of Recip)
|                   Scalar sum                12.44 (20.96% of Recip)
|                   Grad sum                  11.91 (20.07% of Recip)
|                   FFT time                  26.85 (45.24% of Recip)
|                   Other                      0.02 ( 0.04% of Recip)
|                Recip Ewald time          59.34 (19.18% of Ewald)
|                Force Adjust               0.05 ( 0.02% of Ewald)
|                Virial junk                0.27 ( 0.09% of Ewald)
|                Other                      0.12 ( 0.04% of Ewald)
|             Ewald time               309.40 (91.37% of Nonbo)
|             Other                      0.04 ( 0.01% of Nonbo)
|          Nonbond force            338.61 (99.79% of Force)
|          Bond/Angle/Dihedral        0.61 ( 0.18% of Force)
|          Other                      0.09 ( 0.03% of Force)
|       Force time               339.32 (98.42% of Runmd)
|       Shake time                 2.36 ( 0.69% of Runmd)
|       Verlet update time         2.32 ( 0.67% of Runmd)
|       Ekcmr time                 0.34 ( 0.10% of Runmd)
|       Other                      0.42 ( 0.12% of Runmd)
|    Runmd Time               344.77 (100.0% of Total)
|    Other                      0.03 ( 0.01% of Total)
| Total time               344.81 (100.0% of ALL  )

| Number of list builds   :       1420

| Highest rstack allocated:     223469
| Highest istack allocated:       3349

| Final Performance Info:
| -----------------------------------------------------
| Average timings for all steps:
|     Elapsed(s) =     344.77 Per Step(ms) =      22.98
|         ns/day =       7.52   seconds/ns =   11492.42
| -----------------------------------------------------

|           Job began  at 11:44:39.302  on 03/22/2017
|           Setup done at 11:44:39.336  on 03/22/2017
|           Run   done at 11:50:24.108  on 03/22/2017
|     wallclock() was called  692863 times
