
          -------------------------------------------------------
          Amber 16 SANDER                              2016
          -------------------------------------------------------

| Run on 03/22/2017 at 11:42:57

|   Executable path: sander
| Working directory: /home/steboss/Simulation/logP_standrews/e_2356difluoro/water/equilibration
|          Hostname: Unknown
  [-O]verwriting output

File Assignments:
|  MDIN: min00001.in                                                           
| MDOUT: min00001.out                                                          
|INPCRD: solvated.rst7                                                         
|  PARM: solvated.parm7                                                        
|RESTRT: min00001.rst7                                                         
|  REFC: solvated.rst7                                                         
| MDVEL: mdvel                                                                 
| MDFRC: mdfrc                                                                 
|  MDEN: min00001.en                                                           
| MDCRD: min00001.nc                                                           
|MDINFO: min00001.info                                                         
|  MTMD: mtmd                                                                  
|INPDIP: inpdip                                                                
|RSTDIP: rstdip                                                                
|INPTRA: inptraj                                                               


 Here is the input file:

                                                                               
Minimise whole system                                                          
&cntrl                                                                         
ntxo=1,                                                                        
imin = 1, ntmin = 1,                                                           
maxcyc = 100, ncyc = 10,                                                       
ntpr = 20, ntwe = 20,                                                          
dx0 = 1.0D-7,                                                                  
ntb = 1,                                                                       
ntr = 1, restraint_wt = 10.00,                                                 
restraintmask="!:WAT,HOH,T3P,T4P,CLP,MOL,LIG",                                 
/                                                                              

--------------------------------------------------------------------------------
   1.  RESOURCE   USE: 
--------------------------------------------------------------------------------

| Flags:                                                                        
 getting new box info from bottom of inpcrd
|  INFO: Old style inpcrd file read

| peek_ewald_inpcrd: Box info found
|Largest sphere to fit in unit cell has radius =    17.718
| New format PARM file being parsed.
| Version =    1.000 Date = 03/22/17 Time = 11:42:57
 NATOM  =    3349 NTYPES =       8 NBONH =    3333 MBONA  =      17
 NTHETH =      30 MTHETA =      24 NPHIH =      67 MPHIA  =      47
 NHPARM =       0 NPARM  =       0 NNB   =    4591 NRES   =    1108
 NBONA  =      17 NTHETA =      24 NPHIA =      47 NUMBND =       9
 NUMANG =      11 NPTRA  =      11 NATYP =       8 NPHB   =       1
 IFBOX  =       1 NMXRS  =      28 IFCAP =       0 NEXTRA =       0
 NCOPY  =       0


|     Memory Use     Allocated
|     Real              362210
|     Hollerith          11157
|     Integer           101612
|     Max Pairs        1116333
|     nblistReal         40188
|     nblist Int        187123
|       Total             8675 kbytes

| Note: 1-4 EEL scale factors are being read from the topology file.

| Note: 1-4 VDW scale factors are being read from the topology file.
| Duplicated    0 dihedrals
| Duplicated    0 dihedrals

     BOX TYPE: RECTILINEAR

--------------------------------------------------------------------------------
   2.  CONTROL  DATA  FOR  THE  RUN
--------------------------------------------------------------------------------

LIG                                                                             

General flags:
     imin    =       1, nmropt  =       0

Nature and format of input:
     ntx     =       1, irest   =       0, ntrx    =       1

Nature and format of output:
     ntxo    =       1, ntpr    =      20, ntrx    =       1, ntwr    =       1
     iwrap   =       0, ntwx    =       0, ntwv    =       0, ntwe    =      20
     ioutfm  =       1, ntwprt  =       0, idecomp =       0, rbornstat=      0

Potential function:
     ntf     =       1, ntb     =       1, igb     =       0, nsnb    =      25
     ipol    =       0, gbsa    =       0, iesp    =       0
     dielc   =   1.00000, cut     =   8.00000, intdiel =   1.00000

Frozen or restrained atoms:
     ibelly  =       0, ntr     =       1
     restraint_wt =  10.00000

Energy minimization:
     maxcyc  =     100, ncyc    =      10, ntmin   =       1
     dx0     =   0.00000, drms    =   0.00010

Ewald parameters:
     verbose =       0, ew_type =       0, nbflag  =       1, use_pme =       1
     vdwmeth =       1, eedmeth =       1, netfrc  =       0
     Box X =   35.436   Box Y =   37.796   Box Z =   37.195
     Alpha =   90.000   Beta  =   90.000   Gamma =   90.000
     NFFT1 =   36       NFFT2 =   40       NFFT3 =   40
     Cutoff=    8.000   Tol   =0.100E-04
     Ewald Coefficient =  0.34864
     Interpolation order =    4

    LOADING THE CONSTRAINED ATOMS AS GROUPS


   5.  REFERENCE ATOM COORDINATES

  LIG 
     Mask !:WAT,HOH,T3P,T4P,CLP,MOL,LIG; matches     0 atoms

--------------------------------------------------------------------------------
   3.  ATOMIC COORDINATES AND VELOCITIES
--------------------------------------------------------------------------------

LIG                                                                             
 begin time read from input coords =     0.000 ps

 Number of triangulated 3-point waters found:     1107

     Sum of charges from parm topology file =  -0.00300000
     Forcing neutrality...

--------------------------------------------------------------------------------
   4.  RESULTS
--------------------------------------------------------------------------------

 ---------------------------------------------------
 APPROXIMATING switch and d/dx switch using CUBIC SPLINE INTERPOLATION
 using   5000.0 points per unit in tabled values
 TESTING RELATIVE ERROR over r ranging from 0.0 to cutoff
| CHECK switch(x): max rel err =   0.2738E-14   at   2.422500
| CHECK d/dx switch(x): max rel err =   0.8332E-11   at   2.782960
 ---------------------------------------------------
| Local SIZE OF NONBOND LIST =     503304
| TOTAL SIZE OF NONBOND LIST =     503304


   NSTEP       ENERGY          RMS            GMAX         NAME    NUMBER
      1      -8.8598E+03     1.1897E+01     4.2464E+01     O         812

 BOND    =        0.6119  ANGLE   =        1.1882  DIHED      =        7.5008
 VDWAALS =     1077.7928  EEL     =    -9955.0773  HBOND      =        0.0000
 1-4 VDW =        9.7007  1-4 EEL =       -1.5282  RESTRAINT  =        0.0000


   NSTEP       ENERGY          RMS            GMAX         NAME    NUMBER
     20      -1.0073E+04     9.3179E+00     6.9929E+01     O        1274

 BOND    =     1374.3042  ANGLE   =        2.5457  DIHED      =        7.4438
 VDWAALS =     1091.1421  EEL     =   -12554.4490  HBOND      =        0.0000
 1-4 VDW =        7.4737  1-4 EEL =       -1.3806  RESTRAINT  =        0.0000


   NSTEP       ENERGY          RMS            GMAX         NAME    NUMBER
     40      -1.0798E+04     2.8356E+00     1.8496E+01     O         812

 BOND    =      500.3308  ANGLE   =        2.2351  DIHED      =        7.5236
 VDWAALS =     1120.4472  EEL     =   -12436.0239  HBOND      =        0.0000
 1-4 VDW =        8.4614  1-4 EEL =       -1.4600  RESTRAINT  =        0.0000


   NSTEP       ENERGY          RMS            GMAX         NAME    NUMBER
     60      -1.1265E+04     1.6151E+00     1.6037E+01     C5          9

 BOND    =      715.0227  ANGLE   =        2.8257  DIHED      =        7.5043
 VDWAALS =     1357.5893  EEL     =   -13354.1053  HBOND      =        0.0000
 1-4 VDW =        8.0930  1-4 EEL =       -1.4639  RESTRAINT  =        0.0000


   NSTEP       ENERGY          RMS            GMAX         NAME    NUMBER
     80      -1.1525E+04     2.8309E+00     7.8615E+01     C5          9

 BOND    =      791.9394  ANGLE   =       13.1794  DIHED      =        7.5265
 VDWAALS =     1532.2326  EEL     =   -13876.7297  HBOND      =        0.0000
 1-4 VDW =        8.0149  1-4 EEL =       -1.2010  RESTRAINT  =        0.0000


   NSTEP       ENERGY          RMS            GMAX         NAME    NUMBER
    100      -1.1760E+04     2.3123E+00     5.1312E+01     C4          8

 BOND    =      819.7197  ANGLE   =       11.8690  DIHED      =        7.5388
 VDWAALS =     1790.7741  EEL     =   -14396.6251  HBOND      =        0.0000
 1-4 VDW =        7.8053  1-4 EEL =       -1.2827  RESTRAINT  =        0.0000


  Maximum number of minimization cycles reached.


                    FINAL RESULTS



   NSTEP       ENERGY          RMS            GMAX         NAME    NUMBER
    100      -1.1760E+04     2.3123E+00     5.1312E+01     C4          8

 BOND    =      819.7197  ANGLE   =       11.8690  DIHED      =        7.5388
 VDWAALS =     1790.7741  EEL     =   -14396.6251  HBOND      =        0.0000
 1-4 VDW =        7.8053  1-4 EEL =       -1.2827  RESTRAINT  =        0.0000

--------------------------------------------------------------------------------
   5.  TIMINGS
--------------------------------------------------------------------------------

|    Read coords time           0.00 ( 0.10% of Total)
|                Build the list             0.02 (57.65% of List )
|                Other                      0.01 (42.35% of List )
|             List time                  0.03 ( 1.61% of Nonbo)
|                   Short_ene time             1.30 (99.01% of Direc)
|                   Other                      0.01 ( 0.99% of Direc)
|                Direct Ewald time          1.32 (76.18% of Ewald)
|                Adjust Ewald time          0.01 ( 0.75% of Ewald)
|                Self Ewald time            0.00 ( 0.01% of Ewald)
|                   Fill Bspline coeffs        0.01 ( 3.50% of Recip)
|                   Fill charge grid           0.04 ( 9.84% of Recip)
|                   Scalar sum                 0.08 (21.36% of Recip)
|                   Grad sum                   0.08 (19.33% of Recip)
|                   FFT time                   0.18 (45.92% of Recip)
|                   Other                      0.00 ( 0.04% of Recip)
|                Recip Ewald time           0.40 (22.90% of Ewald)
|                Virial junk                0.00 ( 0.10% of Ewald)
|                Other                      0.00 ( 0.04% of Ewald)
|             Ewald time                 1.73 (98.37% of Nonbo)
|             Other                      0.00 ( 0.02% of Nonbo)
|          Nonbond force              1.76 (99.46% of Force)
|          Bond/Angle/Dihedral        0.01 ( 0.50% of Force)
|          Other                      0.00 ( 0.04% of Force)
|       Force time                 1.77 (100.0% of Runmd)
|    Runmd Time                 1.77 (73.92% of Total)
|    Other                      0.62 (25.98% of Total)
| Total time                 2.39 (100.0% of ALL  )

| Number of list builds   :          1

| Highest rstack allocated:     223469
| Highest istack allocated:       3349
|           Job began  at 11:42:57.940  on 03/22/2017
|           Setup done at 11:42:57.970  on 03/22/2017
|           Run   done at 11:43:00.330  on 03/22/2017
|     wallclock() was called    3850 times
