
          -------------------------------------------------------
          Amber 16 SANDER                              2016
          -------------------------------------------------------

| Run on 03/23/2017 at 17:48:21

|   Executable path: sander
| Working directory: /home/steboss/Simulation/logP_standrews/inputfiles/d_236difluoro/water/equilibration
|          Hostname: Unknown
  [-O]verwriting output

File Assignments:
|  MDIN: min00001.in                                                           
| MDOUT: min00001.out                                                          
|INPCRD: solvated.rst7                                                         
|  PARM: solvated.parm7                                                        
|RESTRT: min00001.rst7                                                         
|  REFC: solvated.rst7                                                         
| MDVEL: mdvel                                                                 
| MDFRC: mdfrc                                                                 
|  MDEN: min00001.en                                                           
| MDCRD: min00001.nc                                                           
|MDINFO: min00001.info                                                         
|  MTMD: mtmd                                                                  
|INPDIP: inpdip                                                                
|RSTDIP: rstdip                                                                
|INPTRA: inptraj                                                               


 Here is the input file:

                                                                               
Minimise whole system                                                          
&cntrl                                                                         
ntxo=1,                                                                        
imin = 1, ntmin = 1,                                                           
maxcyc = 100, ncyc = 10,                                                       
ntpr = 20, ntwe = 20,                                                          
dx0 = 1.0D-7,                                                                  
ntb = 1,                                                                       
ntr = 1, restraint_wt = 10.00,                                                 
restraintmask="!:WAT,HOH,T3P,T4P,CLP,MOL,LIG",                                 
/                                                                              

--------------------------------------------------------------------------------
   1.  RESOURCE   USE: 
--------------------------------------------------------------------------------

| Flags:                                                                        
 getting new box info from bottom of inpcrd
|  INFO: Old style inpcrd file read

| peek_ewald_inpcrd: Box info found
|Largest sphere to fit in unit cell has radius =    17.634
| New format PARM file being parsed.
| Version =    1.000 Date = 03/23/17 Time = 17:48:21
 NATOM  =    3337 NTYPES =       8 NBONH =    3322 MBONA  =      16
 NTHETH =      32 MTHETA =      22 NPHIH =      68 MPHIA  =      43
 NHPARM =       0 NPARM  =       0 NNB   =    4576 NRES   =    1104
 NBONA  =      16 NTHETA =      22 NPHIA =      43 NUMBND =       9
 NUMANG =      11 NPTRA  =      12 NATYP =       8 NPHB   =       1
 IFBOX  =       1 NMXRS  =      28 IFCAP =       0 NEXTRA =       0
 NCOPY  =       0


|     Memory Use     Allocated
|     Real              361222
|     Hollerith          11117
|     Integer           101223
|     Max Pairs        1112333
|     nblistReal         40044
|     nblist Int        176440
|       Total             8608 kbytes

| Note: 1-4 EEL scale factors are being read from the topology file.

| Note: 1-4 VDW scale factors are being read from the topology file.
| Duplicated    0 dihedrals
| Duplicated    0 dihedrals

     BOX TYPE: RECTILINEAR

--------------------------------------------------------------------------------
   2.  CONTROL  DATA  FOR  THE  RUN
--------------------------------------------------------------------------------

LIG                                                                             

General flags:
     imin    =       1, nmropt  =       0

Nature and format of input:
     ntx     =       1, irest   =       0, ntrx    =       1

Nature and format of output:
     ntxo    =       1, ntpr    =      20, ntrx    =       1, ntwr    =       1
     iwrap   =       0, ntwx    =       0, ntwv    =       0, ntwe    =      20
     ioutfm  =       1, ntwprt  =       0, idecomp =       0, rbornstat=      0

Potential function:
     ntf     =       1, ntb     =       1, igb     =       0, nsnb    =      25
     ipol    =       0, gbsa    =       0, iesp    =       0
     dielc   =   1.00000, cut     =   8.00000, intdiel =   1.00000

Frozen or restrained atoms:
     ibelly  =       0, ntr     =       1
     restraint_wt =  10.00000

Energy minimization:
     maxcyc  =     100, ncyc    =      10, ntmin   =       1
     dx0     =   0.00000, drms    =   0.00010

Ewald parameters:
     verbose =       0, ew_type =       0, nbflag  =       1, use_pme =       1
     vdwmeth =       1, eedmeth =       1, netfrc  =       0
     Box X =   36.005   Box Y =   35.267   Box Z =   38.379
     Alpha =   90.000   Beta  =   90.000   Gamma =   90.000
     NFFT1 =   36       NFFT2 =   36       NFFT3 =   40
     Cutoff=    8.000   Tol   =0.100E-04
     Ewald Coefficient =  0.34864
     Interpolation order =    4

    LOADING THE CONSTRAINED ATOMS AS GROUPS


   5.  REFERENCE ATOM COORDINATES

  LIG 
     Mask !:WAT,HOH,T3P,T4P,CLP,MOL,LIG; matches     0 atoms

--------------------------------------------------------------------------------
   3.  ATOMIC COORDINATES AND VELOCITIES
--------------------------------------------------------------------------------

LIG                                                                             
 begin time read from input coords =     0.000 ps

 Number of triangulated 3-point waters found:     1103

     Sum of charges from parm topology file =   0.00200000
     Forcing neutrality...

--------------------------------------------------------------------------------
   4.  RESULTS
--------------------------------------------------------------------------------

 ---------------------------------------------------
 APPROXIMATING switch and d/dx switch using CUBIC SPLINE INTERPOLATION
 using   5000.0 points per unit in tabled values
 TESTING RELATIVE ERROR over r ranging from 0.0 to cutoff
| CHECK switch(x): max rel err =   0.2738E-14   at   2.422500
| CHECK d/dx switch(x): max rel err =   0.8332E-11   at   2.782960
 ---------------------------------------------------
| Local SIZE OF NONBOND LIST =     506449
| TOTAL SIZE OF NONBOND LIST =     506449


   NSTEP       ENERGY          RMS            GMAX         NAME    NUMBER
      1      -8.8710E+03     1.1944E+01     4.5427E+01     O        2471

 BOND    =        1.3218  ANGLE   =        1.5709  DIHED      =        4.5331
 VDWAALS =     1100.7616  EEL     =    -9986.9260  HBOND      =        0.0000
 1-4 VDW =        8.2184  1-4 EEL =       -0.4323  RESTRAINT  =        0.0000


   NSTEP       ENERGY          RMS            GMAX         NAME    NUMBER
     20      -1.0078E+04     9.0183E+00     6.5461E+01     O         365

 BOND    =     1349.3456  ANGLE   =        3.0160  DIHED      =        4.5435
 VDWAALS =     1096.2064  EEL     =   -12538.0127  HBOND      =        0.0000
 1-4 VDW =        7.1721  1-4 EEL =       -0.5898  RESTRAINT  =        0.0000


   NSTEP       ENERGY          RMS            GMAX         NAME    NUMBER
     40      -1.0787E+04     2.8282E+00     1.8057E+01     C2          2

 BOND    =      491.7205  ANGLE   =        2.9589  DIHED      =        4.7290
 VDWAALS =     1106.5421  EEL     =   -12399.9887  HBOND      =        0.0000
 1-4 VDW =        7.7137  1-4 EEL =       -0.3021  RESTRAINT  =        0.0000


   NSTEP       ENERGY          RMS            GMAX         NAME    NUMBER
     60      -1.1251E+04     1.4110E+00     1.2614E+01     H8         23

 BOND    =      713.2117  ANGLE   =        2.8477  DIHED      =        4.6692
 VDWAALS =     1345.1298  EEL     =   -13323.3888  HBOND      =        0.0000
 1-4 VDW =        7.2890  1-4 EEL =       -0.3778  RESTRAINT  =        0.0000


   NSTEP       ENERGY          RMS            GMAX         NAME    NUMBER
     80      -1.1525E+04     2.9532E+00     9.1625E+01     C3          3

 BOND    =      804.8397  ANGLE   =        6.9823  DIHED      =        4.9938
 VDWAALS =     1545.4999  EEL     =   -13893.5294  HBOND      =        0.0000
 1-4 VDW =        6.9516  1-4 EEL =       -0.3492  RESTRAINT  =        0.0000


   NSTEP       ENERGY          RMS            GMAX         NAME    NUMBER
    100      -1.1760E+04     2.2435E+00     4.2563E+01     C2          2

 BOND    =      817.6356  ANGLE   =        8.2962  DIHED      =        5.2816
 VDWAALS =     1787.9537  EEL     =   -14386.2076  HBOND      =        0.0000
 1-4 VDW =        7.4799  1-4 EEL =       -0.3279  RESTRAINT  =        0.0000


  Maximum number of minimization cycles reached.


                    FINAL RESULTS



   NSTEP       ENERGY          RMS            GMAX         NAME    NUMBER
    100      -1.1760E+04     2.2435E+00     4.2563E+01     C2          2

 BOND    =      817.6356  ANGLE   =        8.2962  DIHED      =        5.2816
 VDWAALS =     1787.9537  EEL     =   -14386.2076  HBOND      =        0.0000
 1-4 VDW =        7.4799  1-4 EEL =       -0.3279  RESTRAINT  =        0.0000

--------------------------------------------------------------------------------
   5.  TIMINGS
--------------------------------------------------------------------------------

|    Read coords time           0.00 ( 0.10% of Total)
|                Build the list             0.03 (73.69% of List )
|                Other                      0.01 (26.31% of List )
|             List time                  0.04 ( 2.57% of Nonbo)
|                   Short_ene time             1.29 (99.00% of Direc)
|                   Other                      0.01 ( 1.00% of Direc)
|                Direct Ewald time          1.30 (77.00% of Ewald)
|                Adjust Ewald time          0.01 ( 0.75% of Ewald)
|                Self Ewald time            0.00 ( 0.01% of Ewald)
|                   Fill Bspline coeffs        0.01 ( 3.72% of Recip)
|                   Fill charge grid           0.04 (10.14% of Recip)
|                   Scalar sum                 0.08 (20.32% of Recip)
|                   Grad sum                   0.08 (20.22% of Recip)
|                   FFT time                   0.17 (45.55% of Recip)
|                   Other                      0.00 ( 0.04% of Recip)
|                Recip Ewald time           0.37 (22.06% of Ewald)
|                Virial junk                0.00 ( 0.12% of Ewald)
|                Other                      0.00 ( 0.05% of Ewald)
|             Ewald time                 1.69 (97.40% of Nonbo)
|             Other                      0.00 ( 0.02% of Nonbo)
|          Nonbond force              1.73 (99.45% of Force)
|          Bond/Angle/Dihedral        0.01 ( 0.51% of Force)
|          Other                      0.00 ( 0.04% of Force)
|       Force time                 1.74 (100.0% of Runmd)
|    Runmd Time                 1.74 (73.70% of Total)
|    Other                      0.62 (26.20% of Total)
| Total time                 2.37 (100.0% of ALL  )

| Number of list builds   :          2

| Highest rstack allocated:     210177
| Highest istack allocated:       3337
|           Job began  at 17:48:21.633  on 03/23/2017
|           Setup done at 17:48:21.666  on 03/23/2017
|           Run   done at 17:48:24.000  on 03/23/2017
|     wallclock() was called    3852 times
