
          -------------------------------------------------------
          Amber 16 SANDER                              2016
          -------------------------------------------------------

| Run on 03/22/2017 at 11:19:03

|   Executable path: sander
| Working directory: /home/steboss/Simulation/logP_standrews/a_phenyl-cyclohexane/cyclohexane/equilibration
|          Hostname: Unknown
  [-O]verwriting output

File Assignments:
|  MDIN: md00002.in                                                            
| MDOUT: md00002.out                                                           
|INPCRD: min00001.rst7                                                         
|  PARM: solvated.parm7                                                        
|RESTRT: md00002.rst7                                                          
|  REFC: solvated.rst7                                                         
| MDVEL: mdvel                                                                 
| MDFRC: mdfrc                                                                 
|  MDEN: md00002.en                                                            
| MDCRD: md00002.nc                                                            
|MDINFO: md00002.info                                                          
|  MTMD: mtmd                                                                  
|INPDIP: inpdip                                                                
|RSTDIP: rstdip                                                                
|INPTRA: inptraj                                                               


 Here is the input file:

heat the system                                                                
&cntrl                                                                         
ntxo=1,                                                                        
imin = 0, nstlim = 1000, irest = 0, ntx = 1, dt = 0.002,                       
nmropt = 1,                                                                    
ntt = 1, temp0 = 300.0, tempi = 5.0, tautp = 1.0,                              
ntb = 1, pres0 = 1.0,                                                          
ntc = 2, ntf = 2,                                                              
ioutfm = 1, iwrap = 1,                                                         
ntwe = 200, ntwx = 200, ntpr = 100,                                            
ntr = 1, restraint_wt = 10.00,                                                 
restraintmask="!:CYC",                                                         
/                                                                              
                                                                               
&wt                                                                            
type = 'TEMP0',                                                                
istep1 = 0, istep2 = 1000,                                                     
value1 = 5.0, value2 = 300.0                                                   
/                                                                              
                                                                               
&wt type = 'END'                                                               
 /                                                                             
                                                                               

--------------------------------------------------------------------------------
   1.  RESOURCE   USE: 
--------------------------------------------------------------------------------

| Flags:                                                                        
 getting new box info from bottom of inpcrd
|  INFO: Old style inpcrd file read

| peek_ewald_inpcrd: Box info found
|Largest sphere to fit in unit cell has radius =    18.184
| New format PARM file being parsed.
| Version =    1.000 Date = 03/22/17 Time = 11:19:02
 NATOM  =    2692 NTYPES =       4 NBONH =    1792 MBONA  =     901
 NTHETH =    4478 MTHETA =     904 NPHIH =    7173 MPHIA  =    2697
 NHPARM =       0 NPARM  =       0 NNB   =   15851 NRES   =     149
 NBONA  =     901 NTHETA =     904 NPHIA =    2697 NUMBND =       5
 NUMANG =       8 NPTRA  =       9 NATYP =       4 NPHB   =       0
 IFBOX  =       1 NMXRS  =      28 IFCAP =       0 NEXTRA =       0
 NCOPY  =       0


|     Memory Use     Allocated
|     Real              275809
|     Hollerith           8227
|     Integer           579361
|     Max Pairs         897333
|     nblistReal         32304
|     nblist Int        232135
|       Total             9114 kbytes

| Note: 1-4 EEL scale factors are being read from the topology file.

| Note: 1-4 VDW scale factors are being read from the topology file.
| Duplicated    0 dihedrals
| Duplicated    0 dihedrals

     BOX TYPE: RECTILINEAR

--------------------------------------------------------------------------------
   2.  CONTROL  DATA  FOR  THE  RUN
--------------------------------------------------------------------------------

LIG                                                                             

General flags:
     imin    =       0, nmropt  =       1

Nature and format of input:
     ntx     =       1, irest   =       0, ntrx    =       1

Nature and format of output:
     ntxo    =       1, ntpr    =     100, ntrx    =       1, ntwr    =    1000
     iwrap   =       1, ntwx    =     200, ntwv    =       0, ntwe    =     200
     ioutfm  =       1, ntwprt  =       0, idecomp =       0, rbornstat=      0

Potential function:
     ntf     =       2, ntb     =       1, igb     =       0, nsnb    =      25
     ipol    =       0, gbsa    =       0, iesp    =       0
     dielc   =   1.00000, cut     =   8.00000, intdiel =   1.00000

Frozen or restrained atoms:
     ibelly  =       0, ntr     =       1
     restraint_wt =  10.00000

Molecular dynamics:
     nstlim  =      1000, nscm    =         0, nrespa  =         1
     t       =   0.00000, dt      =   0.00200, vlimit  =  20.00000

Berendsen (weak-coupling) temperature regulation:
     temp0   = 300.00000, tempi   =   5.00000, tautp   =   1.00000

SHAKE:
     ntc     =       2, jfastw  =       0
     tol     =   0.00001

NMR refinement options:
     iscale  =       0, noeskp  =       1, ipnlty  =       1, mxsub   =       1
     scalm   = 100.00000, pencut  =   0.10000, tausw   =   0.10000

Ewald parameters:
     verbose =       0, ew_type =       0, nbflag  =       1, use_pme =       1
     vdwmeth =       1, eedmeth =       1, netfrc  =       1
     Box X =   40.882   Box Y =   36.369   Box Z =   38.420
     Alpha =   90.000   Beta  =   90.000   Gamma =   90.000
     NFFT1 =   40       NFFT2 =   36       NFFT3 =   40
     Cutoff=    8.000   Tol   =0.100E-04
     Ewald Coefficient =  0.34864
     Interpolation order =    4

    LOADING THE CONSTRAINED ATOMS AS GROUPS


   5.  REFERENCE ATOM COORDINATES

  LIG 
     Mask !:CYC; matches    28 atoms

--------------------------------------------------------------------------------
   3.  ATOMIC COORDINATES AND VELOCITIES
--------------------------------------------------------------------------------

LIG                                                                             
 begin time read from input coords =     0.000 ps



           Begin reading energy term weight changes/NMR restraints
 WEIGHT CHANGES:
 TEMP0         0   1000    5.000000  300.000000      0      0

 RESTRAINTS:
                          ** No restraint defined **

                  Done reading weight changes/NMR restraints


 Number of triangulated 3-point waters found:        0

     Sum of charges from parm topology file =   0.00000000
     Forcing neutrality...

--------------------------------------------------------------------------------
   4.  RESULTS
--------------------------------------------------------------------------------

|  # of SOLUTE  degrees of freedom (RNDFP):    6284.
|  # of SOLVENT degrees of freedom (RNDFS):       0.
|  NDFMIN =    6284.     NUM_NOSHAKE =      0     CORRECTED RNDFP =    6284.
|  TOTAL # of degrees of freedom (RNDF) =    6284.
 ---------------------------------------------------
 APPROXIMATING switch and d/dx switch using CUBIC SPLINE INTERPOLATION
 using   5000.0 points per unit in tabled values
 TESTING RELATIVE ERROR over r ranging from 0.0 to cutoff
| CHECK switch(x): max rel err =   0.2738E-14   at   2.422500
| CHECK d/dx switch(x): max rel err =   0.8332E-11   at   2.782960
 ---------------------------------------------------
| Local SIZE OF NONBOND LIST =     262166
| TOTAL SIZE OF NONBOND LIST =     262166

 NSTEP =        0   TIME(PS) =       0.000  TEMP(K) =     6.48  PRESS =     0.0
 Etot   =       528.6300  EKtot   =        40.4307  EPtot      =       488.1993
 BOND   =        20.2097  ANGLE   =        16.6844  DIHED      =       423.2868
 1-4 NB =       350.9874  1-4 EEL =      -120.0304  VDWAALS    =      -408.5561
 EELEC  =       205.5315  EHBOND  =         0.0000  RESTRAINT  =         0.0860
 EAMBER (non-restraint)  =       488.1133
 Ewald error estimate:   0.2923E-03
 ------------------------------------------------------------------------------

 NMR restraints: Bond =    0.000   Angle =     0.000   Torsion =     0.000
===============================================================================

 NSTEP =      100   TIME(PS) =       0.200  TEMP(K) =     3.98  PRESS =     0.0
 Etot   =       531.7698  EKtot   =        24.8785  EPtot      =       506.8912
 BOND   =        21.4506  ANGLE   =        31.8040  DIHED      =       424.1582
 1-4 NB =       353.0518  1-4 EEL =      -119.9621  VDWAALS    =      -409.4154
 EELEC  =       205.6481  EHBOND  =         0.0000  RESTRAINT  =         0.1560
 EAMBER (non-restraint)  =       506.7352
 Ewald error estimate:   0.1977E-04
 ------------------------------------------------------------------------------

 NMR restraints: Bond =    0.000   Angle =     0.000   Torsion =     0.000
===============================================================================

 NSTEP =      200   TIME(PS) =       0.400  TEMP(K) =    10.17  PRESS =     0.0
 Etot   =       573.1861  EKtot   =        63.4824  EPtot      =       509.7036
 BOND   =        25.8725  ANGLE   =        37.1873  DIHED      =       425.5451
 1-4 NB =       351.1138  1-4 EEL =      -119.8722  VDWAALS    =      -415.8195
 EELEC  =       205.5068  EHBOND  =         0.0000  RESTRAINT  =         0.1698
 EAMBER (non-restraint)  =       509.5339
 Ewald error estimate:   0.8175E-03
 ------------------------------------------------------------------------------

 NMR restraints: Bond =    0.000   Angle =     0.000   Torsion =     0.000
===============================================================================

 NSTEP =      300   TIME(PS) =       0.600  TEMP(K) =    21.66  PRESS =     0.0
 Etot   =       651.8353  EKtot   =       135.2681  EPtot      =       516.5672
 BOND   =        25.5640  ANGLE   =        52.6906  DIHED      =       426.7815
 1-4 NB =       356.4405  1-4 EEL =      -120.0668  VDWAALS    =      -430.9653
 EELEC  =       205.7308  EHBOND  =         0.0000  RESTRAINT  =         0.3918
 EAMBER (non-restraint)  =       516.1754
 Ewald error estimate:   0.7146E-03
 ------------------------------------------------------------------------------

 NMR restraints: Bond =    0.000   Angle =     0.000   Torsion =     0.000
===============================================================================

 NSTEP =      400   TIME(PS) =       0.800  TEMP(K) =    43.36  PRESS =     0.0
 Etot   =       747.6359  EKtot   =       270.7152  EPtot      =       476.9207
 BOND   =        26.8637  ANGLE   =        45.6754  DIHED      =       426.8428
 1-4 NB =       353.8431  1-4 EEL =      -120.0504  VDWAALS    =      -462.1099
 EELEC  =       205.6074  EHBOND  =         0.0000  RESTRAINT  =         0.2486
 EAMBER (non-restraint)  =       476.6721
 Ewald error estimate:   0.3170E-03
 ------------------------------------------------------------------------------

 NMR restraints: Bond =    0.000   Angle =     0.000   Torsion =     0.000
===============================================================================

 NSTEP =      500   TIME(PS) =       1.000  TEMP(K) =    59.40  PRESS =     0.0
 Etot   =       856.8811  EKtot   =       370.8565  EPtot      =       486.0246
 BOND   =        30.7390  ANGLE   =        68.6596  DIHED      =       430.2025
 1-4 NB =       358.4332  1-4 EEL =      -120.1889  VDWAALS    =      -487.8110
 EELEC  =       205.6256  EHBOND  =         0.0000  RESTRAINT  =         0.3646
 EAMBER (non-restraint)  =       485.6600
 Ewald error estimate:   0.5778E-04
 ------------------------------------------------------------------------------

 NMR restraints: Bond =    0.000   Angle =     0.000   Torsion =     0.000
===============================================================================

 NSTEP =      600   TIME(PS) =       1.200  TEMP(K) =    79.85  PRESS =     0.0
 Etot   =       977.7344  EKtot   =       498.5479  EPtot      =       479.1866
 BOND   =        33.1128  ANGLE   =        76.5790  DIHED      =       436.4462
 1-4 NB =       357.7911  1-4 EEL =      -119.6707  VDWAALS    =      -510.6670
 EELEC  =       205.2703  EHBOND  =         0.0000  RESTRAINT  =         0.3247
 EAMBER (non-restraint)  =       478.8619
 Ewald error estimate:   0.1056E-03
 ------------------------------------------------------------------------------

 NMR restraints: Bond =    0.000   Angle =     0.000   Torsion =     0.000
===============================================================================

 NSTEP =      700   TIME(PS) =       1.400  TEMP(K) =    95.02  PRESS =     0.0
 Etot   =      1112.5008  EKtot   =       593.2563  EPtot      =       519.2445
 BOND   =        39.2556  ANGLE   =       115.2404  DIHED      =       444.1420
 1-4 NB =       359.0730  1-4 EEL =      -119.4144  VDWAALS    =      -525.0085
 EELEC  =       205.2804  EHBOND  =         0.0000  RESTRAINT  =         0.6759
 EAMBER (non-restraint)  =       518.5686
 Ewald error estimate:   0.1545E-03
 ------------------------------------------------------------------------------

 NMR restraints: Bond =    0.000   Angle =     0.000   Torsion =     0.000
===============================================================================

 NSTEP =      800   TIME(PS) =       1.600  TEMP(K) =   115.10  PRESS =     0.0
 Etot   =      1257.0101  EKtot   =       718.6867  EPtot      =       538.3234
 BOND   =        39.9868  ANGLE   =       120.6135  DIHED      =       453.6605
 1-4 NB =       365.0062  1-4 EEL =      -119.8845  VDWAALS    =      -527.0074
 EELEC  =       205.6107  EHBOND  =         0.0000  RESTRAINT  =         0.3376
 EAMBER (non-restraint)  =       537.9858
 Ewald error estimate:   0.6166E-04
 ------------------------------------------------------------------------------

 NMR restraints: Bond =    0.000   Angle =     0.000   Torsion =     0.000
===============================================================================

 NSTEP =      900   TIME(PS) =       1.800  TEMP(K) =   138.00  PRESS =     0.0
 Etot   =      1414.7082  EKtot   =       861.6257  EPtot      =       553.0826
 BOND   =        39.3559  ANGLE   =       133.4175  DIHED      =       452.7050
 1-4 NB =       366.8548  1-4 EEL =      -120.0154  VDWAALS    =      -525.7856
 EELEC  =       205.4352  EHBOND  =         0.0000  RESTRAINT  =         1.1153
 EAMBER (non-restraint)  =       551.9673
 Ewald error estimate:   0.1391E-03
 ------------------------------------------------------------------------------

 NMR restraints: Bond =    0.000   Angle =     0.000   Torsion =     0.000
===============================================================================

 NSTEP =     1000   TIME(PS) =       2.000  TEMP(K) =   157.30  PRESS =     0.0
 Etot   =      1584.6929  EKtot   =       982.1700  EPtot      =       602.5230
 BOND   =        45.9619  ANGLE   =       157.5868  DIHED      =       462.1523
 1-4 NB =       370.6019  1-4 EEL =      -119.9433  VDWAALS    =      -519.7489
 EELEC  =       205.5326  EHBOND  =         0.0000  RESTRAINT  =         0.3796
 EAMBER (non-restraint)  =       602.1434
 Ewald error estimate:   0.1027E-03
 ------------------------------------------------------------------------------

 NMR restraints: Bond =    0.000   Angle =     0.000   Torsion =     0.000
===============================================================================

      A V E R A G E S   O V E R    1000 S T E P S


 NSTEP =     1000   TIME(PS) =       2.000  TEMP(K) =    64.55  PRESS =     0.0
 Etot   =       916.8864  EKtot   =       403.0534  EPtot      =       513.8330
 BOND   =        31.6490  ANGLE   =        79.5479  DIHED      =       436.4717
 1-4 NB =       357.7792  1-4 EEL =      -119.8049  VDWAALS    =      -477.7219
 EELEC  =       205.4832  EHBOND  =         0.0000  RESTRAINT  =         0.4289
 EAMBER (non-restraint)  =       513.4041
 Ewald error estimate:   0.2773E-03
 ------------------------------------------------------------------------------

 NMR restraints: Bond =    0.000   Angle =     0.000   Torsion =     0.000
===============================================================================

      R M S  F L U C T U A T I O N S


 NSTEP =     1000   TIME(PS) =       2.000  TEMP(K) =    49.58  PRESS =     0.0
 Etot   =       325.1414  EKtot   =       309.5720  EPtot      =        25.5997
 BOND   =         7.0216  ANGLE   =        38.7185  DIHED      =        12.4748
 1-4 NB =         4.6694  1-4 EEL =         0.3173  VDWAALS    =        48.8550
 EELEC  =         0.2018  EHBOND  =         0.0000  RESTRAINT  =         0.2853
 EAMBER (non-restraint)  =        25.3143
 Ewald error estimate:   0.2518E-03
 ------------------------------------------------------------------------------


 NMR restraints on final step:


--------------------------------------------------------------------------------
   5.  TIMINGS
--------------------------------------------------------------------------------

|    Read coords time           0.00 ( 0.02% of Total)
|                Build the list             0.27 (91.21% of List )
|                Other                      0.03 ( 8.79% of List )
|             List time                  0.30 ( 2.74% of Nonbo)
|                   Short_ene time             6.22 (98.54% of Direc)
|                   Other                      0.09 ( 1.46% of Direc)
|                Direct Ewald time          6.31 (59.14% of Ewald)
|                Adjust Ewald time          0.52 ( 4.84% of Ewald)
|                Self Ewald time            0.00 ( 0.01% of Ewald)
|                   Fill Bspline coeffs        0.11 ( 3.08% of Recip)
|                   Fill charge grid           0.31 ( 8.67% of Recip)
|                   Scalar sum                 0.83 (23.28% of Recip)
|                   Grad sum                   0.62 (17.55% of Recip)
|                   FFT time                   1.68 (47.37% of Recip)
|                   Other                      0.00 ( 0.05% of Recip)
|                Recip Ewald time           3.55 (33.25% of Ewald)
|                Force Adjust               0.00 ( 0.02% of Ewald)
|                Virial junk                0.01 ( 0.14% of Ewald)
|                Start synchronizatio       0.00 ( 0.01% of Ewald)
|                Other                      0.28 ( 2.60% of Ewald)
|             Ewald time                10.67 (97.23% of Nonbo)
|             IPS excludes               0.00 ( 0.01% of Nonbo)
|             Other                      0.00 ( 0.03% of Nonbo)
|          Nonbond force             10.98 (82.83% of Force)
|          Bond/Angle/Dihedral        2.27 (17.11% of Force)
|          Other                      0.01 ( 0.06% of Force)
|       Force time                13.25 (98.64% of Runmd)
|       Shake time                 0.09 ( 0.65% of Runmd)
|       Verlet update time         0.08 ( 0.63% of Runmd)
|       Other                      0.01 ( 0.09% of Runmd)
|    Runmd Time                13.43 (99.69% of Total)
|    Other                      0.04 ( 0.29% of Total)
| Total time                13.48 (100.0% of ALL  )

| Number of list builds   :         29

| Highest rstack allocated:     204762
| Highest istack allocated:       2692

| Final Performance Info:
| -----------------------------------------------------
| Average timings for all steps:
|     Elapsed(s) =      13.43 Per Step(ms) =      13.43
|         ns/day =      12.86   seconds/ns =    6717.05
| -----------------------------------------------------

|           Job began  at 11:19:03.804  on 03/22/2017
|           Setup done at 11:19:03.847  on 03/22/2017
|           Run   done at 11:19:17.281  on 03/22/2017
|     wallclock() was called   44119 times
