
          -------------------------------------------------------
          Amber 16 SANDER                              2016
          -------------------------------------------------------

| Run on 03/22/2017 at 11:22:19

|   Executable path: sander
| Working directory: /home/steboss/Simulation/logP_standrews/b_diphenyl/cyclohexane/equilibration
|          Hostname: Unknown
  [-O]verwriting output

File Assignments:
|  MDIN: md00003.in                                                            
| MDOUT: md00003.out                                                           
|INPCRD: md00002.rst7                                                          
|  PARM: solvated.parm7                                                        
|RESTRT: md00003.rst7                                                          
|  REFC: solvated.rst7                                                         
| MDVEL: mdvel                                                                 
| MDFRC: mdfrc                                                                 
|  MDEN: md00003.en                                                            
| MDCRD: md00003.nc                                                            
|MDINFO: md00003.info                                                          
|  MTMD: mtmd                                                                  
|INPDIP: inpdip                                                                
|RSTDIP: rstdip                                                                
|INPTRA: inptraj                                                               


 Here is the input file:

constant temperature                                                           
&cntrl                                                                         
ntxo=1,                                                                        
imin = 0, nstlim = 4000, irest = 1, ntx = 5, dt = 0.002,                       
ntt = 1, temp0 = 300.0, tautp = 1.0,                                           
ntb = 1,                                                                       
ntc = 2, ntf = 2,                                                              
ioutfm = 1, iwrap = 1,                                                         
ntwe = 800, ntwx = 800, ntpr = 400,                                            
ntr = 1, restraint_wt = 10.00,                                                 
restraintmask="!:CYC",                                                         
/                                                                              
                                                                               

--------------------------------------------------------------------------------
   1.  RESOURCE   USE: 
--------------------------------------------------------------------------------

| Flags:                                                                        
 getting new box info from bottom of inpcrd
|  INFO: Old style inpcrd file read

| peek_ewald_inpcrd: Box info found
|Largest sphere to fit in unit cell has radius =    18.184
| New format PARM file being parsed.
| Version =    1.000 Date = 03/22/17 Time = 11:21:53
 NATOM  =    4270 NTYPES =       4 NBONH =    2842 MBONA  =    1429
 NTHETH =    7100 MTHETA =    1432 NPHIH =   11370 MPHIA  =    4268
 NHPARM =       0 NPARM  =       0 NNB   =   25124 NRES   =     237
 NBONA  =    1429 NTHETA =    1432 NPHIA =    4268 NUMBND =       6
 NUMANG =       9 NPTRA  =       8 NATYP =       5 NPHB   =       0
 IFBOX  =       1 NMXRS  =      22 IFCAP =       0 NEXTRA =       0
 NCOPY  =       0


|     Memory Use     Allocated
|     Real              386430
|     Hollerith          13049
|     Integer           906310
|     Max Pairs        1423333
|     nblistReal         51240
|     nblist Int        366808
|       Total            14003 kbytes

| Note: 1-4 EEL scale factors are being read from the topology file.

| Note: 1-4 VDW scale factors are being read from the topology file.
| Duplicated    0 dihedrals
| Duplicated    0 dihedrals

     BOX TYPE: RECTILINEAR

--------------------------------------------------------------------------------
   2.  CONTROL  DATA  FOR  THE  RUN
--------------------------------------------------------------------------------

LIG                                                                             

General flags:
     imin    =       0, nmropt  =       0

Nature and format of input:
     ntx     =       5, irest   =       1, ntrx    =       1

Nature and format of output:
     ntxo    =       1, ntpr    =     400, ntrx    =       1, ntwr    =    4000
     iwrap   =       1, ntwx    =     800, ntwv    =       0, ntwe    =     800
     ioutfm  =       1, ntwprt  =       0, idecomp =       0, rbornstat=      0

Potential function:
     ntf     =       2, ntb     =       1, igb     =       0, nsnb    =      25
     ipol    =       0, gbsa    =       0, iesp    =       0
     dielc   =   1.00000, cut     =   8.00000, intdiel =   1.00000

Frozen or restrained atoms:
     ibelly  =       0, ntr     =       1
     restraint_wt =  10.00000

Molecular dynamics:
     nstlim  =      4000, nscm    =         0, nrespa  =         1
     t       =   0.00000, dt      =   0.00200, vlimit  =  20.00000

Berendsen (weak-coupling) temperature regulation:
     temp0   = 300.00000, tempi   =   0.00000, tautp   =   1.00000

SHAKE:
     ntc     =       2, jfastw  =       0
     tol     =   0.00001

Ewald parameters:
     verbose =       0, ew_type =       0, nbflag  =       1, use_pme =       1
     vdwmeth =       1, eedmeth =       1, netfrc  =       1
     Box X =   54.510   Box Y =   36.369   Box Z =   46.105
     Alpha =   90.000   Beta  =   90.000   Gamma =   90.000
     NFFT1 =   54       NFFT2 =   36       NFFT3 =   48
     Cutoff=    8.000   Tol   =0.100E-04
     Ewald Coefficient =  0.34864
     Interpolation order =    4

    LOADING THE CONSTRAINED ATOMS AS GROUPS


   5.  REFERENCE ATOM COORDINATES

  LIG 
     Mask !:CYC; matches    22 atoms

--------------------------------------------------------------------------------
   3.  ATOMIC COORDINATES AND VELOCITIES
--------------------------------------------------------------------------------

LIG                                                                             
 begin time read from input coords =     2.000 ps

 Number of triangulated 3-point waters found:        0

     Sum of charges from parm topology file =   0.00000000
     Forcing neutrality...

--------------------------------------------------------------------------------
   4.  RESULTS
--------------------------------------------------------------------------------

|  # of SOLUTE  degrees of freedom (RNDFP):    9968.
|  # of SOLVENT degrees of freedom (RNDFS):       0.
|  NDFMIN =    9968.     NUM_NOSHAKE =      0     CORRECTED RNDFP =    9968.
|  TOTAL # of degrees of freedom (RNDF) =    9968.
 ---------------------------------------------------
 APPROXIMATING switch and d/dx switch using CUBIC SPLINE INTERPOLATION
 using   5000.0 points per unit in tabled values
 TESTING RELATIVE ERROR over r ranging from 0.0 to cutoff
| CHECK switch(x): max rel err =   0.2738E-14   at   2.422500
| CHECK d/dx switch(x): max rel err =   0.8332E-11   at   2.782960
 ---------------------------------------------------
| Local SIZE OF NONBOND LIST =     409601
| TOTAL SIZE OF NONBOND LIST =     409601

 NSTEP =      400   TIME(PS) =       2.800  TEMP(K) =   207.54  PRESS =     0.0
 Etot   =      3394.0663  EKtot   =      2055.5027  EPtot      =      1338.5637
 BOND   =       104.6116  ANGLE   =       441.5455  DIHED      =       823.4675
 1-4 NB =       618.6163  1-4 EEL =      -186.1561  VDWAALS    =      -788.2825
 EELEC  =       324.0110  EHBOND  =         0.0000  RESTRAINT  =         0.7504
 EAMBER (non-restraint)  =      1337.8132
 Ewald error estimate:   0.9258E-04
 ------------------------------------------------------------------------------


 NSTEP =      800   TIME(PS) =       3.600  TEMP(K) =   240.27  PRESS =     0.0
 Etot   =      3960.0219  EKtot   =      2379.7189  EPtot      =      1580.3030
 BOND   =       136.7094  ANGLE   =       574.0210  DIHED      =       861.4022
 1-4 NB =       648.5875  1-4 EEL =      -186.5172  VDWAALS    =      -779.2415
 EELEC  =       324.0321  EHBOND  =         0.0000  RESTRAINT  =         1.3095
 EAMBER (non-restraint)  =      1578.9935
 Ewald error estimate:   0.2443E-04
 ------------------------------------------------------------------------------


 NSTEP =     1200   TIME(PS) =       4.400  TEMP(K) =   263.81  PRESS =     0.0
 Etot   =      4335.1886  EKtot   =      2612.8510  EPtot      =      1722.3376
 BOND   =       182.8265  ANGLE   =       688.2725  DIHED      =       888.6366
 1-4 NB =       624.0749  1-4 EEL =      -182.8670  VDWAALS    =      -805.8480
 EELEC  =       322.0451  EHBOND  =         0.0000  RESTRAINT  =         5.1970
 EAMBER (non-restraint)  =      1717.1406
 Ewald error estimate:   0.1831E-03
 ------------------------------------------------------------------------------


 NSTEP =     1600   TIME(PS) =       5.200  TEMP(K) =   273.56  PRESS =     0.0
 Etot   =      4601.1684  EKtot   =      2709.3484  EPtot      =      1891.8199
 BOND   =       204.5168  ANGLE   =       808.3116  DIHED      =       886.9380
 1-4 NB =       650.8210  1-4 EEL =      -184.5369  VDWAALS    =      -801.3641
 EELEC  =       323.2306  EHBOND  =         0.0000  RESTRAINT  =         3.9030
 EAMBER (non-restraint)  =      1887.9169
 Ewald error estimate:   0.1037E-03
 ------------------------------------------------------------------------------


 NSTEP =     2000   TIME(PS) =       6.000  TEMP(K) =   273.71  PRESS =     0.0
 Etot   =      4810.9908  EKtot   =      2710.9026  EPtot      =      2100.0883
 BOND   =       235.1212  ANGLE   =       927.6597  DIHED      =       929.6257
 1-4 NB =       648.9238  1-4 EEL =      -181.0461  VDWAALS    =      -789.0556
 EELEC  =       321.3888  EHBOND  =         0.0000  RESTRAINT  =         7.4708
 EAMBER (non-restraint)  =      2092.6175
 Ewald error estimate:   0.6547E-04
 ------------------------------------------------------------------------------


 NSTEP =     2400   TIME(PS) =       6.800  TEMP(K) =   282.22  PRESS =     0.0
 Etot   =      4972.4546  EKtot   =      2795.1542  EPtot      =      2177.3004
 BOND   =       266.2726  ANGLE   =      1002.2606  DIHED      =       900.3685
 1-4 NB =       654.0544  1-4 EEL =      -183.9816  VDWAALS    =      -787.9573
 EELEC  =       322.7816  EHBOND  =         0.0000  RESTRAINT  =         3.5017
 EAMBER (non-restraint)  =      2173.7987
 Ewald error estimate:   0.4115E-04
 ------------------------------------------------------------------------------


 NSTEP =     2800   TIME(PS) =       7.600  TEMP(K) =   282.64  PRESS =     0.0
 Etot   =      5111.5067  EKtot   =      2799.3144  EPtot      =      2312.1923
 BOND   =       273.3177  ANGLE   =      1107.6197  DIHED      =       921.0928
 1-4 NB =       662.6573  1-4 EEL =      -183.0117  VDWAALS    =      -797.8952
 EELEC  =       322.5265  EHBOND  =         0.0000  RESTRAINT  =         5.8853
 EAMBER (non-restraint)  =      2306.3071
 Ewald error estimate:   0.1734E-03
 ------------------------------------------------------------------------------


 NSTEP =     3200   TIME(PS) =       8.400  TEMP(K) =   286.22  PRESS =     0.0
 Etot   =      5234.0541  EKtot   =      2834.7257  EPtot      =      2399.3285
 BOND   =       271.1376  ANGLE   =      1169.8759  DIHED      =       921.3453
 1-4 NB =       684.1978  1-4 EEL =      -184.3233  VDWAALS    =      -792.5576
 EELEC  =       322.8567  EHBOND  =         0.0000  RESTRAINT  =         6.7961
 EAMBER (non-restraint)  =      2392.5323
 Ewald error estimate:   0.1749E-03
 ------------------------------------------------------------------------------


 NSTEP =     3600   TIME(PS) =       9.200  TEMP(K) =   289.75  PRESS =     0.0
 Etot   =      5321.3222  EKtot   =      2869.7062  EPtot      =      2451.6160
 BOND   =       303.9934  ANGLE   =      1238.5855  DIHED      =       900.5355
 1-4 NB =       677.5484  1-4 EEL =      -184.6880  VDWAALS    =      -813.7034
 EELEC  =       323.2027  EHBOND  =         0.0000  RESTRAINT  =         6.1420
 EAMBER (non-restraint)  =      2445.4741
 Ewald error estimate:   0.1147E-03
 ------------------------------------------------------------------------------


 NSTEP =     4000   TIME(PS) =      10.000  TEMP(K) =   287.25  PRESS =     0.0
 Etot   =      5411.8611  EKtot   =      2845.0024  EPtot      =      2566.8587
 BOND   =       345.4127  ANGLE   =      1306.0771  DIHED      =       924.9623
 1-4 NB =       655.4015  1-4 EEL =      -182.5430  VDWAALS    =      -810.9419
 EELEC  =       322.2676  EHBOND  =         0.0000  RESTRAINT  =         6.2223
 EAMBER (non-restraint)  =      2560.6363
 Ewald error estimate:   0.1235E-03
 ------------------------------------------------------------------------------


      A V E R A G E S   O V E R    4000 S T E P S


 NSTEP =     4000   TIME(PS) =      10.000  TEMP(K) =   263.07  PRESS =     0.0
 Etot   =      4578.6296  EKtot   =      2605.4404  EPtot      =      1973.1892
 BOND   =       220.0160  ANGLE   =       874.3970  DIHED      =       890.0889
 1-4 NB =       644.6021  1-4 EEL =      -183.3803  VDWAALS    =      -799.0633
 EELEC  =       322.5337  EHBOND  =         0.0000  RESTRAINT  =         3.9952
 EAMBER (non-restraint)  =      1969.1940
 Ewald error estimate:   0.9412E-04
 ------------------------------------------------------------------------------


      R M S  F L U C T U A T I O N S


 NSTEP =     4000   TIME(PS) =      10.000  TEMP(K) =    31.37  PRESS =     0.0
 Etot   =       736.2425  EKtot   =       310.6517  EPtot      =       435.8995
 BOND   =        72.8573  ANGLE   =       296.9643  DIHED      =        43.7743
 1-4 NB =        23.6981  1-4 EEL =         1.8737  VDWAALS    =        17.0963
 EELEC  =         1.0008  EHBOND  =         0.0000  RESTRAINT  =         2.4105
 EAMBER (non-restraint)  =       433.4890
 Ewald error estimate:   0.6507E-04
 ------------------------------------------------------------------------------


--------------------------------------------------------------------------------
   5.  TIMINGS
--------------------------------------------------------------------------------

|    Read coords time           0.01 ( 0.01% of Total)
|                Build the list             4.37 (97.80% of List )
|                Other                      0.10 ( 2.20% of List )
|             List time                  4.47 ( 5.91% of Nonbo)
|                   Short_ene time            41.33 (98.29% of Direc)
|                   Other                      0.72 ( 1.71% of Direc)
|                Direct Ewald time         42.05 (59.16% of Ewald)
|                Adjust Ewald time          3.32 ( 4.67% of Ewald)
|                Self Ewald time            0.01 ( 0.01% of Ewald)
|                   Fill Bspline coeffs        0.68 ( 2.86% of Recip)
|                   Fill charge grid           2.01 ( 8.43% of Recip)
|                   Scalar sum                 5.28 (22.12% of Recip)
|                   Grad sum                   4.03 (16.86% of Recip)
|                   FFT time                  11.87 (49.70% of Recip)
|                   Other                      0.01 ( 0.02% of Recip)
|                Recip Ewald time          23.88 (33.59% of Ewald)
|                Force Adjust               0.02 ( 0.02% of Ewald)
|                Virial junk                0.08 ( 0.12% of Ewald)
|                Other                      1.73 ( 2.43% of Ewald)
|             Ewald time                71.08 (94.06% of Nonbo)
|             Other                      0.02 ( 0.02% of Nonbo)
|          Nonbond force             75.57 (83.78% of Force)
|          Bond/Angle/Dihedral       14.60 (16.18% of Force)
|          Other                      0.03 ( 0.03% of Force)
|       Force time                90.20 (98.72% of Runmd)
|       Shake time                 0.64 ( 0.70% of Runmd)
|       Verlet update time         0.46 ( 0.50% of Runmd)
|       Other                      0.08 ( 0.09% of Runmd)
|    Runmd Time                91.37 (100.0% of Total)
|    Other                      0.06 ( 0.07% of Total)
| Total time                91.44 (100.0% of ALL  )

| Number of list builds   :        287

| Highest rstack allocated:     323704
| Highest istack allocated:       4270

| Final Performance Info:
| -----------------------------------------------------
| Average timings for all steps:
|     Elapsed(s) =      91.37 Per Step(ms) =      22.84
|         ns/day =       7.56   seconds/ns =   11421.80
| -----------------------------------------------------

|           Job began  at 11:22:19.376  on 03/22/2017
|           Setup done at 11:22:19.446  on 03/22/2017
|           Run   done at 11:23:50.820  on 03/22/2017
|     wallclock() was called  176597 times
