
          -------------------------------------------------------
          Amber 16 SANDER                              2016
          -------------------------------------------------------

| Run on 03/28/2017 at 11:27:36

|   Executable path: sander
| Working directory: /home/steboss/Simulation/logP_standrews/inputfiles/chair/a_phenyl-cyclohexane/equatorial/cyclohexane/equilibration
|          Hostname: Unknown
  [-O]verwriting output

File Assignments:
|  MDIN: md00002.in                                                            
| MDOUT: md00002.out                                                           
|INPCRD: min00001.rst7                                                         
|  PARM: solvated.parm7                                                        
|RESTRT: md00002.rst7                                                          
|  REFC: solvated.rst7                                                         
| MDVEL: mdvel                                                                 
| MDFRC: mdfrc                                                                 
|  MDEN: md00002.en                                                            
| MDCRD: md00002.nc                                                            
|MDINFO: md00002.info                                                          
|  MTMD: mtmd                                                                  
|INPDIP: inpdip                                                                
|RSTDIP: rstdip                                                                
|INPTRA: inptraj                                                               


 Here is the input file:

heat the system                                                                
&cntrl                                                                         
ntxo=1,                                                                        
imin = 0, nstlim = 1000, irest = 0, ntx = 1, dt = 0.002,                       
nmropt = 1,                                                                    
ntt = 1, temp0 = 300.0, tempi = 5.0, tautp = 1.0,                              
ntb = 1, pres0 = 1.0,                                                          
ntc = 2, ntf = 2,                                                              
ioutfm = 1, iwrap = 1,                                                         
ntwe = 200, ntwx = 200, ntpr = 100,                                            
ntr = 1, restraint_wt = 10.00,                                                 
restraintmask="!:CYC",                                                         
/                                                                              
                                                                               
&wt                                                                            
type = 'TEMP0',                                                                
istep1 = 0, istep2 = 1000,                                                     
value1 = 5.0, value2 = 300.0                                                   
/                                                                              
                                                                               
&wt type = 'END'                                                               
 /                                                                             
                                                                               

--------------------------------------------------------------------------------
   1.  RESOURCE   USE: 
--------------------------------------------------------------------------------

| Flags:                                                                        
 getting new box info from bottom of inpcrd
|  INFO: Old style inpcrd file read

| peek_ewald_inpcrd: Box info found
|Largest sphere to fit in unit cell has radius =    19.210
| New format PARM file being parsed.
| Version =    1.000 Date = 03/28/17 Time = 11:27:33
 NATOM  =    3772 NTYPES =       4 NBONH =    2512 MBONA  =    1261
 NTHETH =    6278 MTHETA =    1264 NPHIH =   10053 MPHIA  =    3777
 NHPARM =       0 NPARM  =       0 NNB   =   22212 NRES   =     209
 NBONA  =    1261 NTHETA =    1264 NPHIA =    3777 NUMBND =       5
 NUMANG =       8 NPTRA  =       9 NATYP =       4 NPHB   =       0
 IFBOX  =       1 NMXRS  =      28 IFCAP =       0 NEXTRA =       0
 NCOPY  =       0


|     Memory Use     Allocated
|     Real              351522
|     Hollerith          11527
|     Integer           803767
|     Max Pairs        1257333
|     nblistReal         45264
|     nblist Int        339782
|       Total            12523 kbytes

| Note: 1-4 EEL scale factors are being read from the topology file.

| Note: 1-4 VDW scale factors are being read from the topology file.
| Duplicated    0 dihedrals
| Duplicated    0 dihedrals

     BOX TYPE: RECTILINEAR

--------------------------------------------------------------------------------
   2.  CONTROL  DATA  FOR  THE  RUN
--------------------------------------------------------------------------------

LIG                                                                             

General flags:
     imin    =       0, nmropt  =       1

Nature and format of input:
     ntx     =       1, irest   =       0, ntrx    =       1

Nature and format of output:
     ntxo    =       1, ntpr    =     100, ntrx    =       1, ntwr    =    1000
     iwrap   =       1, ntwx    =     200, ntwv    =       0, ntwe    =     200
     ioutfm  =       1, ntwprt  =       0, idecomp =       0, rbornstat=      0

Potential function:
     ntf     =       2, ntb     =       1, igb     =       0, nsnb    =      25
     ipol    =       0, gbsa    =       0, iesp    =       0
     dielc   =   1.00000, cut     =   8.00000, intdiel =   1.00000

Frozen or restrained atoms:
     ibelly  =       0, ntr     =       1
     restraint_wt =  10.00000

Molecular dynamics:
     nstlim  =      1000, nscm    =         0, nrespa  =         1
     t       =   0.00000, dt      =   0.00200, vlimit  =  20.00000

Berendsen (weak-coupling) temperature regulation:
     temp0   = 300.00000, tempi   =   5.00000, tautp   =   1.00000

SHAKE:
     ntc     =       2, jfastw  =       0
     tol     =   0.00001

NMR refinement options:
     iscale  =       0, noeskp  =       1, ipnlty  =       1, mxsub   =       1
     scalm   = 100.00000, pencut  =   0.10000, tausw   =   0.10000

Ewald parameters:
     verbose =       0, ew_type =       0, nbflag  =       1, use_pme =       1
     vdwmeth =       1, eedmeth =       1, netfrc  =       1
     Box X =   47.696   Box Y =   43.643   Box Z =   38.420
     Alpha =   90.000   Beta  =   90.000   Gamma =   90.000
     NFFT1 =   48       NFFT2 =   45       NFFT3 =   40
     Cutoff=    8.000   Tol   =0.100E-04
     Ewald Coefficient =  0.34864
     Interpolation order =    4

    LOADING THE CONSTRAINED ATOMS AS GROUPS


   5.  REFERENCE ATOM COORDINATES

  LIG 
     Mask !:CYC; matches    28 atoms

--------------------------------------------------------------------------------
   3.  ATOMIC COORDINATES AND VELOCITIES
--------------------------------------------------------------------------------

LIG                                                                             
 begin time read from input coords =     0.000 ps



           Begin reading energy term weight changes/NMR restraints
 WEIGHT CHANGES:
 TEMP0         0   1000    5.000000  300.000000      0      0

 RESTRAINTS:
                          ** No restraint defined **

                  Done reading weight changes/NMR restraints


 Number of triangulated 3-point waters found:        0

     Sum of charges from parm topology file =   0.00000000
     Forcing neutrality...

--------------------------------------------------------------------------------
   4.  RESULTS
--------------------------------------------------------------------------------

|  # of SOLUTE  degrees of freedom (RNDFP):    8804.
|  # of SOLVENT degrees of freedom (RNDFS):       0.
|  NDFMIN =    8804.     NUM_NOSHAKE =      0     CORRECTED RNDFP =    8804.
|  TOTAL # of degrees of freedom (RNDF) =    8804.
 ---------------------------------------------------
 APPROXIMATING switch and d/dx switch using CUBIC SPLINE INTERPOLATION
 using   5000.0 points per unit in tabled values
 TESTING RELATIVE ERROR over r ranging from 0.0 to cutoff
| CHECK switch(x): max rel err =   0.2738E-14   at   2.422500
| CHECK d/dx switch(x): max rel err =   0.8332E-11   at   2.782960
 ---------------------------------------------------
| Local SIZE OF NONBOND LIST =     367851
| TOTAL SIZE OF NONBOND LIST =     367851

 NSTEP =        0   TIME(PS) =       0.000  TEMP(K) =     6.47  PRESS =     0.0
 Etot   =       740.0953  EKtot   =        56.6128  EPtot      =       683.4825
 BOND   =        28.3511  ANGLE   =        21.8832  DIHED      =       591.7682
 1-4 NB =       491.1466  1-4 EEL =      -168.7778  VDWAALS    =      -570.0428
 EELEC  =       289.1101  EHBOND  =         0.0000  RESTRAINT  =         0.0439
 EAMBER (non-restraint)  =       683.4386
 Ewald error estimate:   0.3121E-03
 ------------------------------------------------------------------------------

 NMR restraints: Bond =    0.000   Angle =     0.000   Torsion =     0.000
===============================================================================

 NSTEP =      100   TIME(PS) =       0.200  TEMP(K) =     4.04  PRESS =     0.0
 Etot   =       744.5695  EKtot   =        35.3517  EPtot      =       709.2178
 BOND   =        30.4544  ANGLE   =        41.9022  DIHED      =       593.5410
 1-4 NB =       493.8089  1-4 EEL =      -168.6538  VDWAALS    =      -571.1505
 EELEC  =       289.2264  EHBOND  =         0.0000  RESTRAINT  =         0.0892
 EAMBER (non-restraint)  =       709.1286
 Ewald error estimate:   0.1366E-04
 ------------------------------------------------------------------------------

 NMR restraints: Bond =    0.000   Angle =     0.000   Torsion =     0.000
===============================================================================

 NSTEP =      200   TIME(PS) =       0.400  TEMP(K) =    10.12  PRESS =     0.0
 Etot   =       802.7051  EKtot   =        88.5140  EPtot      =       714.1911
 BOND   =        36.4894  ANGLE   =        50.0034  DIHED      =       594.8978
 1-4 NB =       491.3849  1-4 EEL =      -168.5769  VDWAALS    =      -579.2551
 EELEC  =       289.1080  EHBOND  =         0.0000  RESTRAINT  =         0.1396
 EAMBER (non-restraint)  =       714.0516
 Ewald error estimate:   0.6115E-03
 ------------------------------------------------------------------------------

 NMR restraints: Bond =    0.000   Angle =     0.000   Torsion =     0.000
===============================================================================

 NSTEP =      300   TIME(PS) =       0.600  TEMP(K) =    21.43  PRESS =     0.0
 Etot   =       912.9748  EKtot   =       187.4681  EPtot      =       725.5067
 BOND   =        35.5542  ANGLE   =        72.2069  DIHED      =       596.9478
 1-4 NB =       498.5482  1-4 EEL =      -168.8263  VDWAALS    =      -598.4621
 EELEC  =       289.4235  EHBOND  =         0.0000  RESTRAINT  =         0.1143
 EAMBER (non-restraint)  =       725.3924
 Ewald error estimate:   0.7840E-03
 ------------------------------------------------------------------------------

 NMR restraints: Bond =    0.000   Angle =     0.000   Torsion =     0.000
===============================================================================

 NSTEP =      400   TIME(PS) =       0.800  TEMP(K) =    42.48  PRESS =     0.0
 Etot   =      1048.6887  EKtot   =       371.5929  EPtot      =       677.0958
 BOND   =        37.0907  ANGLE   =        62.1631  DIHED      =       597.2450
 1-4 NB =       494.9490  1-4 EEL =      -168.6699  VDWAALS    =      -635.1408
 EELEC  =       289.2178  EHBOND  =         0.0000  RESTRAINT  =         0.2408
 EAMBER (non-restraint)  =       676.8550
 Ewald error estimate:   0.2543E-03
 ------------------------------------------------------------------------------

 NMR restraints: Bond =    0.000   Angle =     0.000   Torsion =     0.000
===============================================================================

 NSTEP =      500   TIME(PS) =       1.000  TEMP(K) =    59.58  PRESS =     0.0
 Etot   =      1202.2157  EKtot   =       521.1915  EPtot      =       681.0243
 BOND   =        43.3576  ANGLE   =        95.3053  DIHED      =       600.2502
 1-4 NB =       499.1570  1-4 EEL =      -168.6642  VDWAALS    =      -677.7965
 EELEC  =       289.2211  EHBOND  =         0.0000  RESTRAINT  =         0.1939
 EAMBER (non-restraint)  =       680.8303
 Ewald error estimate:   0.1959E-03
 ------------------------------------------------------------------------------

 NMR restraints: Bond =    0.000   Angle =     0.000   Torsion =     0.000
===============================================================================

 NSTEP =      600   TIME(PS) =       1.200  TEMP(K) =    81.27  PRESS =     0.0
 Etot   =      1371.4772  EKtot   =       710.8754  EPtot      =       660.6018
 BOND   =        48.9497  ANGLE   =       102.2151  DIHED      =       608.1440
 1-4 NB =       498.6443  1-4 EEL =      -168.2279  VDWAALS    =      -717.9696
 EELEC  =       288.6363  EHBOND  =         0.0000  RESTRAINT  =         0.2100
 EAMBER (non-restraint)  =       660.3918
 Ewald error estimate:   0.1611E-03
 ------------------------------------------------------------------------------

 NMR restraints: Bond =    0.000   Angle =     0.000   Torsion =     0.000
===============================================================================

 NSTEP =      700   TIME(PS) =       1.400  TEMP(K) =    95.82  PRESS =     0.0
 Etot   =      1559.5185  EKtot   =       838.2143  EPtot      =       721.3042
 BOND   =        54.9391  ANGLE   =       156.2485  DIHED      =       617.6601
 1-4 NB =       500.2708  1-4 EEL =      -167.8177  VDWAALS    =      -729.7302
 EELEC  =       288.4868  EHBOND  =         0.0000  RESTRAINT  =         1.2469
 EAMBER (non-restraint)  =       720.0573
 Ewald error estimate:   0.3270E-04
 ------------------------------------------------------------------------------

 NMR restraints: Bond =    0.000   Angle =     0.000   Torsion =     0.000
===============================================================================

 NSTEP =      800   TIME(PS) =       1.600  TEMP(K) =   116.87  PRESS =     0.0
 Etot   =      1762.7988  EKtot   =      1022.3405  EPtot      =       740.4583
 BOND   =        57.3307  ANGLE   =       157.8955  DIHED      =       629.1175
 1-4 NB =       509.2039  1-4 EEL =      -168.4572  VDWAALS    =      -734.1907
 EELEC  =       288.9464  EHBOND  =         0.0000  RESTRAINT  =         0.6122
 EAMBER (non-restraint)  =       739.8461
 Ewald error estimate:   0.1512E-03
 ------------------------------------------------------------------------------

 NMR restraints: Bond =    0.000   Angle =     0.000   Torsion =     0.000
===============================================================================

 NSTEP =      900   TIME(PS) =       1.800  TEMP(K) =   138.13  PRESS =     0.0
 Etot   =      1983.6927  EKtot   =      1208.3062  EPtot      =       775.3864
 BOND   =        58.8054  ANGLE   =       188.0598  DIHED      =       643.5803
 1-4 NB =       507.0349  1-4 EEL =      -167.3189  VDWAALS    =      -743.6113
 EELEC  =       288.2673  EHBOND  =         0.0000  RESTRAINT  =         0.5690
 EAMBER (non-restraint)  =       774.8175
 Ewald error estimate:   0.1637E-03
 ------------------------------------------------------------------------------

 NMR restraints: Bond =    0.000   Angle =     0.000   Torsion =     0.000
===============================================================================

 NSTEP =     1000   TIME(PS) =       2.000  TEMP(K) =   160.48  PRESS =     0.0
 Etot   =      2221.4894  EKtot   =      1403.7917  EPtot      =       817.6977
 BOND   =        66.1247  ANGLE   =       215.1903  DIHED      =       648.1226
 1-4 NB =       508.8730  1-4 EEL =      -167.0603  VDWAALS    =      -742.4675
 EELEC  =       288.1495  EHBOND  =         0.0000  RESTRAINT  =         0.7654
 EAMBER (non-restraint)  =       816.9324
 Ewald error estimate:   0.9319E-04
 ------------------------------------------------------------------------------

 NMR restraints: Bond =    0.000   Angle =     0.000   Torsion =     0.000
===============================================================================

      A V E R A G E S   O V E R    1000 S T E P S


 NSTEP =     1000   TIME(PS) =       2.000  TEMP(K) =    64.52  PRESS =     0.0
 Etot   =      1285.3395  EKtot   =       564.4254  EPtot      =       720.9141
 BOND   =        44.7778  ANGLE   =       108.9355  DIHED      =       609.8603
 1-4 NB =       499.9755  1-4 EEL =      -168.4003  VDWAALS    =      -663.5191
 EELEC  =       288.9675  EHBOND  =         0.0000  RESTRAINT  =         0.3170
 EAMBER (non-restraint)  =       720.5971
 Ewald error estimate:   0.2575E-03
 ------------------------------------------------------------------------------

 NMR restraints: Bond =    0.000   Angle =     0.000   Torsion =     0.000
===============================================================================

      R M S  F L U C T U A T I O N S


 NSTEP =     1000   TIME(PS) =       2.000  TEMP(K) =    49.66  PRESS =     0.0
 Etot   =       456.0908  EKtot   =       434.4413  EPtot      =        36.8162
 BOND   =        10.2160  ANGLE   =        54.1087  DIHED      =        17.7131
 1-4 NB =         6.2394  1-4 EEL =         0.4319  VDWAALS    =        67.6926
 EELEC  =         0.3289  EHBOND  =         0.0000  RESTRAINT  =         0.2604
 EAMBER (non-restraint)  =        36.5558
 Ewald error estimate:   0.2221E-03
 ------------------------------------------------------------------------------


 NMR restraints on final step:


--------------------------------------------------------------------------------
   5.  TIMINGS
--------------------------------------------------------------------------------

|    Read coords time           0.00 ( 0.02% of Total)
|                Build the list             0.37 (92.49% of List )
|                Other                      0.03 ( 7.51% of List )
|             List time                  0.40 ( 2.60% of Nonbo)
|                   Short_ene time             8.47 (98.54% of Direc)
|                   Other                      0.13 ( 1.46% of Direc)
|                Direct Ewald time          8.60 (57.60% of Ewald)
|                Adjust Ewald time          0.71 ( 4.73% of Ewald)
|                Self Ewald time            0.00 ( 0.01% of Ewald)
|                   Fill Bspline coeffs        0.15 ( 2.80% of Recip)
|                   Fill charge grid           0.42 ( 8.07% of Recip)
|                   Scalar sum                 1.21 (23.14% of Recip)
|                   Grad sum                   0.86 (16.48% of Recip)
|                   FFT time                   2.58 (49.48% of Recip)
|                   Other                      0.00 ( 0.03% of Recip)
|                Recip Ewald time           5.22 (34.97% of Ewald)
|                Force Adjust               0.00 ( 0.02% of Ewald)
|                Virial junk                0.02 ( 0.12% of Ewald)
|                Other                      0.38 ( 2.54% of Ewald)
|             Ewald time                14.93 (97.37% of Nonbo)
|             Other                      0.00 ( 0.02% of Nonbo)
|          Nonbond force             15.33 (83.10% of Force)
|          Bond/Angle/Dihedral        3.11 (16.86% of Force)
|          Other                      0.01 ( 0.04% of Force)
|       Force time                18.45 (98.58% of Runmd)
|       Shake time                 0.12 ( 0.64% of Runmd)
|       Verlet update time         0.13 ( 0.70% of Runmd)
|       Other                      0.02 ( 0.08% of Runmd)
|    Runmd Time                18.71 (99.70% of Total)
|    Other                      0.05 ( 0.28% of Total)
| Total time                18.77 (100.0% of ALL  )

| Number of list builds   :         29

| Highest rstack allocated:     293714
| Highest istack allocated:       3772

| Final Performance Info:
| -----------------------------------------------------
| Average timings for all steps:
|     Elapsed(s) =      18.71 Per Step(ms) =      18.71
|         ns/day =       9.23   seconds/ns =    9357.24
| -----------------------------------------------------

|           Job began  at 11:27:36.227  on 03/28/2017
|           Setup done at 11:27:36.284  on 03/28/2017
|           Run   done at 11:27:54.998  on 03/28/2017
|     wallclock() was called   44119 times
