
          -------------------------------------------------------
          Amber 16 SANDER                              2016
          -------------------------------------------------------

| Run on 03/22/2017 at 11:39:23

|   Executable path: sander
| Working directory: /home/steboss/Simulation/logP_standrews/c_23difluoro/water/equilibration
|          Hostname: Unknown
  [-O]verwriting output

File Assignments:
|  MDIN: md00004.in                                                            
| MDOUT: md00004.out                                                           
|INPCRD: md00003.rst7                                                          
|  PARM: solvated.parm7                                                        
|RESTRT: md00004.rst7                                                          
|  REFC: solvated.rst7                                                         
| MDVEL: mdvel                                                                 
| MDFRC: mdfrc                                                                 
|  MDEN: md00004.en                                                            
| MDCRD: md00004.nc                                                            
|MDINFO: md00004.info                                                          
|  MTMD: mtmd                                                                  
|INPDIP: inpdip                                                                
|RSTDIP: rstdip                                                                
|INPTRA: inptraj                                                               


 Here is the input file:

md with sander                                                                 
&cntrl                                                                         
ntxo=1,                                                                        
imin = 0, nstlim = 15000, irest = 1, ntx = 5, dt = 0.002,                      
ntt = 1, temp0 = 298.0, tautp = 1.0,                                           
ntp = 1, pres0 = 1.0, taup = 0.5,                                              
ntb = 2,                                                                       
ntc = 2, ntf = 2,                                                              
ioutfm = 1, iwrap = 1,                                                         
ntwe = 3000, ntwx = 3000, ntpr = 1500,                                         
ntr = 1, restraint_wt = 10.00,                                                 
restraintmask="!:WAT,HOH,T3P,T4P",                                             
/                                                                              
                                                                               

--------------------------------------------------------------------------------
   1.  RESOURCE   USE: 
--------------------------------------------------------------------------------

| Flags:                                                                        
 getting new box info from bottom of inpcrd
|  INFO: Old style inpcrd file read

| peek_ewald_inpcrd: Box info found
|Largest sphere to fit in unit cell has radius =    17.718
| New format PARM file being parsed.
| Version =    1.000 Date = 03/22/17 Time = 11:37:46
 NATOM  =    3280 NTYPES =       8 NBONH =    3266 MBONA  =      15
 NTHETH =      34 MTHETA =      20 NPHIH =      68 MPHIA  =      40
 NHPARM =       0 NPARM  =       0 NNB   =    4499 NRES   =    1085
 NBONA  =      15 NTHETA =      20 NPHIA =      40 NUMBND =       9
 NUMANG =      11 NPTRA  =      12 NATYP =       8 NPHB   =       1
 IFBOX  =       1 NMXRS  =      28 IFCAP =       0 NEXTRA =       0
 NCOPY  =       0


|     Memory Use     Allocated
|     Real              316988
|     Hollerith          10927
|     Integer            99802
|     Max Pairs        1093333
|     nblistReal         39360
|     nblist Int        185651
|       Total             8212 kbytes

| Note: 1-4 EEL scale factors are being read from the topology file.

| Note: 1-4 VDW scale factors are being read from the topology file.
| Duplicated    0 dihedrals
| Duplicated    0 dihedrals

     BOX TYPE: RECTILINEAR

--------------------------------------------------------------------------------
   2.  CONTROL  DATA  FOR  THE  RUN
--------------------------------------------------------------------------------

LIG                                                                             

General flags:
     imin    =       0, nmropt  =       0

Nature and format of input:
     ntx     =       5, irest   =       1, ntrx    =       1

Nature and format of output:
     ntxo    =       1, ntpr    =    1500, ntrx    =       1, ntwr    =   15000
     iwrap   =       1, ntwx    =    3000, ntwv    =       0, ntwe    =    3000
     ioutfm  =       1, ntwprt  =       0, idecomp =       0, rbornstat=      0

Potential function:
     ntf     =       2, ntb     =       2, igb     =       0, nsnb    =      25
     ipol    =       0, gbsa    =       0, iesp    =       0
     dielc   =   1.00000, cut     =   8.00000, intdiel =   1.00000

Frozen or restrained atoms:
     ibelly  =       0, ntr     =       1
     restraint_wt =  10.00000

Molecular dynamics:
     nstlim  =     15000, nscm    =         0, nrespa  =         1
     t       =   0.00000, dt      =   0.00200, vlimit  =  20.00000

Berendsen (weak-coupling) temperature regulation:
     temp0   = 298.00000, tempi   =   0.00000, tautp   =   1.00000

Pressure regulation:
     ntp     =       1
     pres0   =   1.00000, comp    =  44.60000, taup    =   0.50000

SHAKE:
     ntc     =       2, jfastw  =       0
     tol     =   0.00001

Ewald parameters:
     verbose =       0, ew_type =       0, nbflag  =       1, use_pme =       1
     vdwmeth =       1, eedmeth =       1, netfrc  =       1
     Box X =   35.436   Box Y =   36.762   Box Z =   37.195
     Alpha =   90.000   Beta  =   90.000   Gamma =   90.000
     NFFT1 =   36       NFFT2 =   36       NFFT3 =   40
     Cutoff=    8.000   Tol   =0.100E-04
     Ewald Coefficient =  0.34864
     Interpolation order =    4

    LOADING THE CONSTRAINED ATOMS AS GROUPS


   5.  REFERENCE ATOM COORDINATES

  LIG 
     Mask !:WAT,HOH,T3P,T4P; matches    28 atoms

--------------------------------------------------------------------------------
   3.  ATOMIC COORDINATES AND VELOCITIES
--------------------------------------------------------------------------------

LIG                                                                             
 begin time read from input coords =    10.000 ps

 Number of triangulated 3-point waters found:     1084

     Sum of charges from parm topology file =  -0.00200000
     Forcing neutrality...

--------------------------------------------------------------------------------
   4.  RESULTS
--------------------------------------------------------------------------------

|  # of SOLUTE  degrees of freedom (RNDFP):    6574.
|  # of SOLVENT degrees of freedom (RNDFS):       0.
|  NDFMIN =    6574.     NUM_NOSHAKE =      0     CORRECTED RNDFP =    6574.
|  TOTAL # of degrees of freedom (RNDF) =    6574.
 ---------------------------------------------------
 APPROXIMATING switch and d/dx switch using CUBIC SPLINE INTERPOLATION
 using   5000.0 points per unit in tabled values
 TESTING RELATIVE ERROR over r ranging from 0.0 to cutoff
| CHECK switch(x): max rel err =   0.2738E-14   at   2.422500
| CHECK d/dx switch(x): max rel err =   0.8332E-11   at   2.782960
 ---------------------------------------------------
| Local SIZE OF NONBOND LIST =     545059
| TOTAL SIZE OF NONBOND LIST =     545059

 NSTEP =     1500   TIME(PS) =      13.000  TEMP(K) =   292.24  PRESS =  -492.0
 Etot   =     -8102.3548  EKtot   =      1908.8522  EPtot      =    -10011.2069
 BOND   =         4.8857  ANGLE   =        10.2470  DIHED      =         6.3641
 1-4 NB =         7.5538  1-4 EEL =         4.0793  VDWAALS    =      1531.5413
 EELEC  =    -11579.2691  EHBOND  =         0.0000  RESTRAINT  =         3.3910
 EAMBER (non-restraint)  =    -10014.5979
 EKCMT  =       955.3385  VIRIAL  =      1419.3148  VOLUME     =     43676.4280
                                                    Density    =         0.7500
 Ewald error estimate:   0.2729E-04
 ------------------------------------------------------------------------------


 NSTEP =     3000   TIME(PS) =      16.000  TEMP(K) =   304.39  PRESS =  -387.0
 Etot   =     -8169.5323  EKtot   =      1988.2705  EPtot      =    -10157.8028
 BOND   =         8.3053  ANGLE   =         4.8232  DIHED      =         7.7890
 1-4 NB =         6.1587  1-4 EEL =         3.9682  VDWAALS    =      1537.3521
 EELEC  =    -11730.6346  EHBOND  =         0.0000  RESTRAINT  =         4.4353
 EAMBER (non-restraint)  =    -10162.2381
 EKCMT  =       966.1270  VIRIAL  =      1290.8859  VOLUME     =     38868.2902
                                                    Density    =         0.8427
 Ewald error estimate:   0.3507E-04
 ------------------------------------------------------------------------------


 NSTEP =     4500   TIME(PS) =      19.000  TEMP(K) =   305.12  PRESS =  -618.6
 Etot   =     -8271.9489  EKtot   =      1992.9912  EPtot      =    -10264.9400
 BOND   =         2.7403  ANGLE   =         7.1198  DIHED      =         6.9413
 1-4 NB =         8.6960  1-4 EEL =         4.1969  VDWAALS    =      1482.7125
 EELEC  =    -11781.2619  EHBOND  =         0.0000  RESTRAINT  =         3.9151
 EAMBER (non-restraint)  =    -10268.8551
 EKCMT  =       994.7731  VIRIAL  =      1458.4425  VOLUME     =     34715.2112
                                                    Density    =         0.9436
 Ewald error estimate:   0.2122E-03
 ------------------------------------------------------------------------------


 NSTEP =     6000   TIME(PS) =      22.000  TEMP(K) =   298.83  PRESS =   -79.2
 Etot   =     -8372.1324  EKtot   =      1951.8965  EPtot      =    -10324.0289
 BOND   =         5.1572  ANGLE   =         6.9292  DIHED      =         7.8292
 1-4 NB =         7.5777  1-4 EEL =         3.8201  VDWAALS    =      1514.4211
 EELEC  =    -11874.2261  EHBOND  =         0.0000  RESTRAINT  =         4.4627
 EAMBER (non-restraint)  =    -10328.4916
 EKCMT  =       973.0971  VIRIAL  =      1029.7191  VOLUME     =     33104.0678
                                                    Density    =         0.9895
 Ewald error estimate:   0.3532E-03
 ------------------------------------------------------------------------------


 NSTEP =     7500   TIME(PS) =      25.000  TEMP(K) =   300.26  PRESS =   -85.4
 Etot   =     -8388.9899  EKtot   =      1961.2633  EPtot      =    -10350.2532
 BOND   =         3.1600  ANGLE   =         8.9636  DIHED      =         8.5651
 1-4 NB =         7.8875  1-4 EEL =         3.8117  VDWAALS    =      1541.3927
 EELEC  =    -11930.4915  EHBOND  =         0.0000  RESTRAINT  =         6.4577
 EAMBER (non-restraint)  =    -10356.7109
 EKCMT  =       983.4396  VIRIAL  =      1044.8461  VOLUME     =     33318.3564
                                                    Density    =         0.9831
 Ewald error estimate:   0.7514E-04
 ------------------------------------------------------------------------------


 NSTEP =     9000   TIME(PS) =      28.000  TEMP(K) =   299.55  PRESS =   232.5
 Etot   =     -8399.7065  EKtot   =      1956.6473  EPtot      =    -10356.3538
 BOND   =         2.2614  ANGLE   =         6.5941  DIHED      =         7.0829
 1-4 NB =         8.1341  1-4 EEL =         3.8587  VDWAALS    =      1580.7647
 EELEC  =    -11969.4845  EHBOND  =         0.0000  RESTRAINT  =         4.4348
 EAMBER (non-restraint)  =    -10360.7886
 EKCMT  =       947.0036  VIRIAL  =       780.2396  VOLUME     =     33216.8835
                                                    Density    =         0.9861
 Ewald error estimate:   0.7809E-04
 ------------------------------------------------------------------------------


 NSTEP =    10500   TIME(PS) =      31.000  TEMP(K) =   301.77  PRESS =   204.6
 Etot   =     -8402.8557  EKtot   =      1971.1426  EPtot      =    -10373.9983
 BOND   =         4.0463  ANGLE   =         6.5197  DIHED      =         8.3536
 1-4 NB =         8.0073  1-4 EEL =         3.7821  VDWAALS    =      1578.4592
 EELEC  =    -11986.2935  EHBOND  =         0.0000  RESTRAINT  =         3.1271
 EAMBER (non-restraint)  =    -10377.1254
 EKCMT  =       998.8638  VIRIAL  =       851.6246  VOLUME     =     33330.0876
                                                    Density    =         0.9828
 Ewald error estimate:   0.1253E-04
 ------------------------------------------------------------------------------


 NSTEP =    12000   TIME(PS) =      34.000  TEMP(K) =   301.58  PRESS =  -408.1
 Etot   =     -8389.9434  EKtot   =      1969.8985  EPtot      =    -10359.8419
 BOND   =         1.4013  ANGLE   =        10.2708  DIHED      =         7.8735
 1-4 NB =         8.4064  1-4 EEL =         3.6443  VDWAALS    =      1492.0622
 EELEC  =    -11888.0014  EHBOND  =         0.0000  RESTRAINT  =         4.5011
 EAMBER (non-restraint)  =    -10364.3430
 EKCMT  =       972.3500  VIRIAL  =      1266.2292  VOLUME     =     33353.4391
                                                    Density    =         0.9821
 Ewald error estimate:   0.3600E-03
 ------------------------------------------------------------------------------


 NSTEP =    13500   TIME(PS) =      37.000  TEMP(K) =   300.10  PRESS =    55.3
 Etot   =     -8396.6988  EKtot   =      1960.2121  EPtot      =    -10356.9109
 BOND   =         4.5654  ANGLE   =        10.9227  DIHED      =         7.4836
 1-4 NB =         8.0091  1-4 EEL =         3.9959  VDWAALS    =      1580.2393
 EELEC  =    -11978.3988  EHBOND  =         0.0000  RESTRAINT  =         6.2718
 EAMBER (non-restraint)  =    -10363.1827
 EKCMT  =       974.1782  VIRIAL  =       934.2512  VOLUME     =     33416.3366
                                                    Density    =         0.9802
 Ewald error estimate:   0.2786E-03
 ------------------------------------------------------------------------------


 NSTEP =    15000   TIME(PS) =      40.000  TEMP(K) =   301.91  PRESS =   236.5
 Etot   =     -8411.2785  EKtot   =      1972.0328  EPtot      =    -10383.3113
 BOND   =         3.9487  ANGLE   =         7.9750  DIHED      =         9.3102
 1-4 NB =         7.8794  1-4 EEL =         4.0663  VDWAALS    =      1592.7001
 EELEC  =    -12014.3999  EHBOND  =         0.0000  RESTRAINT  =         5.2089
 EAMBER (non-restraint)  =    -10388.5202
 EKCMT  =       994.8579  VIRIAL  =       825.2407  VOLUME     =     33213.5227
                                                    Density    =         0.9862
 Ewald error estimate:   0.1478E-04
 ------------------------------------------------------------------------------


      A V E R A G E S   O V E R   15000 S T E P S


 NSTEP =    15000   TIME(PS) =      40.000  TEMP(K) =   297.70  PRESS =  -140.1
 Etot   =     -8312.4316  EKtot   =      1944.5465  EPtot      =    -10256.9780
 BOND   =         3.7043  ANGLE   =         7.3750  DIHED      =         8.1346
 1-4 NB =         7.7071  1-4 EEL =         3.8748  VDWAALS    =      1534.1978
 EELEC  =    -11826.5291  EHBOND  =         0.0000  RESTRAINT  =         4.5573
 EAMBER (non-restraint)  =    -10261.5354
 EKCMT  =       969.0769  VIRIAL  =      1091.2559  VOLUME     =     35712.5814
                                                    Density    =         0.9281
 Ewald error estimate:   0.1539E-03
 ------------------------------------------------------------------------------


      R M S  F L U C T U A T I O N S


 NSTEP =    15000   TIME(PS) =      40.000  TEMP(K) =     4.52  PRESS =   310.2
 Etot   =       115.9982  EKtot   =        29.5139  EPtot      =       126.2807
 BOND   =         1.2222  ANGLE   =         1.3747  DIHED      =         0.8646
 1-4 NB =         0.6676  1-4 EEL =         0.1870  VDWAALS    =        41.2647
 EELEC  =       142.5088  EHBOND  =         0.0000  RESTRAINT  =         1.1449
 EAMBER (non-restraint)  =       125.1358
 EKCMT  =        22.5116  VIRIAL  =       253.6909  VOLUME     =      4210.5210
                                                    Density    =         0.0924
 Ewald error estimate:   0.1157E-03
 ------------------------------------------------------------------------------


--------------------------------------------------------------------------------
   5.  TIMINGS
--------------------------------------------------------------------------------

|                Build the list            28.27 (98.97% of List )
|                Other                      0.30 ( 1.03% of List )
|             List time                 28.57 ( 8.72% of Nonbo)
|                   Short_ene time           238.83 (99.16% of Direc)
|                   Other                      2.03 ( 0.84% of Direc)
|                Direct Ewald time        240.86 (80.54% of Ewald)
|                Adjust Ewald time          1.86 ( 0.62% of Ewald)
|                Self Ewald time            0.02 ( 0.01% of Ewald)
|                   Fill Bspline coeffs        2.14 ( 3.83% of Recip)
|                   Fill charge grid           5.78 (10.34% of Recip)
|                   Scalar sum                11.29 (20.20% of Recip)
|                   Grad sum                  11.60 (20.75% of Recip)
|                   FFT time                  25.05 (44.84% of Recip)
|                   Other                      0.02 ( 0.04% of Recip)
|                Recip Ewald time          55.88 (18.68% of Ewald)
|                Force Adjust               0.04 ( 0.01% of Ewald)
|                Virial junk                0.27 ( 0.09% of Ewald)
|                Other                      0.12 ( 0.04% of Ewald)
|             Ewald time               299.06 (91.26% of Nonbo)
|             Other                      0.04 ( 0.01% of Nonbo)
|          Nonbond force            327.68 (99.79% of Force)
|          Bond/Angle/Dihedral        0.59 ( 0.18% of Force)
|          Other                      0.10 ( 0.03% of Force)
|       Force time               328.36 (98.39% of Runmd)
|       Shake time                 2.31 ( 0.69% of Runmd)
|       Verlet update time         2.30 ( 0.69% of Runmd)
|       Ekcmr time                 0.38 ( 0.11% of Runmd)
|       Other                      0.39 ( 0.12% of Runmd)
|    Runmd Time               333.73 (100.0% of Total)
|    Other                      0.03 ( 0.01% of Total)
| Total time               333.77 (100.0% of ALL  )

| Number of list builds   :       1413

| Highest rstack allocated:     208638
| Highest istack allocated:       3280

| Final Performance Info:
| -----------------------------------------------------
| Average timings for all steps:
|     Elapsed(s) =     333.73 Per Step(ms) =      22.25
|         ns/day =       7.77   seconds/ns =   11124.46
| -----------------------------------------------------

|           Job began  at 11:39:23.359  on 03/22/2017
|           Setup done at 11:39:23.399  on 03/22/2017
|           Run   done at 11:44:57.133  on 03/22/2017
|     wallclock() was called  692849 times
