
          -------------------------------------------------------
          Amber 16 SANDER                              2016
          -------------------------------------------------------

| Run on 03/22/2017 at 11:37:48

|   Executable path: sander
| Working directory: /home/steboss/Simulation/logP_standrews/c_23difluoro/water/equilibration
|          Hostname: Unknown
  [-O]verwriting output

File Assignments:
|  MDIN: md00002.in                                                            
| MDOUT: md00002.out                                                           
|INPCRD: min00001.rst7                                                         
|  PARM: solvated.parm7                                                        
|RESTRT: md00002.rst7                                                          
|  REFC: solvated.rst7                                                         
| MDVEL: mdvel                                                                 
| MDFRC: mdfrc                                                                 
|  MDEN: md00002.en                                                            
| MDCRD: md00002.nc                                                            
|MDINFO: md00002.info                                                          
|  MTMD: mtmd                                                                  
|INPDIP: inpdip                                                                
|RSTDIP: rstdip                                                                
|INPTRA: inptraj                                                               


 Here is the input file:

heat the system                                                                
&cntrl                                                                         
ntxo=1,                                                                        
imin = 0, nstlim = 1000, irest = 0, ntx = 1, dt = 0.002,                       
nmropt = 1,                                                                    
ntt = 1, temp0 = 300.0, tempi = 5.0, tautp = 1.0,                              
ntb = 1, pres0 = 1.0,                                                          
ntc = 2, ntf = 2,                                                              
ioutfm = 1, iwrap = 1,                                                         
ntwe = 200, ntwx = 200, ntpr = 100,                                            
ntr = 1, restraint_wt = 10.00,                                                 
restraintmask="!:WAT,HOH,T3P,T4P",                                             
/                                                                              
                                                                               
&wt                                                                            
type = 'TEMP0',                                                                
istep1 = 0, istep2 = 1000,                                                     
value1 = 5.0, value2 = 300.0                                                   
/                                                                              
                                                                               
&wt type = 'END'                                                               
 /                                                                             
                                                                               

--------------------------------------------------------------------------------
   1.  RESOURCE   USE: 
--------------------------------------------------------------------------------

| Flags:                                                                        
 getting new box info from bottom of inpcrd
|  INFO: Old style inpcrd file read

| peek_ewald_inpcrd: Box info found
|Largest sphere to fit in unit cell has radius =    17.718
| New format PARM file being parsed.
| Version =    1.000 Date = 03/22/17 Time = 11:37:46
 NATOM  =    3280 NTYPES =       8 NBONH =    3266 MBONA  =      15
 NTHETH =      34 MTHETA =      20 NPHIH =      68 MPHIA  =      40
 NHPARM =       0 NPARM  =       0 NNB   =    4499 NRES   =    1085
 NBONA  =      15 NTHETA =      20 NPHIA =      40 NUMBND =       9
 NUMANG =      11 NPTRA  =      12 NATYP =       8 NPHB   =       1
 IFBOX  =       1 NMXRS  =      28 IFCAP =       0 NEXTRA =       0
 NCOPY  =       0


|     Memory Use     Allocated
|     Real              317017
|     Hollerith          10927
|     Integer            99847
|     Max Pairs        1093333
|     nblistReal         39360
|     nblist Int        185651
|       Total             8212 kbytes

| Note: 1-4 EEL scale factors are being read from the topology file.

| Note: 1-4 VDW scale factors are being read from the topology file.
| Duplicated    0 dihedrals
| Duplicated    0 dihedrals

     BOX TYPE: RECTILINEAR

--------------------------------------------------------------------------------
   2.  CONTROL  DATA  FOR  THE  RUN
--------------------------------------------------------------------------------

LIG                                                                             

General flags:
     imin    =       0, nmropt  =       1

Nature and format of input:
     ntx     =       1, irest   =       0, ntrx    =       1

Nature and format of output:
     ntxo    =       1, ntpr    =     100, ntrx    =       1, ntwr    =    1000
     iwrap   =       1, ntwx    =     200, ntwv    =       0, ntwe    =     200
     ioutfm  =       1, ntwprt  =       0, idecomp =       0, rbornstat=      0

Potential function:
     ntf     =       2, ntb     =       1, igb     =       0, nsnb    =      25
     ipol    =       0, gbsa    =       0, iesp    =       0
     dielc   =   1.00000, cut     =   8.00000, intdiel =   1.00000

Frozen or restrained atoms:
     ibelly  =       0, ntr     =       1
     restraint_wt =  10.00000

Molecular dynamics:
     nstlim  =      1000, nscm    =         0, nrespa  =         1
     t       =   0.00000, dt      =   0.00200, vlimit  =  20.00000

Berendsen (weak-coupling) temperature regulation:
     temp0   = 300.00000, tempi   =   5.00000, tautp   =   1.00000

SHAKE:
     ntc     =       2, jfastw  =       0
     tol     =   0.00001

NMR refinement options:
     iscale  =       0, noeskp  =       1, ipnlty  =       1, mxsub   =       1
     scalm   = 100.00000, pencut  =   0.10000, tausw   =   0.10000

Ewald parameters:
     verbose =       0, ew_type =       0, nbflag  =       1, use_pme =       1
     vdwmeth =       1, eedmeth =       1, netfrc  =       1
     Box X =   35.436   Box Y =   36.762   Box Z =   37.195
     Alpha =   90.000   Beta  =   90.000   Gamma =   90.000
     NFFT1 =   36       NFFT2 =   36       NFFT3 =   40
     Cutoff=    8.000   Tol   =0.100E-04
     Ewald Coefficient =  0.34864
     Interpolation order =    4

    LOADING THE CONSTRAINED ATOMS AS GROUPS


   5.  REFERENCE ATOM COORDINATES

  LIG 
     Mask !:WAT,HOH,T3P,T4P; matches    28 atoms

--------------------------------------------------------------------------------
   3.  ATOMIC COORDINATES AND VELOCITIES
--------------------------------------------------------------------------------

LIG                                                                             
 begin time read from input coords =     0.000 ps



           Begin reading energy term weight changes/NMR restraints
 WEIGHT CHANGES:
 TEMP0         0   1000    5.000000  300.000000      0      0

 RESTRAINTS:
                          ** No restraint defined **

                  Done reading weight changes/NMR restraints


 Number of triangulated 3-point waters found:     1084

     Sum of charges from parm topology file =  -0.00200000
     Forcing neutrality...

--------------------------------------------------------------------------------
   4.  RESULTS
--------------------------------------------------------------------------------

|  # of SOLUTE  degrees of freedom (RNDFP):    6574.
|  # of SOLVENT degrees of freedom (RNDFS):       0.
|  NDFMIN =    6574.     NUM_NOSHAKE =      0     CORRECTED RNDFP =    6574.
|  TOTAL # of degrees of freedom (RNDF) =    6574.
 ---------------------------------------------------
 APPROXIMATING switch and d/dx switch using CUBIC SPLINE INTERPOLATION
 using   5000.0 points per unit in tabled values
 TESTING RELATIVE ERROR over r ranging from 0.0 to cutoff
| CHECK switch(x): max rel err =   0.2738E-14   at   2.422500
| CHECK d/dx switch(x): max rel err =   0.8332E-11   at   2.782960
 ---------------------------------------------------
| Local SIZE OF NONBOND LIST =     495979
| TOTAL SIZE OF NONBOND LIST =     495979

 NSTEP =        0   TIME(PS) =       0.000  TEMP(K) =     7.57  PRESS =     0.0
 Etot   =    -12222.6121  EKtot   =        49.4409  EPtot      =    -12272.0530
 BOND   =         4.4336  ANGLE   =         8.2539  DIHED      =         6.4642
 1-4 NB =         5.9962  1-4 EEL =         3.8638  VDWAALS    =      1701.2338
 EELEC  =    -14005.1624  EHBOND  =         0.0000  RESTRAINT  =         2.8640
 EAMBER (non-restraint)  =    -12274.9170
 Ewald error estimate:   0.1336E-03
 ------------------------------------------------------------------------------

 NMR restraints: Bond =    0.000   Angle =     0.000   Torsion =     0.000
===============================================================================

 NSTEP =      100   TIME(PS) =       0.200  TEMP(K) =    92.92  PRESS =     0.0
 Etot   =    -10766.3849  EKtot   =       606.9670  EPtot      =    -11373.3519
 BOND   =         1.4364  ANGLE   =         4.6551  DIHED      =         6.7889
 1-4 NB =         7.1846  1-4 EEL =         3.9721  VDWAALS    =      2187.9065
 EELEC  =    -13587.0763  EHBOND  =         0.0000  RESTRAINT  =         1.7808
 EAMBER (non-restraint)  =    -11375.1327
 Ewald error estimate:   0.4366E-03
 ------------------------------------------------------------------------------

 NMR restraints: Bond =    0.000   Angle =     0.000   Torsion =     0.000
===============================================================================

 NSTEP =      200   TIME(PS) =       0.400  TEMP(K) =    99.87  PRESS =     0.0
 Etot   =    -10829.7868  EKtot   =       652.3352  EPtot      =    -11482.1220
 BOND   =         1.6721  ANGLE   =         2.4957  DIHED      =         6.6903
 1-4 NB =         7.2383  1-4 EEL =         3.9319  VDWAALS    =      2287.3218
 EELEC  =    -13792.4593  EHBOND  =         0.0000  RESTRAINT  =         0.9873
 EAMBER (non-restraint)  =    -11483.1092
 Ewald error estimate:   0.4942E-04
 ------------------------------------------------------------------------------

 NMR restraints: Bond =    0.000   Angle =     0.000   Torsion =     0.000
===============================================================================

 NSTEP =      300   TIME(PS) =       0.600  TEMP(K) =   105.05  PRESS =     0.0
 Etot   =    -10862.6758  EKtot   =       686.1952  EPtot      =    -11548.8710
 BOND   =         1.2838  ANGLE   =         3.2837  DIHED      =         6.4607
 1-4 NB =         6.9978  1-4 EEL =         4.0479  VDWAALS    =      2373.1208
 EELEC  =    -13945.7882  EHBOND  =         0.0000  RESTRAINT  =         1.7225
 EAMBER (non-restraint)  =    -11550.5935
 Ewald error estimate:   0.8873E-05
 ------------------------------------------------------------------------------

 NMR restraints: Bond =    0.000   Angle =     0.000   Torsion =     0.000
===============================================================================

 NSTEP =      400   TIME(PS) =       0.800  TEMP(K) =   106.43  PRESS =     0.0
 Etot   =    -10861.5075  EKtot   =       695.2113  EPtot      =    -11556.7189
 BOND   =         1.3704  ANGLE   =         2.3286  DIHED      =         6.8191
 1-4 NB =         7.6040  1-4 EEL =         3.8022  VDWAALS    =      2349.5626
 EELEC  =    -13930.4765  EHBOND  =         0.0000  RESTRAINT  =         2.2706
 EAMBER (non-restraint)  =    -11558.9895
 Ewald error estimate:   0.3020E-04
 ------------------------------------------------------------------------------

 NMR restraints: Bond =    0.000   Angle =     0.000   Torsion =     0.000
===============================================================================

 NSTEP =      500   TIME(PS) =       1.000  TEMP(K) =   114.76  PRESS =     0.0
 Etot   =    -10828.8400  EKtot   =       749.6144  EPtot      =    -11578.4545
 BOND   =         1.1380  ANGLE   =         3.3554  DIHED      =         6.7534
 1-4 NB =         7.8603  1-4 EEL =         3.9602  VDWAALS    =      2313.9084
 EELEC  =    -13916.9317  EHBOND  =         0.0000  RESTRAINT  =         1.5015
 EAMBER (non-restraint)  =    -11579.9559
 Ewald error estimate:   0.1188E-03
 ------------------------------------------------------------------------------

 NMR restraints: Bond =    0.000   Angle =     0.000   Torsion =     0.000
===============================================================================

 NSTEP =      600   TIME(PS) =       1.200  TEMP(K) =   120.41  PRESS =     0.0
 Etot   =    -10764.8454  EKtot   =       786.4765  EPtot      =    -11551.3219
 BOND   =         1.7704  ANGLE   =         3.3013  DIHED      =         6.7300
 1-4 NB =         8.1295  1-4 EEL =         3.8960  VDWAALS    =      2222.8345
 EELEC  =    -13799.7898  EHBOND  =         0.0000  RESTRAINT  =         1.8062
 EAMBER (non-restraint)  =    -11553.1281
 Ewald error estimate:   0.7832E-04
 ------------------------------------------------------------------------------

 NMR restraints: Bond =    0.000   Angle =     0.000   Torsion =     0.000
===============================================================================

 NSTEP =      700   TIME(PS) =       1.400  TEMP(K) =   131.44  PRESS =     0.0
 Etot   =    -10672.9299  EKtot   =       858.5499  EPtot      =    -11531.4798
 BOND   =         1.5453  ANGLE   =         4.7132  DIHED      =         6.3642
 1-4 NB =         7.6366  1-4 EEL =         3.7984  VDWAALS    =      2128.0400
 EELEC  =    -13684.8610  EHBOND  =         0.0000  RESTRAINT  =         1.2835
 EAMBER (non-restraint)  =    -11532.7633
 Ewald error estimate:   0.3592E-04
 ------------------------------------------------------------------------------

 NMR restraints: Bond =    0.000   Angle =     0.000   Torsion =     0.000
===============================================================================

 NSTEP =      800   TIME(PS) =       1.600  TEMP(K) =   135.97  PRESS =     0.0
 Etot   =    -10552.9894  EKtot   =       888.1243  EPtot      =    -11441.1137
 BOND   =         1.6299  ANGLE   =         2.6907  DIHED      =         6.8872
 1-4 NB =         8.1436  1-4 EEL =         3.9900  VDWAALS    =      2066.2553
 EELEC  =    -13531.4889  EHBOND  =         0.0000  RESTRAINT  =         0.7784
 EAMBER (non-restraint)  =    -11441.8921
 Ewald error estimate:   0.9418E-04
 ------------------------------------------------------------------------------

 NMR restraints: Bond =    0.000   Angle =     0.000   Torsion =     0.000
===============================================================================

 NSTEP =      900   TIME(PS) =       1.800  TEMP(K) =   149.52  PRESS =     0.0
 Etot   =    -10406.8959  EKtot   =       976.6398  EPtot      =    -11383.5358
 BOND   =         0.8498  ANGLE   =         3.4327  DIHED      =         7.4257
 1-4 NB =         7.1662  1-4 EEL =         3.8199  VDWAALS    =      2042.5996
 EELEC  =    -13450.5683  EHBOND  =         0.0000  RESTRAINT  =         1.7387
 EAMBER (non-restraint)  =    -11385.2744
 Ewald error estimate:   0.9940E-05
 ------------------------------------------------------------------------------

 NMR restraints: Bond =    0.000   Angle =     0.000   Torsion =     0.000
===============================================================================

 NSTEP =     1000   TIME(PS) =       2.000  TEMP(K) =   162.54  PRESS =     0.0
 Etot   =    -10240.4998  EKtot   =      1061.6728  EPtot      =    -11302.1726
 BOND   =         2.2289  ANGLE   =         4.1342  DIHED      =         6.8027
 1-4 NB =         6.9541  1-4 EEL =         3.9472  VDWAALS    =      2111.9044
 EELEC  =    -13440.1281  EHBOND  =         0.0000  RESTRAINT  =         1.9842
 EAMBER (non-restraint)  =    -11304.1567
 Ewald error estimate:   0.1417E-03
 ------------------------------------------------------------------------------

 NMR restraints: Bond =    0.000   Angle =     0.000   Torsion =     0.000
===============================================================================

      A V E R A G E S   O V E R    1000 S T E P S


 NSTEP =     1000   TIME(PS) =       2.000  TEMP(K) =   115.54  PRESS =     0.0
 Etot   =    -10704.1038  EKtot   =       754.6799  EPtot      =    -11458.7837
 BOND   =         1.8519  ANGLE   =         3.3964  DIHED      =         6.7207
 1-4 NB =         7.4373  1-4 EEL =         3.8805  VDWAALS    =      2184.9745
 EELEC  =    -13668.6373  EHBOND  =         0.0000  RESTRAINT  =         1.5922
 EAMBER (non-restraint)  =    -11460.3760
 Ewald error estimate:   0.1311E-03
 ------------------------------------------------------------------------------

 NMR restraints: Bond =    0.000   Angle =     0.000   Torsion =     0.000
===============================================================================

      R M S  F L U C T U A T I O N S


 NSTEP =     1000   TIME(PS) =       2.000  TEMP(K) =    27.24  PRESS =     0.0
 Etot   =       175.2202  EKtot   =       177.9356  EPtot      =       148.0575
 BOND   =         0.6253  ANGLE   =         0.7748  DIHED      =         0.3361
 1-4 NB =         0.4147  1-4 EEL =         0.0879  VDWAALS    =       184.8644
 EELEC  =       318.6877  EHBOND  =         0.0000  RESTRAINT  =         0.4125
 EAMBER (non-restraint)  =       147.6450
 Ewald error estimate:   0.9510E-04
 ------------------------------------------------------------------------------


 NMR restraints on final step:


--------------------------------------------------------------------------------
   5.  TIMINGS
--------------------------------------------------------------------------------

|    Read coords time           0.00 ( 0.02% of Total)
|                Build the list             0.92 (97.23% of List )
|                Other                      0.03 ( 2.77% of List )
|             List time                  0.95 ( 5.29% of Nonbo)
|                   Short_ene time            13.19 (99.28% of Direc)
|                   Other                      0.10 ( 0.72% of Direc)
|                Direct Ewald time         13.28 (78.04% of Ewald)
|                Adjust Ewald time          0.12 ( 0.69% of Ewald)
|                Self Ewald time            0.00 ( 0.01% of Ewald)
|                   Fill Bspline coeffs        0.12 ( 3.45% of Recip)
|                   Fill charge grid           0.34 ( 9.52% of Recip)
|                   Scalar sum                 0.75 (20.91% of Recip)
|                   Grad sum                   0.73 (20.34% of Recip)
|                   FFT time                   1.64 (45.73% of Recip)
|                   Other                      0.00 ( 0.04% of Recip)
|                Recip Ewald time           3.59 (21.10% of Ewald)
|                Force Adjust               0.00 ( 0.02% of Ewald)
|                Virial junk                0.02 ( 0.10% of Ewald)
|                Other                      0.01 ( 0.04% of Ewald)
|             Ewald time                17.02 (94.69% of Nonbo)
|             Other                      0.00 ( 0.02% of Nonbo)
|          Nonbond force             17.98 (99.76% of Force)
|          Bond/Angle/Dihedral        0.04 ( 0.20% of Force)
|          Other                      0.01 ( 0.04% of Force)
|       Force time                18.02 (98.62% of Runmd)
|       Shake time                 0.15 ( 0.82% of Runmd)
|       Verlet update time         0.10 ( 0.52% of Runmd)
|       Other                      0.01 ( 0.04% of Runmd)
|    Runmd Time                18.27 (99.82% of Total)
|    Other                      0.03 ( 0.16% of Total)
| Total time                18.30 (100.0% of ALL  )

| Number of list builds   :         62

| Highest rstack allocated:     208638
| Highest istack allocated:       3280

| Final Performance Info:
| -----------------------------------------------------
| Average timings for all steps:
|     Elapsed(s) =      18.27 Per Step(ms) =      18.27
|         ns/day =       9.46   seconds/ns =    9135.53
| -----------------------------------------------------

|           Job began  at 11:37:48.563  on 03/22/2017
|           Setup done at 11:37:48.596  on 03/22/2017
|           Run   done at 11:38:06.867  on 03/22/2017
|     wallclock() was called   44185 times
