
          -------------------------------------------------------
          Amber 16 SANDER                              2016
          -------------------------------------------------------

| Run on 03/23/2017 at 17:47:01

|   Executable path: sander
| Working directory: /home/steboss/Simulation/logP_standrews/inputfiles/c_23difluoro/water/equilibration
|          Hostname: Unknown
  [-O]verwriting output

File Assignments:
|  MDIN: md00003.in                                                            
| MDOUT: md00003.out                                                           
|INPCRD: md00002.rst7                                                          
|  PARM: solvated.parm7                                                        
|RESTRT: md00003.rst7                                                          
|  REFC: solvated.rst7                                                         
| MDVEL: mdvel                                                                 
| MDFRC: mdfrc                                                                 
|  MDEN: md00003.en                                                            
| MDCRD: md00003.nc                                                            
|MDINFO: md00003.info                                                          
|  MTMD: mtmd                                                                  
|INPDIP: inpdip                                                                
|RSTDIP: rstdip                                                                
|INPTRA: inptraj                                                               


 Here is the input file:

constant temperature                                                           
&cntrl                                                                         
ntxo=1,                                                                        
imin = 0, nstlim = 4000, irest = 1, ntx = 5, dt = 0.002,                       
ntt = 1, temp0 = 300.0, tautp = 1.0,                                           
ntb = 1,                                                                       
ntc = 2, ntf = 2,                                                              
ioutfm = 1, iwrap = 1,                                                         
ntwe = 800, ntwx = 800, ntpr = 400,                                            
ntr = 1, restraint_wt = 10.00,                                                 
restraintmask="!:WAT,HOH,T3P,T4P",                                             
/                                                                              
                                                                               

--------------------------------------------------------------------------------
   1.  RESOURCE   USE: 
--------------------------------------------------------------------------------

| Flags:                                                                        
 getting new box info from bottom of inpcrd
|  INFO: Old style inpcrd file read

| peek_ewald_inpcrd: Box info found
|Largest sphere to fit in unit cell has radius =    17.634
| New format PARM file being parsed.
| Version =    1.000 Date = 03/23/17 Time = 17:46:40
 NATOM  =    3340 NTYPES =       8 NBONH =    3326 MBONA  =      15
 NTHETH =      34 MTHETA =      20 NPHIH =      68 MPHIA  =      40
 NHPARM =       0 NPARM  =       0 NNB   =    4580 NRES   =    1105
 NBONA  =      15 NTHETA =      20 NPHIA =      40 NUMBND =       9
 NUMANG =      11 NPTRA  =      12 NATYP =       8 NPHB   =       1
 IFBOX  =       1 NMXRS  =      28 IFCAP =       0 NEXTRA =       0
 NCOPY  =       0


|     Memory Use     Allocated
|     Real              321188
|     Hollerith          11127
|     Integer           101168
|     Max Pairs        1113333
|     nblistReal         40080
|     nblist Int        176504
|       Total             8299 kbytes

| Note: 1-4 EEL scale factors are being read from the topology file.

| Note: 1-4 VDW scale factors are being read from the topology file.
| Duplicated    0 dihedrals
| Duplicated    0 dihedrals

     BOX TYPE: RECTILINEAR

--------------------------------------------------------------------------------
   2.  CONTROL  DATA  FOR  THE  RUN
--------------------------------------------------------------------------------

LIG                                                                             

General flags:
     imin    =       0, nmropt  =       0

Nature and format of input:
     ntx     =       5, irest   =       1, ntrx    =       1

Nature and format of output:
     ntxo    =       1, ntpr    =     400, ntrx    =       1, ntwr    =    4000
     iwrap   =       1, ntwx    =     800, ntwv    =       0, ntwe    =     800
     ioutfm  =       1, ntwprt  =       0, idecomp =       0, rbornstat=      0

Potential function:
     ntf     =       2, ntb     =       1, igb     =       0, nsnb    =      25
     ipol    =       0, gbsa    =       0, iesp    =       0
     dielc   =   1.00000, cut     =   8.00000, intdiel =   1.00000

Frozen or restrained atoms:
     ibelly  =       0, ntr     =       1
     restraint_wt =  10.00000

Molecular dynamics:
     nstlim  =      4000, nscm    =         0, nrespa  =         1
     t       =   0.00000, dt      =   0.00200, vlimit  =  20.00000

Berendsen (weak-coupling) temperature regulation:
     temp0   = 300.00000, tempi   =   0.00000, tautp   =   1.00000

SHAKE:
     ntc     =       2, jfastw  =       0
     tol     =   0.00001

Ewald parameters:
     verbose =       0, ew_type =       0, nbflag  =       1, use_pme =       1
     vdwmeth =       1, eedmeth =       1, netfrc  =       1
     Box X =   36.005   Box Y =   35.267   Box Z =   38.379
     Alpha =   90.000   Beta  =   90.000   Gamma =   90.000
     NFFT1 =   36       NFFT2 =   36       NFFT3 =   40
     Cutoff=    8.000   Tol   =0.100E-04
     Ewald Coefficient =  0.34864
     Interpolation order =    4

    LOADING THE CONSTRAINED ATOMS AS GROUPS


   5.  REFERENCE ATOM COORDINATES

  LIG 
     Mask !:WAT,HOH,T3P,T4P; matches    28 atoms

--------------------------------------------------------------------------------
   3.  ATOMIC COORDINATES AND VELOCITIES
--------------------------------------------------------------------------------

LIG                                                                             
 begin time read from input coords =     2.000 ps

 Number of triangulated 3-point waters found:     1104

     Sum of charges from parm topology file =   0.00000000
     Forcing neutrality...

--------------------------------------------------------------------------------
   4.  RESULTS
--------------------------------------------------------------------------------

|  # of SOLUTE  degrees of freedom (RNDFP):    6694.
|  # of SOLVENT degrees of freedom (RNDFS):       0.
|  NDFMIN =    6694.     NUM_NOSHAKE =      0     CORRECTED RNDFP =    6694.
|  TOTAL # of degrees of freedom (RNDF) =    6694.
 ---------------------------------------------------
 APPROXIMATING switch and d/dx switch using CUBIC SPLINE INTERPOLATION
 using   5000.0 points per unit in tabled values
 TESTING RELATIVE ERROR over r ranging from 0.0 to cutoff
| CHECK switch(x): max rel err =   0.2738E-14   at   2.422500
| CHECK d/dx switch(x): max rel err =   0.8332E-11   at   2.782960
 ---------------------------------------------------
| Local SIZE OF NONBOND LIST =     550877
| TOTAL SIZE OF NONBOND LIST =     550877

 NSTEP =      400   TIME(PS) =       2.800  TEMP(K) =   203.51  PRESS =     0.0
 Etot   =     -9878.1782  EKtot   =      1353.6026  EPtot      =    -11231.7808
 BOND   =         1.0783  ANGLE   =         3.7813  DIHED      =         6.3544
 1-4 NB =         7.9462  1-4 EEL =         4.4014  VDWAALS    =      2002.8002
 EELEC  =    -13260.1836  EHBOND  =         0.0000  RESTRAINT  =         2.0409
 EAMBER (non-restraint)  =    -11233.8217
 Ewald error estimate:   0.1528E-03
 ------------------------------------------------------------------------------


 NSTEP =      800   TIME(PS) =       3.600  TEMP(K) =   232.76  PRESS =     0.0
 Etot   =     -9439.5444  EKtot   =      1548.1338  EPtot      =    -10987.6782
 BOND   =         2.1538  ANGLE   =         5.9403  DIHED      =         5.2392
 1-4 NB =         8.1789  1-4 EEL =         4.2189  VDWAALS    =      1781.3569
 EELEC  =    -12797.9279  EHBOND  =         0.0000  RESTRAINT  =         3.1617
 EAMBER (non-restraint)  =    -10990.8399
 Ewald error estimate:   0.3563E-03
 ------------------------------------------------------------------------------


 NSTEP =     1200   TIME(PS) =       4.400  TEMP(K) =   252.57  PRESS =     0.0
 Etot   =     -9119.8799  EKtot   =      1679.8837  EPtot      =    -10799.7635
 BOND   =         3.7338  ANGLE   =         4.0766  DIHED      =         5.4253
 1-4 NB =         7.3710  1-4 EEL =         4.4486  VDWAALS    =      1874.5857
 EELEC  =    -12702.1165  EHBOND  =         0.0000  RESTRAINT  =         2.7121
 EAMBER (non-restraint)  =    -10802.4756
 Ewald error estimate:   0.1396E-03
 ------------------------------------------------------------------------------


 NSTEP =     1600   TIME(PS) =       5.200  TEMP(K) =   251.69  PRESS =     0.0
 Etot   =     -8878.4513  EKtot   =      1674.0156  EPtot      =    -10552.4670
 BOND   =         3.0499  ANGLE   =         7.5358  DIHED      =         5.4897
 1-4 NB =         8.2494  1-4 EEL =         4.3009  VDWAALS    =      1688.3626
 EELEC  =    -12272.1712  EHBOND  =         0.0000  RESTRAINT  =         2.7160
 EAMBER (non-restraint)  =    -10555.1830
 Ewald error estimate:   0.1279E-03
 ------------------------------------------------------------------------------


 NSTEP =     2000   TIME(PS) =       6.000  TEMP(K) =   272.54  PRESS =     0.0
 Etot   =     -8692.5130  EKtot   =      1812.7271  EPtot      =    -10505.2401
 BOND   =         2.1390  ANGLE   =         7.2412  DIHED      =         4.8880
 1-4 NB =         7.8314  1-4 EEL =         4.3106  VDWAALS    =      1656.7898
 EELEC  =    -12191.4783  EHBOND  =         0.0000  RESTRAINT  =         3.0381
 EAMBER (non-restraint)  =    -10508.2782
 Ewald error estimate:   0.1459E-03
 ------------------------------------------------------------------------------


 NSTEP =     2400   TIME(PS) =       6.800  TEMP(K) =   278.25  PRESS =     0.0
 Etot   =     -8543.9802  EKtot   =      1850.6967  EPtot      =    -10394.6769
 BOND   =         5.8441  ANGLE   =         4.8047  DIHED      =         5.9918
 1-4 NB =         7.5293  1-4 EEL =         4.0176  VDWAALS    =      1584.7226
 EELEC  =    -12011.2741  EHBOND  =         0.0000  RESTRAINT  =         3.6871
 EAMBER (non-restraint)  =    -10398.3640
 Ewald error estimate:   0.5478E-04
 ------------------------------------------------------------------------------


 NSTEP =     2800   TIME(PS) =       7.600  TEMP(K) =   278.83  PRESS =     0.0
 Etot   =     -8435.6874  EKtot   =      1854.5347  EPtot      =    -10290.2221
 BOND   =         5.2866  ANGLE   =         6.2546  DIHED      =         6.2370
 1-4 NB =         7.3485  1-4 EEL =         4.4392  VDWAALS    =      1593.7477
 EELEC  =    -11917.9901  EHBOND  =         0.0000  RESTRAINT  =         4.4545
 EAMBER (non-restraint)  =    -10294.6766
 Ewald error estimate:   0.1731E-03
 ------------------------------------------------------------------------------


 NSTEP =     3200   TIME(PS) =       8.400  TEMP(K) =   283.26  PRESS =     0.0
 Etot   =     -8345.5843  EKtot   =      1883.9780  EPtot      =    -10229.5623
 BOND   =         2.7294  ANGLE   =         7.4989  DIHED      =         6.1405
 1-4 NB =         7.5436  1-4 EEL =         4.1738  VDWAALS    =      1622.4226
 EELEC  =    -11884.0641  EHBOND  =         0.0000  RESTRAINT  =         3.9930
 EAMBER (non-restraint)  =    -10233.5553
 Ewald error estimate:   0.1444E-03
 ------------------------------------------------------------------------------


 NSTEP =     3600   TIME(PS) =       9.200  TEMP(K) =   287.83  PRESS =     0.0
 Etot   =     -8282.2446  EKtot   =      1914.3877  EPtot      =    -10196.6323
 BOND   =         3.2728  ANGLE   =         6.5753  DIHED      =         5.6565
 1-4 NB =         9.0272  1-4 EEL =         4.4815  VDWAALS    =      1486.9300
 EELEC  =    -11715.9268  EHBOND  =         0.0000  RESTRAINT  =         3.3512
 EAMBER (non-restraint)  =    -10199.9835
 Ewald error estimate:   0.1680E-04
 ------------------------------------------------------------------------------


 NSTEP =     4000   TIME(PS) =      10.000  TEMP(K) =   300.68  PRESS =     0.0
 Etot   =     -8237.9010  EKtot   =      1999.8303  EPtot      =    -10237.7313
 BOND   =         3.4321  ANGLE   =         7.7428  DIHED      =         6.4122
 1-4 NB =         7.6485  1-4 EEL =         4.0411  VDWAALS    =      1585.1413
 EELEC  =    -11856.1581  EHBOND  =         0.0000  RESTRAINT  =         4.0089
 EAMBER (non-restraint)  =    -10241.7402
 Ewald error estimate:   0.6491E-04
 ------------------------------------------------------------------------------


      A V E R A G E S   O V E R    4000 S T E P S


 NSTEP =     4000   TIME(PS) =      10.000  TEMP(K) =   257.66  PRESS =     0.0
 Etot   =     -8891.9691  EKtot   =      1713.7396  EPtot      =    -10605.7087
 BOND   =         3.1618  ANGLE   =         5.7910  DIHED      =         5.5964
 1-4 NB =         7.7529  1-4 EEL =         4.2721  VDWAALS    =      1730.5611
 EELEC  =    -12366.1631  EHBOND  =         0.0000  RESTRAINT  =         3.3191
 EAMBER (non-restraint)  =    -10609.0278
 Ewald error estimate:   0.1548E-03
 ------------------------------------------------------------------------------


      R M S  F L U C T U A T I O N S


 NSTEP =     4000   TIME(PS) =      10.000  TEMP(K) =    33.01  PRESS =     0.0
 Etot   =       604.2714  EKtot   =       219.5546  EPtot      =       386.8167
 BOND   =         1.2713  ANGLE   =         1.4925  DIHED      =         0.6034
 1-4 NB =         0.6610  1-4 EEL =         0.1862  VDWAALS    =       170.9187
 EELEC  =       550.7257  EHBOND  =         0.0000  RESTRAINT  =         0.8928
 EAMBER (non-restraint)  =       385.9238
 Ewald error estimate:   0.1177E-03
 ------------------------------------------------------------------------------


--------------------------------------------------------------------------------
   5.  TIMINGS
--------------------------------------------------------------------------------

|                Build the list             8.32 (98.78% of List )
|                Other                      0.10 ( 1.22% of List )
|             List time                  8.43 ( 7.58% of Nonbo)
|                   Short_ene time            77.69 (99.13% of Direc)
|                   Other                      0.68 ( 0.87% of Direc)
|                Direct Ewald time         78.37 (76.24% of Ewald)
|                Adjust Ewald time          0.68 ( 0.67% of Ewald)
|                Self Ewald time            0.01 ( 0.01% of Ewald)
|                   Fill Bspline coeffs        0.87 ( 3.68% of Recip)
|                   Fill charge grid           2.29 ( 9.72% of Recip)
|                   Scalar sum                 4.66 (19.76% of Recip)
|                   Grad sum                   5.00 (21.23% of Recip)
|                   FFT time                  10.74 (45.57% of Recip)
|                   Other                      0.01 ( 0.03% of Recip)
|                Recip Ewald time          23.57 (22.93% of Ewald)
|                Force Adjust               0.02 ( 0.02% of Ewald)
|                Virial junk                0.10 ( 0.09% of Ewald)
|                Other                      0.04 ( 0.03% of Ewald)
|             Ewald time               102.80 (92.41% of Nonbo)
|             Other                      0.01 ( 0.01% of Nonbo)
|          Nonbond force            111.24 (99.80% of Force)
|          Bond/Angle/Dihedral        0.20 ( 0.18% of Force)
|          Other                      0.03 ( 0.03% of Force)
|       Force time               111.47 (98.84% of Runmd)
|       Shake time                 0.70 ( 0.62% of Runmd)
|       Verlet update time         0.53 ( 0.47% of Runmd)
|       Other                      0.07 ( 0.06% of Runmd)
|    Runmd Time               112.77 (100.0% of Total)
|    Other                      0.03 ( 0.03% of Total)
| Total time               112.81 (100.0% of ALL  )

| Number of list builds   :        344

| Highest rstack allocated:     210258
| Highest istack allocated:       3340

| Final Performance Info:
| -----------------------------------------------------
| Average timings for all steps:
|     Elapsed(s) =     112.77 Per Step(ms) =      28.19
|         ns/day =       6.13   seconds/ns =   14096.56
| -----------------------------------------------------

|           Job began  at 17:47:01.006  on 03/23/2017
|           Setup done at 17:47:01.042  on 03/23/2017
|           Run   done at 17:48:53.814  on 03/23/2017
|     wallclock() was called  176711 times
