
          -------------------------------------------------------
          Amber 16 SANDER                              2016
          -------------------------------------------------------

| Run on 03/22/2017 at 11:37:46

|   Executable path: sander
| Working directory: /home/steboss/Simulation/logP_standrews/c_23difluoro/water/equilibration
|          Hostname: Unknown
  [-O]verwriting output

File Assignments:
|  MDIN: min00001.in                                                           
| MDOUT: min00001.out                                                          
|INPCRD: solvated.rst7                                                         
|  PARM: solvated.parm7                                                        
|RESTRT: min00001.rst7                                                         
|  REFC: solvated.rst7                                                         
| MDVEL: mdvel                                                                 
| MDFRC: mdfrc                                                                 
|  MDEN: min00001.en                                                           
| MDCRD: min00001.nc                                                           
|MDINFO: min00001.info                                                         
|  MTMD: mtmd                                                                  
|INPDIP: inpdip                                                                
|RSTDIP: rstdip                                                                
|INPTRA: inptraj                                                               


 Here is the input file:

                                                                               
Minimise whole system                                                          
&cntrl                                                                         
ntxo=1,                                                                        
imin = 1, ntmin = 1,                                                           
maxcyc = 100, ncyc = 10,                                                       
ntpr = 20, ntwe = 20,                                                          
dx0 = 1.0D-7,                                                                  
ntb = 1,                                                                       
ntr = 1, restraint_wt = 10.00,                                                 
restraintmask="!:WAT,HOH,T3P,T4P,CLP,MOL,LIG",                                 
/                                                                              

--------------------------------------------------------------------------------
   1.  RESOURCE   USE: 
--------------------------------------------------------------------------------

| Flags:                                                                        
 getting new box info from bottom of inpcrd
|  INFO: Old style inpcrd file read

| peek_ewald_inpcrd: Box info found
|Largest sphere to fit in unit cell has radius =    17.718
| New format PARM file being parsed.
| Version =    1.000 Date = 03/22/17 Time = 11:37:46
 NATOM  =    3280 NTYPES =       8 NBONH =    3266 MBONA  =      15
 NTHETH =      34 MTHETA =      20 NPHIH =      68 MPHIA  =      40
 NHPARM =       0 NPARM  =       0 NNB   =    4499 NRES   =    1085
 NBONA  =      15 NTHETA =      20 NPHIA =      40 NUMBND =       9
 NUMANG =      11 NPTRA  =      12 NATYP =       8 NPHB   =       1
 IFBOX  =       1 NMXRS  =      28 IFCAP =       0 NEXTRA =       0
 NCOPY  =       0


|     Memory Use     Allocated
|     Real              356548
|     Hollerith          10927
|     Integer            99802
|     Max Pairs        1093333
|     nblistReal         39360
|     nblist Int        185651
|       Total             8521 kbytes

| Note: 1-4 EEL scale factors are being read from the topology file.

| Note: 1-4 VDW scale factors are being read from the topology file.
| Duplicated    0 dihedrals
| Duplicated    0 dihedrals

     BOX TYPE: RECTILINEAR

--------------------------------------------------------------------------------
   2.  CONTROL  DATA  FOR  THE  RUN
--------------------------------------------------------------------------------

LIG                                                                             

General flags:
     imin    =       1, nmropt  =       0

Nature and format of input:
     ntx     =       1, irest   =       0, ntrx    =       1

Nature and format of output:
     ntxo    =       1, ntpr    =      20, ntrx    =       1, ntwr    =       1
     iwrap   =       0, ntwx    =       0, ntwv    =       0, ntwe    =      20
     ioutfm  =       1, ntwprt  =       0, idecomp =       0, rbornstat=      0

Potential function:
     ntf     =       1, ntb     =       1, igb     =       0, nsnb    =      25
     ipol    =       0, gbsa    =       0, iesp    =       0
     dielc   =   1.00000, cut     =   8.00000, intdiel =   1.00000

Frozen or restrained atoms:
     ibelly  =       0, ntr     =       1
     restraint_wt =  10.00000

Energy minimization:
     maxcyc  =     100, ncyc    =      10, ntmin   =       1
     dx0     =   0.00000, drms    =   0.00010

Ewald parameters:
     verbose =       0, ew_type =       0, nbflag  =       1, use_pme =       1
     vdwmeth =       1, eedmeth =       1, netfrc  =       0
     Box X =   35.436   Box Y =   36.762   Box Z =   37.195
     Alpha =   90.000   Beta  =   90.000   Gamma =   90.000
     NFFT1 =   36       NFFT2 =   36       NFFT3 =   40
     Cutoff=    8.000   Tol   =0.100E-04
     Ewald Coefficient =  0.34864
     Interpolation order =    4

    LOADING THE CONSTRAINED ATOMS AS GROUPS


   5.  REFERENCE ATOM COORDINATES

  LIG 
     Mask !:WAT,HOH,T3P,T4P,CLP,MOL,LIG; matches     0 atoms

--------------------------------------------------------------------------------
   3.  ATOMIC COORDINATES AND VELOCITIES
--------------------------------------------------------------------------------

LIG                                                                             
 begin time read from input coords =     0.000 ps

 Number of triangulated 3-point waters found:     1084

     Sum of charges from parm topology file =  -0.00200000
     Forcing neutrality...

--------------------------------------------------------------------------------
   4.  RESULTS
--------------------------------------------------------------------------------

 ---------------------------------------------------
 APPROXIMATING switch and d/dx switch using CUBIC SPLINE INTERPOLATION
 using   5000.0 points per unit in tabled values
 TESTING RELATIVE ERROR over r ranging from 0.0 to cutoff
| CHECK switch(x): max rel err =   0.2738E-14   at   2.422500
| CHECK d/dx switch(x): max rel err =   0.8332E-11   at   2.782960
 ---------------------------------------------------
| Local SIZE OF NONBOND LIST =     494623
| TOTAL SIZE OF NONBOND LIST =     494623


   NSTEP       ENERGY          RMS            GMAX         NAME    NUMBER
      1      -8.6759E+03     1.1891E+01     4.2533E+01     O        2420

 BOND    =        0.4456  ANGLE   =        0.8089  DIHED      =        6.0660
 VDWAALS =     1055.5519  EEL     =    -9751.3295  HBOND      =        0.0000
 1-4 VDW =        8.5725  1-4 EEL =        4.0341  RESTRAINT  =        0.0000


   NSTEP       ENERGY          RMS            GMAX         NAME    NUMBER
     20      -9.8584E+03     9.1628E+00     6.1330E+01     O        3107

 BOND    =     1332.6597  ANGLE   =        1.5820  DIHED      =        6.1819
 VDWAALS =     1073.7923  EEL     =   -12284.0045  HBOND      =        0.0000
 1-4 VDW =        7.4286  1-4 EEL =        3.9898  RESTRAINT  =        0.0000


   NSTEP       ENERGY          RMS            GMAX         NAME    NUMBER
     40      -1.0564E+04     2.7541E+00     2.8139E+01     C           2

 BOND    =      497.7624  ANGLE   =        1.8061  DIHED      =        6.3300
 VDWAALS =     1098.8745  EEL     =   -12181.1298  HBOND      =        0.0000
 1-4 VDW =        8.1610  1-4 EEL =        3.9202  RESTRAINT  =        0.0000


   NSTEP       ENERGY          RMS            GMAX         NAME    NUMBER
     60      -1.1022E+04     2.0683E+00     1.7782E+01     O         323

 BOND    =      685.1966  ANGLE   =        1.1933  DIHED      =        6.4613
 VDWAALS =     1400.1341  EEL     =   -13125.8115  HBOND      =        0.0000
 1-4 VDW =        7.0849  1-4 EEL =        3.8542  RESTRAINT  =        0.0000


   NSTEP       ENERGY          RMS            GMAX         NAME    NUMBER
     80      -1.1269E+04     2.1209E+00     2.9592E+01     F1          8

 BOND    =      720.9840  ANGLE   =        3.0822  DIHED      =        6.3835
 VDWAALS =     1443.7221  EEL     =   -13453.2300  HBOND      =        0.0000
 1-4 VDW =        6.4281  1-4 EEL =        3.9949  RESTRAINT  =        0.0000


   NSTEP       ENERGY          RMS            GMAX         NAME    NUMBER
    100      -1.1486E+04     2.6795E+00     6.8099E+01     C2          4

 BOND    =      793.2040  ANGLE   =        8.2539  DIHED      =        6.4642
 VDWAALS =     1701.2337  EEL     =   -14005.1624  HBOND      =        0.0000
 1-4 VDW =        5.9962  1-4 EEL =        3.8638  RESTRAINT  =        0.0000


  Maximum number of minimization cycles reached.


                    FINAL RESULTS



   NSTEP       ENERGY          RMS            GMAX         NAME    NUMBER
    100      -1.1486E+04     2.6795E+00     6.8099E+01     C2          4

 BOND    =      793.2040  ANGLE   =        8.2539  DIHED      =        6.4642
 VDWAALS =     1701.2337  EEL     =   -14005.1624  HBOND      =        0.0000
 1-4 VDW =        5.9962  1-4 EEL =        3.8638  RESTRAINT  =        0.0000

--------------------------------------------------------------------------------
   5.  TIMINGS
--------------------------------------------------------------------------------

|    Read coords time           0.00 ( 0.11% of Total)
|                Build the list             0.02 (58.36% of List )
|                Other                      0.01 (41.64% of List )
|             List time                  0.03 ( 1.65% of Nonbo)
|                   Short_ene time             1.22 (99.22% of Direc)
|                   Other                      0.01 ( 0.78% of Direc)
|                Direct Ewald time          1.23 (76.67% of Ewald)
|                Adjust Ewald time          0.01 ( 0.74% of Ewald)
|                Self Ewald time            0.00 ( 0.01% of Ewald)
|                   Fill Bspline coeffs        0.01 ( 3.79% of Recip)
|                   Fill charge grid           0.03 ( 9.55% of Recip)
|                   Scalar sum                 0.07 (20.53% of Recip)
|                   Grad sum                   0.07 (20.27% of Recip)
|                   FFT time                   0.16 (45.81% of Recip)
|                   Other                      0.00 ( 0.05% of Recip)
|                Recip Ewald time           0.36 (22.41% of Ewald)
|                Virial junk                0.00 ( 0.11% of Ewald)
|                Start synchronizatio       0.00 ( 0.01% of Ewald)
|                Other                      0.00 ( 0.05% of Ewald)
|             Ewald time                 1.61 (98.32% of Nonbo)
|             IPS excludes               0.00 ( 0.01% of Nonbo)
|             Other                      0.00 ( 0.02% of Nonbo)
|          Nonbond force              1.63 (99.46% of Force)
|          Bond/Angle/Dihedral        0.01 ( 0.50% of Force)
|          Other                      0.00 ( 0.04% of Force)
|       Force time                 1.64 (100.0% of Runmd)
|    Runmd Time                 1.64 (73.12% of Total)
|    Other                      0.60 (26.77% of Total)
| Total time                 2.25 (100.0% of ALL  )

| Number of list builds   :          1

| Highest rstack allocated:     208638
| Highest istack allocated:       3280
|           Job began  at 11:37:46.308  on 03/22/2017
|           Setup done at 11:37:46.342  on 03/22/2017
|           Run   done at 11:37:48.555  on 03/22/2017
|     wallclock() was called    3850 times
