
          -------------------------------------------------------
          Amber 16 SANDER                              2016
          -------------------------------------------------------

| Run on 03/29/2017 at 10:57:37

|   Executable path: sander
| Working directory: /home/steboss/Simulation/logP_standrews/inputfiles/boat/a_axial/cyclohexane/equilibration
|          Hostname: Unknown
  [-O]verwriting output

File Assignments:
|  MDIN: md00002.in                                                            
| MDOUT: md00002.out                                                           
|INPCRD: min00001.rst7                                                         
|  PARM: solvated.parm7                                                        
|RESTRT: md00002.rst7                                                          
|  REFC: solvated.rst7                                                         
| MDVEL: mdvel                                                                 
| MDFRC: mdfrc                                                                 
|  MDEN: md00002.en                                                            
| MDCRD: md00002.nc                                                            
|MDINFO: md00002.info                                                          
|  MTMD: mtmd                                                                  
|INPDIP: inpdip                                                                
|RSTDIP: rstdip                                                                
|INPTRA: inptraj                                                               


 Here is the input file:

heat the system                                                                
&cntrl                                                                         
ntxo=1,                                                                        
imin = 0, nstlim = 1000, irest = 0, ntx = 1, dt = 0.002,                       
nmropt = 1,                                                                    
ntt = 1, temp0 = 300.0, tempi = 5.0, tautp = 1.0,                              
ntb = 1, pres0 = 1.0,                                                          
ntc = 2, ntf = 2,                                                              
ioutfm = 1, iwrap = 1,                                                         
ntwe = 200, ntwx = 200, ntpr = 100,                                            
ntr = 1, restraint_wt = 10.00,                                                 
restraintmask="!:CYC",                                                         
/                                                                              
                                                                               
&wt                                                                            
type = 'TEMP0',                                                                
istep1 = 0, istep2 = 1000,                                                     
value1 = 5.0, value2 = 300.0                                                   
/                                                                              
                                                                               
&wt type = 'END'                                                               
 /                                                                             
                                                                               

--------------------------------------------------------------------------------
   1.  RESOURCE   USE: 
--------------------------------------------------------------------------------

| Flags:                                                                        
 getting new box info from bottom of inpcrd
|  INFO: Old style inpcrd file read

| peek_ewald_inpcrd: Box info found
|Largest sphere to fit in unit cell has radius =    18.184
| New format PARM file being parsed.
| Version =    1.000 Date = 03/29/17 Time = 10:57:35
 NATOM  =    2692 NTYPES =       4 NBONH =    1792 MBONA  =     901
 NTHETH =    4478 MTHETA =     904 NPHIH =    7173 MPHIA  =    2697
 NHPARM =       0 NPARM  =       0 NNB   =   15854 NRES   =     149
 NBONA  =     901 NTHETA =     904 NPHIA =    2697 NUMBND =       5
 NUMANG =       8 NPTRA  =       9 NATYP =       4 NPHB   =       0
 IFBOX  =       1 NMXRS  =      28 IFCAP =       0 NEXTRA =       0
 NCOPY  =       0


|     Memory Use     Allocated
|     Real              275809
|     Hollerith           8227
|     Integer           579379
|     Max Pairs         897333
|     nblistReal         32304
|     nblist Int        232147
|       Total             9114 kbytes

| Note: 1-4 EEL scale factors are being read from the topology file.

| Note: 1-4 VDW scale factors are being read from the topology file.
| Duplicated    0 dihedrals
| Duplicated    0 dihedrals

     BOX TYPE: RECTILINEAR

--------------------------------------------------------------------------------
   2.  CONTROL  DATA  FOR  THE  RUN
--------------------------------------------------------------------------------

LIG                                                                             

General flags:
     imin    =       0, nmropt  =       1

Nature and format of input:
     ntx     =       1, irest   =       0, ntrx    =       1

Nature and format of output:
     ntxo    =       1, ntpr    =     100, ntrx    =       1, ntwr    =    1000
     iwrap   =       1, ntwx    =     200, ntwv    =       0, ntwe    =     200
     ioutfm  =       1, ntwprt  =       0, idecomp =       0, rbornstat=      0

Potential function:
     ntf     =       2, ntb     =       1, igb     =       0, nsnb    =      25
     ipol    =       0, gbsa    =       0, iesp    =       0
     dielc   =   1.00000, cut     =   8.00000, intdiel =   1.00000

Frozen or restrained atoms:
     ibelly  =       0, ntr     =       1
     restraint_wt =  10.00000

Molecular dynamics:
     nstlim  =      1000, nscm    =         0, nrespa  =         1
     t       =   0.00000, dt      =   0.00200, vlimit  =  20.00000

Berendsen (weak-coupling) temperature regulation:
     temp0   = 300.00000, tempi   =   5.00000, tautp   =   1.00000

SHAKE:
     ntc     =       2, jfastw  =       0
     tol     =   0.00001

NMR refinement options:
     iscale  =       0, noeskp  =       1, ipnlty  =       1, mxsub   =       1
     scalm   = 100.00000, pencut  =   0.10000, tausw   =   0.10000

Ewald parameters:
     verbose =       0, ew_type =       0, nbflag  =       1, use_pme =       1
     vdwmeth =       1, eedmeth =       1, netfrc  =       1
     Box X =   40.882   Box Y =   36.369   Box Z =   38.420
     Alpha =   90.000   Beta  =   90.000   Gamma =   90.000
     NFFT1 =   40       NFFT2 =   36       NFFT3 =   40
     Cutoff=    8.000   Tol   =0.100E-04
     Ewald Coefficient =  0.34864
     Interpolation order =    4

    LOADING THE CONSTRAINED ATOMS AS GROUPS


   5.  REFERENCE ATOM COORDINATES

  LIG 
     Mask !:CYC; matches    28 atoms

--------------------------------------------------------------------------------
   3.  ATOMIC COORDINATES AND VELOCITIES
--------------------------------------------------------------------------------

LIG                                                                             
 begin time read from input coords =     0.000 ps



           Begin reading energy term weight changes/NMR restraints
 WEIGHT CHANGES:
 TEMP0         0   1000    5.000000  300.000000      0      0

 RESTRAINTS:
                          ** No restraint defined **

                  Done reading weight changes/NMR restraints


 Number of triangulated 3-point waters found:        0

     Sum of charges from parm topology file =   0.00200000
     Forcing neutrality...

--------------------------------------------------------------------------------
   4.  RESULTS
--------------------------------------------------------------------------------

|  # of SOLUTE  degrees of freedom (RNDFP):    6284.
|  # of SOLVENT degrees of freedom (RNDFS):       0.
|  NDFMIN =    6284.     NUM_NOSHAKE =      0     CORRECTED RNDFP =    6284.
|  TOTAL # of degrees of freedom (RNDF) =    6284.
 ---------------------------------------------------
 APPROXIMATING switch and d/dx switch using CUBIC SPLINE INTERPOLATION
 using   5000.0 points per unit in tabled values
 TESTING RELATIVE ERROR over r ranging from 0.0 to cutoff
| CHECK switch(x): max rel err =   0.2738E-14   at   2.422500
| CHECK d/dx switch(x): max rel err =   0.8332E-11   at   2.782960
 ---------------------------------------------------
| Local SIZE OF NONBOND LIST =     262159
| TOTAL SIZE OF NONBOND LIST =     262159

 NSTEP =        0   TIME(PS) =       0.000  TEMP(K) =     6.48  PRESS =     0.0
 Etot   =       535.5876  EKtot   =        40.4307  EPtot      =       495.1569
 BOND   =        20.4188  ANGLE   =        16.7282  DIHED      =       427.3037
 1-4 NB =       352.0921  1-4 EEL =      -119.9345  VDWAALS    =      -406.9447
 EELEC  =       205.4555  EHBOND  =         0.0000  RESTRAINT  =         0.0378
 EAMBER (non-restraint)  =       495.1190
 Ewald error estimate:   0.3433E-03
 ------------------------------------------------------------------------------

 NMR restraints: Bond =    0.000   Angle =     0.000   Torsion =     0.000
===============================================================================

 NSTEP =      100   TIME(PS) =       0.200  TEMP(K) =     3.99  PRESS =     0.0
 Etot   =       538.7170  EKtot   =        24.9216  EPtot      =       513.7954
 BOND   =        21.6953  ANGLE   =        31.9728  DIHED      =       428.1253
 1-4 NB =       353.9826  1-4 EEL =      -119.8430  VDWAALS    =      -407.7937
 EELEC  =       205.5609  EHBOND  =         0.0000  RESTRAINT  =         0.0952
 EAMBER (non-restraint)  =       513.7003
 Ewald error estimate:   0.3042E-04
 ------------------------------------------------------------------------------

 NMR restraints: Bond =    0.000   Angle =     0.000   Torsion =     0.000
===============================================================================

 NSTEP =      200   TIME(PS) =       0.400  TEMP(K) =    10.09  PRESS =     0.0
 Etot   =       580.1337  EKtot   =        63.0094  EPtot      =       517.1243
 BOND   =        26.2807  ANGLE   =        37.4880  DIHED      =       429.7506
 1-4 NB =       351.7793  1-4 EEL =      -119.7279  VDWAALS    =      -413.9868
 EELEC  =       205.4084  EHBOND  =         0.0000  RESTRAINT  =         0.1321
 EAMBER (non-restraint)  =       516.9922
 Ewald error estimate:   0.7531E-03
 ------------------------------------------------------------------------------

 NMR restraints: Bond =    0.000   Angle =     0.000   Torsion =     0.000
===============================================================================

 NSTEP =      300   TIME(PS) =       0.600  TEMP(K) =    21.62  PRESS =     0.0
 Etot   =       658.8109  EKtot   =       134.9790  EPtot      =       523.8318
 BOND   =        25.5580  ANGLE   =        53.3308  DIHED      =       430.7361
 1-4 NB =       357.6820  1-4 EEL =      -119.9757  VDWAALS    =      -429.3049
 EELEC  =       205.6628  EHBOND  =         0.0000  RESTRAINT  =         0.1429
 EAMBER (non-restraint)  =       523.6890
 Ewald error estimate:   0.6844E-03
 ------------------------------------------------------------------------------

 NMR restraints: Bond =    0.000   Angle =     0.000   Torsion =     0.000
===============================================================================

 NSTEP =      400   TIME(PS) =       0.800  TEMP(K) =    43.19  PRESS =     0.0
 Etot   =       754.8470  EKtot   =       269.6777  EPtot      =       485.1693
 BOND   =        27.1654  ANGLE   =        46.1818  DIHED      =       430.7833
 1-4 NB =       355.0130  1-4 EEL =      -120.0600  VDWAALS    =      -459.9098
 EELEC  =       205.5807  EHBOND  =         0.0000  RESTRAINT  =         0.4150
 EAMBER (non-restraint)  =       484.7543
 Ewald error estimate:   0.3061E-03
 ------------------------------------------------------------------------------

 NMR restraints: Bond =    0.000   Angle =     0.000   Torsion =     0.000
===============================================================================

 NSTEP =      500   TIME(PS) =       1.000  TEMP(K) =    59.43  PRESS =     0.0
 Etot   =       864.2324  EKtot   =       371.0497  EPtot      =       493.1827
 BOND   =        31.5524  ANGLE   =        69.2334  DIHED      =       434.4533
 1-4 NB =       359.2524  1-4 EEL =      -120.0402  VDWAALS    =      -487.0138
 EELEC  =       205.5451  EHBOND  =         0.0000  RESTRAINT  =         0.2003
 EAMBER (non-restraint)  =       492.9824
 Ewald error estimate:   0.6554E-04
 ------------------------------------------------------------------------------

 NMR restraints: Bond =    0.000   Angle =     0.000   Torsion =     0.000
===============================================================================

 NSTEP =      600   TIME(PS) =       1.200  TEMP(K) =    79.81  PRESS =     0.0
 Etot   =       985.1351  EKtot   =       498.3261  EPtot      =       486.8090
 BOND   =        33.5198  ANGLE   =        76.4932  DIHED      =       441.0885
 1-4 NB =       358.1165  1-4 EEL =      -119.3984  VDWAALS    =      -508.5745
 EELEC  =       205.0273  EHBOND  =         0.0000  RESTRAINT  =         0.5365
 EAMBER (non-restraint)  =       486.2725
 Ewald error estimate:   0.1389E-03
 ------------------------------------------------------------------------------

 NMR restraints: Bond =    0.000   Angle =     0.000   Torsion =     0.000
===============================================================================

 NSTEP =      700   TIME(PS) =       1.400  TEMP(K) =    94.38  PRESS =     0.0
 Etot   =      1120.1196  EKtot   =       589.2562  EPtot      =       530.8634
 BOND   =        40.8382  ANGLE   =       118.3046  DIHED      =       447.6745
 1-4 NB =       360.9203  1-4 EEL =      -119.6233  VDWAALS    =      -523.7497
 EELEC  =       205.1832  EHBOND  =         0.0000  RESTRAINT  =         1.3155
 EAMBER (non-restraint)  =       529.5479
 Ewald error estimate:   0.3428E-04
 ------------------------------------------------------------------------------

 NMR restraints: Bond =    0.000   Angle =     0.000   Torsion =     0.000
===============================================================================

 NSTEP =      800   TIME(PS) =       1.600  TEMP(K) =   113.73  PRESS =     0.0
 Etot   =      1264.5307  EKtot   =       710.0835  EPtot      =       554.4472
 BOND   =        40.9854  ANGLE   =       125.0600  DIHED      =       463.2437
 1-4 NB =       365.8313  1-4 EEL =      -119.3368  VDWAALS    =      -526.8533
 EELEC  =       205.1294  EHBOND  =         0.0000  RESTRAINT  =         0.3875
 EAMBER (non-restraint)  =       554.0597
 Ewald error estimate:   0.2507E-03
 ------------------------------------------------------------------------------

 NMR restraints: Bond =    0.000   Angle =     0.000   Torsion =     0.000
===============================================================================

 NSTEP =      900   TIME(PS) =       1.800  TEMP(K) =   136.98  PRESS =     0.0
 Etot   =      1422.6543  EKtot   =       855.2510  EPtot      =       567.4033
 BOND   =        38.6575  ANGLE   =       143.1141  DIHED      =       462.5524
 1-4 NB =       367.8148  1-4 EEL =      -119.2954  VDWAALS    =      -531.6970
 EELEC  =       205.0244  EHBOND  =         0.0000  RESTRAINT  =         1.2325
 EAMBER (non-restraint)  =       566.1707
 Ewald error estimate:   0.3462E-04
 ------------------------------------------------------------------------------

 NMR restraints: Bond =    0.000   Angle =     0.000   Torsion =     0.000
===============================================================================

 NSTEP =     1000   TIME(PS) =       2.000  TEMP(K) =   162.12  PRESS =     0.0
 Etot   =      1591.9325  EKtot   =      1012.2445  EPtot      =       579.6880
 BOND   =        47.8721  ANGLE   =       153.9281  DIHED      =       466.5729
 1-4 NB =       366.5437  1-4 EEL =      -119.5159  VDWAALS    =      -542.8477
 EELEC  =       205.0945  EHBOND  =         0.0000  RESTRAINT  =         2.0403
 EAMBER (non-restraint)  =       577.6477
 Ewald error estimate:   0.3209E-04
 ------------------------------------------------------------------------------

 NMR restraints: Bond =    0.000   Angle =     0.000   Torsion =     0.000
===============================================================================

      A V E R A G E S   O V E R    1000 S T E P S


 NSTEP =     1000   TIME(PS) =       2.000  TEMP(K) =    64.45  PRESS =     0.0
 Etot   =       924.2012  EKtot   =       402.4360  EPtot      =       521.7652
 BOND   =        31.9505  ANGLE   =        81.0645  DIHED      =       441.0311
 1-4 NB =       359.0039  1-4 EEL =      -119.7013  VDWAALS    =      -477.5162
 EELEC  =       205.3629  EHBOND  =         0.0000  RESTRAINT  =         0.5697
 EAMBER (non-restraint)  =       521.1955
 Ewald error estimate:   0.2441E-03
 ------------------------------------------------------------------------------

 NMR restraints: Bond =    0.000   Angle =     0.000   Torsion =     0.000
===============================================================================

      R M S  F L U C T U A T I O N S


 NSTEP =     1000   TIME(PS) =       2.000  TEMP(K) =    49.57  PRESS =     0.0
 Etot   =       325.4157  EKtot   =       309.4857  EPtot      =        25.6525
 BOND   =         6.9416  ANGLE   =        40.2185  DIHED      =        13.2834
 1-4 NB =         5.3133  1-4 EEL =         0.3146  VDWAALS    =        50.6466
 EELEC  =         0.2303  EHBOND  =         0.0000  RESTRAINT  =         0.5720
 EAMBER (non-restraint)  =        25.0805
 Ewald error estimate:   0.2426E-03
 ------------------------------------------------------------------------------


 NMR restraints on final step:


--------------------------------------------------------------------------------
   5.  TIMINGS
--------------------------------------------------------------------------------

|    Read coords time           0.00 ( 0.02% of Total)
|                Build the list             0.27 (91.54% of List )
|                Other                      0.03 ( 8.46% of List )
|             List time                  0.30 ( 2.77% of Nonbo)
|                   Short_ene time             6.04 (98.65% of Direc)
|                   Other                      0.08 ( 1.35% of Direc)
|                Direct Ewald time          6.12 (58.68% of Ewald)
|                Adjust Ewald time          0.51 ( 4.89% of Ewald)
|                Self Ewald time            0.00 ( 0.01% of Ewald)
|                   Fill Bspline coeffs        0.11 ( 3.06% of Recip)
|                   Fill charge grid           0.30 ( 8.65% of Recip)
|                   Scalar sum                 0.82 (23.37% of Recip)
|                   Grad sum                   0.62 (17.67% of Recip)
|                   FFT time                   1.66 (47.21% of Recip)
|                   Other                      0.00 ( 0.04% of Recip)
|                Recip Ewald time           3.51 (33.60% of Ewald)
|                Force Adjust               0.00 ( 0.02% of Ewald)
|                Virial junk                0.01 ( 0.14% of Ewald)
|                Start synchronizatio       0.00 ( 0.01% of Ewald)
|                Other                      0.28 ( 2.64% of Ewald)
|             Ewald time                10.43 (97.19% of Nonbo)
|             IPS excludes               0.00 ( 0.01% of Nonbo)
|             Other                      0.00 ( 0.03% of Nonbo)
|          Nonbond force             10.73 (82.83% of Force)
|          Bond/Angle/Dihedral        2.22 (17.12% of Force)
|          Other                      0.01 ( 0.05% of Force)
|       Force time                12.96 (98.67% of Runmd)
|       Shake time                 0.09 ( 0.65% of Runmd)
|       Verlet update time         0.08 ( 0.63% of Runmd)
|       Other                      0.01 ( 0.05% of Runmd)
|    Runmd Time                13.14 (99.68% of Total)
|    Other                      0.04 ( 0.30% of Total)
| Total time                13.18 (100.0% of ALL  )

| Number of list builds   :         29

| Highest rstack allocated:     204762
| Highest istack allocated:       2692

| Final Performance Info:
| -----------------------------------------------------
| Average timings for all steps:
|     Elapsed(s) =      13.14 Per Step(ms) =      13.14
|         ns/day =      13.15   seconds/ns =    6567.95
| -----------------------------------------------------

|           Job began  at 10:57:37.054  on 03/29/2017
|           Setup done at 10:57:37.096  on 03/29/2017
|           Run   done at 10:57:50.232  on 03/29/2017
|     wallclock() was called   44119 times
