
          -------------------------------------------------------
          Amber 16 SANDER                              2016
          -------------------------------------------------------

| Run on 03/29/2017 at 10:58:46

|   Executable path: sander
| Working directory: /home/steboss/Simulation/logP_standrews/inputfiles/boat/a_axial/cyclohexane/equilibration
|          Hostname: Unknown
  [-O]verwriting output

File Assignments:
|  MDIN: md00004.in                                                            
| MDOUT: md00004.out                                                           
|INPCRD: md00003.rst7                                                          
|  PARM: solvated.parm7                                                        
|RESTRT: md00004.rst7                                                          
|  REFC: solvated.rst7                                                         
| MDVEL: mdvel                                                                 
| MDFRC: mdfrc                                                                 
|  MDEN: md00004.en                                                            
| MDCRD: md00004.nc                                                            
|MDINFO: md00004.info                                                          
|  MTMD: mtmd                                                                  
|INPDIP: inpdip                                                                
|RSTDIP: rstdip                                                                
|INPTRA: inptraj                                                               


 Here is the input file:

md with sander                                                                 
&cntrl                                                                         
ntxo=1,                                                                        
imin = 0, nstlim = 15000, irest = 1, ntx = 5, dt = 0.002,                      
ntt = 1, temp0 = 298.0, tautp = 1.0,                                           
ntp = 1, pres0 = 1.0, taup = 0.5,                                              
ntb = 2,                                                                       
ntc = 2, ntf = 2,                                                              
ioutfm = 1, iwrap = 1,                                                         
ntwe = 3000, ntwx = 3000, ntpr = 1500,                                         
ntr = 1, restraint_wt = 10.00,                                                 
restraintmask="!:CYC",                                                         
/                                                                              
                                                                               

--------------------------------------------------------------------------------
   1.  RESOURCE   USE: 
--------------------------------------------------------------------------------

| Flags:                                                                        
 getting new box info from bottom of inpcrd
|  INFO: Old style inpcrd file read

| peek_ewald_inpcrd: Box info found
|Largest sphere to fit in unit cell has radius =    18.184
| New format PARM file being parsed.
| Version =    1.000 Date = 03/29/17 Time = 10:57:35
 NATOM  =    2692 NTYPES =       4 NBONH =    1792 MBONA  =     901
 NTHETH =    4478 MTHETA =     904 NPHIH =    7173 MPHIA  =    2697
 NHPARM =       0 NPARM  =       0 NNB   =   15854 NRES   =     149
 NBONA  =     901 NTHETA =     904 NPHIA =    2697 NUMBND =       5
 NUMANG =       8 NPTRA  =       9 NATYP =       4 NPHB   =       0
 IFBOX  =       1 NMXRS  =      28 IFCAP =       0 NEXTRA =       0
 NCOPY  =       0


|     Memory Use     Allocated
|     Real              275780
|     Hollerith           8227
|     Integer           579334
|     Max Pairs         897333
|     nblistReal         32304
|     nblist Int        232147
|       Total             9114 kbytes

| Note: 1-4 EEL scale factors are being read from the topology file.

| Note: 1-4 VDW scale factors are being read from the topology file.
| Duplicated    0 dihedrals
| Duplicated    0 dihedrals

     BOX TYPE: RECTILINEAR

--------------------------------------------------------------------------------
   2.  CONTROL  DATA  FOR  THE  RUN
--------------------------------------------------------------------------------

LIG                                                                             

General flags:
     imin    =       0, nmropt  =       0

Nature and format of input:
     ntx     =       5, irest   =       1, ntrx    =       1

Nature and format of output:
     ntxo    =       1, ntpr    =    1500, ntrx    =       1, ntwr    =   15000
     iwrap   =       1, ntwx    =    3000, ntwv    =       0, ntwe    =    3000
     ioutfm  =       1, ntwprt  =       0, idecomp =       0, rbornstat=      0

Potential function:
     ntf     =       2, ntb     =       2, igb     =       0, nsnb    =      25
     ipol    =       0, gbsa    =       0, iesp    =       0
     dielc   =   1.00000, cut     =   8.00000, intdiel =   1.00000

Frozen or restrained atoms:
     ibelly  =       0, ntr     =       1
     restraint_wt =  10.00000

Molecular dynamics:
     nstlim  =     15000, nscm    =         0, nrespa  =         1
     t       =   0.00000, dt      =   0.00200, vlimit  =  20.00000

Berendsen (weak-coupling) temperature regulation:
     temp0   = 298.00000, tempi   =   0.00000, tautp   =   1.00000

Pressure regulation:
     ntp     =       1
     pres0   =   1.00000, comp    =  44.60000, taup    =   0.50000

SHAKE:
     ntc     =       2, jfastw  =       0
     tol     =   0.00001

Ewald parameters:
     verbose =       0, ew_type =       0, nbflag  =       1, use_pme =       1
     vdwmeth =       1, eedmeth =       1, netfrc  =       1
     Box X =   40.882   Box Y =   36.369   Box Z =   38.420
     Alpha =   90.000   Beta  =   90.000   Gamma =   90.000
     NFFT1 =   40       NFFT2 =   36       NFFT3 =   40
     Cutoff=    8.000   Tol   =0.100E-04
     Ewald Coefficient =  0.34864
     Interpolation order =    4

    LOADING THE CONSTRAINED ATOMS AS GROUPS


   5.  REFERENCE ATOM COORDINATES

  LIG 
     Mask !:CYC; matches    28 atoms

--------------------------------------------------------------------------------
   3.  ATOMIC COORDINATES AND VELOCITIES
--------------------------------------------------------------------------------

LIG                                                                             
 begin time read from input coords =    10.000 ps

 Number of triangulated 3-point waters found:        0

     Sum of charges from parm topology file =   0.00200000
     Forcing neutrality...

--------------------------------------------------------------------------------
   4.  RESULTS
--------------------------------------------------------------------------------

|  # of SOLUTE  degrees of freedom (RNDFP):    6284.
|  # of SOLVENT degrees of freedom (RNDFS):       0.
|  NDFMIN =    6284.     NUM_NOSHAKE =      0     CORRECTED RNDFP =    6284.
|  TOTAL # of degrees of freedom (RNDF) =    6284.
 ---------------------------------------------------
 APPROXIMATING switch and d/dx switch using CUBIC SPLINE INTERPOLATION
 using   5000.0 points per unit in tabled values
 TESTING RELATIVE ERROR over r ranging from 0.0 to cutoff
| CHECK switch(x): max rel err =   0.2738E-14   at   2.422500
| CHECK d/dx switch(x): max rel err =   0.8332E-11   at   2.782960
 ---------------------------------------------------
| Local SIZE OF NONBOND LIST =     255789
| TOTAL SIZE OF NONBOND LIST =     255789

 NSTEP =     1500   TIME(PS) =      13.000  TEMP(K) =   294.20  PRESS =     4.3
 Etot   =      3544.1727  EKtot   =      1836.9006  EPtot      =      1707.2721
 BOND   =       226.4261  ANGLE   =       917.8508  DIHED      =       570.0536
 1-4 NB =       420.1276  1-4 EEL =      -117.0633  VDWAALS    =      -520.5863
 EELEC  =       204.1183  EHBOND  =         0.0000  RESTRAINT  =         6.3453
 EAMBER (non-restraint)  =      1700.9267
 EKCMT  =       286.6642  VIRIAL  =       281.1634  VOLUME     =     59536.4814
                                                    Density    =         0.3519
 Ewald error estimate:   0.1052E-03
 ------------------------------------------------------------------------------


 NSTEP =     3000   TIME(PS) =      16.000  TEMP(K) =   292.84  PRESS =   280.7
 Etot   =      3619.9213  EKtot   =      1828.4245  EPtot      =      1791.4968
 BOND   =       238.2484  ANGLE   =       968.7197  DIHED      =       563.8339
 1-4 NB =       418.0589  1-4 EEL =      -116.9622  VDWAALS    =      -490.4683
 EELEC  =       204.3174  EHBOND  =         0.0000  RESTRAINT  =         5.7490
 EAMBER (non-restraint)  =      1785.7478
 EKCMT  =       246.7578  VIRIAL  =      -121.9111  VOLUME     =     60829.7660
                                                    Density    =         0.3444
 Ewald error estimate:   0.5074E-05
 ------------------------------------------------------------------------------


 NSTEP =     4500   TIME(PS) =      19.000  TEMP(K) =   296.89  PRESS =   -31.0
 Etot   =      3677.5363  EKtot   =      1853.6890  EPtot      =      1823.8473
 BOND   =       246.2532  ANGLE   =      1017.0919  DIHED      =       561.1382
 1-4 NB =       417.4464  1-4 EEL =      -117.0188  VDWAALS    =      -508.6976
 EELEC  =       204.4000  EHBOND  =         0.0000  RESTRAINT  =         3.2340
 EAMBER (non-restraint)  =      1820.6133
 EKCMT  =       231.7571  VIRIAL  =       272.7769  VOLUME     =     61279.6256
                                                    Density    =         0.3419
 Ewald error estimate:   0.2674E-03
 ------------------------------------------------------------------------------


 NSTEP =     6000   TIME(PS) =      22.000  TEMP(K) =   295.66  PRESS =   -85.7
 Etot   =      3713.5004  EKtot   =      1846.0384  EPtot      =      1867.4620
 BOND   =       285.6910  ANGLE   =      1053.5269  DIHED      =       553.5817
 1-4 NB =       412.2954  1-4 EEL =      -117.0529  VDWAALS    =      -529.2720
 EELEC  =       204.2718  EHBOND  =         0.0000  RESTRAINT  =         4.4201
 EAMBER (non-restraint)  =      1863.0420
 EKCMT  =       239.6341  VIRIAL  =       352.2732  VOLUME     =     60883.7470
                                                    Density    =         0.3441
 Ewald error estimate:   0.1690E-03
 ------------------------------------------------------------------------------


 NSTEP =     7500   TIME(PS) =      25.000  TEMP(K) =   302.15  PRESS =     9.5
 Etot   =      3723.8912  EKtot   =      1886.5251  EPtot      =      1837.3661
 BOND   =       264.6727  ANGLE   =      1071.8678  DIHED      =       547.4293
 1-4 NB =       411.3929  1-4 EEL =      -117.2959  VDWAALS    =      -548.7323
 EELEC  =       204.3281  EHBOND  =         0.0000  RESTRAINT  =         3.7035
 EAMBER (non-restraint)  =      1833.6626
 EKCMT  =       221.4646  VIRIAL  =       209.0539  VOLUME     =     60809.1393
                                                    Density    =         0.3445
 Ewald error estimate:   0.1565E-04
 ------------------------------------------------------------------------------


 NSTEP =     9000   TIME(PS) =      28.000  TEMP(K) =   297.25  PRESS =  -121.1
 Etot   =      3742.4690  EKtot   =      1855.9289  EPtot      =      1886.5401
 BOND   =       279.3242  ANGLE   =      1121.3850  DIHED      =       550.8752
 1-4 NB =       403.9975  1-4 EEL =      -115.2194  VDWAALS    =      -561.9370
 EELEC  =       203.3007  EHBOND  =         0.0000  RESTRAINT  =         4.8138
 EAMBER (non-restraint)  =      1881.7263
 EKCMT  =       174.4348  VIRIAL  =       329.5851  VOLUME     =     59325.8904
                                                    Density    =         0.3531
 Ewald error estimate:   0.7440E-04
 ------------------------------------------------------------------------------


 NSTEP =    10500   TIME(PS) =      31.000  TEMP(K) =   294.01  PRESS =   -85.8
 Etot   =      3743.1478  EKtot   =      1835.6987  EPtot      =      1907.4490
 BOND   =       289.3744  ANGLE   =      1150.9302  DIHED      =       544.5403
 1-4 NB =       413.9084  1-4 EEL =      -117.5913  VDWAALS    =      -583.3961
 EELEC  =       204.6226  EHBOND  =         0.0000  RESTRAINT  =         5.0607
 EAMBER (non-restraint)  =      1902.3883
 EKCMT  =       166.0577  VIRIAL  =       273.4778  VOLUME     =     57976.6106
                                                    Density    =         0.3613
 Ewald error estimate:   0.1240E-04
 ------------------------------------------------------------------------------


 NSTEP =    12000   TIME(PS) =      34.000  TEMP(K) =   292.49  PRESS =  -204.2
 Etot   =      3729.4916  EKtot   =      1826.2366  EPtot      =      1903.2550
 BOND   =       281.9805  ANGLE   =      1173.8329  DIHED      =       548.8851
 1-4 NB =       421.7024  1-4 EEL =      -116.7349  VDWAALS    =      -614.6794
 EELEC  =       204.2291  EHBOND  =         0.0000  RESTRAINT  =         4.0392
 EAMBER (non-restraint)  =      1899.2158
 EKCMT  =       163.9148  VIRIAL  =       410.0383  VOLUME     =     55823.3110
                                                    Density    =         0.3753
 Ewald error estimate:   0.7099E-04
 ------------------------------------------------------------------------------


 NSTEP =    13500   TIME(PS) =      37.000  TEMP(K) =   298.47  PRESS =  -178.5
 Etot   =      3713.1404  EKtot   =      1863.5610  EPtot      =      1849.5794
 BOND   =       279.6379  ANGLE   =      1172.9911  DIHED      =       540.7312
 1-4 NB =       415.4089  1-4 EEL =      -116.7081  VDWAALS    =      -650.0969
 EELEC  =       204.1471  EHBOND  =         0.0000  RESTRAINT  =         3.4682
 EAMBER (non-restraint)  =      1846.1112
 EKCMT  =       203.4246  VIRIAL  =       410.1776  VOLUME     =     53649.4213
                                                    Density    =         0.3905
 Ewald error estimate:   0.2074E-03
 ------------------------------------------------------------------------------


 NSTEP =    15000   TIME(PS) =      40.000  TEMP(K) =   301.71  PRESS =  -424.3
 Etot   =      3700.3751  EKtot   =      1883.7916  EPtot      =      1816.5835
 BOND   =       287.3684  ANGLE   =      1156.3870  DIHED      =       547.6974
 1-4 NB =       397.6256  1-4 EEL =      -114.9410  VDWAALS    =      -666.7004
 EELEC  =       202.8358  EHBOND  =         0.0000  RESTRAINT  =         6.3106
 EAMBER (non-restraint)  =      1810.2729
 EKCMT  =       184.1395  VIRIAL  =       656.7919  VOLUME     =     51594.2535
                                                    Density    =         0.4060
 Ewald error estimate:   0.7077E-04
 ------------------------------------------------------------------------------


      A V E R A G E S   O V E R   15000 S T E P S


 NSTEP =    15000   TIME(PS) =      40.000  TEMP(K) =   296.15  PRESS =   -37.1
 Etot   =      3679.6477  EKtot   =      1849.0852  EPtot      =      1830.5625
 BOND   =       257.8871  ANGLE   =      1065.0120  DIHED      =       553.8357
 1-4 NB =       417.1408  1-4 EEL =      -117.0498  VDWAALS    =      -555.5852
 EELEC  =       204.2165  EHBOND  =         0.0000  RESTRAINT  =         5.1054
 EAMBER (non-restraint)  =      1825.4571
 EKCMT  =       218.6243  VIRIAL  =       262.0211  VOLUME     =     58453.1943
                                                    Density    =         0.3592
 Ewald error estimate:   0.1473E-03
 ------------------------------------------------------------------------------


      R M S  F L U C T U A T I O N S


 NSTEP =    15000   TIME(PS) =      40.000  TEMP(K) =     4.17  PRESS =   138.8
 Etot   =        79.1514  EKtot   =        26.0563  EPtot      =        70.0632
 BOND   =        22.6762  ANGLE   =        93.8892  DIHED      =        11.5168
 1-4 NB =         7.7671  1-4 EEL =         1.0970  VDWAALS    =        50.9518
 EELEC  =         0.6459  EHBOND  =         0.0000  RESTRAINT  =         1.4590
 EAMBER (non-restraint)  =        68.6043
 EKCMT  =        45.3052  VIRIAL  =       147.5496  VOLUME     =      2787.8715
                                                    Density    =         0.0180
 Ewald error estimate:   0.9689E-04
 ------------------------------------------------------------------------------


--------------------------------------------------------------------------------
   5.  TIMINGS
--------------------------------------------------------------------------------

|                Build the list             7.41 (96.82% of List )
|                Other                      0.24 ( 3.18% of List )
|             List time                  7.65 ( 4.41% of Nonbo)
|                   Short_ene time            99.45 (98.63% of Direc)
|                   Other                      1.38 ( 1.37% of Direc)
|                Direct Ewald time        100.82 (60.83% of Ewald)
|                Adjust Ewald time          7.91 ( 4.77% of Ewald)
|                Self Ewald time            0.02 ( 0.01% of Ewald)
|                   Fill Bspline coeffs        1.68 ( 3.20% of Recip)
|                   Fill charge grid           4.52 ( 8.59% of Recip)
|                   Scalar sum                12.31 (23.41% of Recip)
|                   Grad sum                   9.16 (17.42% of Recip)
|                   FFT time                  24.90 (47.34% of Recip)
|                   Other                      0.02 ( 0.05% of Recip)
|                Recip Ewald time          52.60 (31.73% of Ewald)
|                Force Adjust               0.04 ( 0.02% of Ewald)
|                Virial junk                0.22 ( 0.13% of Ewald)
|                Start synchronizatio       0.01 ( 0.01% of Ewald)
|                Other                      4.13 ( 2.49% of Ewald)
|             Ewald time               165.75 (95.56% of Nonbo)
|             IPS excludes               0.01 ( 0.01% of Nonbo)
|             Other                      0.05 ( 0.03% of Nonbo)
|          Nonbond force            173.46 (83.52% of Force)
|          Bond/Angle/Dihedral       34.14 (16.44% of Force)
|          Other                      0.09 ( 0.04% of Force)
|       Force time               207.69 (98.38% of Runmd)
|       Shake time                 1.52 ( 0.72% of Runmd)
|       Verlet update time         1.45 ( 0.69% of Runmd)
|       Ekcmr time                 0.24 ( 0.11% of Runmd)
|       Other                      0.22 ( 0.11% of Runmd)
|    Runmd Time               211.12 (100.0% of Total)
|    Other                      0.04 ( 0.02% of Total)
| Total time               211.16 (100.0% of ALL  )

| Number of list builds   :        803

| Highest rstack allocated:     204762
| Highest istack allocated:       2692

| Final Performance Info:
| -----------------------------------------------------
| Average timings for all steps:
|     Elapsed(s) =     211.12 Per Step(ms) =      14.07
|         ns/day =      12.28   seconds/ns =    7037.27
| -----------------------------------------------------

|           Job began  at 10:58:46.830  on 03/29/2017
|           Setup done at 10:58:46.876  on 03/29/2017
|           Run   done at 11:02:17.994  on 03/29/2017
|     wallclock() was called  691629 times
