
          -------------------------------------------------------
          Amber 16 SANDER                              2016
          -------------------------------------------------------

| Run on 03/29/2017 at 10:57:35

|   Executable path: sander
| Working directory: /home/steboss/Simulation/logP_standrews/inputfiles/boat/a_axial/cyclohexane/equilibration
|          Hostname: Unknown
  [-O]verwriting output

File Assignments:
|  MDIN: min00001.in                                                           
| MDOUT: min00001.out                                                          
|INPCRD: solvated.rst7                                                         
|  PARM: solvated.parm7                                                        
|RESTRT: min00001.rst7                                                         
|  REFC: solvated.rst7                                                         
| MDVEL: mdvel                                                                 
| MDFRC: mdfrc                                                                 
|  MDEN: min00001.en                                                           
| MDCRD: min00001.nc                                                           
|MDINFO: min00001.info                                                         
|  MTMD: mtmd                                                                  
|INPDIP: inpdip                                                                
|RSTDIP: rstdip                                                                
|INPTRA: inptraj                                                               


 Here is the input file:

                                                                               
Minimise whole system                                                          
&cntrl                                                                         
ntxo=1,                                                                        
imin = 1, ntmin = 1,                                                           
maxcyc = 100, ncyc = 10,                                                       
ntpr = 20, ntwe = 20,                                                          
dx0 = 1.0D-7,                                                                  
ntb = 1,                                                                       
ntr = 1, restraint_wt = 10.00,                                                 
restraintmask="!:CYC",                                                         
/                                                                              

--------------------------------------------------------------------------------
   1.  RESOURCE   USE: 
--------------------------------------------------------------------------------

| Flags:                                                                        
 getting new box info from bottom of inpcrd
|  INFO: Old style inpcrd file read

| peek_ewald_inpcrd: Box info found
|Largest sphere to fit in unit cell has radius =    18.184
| New format PARM file being parsed.
| Version =    1.000 Date = 03/29/17 Time = 10:57:35
 NATOM  =    2692 NTYPES =       4 NBONH =    1792 MBONA  =     901
 NTHETH =    4478 MTHETA =     904 NPHIH =    7173 MPHIA  =    2697
 NHPARM =       0 NPARM  =       0 NNB   =   15854 NRES   =     149
 NBONA  =     901 NTHETA =     904 NPHIA =    2697 NUMBND =       5
 NUMANG =       8 NPTRA  =       9 NATYP =       4 NPHB   =       0
 IFBOX  =       1 NMXRS  =      28 IFCAP =       0 NEXTRA =       0
 NCOPY  =       0


|     Memory Use     Allocated
|     Real              308284
|     Hollerith           8227
|     Integer           579334
|     Max Pairs         897333
|     nblistReal         32304
|     nblist Int        232147
|       Total             9368 kbytes

| Note: 1-4 EEL scale factors are being read from the topology file.

| Note: 1-4 VDW scale factors are being read from the topology file.
| Duplicated    0 dihedrals
| Duplicated    0 dihedrals

     BOX TYPE: RECTILINEAR

--------------------------------------------------------------------------------
   2.  CONTROL  DATA  FOR  THE  RUN
--------------------------------------------------------------------------------

LIG                                                                             

General flags:
     imin    =       1, nmropt  =       0

Nature and format of input:
     ntx     =       1, irest   =       0, ntrx    =       1

Nature and format of output:
     ntxo    =       1, ntpr    =      20, ntrx    =       1, ntwr    =       1
     iwrap   =       0, ntwx    =       0, ntwv    =       0, ntwe    =      20
     ioutfm  =       1, ntwprt  =       0, idecomp =       0, rbornstat=      0

Potential function:
     ntf     =       1, ntb     =       1, igb     =       0, nsnb    =      25
     ipol    =       0, gbsa    =       0, iesp    =       0
     dielc   =   1.00000, cut     =   8.00000, intdiel =   1.00000

Frozen or restrained atoms:
     ibelly  =       0, ntr     =       1
     restraint_wt =  10.00000

Energy minimization:
     maxcyc  =     100, ncyc    =      10, ntmin   =       1
     dx0     =   0.00000, drms    =   0.00010

Ewald parameters:
     verbose =       0, ew_type =       0, nbflag  =       1, use_pme =       1
     vdwmeth =       1, eedmeth =       1, netfrc  =       0
     Box X =   40.882   Box Y =   36.369   Box Z =   38.420
     Alpha =   90.000   Beta  =   90.000   Gamma =   90.000
     NFFT1 =   40       NFFT2 =   36       NFFT3 =   40
     Cutoff=    8.000   Tol   =0.100E-04
     Ewald Coefficient =  0.34864
     Interpolation order =    4

    LOADING THE CONSTRAINED ATOMS AS GROUPS


   5.  REFERENCE ATOM COORDINATES

  LIG 
     Mask !:CYC; matches    28 atoms

--------------------------------------------------------------------------------
   3.  ATOMIC COORDINATES AND VELOCITIES
--------------------------------------------------------------------------------

LIG                                                                             
 begin time read from input coords =     0.000 ps

 Number of triangulated 3-point waters found:        0

     Sum of charges from parm topology file =   0.00200000
     Forcing neutrality...

--------------------------------------------------------------------------------
   4.  RESULTS
--------------------------------------------------------------------------------

 ---------------------------------------------------
 APPROXIMATING switch and d/dx switch using CUBIC SPLINE INTERPOLATION
 using   5000.0 points per unit in tabled values
 TESTING RELATIVE ERROR over r ranging from 0.0 to cutoff
| CHECK switch(x): max rel err =   0.2738E-14   at   2.422500
| CHECK d/dx switch(x): max rel err =   0.8332E-11   at   2.782960
 ---------------------------------------------------
| Local SIZE OF NONBOND LIST =     262168
| TOTAL SIZE OF NONBOND LIST =     262168


   NSTEP       ENERGY          RMS            GMAX         NAME    NUMBER
      1       5.8594E+02     2.3336E+00     8.2033E+00     C9          9

 BOND    =       16.6247  ANGLE   =       20.4172  DIHED      =      419.4118
 VDWAALS =     -398.4884  EEL     =      210.0357  HBOND      =        0.0000
 1-4 VDW =      444.5254  1-4 EEL =     -126.5857  RESTRAINT  =        0.0000


   NSTEP       ENERGY          RMS            GMAX         NAME    NUMBER
     20       5.1277E+02     1.1064E+00     3.2239E+01     C12        12

 BOND    =       22.1423  ANGLE   =       20.9311  DIHED      =      414.5879
 VDWAALS =     -402.3132  EEL     =      208.1855  HBOND      =        0.0000
 1-4 VDW =      374.0136  1-4 EEL =     -124.8073  RESTRAINT  =        0.0336
 EAMBER  =      512.7400


   NSTEP       ENERGY          RMS            GMAX         NAME    NUMBER
     40       4.9935E+02     3.3610E-01     6.7797E+00     C12        12

 BOND    =       16.0977  ANGLE   =       14.4581  DIHED      =      423.5245
 VDWAALS =     -405.1078  EEL     =      206.5189  HBOND      =        0.0000
 1-4 VDW =      365.3895  1-4 EEL =     -121.5732  RESTRAINT  =        0.0373
 EAMBER  =      499.3078


   NSTEP       ENERGY          RMS            GMAX         NAME    NUMBER
     60       4.9621E+02     1.0858E-01     1.6565E+00     C12        12

 BOND    =       20.3619  ANGLE   =       17.0657  DIHED      =      427.7256
 VDWAALS =     -406.8299  EEL     =      205.4180  HBOND      =        0.0000
 1-4 VDW =      352.3089  1-4 EEL =     -119.8826  RESTRAINT  =        0.0383
 EAMBER  =      496.1676


   NSTEP       ENERGY          RMS            GMAX         NAME    NUMBER
     80       5.0129E+02     7.2270E-01     5.3938E+00     C10        10

 BOND    =       31.1730  ANGLE   =       13.4131  DIHED      =      429.8961
 VDWAALS =     -407.0956  EEL     =      205.4212  HBOND      =        0.0000
 1-4 VDW =      348.5733  1-4 EEL =     -120.1244  RESTRAINT  =        0.0377
 EAMBER  =      501.2567


   NSTEP       ENERGY          RMS            GMAX         NAME    NUMBER
    100       4.9571E+02     4.3289E-02     4.5795E-01     C8          8

 BOND    =       20.9675  ANGLE   =       16.7282  DIHED      =      427.3037
 VDWAALS =     -406.9452  EEL     =      205.4555  HBOND      =        0.0000
 1-4 VDW =      352.0921  1-4 EEL =     -119.9345  RESTRAINT  =        0.0378
 EAMBER  =      495.6672


  Maximum number of minimization cycles reached.


                    FINAL RESULTS



   NSTEP       ENERGY          RMS            GMAX         NAME    NUMBER
    100       4.9571E+02     4.3289E-02     4.5795E-01     C8          8

 BOND    =       20.9675  ANGLE   =       16.7282  DIHED      =      427.3037
 VDWAALS =     -406.9452  EEL     =      205.4555  HBOND      =        0.0000
 1-4 VDW =      352.0921  1-4 EEL =     -119.9345  RESTRAINT  =        0.0378
 EAMBER  =      495.6672

--------------------------------------------------------------------------------
   5.  TIMINGS
--------------------------------------------------------------------------------

|    Read coords time           0.00 ( 0.11% of Total)
|                Build the list             0.01 (41.18% of List )
|                Other                      0.01 (58.82% of List )
|             List time                  0.02 ( 1.99% of Nonbo)
|                   Short_ene time             0.53 (98.42% of Direc)
|                   Other                      0.01 ( 1.58% of Direc)
|                Direct Ewald time          0.54 (54.65% of Ewald)
|                Adjust Ewald time          0.05 ( 5.19% of Ewald)
|                Self Ewald time            0.00 ( 0.02% of Ewald)
|                   Fill Bspline coeffs        0.01 ( 3.07% of Recip)
|                   Fill charge grid           0.03 ( 8.83% of Recip)
|                   Scalar sum                 0.09 (23.40% of Recip)
|                   Grad sum                   0.06 (17.38% of Recip)
|                   FFT time                   0.17 (47.28% of Recip)
|                   Other                      0.00 ( 0.04% of Recip)
|                Recip Ewald time           0.36 (37.12% of Ewald)
|                Force Adjust               0.00 ( 0.01% of Ewald)
|                Virial junk                0.00 ( 0.15% of Ewald)
|                Start synchronizatio       0.00 ( 0.01% of Ewald)
|                Other                      0.03 ( 2.86% of Ewald)
|             Ewald time                 0.98 (97.96% of Nonbo)
|             IPS excludes               0.00 ( 0.01% of Nonbo)
|             Other                      0.00 ( 0.04% of Nonbo)
|          Nonbond force              1.00 (81.51% of Force)
|          Bond/Angle/Dihedral        0.23 (18.42% of Force)
|          Other                      0.00 ( 0.06% of Force)
|       Force time                 1.23 (100.0% of Runmd)
|    Runmd Time                 1.23 (70.44% of Total)
|    Other                      0.51 (29.45% of Total)
| Total time                 1.74 (100.0% of ALL  )

| Number of list builds   :          1

| Highest rstack allocated:     204762
| Highest istack allocated:       2692
|           Job began  at 10:57:35.305  on 03/29/2017
|           Setup done at 10:57:35.351  on 03/29/2017
|           Run   done at 10:57:37.046  on 03/29/2017
|     wallclock() was called    3850 times
