
          -------------------------------------------------------
          Amber 16 SANDER                              2016
          -------------------------------------------------------

| Run on 03/27/2017 at 12:33:53

|   Executable path: sander
| Working directory: /home/steboss/Simulation/logP_standrews/inputfiles/boat/a_phenyl-cyclohexane/cyclohexane/equilibration
|          Hostname: Unknown
  [-O]verwriting output

File Assignments:
|  MDIN: md00004.in                                                            
| MDOUT: md00004.out                                                           
|INPCRD: md00003.rst7                                                          
|  PARM: solvated.parm7                                                        
|RESTRT: md00004.rst7                                                          
|  REFC: solvated.rst7                                                         
| MDVEL: mdvel                                                                 
| MDFRC: mdfrc                                                                 
|  MDEN: md00004.en                                                            
| MDCRD: md00004.nc                                                            
|MDINFO: md00004.info                                                          
|  MTMD: mtmd                                                                  
|INPDIP: inpdip                                                                
|RSTDIP: rstdip                                                                
|INPTRA: inptraj                                                               


 Here is the input file:

md with sander                                                                 
&cntrl                                                                         
ntxo=1,                                                                        
imin = 0, nstlim = 15000, irest = 1, ntx = 5, dt = 0.002,                      
ntt = 1, temp0 = 298.0, tautp = 1.0,                                           
ntp = 1, pres0 = 1.0, taup = 0.5,                                              
ntb = 2,                                                                       
ntc = 2, ntf = 2,                                                              
ioutfm = 1, iwrap = 1,                                                         
ntwe = 3000, ntwx = 3000, ntpr = 1500,                                         
ntr = 1, restraint_wt = 10.00,                                                 
restraintmask="!:CYC",                                                         
/                                                                              
                                                                               

--------------------------------------------------------------------------------
   1.  RESOURCE   USE: 
--------------------------------------------------------------------------------

| Flags:                                                                        
 getting new box info from bottom of inpcrd
|  INFO: Old style inpcrd file read

| peek_ewald_inpcrd: Box info found
|Largest sphere to fit in unit cell has radius =    18.184
| New format PARM file being parsed.
| Version =    1.000 Date = 03/27/17 Time = 12:32:19
 NATOM  =    3592 NTYPES =       4 NBONH =    2392 MBONA  =    1201
 NTHETH =    5978 MTHETA =    1204 NPHIH =    9573 MPHIA  =    3597
 NHPARM =       0 NPARM  =       0 NNB   =   21154 NRES   =     199
 NBONA  =    1201 NTHETA =    1204 NPHIA =    3597 NUMBND =       5
 NUMANG =       8 NPTRA  =       9 NATYP =       4 NPHB   =       0
 IFBOX  =       1 NMXRS  =      28 IFCAP =       0 NEXTRA =       0
 NCOPY  =       0


|     Memory Use     Allocated
|     Real              338962
|     Hollerith          10977
|     Integer           766334
|     Max Pairs        1197333
|     nblistReal         43104
|     nblist Int        309642
|       Total            11907 kbytes

| Note: 1-4 EEL scale factors are being read from the topology file.

| Note: 1-4 VDW scale factors are being read from the topology file.
| Duplicated    0 dihedrals
| Duplicated    0 dihedrals

     BOX TYPE: RECTILINEAR

--------------------------------------------------------------------------------
   2.  CONTROL  DATA  FOR  THE  RUN
--------------------------------------------------------------------------------

LIG                                                                             

General flags:
     imin    =       0, nmropt  =       0

Nature and format of input:
     ntx     =       5, irest   =       1, ntrx    =       1

Nature and format of output:
     ntxo    =       1, ntpr    =    1500, ntrx    =       1, ntwr    =   15000
     iwrap   =       1, ntwx    =    3000, ntwv    =       0, ntwe    =    3000
     ioutfm  =       1, ntwprt  =       0, idecomp =       0, rbornstat=      0

Potential function:
     ntf     =       2, ntb     =       2, igb     =       0, nsnb    =      25
     ipol    =       0, gbsa    =       0, iesp    =       0
     dielc   =   1.00000, cut     =   8.00000, intdiel =   1.00000

Frozen or restrained atoms:
     ibelly  =       0, ntr     =       1
     restraint_wt =  10.00000

Molecular dynamics:
     nstlim  =     15000, nscm    =         0, nrespa  =         1
     t       =   0.00000, dt      =   0.00200, vlimit  =  20.00000

Berendsen (weak-coupling) temperature regulation:
     temp0   = 298.00000, tempi   =   0.00000, tautp   =   1.00000

Pressure regulation:
     ntp     =       1
     pres0   =   1.00000, comp    =  44.60000, taup    =   0.50000

SHAKE:
     ntc     =       2, jfastw  =       0
     tol     =   0.00001

Ewald parameters:
     verbose =       0, ew_type =       0, nbflag  =       1, use_pme =       1
     vdwmeth =       1, eedmeth =       1, netfrc  =       1
     Box X =   54.510   Box Y =   36.369   Box Z =   38.420
     Alpha =   90.000   Beta  =   90.000   Gamma =   90.000
     NFFT1 =   54       NFFT2 =   36       NFFT3 =   40
     Cutoff=    8.000   Tol   =0.100E-04
     Ewald Coefficient =  0.34864
     Interpolation order =    4

    LOADING THE CONSTRAINED ATOMS AS GROUPS


   5.  REFERENCE ATOM COORDINATES

  LIG 
     Mask !:CYC; matches    28 atoms

--------------------------------------------------------------------------------
   3.  ATOMIC COORDINATES AND VELOCITIES
--------------------------------------------------------------------------------

LIG                                                                             
 begin time read from input coords =    10.000 ps

 Number of triangulated 3-point waters found:        0

     Sum of charges from parm topology file =   0.00000000
     Forcing neutrality...

--------------------------------------------------------------------------------
   4.  RESULTS
--------------------------------------------------------------------------------

|  # of SOLUTE  degrees of freedom (RNDFP):    8384.
|  # of SOLVENT degrees of freedom (RNDFS):       0.
|  NDFMIN =    8384.     NUM_NOSHAKE =      0     CORRECTED RNDFP =    8384.
|  TOTAL # of degrees of freedom (RNDF) =    8384.
 ---------------------------------------------------
 APPROXIMATING switch and d/dx switch using CUBIC SPLINE INTERPOLATION
 using   5000.0 points per unit in tabled values
 TESTING RELATIVE ERROR over r ranging from 0.0 to cutoff
| CHECK switch(x): max rel err =   0.2738E-14   at   2.422500
| CHECK d/dx switch(x): max rel err =   0.8332E-11   at   2.782960
 ---------------------------------------------------
| Local SIZE OF NONBOND LIST =     342098
| TOTAL SIZE OF NONBOND LIST =     342098

 NSTEP =     1500   TIME(PS) =      13.000  TEMP(K) =   292.28  PRESS =   226.5
 Etot   =      4739.0136  EKtot   =      2434.7737  EPtot      =      2304.2399
 BOND   =       280.4594  ANGLE   =      1216.8273  DIHED      =       759.0962
 1-4 NB =       574.2749  1-4 EEL =      -157.1215  VDWAALS    =      -649.5637
 EELEC  =       273.1442  EHBOND  =         0.0000  RESTRAINT  =         7.1231
 EAMBER (non-restraint)  =      2297.1168
 EKCMT  =       380.0409  VIRIAL  =        -5.5318  VOLUME     =     78826.1785
                                                    Density    =         0.3544
 Ewald error estimate:   0.2343E-03
 ------------------------------------------------------------------------------


 NSTEP =     3000   TIME(PS) =      16.000  TEMP(K) =   295.23  PRESS =     6.1
 Etot   =      4857.8203  EKtot   =      2459.3951  EPtot      =      2398.4252
 BOND   =       311.4817  ANGLE   =      1314.3828  DIHED      =       772.9029
 1-4 NB =       558.9657  1-4 EEL =      -154.9395  VDWAALS    =      -684.9554
 EELEC  =       272.1062  EHBOND  =         0.0000  RESTRAINT  =         8.4808
 EAMBER (non-restraint)  =      2389.9444
 EKCMT  =       338.9025  VIRIAL  =       328.4369  VOLUME     =     80084.2437
                                                    Density    =         0.3488
 Ewald error estimate:   0.1558E-03
 ------------------------------------------------------------------------------


 NSTEP =     4500   TIME(PS) =      19.000  TEMP(K) =   297.20  PRESS =   109.2
 Etot   =      4930.7554  EKtot   =      2475.7499  EPtot      =      2455.0055
 BOND   =       322.1430  ANGLE   =      1385.4685  DIHED      =       765.3374
 1-4 NB =       558.1337  1-4 EEL =      -156.1425  VDWAALS    =      -697.6049
 EELEC  =       272.5347  EHBOND  =         0.0000  RESTRAINT  =         5.1355
 EAMBER (non-restraint)  =      2449.8701
 EKCMT  =       304.3430  VIRIAL  =       115.0191  VOLUME     =     80269.9440
                                                    Density    =         0.3480
 Ewald error estimate:   0.1493E-03
 ------------------------------------------------------------------------------


 NSTEP =     6000   TIME(PS) =      22.000  TEMP(K) =   293.10  PRESS =   -39.5
 Etot   =      4998.5594  EKtot   =      2441.5850  EPtot      =      2556.9744
 BOND   =       375.1764  ANGLE   =      1478.2468  DIHED      =       758.3934
 1-4 NB =       545.0961  1-4 EEL =      -154.9110  VDWAALS    =      -720.5901
 EELEC  =       272.3584  EHBOND  =         0.0000  RESTRAINT  =         3.2043
 EAMBER (non-restraint)  =      2553.7701
 EKCMT  =       269.1596  VIRIAL  =       336.6238  VOLUME     =     79054.0334
                                                    Density    =         0.3534
 Ewald error estimate:   0.1868E-03
 ------------------------------------------------------------------------------


 NSTEP =     7500   TIME(PS) =      25.000  TEMP(K) =   299.02  PRESS =  -192.5
 Etot   =      4973.3541  EKtot   =      2490.9200  EPtot      =      2482.4340
 BOND   =       342.1376  ANGLE   =      1489.1340  DIHED      =       749.5819
 1-4 NB =       559.6060  1-4 EEL =      -155.8911  VDWAALS    =      -779.3287
 EELEC  =       273.0870  EHBOND  =         0.0000  RESTRAINT  =         4.1073
 EAMBER (non-restraint)  =      2478.3267
 EKCMT  =       272.8522  VIRIAL  =       594.1790  VOLUME     =     77311.9303
                                                    Density    =         0.3613
 Ewald error estimate:   0.8449E-05
 ------------------------------------------------------------------------------


 NSTEP =     9000   TIME(PS) =      28.000  TEMP(K) =   296.36  PRESS =  -154.9
 Etot   =      4979.8134  EKtot   =      2468.7749  EPtot      =      2511.0386
 BOND   =       338.7305  ANGLE   =      1559.7359  DIHED      =       755.4005
 1-4 NB =       554.9970  1-4 EEL =      -154.8119  VDWAALS    =      -823.0765
 EELEC  =       272.2780  EHBOND  =         0.0000  RESTRAINT  =         7.7850
 EAMBER (non-restraint)  =      2503.2536
 EKCMT  =       274.4476  VIRIAL  =       525.3570  VOLUME     =     75025.4300
                                                    Density    =         0.3724
 Ewald error estimate:   0.1352E-03
 ------------------------------------------------------------------------------


 NSTEP =    10500   TIME(PS) =      31.000  TEMP(K) =   297.44  PRESS =  -145.7
 Etot   =      4978.1937  EKtot   =      2477.7305  EPtot      =      2500.4633
 BOND   =       382.1562  ANGLE   =      1537.3622  DIHED      =       733.4255
 1-4 NB =       551.9961  1-4 EEL =      -157.5468  VDWAALS    =      -828.8652
 EELEC  =       273.7925  EHBOND  =         0.0000  RESTRAINT  =         8.1428
 EAMBER (non-restraint)  =      2492.3205
 EKCMT  =       243.1460  VIRIAL  =       470.3991  VOLUME     =     72257.9435
                                                    Density    =         0.3866
 Ewald error estimate:   0.3718E-03
 ------------------------------------------------------------------------------


 NSTEP =    12000   TIME(PS) =      34.000  TEMP(K) =   296.75  PRESS =  -261.1
 Etot   =      4960.7303  EKtot   =      2472.0006  EPtot      =      2488.7297
 BOND   =       377.5009  ANGLE   =      1568.8141  DIHED      =       753.1753
 1-4 NB =       542.6323  1-4 EEL =      -154.4985  VDWAALS    =      -876.9871
 EELEC  =       271.9972  EHBOND  =         0.0000  RESTRAINT  =         6.0955
 EAMBER (non-restraint)  =      2482.6342
 EKCMT  =       244.1242  VIRIAL  =       634.5408  VOLUME     =     69254.4207
                                                    Density    =         0.4034
 Ewald error estimate:   0.2249E-03
 ------------------------------------------------------------------------------


 NSTEP =    13500   TIME(PS) =      37.000  TEMP(K) =   295.46  PRESS =  -235.6
 Etot   =      4910.4471  EKtot   =      2461.3068  EPtot      =      2449.1403
 BOND   =       401.2858  ANGLE   =      1568.5011  DIHED      =       730.1879
 1-4 NB =       543.4687  1-4 EEL =      -157.1141  VDWAALS    =      -916.9276
 EELEC  =       273.5515  EHBOND  =         0.0000  RESTRAINT  =         6.1869
 EAMBER (non-restraint)  =      2442.9534
 EKCMT  =       225.4022  VIRIAL  =       559.3695  VOLUME     =     65659.6096
                                                    Density    =         0.4255
 Ewald error estimate:   0.2040E-03
 ------------------------------------------------------------------------------


 NSTEP =    15000   TIME(PS) =      40.000  TEMP(K) =   298.86  PRESS =  -167.2
 Etot   =      4847.9586  EKtot   =      2489.6067  EPtot      =      2358.3519
 BOND   =       371.0364  ANGLE   =      1572.3882  DIHED      =       722.0804
 1-4 NB =       552.9185  1-4 EEL =      -157.0664  VDWAALS    =      -983.3445
 EELEC  =       273.6651  EHBOND  =         0.0000  RESTRAINT  =         6.6743
 EAMBER (non-restraint)  =      2351.6776
 EKCMT  =       233.1764  VIRIAL  =       457.1008  VOLUME     =     62015.1978
                                                    Density    =         0.4505
 Ewald error estimate:   0.2613E-03
 ------------------------------------------------------------------------------


      A V E R A G E S   O V E R   15000 S T E P S


 NSTEP =    15000   TIME(PS) =      40.000  TEMP(K) =   296.37  PRESS =   -75.8
 Etot   =      4904.2246  EKtot   =      2468.8223  EPtot      =      2435.4024
 BOND   =       348.5616  ANGLE   =      1438.8960  DIHED      =       748.4559
 1-4 NB =       559.3060  1-4 EEL =      -156.6484  VDWAALS    =      -782.8508
 EELEC  =       273.0868  EHBOND  =         0.0000  RESTRAINT  =         6.5952
 EAMBER (non-restraint)  =      2428.8072
 EKCMT  =       280.8911  VIRIAL  =       393.4760  VOLUME     =     74767.2081
                                                    Density    =         0.3758
 Ewald error estimate:   0.2080E-03
 ------------------------------------------------------------------------------


      R M S  F L U C T U A T I O N S


 NSTEP =    15000   TIME(PS) =      40.000  TEMP(K) =     4.07  PRESS =   142.8
 Etot   =       102.8054  EKtot   =        33.9316  EPtot      =        90.6744
 BOND   =        30.2126  ANGLE   =       132.4963  DIHED      =        18.1844
 1-4 NB =         9.0665  1-4 EEL =         1.2264  VDWAALS    =        93.6760
 EELEC  =         0.7789  EHBOND  =         0.0000  RESTRAINT  =         1.7306
 EAMBER (non-restraint)  =        88.9438
 EKCMT  =        55.3473  VIRIAL  =       188.2024  VOLUME     =      5467.9398
                                                    Density    =         0.0295
 Ewald error estimate:   0.1007E-03
 ------------------------------------------------------------------------------


--------------------------------------------------------------------------------
   5.  TIMINGS
--------------------------------------------------------------------------------

|                Build the list            10.79 (97.33% of List )
|                Other                      0.30 ( 2.67% of List )
|             List time                 11.08 ( 4.50% of Nonbo)
|                   Short_ene time           142.20 (98.56% of Direc)
|                   Other                      2.07 ( 1.44% of Direc)
|                Direct Ewald time        144.27 (61.31% of Ewald)
|                Adjust Ewald time         10.69 ( 4.54% of Ewald)
|                Self Ewald time            0.02 ( 0.01% of Ewald)
|                   Fill Bspline coeffs        2.32 ( 3.12% of Recip)
|                   Fill charge grid           6.34 ( 8.51% of Recip)
|                   Scalar sum                16.58 (22.25% of Recip)
|                   Grad sum                  12.60 (16.91% of Recip)
|                   FFT time                  36.65 (49.18% of Recip)
|                   Other                      0.02 ( 0.03% of Recip)
|                Recip Ewald time          74.52 (31.67% of Ewald)
|                Force Adjust               0.05 ( 0.02% of Ewald)
|                Virial junk                0.28 ( 0.12% of Ewald)
|                Other                      5.49 ( 2.33% of Ewald)
|             Ewald time               235.32 (95.48% of Nonbo)
|             Other                      0.05 ( 0.02% of Nonbo)
|          Nonbond force            246.46 (84.27% of Force)
|          Bond/Angle/Dihedral       45.90 (15.69% of Force)
|          Other                      0.11 ( 0.04% of Force)
|       Force time               292.47 (98.41% of Runmd)
|       Shake time                 2.07 ( 0.70% of Runmd)
|       Verlet update time         1.91 ( 0.64% of Runmd)
|       Ekcmr time                 0.29 ( 0.10% of Runmd)
|       Other                      0.46 ( 0.16% of Runmd)
|    Runmd Time               297.20 (100.0% of Total)
|    Other                      0.06 ( 0.02% of Total)
| Total time               297.27 (100.0% of ALL  )

| Number of list builds   :        832

| Highest rstack allocated:     271062
| Highest istack allocated:       3592

| Final Performance Info:
| -----------------------------------------------------
| Average timings for all steps:
|     Elapsed(s) =     297.20 Per Step(ms) =      19.81
|         ns/day =       8.72   seconds/ns =    9906.71
| -----------------------------------------------------

|           Job began  at 12:33:53.047  on 03/27/2017
|           Setup done at 12:33:53.113  on 03/27/2017
|           Run   done at 12:38:50.314  on 03/27/2017
|     wallclock() was called  691687 times
