
          -------------------------------------------------------
          Amber 16 SANDER                              2016
          -------------------------------------------------------

| Run on 03/22/2017 at 11:23:50

|   Executable path: sander
| Working directory: /home/steboss/Simulation/logP_standrews/b_diphenyl/cyclohexane/equilibration
|          Hostname: Unknown
  [-O]verwriting output

File Assignments:
|  MDIN: md00004.in                                                            
| MDOUT: md00004.out                                                           
|INPCRD: md00003.rst7                                                          
|  PARM: solvated.parm7                                                        
|RESTRT: md00004.rst7                                                          
|  REFC: solvated.rst7                                                         
| MDVEL: mdvel                                                                 
| MDFRC: mdfrc                                                                 
|  MDEN: md00004.en                                                            
| MDCRD: md00004.nc                                                            
|MDINFO: md00004.info                                                          
|  MTMD: mtmd                                                                  
|INPDIP: inpdip                                                                
|RSTDIP: rstdip                                                                
|INPTRA: inptraj                                                               


 Here is the input file:

md with sander                                                                 
&cntrl                                                                         
ntxo=1,                                                                        
imin = 0, nstlim = 15000, irest = 1, ntx = 5, dt = 0.002,                      
ntt = 1, temp0 = 298.0, tautp = 1.0,                                           
ntp = 1, pres0 = 1.0, taup = 0.5,                                              
ntb = 2,                                                                       
ntc = 2, ntf = 2,                                                              
ioutfm = 1, iwrap = 1,                                                         
ntwe = 3000, ntwx = 3000, ntpr = 1500,                                         
ntr = 1, restraint_wt = 10.00,                                                 
restraintmask="!:CYC",                                                         
/                                                                              
                                                                               

--------------------------------------------------------------------------------
   1.  RESOURCE   USE: 
--------------------------------------------------------------------------------

| Flags:                                                                        
 getting new box info from bottom of inpcrd
|  INFO: Old style inpcrd file read

| peek_ewald_inpcrd: Box info found
|Largest sphere to fit in unit cell has radius =    18.184
| New format PARM file being parsed.
| Version =    1.000 Date = 03/22/17 Time = 11:21:53
 NATOM  =    4270 NTYPES =       4 NBONH =    2842 MBONA  =    1429
 NTHETH =    7100 MTHETA =    1432 NPHIH =   11370 MPHIA  =    4268
 NHPARM =       0 NPARM  =       0 NNB   =   25124 NRES   =     237
 NBONA  =    1429 NTHETA =    1432 NPHIA =    4268 NUMBND =       6
 NUMANG =       9 NPTRA  =       8 NATYP =       5 NPHB   =       0
 IFBOX  =       1 NMXRS  =      22 IFCAP =       0 NEXTRA =       0
 NCOPY  =       0


|     Memory Use     Allocated
|     Real              386430
|     Hollerith          13049
|     Integer           906310
|     Max Pairs        1423333
|     nblistReal         51240
|     nblist Int        366808
|       Total            14003 kbytes

| Note: 1-4 EEL scale factors are being read from the topology file.

| Note: 1-4 VDW scale factors are being read from the topology file.
| Duplicated    0 dihedrals
| Duplicated    0 dihedrals

     BOX TYPE: RECTILINEAR

--------------------------------------------------------------------------------
   2.  CONTROL  DATA  FOR  THE  RUN
--------------------------------------------------------------------------------

LIG                                                                             

General flags:
     imin    =       0, nmropt  =       0

Nature and format of input:
     ntx     =       5, irest   =       1, ntrx    =       1

Nature and format of output:
     ntxo    =       1, ntpr    =    1500, ntrx    =       1, ntwr    =   15000
     iwrap   =       1, ntwx    =    3000, ntwv    =       0, ntwe    =    3000
     ioutfm  =       1, ntwprt  =       0, idecomp =       0, rbornstat=      0

Potential function:
     ntf     =       2, ntb     =       2, igb     =       0, nsnb    =      25
     ipol    =       0, gbsa    =       0, iesp    =       0
     dielc   =   1.00000, cut     =   8.00000, intdiel =   1.00000

Frozen or restrained atoms:
     ibelly  =       0, ntr     =       1
     restraint_wt =  10.00000

Molecular dynamics:
     nstlim  =     15000, nscm    =         0, nrespa  =         1
     t       =   0.00000, dt      =   0.00200, vlimit  =  20.00000

Berendsen (weak-coupling) temperature regulation:
     temp0   = 298.00000, tempi   =   0.00000, tautp   =   1.00000

Pressure regulation:
     ntp     =       1
     pres0   =   1.00000, comp    =  44.60000, taup    =   0.50000

SHAKE:
     ntc     =       2, jfastw  =       0
     tol     =   0.00001

Ewald parameters:
     verbose =       0, ew_type =       0, nbflag  =       1, use_pme =       1
     vdwmeth =       1, eedmeth =       1, netfrc  =       1
     Box X =   54.510   Box Y =   36.369   Box Z =   46.105
     Alpha =   90.000   Beta  =   90.000   Gamma =   90.000
     NFFT1 =   54       NFFT2 =   36       NFFT3 =   48
     Cutoff=    8.000   Tol   =0.100E-04
     Ewald Coefficient =  0.34864
     Interpolation order =    4

    LOADING THE CONSTRAINED ATOMS AS GROUPS


   5.  REFERENCE ATOM COORDINATES

  LIG 
     Mask !:CYC; matches    22 atoms

--------------------------------------------------------------------------------
   3.  ATOMIC COORDINATES AND VELOCITIES
--------------------------------------------------------------------------------

LIG                                                                             
 begin time read from input coords =    10.000 ps

 Number of triangulated 3-point waters found:        0

     Sum of charges from parm topology file =   0.00000000
     Forcing neutrality...

--------------------------------------------------------------------------------
   4.  RESULTS
--------------------------------------------------------------------------------

|  # of SOLUTE  degrees of freedom (RNDFP):    9968.
|  # of SOLVENT degrees of freedom (RNDFS):       0.
|  NDFMIN =    9968.     NUM_NOSHAKE =      0     CORRECTED RNDFP =    9968.
|  TOTAL # of degrees of freedom (RNDF) =    9968.
 ---------------------------------------------------
 APPROXIMATING switch and d/dx switch using CUBIC SPLINE INTERPOLATION
 using   5000.0 points per unit in tabled values
 TESTING RELATIVE ERROR over r ranging from 0.0 to cutoff
| CHECK switch(x): max rel err =   0.2738E-14   at   2.422500
| CHECK d/dx switch(x): max rel err =   0.8332E-11   at   2.782960
 ---------------------------------------------------
| Local SIZE OF NONBOND LIST =     400708
| TOTAL SIZE OF NONBOND LIST =     400708

 NSTEP =     1500   TIME(PS) =      13.000  TEMP(K) =   294.37  PRESS =    82.5
 Etot   =      5628.1882  EKtot   =      2915.5131  EPtot      =      2712.6751
 BOND   =       341.1540  ANGLE   =      1440.4711  DIHED      =       916.1532
 1-4 NB =       662.4686  1-4 EEL =      -182.5016  VDWAALS    =      -791.6987
 EELEC  =       322.1206  EHBOND  =         0.0000  RESTRAINT  =         4.5080
 EAMBER (non-restraint)  =      2708.1670
 EKCMT  =       439.6191  VIRIAL  =       270.9445  VOLUME     =     94745.0195
                                                    Density    =         0.3508
 Ewald error estimate:   0.1010E-03
 ------------------------------------------------------------------------------


 NSTEP =     3000   TIME(PS) =      16.000  TEMP(K) =   293.43  PRESS =   118.3
 Etot   =      5766.6257  EKtot   =      2906.1752  EPtot      =      2860.4505
 BOND   =       390.0222  ANGLE   =      1585.1814  DIHED      =       889.2793
 1-4 NB =       661.8139  1-4 EEL =      -182.6174  VDWAALS    =      -811.8495
 EELEC  =       322.7110  EHBOND  =         0.0000  RESTRAINT  =         5.9096
 EAMBER (non-restraint)  =      2854.5409
 EKCMT  =       374.7592  VIRIAL  =       129.3180  VOLUME     =     96053.9833
                                                    Density    =         0.3460
 Ewald error estimate:   0.2521E-03
 ------------------------------------------------------------------------------


 NSTEP =     4500   TIME(PS) =      19.000  TEMP(K) =   294.62  PRESS =   102.6
 Etot   =      5837.8676  EKtot   =      2917.9937  EPtot      =      2919.8739
 BOND   =       375.8008  ANGLE   =      1669.6529  DIHED      =       897.1097
 1-4 NB =       667.4371  1-4 EEL =      -183.5448  VDWAALS    =      -832.1626
 EELEC  =       322.9741  EHBOND  =         0.0000  RESTRAINT  =         2.6066
 EAMBER (non-restraint)  =      2917.2673
 EKCMT  =       364.8557  VIRIAL  =       152.8751  VOLUME     =     95710.4424
                                                    Density    =         0.3473
 Ewald error estimate:   0.1028E-03
 ------------------------------------------------------------------------------


 NSTEP =     6000   TIME(PS) =      22.000  TEMP(K) =   294.73  PRESS =  -218.8
 Etot   =      5882.6700  EKtot   =      2919.0144  EPtot      =      2963.6556
 BOND   =       426.7074  ANGLE   =      1719.7420  DIHED      =       876.8424
 1-4 NB =       664.7327  1-4 EEL =      -184.1057  VDWAALS    =      -867.0080
 EELEC  =       323.6002  EHBOND  =         0.0000  RESTRAINT  =         3.1446
 EAMBER (non-restraint)  =      2960.5109
 EKCMT  =       313.5595  VIRIAL  =       763.9960  VOLUME     =     95367.7040
                                                    Density    =         0.3485
 Ewald error estimate:   0.1837E-03
 ------------------------------------------------------------------------------


 NSTEP =     7500   TIME(PS) =      25.000  TEMP(K) =   299.97  PRESS =   -43.1
 Etot   =      5916.7365  EKtot   =      2970.9217  EPtot      =      2945.8148
 BOND   =       423.3372  ANGLE   =      1739.2178  DIHED      =       851.4775
 1-4 NB =       655.6990  1-4 EEL =      -185.6326  VDWAALS    =      -867.3466
 EELEC  =       324.6134  EHBOND  =         0.0000  RESTRAINT  =         4.4490
 EAMBER (non-restraint)  =      2941.3658
 EKCMT  =       322.9907  VIRIAL  =       410.1161  VOLUME     =     93683.9014
                                                    Density    =         0.3548
 Ewald error estimate:   0.4024E-03
 ------------------------------------------------------------------------------


 NSTEP =     9000   TIME(PS) =      28.000  TEMP(K) =   303.41  PRESS =  -176.6
 Etot   =      5897.4199  EKtot   =      3004.9949  EPtot      =      2892.4250
 BOND   =       395.5989  ANGLE   =      1781.9107  DIHED      =       851.3415
 1-4 NB =       657.1611  1-4 EEL =      -183.9051  VDWAALS    =      -940.4777
 EELEC  =       323.5447  EHBOND  =         0.0000  RESTRAINT  =         7.2509
 EAMBER (non-restraint)  =      2885.1741
 EKCMT  =       282.0731  VIRIAL  =       631.9066  VOLUME     =     91753.9546
                                                    Density    =         0.3622
 Ewald error estimate:   0.9785E-04
 ------------------------------------------------------------------------------


 NSTEP =    10500   TIME(PS) =      31.000  TEMP(K) =   298.25  PRESS =  -240.0
 Etot   =      5892.7147  EKtot   =      2953.9441  EPtot      =      2938.7706
 BOND   =       436.8162  ANGLE   =      1788.1190  DIHED      =       858.6629
 1-4 NB =       657.5573  1-4 EEL =      -184.7062  VDWAALS    =      -947.8660
 EELEC  =       324.2916  EHBOND  =         0.0000  RESTRAINT  =         5.8958
 EAMBER (non-restraint)  =      2932.8747
 EKCMT  =       287.7082  VIRIAL  =       747.9404  VOLUME     =     88819.3362
                                                    Density    =         0.3742
 Ewald error estimate:   0.1571E-03
 ------------------------------------------------------------------------------


 NSTEP =    12000   TIME(PS) =      34.000  TEMP(K) =   300.73  PRESS =  -240.7
 Etot   =      5874.4396  EKtot   =      2978.4315  EPtot      =      2896.0081
 BOND   =       420.1373  ANGLE   =      1848.5333  DIHED      =       854.7873
 1-4 NB =       657.0133  1-4 EEL =      -185.1204  VDWAALS    =     -1031.4756
 EELEC  =       324.5982  EHBOND  =         0.0000  RESTRAINT  =         7.5347
 EAMBER (non-restraint)  =      2888.4734
 EKCMT  =       283.9122  VIRIAL  =       725.8746  VOLUME     =     85044.6579
                                                    Density    =         0.3908
 Ewald error estimate:   0.1953E-03
 ------------------------------------------------------------------------------


 NSTEP =    13500   TIME(PS) =      37.000  TEMP(K) =   297.46  PRESS =  -154.8
 Etot   =      5820.4390  EKtot   =      2946.0971  EPtot      =      2874.3419
 BOND   =       411.3565  ANGLE   =      1871.9934  DIHED      =       860.8461
 1-4 NB =       669.8755  1-4 EEL =      -184.4948  VDWAALS    =     -1082.7981
 EELEC  =       324.0034  EHBOND  =         0.0000  RESTRAINT  =         3.5598
 EAMBER (non-restraint)  =      2870.7821
 EKCMT  =       285.9246  VIRIAL  =       556.9209  VOLUME     =     81062.2730
                                                    Density    =         0.4100
 Ewald error estimate:   0.2550E-03
 ------------------------------------------------------------------------------


 NSTEP =    15000   TIME(PS) =      40.000  TEMP(K) =   298.10  PRESS =  -107.5
 Etot   =      5774.2471  EKtot   =      2952.4705  EPtot      =      2821.7766
 BOND   =       429.5352  ANGLE   =      1881.5627  DIHED      =       843.5342
 1-4 NB =       655.1067  1-4 EEL =      -184.9721  VDWAALS    =     -1132.2415
 EELEC  =       324.5423  EHBOND  =         0.0000  RESTRAINT  =         4.7091
 EAMBER (non-restraint)  =      2817.0675
 EKCMT  =       278.9356  VIRIAL  =       459.9221  VOLUME     =     77991.2763
                                                    Density    =         0.4262
 Ewald error estimate:   0.2763E-03
 ------------------------------------------------------------------------------


      A V E R A G E S   O V E R   15000 S T E P S


 NSTEP =    15000   TIME(PS) =      40.000  TEMP(K) =   296.38  PRESS =   -58.3
 Etot   =      5811.6755  EKtot   =      2935.4134  EPtot      =      2876.2620
 BOND   =       401.5308  ANGLE   =      1712.3421  DIHED      =       873.2748
 1-4 NB =       661.0755  1-4 EEL =      -183.9754  VDWAALS    =      -916.7496
 EELEC  =       323.5460  EHBOND  =         0.0000  RESTRAINT  =         5.2179
 EAMBER (non-restraint)  =      2871.0442
 EKCMT  =       333.7321  VIRIAL  =       439.9767  VOLUME     =     90765.6290
                                                    Density    =         0.3676
 Ewald error estimate:   0.1740E-03
 ------------------------------------------------------------------------------


      R M S  F L U C T U A T I O N S


 NSTEP =    15000   TIME(PS) =      40.000  TEMP(K) =     3.79  PRESS =   125.4
 Etot   =       116.4513  EKtot   =        37.5008  EPtot      =        99.8101
 BOND   =        33.6409  ANGLE   =       148.8736  DIHED      =        20.1526
 1-4 NB =         8.6386  1-4 EEL =         1.2969  VDWAALS    =       102.5831
 EELEC  =         0.8363  EHBOND  =         0.0000  RESTRAINT  =         1.6539
 EAMBER (non-restraint)  =        98.1562
 EKCMT  =        65.8214  VIRIAL  =       199.0117  VOLUME     =      5537.8939
                                                    Density    =         0.0239
 Ewald error estimate:   0.8756E-04
 ------------------------------------------------------------------------------


--------------------------------------------------------------------------------
   5.  TIMINGS
--------------------------------------------------------------------------------

|                Build the list            12.66 (97.50% of List )
|                Other                      0.32 ( 2.50% of List )
|             List time                 12.99 ( 4.54% of Nonbo)
|                   Short_ene time           164.17 (98.56% of Direc)
|                   Other                      2.40 ( 1.44% of Direc)
|                Direct Ewald time        166.57 (60.99% of Ewald)
|                Adjust Ewald time         12.35 ( 4.52% of Ewald)
|                Self Ewald time            0.02 ( 0.01% of Ewald)
|                   Fill Bspline coeffs        2.54 ( 2.91% of Recip)
|                   Fill charge grid           7.14 ( 8.17% of Recip)
|                   Scalar sum                19.56 (22.38% of Recip)
|                   Grad sum                  14.67 (16.78% of Recip)
|                   FFT time                  43.46 (49.74% of Recip)
|                   Other                      0.02 ( 0.03% of Recip)
|                Recip Ewald time          87.38 (32.00% of Ewald)
|                Force Adjust               0.06 ( 0.02% of Ewald)
|                Virial junk                0.30 ( 0.11% of Ewald)
|                Other                      6.42 ( 2.35% of Ewald)
|             Ewald time               273.10 (95.44% of Nonbo)
|             Other                      0.05 ( 0.02% of Nonbo)
|          Nonbond force            286.15 (84.17% of Force)
|          Bond/Angle/Dihedral       53.69 (15.79% of Force)
|          Other                      0.11 ( 0.03% of Force)
|       Force time               339.95 (98.42% of Runmd)
|       Shake time                 2.49 ( 0.72% of Runmd)
|       Verlet update time         2.17 ( 0.63% of Runmd)
|       Ekcmr time                 0.32 ( 0.09% of Runmd)
|       Other                      0.49 ( 0.14% of Runmd)
|    Runmd Time               345.41 (100.0% of Total)
|    Other                      0.07 ( 0.02% of Total)
| Total time               345.49 (100.0% of ALL  )

| Number of list builds   :        846

| Highest rstack allocated:     323704
| Highest istack allocated:       4270

| Final Performance Info:
| -----------------------------------------------------
| Average timings for all steps:
|     Elapsed(s) =     345.41 Per Step(ms) =      23.03
|         ns/day =       7.50   seconds/ns =   11513.81
| -----------------------------------------------------

|           Job began  at 11:23:50.831  on 03/22/2017
|           Setup done at 11:23:50.903  on 03/22/2017
|           Run   done at 11:29:36.317  on 03/22/2017
|     wallclock() was called  691715 times
