
          -------------------------------------------------------
          Amber 16 SANDER                              2016
          -------------------------------------------------------

| Run on 03/22/2017 at 11:21:57

|   Executable path: sander
| Working directory: /home/steboss/Simulation/logP_standrews/b_diphenyl/cyclohexane/equilibration
|          Hostname: Unknown
  [-O]verwriting output

File Assignments:
|  MDIN: md00002.in                                                            
| MDOUT: md00002.out                                                           
|INPCRD: min00001.rst7                                                         
|  PARM: solvated.parm7                                                        
|RESTRT: md00002.rst7                                                          
|  REFC: solvated.rst7                                                         
| MDVEL: mdvel                                                                 
| MDFRC: mdfrc                                                                 
|  MDEN: md00002.en                                                            
| MDCRD: md00002.nc                                                            
|MDINFO: md00002.info                                                          
|  MTMD: mtmd                                                                  
|INPDIP: inpdip                                                                
|RSTDIP: rstdip                                                                
|INPTRA: inptraj                                                               


 Here is the input file:

heat the system                                                                
&cntrl                                                                         
ntxo=1,                                                                        
imin = 0, nstlim = 1000, irest = 0, ntx = 1, dt = 0.002,                       
nmropt = 1,                                                                    
ntt = 1, temp0 = 300.0, tempi = 5.0, tautp = 1.0,                              
ntb = 1, pres0 = 1.0,                                                          
ntc = 2, ntf = 2,                                                              
ioutfm = 1, iwrap = 1,                                                         
ntwe = 200, ntwx = 200, ntpr = 100,                                            
ntr = 1, restraint_wt = 10.00,                                                 
restraintmask="!:CYC",                                                         
/                                                                              
                                                                               
&wt                                                                            
type = 'TEMP0',                                                                
istep1 = 0, istep2 = 1000,                                                     
value1 = 5.0, value2 = 300.0                                                   
/                                                                              
                                                                               
&wt type = 'END'                                                               
 /                                                                             
                                                                               

--------------------------------------------------------------------------------
   1.  RESOURCE   USE: 
--------------------------------------------------------------------------------

| Flags:                                                                        
 getting new box info from bottom of inpcrd
|  INFO: Old style inpcrd file read

| peek_ewald_inpcrd: Box info found
|Largest sphere to fit in unit cell has radius =    18.184
| New format PARM file being parsed.
| Version =    1.000 Date = 03/22/17 Time = 11:21:53
 NATOM  =    4270 NTYPES =       4 NBONH =    2842 MBONA  =    1429
 NTHETH =    7100 MTHETA =    1432 NPHIH =   11370 MPHIA  =    4268
 NHPARM =       0 NPARM  =       0 NNB   =   25124 NRES   =     237
 NBONA  =    1429 NTHETA =    1432 NPHIA =    4268 NUMBND =       6
 NUMANG =       9 NPTRA  =       8 NATYP =       5 NPHB   =       0
 IFBOX  =       1 NMXRS  =      22 IFCAP =       0 NEXTRA =       0
 NCOPY  =       0


|     Memory Use     Allocated
|     Real              386459
|     Hollerith          13049
|     Integer           906355
|     Max Pairs        1423333
|     nblistReal         51240
|     nblist Int        366808
|       Total            14003 kbytes

| Note: 1-4 EEL scale factors are being read from the topology file.

| Note: 1-4 VDW scale factors are being read from the topology file.
| Duplicated    0 dihedrals
| Duplicated    0 dihedrals

     BOX TYPE: RECTILINEAR

--------------------------------------------------------------------------------
   2.  CONTROL  DATA  FOR  THE  RUN
--------------------------------------------------------------------------------

LIG                                                                             

General flags:
     imin    =       0, nmropt  =       1

Nature and format of input:
     ntx     =       1, irest   =       0, ntrx    =       1

Nature and format of output:
     ntxo    =       1, ntpr    =     100, ntrx    =       1, ntwr    =    1000
     iwrap   =       1, ntwx    =     200, ntwv    =       0, ntwe    =     200
     ioutfm  =       1, ntwprt  =       0, idecomp =       0, rbornstat=      0

Potential function:
     ntf     =       2, ntb     =       1, igb     =       0, nsnb    =      25
     ipol    =       0, gbsa    =       0, iesp    =       0
     dielc   =   1.00000, cut     =   8.00000, intdiel =   1.00000

Frozen or restrained atoms:
     ibelly  =       0, ntr     =       1
     restraint_wt =  10.00000

Molecular dynamics:
     nstlim  =      1000, nscm    =         0, nrespa  =         1
     t       =   0.00000, dt      =   0.00200, vlimit  =  20.00000

Berendsen (weak-coupling) temperature regulation:
     temp0   = 300.00000, tempi   =   5.00000, tautp   =   1.00000

SHAKE:
     ntc     =       2, jfastw  =       0
     tol     =   0.00001

NMR refinement options:
     iscale  =       0, noeskp  =       1, ipnlty  =       1, mxsub   =       1
     scalm   = 100.00000, pencut  =   0.10000, tausw   =   0.10000

Ewald parameters:
     verbose =       0, ew_type =       0, nbflag  =       1, use_pme =       1
     vdwmeth =       1, eedmeth =       1, netfrc  =       1
     Box X =   54.510   Box Y =   36.369   Box Z =   46.105
     Alpha =   90.000   Beta  =   90.000   Gamma =   90.000
     NFFT1 =   54       NFFT2 =   36       NFFT3 =   48
     Cutoff=    8.000   Tol   =0.100E-04
     Ewald Coefficient =  0.34864
     Interpolation order =    4

    LOADING THE CONSTRAINED ATOMS AS GROUPS


   5.  REFERENCE ATOM COORDINATES

  LIG 
     Mask !:CYC; matches    22 atoms

--------------------------------------------------------------------------------
   3.  ATOMIC COORDINATES AND VELOCITIES
--------------------------------------------------------------------------------

LIG                                                                             
 begin time read from input coords =     0.000 ps



           Begin reading energy term weight changes/NMR restraints
 WEIGHT CHANGES:
 TEMP0         0   1000    5.000000  300.000000      0      0

 RESTRAINTS:
                          ** No restraint defined **

                  Done reading weight changes/NMR restraints


 Number of triangulated 3-point waters found:        0

     Sum of charges from parm topology file =   0.00000000
     Forcing neutrality...

--------------------------------------------------------------------------------
   4.  RESULTS
--------------------------------------------------------------------------------

|  # of SOLUTE  degrees of freedom (RNDFP):    9968.
|  # of SOLVENT degrees of freedom (RNDFS):       0.
|  NDFMIN =    9968.     NUM_NOSHAKE =      0     CORRECTED RNDFP =    9968.
|  TOTAL # of degrees of freedom (RNDF) =    9968.
 ---------------------------------------------------
 APPROXIMATING switch and d/dx switch using CUBIC SPLINE INTERPOLATION
 using   5000.0 points per unit in tabled values
 TESTING RELATIVE ERROR over r ranging from 0.0 to cutoff
| CHECK switch(x): max rel err =   0.2738E-14   at   2.422500
| CHECK d/dx switch(x): max rel err =   0.8332E-11   at   2.782960
 ---------------------------------------------------
| Local SIZE OF NONBOND LIST =     412919
| TOTAL SIZE OF NONBOND LIST =     412919

 NSTEP =        0   TIME(PS) =       0.000  TEMP(K) =     6.49  PRESS =     0.0
 Etot   =       843.5392  EKtot   =        64.2756  EPtot      =       779.2636
 BOND   =        31.1064  ANGLE   =        21.7980  DIHED      =       673.5141
 1-4 NB =       557.5773  1-4 EEL =      -188.4858  VDWAALS    =      -641.7888
 EELEC  =       325.4514  EHBOND  =         0.0000  RESTRAINT  =         0.0910
 EAMBER (non-restraint)  =       779.1726
 Ewald error estimate:   0.2769E-03
 ------------------------------------------------------------------------------

 NMR restraints: Bond =    0.000   Angle =     0.000   Torsion =     0.000
===============================================================================

 NSTEP =      100   TIME(PS) =       0.200  TEMP(K) =     4.08  PRESS =     0.0
 Etot   =       848.4718  EKtot   =        40.4235  EPtot      =       808.0482
 BOND   =        34.1827  ANGLE   =        45.9921  DIHED      =       674.0673
 1-4 NB =       559.8786  1-4 EEL =      -188.4219  VDWAALS    =      -643.4233
 EELEC  =       325.6680  EHBOND  =         0.0000  RESTRAINT  =         0.1048
 EAMBER (non-restraint)  =       807.9435
 Ewald error estimate:   0.5093E-04
 ------------------------------------------------------------------------------

 NMR restraints: Bond =    0.000   Angle =     0.000   Torsion =     0.000
===============================================================================

 NSTEP =      200   TIME(PS) =       0.400  TEMP(K) =    10.59  PRESS =     0.0
 Etot   =       915.0159  EKtot   =       104.8705  EPtot      =       810.1455
 BOND   =        40.3319  ANGLE   =        52.9349  DIHED      =       678.0049
 1-4 NB =       556.1497  1-4 EEL =      -188.0254  VDWAALS    =      -654.7756
 EELEC  =       325.2933  EHBOND  =         0.0000  RESTRAINT  =         0.2318
 EAMBER (non-restraint)  =       809.9136
 Ewald error estimate:   0.5676E-03
 ------------------------------------------------------------------------------

 NMR restraints: Bond =    0.000   Angle =     0.000   Torsion =     0.000
===============================================================================

 NSTEP =      300   TIME(PS) =       0.600  TEMP(K) =    22.67  PRESS =     0.0
 Etot   =      1038.8136  EKtot   =       224.5409  EPtot      =       814.2727
 BOND   =        38.5239  ANGLE   =        77.6708  DIHED      =       679.4117
 1-4 NB =       565.4358  1-4 EEL =      -188.4116  VDWAALS    =      -684.2165
 EELEC  =       325.6909  EHBOND  =         0.0000  RESTRAINT  =         0.1677
 EAMBER (non-restraint)  =       814.1050
 Ewald error estimate:   0.5149E-03
 ------------------------------------------------------------------------------

 NMR restraints: Bond =    0.000   Angle =     0.000   Torsion =     0.000
===============================================================================

 NSTEP =      400   TIME(PS) =       0.800  TEMP(K) =    44.04  PRESS =     0.0
 Etot   =      1188.7197  EKtot   =       436.1538  EPtot      =       752.5659
 BOND   =        42.9948  ANGLE   =        66.5085  DIHED      =       681.7696
 1-4 NB =       559.2098  1-4 EEL =      -188.2173  VDWAALS    =      -735.3722
 EELEC  =       325.4038  EHBOND  =         0.0000  RESTRAINT  =         0.2690
 EAMBER (non-restraint)  =       752.2969
 Ewald error estimate:   0.2044E-03
 ------------------------------------------------------------------------------

 NMR restraints: Bond =    0.000   Angle =     0.000   Torsion =     0.000
===============================================================================

 NSTEP =      500   TIME(PS) =       1.000  TEMP(K) =    59.65  PRESS =     0.0
 Etot   =      1359.9221  EKtot   =       590.7860  EPtot      =       769.1362
 BOND   =        47.0663  ANGLE   =       107.5196  DIHED      =       690.6165
 1-4 NB =       566.9181  1-4 EEL =      -187.8666  VDWAALS    =      -780.4668
 EELEC  =       325.1285  EHBOND  =         0.0000  RESTRAINT  =         0.2207
 EAMBER (non-restraint)  =       768.9155
 Ewald error estimate:   0.1701E-03
 ------------------------------------------------------------------------------

 NMR restraints: Bond =    0.000   Angle =     0.000   Torsion =     0.000
===============================================================================

 NSTEP =      600   TIME(PS) =       1.200  TEMP(K) =    80.94  PRESS =     0.0
 Etot   =      1549.2825  EKtot   =       801.6651  EPtot      =       747.6174
 BOND   =        51.5049  ANGLE   =       113.1846  DIHED      =       697.2191
 1-4 NB =       568.9869  1-4 EEL =      -187.8441  VDWAALS    =      -820.6507
 EELEC  =       324.9880  EHBOND  =         0.0000  RESTRAINT  =         0.2287
 EAMBER (non-restraint)  =       747.3888
 Ewald error estimate:   0.1311E-04
 ------------------------------------------------------------------------------

 NMR restraints: Bond =    0.000   Angle =     0.000   Torsion =     0.000
===============================================================================

 NSTEP =      700   TIME(PS) =       1.400  TEMP(K) =    98.15  PRESS =     0.0
 Etot   =      1758.1020  EKtot   =       972.1038  EPtot      =       785.9982
 BOND   =        62.2490  ANGLE   =       171.4275  DIHED      =       705.8692
 1-4 NB =       569.6416  1-4 EEL =      -187.9059  VDWAALS    =      -860.6732
 EELEC  =       325.1537  EHBOND  =         0.0000  RESTRAINT  =         0.2362
 EAMBER (non-restraint)  =       785.7619
 Ewald error estimate:   0.5088E-04
 ------------------------------------------------------------------------------

 NMR restraints: Bond =    0.000   Angle =     0.000   Torsion =     0.000
===============================================================================

 NSTEP =      800   TIME(PS) =       1.600  TEMP(K) =   118.98  PRESS =     0.0
 Etot   =      1986.3040  EKtot   =      1178.3992  EPtot      =       807.9048
 BOND   =        63.1678  ANGLE   =       179.9416  DIHED      =       726.0022
 1-4 NB =       574.9306  1-4 EEL =      -186.9979  VDWAALS    =      -874.0979
 EELEC  =       324.6254  EHBOND  =         0.0000  RESTRAINT  =         0.3328
 EAMBER (non-restraint)  =       807.5719
 Ewald error estimate:   0.2866E-03
 ------------------------------------------------------------------------------

 NMR restraints: Bond =    0.000   Angle =     0.000   Torsion =     0.000
===============================================================================

 NSTEP =      900   TIME(PS) =       1.800  TEMP(K) =   137.11  PRESS =     0.0
 Etot   =      2235.5389  EKtot   =      1357.9497  EPtot      =       877.5892
 BOND   =        63.5969  ANGLE   =       213.2501  DIHED      =       735.5207
 1-4 NB =       584.0755  1-4 EEL =      -187.2679  VDWAALS    =      -856.6804
 EELEC  =       324.7071  EHBOND  =         0.0000  RESTRAINT  =         0.3872
 EAMBER (non-restraint)  =       877.2020
 Ewald error estimate:   0.1483E-03
 ------------------------------------------------------------------------------

 NMR restraints: Bond =    0.000   Angle =     0.000   Torsion =     0.000
===============================================================================

 NSTEP =     1000   TIME(PS) =       2.000  TEMP(K) =   154.79  PRESS =     0.0
 Etot   =      2505.9035  EKtot   =      1533.1131  EPtot      =       972.7905
 BOND   =        76.6853  ANGLE   =       256.9042  DIHED      =       748.2488
 1-4 NB =       585.8238  1-4 EEL =      -187.7395  VDWAALS    =      -832.3339
 EELEC  =       324.8201  EHBOND  =         0.0000  RESTRAINT  =         0.3816
 EAMBER (non-restraint)  =       972.4089
 Ewald error estimate:   0.1258E-04
 ------------------------------------------------------------------------------

 NMR restraints: Bond =    0.000   Angle =     0.000   Torsion =     0.000
===============================================================================

      A V E R A G E S   O V E R    1000 S T E P S


 NSTEP =     1000   TIME(PS) =       2.000  TEMP(K) =    65.15  PRESS =     0.0
 Etot   =      1453.6235  EKtot   =       645.2648  EPtot      =       808.3587
 BOND   =        49.3880  ANGLE   =       122.1727  DIHED      =       697.7533
 1-4 NB =       567.7152  1-4 EEL =      -187.8989  VDWAALS    =      -766.1977
 EELEC  =       325.1906  EHBOND  =         0.0000  RESTRAINT  =         0.2354
 EAMBER (non-restraint)  =       808.1233
 Ewald error estimate:   0.2349E-03
 ------------------------------------------------------------------------------

 NMR restraints: Bond =    0.000   Angle =     0.000   Torsion =     0.000
===============================================================================

      R M S  F L U C T U A T I O N S


 NSTEP =     1000   TIME(PS) =       2.000  TEMP(K) =    49.59  PRESS =     0.0
 Etot   =       510.3145  EKtot   =       491.1130  EPtot      =        42.1146
 BOND   =        11.2331  ANGLE   =        63.5857  DIHED      =        23.6841
 1-4 NB =         8.4338  1-4 EEL =         0.5684  VDWAALS    =        89.1517
 EELEC  =         0.3998  EHBOND  =         0.0000  RESTRAINT  =         0.0917
 EAMBER (non-restraint)  =        42.0229
 Ewald error estimate:   0.1604E-03
 ------------------------------------------------------------------------------


 NMR restraints on final step:


--------------------------------------------------------------------------------
   5.  TIMINGS
--------------------------------------------------------------------------------

|    Read coords time           0.00 ( 0.02% of Total)
|                Build the list             0.46 (93.42% of List )
|                Other                      0.03 ( 6.58% of List )
|             List time                  0.49 ( 2.73% of Nonbo)
|                   Short_ene time             9.92 (98.16% of Direc)
|                   Other                      0.19 ( 1.84% of Direc)
|                Direct Ewald time         10.11 (57.98% of Ewald)
|                Adjust Ewald time          0.82 ( 4.73% of Ewald)
|                Self Ewald time            0.00 ( 0.01% of Ewald)
|                   Fill Bspline coeffs        0.18 ( 2.93% of Recip)
|                   Fill charge grid           0.51 ( 8.40% of Recip)
|                   Scalar sum                 1.34 (22.15% of Recip)
|                   Grad sum                   1.02 (16.87% of Recip)
|                   FFT time                   3.00 (49.62% of Recip)
|                   Other                      0.00 ( 0.03% of Recip)
|                Recip Ewald time           6.04 (34.65% of Ewald)
|                Force Adjust               0.00 ( 0.02% of Ewald)
|                Virial junk                0.02 ( 0.11% of Ewald)
|                Other                      0.44 ( 2.50% of Ewald)
|             Ewald time                17.44 (97.25% of Nonbo)
|             Other                      0.00 ( 0.02% of Nonbo)
|          Nonbond force             17.93 (83.28% of Force)
|          Bond/Angle/Dihedral        3.59 (16.67% of Force)
|          Other                      0.01 ( 0.05% of Force)
|       Force time                21.53 (98.68% of Runmd)
|       Shake time                 0.14 ( 0.64% of Runmd)
|       Verlet update time         0.13 ( 0.58% of Runmd)
|       Other                      0.02 ( 0.09% of Runmd)
|    Runmd Time                21.82 (99.72% of Total)
|    Other                      0.06 ( 0.27% of Total)
| Total time                21.88 (100.0% of ALL  )

| Number of list builds   :         30

| Highest rstack allocated:     323704
| Highest istack allocated:       4270

| Final Performance Info:
| -----------------------------------------------------
| Average timings for all steps:
|     Elapsed(s) =      21.82 Per Step(ms) =      21.82
|         ns/day =       7.92   seconds/ns =   10907.67
| -----------------------------------------------------

|           Job began  at 11:21:57.489  on 03/22/2017
|           Setup done at 11:21:57.552  on 03/22/2017
|           Run   done at 11:22:19.367  on 03/22/2017
|     wallclock() was called   44121 times
