
          -------------------------------------------------------
          Amber 16 SANDER                              2016
          -------------------------------------------------------

| Run on 03/22/2017 at 11:21:53

|   Executable path: sander
| Working directory: /home/steboss/Simulation/logP_standrews/b_diphenyl/cyclohexane/equilibration
|          Hostname: Unknown
  [-O]verwriting output

File Assignments:
|  MDIN: min00001.in                                                           
| MDOUT: min00001.out                                                          
|INPCRD: solvated.rst7                                                         
|  PARM: solvated.parm7                                                        
|RESTRT: min00001.rst7                                                         
|  REFC: solvated.rst7                                                         
| MDVEL: mdvel                                                                 
| MDFRC: mdfrc                                                                 
|  MDEN: min00001.en                                                           
| MDCRD: min00001.nc                                                           
|MDINFO: min00001.info                                                         
|  MTMD: mtmd                                                                  
|INPDIP: inpdip                                                                
|RSTDIP: rstdip                                                                
|INPTRA: inptraj                                                               


 Here is the input file:

                                                                               
Minimise whole system                                                          
&cntrl                                                                         
ntxo=1,                                                                        
imin = 1, ntmin = 1,                                                           
maxcyc = 100, ncyc = 10,                                                       
ntpr = 20, ntwe = 20,                                                          
dx0 = 1.0D-7,                                                                  
ntb = 1,                                                                       
ntr = 1, restraint_wt = 10.00,                                                 
restraintmask="!:CYC",                                                         
/                                                                              

--------------------------------------------------------------------------------
   1.  RESOURCE   USE: 
--------------------------------------------------------------------------------

| Flags:                                                                        
 getting new box info from bottom of inpcrd
|  INFO: Old style inpcrd file read

| peek_ewald_inpcrd: Box info found
|Largest sphere to fit in unit cell has radius =    18.184
| New format PARM file being parsed.
| Version =    1.000 Date = 03/22/17 Time = 11:21:53
 NATOM  =    4270 NTYPES =       4 NBONH =    2842 MBONA  =    1429
 NTHETH =    7100 MTHETA =    1432 NPHIH =   11370 MPHIA  =    4268
 NHPARM =       0 NPARM  =       0 NNB   =   25124 NRES   =     237
 NBONA  =    1429 NTHETA =    1432 NPHIA =    4268 NUMBND =       6
 NUMANG =       9 NPTRA  =       8 NATYP =       5 NPHB   =       0
 IFBOX  =       1 NMXRS  =      22 IFCAP =       0 NEXTRA =       0
 NCOPY  =       0


|     Memory Use     Allocated
|     Real              437870
|     Hollerith          13049
|     Integer           906310
|     Max Pairs        1423333
|     nblistReal         51240
|     nblist Int        366808
|       Total            14405 kbytes

| Note: 1-4 EEL scale factors are being read from the topology file.

| Note: 1-4 VDW scale factors are being read from the topology file.
| Duplicated    0 dihedrals
| Duplicated    0 dihedrals

     BOX TYPE: RECTILINEAR

--------------------------------------------------------------------------------
   2.  CONTROL  DATA  FOR  THE  RUN
--------------------------------------------------------------------------------

LIG                                                                             

General flags:
     imin    =       1, nmropt  =       0

Nature and format of input:
     ntx     =       1, irest   =       0, ntrx    =       1

Nature and format of output:
     ntxo    =       1, ntpr    =      20, ntrx    =       1, ntwr    =       1
     iwrap   =       0, ntwx    =       0, ntwv    =       0, ntwe    =      20
     ioutfm  =       1, ntwprt  =       0, idecomp =       0, rbornstat=      0

Potential function:
     ntf     =       1, ntb     =       1, igb     =       0, nsnb    =      25
     ipol    =       0, gbsa    =       0, iesp    =       0
     dielc   =   1.00000, cut     =   8.00000, intdiel =   1.00000

Frozen or restrained atoms:
     ibelly  =       0, ntr     =       1
     restraint_wt =  10.00000

Energy minimization:
     maxcyc  =     100, ncyc    =      10, ntmin   =       1
     dx0     =   0.00000, drms    =   0.00010

Ewald parameters:
     verbose =       0, ew_type =       0, nbflag  =       1, use_pme =       1
     vdwmeth =       1, eedmeth =       1, netfrc  =       0
     Box X =   54.510   Box Y =   36.369   Box Z =   46.105
     Alpha =   90.000   Beta  =   90.000   Gamma =   90.000
     NFFT1 =   54       NFFT2 =   36       NFFT3 =   48
     Cutoff=    8.000   Tol   =0.100E-04
     Ewald Coefficient =  0.34864
     Interpolation order =    4

    LOADING THE CONSTRAINED ATOMS AS GROUPS


   5.  REFERENCE ATOM COORDINATES

  LIG 
     Mask !:CYC; matches    22 atoms

--------------------------------------------------------------------------------
   3.  ATOMIC COORDINATES AND VELOCITIES
--------------------------------------------------------------------------------

LIG                                                                             
 begin time read from input coords =     0.000 ps

 Number of triangulated 3-point waters found:        0

     Sum of charges from parm topology file =   0.00000000
     Forcing neutrality...

--------------------------------------------------------------------------------
   4.  RESULTS
--------------------------------------------------------------------------------

 ---------------------------------------------------
 APPROXIMATING switch and d/dx switch using CUBIC SPLINE INTERPOLATION
 using   5000.0 points per unit in tabled values
 TESTING RELATIVE ERROR over r ranging from 0.0 to cutoff
| CHECK switch(x): max rel err =   0.2738E-14   at   2.422500
| CHECK d/dx switch(x): max rel err =   0.8332E-11   at   2.782960
 ---------------------------------------------------
| Local SIZE OF NONBOND LIST =     412922
| TOTAL SIZE OF NONBOND LIST =     412922


   NSTEP       ENERGY          RMS            GMAX         NAME    NUMBER
      1       9.2365E+02     2.3379E+00     1.2107E+01     C4          5

 BOND    =       25.2524  ANGLE   =       27.6154  DIHED      =      661.0848
 VDWAALS =     -628.6102  EEL     =      332.6707  HBOND      =        0.0000
 1-4 VDW =      704.6151  1-4 EEL =     -198.9802  RESTRAINT  =        0.0000


   NSTEP       ENERGY          RMS            GMAX         NAME    NUMBER
     20       8.0628E+02     1.0824E+00     5.1947E+01     C6          7

 BOND    =       34.8073  ANGLE   =       28.9996  DIHED      =      653.3408
 VDWAALS =     -634.7565  EEL     =      329.6634  HBOND      =        0.0000
 1-4 VDW =      590.2615  1-4 EEL =     -196.0992  RESTRAINT  =        0.0651
 EAMBER  =      806.2168


   NSTEP       ENERGY          RMS            GMAX         NAME    NUMBER
     40       7.8809E+02     5.0773E-01     1.5176E+01     C5          6

 BOND    =       28.7423  ANGLE   =       16.1035  DIHED      =      666.1184
 VDWAALS =     -638.4416  EEL     =      327.6038  HBOND      =        0.0000
 1-4 VDW =      579.9944  1-4 EEL =     -192.0971  RESTRAINT  =        0.0626
 EAMBER  =      788.0237


   NSTEP       ENERGY          RMS            GMAX         NAME    NUMBER
     60       7.8103E+02     1.2811E-01     3.0645E+00     C9         10

 BOND    =       31.5564  ANGLE   =       22.5256  DIHED      =      673.3747
 VDWAALS =     -641.5544  EEL     =      325.4988  HBOND      =        0.0000
 1-4 VDW =      558.0751  1-4 EEL =     -188.5444  RESTRAINT  =        0.0942
 EAMBER  =      780.9319


   NSTEP       ENERGY          RMS            GMAX         NAME    NUMBER
     80       7.8346E+02     5.7350E-01     8.0800E+00     C8          9

 BOND    =       31.3327  ANGLE   =       18.0785  DIHED      =      676.5087
 VDWAALS =     -641.5826  EEL     =      325.5102  HBOND      =        0.0000
 1-4 VDW =      562.1458  1-4 EEL =     -188.6246  RESTRAINT  =        0.0919
 EAMBER  =      783.3687


   NSTEP       ENERGY          RMS            GMAX         NAME    NUMBER
    100       7.8013E+02     4.2927E-02     5.4865E-01     C8          9

 BOND    =       31.9701  ANGLE   =       21.7980  DIHED      =      673.5141
 VDWAALS =     -641.7888  EEL     =      325.4514  HBOND      =        0.0000
 1-4 VDW =      557.5773  1-4 EEL =     -188.4858  RESTRAINT  =        0.0910
 EAMBER  =      780.0362


  Maximum number of minimization cycles reached.


                    FINAL RESULTS



   NSTEP       ENERGY          RMS            GMAX         NAME    NUMBER
    100       7.8013E+02     4.2927E-02     5.4865E-01     C8          9

 BOND    =       31.9701  ANGLE   =       21.7980  DIHED      =      673.5141
 VDWAALS =     -641.7888  EEL     =      325.4514  HBOND      =        0.0000
 1-4 VDW =      557.5773  1-4 EEL =     -188.4858  RESTRAINT  =        0.0910
 EAMBER  =      780.0362

--------------------------------------------------------------------------------
   5.  TIMINGS
--------------------------------------------------------------------------------

|    Read coords time           0.00 ( 0.08% of Total)
|                Build the list             0.01 (50.13% of List )
|                Other                      0.01 (49.87% of List )
|             List time                  0.03 ( 1.12% of Nonbo)
|                   Short_ene time             1.19 (97.94% of Direc)
|                   Other                      0.03 ( 2.06% of Direc)
|                Direct Ewald time          1.21 (53.15% of Ewald)
|                Adjust Ewald time          0.11 ( 4.93% of Ewald)
|                Self Ewald time            0.00 ( 0.01% of Ewald)
|                   Fill Bspline coeffs        0.03 ( 2.81% of Recip)
|                   Fill charge grid           0.07 ( 8.25% of Recip)
|                   Scalar sum                 0.20 (21.67% of Recip)
|                   Grad sum                   0.16 (17.27% of Recip)
|                   FFT time                   0.45 (49.97% of Recip)
|                   Other                      0.00 ( 0.02% of Recip)
|                Recip Ewald time           0.90 (39.58% of Ewald)
|                Virial junk                0.00 ( 0.11% of Ewald)
|                Other                      0.05 ( 2.20% of Ewald)
|             Ewald time                 2.28 (98.86% of Nonbo)
|             Other                      0.00 ( 0.02% of Nonbo)
|          Nonbond force              2.31 (83.16% of Force)
|          Bond/Angle/Dihedral        0.47 (16.79% of Force)
|          Other                      0.00 ( 0.06% of Force)
|       Force time                 2.78 (100.0% of Runmd)
|    Runmd Time                 2.78 (71.29% of Total)
|    Other                      1.12 (28.63% of Total)
| Total time                 3.90 (100.0% of ALL  )

| Number of list builds   :          1

| Highest rstack allocated:     323704
| Highest istack allocated:       4270
|           Job began  at 11:21:53.582  on 03/22/2017
|           Setup done at 11:21:53.638  on 03/22/2017
|           Run   done at 11:21:57.479  on 03/22/2017
|     wallclock() was called    3850 times
