            --------------------------------------------------------
                             AMBER SQM VERSION 14
 
                                     By
              Ross C. Walker, Michael F. Crowley, Scott Brozell,
                         Tim Giese, Andreas W. Goetz,
                        Tai-Sung Lee and David A. Case
 
            --------------------------------------------------------
 

--------------------------------------------------------------------------------
  QM CALCULATION INFO
--------------------------------------------------------------------------------

| QMMM: Citation for AMBER QMMM Run:
| QMMM: R.C. Walker, M.F. Crowley and D.A. Case, J. COMP. CHEM. 29:1019, 2008

QMMM: SINGLET STATE CALCULATION
QMMM: RHF CALCULATION, NO. OF DOUBLY OCCUPIED LEVELS = 44

| QMMM: *** Selected Hamiltonian *** 
| QMMM: AM1         

| QMMM: *** Parameter sets in use ***
| QMMM: C : M.J.S.DEWAR et al. JACS, 107, 3902, (1985)
| QMMM: F : M.J.S.DEWAR et al. THEOCHEM, 180, 1, (1988)
| QMMM: H : M.J.S.DEWAR et al. JACS, 107, 3902, (1985)

| QMMM: *** SCF convergence criteria ***
| QMMM: Energy change                :  0.1D-09 kcal/mol
| QMMM: Error matrix |FP-PF|         :  0.1D+00 au
| QMMM: Density matrix change        :  0.5D-06
| QMMM: Maximum number of SCF cycles :     1000

| QMMM: *** Diagonalization Routine Information ***
| QMMM: Pseudo diagonalizations are allowed.
| QMMM: Auto diagonalization routine selection is in use.
| QMMM:
| QMMM: Timing diagonalization routines:
| QMMM:                              norbs =       76
| QMMM:    diag iterations used for timing =       15
| QMMM:
| QMMM:              Internal diag routine = 0.018754 seconds
| QMMM:                 Dspev diag routine = 0.018478 seconds
| QMMM:                Dspevd diag routine = 0.014656 seconds
| QMMM:                Dspevx diag routine = 0.056390 seconds
| QMMM:                 Dsyev diag routine = 0.020059 seconds
| QMMM:                Dsyevd diag routine = 0.017349 seconds
| QMMM:                Dsyevr diag routine = 0.017434 seconds
| QMMM:
| QMMM:                Pseudo diag routine = 0.006224 seconds
| QMMM:
| QMMM: Using dspevd routine (diag_routine=3).

  QMMM: QM Region Cartesian Coordinates (*=link atom) 
  QMMM: QM_NO.   MM_NO.  ATOM         X         Y         Z
  QMMM:     1        1      C       17.2510   15.3740   18.7370
  QMMM:     2        2      C       15.7490   15.5130   18.3800
  QMMM:     3        3      C       14.9170   16.0170   19.5860
  QMMM:     4        4      C       15.1240   15.0880   20.7990
  QMMM:     5        5      C       16.6110   14.9530   21.1720
  QMMM:     6        6      C       17.4240   14.4550   19.9630
  QMMM:     7        7      F       17.7880   16.5650   19.0120
  QMMM:     8        8      F       15.2730   17.2590   19.9210
  QMMM:     9        9      F       14.4120   15.5150   21.8420
  QMMM:    10       10      F       18.7130   14.3310   20.2780
  QMMM:    11       11      C       14.9930   17.6940   14.6830
  QMMM:    12       12      C       14.6500   16.3320   14.7870
  QMMM:    13       13      C       14.8970   15.6320   15.9830
  QMMM:    14       14      C       15.4890   16.2860   17.0880
  QMMM:    15       15      C       15.8270   17.6530   16.9750
  QMMM:    16       16      C       15.5820   18.3530   15.7780
  QMMM:    17       17      H       17.8090   14.9770   17.8890
  QMMM:    18       18      H       15.4000   14.4990   18.1820
  QMMM:    19       19      H       13.8600   16.0620   19.3240
  QMMM:    20       20      H       14.7200   14.1020   20.5700
  QMMM:    21       21      H       16.9980   15.9170   21.5050
  QMMM:    22       22      H       16.7270   14.2660   22.0100
  QMMM:    23       23      H       17.1010   13.4470   19.7030
  QMMM:    24       24      H       14.8050   18.2320   13.7660
  QMMM:    25       25      H       14.1970   15.8260   13.9470
  QMMM:    26       26      H       14.6250   14.5880   16.0410
  QMMM:    27       27      H       16.2770   18.1750   17.8080
  QMMM:    28       28      H       15.8460   19.3980   15.7030

--------------------------------------------------------------------------------
  RESULTS
--------------------------------------------------------------------------------

      iter         sqm energy              rms gradient
      ----    -------------------    -----------------------
xmin    10     -180.9640 kcal/mol        0.0091 kcal/(mol*A)
xmin    20     -180.9641 kcal/mol        0.0092 kcal/(mol*A)
  ... geometry converged !
 
 Final MO eigenvalues (eV):
 -49.8295  -49.3981  -48.7119  -48.4643  -39.9454  -37.4496  -33.5787  -31.6451
 -30.3463  -29.7924  -24.9140  -24.0064  -23.5329  -22.3386  -21.2537  -18.6700
 -18.0883  -17.9610  -17.6780  -17.4703  -17.3135  -16.7459  -16.2484  -16.1791
 -15.9072  -15.5956  -15.4372  -14.9633  -14.5962  -14.3417  -14.2465  -13.9345
 -13.7060  -13.6174  -13.0922  -12.4248  -12.4078  -12.2266  -12.0179  -12.0009
 -11.7157  -11.2525   -9.8881   -9.7659    0.1162    0.3447    2.3661    2.3676
   2.6091    2.7237    2.8216    2.8727    2.9248    3.1031    3.1631    3.3593
   3.3924    3.6459    3.6701    3.7784    3.8568    3.9635    4.0420    4.1023
   4.2356    4.3007    4.3219    4.4345    4.6411    4.7199    4.8123    4.9376
   5.3268    5.3620    5.4857    5.8630

 Heat of formation   =       -180.96413188 kcal/mol  (       -7.84719361 eV)

 Total SCF energy    =     -84008.19301190 kcal/mol  (    -3642.86860986 eV)
 Electronic energy   =    -441742.24506953 kcal/mol  (   -19155.38116602 eV)
 Core-core repulsion =     357734.05205763 kcal/mol  (    15512.51255616 eV)
 
    Atomic Charges for Step       1 :
  Atom    Element       Mulliken Charge
     1      C                  0.044
     2      C                 -0.115
     3      C                  0.044
     4      C                  0.039
     5      C                 -0.225
     6      C                  0.039
     7      F                 -0.144
     8      F                 -0.144
     9      F                 -0.152
    10      F                 -0.152
    11      C                 -0.119
    12      C                 -0.133
    13      C                 -0.122
    14      C                 -0.093
    15      C                 -0.101
    16      C                 -0.129
    17      H                  0.113
    18      H                  0.108
    19      H                  0.113
    20      H                  0.095
    21      H                  0.135
    22      H                  0.117
    23      H                  0.095
    24      H                  0.134
    25      H                  0.133
    26      H                  0.127
    27      H                  0.158
    28      H                  0.137
 Total Mulliken Charge =      -0.000
 
                  X        Y        Z     TOTAL  
  QM DIPOLE    -1.567   -2.464   -2.417    3.791
 
 Final Structure

  QMMM: QM Region Cartesian Coordinates (*=link atom) 
  QMMM: QM_NO.   MM_NO.  ATOM         X         Y         Z
  QMMM:     1        1      C       17.2502   15.4213   18.7204
  QMMM:     2        2      C       15.7482   15.5219   18.3802
  QMMM:     3        3      C       14.9288   16.0636   19.5705
  QMMM:     4        4      C       15.1219   15.0802   20.7700
  QMMM:     5        5      C       16.6044   14.9750   21.1313
  QMMM:     6        6      C       17.4004   14.4497   19.9355
  QMMM:     7        7      F       17.8348   16.6423   18.9938
  QMMM:     8        8      F       15.2712   17.3517   19.9326
  QMMM:     9        9      F       14.3748   15.4926   21.8585
  QMMM:    10       10      F       18.7345   14.2861   20.2619
  QMMM:    11       11      C       15.0051   17.6629   14.7331
  QMMM:    12       12      C       14.6713   16.3130   14.8414
  QMMM:    13       13      C       14.9155   15.6248   16.0282
  QMMM:    14       14      C       15.4973   16.2820   17.1207
  QMMM:    15       15      C       15.8298   17.6369   17.0052
  QMMM:    16       16      C       15.5842   18.3225   15.8165
  QMMM:    17       17      H       17.7917   14.9696   17.8385
  QMMM:    18       18      H       15.3965   14.4590   18.2229
  QMMM:    19       19      H       13.8358   16.0643   19.2872
  QMMM:    20       20      H       14.7358   14.0692   20.4477
  QMMM:    21       21      H       16.9906   15.9880   21.4204
  QMMM:    22       22      H       16.7358   14.2908   22.0071
  QMMM:    23       23      H       16.9949   13.4441   19.6203
  QMMM:    24       24      H       14.8118   18.2049   13.7957
  QMMM:    25       25      H       14.2143   15.7887   13.9893
  QMMM:    26       26      H       14.6482   14.5600   16.1025
  QMMM:    27       27      H       16.2878   18.1567   17.8634
  QMMM:    28       28      H       15.8495   19.3872   15.7368

           --------- Calculation Completed ----------

