            --------------------------------------------------------
                             AMBER SQM VERSION 14
 
                                     By
              Ross C. Walker, Michael F. Crowley, Scott Brozell,
                         Tim Giese, Andreas W. Goetz,
                        Tai-Sung Lee and David A. Case
 
            --------------------------------------------------------
 

--------------------------------------------------------------------------------
  QM CALCULATION INFO
--------------------------------------------------------------------------------

| QMMM: Citation for AMBER QMMM Run:
| QMMM: R.C. Walker, M.F. Crowley and D.A. Case, J. COMP. CHEM. 29:1019, 2008

QMMM: SINGLET STATE CALCULATION
QMMM: RHF CALCULATION, NO. OF DOUBLY OCCUPIED LEVELS = 44

| QMMM: *** Selected Hamiltonian *** 
| QMMM: AM1         

| QMMM: *** Parameter sets in use ***
| QMMM: C : M.J.S.DEWAR et al. JACS, 107, 3902, (1985)
| QMMM: F : M.J.S.DEWAR et al. THEOCHEM, 180, 1, (1988)
| QMMM: H : M.J.S.DEWAR et al. JACS, 107, 3902, (1985)

| QMMM: *** SCF convergence criteria ***
| QMMM: Energy change                :  0.1D-09 kcal/mol
| QMMM: Error matrix |FP-PF|         :  0.1D+00 au
| QMMM: Density matrix change        :  0.5D-06
| QMMM: Maximum number of SCF cycles :     1000

| QMMM: *** Diagonalization Routine Information ***
| QMMM: Pseudo diagonalizations are allowed.
| QMMM: Auto diagonalization routine selection is in use.
| QMMM:
| QMMM: Timing diagonalization routines:
| QMMM:                              norbs =       76
| QMMM:    diag iterations used for timing =       15
| QMMM:
| QMMM:              Internal diag routine = 0.016120 seconds
| QMMM:                 Dspev diag routine = 0.018911 seconds
| QMMM:                Dspevd diag routine = 0.014654 seconds
| QMMM:                Dspevx diag routine = 0.056780 seconds
| QMMM:                 Dsyev diag routine = 0.020153 seconds
| QMMM:                Dsyevd diag routine = 0.017373 seconds
| QMMM:                Dsyevr diag routine = 0.017479 seconds
| QMMM:
| QMMM:                Pseudo diag routine = 0.006239 seconds
| QMMM:
| QMMM: Using dspevd routine (diag_routine=3).

  QMMM: QM Region Cartesian Coordinates (*=link atom) 
  QMMM: QM_NO.   MM_NO.  ATOM         X         Y         Z
  QMMM:     1        1      C        1.7900    1.6660    1.0440
  QMMM:     2        2      C        0.3260    1.7820    0.5460
  QMMM:     3        3      C       -0.5940    2.2120    1.7170
  QMMM:     4        4      C       -0.4580    1.2950    2.9480
  QMMM:     5        5      C        1.0010    1.1810    3.4090
  QMMM:     6        6      C        1.8910    0.7120    2.2490
  QMMM:     7        7      F        2.2420    2.8690    1.4150
  QMMM:     8        8      F       -0.2940    3.5100    2.0760
  QMMM:     9        9      F       -1.2420    1.7750    3.9770
  QMMM:    10       10      F        3.1570    0.5990    2.6560
  QMMM:    11       11      C       -0.3360    4.3000   -2.9660
  QMMM:    12       12      C       -1.4040    3.6060   -2.3700
  QMMM:    13       13      C       -1.1720    2.7890   -1.2470
  QMMM:    14       14      C        0.1240    2.6670   -0.6930
  QMMM:    15       15      C        1.1920    3.3590   -1.3130
  QMMM:    16       16      C        0.9630    4.1670   -2.4420
  QMMM:    17       17      H        2.4390    1.3110    0.2440
  QMMM:    18       18      H        0.0180    0.7820    0.2330
  QMMM:    19       19      H       -1.6380    2.2160    1.4060
  QMMM:    20       20      H       -0.8440    0.3030    2.7110
  QMMM:    21       21      H        1.3470    2.1480    3.7800
  QMMM:    22       22      H        1.0760    0.4860    4.2440
  QMMM:    23       23      H        1.5880   -0.2910    1.9440
  QMMM:    24       24      H       -0.5080    4.9300   -3.8260
  QMMM:    25       25      H       -2.4020    3.7000   -2.7770
  QMMM:    26       26      H       -2.0070    2.2590   -0.8120
  QMMM:    27       27      H        2.2020    3.2940   -0.9410
  QMMM:    28       28      H        1.7900    4.6890   -2.9030

--------------------------------------------------------------------------------
  RESULTS
--------------------------------------------------------------------------------

      iter         sqm energy              rms gradient
      ----    -------------------    -----------------------
xmin    10     -179.4508 kcal/mol        0.8162 kcal/(mol*A)
xmin    20     -179.7855 kcal/mol        0.1975 kcal/(mol*A)
xmin    30     -179.8933 kcal/mol        0.6070 kcal/(mol*A)
xmin    40     -180.0052 kcal/mol        0.1800 kcal/(mol*A)
xmin    50     -180.0247 kcal/mol        0.1636 kcal/(mol*A)
xmin    60     -180.0433 kcal/mol        0.1310 kcal/(mol*A)
xmin    70     -180.0306 kcal/mol        0.6726 kcal/(mol*A)
xmin    80     -180.0688 kcal/mol        0.2130 kcal/(mol*A)
xmin    90     -180.0775 kcal/mol        0.0343 kcal/(mol*A)
xmin   100     -180.0641 kcal/mol        0.1344 kcal/(mol*A)
xmin   110     -180.0710 kcal/mol        0.0207 kcal/(mol*A)
xmin   120     -180.1235 kcal/mol        0.1333 kcal/(mol*A)
xmin   130     -180.3098 kcal/mol        0.9775 kcal/(mol*A)
xmin   140     -180.5737 kcal/mol        0.8535 kcal/(mol*A)
xmin   150     -180.9170 kcal/mol        0.1163 kcal/(mol*A)
xmin   160     -180.9540 kcal/mol        0.1447 kcal/(mol*A)
xmin   170     -180.9633 kcal/mol        0.0471 kcal/(mol*A)
xmin   180     -180.9641 kcal/mol        0.0036 kcal/(mol*A)
xmin   190     -180.9641 kcal/mol        0.0047 kcal/(mol*A)
xmin   200     -180.9641 kcal/mol        0.0037 kcal/(mol*A)
  ... geometry converged !
 
 Final MO eigenvalues (eV):
 -49.8295  -49.3981  -48.7119  -48.4644  -39.9455  -37.4496  -33.5787  -31.6451
 -30.3463  -29.7924  -24.9140  -24.0064  -23.5330  -22.3386  -21.2538  -18.6701
 -18.0883  -17.9610  -17.6780  -17.4703  -17.3135  -16.7459  -16.2484  -16.1791
 -15.9072  -15.5956  -15.4373  -14.9634  -14.5962  -14.3417  -14.2465  -13.9345
 -13.7060  -13.6174  -13.0922  -12.4248  -12.4078  -12.2265  -12.0179  -12.0009
 -11.7157  -11.2525   -9.8881   -9.7659    0.1162    0.3447    2.3661    2.3676
   2.6091    2.7237    2.8216    2.8727    2.9248    3.1031    3.1631    3.3593
   3.3924    3.6459    3.6701    3.7784    3.8568    3.9635    4.0420    4.1024
   4.2356    4.3007    4.3219    4.4345    4.6411    4.7199    4.8122    4.9376
   5.3268    5.3620    5.4857    5.8630

 Heat of formation   =       -180.96413125 kcal/mol  (       -7.84719358 eV)

 Total SCF energy    =     -84008.19301128 kcal/mol  (    -3642.86860983 eV)
 Electronic energy   =    -441742.25772596 kcal/mol  (   -19155.38171484 eV)
 Core-core repulsion =     357734.06471468 kcal/mol  (    15512.51310501 eV)
 
    Atomic Charges for Step       1 :
  Atom    Element       Mulliken Charge
     1      C                  0.044
     2      C                 -0.115
     3      C                  0.044
     4      C                  0.039
     5      C                 -0.225
     6      C                  0.039
     7      F                 -0.144
     8      F                 -0.144
     9      F                 -0.152
    10      F                 -0.152
    11      C                 -0.119
    12      C                 -0.133
    13      C                 -0.122
    14      C                 -0.093
    15      C                 -0.101
    16      C                 -0.129
    17      H                  0.113
    18      H                  0.108
    19      H                  0.113
    20      H                  0.095
    21      H                  0.135
    22      H                  0.117
    23      H                  0.095
    24      H                  0.134
    25      H                  0.133
    26      H                  0.127
    27      H                  0.158
    28      H                  0.137
 Total Mulliken Charge =      -0.000
 
                  X        Y        Z     TOTAL  
  QM DIPOLE    -2.385   -1.935   -2.221    3.791
 
 Final Structure

  QMMM: QM Region Cartesian Coordinates (*=link atom) 
  QMMM: QM_NO.   MM_NO.  ATOM         X         Y         Z
  QMMM:     1        1      C        1.6320    1.4022    0.8495
  QMMM:     2        2      C        0.1890    1.9080    0.6403
  QMMM:     3        3      C       -0.3432    2.6457    1.8869
  QMMM:     4        4      C       -0.3166    1.6409    3.0839
  QMMM:     5        5      C        1.1083    1.1359    3.3159
  QMMM:     6        6      C        1.6221    0.4203    2.0656
  QMMM:     7        7      F        2.5471    2.4176    1.0467
  QMMM:     8        8      F        0.3659    3.7909    2.1923
  QMMM:     9        9      F       -0.8236    2.2350    4.2254
  QMMM:    10       10      F        2.8858   -0.1006    2.2769
  QMMM:    11       11      C       -0.2714    4.1883   -2.9689
  QMMM:    12       12      C       -0.9471    2.9791   -2.8051
  QMMM:    13       13      C       -0.7926    2.2446   -1.6310
  QMMM:    14       14      C        0.0412    2.7139   -0.6070
  QMMM:    15       15      C        0.7163    3.9282   -0.7779
  QMMM:    16       16      C        0.5596    4.6606   -1.9537
  QMMM:    17       17      H        1.9498    0.8250   -0.0674
  QMMM:    18       18      H       -0.4497    0.9810    0.5353
  QMMM:    19       19      H       -1.4161    2.9441    1.7005
  QMMM:    20       20      H       -0.9890    0.7741    2.8165
  QMMM:    21       21      H        1.7785    2.0048    3.5502
  QMMM:    22       22      H        1.1277    0.4374    4.1901
  QMMM:    23       23      H        0.9331   -0.4361    1.8068
  QMMM:    24       24      H       -0.3942    4.7670   -3.8960
  QMMM:    25       25      H       -1.6037    2.6027   -3.6033
  QMMM:    26       26      H       -1.3304    1.2920   -1.5126
  QMMM:    27       27      H        1.3731    4.2999    0.0263
  QMMM:    28       28      H        1.0950    5.6137   -2.0773

           --------- Calculation Completed ----------

