
          -------------------------------------------------------
          Amber 16 SANDER                              2016
          -------------------------------------------------------

| Run on 03/27/2017 at 12:41:37

|   Executable path: sander
| Working directory: /home/steboss/Simulation/logP_standrews/inputfiles/boat/a_phenyl-cyclohexane/water/equilibration
|          Hostname: Unknown
  [-O]verwriting output

File Assignments:
|  MDIN: md00004.in                                                            
| MDOUT: md00004.out                                                           
|INPCRD: md00003.rst7                                                          
|  PARM: solvated.parm7                                                        
|RESTRT: md00004.rst7                                                          
|  REFC: solvated.rst7                                                         
| MDVEL: mdvel                                                                 
| MDFRC: mdfrc                                                                 
|  MDEN: md00004.en                                                            
| MDCRD: md00004.nc                                                            
|MDINFO: md00004.info                                                          
|  MTMD: mtmd                                                                  
|INPDIP: inpdip                                                                
|RSTDIP: rstdip                                                                
|INPTRA: inptraj                                                               


 Here is the input file:

md with sander                                                                 
&cntrl                                                                         
ntxo=1,                                                                        
imin = 0, nstlim = 15000, irest = 1, ntx = 5, dt = 0.002,                      
ntt = 1, temp0 = 298.0, tautp = 1.0,                                           
ntp = 1, pres0 = 1.0, taup = 0.5,                                              
ntb = 2,                                                                       
ntc = 2, ntf = 2,                                                              
ioutfm = 1, iwrap = 1,                                                         
ntwe = 3000, ntwx = 3000, ntpr = 1500,                                         
ntr = 1, restraint_wt = 10.00,                                                 
restraintmask="!:WAT,HOH,T3P,T4P",                                             
/                                                                              
                                                                               

--------------------------------------------------------------------------------
   1.  RESOURCE   USE: 
--------------------------------------------------------------------------------

| Flags:                                                                        
 getting new box info from bottom of inpcrd
|  INFO: Old style inpcrd file read

| peek_ewald_inpcrd: Box info found
|Largest sphere to fit in unit cell has radius =    17.130
| New format PARM file being parsed.
| Version =    1.000 Date = 03/27/17 Time = 12:40:00
 NATOM  =    3160 NTYPES =       6 NBONH =    3148 MBONA  =      13
 NTHETH =      38 MTHETA =      16 NPHIH =      69 MPHIA  =      33
 NHPARM =       0 NPARM  =       0 NNB   =    4342 NRES   =    1045
 NBONA  =      13 NTHETA =      16 NPHIA =      33 NUMBND =       7
 NUMANG =       8 NPTRA  =       9 NATYP =       6 NPHB   =       1
 IFBOX  =       1 NMXRS  =      28 IFCAP =       0 NEXTRA =       0
 NCOPY  =       0


|     Memory Use     Allocated
|     Real              308558
|     Hollerith          10527
|     Integer            96826
|     Max Pairs        1053333
|     nblistReal         37920
|     nblist Int        172670
|       Total             7915 kbytes

| Note: 1-4 EEL scale factors are being read from the topology file.

| Note: 1-4 VDW scale factors are being read from the topology file.
| Duplicated    0 dihedrals
| Duplicated    0 dihedrals

     BOX TYPE: RECTILINEAR

--------------------------------------------------------------------------------
   2.  CONTROL  DATA  FOR  THE  RUN
--------------------------------------------------------------------------------

LIG                                                                             

General flags:
     imin    =       0, nmropt  =       0

Nature and format of input:
     ntx     =       5, irest   =       1, ntrx    =       1

Nature and format of output:
     ntxo    =       1, ntpr    =    1500, ntrx    =       1, ntwr    =   15000
     iwrap   =       1, ntwx    =    3000, ntwv    =       0, ntwe    =    3000
     ioutfm  =       1, ntwprt  =       0, idecomp =       0, rbornstat=      0

Potential function:
     ntf     =       2, ntb     =       2, igb     =       0, nsnb    =      25
     ipol    =       0, gbsa    =       0, iesp    =       0
     dielc   =   1.00000, cut     =   8.00000, intdiel =   1.00000

Frozen or restrained atoms:
     ibelly  =       0, ntr     =       1
     restraint_wt =  10.00000

Molecular dynamics:
     nstlim  =     15000, nscm    =         0, nrespa  =         1
     t       =   0.00000, dt      =   0.00200, vlimit  =  20.00000

Berendsen (weak-coupling) temperature regulation:
     temp0   = 298.00000, tempi   =   0.00000, tautp   =   1.00000

Pressure regulation:
     ntp     =       1
     pres0   =   1.00000, comp    =  44.60000, taup    =   0.50000

SHAKE:
     ntc     =       2, jfastw  =       0
     tol     =   0.00001

Ewald parameters:
     verbose =       0, ew_type =       0, nbflag  =       1, use_pme =       1
     vdwmeth =       1, eedmeth =       1, netfrc  =       1
     Box X =   38.861   Box Y =   34.260   Box Z =   34.680
     Alpha =   90.000   Beta  =   90.000   Gamma =   90.000
     NFFT1 =   40       NFFT2 =   36       NFFT3 =   36
     Cutoff=    8.000   Tol   =0.100E-04
     Ewald Coefficient =  0.34864
     Interpolation order =    4

    LOADING THE CONSTRAINED ATOMS AS GROUPS


   5.  REFERENCE ATOM COORDINATES

  LIG 
     Mask !:WAT,HOH,T3P,T4P; matches    28 atoms

--------------------------------------------------------------------------------
   3.  ATOMIC COORDINATES AND VELOCITIES
--------------------------------------------------------------------------------

LIG                                                                             
 begin time read from input coords =    10.000 ps

 Number of triangulated 3-point waters found:     1044

     Sum of charges from parm topology file =   0.00000000
     Forcing neutrality...

--------------------------------------------------------------------------------
   4.  RESULTS
--------------------------------------------------------------------------------

|  # of SOLUTE  degrees of freedom (RNDFP):    6332.
|  # of SOLVENT degrees of freedom (RNDFS):       0.
|  NDFMIN =    6332.     NUM_NOSHAKE =      0     CORRECTED RNDFP =    6332.
|  TOTAL # of degrees of freedom (RNDF) =    6332.
 ---------------------------------------------------
 APPROXIMATING switch and d/dx switch using CUBIC SPLINE INTERPOLATION
 using   5000.0 points per unit in tabled values
 TESTING RELATIVE ERROR over r ranging from 0.0 to cutoff
| CHECK switch(x): max rel err =   0.2738E-14   at   2.422500
| CHECK d/dx switch(x): max rel err =   0.8332E-11   at   2.782960
 ---------------------------------------------------
| Local SIZE OF NONBOND LIST =     515218
| TOTAL SIZE OF NONBOND LIST =     515218

 NSTEP =     1500   TIME(PS) =      13.000  TEMP(K) =   298.13  PRESS =  -382.0
 Etot   =     -7808.7284  EKtot   =      1875.6709  EPtot      =     -9684.3993
 BOND   =         4.6138  ANGLE   =        10.2981  DIHED      =         9.7894
 1-4 NB =         9.0699  1-4 EEL =         0.0302  VDWAALS    =      1503.7400
 EELEC  =    -11226.9357  EHBOND  =         0.0000  RESTRAINT  =         4.9950
 EAMBER (non-restraint)  =     -9689.3944
 EKCMT  =       915.5717  VIRIAL  =      1248.3959  VOLUME     =     40351.0059
                                                    Density    =         0.7806
 Ewald error estimate:   0.2793E-05
 ------------------------------------------------------------------------------


 NSTEP =     3000   TIME(PS) =      16.000  TEMP(K) =   300.07  PRESS =  -664.5
 Etot   =     -7911.3498  EKtot   =      1887.8920  EPtot      =     -9799.2418
 BOND   =         6.1392  ANGLE   =        14.2506  DIHED      =        11.7313
 1-4 NB =         8.7040  1-4 EEL =         0.0900  VDWAALS    =      1451.6891
 EELEC  =    -11297.0345  EHBOND  =         0.0000  RESTRAINT  =         5.1883
 EAMBER (non-restraint)  =     -9804.4302
 EKCMT  =       947.1412  VIRIAL  =      1457.3247  VOLUME     =     35556.9857
                                                    Density    =         0.8859
 Ewald error estimate:   0.7821E-04
 ------------------------------------------------------------------------------


 NSTEP =     4500   TIME(PS) =      19.000  TEMP(K) =   295.21  PRESS =    12.2
 Etot   =     -7998.7278  EKtot   =      1857.3108  EPtot      =     -9856.0386
 BOND   =         3.7614  ANGLE   =         9.6886  DIHED      =         9.2297
 1-4 NB =         8.3057  1-4 EEL =         0.1004  VDWAALS    =      1511.8024
 EELEC  =    -11405.7663  EHBOND  =         0.0000  RESTRAINT  =         6.8395
 EAMBER (non-restraint)  =     -9862.8781
 EKCMT  =       921.8870  VIRIAL  =       913.1285  VOLUME     =     33337.2368
                                                    Density    =         0.9449
 Ewald error estimate:   0.4442E-04
 ------------------------------------------------------------------------------


 NSTEP =     6000   TIME(PS) =      22.000  TEMP(K) =   302.32  PRESS =  -224.0
 Etot   =     -8036.6733  EKtot   =      1902.0256  EPtot      =     -9938.6989
 BOND   =         6.3597  ANGLE   =         9.6882  DIHED      =         9.0658
 1-4 NB =         9.0152  1-4 EEL =         0.0211  VDWAALS    =      1450.6683
 EELEC  =    -11428.6097  EHBOND  =         0.0000  RESTRAINT  =         5.0924
 EAMBER (non-restraint)  =     -9943.7914
 EKCMT  =       959.0562  VIRIAL  =      1114.5479  VOLUME     =     32150.7358
                                                    Density    =         0.9797
 Ewald error estimate:   0.3569E-03
 ------------------------------------------------------------------------------


 NSTEP =     7500   TIME(PS) =      25.000  TEMP(K) =   291.00  PRESS =   169.9
 Etot   =     -8060.5016  EKtot   =      1830.8049  EPtot      =     -9891.3065
 BOND   =         4.5353  ANGLE   =        13.3417  DIHED      =         9.8735
 1-4 NB =         9.3014  1-4 EEL =         0.2111  VDWAALS    =      1489.9843
 EELEC  =    -11425.5966  EHBOND  =         0.0000  RESTRAINT  =         7.0428
 EAMBER (non-restraint)  =     -9898.3493
 EKCMT  =       896.3675  VIRIAL  =       778.7961  VOLUME     =     32053.6599
                                                    Density    =         0.9827
 Ewald error estimate:   0.5836E-04
 ------------------------------------------------------------------------------


 NSTEP =     9000   TIME(PS) =      28.000  TEMP(K) =   301.95  PRESS =  -126.3
 Etot   =     -8094.2593  EKtot   =      1899.7033  EPtot      =     -9993.9627
 BOND   =         8.2407  ANGLE   =        11.4965  DIHED      =         8.5465
 1-4 NB =         8.0834  1-4 EEL =        -0.0093  VDWAALS    =      1471.1126
 EELEC  =    -11507.7017  EHBOND  =         0.0000  RESTRAINT  =         6.2686
 EAMBER (non-restraint)  =    -10000.2313
 EKCMT  =       957.7023  VIRIAL  =      1044.7449  VOLUME     =     31922.9655
                                                    Density    =         0.9867
 Ewald error estimate:   0.1298E-03
 ------------------------------------------------------------------------------


 NSTEP =    10500   TIME(PS) =      31.000  TEMP(K) =   297.36  PRESS =  -247.3
 Etot   =     -8090.7546  EKtot   =      1870.8133  EPtot      =     -9961.5680
 BOND   =         5.8600  ANGLE   =        10.9953  DIHED      =        10.6332
 1-4 NB =         9.4496  1-4 EEL =         0.1938  VDWAALS    =      1436.9020
 EELEC  =    -11442.3446  EHBOND  =         0.0000  RESTRAINT  =         6.7428
 EAMBER (non-restraint)  =     -9968.3108
 EKCMT  =       928.6735  VIRIAL  =      1098.5202  VOLUME     =     31810.9527
                                                    Density    =         0.9902
 Ewald error estimate:   0.5680E-03
 ------------------------------------------------------------------------------


 NSTEP =    12000   TIME(PS) =      34.000  TEMP(K) =   298.64  PRESS =   342.5
 Etot   =     -8084.5817  EKtot   =      1878.8703  EPtot      =     -9963.4521
 BOND   =         6.1950  ANGLE   =         9.5116  DIHED      =        10.5081
 1-4 NB =         9.0379  1-4 EEL =         0.0542  VDWAALS    =      1534.2742
 EELEC  =    -11542.0000  EHBOND  =         0.0000  RESTRAINT  =         8.9669
 EAMBER (non-restraint)  =     -9972.4190
 EKCMT  =       917.8084  VIRIAL  =       682.1006  VOLUME     =     31871.8057
                                                    Density    =         0.9883
 Ewald error estimate:   0.1400E-03
 ------------------------------------------------------------------------------


 NSTEP =    13500   TIME(PS) =      37.000  TEMP(K) =   297.75  PRESS =  -429.0
 Etot   =     -8078.3696  EKtot   =      1873.2962  EPtot      =     -9951.6658
 BOND   =         2.9271  ANGLE   =        12.6663  DIHED      =         8.7518
 1-4 NB =        10.4133  1-4 EEL =         0.0406  VDWAALS    =      1429.3167
 EELEC  =    -11422.3965  EHBOND  =         0.0000  RESTRAINT  =         6.6148
 EAMBER (non-restraint)  =     -9958.2806
 EKCMT  =       934.1985  VIRIAL  =      1231.0693  VOLUME     =     32046.5974
                                                    Density    =         0.9829
 Ewald error estimate:   0.1857E-03
 ------------------------------------------------------------------------------


 NSTEP =    15000   TIME(PS) =      40.000  TEMP(K) =   298.55  PRESS =  -326.1
 Etot   =     -8091.1879  EKtot   =      1878.3300  EPtot      =     -9969.5179
 BOND   =         3.8224  ANGLE   =        10.3924  DIHED      =        10.4599
 1-4 NB =         8.5483  1-4 EEL =         0.2707  VDWAALS    =      1427.8352
 EELEC  =    -11436.6869  EHBOND  =         0.0000  RESTRAINT  =         5.8401
 EAMBER (non-restraint)  =     -9975.3580
 EKCMT  =       931.5951  VIRIAL  =      1155.6254  VOLUME     =     31820.2597
                                                    Density    =         0.9899
 Ewald error estimate:   0.1291E-04
 ------------------------------------------------------------------------------


      A V E R A G E S   O V E R   15000 S T E P S


 NSTEP =    15000   TIME(PS) =      40.000  TEMP(K) =   297.62  PRESS =  -138.1
 Etot   =     -8008.6422  EKtot   =      1872.4845  EPtot      =     -9881.1267
 BOND   =         4.7814  ANGLE   =        11.4564  DIHED      =        10.0677
 1-4 NB =         8.6460  1-4 EEL =         0.1098  VDWAALS    =      1479.4584
 EELEC  =    -11401.7925  EHBOND  =         0.0000  RESTRAINT  =         6.1461
 EAMBER (non-restraint)  =     -9887.2728
 EKCMT  =       929.6437  VIRIAL  =      1044.7193  VOLUME     =     33973.4808
                                                    Density    =         0.9362
 Ewald error estimate:   0.1700E-03
 ------------------------------------------------------------------------------


      R M S  F L U C T U A T I O N S


 NSTEP =    15000   TIME(PS) =      40.000  TEMP(K) =     4.45  PRESS =   323.7
 Etot   =       107.3258  EKtot   =        28.0160  EPtot      =       117.0886
 BOND   =         1.6503  ANGLE   =         2.1517  DIHED      =         1.0489
 1-4 NB =         0.7455  1-4 EEL =         0.0892  VDWAALS    =        39.6723
 EELEC  =       125.2472  EHBOND  =         0.0000  RESTRAINT  =         1.5155
 EAMBER (non-restraint)  =       115.5731
 EKCMT  =        20.5474  VIRIAL  =       251.4068  VOLUME     =      3655.1263
                                                    Density    =         0.0847
 Ewald error estimate:   0.1286E-03
 ------------------------------------------------------------------------------


--------------------------------------------------------------------------------
   5.  TIMINGS
--------------------------------------------------------------------------------

|                Build the list            26.14 (98.90% of List )
|                Other                      0.29 ( 1.10% of List )
|             List time                 26.43 ( 8.33% of Nonbo)
|                   Short_ene time           232.39 (99.13% of Direc)
|                   Other                      2.04 ( 0.87% of Direc)
|                Direct Ewald time        234.42 (80.61% of Ewald)
|                Adjust Ewald time          1.80 ( 0.62% of Ewald)
|                Self Ewald time            0.02 ( 0.01% of Ewald)
|                   Fill Bspline coeffs        2.05 ( 3.78% of Recip)
|                   Fill charge grid           5.67 (10.47% of Recip)
|                   Scalar sum                11.23 (20.74% of Recip)
|                   Grad sum                  11.26 (20.80% of Recip)
|                   FFT time                  23.91 (44.17% of Recip)
|                   Other                      0.02 ( 0.04% of Recip)
|                Recip Ewald time          54.13 (18.61% of Ewald)
|                Force Adjust               0.04 ( 0.01% of Ewald)
|                Virial junk                0.26 ( 0.09% of Ewald)
|                Other                      0.12 ( 0.04% of Ewald)
|             Ewald time               290.81 (91.65% of Nonbo)
|             Other                      0.05 ( 0.01% of Nonbo)
|          Nonbond force            317.30 (99.78% of Force)
|          Bond/Angle/Dihedral        0.59 ( 0.19% of Force)
|          Other                      0.10 ( 0.03% of Force)
|       Force time               317.99 (98.39% of Runmd)
|       Shake time                 2.23 ( 0.69% of Runmd)
|       Verlet update time         2.22 ( 0.69% of Runmd)
|       Ekcmr time                 0.39 ( 0.12% of Runmd)
|       Other                      0.35 ( 0.11% of Runmd)
|    Runmd Time               323.18 (100.0% of Total)
|    Other                      0.03 ( 0.01% of Total)
| Total time               323.22 (100.0% of ALL  )

| Number of list builds   :       1403

| Highest rstack allocated:     204374
| Highest istack allocated:       3160

| Final Performance Info:
| -----------------------------------------------------
| Average timings for all steps:
|     Elapsed(s) =     323.18 Per Step(ms) =      21.55
|         ns/day =       8.02   seconds/ns =   10772.75
| -----------------------------------------------------

|           Job began  at 12:41:37.566  on 03/27/2017
|           Setup done at 12:41:37.600  on 03/27/2017
|           Run   done at 12:47:00.783  on 03/27/2017
|     wallclock() was called  692829 times
