
          -------------------------------------------------------
          Amber 16 SANDER                              2016
          -------------------------------------------------------

| Run on 03/27/2017 at 12:40:20

|   Executable path: sander
| Working directory: /home/steboss/Simulation/logP_standrews/inputfiles/boat/a_phenyl-cyclohexane/water/equilibration
|          Hostname: Unknown
  [-O]verwriting output

File Assignments:
|  MDIN: md00003.in                                                            
| MDOUT: md00003.out                                                           
|INPCRD: md00002.rst7                                                          
|  PARM: solvated.parm7                                                        
|RESTRT: md00003.rst7                                                          
|  REFC: solvated.rst7                                                         
| MDVEL: mdvel                                                                 
| MDFRC: mdfrc                                                                 
|  MDEN: md00003.en                                                            
| MDCRD: md00003.nc                                                            
|MDINFO: md00003.info                                                          
|  MTMD: mtmd                                                                  
|INPDIP: inpdip                                                                
|RSTDIP: rstdip                                                                
|INPTRA: inptraj                                                               


 Here is the input file:

constant temperature                                                           
&cntrl                                                                         
ntxo=1,                                                                        
imin = 0, nstlim = 4000, irest = 1, ntx = 5, dt = 0.002,                       
ntt = 1, temp0 = 300.0, tautp = 1.0,                                           
ntb = 1,                                                                       
ntc = 2, ntf = 2,                                                              
ioutfm = 1, iwrap = 1,                                                         
ntwe = 800, ntwx = 800, ntpr = 400,                                            
ntr = 1, restraint_wt = 10.00,                                                 
restraintmask="!:WAT,HOH,T3P,T4P",                                             
/                                                                              
                                                                               

--------------------------------------------------------------------------------
   1.  RESOURCE   USE: 
--------------------------------------------------------------------------------

| Flags:                                                                        
 getting new box info from bottom of inpcrd
|  INFO: Old style inpcrd file read

| peek_ewald_inpcrd: Box info found
|Largest sphere to fit in unit cell has radius =    17.130
| New format PARM file being parsed.
| Version =    1.000 Date = 03/27/17 Time = 12:40:00
 NATOM  =    3160 NTYPES =       6 NBONH =    3148 MBONA  =      13
 NTHETH =      38 MTHETA =      16 NPHIH =      69 MPHIA  =      33
 NHPARM =       0 NPARM  =       0 NNB   =    4342 NRES   =    1045
 NBONA  =      13 NTHETA =      16 NPHIA =      33 NUMBND =       7
 NUMANG =       8 NPTRA  =       9 NATYP =       6 NPHB   =       1
 IFBOX  =       1 NMXRS  =      28 IFCAP =       0 NEXTRA =       0
 NCOPY  =       0


|     Memory Use     Allocated
|     Real              308558
|     Hollerith          10527
|     Integer            96826
|     Max Pairs        1053333
|     nblistReal         37920
|     nblist Int        172670
|       Total             7915 kbytes

| Note: 1-4 EEL scale factors are being read from the topology file.

| Note: 1-4 VDW scale factors are being read from the topology file.
| Duplicated    0 dihedrals
| Duplicated    0 dihedrals

     BOX TYPE: RECTILINEAR

--------------------------------------------------------------------------------
   2.  CONTROL  DATA  FOR  THE  RUN
--------------------------------------------------------------------------------

LIG                                                                             

General flags:
     imin    =       0, nmropt  =       0

Nature and format of input:
     ntx     =       5, irest   =       1, ntrx    =       1

Nature and format of output:
     ntxo    =       1, ntpr    =     400, ntrx    =       1, ntwr    =    4000
     iwrap   =       1, ntwx    =     800, ntwv    =       0, ntwe    =     800
     ioutfm  =       1, ntwprt  =       0, idecomp =       0, rbornstat=      0

Potential function:
     ntf     =       2, ntb     =       1, igb     =       0, nsnb    =      25
     ipol    =       0, gbsa    =       0, iesp    =       0
     dielc   =   1.00000, cut     =   8.00000, intdiel =   1.00000

Frozen or restrained atoms:
     ibelly  =       0, ntr     =       1
     restraint_wt =  10.00000

Molecular dynamics:
     nstlim  =      4000, nscm    =         0, nrespa  =         1
     t       =   0.00000, dt      =   0.00200, vlimit  =  20.00000

Berendsen (weak-coupling) temperature regulation:
     temp0   = 300.00000, tempi   =   0.00000, tautp   =   1.00000

SHAKE:
     ntc     =       2, jfastw  =       0
     tol     =   0.00001

Ewald parameters:
     verbose =       0, ew_type =       0, nbflag  =       1, use_pme =       1
     vdwmeth =       1, eedmeth =       1, netfrc  =       1
     Box X =   38.861   Box Y =   34.260   Box Z =   34.680
     Alpha =   90.000   Beta  =   90.000   Gamma =   90.000
     NFFT1 =   40       NFFT2 =   36       NFFT3 =   36
     Cutoff=    8.000   Tol   =0.100E-04
     Ewald Coefficient =  0.34864
     Interpolation order =    4

    LOADING THE CONSTRAINED ATOMS AS GROUPS


   5.  REFERENCE ATOM COORDINATES

  LIG 
     Mask !:WAT,HOH,T3P,T4P; matches    28 atoms

--------------------------------------------------------------------------------
   3.  ATOMIC COORDINATES AND VELOCITIES
--------------------------------------------------------------------------------

LIG                                                                             
 begin time read from input coords =     2.000 ps

 Number of triangulated 3-point waters found:     1044

     Sum of charges from parm topology file =   0.00000000
     Forcing neutrality...

--------------------------------------------------------------------------------
   4.  RESULTS
--------------------------------------------------------------------------------

|  # of SOLUTE  degrees of freedom (RNDFP):    6332.
|  # of SOLVENT degrees of freedom (RNDFS):       0.
|  NDFMIN =    6332.     NUM_NOSHAKE =      0     CORRECTED RNDFP =    6332.
|  TOTAL # of degrees of freedom (RNDF) =    6332.
 ---------------------------------------------------
 APPROXIMATING switch and d/dx switch using CUBIC SPLINE INTERPOLATION
 using   5000.0 points per unit in tabled values
 TESTING RELATIVE ERROR over r ranging from 0.0 to cutoff
| CHECK switch(x): max rel err =   0.2738E-14   at   2.422500
| CHECK d/dx switch(x): max rel err =   0.8332E-11   at   2.782960
 ---------------------------------------------------
| Local SIZE OF NONBOND LIST =     510269
| TOTAL SIZE OF NONBOND LIST =     510269

 NSTEP =      400   TIME(PS) =       2.800  TEMP(K) =   203.54  PRESS =     0.0
 Etot   =     -9318.7677  EKtot   =      1280.5483  EPtot      =    -10599.3160
 BOND   =         1.3861  ANGLE   =         9.2920  DIHED      =         8.6215
 1-4 NB =         8.7847  1-4 EEL =         0.0871  VDWAALS    =      1903.8177
 EELEC  =    -12535.7709  EHBOND  =         0.0000  RESTRAINT  =         4.4658
 EAMBER (non-restraint)  =    -10603.7818
 Ewald error estimate:   0.1201E-03
 ------------------------------------------------------------------------------


 NSTEP =      800   TIME(PS) =       3.600  TEMP(K) =   228.78  PRESS =     0.0
 Etot   =     -8912.8996  EKtot   =      1439.3720  EPtot      =    -10352.2716
 BOND   =         2.8358  ANGLE   =         7.6722  DIHED      =         8.6271
 1-4 NB =         8.8649  1-4 EEL =         0.0248  VDWAALS    =      1746.2497
 EELEC  =    -12130.8978  EHBOND  =         0.0000  RESTRAINT  =         4.3517
 EAMBER (non-restraint)  =    -10356.6233
 Ewald error estimate:   0.1964E-03
 ------------------------------------------------------------------------------


 NSTEP =     1200   TIME(PS) =       4.400  TEMP(K) =   253.24  PRESS =     0.0
 Etot   =     -8610.9098  EKtot   =      1593.2727  EPtot      =    -10204.1825
 BOND   =         3.1525  ANGLE   =         7.2429  DIHED      =         8.6355
 1-4 NB =         9.2979  1-4 EEL =         0.0192  VDWAALS    =      1622.4946
 EELEC  =    -11860.4365  EHBOND  =         0.0000  RESTRAINT  =         5.4113
 EAMBER (non-restraint)  =    -10209.5938
 Ewald error estimate:   0.5974E-04
 ------------------------------------------------------------------------------


 NSTEP =     1600   TIME(PS) =       5.200  TEMP(K) =   265.65  PRESS =     0.0
 Etot   =     -8396.4687  EKtot   =      1671.3159  EPtot      =    -10067.7846
 BOND   =         3.5803  ANGLE   =         6.4599  DIHED      =         8.7695
 1-4 NB =         8.1759  1-4 EEL =        -0.0507  VDWAALS    =      1611.6964
 EELEC  =    -11710.6333  EHBOND  =         0.0000  RESTRAINT  =         4.2174
 EAMBER (non-restraint)  =    -10072.0020
 Ewald error estimate:   0.1541E-04
 ------------------------------------------------------------------------------


 NSTEP =     2000   TIME(PS) =       6.000  TEMP(K) =   273.13  PRESS =     0.0
 Etot   =     -8227.8596  EKtot   =      1718.3540  EPtot      =     -9946.2136
 BOND   =         2.0469  ANGLE   =         9.4702  DIHED      =         9.5131
 1-4 NB =         8.9557  1-4 EEL =         0.2423  VDWAALS    =      1645.2558
 EELEC  =    -11625.9801  EHBOND  =         0.0000  RESTRAINT  =         4.2825
 EAMBER (non-restraint)  =     -9950.4961
 Ewald error estimate:   0.1221E-03
 ------------------------------------------------------------------------------


 NSTEP =     2400   TIME(PS) =       6.800  TEMP(K) =   275.51  PRESS =     0.0
 Etot   =     -8093.7105  EKtot   =      1733.3553  EPtot      =     -9827.0658
 BOND   =         2.9093  ANGLE   =         8.5447  DIHED      =         9.6112
 1-4 NB =         8.9886  1-4 EEL =         0.1266  VDWAALS    =      1640.5950
 EELEC  =    -11503.7122  EHBOND  =         0.0000  RESTRAINT  =         5.8710
 EAMBER (non-restraint)  =     -9832.9368
 Ewald error estimate:   0.2743E-04
 ------------------------------------------------------------------------------


 NSTEP =     2800   TIME(PS) =       7.600  TEMP(K) =   281.52  PRESS =     0.0
 Etot   =     -7993.0216  EKtot   =      1771.1650  EPtot      =     -9764.1866
 BOND   =         1.4418  ANGLE   =        10.9286  DIHED      =        10.4652
 1-4 NB =         8.5036  1-4 EEL =         0.0900  VDWAALS    =      1498.4429
 EELEC  =    -11298.4845  EHBOND  =         0.0000  RESTRAINT  =         4.4258
 EAMBER (non-restraint)  =     -9768.6124
 Ewald error estimate:   0.2767E-03
 ------------------------------------------------------------------------------


 NSTEP =     3200   TIME(PS) =       8.400  TEMP(K) =   282.68  PRESS =     0.0
 Etot   =     -7901.8085  EKtot   =      1778.4455  EPtot      =     -9680.2540
 BOND   =         3.6566  ANGLE   =         9.8035  DIHED      =        11.2138
 1-4 NB =         9.5063  1-4 EEL =         0.1320  VDWAALS    =      1528.0837
 EELEC  =    -11248.3982  EHBOND  =         0.0000  RESTRAINT  =         5.7483
 EAMBER (non-restraint)  =     -9686.0024
 Ewald error estimate:   0.3231E-03
 ------------------------------------------------------------------------------


 NSTEP =     3600   TIME(PS) =       9.200  TEMP(K) =   290.17  PRESS =     0.0
 Etot   =     -7832.6243  EKtot   =      1825.6116  EPtot      =     -9658.2360
 BOND   =         1.9537  ANGLE   =        17.2540  DIHED      =        11.3861
 1-4 NB =         9.3925  1-4 EEL =         0.1781  VDWAALS    =      1451.5574
 EELEC  =    -11155.5882  EHBOND  =         0.0000  RESTRAINT  =         5.6304
 EAMBER (non-restraint)  =     -9663.8664
 Ewald error estimate:   0.1564E-03
 ------------------------------------------------------------------------------


 NSTEP =     4000   TIME(PS) =      10.000  TEMP(K) =   286.02  PRESS =     0.0
 Etot   =     -7769.9623  EKtot   =      1799.4897  EPtot      =     -9569.4520
 BOND   =         3.9190  ANGLE   =        11.0252  DIHED      =        11.3748
 1-4 NB =         8.1863  1-4 EEL =         0.0348  VDWAALS    =      1534.9932
 EELEC  =    -11146.1517  EHBOND  =         0.0000  RESTRAINT  =         7.1665
 EAMBER (non-restraint)  =     -9576.6186
 Ewald error estimate:   0.7596E-04
 ------------------------------------------------------------------------------


      A V E R A G E S   O V E R    4000 S T E P S


 NSTEP =     4000   TIME(PS) =      10.000  TEMP(K) =   257.93  PRESS =     0.0
 Etot   =     -8406.0255  EKtot   =      1622.7561  EPtot      =    -10028.7816
 BOND   =         3.5235  ANGLE   =         9.1829  DIHED      =         9.6948
 1-4 NB =         8.5501  1-4 EEL =         0.1132  VDWAALS    =      1638.3220
 EELEC  =    -11703.4254  EHBOND  =         0.0000  RESTRAINT  =         5.2573
 EAMBER (non-restraint)  =    -10034.0389
 Ewald error estimate:   0.1542E-03
 ------------------------------------------------------------------------------


      R M S  F L U C T U A T I O N S


 NSTEP =     4000   TIME(PS) =      10.000  TEMP(K) =    32.00  PRESS =     0.0
 Etot   =       559.3894  EKtot   =       201.2961  EPtot      =       361.3492
 BOND   =         1.3707  ANGLE   =         2.2531  DIHED      =         1.2136
 1-4 NB =         0.6941  1-4 EEL =         0.0896  VDWAALS    =       140.0370
 EELEC  =       493.3030  EHBOND  =         0.0000  RESTRAINT  =         1.4891
 EAMBER (non-restraint)  =       359.8601
 Ewald error estimate:   0.1174E-03
 ------------------------------------------------------------------------------


--------------------------------------------------------------------------------
   5.  TIMINGS
--------------------------------------------------------------------------------

|    Read coords time           0.01 ( 0.01% of Total)
|                Build the list             5.34 (98.39% of List )
|                Other                      0.09 ( 1.61% of List )
|             List time                  5.43 ( 7.17% of Nonbo)
|                   Short_ene time            54.57 (99.07% of Direc)
|                   Other                      0.51 ( 0.93% of Direc)
|                Direct Ewald time         55.08 (78.37% of Ewald)
|                Adjust Ewald time          0.49 ( 0.70% of Ewald)
|                Self Ewald time            0.01 ( 0.01% of Ewald)
|                   Fill Bspline coeffs        0.53 ( 3.62% of Recip)
|                   Fill charge grid           1.50 (10.28% of Recip)
|                   Scalar sum                 3.06 (20.94% of Recip)
|                   Grad sum                   2.96 (20.30% of Recip)
|                   FFT time                   6.54 (44.81% of Recip)
|                   Other                      0.01 ( 0.05% of Recip)
|                Recip Ewald time          14.59 (20.76% of Ewald)
|                Force Adjust               0.01 ( 0.02% of Ewald)
|                Virial junk                0.06 ( 0.09% of Ewald)
|                Other                      0.03 ( 0.05% of Ewald)
|             Ewald time                70.29 (92.81% of Nonbo)
|             Other                      0.01 ( 0.02% of Nonbo)
|          Nonbond force             75.73 (99.75% of Force)
|          Bond/Angle/Dihedral        0.16 ( 0.21% of Force)
|          Other                      0.03 ( 0.03% of Force)
|       Force time                75.92 (98.66% of Runmd)
|       Shake time                 0.60 ( 0.78% of Runmd)
|       Verlet update time         0.36 ( 0.47% of Runmd)
|       Other                      0.07 ( 0.09% of Runmd)
|    Runmd Time                76.95 (100.0% of Total)
|    Other                      0.03 ( 0.05% of Total)
| Total time                76.99 (100.0% of ALL  )

| Number of list builds   :        340

| Highest rstack allocated:     204374
| Highest istack allocated:       3160

| Final Performance Info:
| -----------------------------------------------------
| Average timings for all steps:
|     Elapsed(s) =      76.95 Per Step(ms) =      19.24
|         ns/day =       8.98   seconds/ns =    9618.50
| -----------------------------------------------------

|           Job began  at 12:40:20.573  on 03/27/2017
|           Setup done at 12:40:20.613  on 03/27/2017
|           Run   done at 12:41:37.561  on 03/27/2017
|     wallclock() was called  176703 times
