            --------------------------------------------------------
                             AMBER SQM VERSION 14
 
                                     By
              Ross C. Walker, Michael F. Crowley, Scott Brozell,
                         Tim Giese, Andreas W. Goetz,
                        Tai-Sung Lee and David A. Case
 
            --------------------------------------------------------
 

--------------------------------------------------------------------------------
  QM CALCULATION INFO
--------------------------------------------------------------------------------

| QMMM: Citation for AMBER QMMM Run:
| QMMM: R.C. Walker, M.F. Crowley and D.A. Case, J. COMP. CHEM. 29:1019, 2008

QMMM: SINGLET STATE CALCULATION
QMMM: RHF CALCULATION, NO. OF DOUBLY OCCUPIED LEVELS = 41

| QMMM: *** Selected Hamiltonian *** 
| QMMM: AM1         

| QMMM: *** Parameter sets in use ***
| QMMM: C : M.J.S.DEWAR et al. JACS, 107, 3902, (1985)
| QMMM: F : M.J.S.DEWAR et al. THEOCHEM, 180, 1, (1988)
| QMMM: H : M.J.S.DEWAR et al. JACS, 107, 3902, (1985)

| QMMM: *** SCF convergence criteria ***
| QMMM: Energy change                :  0.1D-09 kcal/mol
| QMMM: Error matrix |FP-PF|         :  0.1D+00 au
| QMMM: Density matrix change        :  0.5D-06
| QMMM: Maximum number of SCF cycles :     1000

| QMMM: *** Diagonalization Routine Information ***
| QMMM: Pseudo diagonalizations are allowed.
| QMMM: Auto diagonalization routine selection is in use.
| QMMM:
| QMMM: Timing diagonalization routines:
| QMMM:                              norbs =       73
| QMMM:    diag iterations used for timing =       15
| QMMM:
| QMMM:              Internal diag routine = 0.019163 seconds
| QMMM:                 Dspev diag routine = 0.017227 seconds
| QMMM:                Dspevd diag routine = 0.013421 seconds
| QMMM:                Dspevx diag routine = 0.051342 seconds
| QMMM:                 Dsyev diag routine = 0.018901 seconds
| QMMM:                Dsyevd diag routine = 0.015959 seconds
| QMMM:                Dsyevr diag routine = 0.016194 seconds
| QMMM:
| QMMM:                Pseudo diag routine = 0.005727 seconds
| QMMM:
| QMMM: Using dspevd routine (diag_routine=3).

  QMMM: QM Region Cartesian Coordinates (*=link atom) 
  QMMM: QM_NO.   MM_NO.  ATOM         X         Y         Z
  QMMM:     1        1      C        0.5270   -1.7340    0.1610
  QMMM:     2        2      C       -0.9120   -1.4690   -0.3340
  QMMM:     3        3      C       -0.6520    1.0000    0.2170
  QMMM:     4        4      C        0.7880    0.7400    0.7130
  QMMM:     5        5      C        1.0160   -0.7040    1.1950
  QMMM:     6        6      C       -1.5620   -0.2360    0.3160
  QMMM:     7        7      F        0.6120   -3.0020    0.6990
  QMMM:     8        8      F       -1.6980   -2.5800   -0.1090
  QMMM:     9        9      F        1.0980    1.6180    1.7310
  QMMM:    10       10      C        5.2140   -1.3390    2.0480
  QMMM:    11       11      C        4.5150   -0.3050    2.6920
  QMMM:    12       12      C        3.1540   -0.0990    2.4160
  QMMM:    13       13      C        2.4910   -0.9270    1.4950
  QMMM:    14       14      C        3.1900   -1.9610    0.8510
  QMMM:    15       15      C        4.5520   -2.1670    1.1270
  QMMM:    16       16      H        1.2040   -1.7280   -0.6950
  QMMM:    17       17      H       -1.0950    1.8250    0.7760
  QMMM:    18       18      H        1.4870    0.9610   -0.0940
  QMMM:    19       19      H        0.4920   -0.8600    2.1380
  QMMM:    20       20      H       -1.7790   -0.4480    1.3640
  QMMM:    21       21      H       -2.5250   -0.0300   -0.1540
  QMMM:    22       22      H       -0.8940   -1.3330   -1.4170
  QMMM:    23       23      H       -0.6140    1.3320   -0.8210
  QMMM:    24       24      H        6.2840   -1.5010    2.2660
  QMMM:    25       25      H        5.0360    0.3460    3.4160
  QMMM:    26       26      H        2.6050    0.7140    2.9210
  QMMM:    27       27      H        2.6700   -2.6120    0.1280
  QMMM:    28       28      H        5.1010   -2.9800    0.6220

--------------------------------------------------------------------------------
  RESULTS
--------------------------------------------------------------------------------

      iter         sqm energy              rms gradient
      ----    -------------------    -----------------------
xmin    10     -134.2096 kcal/mol        1.7545 kcal/(mol*A)
xmin    20     -135.0884 kcal/mol        0.3528 kcal/(mol*A)
xmin    30     -135.4461 kcal/mol        0.3749 kcal/(mol*A)
xmin    40     -135.8990 kcal/mol        1.5333 kcal/(mol*A)
xmin    50     -136.4638 kcal/mol        0.4833 kcal/(mol*A)
xmin    60     -136.6798 kcal/mol        0.1902 kcal/(mol*A)
xmin    70     -136.7595 kcal/mol        0.3471 kcal/(mol*A)
xmin    80     -136.8142 kcal/mol        0.1669 kcal/(mol*A)
xmin    90     -136.8238 kcal/mol        0.0530 kcal/(mol*A)
xmin   100     -136.8377 kcal/mol        0.0621 kcal/(mol*A)
xmin   110     -136.8425 kcal/mol        0.0927 kcal/(mol*A)
xmin   120     -136.8517 kcal/mol        0.5372 kcal/(mol*A)
xmin   130     -136.9015 kcal/mol        0.3705 kcal/(mol*A)
xmin   140     -137.0220 kcal/mol        0.3189 kcal/(mol*A)
xmin   150     -137.2533 kcal/mol        0.2357 kcal/(mol*A)
xmin   160     -137.3391 kcal/mol        0.3150 kcal/(mol*A)
xmin   170     -137.3598 kcal/mol        0.0678 kcal/(mol*A)
xmin   180     -137.3749 kcal/mol        0.0719 kcal/(mol*A)
xmin   190     -137.3809 kcal/mol        0.0172 kcal/(mol*A)
xmin   200     -137.3817 kcal/mol        0.0551 kcal/(mol*A)
xmin   210     -137.3821 kcal/mol        0.0093 kcal/(mol*A)
xmin   220     -137.3823 kcal/mol        0.0089 kcal/(mol*A)
xmin   230     -137.3824 kcal/mol        0.0050 kcal/(mol*A)
xmin   240     -137.3824 kcal/mol        0.0038 kcal/(mol*A)
xmin   250     -137.3825 kcal/mol        0.0007 kcal/(mol*A)
xmin   260     -137.3825 kcal/mol        0.0022 kcal/(mol*A)
  ... geometry converged !
 
 Final MO eigenvalues (eV):
 -49.4799  -48.8602  -48.3439  -39.9174  -37.8001  -33.6457  -31.5854  -30.3274
 -29.4981  -25.2174  -23.9414  -23.3966  -22.3610  -20.0656  -18.7844  -18.1743
 -17.6582  -17.2772  -16.9370  -16.3973  -16.0564  -15.9467  -15.6881  -15.5577
 -14.9355  -14.3835  -14.3211  -14.2096  -13.8233  -13.7803  -13.5648  -13.0659
 -12.4235  -12.3104  -12.1423  -12.0537  -11.7617  -11.5136  -11.2059   -9.7900
  -9.6171    0.2685    0.4350    2.5795    2.6375    2.7433    2.9407    3.1482
   3.2083    3.3004    3.4340    3.5813    3.6107    3.7359    3.7957    3.8516
   3.9229    4.0282    4.0677    4.2433    4.2778    4.3053    4.4322    4.4752
   4.5853    4.7359    4.8786    4.9541    5.0061    5.4210    5.4709    5.5839
   5.9608

 Heat of formation   =       -137.38245612 kcal/mol  (       -5.95735034 eV)

 Total SCF energy    =     -73138.53320462 kcal/mol  (    -3171.52479097 eV)
 Electronic energy   =    -387935.22150943 kcal/mol  (   -16822.13353755 eV)
 Core-core repulsion =     314796.68830481 kcal/mol  (    13650.60874658 eV)
 
    Atomic Charges for Step       1 :
  Atom    Element       Mulliken Charge
     1      C                  0.049
     2      C                  0.036
     3      C                 -0.190
     4      C                  0.067
     5      C                 -0.122
     6      C                 -0.189
     7      F                 -0.148
     8      F                 -0.156
     9      F                 -0.165
    10      C                 -0.123
    11      C                 -0.127
    12      C                 -0.106
    13      C                 -0.074
    14      C                 -0.126
    15      C                 -0.127
    16      H                  0.096
    17      H                  0.109
    18      H                  0.101
    19      H                  0.131
    20      H                  0.114
    21      H                  0.099
    22      H                  0.099
    23      H                  0.091
    24      H                  0.133
    25      H                  0.134
    26      H                  0.137
    27      H                  0.125
    28      H                  0.132
 Total Mulliken Charge =       0.000
 
                  X        Y        Z     TOTAL  
  QM DIPOLE     0.607    0.835   -2.654    2.847
 
 Final Structure

  QMMM: QM Region Cartesian Coordinates (*=link atom) 
  QMMM: QM_NO.   MM_NO.  ATOM         X         Y         Z
  QMMM:     1        1      C        0.3504   -1.7456    0.5247
  QMMM:     2        2      C       -1.1884   -1.4960    0.4192
  QMMM:     3        3      C       -0.3202    0.6745   -0.5041
  QMMM:     4        4      C        0.8995    0.7279    0.4273
  QMMM:     5        5      C        1.0455   -0.5770    1.2503
  QMMM:     6        6      C       -1.4884   -0.0175    0.1505
  QMMM:     7        7      F        0.5757   -2.9527    1.1615
  QMMM:     8        8      F       -1.8350   -1.9279    1.5650
  QMMM:     9        9      F        0.8119    1.8205    1.2792
  QMMM:    10       10      C        5.1917   -1.3885    2.0286
  QMMM:    11       11      C        4.3160   -1.1264    3.0813
  QMMM:    12       12      C        2.9699   -0.8670    2.8258
  QMMM:    13       13      C        2.4882   -0.8671    1.5113
  QMMM:    14       14      C        3.3733   -1.1316    0.4584
  QMMM:    15       15      C        4.7176   -1.3914    0.7167
  QMMM:    16       16      H        0.7627   -1.8227   -0.5233
  QMMM:    17       17      H       -0.6113    1.7229   -0.7769
  QMMM:    18       18      H        1.8245    0.8693   -0.2072
  QMMM:    19       19      H        0.5115   -0.4308    2.2333
  QMMM:    20       20      H       -1.7288    0.4931    1.1213
  QMMM:    21       21      H       -2.3956    0.0566   -0.5026
  QMMM:    22       22      H       -1.5668   -2.1227   -0.4407
  QMMM:    23       23      H       -0.0314    0.1439   -1.4476
  QMMM:    24       24      H        6.2529   -1.5937    2.2314
  QMMM:    25       25      H        4.6852   -1.1247    4.1175
  QMMM:    26       26      H        2.2840   -0.6629    3.6620
  QMMM:    27       27      H        3.0056   -1.1408   -0.5785
  QMMM:    28       28      H        5.4046   -1.6005   -0.1164

           --------- Calculation Completed ----------

