
          -------------------------------------------------------
          Amber 16 SANDER                              2016
          -------------------------------------------------------

| Run on 03/30/2017 at 12:13:27

|   Executable path: sander
| Working directory: /home/steboss/Simulation/logP_standrews/inputfiles/boat/e_2356difluoro/cyclohexane/equilibration
|          Hostname: Unknown
  [-O]verwriting output

File Assignments:
|  MDIN: md00002.in                                                            
| MDOUT: md00002.out                                                           
|INPCRD: min00001.rst7                                                         
|  PARM: solvated.parm7                                                        
|RESTRT: md00002.rst7                                                          
|  REFC: solvated.rst7                                                         
| MDVEL: mdvel                                                                 
| MDFRC: mdfrc                                                                 
|  MDEN: md00002.en                                                            
| MDCRD: md00002.nc                                                            
|MDINFO: md00002.info                                                          
|  MTMD: mtmd                                                                  
|INPDIP: inpdip                                                                
|RSTDIP: rstdip                                                                
|INPTRA: inptraj                                                               


 Here is the input file:

heat the system                                                                
&cntrl                                                                         
ntxo=1,                                                                        
imin = 0, nstlim = 1000, irest = 0, ntx = 1, dt = 0.002,                       
nmropt = 1,                                                                    
ntt = 1, temp0 = 300.0, tempi = 5.0, tautp = 1.0,                              
ntb = 1, pres0 = 1.0,                                                          
ntc = 2, ntf = 2,                                                              
ioutfm = 1, iwrap = 1,                                                         
ntwe = 200, ntwx = 200, ntpr = 100,                                            
ntr = 1, restraint_wt = 10.00,                                                 
restraintmask="!:CYC",                                                         
/                                                                              
                                                                               
&wt                                                                            
type = 'TEMP0',                                                                
istep1 = 0, istep2 = 1000,                                                     
value1 = 5.0, value2 = 300.0                                                   
/                                                                              
                                                                               
&wt type = 'END'                                                               
 /                                                                             
                                                                               

--------------------------------------------------------------------------------
   1.  RESOURCE   USE: 
--------------------------------------------------------------------------------

| Flags:                                                                        
 getting new box info from bottom of inpcrd
|  INFO: Old style inpcrd file read

| peek_ewald_inpcrd: Box info found
|Largest sphere to fit in unit cell has radius =    18.184
| New format PARM file being parsed.
| Version =    1.000 Date = 03/30/17 Time = 12:13:25
 NATOM  =    3592 NTYPES =       6 NBONH =    2388 MBONA  =    1205
 NTHETH =    5970 MTHETA =    1212 NPHIH =    9571 MPHIA  =    3611
 NHPARM =       0 NPARM  =       0 NNB   =   21153 NRES   =     199
 NBONA  =    1205 NTHETA =    1212 NPHIA =    3611 NUMBND =       7
 NUMANG =      11 NPTRA  =      12 NATYP =       6 NPHB   =       0
 IFBOX  =       1 NMXRS  =      28 IFCAP =       0 NEXTRA =       0
 NCOPY  =       0


|     Memory Use     Allocated
|     Real              339013
|     Hollerith          10977
|     Integer           766885
|     Max Pairs        1197333
|     nblistReal         43104
|     nblist Int        309640
|       Total            11910 kbytes

| Note: 1-4 EEL scale factors are being read from the topology file.

| Note: 1-4 VDW scale factors are being read from the topology file.
| Duplicated    0 dihedrals
| Duplicated    0 dihedrals

     BOX TYPE: RECTILINEAR

--------------------------------------------------------------------------------
   2.  CONTROL  DATA  FOR  THE  RUN
--------------------------------------------------------------------------------

LIG                                                                             

General flags:
     imin    =       0, nmropt  =       1

Nature and format of input:
     ntx     =       1, irest   =       0, ntrx    =       1

Nature and format of output:
     ntxo    =       1, ntpr    =     100, ntrx    =       1, ntwr    =    1000
     iwrap   =       1, ntwx    =     200, ntwv    =       0, ntwe    =     200
     ioutfm  =       1, ntwprt  =       0, idecomp =       0, rbornstat=      0

Potential function:
     ntf     =       2, ntb     =       1, igb     =       0, nsnb    =      25
     ipol    =       0, gbsa    =       0, iesp    =       0
     dielc   =   1.00000, cut     =   8.00000, intdiel =   1.00000

Frozen or restrained atoms:
     ibelly  =       0, ntr     =       1
     restraint_wt =  10.00000

Molecular dynamics:
     nstlim  =      1000, nscm    =         0, nrespa  =         1
     t       =   0.00000, dt      =   0.00200, vlimit  =  20.00000

Berendsen (weak-coupling) temperature regulation:
     temp0   = 300.00000, tempi   =   5.00000, tautp   =   1.00000

SHAKE:
     ntc     =       2, jfastw  =       0
     tol     =   0.00001

NMR refinement options:
     iscale  =       0, noeskp  =       1, ipnlty  =       1, mxsub   =       1
     scalm   = 100.00000, pencut  =   0.10000, tausw   =   0.10000

Ewald parameters:
     verbose =       0, ew_type =       0, nbflag  =       1, use_pme =       1
     vdwmeth =       1, eedmeth =       1, netfrc  =       1
     Box X =   54.510   Box Y =   36.369   Box Z =   38.420
     Alpha =   90.000   Beta  =   90.000   Gamma =   90.000
     NFFT1 =   54       NFFT2 =   36       NFFT3 =   40
     Cutoff=    8.000   Tol   =0.100E-04
     Ewald Coefficient =  0.34864
     Interpolation order =    4

    LOADING THE CONSTRAINED ATOMS AS GROUPS


   5.  REFERENCE ATOM COORDINATES

  LIG 
     Mask !:CYC; matches    28 atoms

--------------------------------------------------------------------------------
   3.  ATOMIC COORDINATES AND VELOCITIES
--------------------------------------------------------------------------------

LIG                                                                             
 begin time read from input coords =     0.000 ps



           Begin reading energy term weight changes/NMR restraints
 WEIGHT CHANGES:
 TEMP0         0   1000    5.000000  300.000000      0      0

 RESTRAINTS:
                          ** No restraint defined **

                  Done reading weight changes/NMR restraints


 Number of triangulated 3-point waters found:        0

     Sum of charges from parm topology file =   0.00000000
     Forcing neutrality...

--------------------------------------------------------------------------------
   4.  RESULTS
--------------------------------------------------------------------------------

|  # of SOLUTE  degrees of freedom (RNDFP):    8388.
|  # of SOLVENT degrees of freedom (RNDFS):       0.
|  NDFMIN =    8388.     NUM_NOSHAKE =      0     CORRECTED RNDFP =    8388.
|  TOTAL # of degrees of freedom (RNDF) =    8388.
 ---------------------------------------------------
 APPROXIMATING switch and d/dx switch using CUBIC SPLINE INTERPOLATION
 using   5000.0 points per unit in tabled values
 TESTING RELATIVE ERROR over r ranging from 0.0 to cutoff
| CHECK switch(x): max rel err =   0.2738E-14   at   2.422500
| CHECK d/dx switch(x): max rel err =   0.8332E-11   at   2.782960
 ---------------------------------------------------
| Local SIZE OF NONBOND LIST =     350253
| TOTAL SIZE OF NONBOND LIST =     350253

 NSTEP =        0   TIME(PS) =       0.000  TEMP(K) =     6.49  PRESS =     0.0
 Etot   =       725.8706  EKtot   =        54.0679  EPtot      =       671.8027
 BOND   =        27.2603  ANGLE   =        20.4656  DIHED      =       567.8279
 1-4 NB =       472.1428  1-4 EEL =      -161.1362  VDWAALS    =      -541.4757
 EELEC  =       284.0890  EHBOND  =         0.0000  RESTRAINT  =         2.6290
 EAMBER (non-restraint)  =       669.1737
 Ewald error estimate:   0.1743E-03
 ------------------------------------------------------------------------------

 NMR restraints: Bond =    0.000   Angle =     0.000   Torsion =     0.000
===============================================================================

 NSTEP =      100   TIME(PS) =       0.200  TEMP(K) =     4.05  PRESS =     0.0
 Etot   =       730.1455  EKtot   =        33.7681  EPtot      =       696.3773
 BOND   =        28.8605  ANGLE   =        41.0508  DIHED      =       568.4410
 1-4 NB =       474.8090  1-4 EEL =      -161.0123  VDWAALS    =      -542.5677
 EELEC  =       284.1868  EHBOND  =         0.0000  RESTRAINT  =         2.6093
 EAMBER (non-restraint)  =       693.7681
 Ewald error estimate:   0.7318E-05
 ------------------------------------------------------------------------------

 NMR restraints: Bond =    0.000   Angle =     0.000   Torsion =     0.000
===============================================================================

 NSTEP =      200   TIME(PS) =       0.400  TEMP(K) =    10.14  PRESS =     0.0
 Etot   =       785.5796  EKtot   =        84.4898  EPtot      =       701.0897
 BOND   =        35.8092  ANGLE   =        47.9632  DIHED      =       571.3744
 1-4 NB =       470.5055  1-4 EEL =      -160.6939  VDWAALS    =      -550.6866
 EELEC  =       283.9156  EHBOND  =         0.0000  RESTRAINT  =         2.9022
 EAMBER (non-restraint)  =       698.1876
 Ewald error estimate:   0.5677E-03
 ------------------------------------------------------------------------------

 NMR restraints: Bond =    0.000   Angle =     0.000   Torsion =     0.000
===============================================================================

 NSTEP =      300   TIME(PS) =       0.600  TEMP(K) =    22.03  PRESS =     0.0
 Etot   =       890.5441  EKtot   =       183.5788  EPtot      =       706.9653
 BOND   =        33.3713  ANGLE   =        68.9051  DIHED      =       571.8377
 1-4 NB =       479.2741  1-4 EEL =      -161.1023  VDWAALS    =      -572.2570
 EELEC  =       284.4240  EHBOND  =         0.0000  RESTRAINT  =         2.5123
 EAMBER (non-restraint)  =       704.4530
 Ewald error estimate:   0.6609E-03
 ------------------------------------------------------------------------------

 NMR restraints: Bond =    0.000   Angle =     0.000   Torsion =     0.000
===============================================================================

 NSTEP =      400   TIME(PS) =       0.800  TEMP(K) =    43.65  PRESS =     0.0
 Etot   =      1019.3861  EKtot   =       363.8248  EPtot      =       655.5613
 BOND   =        36.3452  ANGLE   =        57.1660  DIHED      =       571.6023
 1-4 NB =       475.9910  1-4 EEL =      -161.2150  VDWAALS    =      -611.7317
 EELEC  =       284.1204  EHBOND  =         0.0000  RESTRAINT  =         3.2831
 EAMBER (non-restraint)  =       652.2783
 Ewald error estimate:   0.4059E-03
 ------------------------------------------------------------------------------

 NMR restraints: Bond =    0.000   Angle =     0.000   Torsion =     0.000
===============================================================================

 NSTEP =      500   TIME(PS) =       1.000  TEMP(K) =    59.23  PRESS =     0.0
 Etot   =      1165.5365  EKtot   =       493.6453  EPtot      =       671.8913
 BOND   =        42.2270  ANGLE   =        91.8909  DIHED      =       575.5199
 1-4 NB =       479.3752  1-4 EEL =      -161.0788  VDWAALS    =      -642.9348
 EELEC  =       284.1258  EHBOND  =         0.0000  RESTRAINT  =         2.7662
 EAMBER (non-restraint)  =       669.1251
 Ewald error estimate:   0.5981E-04
 ------------------------------------------------------------------------------

 NMR restraints: Bond =    0.000   Angle =     0.000   Torsion =     0.000
===============================================================================

 NSTEP =      600   TIME(PS) =       1.200  TEMP(K) =    79.71  PRESS =     0.0
 Etot   =      1328.1674  EKtot   =       664.3393  EPtot      =       663.8281
 BOND   =        43.7738  ANGLE   =        97.9220  DIHED      =       585.1848
 1-4 NB =       481.0150  1-4 EEL =      -160.3616  VDWAALS    =      -670.9366
 EELEC  =       283.6855  EHBOND  =         0.0000  RESTRAINT  =         3.5452
 EAMBER (non-restraint)  =       660.2829
 Ewald error estimate:   0.3128E-03
 ------------------------------------------------------------------------------

 NMR restraints: Bond =    0.000   Angle =     0.000   Torsion =     0.000
===============================================================================

 NSTEP =      700   TIME(PS) =       1.400  TEMP(K) =    94.47  PRESS =     0.0
 Etot   =      1509.1793  EKtot   =       787.3187  EPtot      =       721.8605
 BOND   =        54.7461  ANGLE   =       154.8031  DIHED      =       590.7272
 1-4 NB =       482.0880  1-4 EEL =      -160.4790  VDWAALS    =      -686.7254
 EELEC  =       283.7887  EHBOND  =         0.0000  RESTRAINT  =         2.9118
 EAMBER (non-restraint)  =       718.9488
 Ewald error estimate:   0.1430E-03
 ------------------------------------------------------------------------------

 NMR restraints: Bond =    0.000   Angle =     0.000   Torsion =     0.000
===============================================================================

 NSTEP =      800   TIME(PS) =       1.600  TEMP(K) =   114.26  PRESS =     0.0
 Etot   =      1705.2520  EKtot   =       952.2353  EPtot      =       753.0167
 BOND   =        57.5533  ANGLE   =       162.9644  DIHED      =       610.6794
 1-4 NB =       487.2010  1-4 EEL =      -160.3105  VDWAALS    =      -692.4378
 EELEC  =       283.7075  EHBOND  =         0.0000  RESTRAINT  =         3.6593
 EAMBER (non-restraint)  =       749.3574
 Ewald error estimate:   0.1268E-03
 ------------------------------------------------------------------------------

 NMR restraints: Bond =    0.000   Angle =     0.000   Torsion =     0.000
===============================================================================

 NSTEP =      900   TIME(PS) =       1.800  TEMP(K) =   135.15  PRESS =     0.0
 Etot   =      1919.8308  EKtot   =      1126.3656  EPtot      =       793.4652
 BOND   =        53.3273  ANGLE   =       191.7098  DIHED      =       621.4695
 1-4 NB =       493.7644  1-4 EEL =      -159.7795  VDWAALS    =      -693.4192
 EELEC  =       283.6237  EHBOND  =         0.0000  RESTRAINT  =         2.7692
 EAMBER (non-restraint)  =       790.6960
 Ewald error estimate:   0.1514E-04
 ------------------------------------------------------------------------------

 NMR restraints: Bond =    0.000   Angle =     0.000   Torsion =     0.000
===============================================================================

 NSTEP =     1000   TIME(PS) =       2.000  TEMP(K) =   157.60  PRESS =     0.0
 Etot   =      2148.8855  EKtot   =      1313.4579  EPtot      =       835.4275
 BOND   =        65.3416  ANGLE   =       220.1329  DIHED      =       629.3388
 1-4 NB =       490.2801  1-4 EEL =      -159.6349  VDWAALS    =      -697.2440
 EELEC  =       283.2938  EHBOND  =         0.0000  RESTRAINT  =         3.9191
 EAMBER (non-restraint)  =       831.5084
 Ewald error estimate:   0.2329E-03
 ------------------------------------------------------------------------------

 NMR restraints: Bond =    0.000   Angle =     0.000   Torsion =     0.000
===============================================================================

      A V E R A G E S   O V E R    1000 S T E P S


 NSTEP =     1000   TIME(PS) =       2.000  TEMP(K) =    63.86  PRESS =     0.0
 Etot   =      1247.5820  EKtot   =       532.1955  EPtot      =       715.3865
 BOND   =        43.0200  ANGLE   =       106.5492  DIHED      =       586.2278
 1-4 NB =       480.7312  1-4 EEL =      -160.7411  VDWAALS    =      -627.3292
 EELEC  =       283.9487  EHBOND  =         0.0000  RESTRAINT  =         2.9800
 EAMBER (non-restraint)  =       712.4065
 Ewald error estimate:   0.2757E-03
 ------------------------------------------------------------------------------

 NMR restraints: Bond =    0.000   Angle =     0.000   Torsion =     0.000
===============================================================================

      R M S  F L U C T U A T I O N S


 NSTEP =     1000   TIME(PS) =       2.000  TEMP(K) =    48.89  PRESS =     0.0
 Etot   =       437.8237  EKtot   =       407.4471  EPtot      =        41.9599
 BOND   =         9.8740  ANGLE   =        54.4334  DIHED      =        18.8420
 1-4 NB =         6.6815  1-4 EEL =         0.5139  VDWAALS    =        60.4017
 EELEC  =         0.3224  EHBOND  =         0.0000  RESTRAINT  =         0.3511
 EAMBER (non-restraint)  =        41.6088
 Ewald error estimate:   0.2091E-03
 ------------------------------------------------------------------------------


 NMR restraints on final step:


--------------------------------------------------------------------------------
   5.  TIMINGS
--------------------------------------------------------------------------------

|    Read coords time           0.00 ( 0.01% of Total)
|                Build the list             0.50 (93.79% of List )
|                Other                      0.03 ( 6.21% of List )
|             List time                  0.53 ( 2.83% of Nonbo)
|                   Short_ene time            10.26 (98.29% of Direc)
|                   Other                      0.18 ( 1.71% of Direc)
|                Direct Ewald time         10.43 (57.06% of Ewald)
|                Adjust Ewald time          0.87 ( 4.78% of Ewald)
|                Self Ewald time            0.00 ( 0.01% of Ewald)
|                   Fill Bspline coeffs        0.19 ( 2.86% of Recip)
|                   Fill charge grid           0.55 ( 8.33% of Recip)
|                   Scalar sum                 1.43 (21.92% of Recip)
|                   Grad sum                   1.13 (17.23% of Recip)
|                   FFT time                   3.25 (49.64% of Recip)
|                   Other                      0.00 ( 0.02% of Recip)
|                Recip Ewald time           6.55 (35.80% of Ewald)
|                Force Adjust               0.01 ( 0.03% of Ewald)
|                Virial junk                0.02 ( 0.12% of Ewald)
|                Other                      0.40 ( 2.20% of Ewald)
|             Ewald time                18.29 (97.14% of Nonbo)
|             Other                      0.00 ( 0.02% of Nonbo)
|          Nonbond force             18.82 (83.98% of Force)
|          Bond/Angle/Dihedral        3.58 (15.96% of Force)
|          Other                      0.01 ( 0.06% of Force)
|       Force time                22.42 (98.64% of Runmd)
|       Shake time                 0.15 ( 0.66% of Runmd)
|       Verlet update time         0.14 ( 0.61% of Runmd)
|       Other                      0.02 ( 0.09% of Runmd)
|    Runmd Time                22.73 (99.79% of Total)
|    Other                      0.04 ( 0.20% of Total)
| Total time                22.77 (100.0% of ALL  )

| Number of list builds   :         29

| Highest rstack allocated:     271062
| Highest istack allocated:       3592

| Final Performance Info:
| -----------------------------------------------------
| Average timings for all steps:
|     Elapsed(s) =      22.73 Per Step(ms) =      22.73
|         ns/day =       7.60   seconds/ns =   11362.59
| -----------------------------------------------------

|           Job began  at 12:13:27.950  on 03/30/2017
|           Setup done at 12:13:27.998  on 03/30/2017
|           Run   done at 12:13:50.723  on 03/30/2017
|     wallclock() was called   44119 times
