
          -------------------------------------------------------
          Amber 16 SANDER                              2016
          -------------------------------------------------------

| Run on 03/30/2017 at 12:13:50

|   Executable path: sander
| Working directory: /home/steboss/Simulation/logP_standrews/inputfiles/boat/e_2356difluoro/cyclohexane/equilibration
|          Hostname: Unknown
  [-O]verwriting output

File Assignments:
|  MDIN: md00003.in                                                            
| MDOUT: md00003.out                                                           
|INPCRD: md00002.rst7                                                          
|  PARM: solvated.parm7                                                        
|RESTRT: md00003.rst7                                                          
|  REFC: solvated.rst7                                                         
| MDVEL: mdvel                                                                 
| MDFRC: mdfrc                                                                 
|  MDEN: md00003.en                                                            
| MDCRD: md00003.nc                                                            
|MDINFO: md00003.info                                                          
|  MTMD: mtmd                                                                  
|INPDIP: inpdip                                                                
|RSTDIP: rstdip                                                                
|INPTRA: inptraj                                                               


 Here is the input file:

constant temperature                                                           
&cntrl                                                                         
ntxo=1,                                                                        
imin = 0, nstlim = 4000, irest = 1, ntx = 5, dt = 0.002,                       
ntt = 1, temp0 = 300.0, tautp = 1.0,                                           
ntb = 1,                                                                       
ntc = 2, ntf = 2,                                                              
ioutfm = 1, iwrap = 1,                                                         
ntwe = 800, ntwx = 800, ntpr = 400,                                            
ntr = 1, restraint_wt = 10.00,                                                 
restraintmask="!:CYC",                                                         
/                                                                              
                                                                               

--------------------------------------------------------------------------------
   1.  RESOURCE   USE: 
--------------------------------------------------------------------------------

| Flags:                                                                        
 getting new box info from bottom of inpcrd
|  INFO: Old style inpcrd file read

| peek_ewald_inpcrd: Box info found
|Largest sphere to fit in unit cell has radius =    18.184
| New format PARM file being parsed.
| Version =    1.000 Date = 03/30/17 Time = 12:13:25
 NATOM  =    3592 NTYPES =       6 NBONH =    2388 MBONA  =    1205
 NTHETH =    5970 MTHETA =    1212 NPHIH =    9571 MPHIA  =    3611
 NHPARM =       0 NPARM  =       0 NNB   =   21153 NRES   =     199
 NBONA  =    1205 NTHETA =    1212 NPHIA =    3611 NUMBND =       7
 NUMANG =      11 NPTRA  =      12 NATYP =       6 NPHB   =       0
 IFBOX  =       1 NMXRS  =      28 IFCAP =       0 NEXTRA =       0
 NCOPY  =       0


|     Memory Use     Allocated
|     Real              338984
|     Hollerith          10977
|     Integer           766840
|     Max Pairs        1197333
|     nblistReal         43104
|     nblist Int        309640
|       Total            11910 kbytes

| Note: 1-4 EEL scale factors are being read from the topology file.

| Note: 1-4 VDW scale factors are being read from the topology file.
| Duplicated    0 dihedrals
| Duplicated    0 dihedrals

     BOX TYPE: RECTILINEAR

--------------------------------------------------------------------------------
   2.  CONTROL  DATA  FOR  THE  RUN
--------------------------------------------------------------------------------

LIG                                                                             

General flags:
     imin    =       0, nmropt  =       0

Nature and format of input:
     ntx     =       5, irest   =       1, ntrx    =       1

Nature and format of output:
     ntxo    =       1, ntpr    =     400, ntrx    =       1, ntwr    =    4000
     iwrap   =       1, ntwx    =     800, ntwv    =       0, ntwe    =     800
     ioutfm  =       1, ntwprt  =       0, idecomp =       0, rbornstat=      0

Potential function:
     ntf     =       2, ntb     =       1, igb     =       0, nsnb    =      25
     ipol    =       0, gbsa    =       0, iesp    =       0
     dielc   =   1.00000, cut     =   8.00000, intdiel =   1.00000

Frozen or restrained atoms:
     ibelly  =       0, ntr     =       1
     restraint_wt =  10.00000

Molecular dynamics:
     nstlim  =      4000, nscm    =         0, nrespa  =         1
     t       =   0.00000, dt      =   0.00200, vlimit  =  20.00000

Berendsen (weak-coupling) temperature regulation:
     temp0   = 300.00000, tempi   =   0.00000, tautp   =   1.00000

SHAKE:
     ntc     =       2, jfastw  =       0
     tol     =   0.00001

Ewald parameters:
     verbose =       0, ew_type =       0, nbflag  =       1, use_pme =       1
     vdwmeth =       1, eedmeth =       1, netfrc  =       1
     Box X =   54.510   Box Y =   36.369   Box Z =   38.420
     Alpha =   90.000   Beta  =   90.000   Gamma =   90.000
     NFFT1 =   54       NFFT2 =   36       NFFT3 =   40
     Cutoff=    8.000   Tol   =0.100E-04
     Ewald Coefficient =  0.34864
     Interpolation order =    4

    LOADING THE CONSTRAINED ATOMS AS GROUPS


   5.  REFERENCE ATOM COORDINATES

  LIG 
     Mask !:CYC; matches    28 atoms

--------------------------------------------------------------------------------
   3.  ATOMIC COORDINATES AND VELOCITIES
--------------------------------------------------------------------------------

LIG                                                                             
 begin time read from input coords =     2.000 ps

 Number of triangulated 3-point waters found:        0

     Sum of charges from parm topology file =   0.00000000
     Forcing neutrality...

--------------------------------------------------------------------------------
   4.  RESULTS
--------------------------------------------------------------------------------

|  # of SOLUTE  degrees of freedom (RNDFP):    8388.
|  # of SOLVENT degrees of freedom (RNDFS):       0.
|  NDFMIN =    8388.     NUM_NOSHAKE =      0     CORRECTED RNDFP =    8388.
|  TOTAL # of degrees of freedom (RNDF) =    8388.
 ---------------------------------------------------
 APPROXIMATING switch and d/dx switch using CUBIC SPLINE INTERPOLATION
 using   5000.0 points per unit in tabled values
 TESTING RELATIVE ERROR over r ranging from 0.0 to cutoff
| CHECK switch(x): max rel err =   0.2738E-14   at   2.422500
| CHECK d/dx switch(x): max rel err =   0.8332E-11   at   2.782960
 ---------------------------------------------------
| Local SIZE OF NONBOND LIST =     338448
| TOTAL SIZE OF NONBOND LIST =     338448

 NSTEP =      400   TIME(PS) =       2.800  TEMP(K) =   210.48  PRESS =     0.0
 Etot   =      2887.6488  EKtot   =      1754.2365  EPtot      =      1133.4123
 BOND   =        97.2258  ANGLE   =       369.7073  DIHED      =       687.1355
 1-4 NB =       502.8506  1-4 EEL =      -157.2640  VDWAALS    =      -651.7074
 EELEC  =       281.7038  EHBOND  =         0.0000  RESTRAINT  =         3.7606
 EAMBER (non-restraint)  =      1129.6516
 Ewald error estimate:   0.7400E-04
 ------------------------------------------------------------------------------


 NSTEP =      800   TIME(PS) =       3.600  TEMP(K) =   244.32  PRESS =     0.0
 Etot   =      3352.3318  EKtot   =      2036.2382  EPtot      =      1316.0936
 BOND   =       126.3741  ANGLE   =       483.4362  DIHED      =       722.5228
 1-4 NB =       523.6925  1-4 EEL =      -157.8109  VDWAALS    =      -670.3661
 EELEC  =       282.2010  EHBOND  =         0.0000  RESTRAINT  =         6.0441
 EAMBER (non-restraint)  =      1310.0495
 Ewald error estimate:   0.8983E-04
 ------------------------------------------------------------------------------


 NSTEP =     1200   TIME(PS) =       4.400  TEMP(K) =   256.18  PRESS =     0.0
 Etot   =      3685.5206  EKtot   =      2135.0433  EPtot      =      1550.4773
 BOND   =       155.7123  ANGLE   =       609.3326  DIHED      =       746.8374
 1-4 NB =       538.5181  1-4 EEL =      -156.1833  VDWAALS    =      -629.4097
 EELEC  =       281.6216  EHBOND  =         0.0000  RESTRAINT  =         4.0482
 EAMBER (non-restraint)  =      1546.4291
 Ewald error estimate:   0.1847E-03
 ------------------------------------------------------------------------------


 NSTEP =     1600   TIME(PS) =       5.200  TEMP(K) =   269.06  PRESS =     0.0
 Etot   =      3912.5290  EKtot   =      2242.3826  EPtot      =      1670.1465
 BOND   =       185.4647  ANGLE   =       710.8493  DIHED      =       741.8699
 1-4 NB =       558.0971  1-4 EEL =      -158.7751  VDWAALS    =      -656.4360
 EELEC  =       282.4511  EHBOND  =         0.0000  RESTRAINT  =         6.6254
 EAMBER (non-restraint)  =      1663.5210
 Ewald error estimate:   0.2011E-03
 ------------------------------------------------------------------------------


 NSTEP =     2000   TIME(PS) =       6.000  TEMP(K) =   278.18  PRESS =     0.0
 Etot   =      4081.2496  EKtot   =      2318.4025  EPtot      =      1762.8471
 BOND   =       199.1260  ANGLE   =       803.7968  DIHED      =       768.3980
 1-4 NB =       549.5685  1-4 EEL =      -156.7520  VDWAALS    =      -689.5208
 EELEC  =       280.9863  EHBOND  =         0.0000  RESTRAINT  =         7.2444
 EAMBER (non-restraint)  =      1755.6027
 Ewald error estimate:   0.2201E-03
 ------------------------------------------------------------------------------


 NSTEP =     2400   TIME(PS) =       6.800  TEMP(K) =   285.31  PRESS =     0.0
 Etot   =      4214.6576  EKtot   =      2377.8837  EPtot      =      1836.7738
 BOND   =       220.7745  ANGLE   =       850.7451  DIHED      =       752.0169
 1-4 NB =       562.2719  1-4 EEL =      -156.9328  VDWAALS    =      -678.6148
 EELEC  =       282.1396  EHBOND  =         0.0000  RESTRAINT  =         4.3734
 EAMBER (non-restraint)  =      1832.4004
 Ewald error estimate:   0.9588E-04
 ------------------------------------------------------------------------------


 NSTEP =     2800   TIME(PS) =       7.600  TEMP(K) =   282.71  PRESS =     0.0
 Etot   =      4327.5165  EKtot   =      2356.2105  EPtot      =      1971.3061
 BOND   =       245.4278  ANGLE   =       944.8583  DIHED      =       763.1169
 1-4 NB =       559.8205  1-4 EEL =      -157.5272  VDWAALS    =      -672.9645
 EELEC  =       281.2745  EHBOND  =         0.0000  RESTRAINT  =         7.2998
 EAMBER (non-restraint)  =      1964.0063
 Ewald error estimate:   0.1431E-03
 ------------------------------------------------------------------------------


 NSTEP =     3200   TIME(PS) =       8.400  TEMP(K) =   284.96  PRESS =     0.0
 Etot   =      4427.0962  EKtot   =      2374.9025  EPtot      =      2052.1938
 BOND   =       254.9694  ANGLE   =       991.6018  DIHED      =       777.9909
 1-4 NB =       567.5829  1-4 EEL =      -156.1036  VDWAALS    =      -671.0283
 EELEC  =       280.9722  EHBOND  =         0.0000  RESTRAINT  =         6.2085
 EAMBER (non-restraint)  =      2045.9853
 Ewald error estimate:   0.3212E-05
 ------------------------------------------------------------------------------


 NSTEP =     3600   TIME(PS) =       9.200  TEMP(K) =   282.95  PRESS =     0.0
 Etot   =      4520.7712  EKtot   =      2358.1837  EPtot      =      2162.5875
 BOND   =       272.9031  ANGLE   =      1081.0226  DIHED      =       793.2411
 1-4 NB =       575.6439  1-4 EEL =      -155.3977  VDWAALS    =      -693.9341
 EELEC  =       281.2434  EHBOND  =         0.0000  RESTRAINT  =         7.8653
 EAMBER (non-restraint)  =      2154.7222
 Ewald error estimate:   0.2476E-03
 ------------------------------------------------------------------------------


 NSTEP =     4000   TIME(PS) =      10.000  TEMP(K) =   289.57  PRESS =     0.0
 Etot   =      4585.2123  EKtot   =      2413.3418  EPtot      =      2171.8705
 BOND   =       294.2049  ANGLE   =      1107.0279  DIHED      =       771.9786
 1-4 NB =       568.0863  1-4 EEL =      -158.8669  VDWAALS    =      -701.2649
 EELEC  =       283.1693  EHBOND  =         0.0000  RESTRAINT  =         7.5352
 EAMBER (non-restraint)  =      2164.3353
 Ewald error estimate:   0.1347E-03
 ------------------------------------------------------------------------------


      A V E R A G E S   O V E R    4000 S T E P S


 NSTEP =     4000   TIME(PS) =      10.000  TEMP(K) =   263.07  PRESS =     0.0
 Etot   =      3885.0327  EKtot   =      2192.5334  EPtot      =      1692.4993
 BOND   =       190.0010  ANGLE   =       750.1724  DIHED      =       748.2817
 1-4 NB =       545.2029  1-4 EEL =      -156.7588  VDWAALS    =      -672.3093
 EELEC  =       281.5411  EHBOND  =         0.0000  RESTRAINT  =         6.3683
 EAMBER (non-restraint)  =      1686.1310
 Ewald error estimate:   0.1378E-03
 ------------------------------------------------------------------------------


      R M S  F L U C T U A T I O N S


 NSTEP =     4000   TIME(PS) =      10.000  TEMP(K) =    31.11  PRESS =     0.0
 Etot   =       619.1087  EKtot   =       259.2406  EPtot      =       368.5934
 BOND   =        64.4705  ANGLE   =       258.1674  DIHED      =        38.0793
 1-4 NB =        21.1169  1-4 EEL =         1.4683  VDWAALS    =        19.8830
 EELEC  =         0.9201  EHBOND  =         0.0000  RESTRAINT  =         1.8431
 EAMBER (non-restraint)  =       366.7503
 Ewald error estimate:   0.8782E-04
 ------------------------------------------------------------------------------


--------------------------------------------------------------------------------
   5.  TIMINGS
--------------------------------------------------------------------------------

|    Read coords time           0.01 ( 0.01% of Total)
|                Build the list             3.55 (97.48% of List )
|                Other                      0.09 ( 2.52% of List )
|             List time                  3.64 ( 5.76% of Nonbo)
|                   Short_ene time            34.97 (98.33% of Direc)
|                   Other                      0.60 ( 1.67% of Direc)
|                Direct Ewald time         35.57 (59.62% of Ewald)
|                Adjust Ewald time          2.80 ( 4.69% of Ewald)
|                Self Ewald time            0.01 ( 0.01% of Ewald)
|                   Fill Bspline coeffs        0.59 ( 3.01% of Recip)
|                   Fill charge grid           1.69 ( 8.55% of Recip)
|                   Scalar sum                 4.38 (22.18% of Recip)
|                   Grad sum                   3.33 (16.87% of Recip)
|                   FFT time                   9.74 (49.36% of Recip)
|                   Other                      0.01 ( 0.03% of Recip)
|                Recip Ewald time          19.74 (33.09% of Ewald)
|                Force Adjust               0.01 ( 0.02% of Ewald)
|                Virial junk                0.07 ( 0.12% of Ewald)
|                Other                      1.46 ( 2.45% of Ewald)
|             Ewald time                59.65 (94.22% of Nonbo)
|             Other                      0.01 ( 0.02% of Nonbo)
|          Nonbond force             63.31 (83.81% of Force)
|          Bond/Angle/Dihedral       12.21 (16.16% of Force)
|          Other                      0.03 ( 0.03% of Force)
|       Force time                75.54 (98.69% of Runmd)
|       Shake time                 0.54 ( 0.70% of Runmd)
|       Verlet update time         0.39 ( 0.52% of Runmd)
|       Other                      0.08 ( 0.10% of Runmd)
|    Runmd Time                76.55 (100.0% of Total)
|    Other                      0.05 ( 0.07% of Total)
| Total time                76.61 (100.0% of ALL  )

| Number of list builds   :        277

| Highest rstack allocated:     271062
| Highest istack allocated:       3592

| Final Performance Info:
| -----------------------------------------------------
| Average timings for all steps:
|     Elapsed(s) =      76.55 Per Step(ms) =      19.14
|         ns/day =       9.03   seconds/ns =    9568.69
| -----------------------------------------------------

|           Job began  at 12:13:50.734  on 03/30/2017
|           Setup done at 12:13:50.794  on 03/30/2017
|           Run   done at 12:15:07.343  on 03/30/2017
|     wallclock() was called  176577 times
