
          -------------------------------------------------------
          Amber 16 SANDER                              2016
          -------------------------------------------------------

| Run on 03/27/2017 at 12:38:09

|   Executable path: sander
| Working directory: /home/steboss/Simulation/logP_standrews/inputfiles/boat/e_2356difluoro/cyclohexane/equilibration
|          Hostname: Unknown
  [-O]verwriting output

File Assignments:
|  MDIN: md00004.in                                                            
| MDOUT: md00004.out                                                           
|INPCRD: md00003.rst7                                                          
|  PARM: solvated.parm7                                                        
|RESTRT: md00004.rst7                                                          
|  REFC: solvated.rst7                                                         
| MDVEL: mdvel                                                                 
| MDFRC: mdfrc                                                                 
|  MDEN: md00004.en                                                            
| MDCRD: md00004.nc                                                            
|MDINFO: md00004.info                                                          
|  MTMD: mtmd                                                                  
|INPDIP: inpdip                                                                
|RSTDIP: rstdip                                                                
|INPTRA: inptraj                                                               


 Here is the input file:

md with sander                                                                 
&cntrl                                                                         
ntxo=1,                                                                        
imin = 0, nstlim = 15000, irest = 1, ntx = 5, dt = 0.002,                      
ntt = 1, temp0 = 298.0, tautp = 1.0,                                           
ntp = 1, pres0 = 1.0, taup = 0.5,                                              
ntb = 2,                                                                       
ntc = 2, ntf = 2,                                                              
ioutfm = 1, iwrap = 1,                                                         
ntwe = 3000, ntwx = 3000, ntpr = 1500,                                         
ntr = 1, restraint_wt = 10.00,                                                 
restraintmask="!:CYC",                                                         
/                                                                              
                                                                               

--------------------------------------------------------------------------------
   1.  RESOURCE   USE: 
--------------------------------------------------------------------------------

| Flags:                                                                        
 getting new box info from bottom of inpcrd
|  INFO: Old style inpcrd file read

| peek_ewald_inpcrd: Box info found
|Largest sphere to fit in unit cell has radius =    19.210
| New format PARM file being parsed.
| Version =    1.000 Date = 03/27/17 Time = 12:35:50
 NATOM  =    5032 NTYPES =       6 NBONH =    3348 MBONA  =    1685
 NTHETH =    8370 MTHETA =    1692 NPHIH =   13411 MPHIA  =    5051
 NHPARM =       0 NPARM  =       0 NNB   =   29634 NRES   =     279
 NBONA  =    1685 NTHETA =    1692 NPHIA =    5051 NUMBND =       7
 NUMANG =      11 NPTRA  =      12 NATYP =       6 NPHB   =       0
 IFBOX  =       1 NMXRS  =      28 IFCAP =       0 NEXTRA =       0
 NCOPY  =       0


|     Memory Use     Allocated
|     Real              439798
|     Hollerith          15377
|     Integer          1066046
|     Max Pairs        1677333
|     nblistReal         60384
|     nblist Int        450337
|       Total            16443 kbytes

| Note: 1-4 EEL scale factors are being read from the topology file.

| Note: 1-4 VDW scale factors are being read from the topology file.
| Duplicated    0 dihedrals
| Duplicated    0 dihedrals

     BOX TYPE: RECTILINEAR

--------------------------------------------------------------------------------
   2.  CONTROL  DATA  FOR  THE  RUN
--------------------------------------------------------------------------------

LIG                                                                             

General flags:
     imin    =       0, nmropt  =       0

Nature and format of input:
     ntx     =       5, irest   =       1, ntrx    =       1

Nature and format of output:
     ntxo    =       1, ntpr    =    1500, ntrx    =       1, ntwr    =   15000
     iwrap   =       1, ntwx    =    3000, ntwv    =       0, ntwe    =    3000
     ioutfm  =       1, ntwprt  =       0, idecomp =       0, rbornstat=      0

Potential function:
     ntf     =       2, ntb     =       2, igb     =       0, nsnb    =      25
     ipol    =       0, gbsa    =       0, iesp    =       0
     dielc   =   1.00000, cut     =   8.00000, intdiel =   1.00000

Frozen or restrained atoms:
     ibelly  =       0, ntr     =       1
     restraint_wt =  10.00000

Molecular dynamics:
     nstlim  =     15000, nscm    =         0, nrespa  =         1
     t       =   0.00000, dt      =   0.00200, vlimit  =  20.00000

Berendsen (weak-coupling) temperature regulation:
     temp0   = 298.00000, tempi   =   0.00000, tautp   =   1.00000

Pressure regulation:
     ntp     =       1
     pres0   =   1.00000, comp    =  44.60000, taup    =   0.50000

SHAKE:
     ntc     =       2, jfastw  =       0
     tol     =   0.00001

Ewald parameters:
     verbose =       0, ew_type =       0, nbflag  =       1, use_pme =       1
     vdwmeth =       1, eedmeth =       1, netfrc  =       1
     Box X =   54.510   Box Y =   50.917   Box Z =   38.420
     Alpha =   90.000   Beta  =   90.000   Gamma =   90.000
     NFFT1 =   54       NFFT2 =   50       NFFT3 =   40
     Cutoff=    8.000   Tol   =0.100E-04
     Ewald Coefficient =  0.34864
     Interpolation order =    4

    LOADING THE CONSTRAINED ATOMS AS GROUPS


   5.  REFERENCE ATOM COORDINATES

  LIG 
     Mask !:CYC; matches    28 atoms

--------------------------------------------------------------------------------
   3.  ATOMIC COORDINATES AND VELOCITIES
--------------------------------------------------------------------------------

LIG                                                                             
 begin time read from input coords =    10.000 ps

 Number of triangulated 3-point waters found:        0

     Sum of charges from parm topology file =   0.00100000
     Forcing neutrality...

--------------------------------------------------------------------------------
   4.  RESULTS
--------------------------------------------------------------------------------

|  # of SOLUTE  degrees of freedom (RNDFP):   11748.
|  # of SOLVENT degrees of freedom (RNDFS):       0.
|  NDFMIN =   11748.     NUM_NOSHAKE =      0     CORRECTED RNDFP =   11748.
|  TOTAL # of degrees of freedom (RNDF) =   11748.
 ---------------------------------------------------
 APPROXIMATING switch and d/dx switch using CUBIC SPLINE INTERPOLATION
 using   5000.0 points per unit in tabled values
 TESTING RELATIVE ERROR over r ranging from 0.0 to cutoff
| CHECK switch(x): max rel err =   0.2738E-14   at   2.422500
| CHECK d/dx switch(x): max rel err =   0.8332E-11   at   2.782960
 ---------------------------------------------------
| Local SIZE OF NONBOND LIST =     477032
| TOTAL SIZE OF NONBOND LIST =     477032

 NSTEP =     1500   TIME(PS) =      13.000  TEMP(K) =   292.50  PRESS =   100.5
 Etot   =      6605.2220  EKtot   =      3414.2894  EPtot      =      3190.9326
 BOND   =       446.7235  ANGLE   =      1680.0362  DIHED      =      1056.9420
 1-4 NB =       787.1432  1-4 EEL =      -220.8998  VDWAALS    =      -949.1975
 EELEC  =       385.8482  EHBOND  =         0.0000  RESTRAINT  =         4.3370
 EAMBER (non-restraint)  =      3186.5956
 EKCMT  =       517.3094  VIRIAL  =       274.9427  VOLUME     =    111682.0799
                                                    Density    =         0.3513
 Ewald error estimate:   0.1734E-03
 ------------------------------------------------------------------------------


 NSTEP =     3000   TIME(PS) =      16.000  TEMP(K) =   294.16  PRESS =   -47.4
 Etot   =      6774.9160  EKtot   =      3433.7162  EPtot      =      3341.1997
 BOND   =       449.4822  ANGLE   =      1835.0973  DIHED      =      1079.7546
 1-4 NB =       786.8544  1-4 EEL =      -219.5295  VDWAALS    =      -980.9409
 EELEC  =       385.0631  EHBOND  =         0.0000  RESTRAINT  =         5.4185
 EAMBER (non-restraint)  =      3335.7813
 EKCMT  =       486.7175  VIRIAL  =       603.2556  VOLUME     =    113832.1336
                                                    Density    =         0.3447
 Ewald error estimate:   0.7961E-04
 ------------------------------------------------------------------------------


 NSTEP =     4500   TIME(PS) =      19.000  TEMP(K) =   295.70  PRESS =   -16.7
 Etot   =      6903.6421  EKtot   =      3451.6640  EPtot      =      3451.9781
 BOND   =       463.2326  ANGLE   =      1924.8291  DIHED      =      1069.7133
 1-4 NB =       779.7821  1-4 EEL =      -217.9029  VDWAALS    =      -958.2374
 EELEC  =       383.9346  EHBOND  =         0.0000  RESTRAINT  =         6.6266
 EAMBER (non-restraint)  =      3445.3515
 EKCMT  =       422.5771  VIRIAL  =       463.7084  VOLUME     =    114350.8804
                                                    Density    =         0.3431
 Ewald error estimate:   0.1393E-03
 ------------------------------------------------------------------------------


 NSTEP =     6000   TIME(PS) =      22.000  TEMP(K) =   292.59  PRESS =   -82.3
 Etot   =      6958.6347  EKtot   =      3415.3092  EPtot      =      3543.3255
 BOND   =       474.4962  ANGLE   =      2068.9304  DIHED      =      1060.8437
 1-4 NB =       786.1834  1-4 EEL =      -219.7060  VDWAALS    =     -1019.3109
 EELEC  =       385.2851  EHBOND  =         0.0000  RESTRAINT  =         6.6035
 EAMBER (non-restraint)  =      3536.7220
 EKCMT  =       392.7257  VIRIAL  =       593.6068  VOLUME     =    113057.4374
                                                    Density    =         0.3470
 Ewald error estimate:   0.1116E-03
 ------------------------------------------------------------------------------


 NSTEP =     7500   TIME(PS) =      25.000  TEMP(K) =   295.13  PRESS =  -128.7
 Etot   =      6984.7294  EKtot   =      3445.0197  EPtot      =      3539.7096
 BOND   =       493.4599  ANGLE   =      2083.0758  DIHED      =      1045.3655
 1-4 NB =       782.5802  1-4 EEL =      -218.8520  VDWAALS    =     -1038.8403
 EELEC  =       384.9806  EHBOND  =         0.0000  RESTRAINT  =         7.9399
 EAMBER (non-restraint)  =      3531.7697
 EKCMT  =       376.9216  VIRIAL  =       686.4115  VOLUME     =    111398.8776
                                                    Density    =         0.3522
 Ewald error estimate:   0.1843E-03
 ------------------------------------------------------------------------------


 NSTEP =     9000   TIME(PS) =      28.000  TEMP(K) =   300.67  PRESS =  -117.8
 Etot   =      7002.4179  EKtot   =      3509.6120  EPtot      =      3492.8059
 BOND   =       512.2308  ANGLE   =      2071.5793  DIHED      =      1035.7989
 1-4 NB =       757.4534  1-4 EEL =      -218.5162  VDWAALS    =     -1059.0378
 EELEC  =       385.0858  EHBOND  =         0.0000  RESTRAINT  =         8.2117
 EAMBER (non-restraint)  =      3484.5942
 EKCMT  =       336.6323  VIRIAL  =       613.7394  VOLUME     =    108952.3075
                                                    Density    =         0.3601
 Ewald error estimate:   0.2026E-03
 ------------------------------------------------------------------------------


 NSTEP =    10500   TIME(PS) =      31.000  TEMP(K) =   297.73  PRESS =  -111.2
 Etot   =      6965.8060  EKtot   =      3475.3456  EPtot      =      3490.4604
 BOND   =       501.0125  ANGLE   =      2118.7853  DIHED      =      1051.2512
 1-4 NB =       780.2036  1-4 EEL =      -218.6905  VDWAALS    =     -1134.2644
 EELEC  =       385.2876  EHBOND  =         0.0000  RESTRAINT  =         6.8751
 EAMBER (non-restraint)  =      3483.5853
 EKCMT  =       355.6086  VIRIAL  =       611.5949  VOLUME     =    106611.4034
                                                    Density    =         0.3680
 Ewald error estimate:   0.3874E-03
 ------------------------------------------------------------------------------


 NSTEP =    12000   TIME(PS) =      34.000  TEMP(K) =   297.67  PRESS =  -153.8
 Etot   =      6979.4104  EKtot   =      3474.6423  EPtot      =      3504.7680
 BOND   =       476.3904  ANGLE   =      2177.6524  DIHED      =      1036.7078
 1-4 NB =       799.9884  1-4 EEL =      -220.7423  VDWAALS    =     -1160.6757
 EELEC  =       386.2361  EHBOND  =         0.0000  RESTRAINT  =         9.2110
 EAMBER (non-restraint)  =      3495.5570
 EKCMT  =       315.3420  VIRIAL  =       659.8146  VOLUME     =    103702.4387
                                                    Density    =         0.3783
 Ewald error estimate:   0.2199E-03
 ------------------------------------------------------------------------------


 NSTEP =    13500   TIME(PS) =      37.000  TEMP(K) =   298.93  PRESS =   -95.4
 Etot   =      6955.9461  EKtot   =      3489.3871  EPtot      =      3466.5590
 BOND   =       504.4338  ANGLE   =      2181.5102  DIHED      =      1034.3843
 1-4 NB =       783.4868  1-4 EEL =      -220.9657  VDWAALS    =     -1209.6137
 EELEC  =       386.6977  EHBOND  =         0.0000  RESTRAINT  =         6.6255
 EAMBER (non-restraint)  =      3459.9334
 EKCMT  =       317.1621  VIRIAL  =       522.2779  VOLUME     =     99529.3821
                                                    Density    =         0.3942
 Ewald error estimate:   0.3124E-03
 ------------------------------------------------------------------------------


 NSTEP =    15000   TIME(PS) =      40.000  TEMP(K) =   299.47  PRESS =     0.8
 Etot   =      6904.9664  EKtot   =      3495.6919  EPtot      =      3409.2745
 BOND   =       524.8622  ANGLE   =      2171.0271  DIHED      =      1024.5254
 1-4 NB =       795.1293  1-4 EEL =      -222.0398  VDWAALS    =     -1276.2802
 EELEC  =       386.7622  EHBOND  =         0.0000  RESTRAINT  =         5.2883
 EAMBER (non-restraint)  =      3403.9862
 EKCMT  =       321.5586  VIRIAL  =       319.9807  VOLUME     =     94402.2927
                                                    Density    =         0.4156
 Ewald error estimate:   0.3724E-03
 ------------------------------------------------------------------------------


      A V E R A G E S   O V E R   15000 S T E P S


 NSTEP =    15000   TIME(PS) =      40.000  TEMP(K) =   296.10  PRESS =   -44.5
 Etot   =      6879.2601  EKtot   =      3456.3018  EPtot      =      3422.9583
 BOND   =       476.1556  ANGLE   =      2002.4170  DIHED      =      1050.9048
 1-4 NB =       783.9252  1-4 EEL =      -219.5267  VDWAALS    =     -1062.7676
 EELEC  =       385.3284  EHBOND  =         0.0000  RESTRAINT  =         6.5218
 EAMBER (non-restraint)  =      3416.4366
 EKCMT  =       405.2566  VIRIAL  =       501.6049  VOLUME     =    108487.1178
                                                    Density    =         0.3626
 Ewald error estimate:   0.2032E-03
 ------------------------------------------------------------------------------


      R M S  F L U C T U A T I O N S


 NSTEP =    15000   TIME(PS) =      40.000  TEMP(K) =     3.53  PRESS =   129.0
 Etot   =       157.6366  EKtot   =        41.2192  EPtot      =       134.9579
 BOND   =        37.0026  ANGLE   =       180.6714  DIHED      =        14.6273
 1-4 NB =         9.1209  1-4 EEL =         1.2719  VDWAALS    =        99.5688
 EELEC  =         0.7575  EHBOND  =         0.0000  RESTRAINT  =         1.5306
 EAMBER (non-restraint)  =       133.4272
 EKCMT  =        79.2018  VIRIAL  =       237.6007  VOLUME     =      5503.3150
                                                    Density    =         0.0193
 Ewald error estimate:   0.9035E-04
 ------------------------------------------------------------------------------


--------------------------------------------------------------------------------
   5.  TIMINGS
--------------------------------------------------------------------------------

|                Build the list            15.37 (97.53% of List )
|                Other                      0.39 ( 2.47% of List )
|             List time                 15.76 ( 4.54% of Nonbo)
|                   Short_ene time           199.56 (98.28% of Direc)
|                   Other                      3.50 ( 1.72% of Direc)
|                Direct Ewald time        203.06 (61.26% of Ewald)
|                Adjust Ewald time         15.05 ( 4.54% of Ewald)
|                Self Ewald time            0.02 ( 0.01% of Ewald)
|                   Fill Bspline coeffs        3.35 ( 3.18% of Recip)
|                   Fill charge grid           9.19 ( 8.73% of Recip)
|                   Scalar sum                23.23 (22.07% of Recip)
|                   Grad sum                  17.80 (16.91% of Recip)
|                   FFT time                  51.65 (49.08% of Recip)
|                   Other                      0.03 ( 0.02% of Recip)
|                Recip Ewald time         105.24 (31.75% of Ewald)
|                Force Adjust               0.07 ( 0.02% of Ewald)
|                Virial junk                0.35 ( 0.11% of Ewald)
|                Other                      7.66 ( 2.31% of Ewald)
|             Ewald time               331.47 (95.44% of Nonbo)
|             Other                      0.05 ( 0.02% of Nonbo)
|          Nonbond force            347.29 (83.94% of Force)
|          Bond/Angle/Dihedral       66.27 (16.02% of Force)
|          Other                      0.20 ( 0.05% of Force)
|       Force time               413.76 (98.42% of Runmd)
|       Shake time                 3.02 ( 0.72% of Runmd)
|       Verlet update time         2.65 ( 0.63% of Runmd)
|       Ekcmr time                 0.35 ( 0.08% of Runmd)
|       Other                      0.63 ( 0.15% of Runmd)
|    Runmd Time               420.40 (100.0% of Total)
|    Other                      0.07 ( 0.02% of Total)
| Total time               420.48 (100.0% of ALL  )

| Number of list builds   :        861

| Highest rstack allocated:     375742
| Highest istack allocated:       5032

| Final Performance Info:
| -----------------------------------------------------
| Average timings for all steps:
|     Elapsed(s) =     420.40 Per Step(ms) =      28.03
|         ns/day =       6.17   seconds/ns =   14013.32
| -----------------------------------------------------

|           Job began  at 12:38:09.224  on 03/27/2017
|           Setup done at 12:38:09.305  on 03/27/2017
|           Run   done at 12:45:09.705  on 03/27/2017
|     wallclock() was called  691745 times
