
          -------------------------------------------------------
          Amber 16 SANDER                              2016
          -------------------------------------------------------

| Run on 03/27/2017 at 12:35:50

|   Executable path: sander
| Working directory: /home/steboss/Simulation/logP_standrews/inputfiles/boat/e_2356difluoro/cyclohexane/equilibration
|          Hostname: Unknown
  [-O]verwriting output

File Assignments:
|  MDIN: min00001.in                                                           
| MDOUT: min00001.out                                                          
|INPCRD: solvated.rst7                                                         
|  PARM: solvated.parm7                                                        
|RESTRT: min00001.rst7                                                         
|  REFC: solvated.rst7                                                         
| MDVEL: mdvel                                                                 
| MDFRC: mdfrc                                                                 
|  MDEN: min00001.en                                                           
| MDCRD: min00001.nc                                                           
|MDINFO: min00001.info                                                         
|  MTMD: mtmd                                                                  
|INPDIP: inpdip                                                                
|RSTDIP: rstdip                                                                
|INPTRA: inptraj                                                               


 Here is the input file:

                                                                               
Minimise whole system                                                          
&cntrl                                                                         
ntxo=1,                                                                        
imin = 1, ntmin = 1,                                                           
maxcyc = 100, ncyc = 10,                                                       
ntpr = 20, ntwe = 20,                                                          
dx0 = 1.0D-7,                                                                  
ntb = 1,                                                                       
ntr = 1, restraint_wt = 10.00,                                                 
restraintmask="!:CYC",                                                         
/                                                                              

--------------------------------------------------------------------------------
   1.  RESOURCE   USE: 
--------------------------------------------------------------------------------

| Flags:                                                                        
 getting new box info from bottom of inpcrd
|  INFO: Old style inpcrd file read

| peek_ewald_inpcrd: Box info found
|Largest sphere to fit in unit cell has radius =    19.210
| New format PARM file being parsed.
| Version =    1.000 Date = 03/27/17 Time = 12:35:50
 NATOM  =    5032 NTYPES =       6 NBONH =    3348 MBONA  =    1685
 NTHETH =    8370 MTHETA =    1692 NPHIH =   13411 MPHIA  =    5051
 NHPARM =       0 NPARM  =       0 NNB   =   29634 NRES   =     279
 NBONA  =    1685 NTHETA =    1692 NPHIA =    5051 NUMBND =       7
 NUMANG =      11 NPTRA  =      12 NATYP =       6 NPHB   =       0
 IFBOX  =       1 NMXRS  =      28 IFCAP =       0 NEXTRA =       0
 NCOPY  =       0


|     Memory Use     Allocated
|     Real              500382
|     Hollerith          15377
|     Integer          1066046
|     Max Pairs        1677333
|     nblistReal         60384
|     nblist Int        450337
|       Total            16916 kbytes

| Note: 1-4 EEL scale factors are being read from the topology file.

| Note: 1-4 VDW scale factors are being read from the topology file.
| Duplicated    0 dihedrals
| Duplicated    0 dihedrals

     BOX TYPE: RECTILINEAR

--------------------------------------------------------------------------------
   2.  CONTROL  DATA  FOR  THE  RUN
--------------------------------------------------------------------------------

LIG                                                                             

General flags:
     imin    =       1, nmropt  =       0

Nature and format of input:
     ntx     =       1, irest   =       0, ntrx    =       1

Nature and format of output:
     ntxo    =       1, ntpr    =      20, ntrx    =       1, ntwr    =       1
     iwrap   =       0, ntwx    =       0, ntwv    =       0, ntwe    =      20
     ioutfm  =       1, ntwprt  =       0, idecomp =       0, rbornstat=      0

Potential function:
     ntf     =       1, ntb     =       1, igb     =       0, nsnb    =      25
     ipol    =       0, gbsa    =       0, iesp    =       0
     dielc   =   1.00000, cut     =   8.00000, intdiel =   1.00000

Frozen or restrained atoms:
     ibelly  =       0, ntr     =       1
     restraint_wt =  10.00000

Energy minimization:
     maxcyc  =     100, ncyc    =      10, ntmin   =       1
     dx0     =   0.00000, drms    =   0.00010

Ewald parameters:
     verbose =       0, ew_type =       0, nbflag  =       1, use_pme =       1
     vdwmeth =       1, eedmeth =       1, netfrc  =       0
     Box X =   54.510   Box Y =   50.917   Box Z =   38.420
     Alpha =   90.000   Beta  =   90.000   Gamma =   90.000
     NFFT1 =   54       NFFT2 =   50       NFFT3 =   40
     Cutoff=    8.000   Tol   =0.100E-04
     Ewald Coefficient =  0.34864
     Interpolation order =    4

    LOADING THE CONSTRAINED ATOMS AS GROUPS


   5.  REFERENCE ATOM COORDINATES

  LIG 
     Mask !:CYC; matches    28 atoms

--------------------------------------------------------------------------------
   3.  ATOMIC COORDINATES AND VELOCITIES
--------------------------------------------------------------------------------

LIG                                                                             
 begin time read from input coords =     0.000 ps

 Number of triangulated 3-point waters found:        0

     Sum of charges from parm topology file =   0.00100000
     Forcing neutrality...

--------------------------------------------------------------------------------
   4.  RESULTS
--------------------------------------------------------------------------------

 ---------------------------------------------------
 APPROXIMATING switch and d/dx switch using CUBIC SPLINE INTERPOLATION
 using   5000.0 points per unit in tabled values
 TESTING RELATIVE ERROR over r ranging from 0.0 to cutoff
| CHECK switch(x): max rel err =   0.2738E-14   at   2.422500
| CHECK d/dx switch(x): max rel err =   0.8332E-11   at   2.782960
 ---------------------------------------------------
| Local SIZE OF NONBOND LIST =     491063
| TOTAL SIZE OF NONBOND LIST =     491063


   NSTEP       ENERGY          RMS            GMAX         NAME    NUMBER
      1       1.1035E+03     2.4651E+00     4.5062E+01     H4         27

 BOND    =       31.6542  ANGLE   =       33.5354  DIHED      =      780.7112
 VDWAALS =     -734.3897  EEL     =      397.0957  HBOND      =        0.0000
 1-4 VDW =      833.1614  1-4 EEL =     -238.3125  RESTRAINT  =        0.0000


   NSTEP       ENERGY          RMS            GMAX         NAME    NUMBER
     20       9.6189E+02     1.2841E+00     4.7280E+01     C12        16

 BOND    =       38.7412  ANGLE   =       34.9142  DIHED      =      771.6641
 VDWAALS =     -749.6879  EEL     =      393.9975  HBOND      =        0.0000
 1-4 VDW =      706.7894  1-4 EEL =     -235.3526  RESTRAINT  =        0.8270
 EAMBER  =      961.0659


   NSTEP       ENERGY          RMS            GMAX         NAME    NUMBER
     40       9.3453E+02     5.3511E-01     2.4223E+01     C11        15

 BOND    =       36.8972  ANGLE   =       21.1267  DIHED      =      786.2621
 VDWAALS =     -755.2760  EEL     =      391.1834  HBOND      =        0.0000
 1-4 VDW =      683.2091  1-4 EEL =     -230.3192  RESTRAINT  =        1.4463
 EAMBER  =      933.0834


   NSTEP       ENERGY          RMS            GMAX         NAME    NUMBER
     60       9.2598E+02     1.0863E-01     3.4523E+00     C8         12

 BOND    =       37.6223  ANGLE   =       28.8463  DIHED      =      795.8122
 VDWAALS =     -759.3592  EEL     =      388.5921  HBOND      =        0.0000
 1-4 VDW =      658.8032  1-4 EEL =     -225.9614  RESTRAINT  =        1.6293
 EAMBER  =      924.3553


   NSTEP       ENERGY          RMS            GMAX         NAME    NUMBER
     80       9.2932E+02     6.1286E-01     1.9043E+01     C6          6

 BOND    =       51.7754  ANGLE   =       23.1780  DIHED      =      797.6171
 VDWAALS =     -759.4296  EEL     =      388.5728  HBOND      =        0.0000
 1-4 VDW =      652.2084  1-4 EEL =     -226.1475  RESTRAINT  =        1.5463
 EAMBER  =      927.7746


   NSTEP       ENERGY          RMS            GMAX         NAME    NUMBER
    100       9.2482E+02     4.5132E-02     1.0983E+00     C6          6

 BOND    =       39.0822  ANGLE   =       28.3118  DIHED      =      795.2931
 VDWAALS =     -759.5337  EEL     =      388.5753  HBOND      =        0.0000
 1-4 VDW =      657.5329  1-4 EEL =     -225.9224  RESTRAINT  =        1.4779
 EAMBER  =      923.3391


  Maximum number of minimization cycles reached.


                    FINAL RESULTS



   NSTEP       ENERGY          RMS            GMAX         NAME    NUMBER
    100       9.2482E+02     4.5132E-02     1.0983E+00     C6          6

 BOND    =       39.0822  ANGLE   =       28.3118  DIHED      =      795.2931
 VDWAALS =     -759.5337  EEL     =      388.5753  HBOND      =        0.0000
 1-4 VDW =      657.5329  1-4 EEL =     -225.9224  RESTRAINT  =        1.4779
 EAMBER  =      923.3391

--------------------------------------------------------------------------------
   5.  TIMINGS
--------------------------------------------------------------------------------

|    Read coords time           0.00 ( 0.10% of Total)
|                Build the list             0.02 (54.22% of List )
|                Other                      0.01 (45.78% of List )
|             List time                  0.03 ( 1.41% of Nonbo)
|                   Short_ene time             1.07 (97.97% of Direc)
|                   Other                      0.02 ( 2.03% of Direc)
|                Direct Ewald time          1.10 (55.73% of Ewald)
|                Adjust Ewald time          0.10 ( 5.05% of Ewald)
|                Self Ewald time            0.00 ( 0.01% of Ewald)
|                   Fill Bspline coeffs        0.02 ( 3.08% of Recip)
|                   Fill charge grid           0.06 ( 8.85% of Recip)
|                   Scalar sum                 0.16 (22.02% of Recip)
|                   Grad sum                   0.12 (17.12% of Recip)
|                   FFT time                   0.35 (48.91% of Recip)
|                   Other                      0.00 ( 0.03% of Recip)
|                Recip Ewald time           0.72 (36.42% of Ewald)
|                Virial junk                0.00 ( 0.13% of Ewald)
|                Other                      0.05 ( 2.66% of Ewald)
|             Ewald time                 1.97 (98.57% of Nonbo)
|             Other                      0.00 ( 0.02% of Nonbo)
|          Nonbond force              2.00 (82.10% of Force)
|          Bond/Angle/Dihedral        0.43 (17.84% of Force)
|          Other                      0.00 ( 0.06% of Force)
|       Force time                 2.43 (100.0% of Runmd)
|    Runmd Time                 2.43 (70.94% of Total)
|    Other                      0.99 (28.96% of Total)
| Total time                 3.43 (100.0% of ALL  )

| Number of list builds   :          1

| Highest rstack allocated:     375742
| Highest istack allocated:       5032
|           Job began  at 12:35:50.955  on 03/27/2017
|           Setup done at 12:35:51.027  on 03/27/2017
|           Run   done at 12:35:54.381  on 03/27/2017
|     wallclock() was called    3850 times
